[2022-10-06T00:38:34.970+0000] {processor.py:156} INFO - Started process (PID=48) to work on /home/airflow/.local/lib/python3.7/site-packages/airflow/example_dags/example_task_group_decorator.py
[2022-10-06T00:38:34.970+0000] {processor.py:758} INFO - Processing file /home/airflow/.local/lib/python3.7/site-packages/airflow/example_dags/example_task_group_decorator.py for tasks to queue
[2022-10-06T00:38:34.971+0000] {logging_mixin.py:117} INFO - [2022-10-06T00:38:34.971+0000] {dagbag.py:525} INFO - Filling up the DagBag from /home/airflow/.local/lib/python3.7/site-packages/airflow/example_dags/example_task_group_decorator.py
[2022-10-06T00:38:34.997+0000] {processor.py:768} INFO - DAG(s) dict_keys(['example_task_group_decorator']) retrieved from /home/airflow/.local/lib/python3.7/site-packages/airflow/example_dags/example_task_group_decorator.py
[2022-10-06T00:38:35.149+0000] {logging_mixin.py:117} INFO - [2022-10-06T00:38:35.149+0000] {dag.py:2573} INFO - Sync 1 DAGs
[2022-10-06T00:38:35.172+0000] {logging_mixin.py:117} INFO - [2022-10-06T00:38:35.172+0000] {dag.py:3328} INFO - Setting next_dagrun for example_task_group_decorator to 2022-10-05T00:38:35.171928+00:00, run_after=2022-10-06T00:38:35.171928+00:00
[2022-10-06T00:38:35.189+0000] {processor.py:178} INFO - Processing /home/airflow/.local/lib/python3.7/site-packages/airflow/example_dags/example_task_group_decorator.py took 0.221 seconds
[2022-10-06T00:39:05.828+0000] {processor.py:156} INFO - Started process (PID=112) to work on /home/airflow/.local/lib/python3.7/site-packages/airflow/example_dags/example_task_group_decorator.py
[2022-10-06T00:39:05.829+0000] {processor.py:758} INFO - Processing file /home/airflow/.local/lib/python3.7/site-packages/airflow/example_dags/example_task_group_decorator.py for tasks to queue
[2022-10-06T00:39:05.829+0000] {logging_mixin.py:117} INFO - [2022-10-06T00:39:05.829+0000] {dagbag.py:525} INFO - Filling up the DagBag from /home/airflow/.local/lib/python3.7/site-packages/airflow/example_dags/example_task_group_decorator.py
[2022-10-06T00:39:05.948+0000] {processor.py:768} INFO - DAG(s) dict_keys(['example_task_group_decorator']) retrieved from /home/airflow/.local/lib/python3.7/site-packages/airflow/example_dags/example_task_group_decorator.py
[2022-10-06T00:39:05.963+0000] {logging_mixin.py:117} INFO - [2022-10-06T00:39:05.963+0000] {dag.py:2573} INFO - Sync 1 DAGs
[2022-10-06T00:39:05.979+0000] {logging_mixin.py:117} INFO - [2022-10-06T00:39:05.979+0000] {dag.py:3328} INFO - Setting next_dagrun for example_task_group_decorator to 2022-10-05T00:39:05.979558+00:00, run_after=2022-10-06T00:39:05.979558+00:00
[2022-10-06T00:39:05.993+0000] {processor.py:178} INFO - Processing /home/airflow/.local/lib/python3.7/site-packages/airflow/example_dags/example_task_group_decorator.py took 0.166 seconds
[2022-10-06T00:39:36.604+0000] {processor.py:156} INFO - Started process (PID=177) to work on /home/airflow/.local/lib/python3.7/site-packages/airflow/example_dags/example_task_group_decorator.py
[2022-10-06T00:39:36.604+0000] {processor.py:758} INFO - Processing file /home/airflow/.local/lib/python3.7/site-packages/airflow/example_dags/example_task_group_decorator.py for tasks to queue
[2022-10-06T00:39:36.604+0000] {logging_mixin.py:117} INFO - [2022-10-06T00:39:36.604+0000] {dagbag.py:525} INFO - Filling up the DagBag from /home/airflow/.local/lib/python3.7/site-packages/airflow/example_dags/example_task_group_decorator.py
[2022-10-06T00:39:36.714+0000] {processor.py:768} INFO - DAG(s) dict_keys(['example_task_group_decorator']) retrieved from /home/airflow/.local/lib/python3.7/site-packages/airflow/example_dags/example_task_group_decorator.py
[2022-10-06T00:39:36.737+0000] {logging_mixin.py:117} INFO - [2022-10-06T00:39:36.737+0000] {dag.py:2573} INFO - Sync 1 DAGs
[2022-10-06T00:39:36.754+0000] {logging_mixin.py:117} INFO - [2022-10-06T00:39:36.754+0000] {dag.py:3328} INFO - Setting next_dagrun for example_task_group_decorator to 2022-10-05T00:39:36.754125+00:00, run_after=2022-10-06T00:39:36.754125+00:00
[2022-10-06T00:39:36.766+0000] {processor.py:178} INFO - Processing /home/airflow/.local/lib/python3.7/site-packages/airflow/example_dags/example_task_group_decorator.py took 0.164 seconds
[2022-10-06T00:40:06.908+0000] {processor.py:156} INFO - Started process (PID=232) to work on /home/airflow/.local/lib/python3.7/site-packages/airflow/example_dags/example_task_group_decorator.py
[2022-10-06T00:40:06.909+0000] {processor.py:758} INFO - Processing file /home/airflow/.local/lib/python3.7/site-packages/airflow/example_dags/example_task_group_decorator.py for tasks to queue
[2022-10-06T00:40:06.909+0000] {logging_mixin.py:117} INFO - [2022-10-06T00:40:06.909+0000] {dagbag.py:525} INFO - Filling up the DagBag from /home/airflow/.local/lib/python3.7/site-packages/airflow/example_dags/example_task_group_decorator.py
[2022-10-06T00:40:06.934+0000] {processor.py:768} INFO - DAG(s) dict_keys(['example_task_group_decorator']) retrieved from /home/airflow/.local/lib/python3.7/site-packages/airflow/example_dags/example_task_group_decorator.py
[2022-10-06T00:40:06.964+0000] {logging_mixin.py:117} INFO - [2022-10-06T00:40:06.964+0000] {dag.py:2573} INFO - Sync 1 DAGs
[2022-10-06T00:40:06.990+0000] {logging_mixin.py:117} INFO - [2022-10-06T00:40:06.990+0000] {dag.py:3328} INFO - Setting next_dagrun for example_task_group_decorator to 2022-10-05T00:40:06.990355+00:00, run_after=2022-10-06T00:40:06.990355+00:00
[2022-10-06T00:40:07.007+0000] {processor.py:178} INFO - Processing /home/airflow/.local/lib/python3.7/site-packages/airflow/example_dags/example_task_group_decorator.py took 0.101 seconds
[2022-10-06T00:40:37.876+0000] {processor.py:156} INFO - Started process (PID=296) to work on /home/airflow/.local/lib/python3.7/site-packages/airflow/example_dags/example_task_group_decorator.py
[2022-10-06T00:40:37.877+0000] {processor.py:758} INFO - Processing file /home/airflow/.local/lib/python3.7/site-packages/airflow/example_dags/example_task_group_decorator.py for tasks to queue
[2022-10-06T00:40:37.877+0000] {logging_mixin.py:117} INFO - [2022-10-06T00:40:37.877+0000] {dagbag.py:525} INFO - Filling up the DagBag from /home/airflow/.local/lib/python3.7/site-packages/airflow/example_dags/example_task_group_decorator.py
[2022-10-06T00:40:37.903+0000] {processor.py:768} INFO - DAG(s) dict_keys(['example_task_group_decorator']) retrieved from /home/airflow/.local/lib/python3.7/site-packages/airflow/example_dags/example_task_group_decorator.py
[2022-10-06T00:40:37.929+0000] {logging_mixin.py:117} INFO - [2022-10-06T00:40:37.929+0000] {dag.py:2573} INFO - Sync 1 DAGs
[2022-10-06T00:40:37.947+0000] {logging_mixin.py:117} INFO - [2022-10-06T00:40:37.947+0000] {dag.py:3328} INFO - Setting next_dagrun for example_task_group_decorator to 2022-10-05T00:40:37.946985+00:00, run_after=2022-10-06T00:40:37.946985+00:00
[2022-10-06T00:40:37.961+0000] {processor.py:178} INFO - Processing /home/airflow/.local/lib/python3.7/site-packages/airflow/example_dags/example_task_group_decorator.py took 0.087 seconds
[2022-10-06T00:41:09.000+0000] {processor.py:156} INFO - Started process (PID=360) to work on /home/airflow/.local/lib/python3.7/site-packages/airflow/example_dags/example_task_group_decorator.py
[2022-10-06T00:41:09.000+0000] {processor.py:758} INFO - Processing file /home/airflow/.local/lib/python3.7/site-packages/airflow/example_dags/example_task_group_decorator.py for tasks to queue
[2022-10-06T00:41:09.001+0000] {logging_mixin.py:117} INFO - [2022-10-06T00:41:09.001+0000] {dagbag.py:525} INFO - Filling up the DagBag from /home/airflow/.local/lib/python3.7/site-packages/airflow/example_dags/example_task_group_decorator.py
[2022-10-06T00:41:09.028+0000] {processor.py:768} INFO - DAG(s) dict_keys(['example_task_group_decorator']) retrieved from /home/airflow/.local/lib/python3.7/site-packages/airflow/example_dags/example_task_group_decorator.py
[2022-10-06T00:41:09.058+0000] {logging_mixin.py:117} INFO - [2022-10-06T00:41:09.058+0000] {dag.py:2573} INFO - Sync 1 DAGs
[2022-10-06T00:41:09.079+0000] {logging_mixin.py:117} INFO - [2022-10-06T00:41:09.078+0000] {dag.py:3328} INFO - Setting next_dagrun for example_task_group_decorator to 2022-10-05T00:41:09.078837+00:00, run_after=2022-10-06T00:41:09.078837+00:00
[2022-10-06T00:41:09.094+0000] {processor.py:178} INFO - Processing /home/airflow/.local/lib/python3.7/site-packages/airflow/example_dags/example_task_group_decorator.py took 0.096 seconds
[2022-10-06T00:41:39.968+0000] {processor.py:156} INFO - Started process (PID=424) to work on /home/airflow/.local/lib/python3.7/site-packages/airflow/example_dags/example_task_group_decorator.py
[2022-10-06T00:41:39.968+0000] {processor.py:758} INFO - Processing file /home/airflow/.local/lib/python3.7/site-packages/airflow/example_dags/example_task_group_decorator.py for tasks to queue
[2022-10-06T00:41:39.969+0000] {logging_mixin.py:117} INFO - [2022-10-06T00:41:39.969+0000] {dagbag.py:525} INFO - Filling up the DagBag from /home/airflow/.local/lib/python3.7/site-packages/airflow/example_dags/example_task_group_decorator.py
[2022-10-06T00:41:39.992+0000] {processor.py:768} INFO - DAG(s) dict_keys(['example_task_group_decorator']) retrieved from /home/airflow/.local/lib/python3.7/site-packages/airflow/example_dags/example_task_group_decorator.py
[2022-10-06T00:41:40.024+0000] {logging_mixin.py:117} INFO - [2022-10-06T00:41:40.024+0000] {dag.py:2573} INFO - Sync 1 DAGs
[2022-10-06T00:41:40.042+0000] {logging_mixin.py:117} INFO - [2022-10-06T00:41:40.042+0000] {dag.py:3328} INFO - Setting next_dagrun for example_task_group_decorator to 2022-10-05T00:41:40.042582+00:00, run_after=2022-10-06T00:41:40.042582+00:00
[2022-10-06T00:41:40.057+0000] {processor.py:178} INFO - Processing /home/airflow/.local/lib/python3.7/site-packages/airflow/example_dags/example_task_group_decorator.py took 0.091 seconds
[2022-10-06T00:42:11.069+0000] {processor.py:156} INFO - Started process (PID=488) to work on /home/airflow/.local/lib/python3.7/site-packages/airflow/example_dags/example_task_group_decorator.py
[2022-10-06T00:42:11.070+0000] {processor.py:758} INFO - Processing file /home/airflow/.local/lib/python3.7/site-packages/airflow/example_dags/example_task_group_decorator.py for tasks to queue
[2022-10-06T00:42:11.070+0000] {logging_mixin.py:117} INFO - [2022-10-06T00:42:11.070+0000] {dagbag.py:525} INFO - Filling up the DagBag from /home/airflow/.local/lib/python3.7/site-packages/airflow/example_dags/example_task_group_decorator.py
[2022-10-06T00:42:11.094+0000] {processor.py:768} INFO - DAG(s) dict_keys(['example_task_group_decorator']) retrieved from /home/airflow/.local/lib/python3.7/site-packages/airflow/example_dags/example_task_group_decorator.py
[2022-10-06T00:42:11.124+0000] {logging_mixin.py:117} INFO - [2022-10-06T00:42:11.123+0000] {dag.py:2573} INFO - Sync 1 DAGs
[2022-10-06T00:42:11.141+0000] {logging_mixin.py:117} INFO - [2022-10-06T00:42:11.141+0000] {dag.py:3328} INFO - Setting next_dagrun for example_task_group_decorator to 2022-10-05T00:42:11.141076+00:00, run_after=2022-10-06T00:42:11.141076+00:00
[2022-10-06T00:42:11.154+0000] {processor.py:178} INFO - Processing /home/airflow/.local/lib/python3.7/site-packages/airflow/example_dags/example_task_group_decorator.py took 0.087 seconds
[2022-10-06T00:42:41.348+0000] {processor.py:156} INFO - Started process (PID=543) to work on /home/airflow/.local/lib/python3.7/site-packages/airflow/example_dags/example_task_group_decorator.py
[2022-10-06T00:42:41.348+0000] {processor.py:758} INFO - Processing file /home/airflow/.local/lib/python3.7/site-packages/airflow/example_dags/example_task_group_decorator.py for tasks to queue
[2022-10-06T00:42:41.348+0000] {logging_mixin.py:117} INFO - [2022-10-06T00:42:41.348+0000] {dagbag.py:525} INFO - Filling up the DagBag from /home/airflow/.local/lib/python3.7/site-packages/airflow/example_dags/example_task_group_decorator.py
[2022-10-06T00:42:41.381+0000] {processor.py:768} INFO - DAG(s) dict_keys(['example_task_group_decorator']) retrieved from /home/airflow/.local/lib/python3.7/site-packages/airflow/example_dags/example_task_group_decorator.py
[2022-10-06T00:42:41.453+0000] {logging_mixin.py:117} INFO - [2022-10-06T00:42:41.453+0000] {dag.py:2573} INFO - Sync 1 DAGs
[2022-10-06T00:42:41.470+0000] {logging_mixin.py:117} INFO - [2022-10-06T00:42:41.470+0000] {dag.py:3328} INFO - Setting next_dagrun for example_task_group_decorator to 2022-10-05T00:42:41.470610+00:00, run_after=2022-10-06T00:42:41.470610+00:00
[2022-10-06T00:42:41.484+0000] {processor.py:178} INFO - Processing /home/airflow/.local/lib/python3.7/site-packages/airflow/example_dags/example_task_group_decorator.py took 0.138 seconds
[2022-10-06T00:43:12.324+0000] {processor.py:156} INFO - Started process (PID=607) to work on /home/airflow/.local/lib/python3.7/site-packages/airflow/example_dags/example_task_group_decorator.py
[2022-10-06T00:43:12.325+0000] {processor.py:758} INFO - Processing file /home/airflow/.local/lib/python3.7/site-packages/airflow/example_dags/example_task_group_decorator.py for tasks to queue
[2022-10-06T00:43:12.325+0000] {logging_mixin.py:117} INFO - [2022-10-06T00:43:12.325+0000] {dagbag.py:525} INFO - Filling up the DagBag from /home/airflow/.local/lib/python3.7/site-packages/airflow/example_dags/example_task_group_decorator.py
[2022-10-06T00:43:12.347+0000] {processor.py:768} INFO - DAG(s) dict_keys(['example_task_group_decorator']) retrieved from /home/airflow/.local/lib/python3.7/site-packages/airflow/example_dags/example_task_group_decorator.py
[2022-10-06T00:43:12.380+0000] {logging_mixin.py:117} INFO - [2022-10-06T00:43:12.379+0000] {dag.py:2573} INFO - Sync 1 DAGs
[2022-10-06T00:43:12.399+0000] {logging_mixin.py:117} INFO - [2022-10-06T00:43:12.399+0000] {dag.py:3328} INFO - Setting next_dagrun for example_task_group_decorator to 2022-10-05T00:43:12.398842+00:00, run_after=2022-10-06T00:43:12.398842+00:00
[2022-10-06T00:43:12.413+0000] {processor.py:178} INFO - Processing /home/airflow/.local/lib/python3.7/site-packages/airflow/example_dags/example_task_group_decorator.py took 0.091 seconds
[2022-10-06T00:43:43.409+0000] {processor.py:156} INFO - Started process (PID=671) to work on /home/airflow/.local/lib/python3.7/site-packages/airflow/example_dags/example_task_group_decorator.py
[2022-10-06T00:43:43.409+0000] {processor.py:758} INFO - Processing file /home/airflow/.local/lib/python3.7/site-packages/airflow/example_dags/example_task_group_decorator.py for tasks to queue
[2022-10-06T00:43:43.410+0000] {logging_mixin.py:117} INFO - [2022-10-06T00:43:43.410+0000] {dagbag.py:525} INFO - Filling up the DagBag from /home/airflow/.local/lib/python3.7/site-packages/airflow/example_dags/example_task_group_decorator.py
[2022-10-06T00:43:43.434+0000] {processor.py:768} INFO - DAG(s) dict_keys(['example_task_group_decorator']) retrieved from /home/airflow/.local/lib/python3.7/site-packages/airflow/example_dags/example_task_group_decorator.py
[2022-10-06T00:43:43.462+0000] {logging_mixin.py:117} INFO - [2022-10-06T00:43:43.462+0000] {dag.py:2573} INFO - Sync 1 DAGs
[2022-10-06T00:43:43.479+0000] {logging_mixin.py:117} INFO - [2022-10-06T00:43:43.478+0000] {dag.py:3328} INFO - Setting next_dagrun for example_task_group_decorator to 2022-10-05T00:43:43.478859+00:00, run_after=2022-10-06T00:43:43.478859+00:00
[2022-10-06T00:43:43.492+0000] {processor.py:178} INFO - Processing /home/airflow/.local/lib/python3.7/site-packages/airflow/example_dags/example_task_group_decorator.py took 0.085 seconds
[2022-10-06T00:44:14.461+0000] {processor.py:156} INFO - Started process (PID=735) to work on /home/airflow/.local/lib/python3.7/site-packages/airflow/example_dags/example_task_group_decorator.py
[2022-10-06T00:44:14.462+0000] {processor.py:758} INFO - Processing file /home/airflow/.local/lib/python3.7/site-packages/airflow/example_dags/example_task_group_decorator.py for tasks to queue
[2022-10-06T00:44:14.462+0000] {logging_mixin.py:117} INFO - [2022-10-06T00:44:14.462+0000] {dagbag.py:525} INFO - Filling up the DagBag from /home/airflow/.local/lib/python3.7/site-packages/airflow/example_dags/example_task_group_decorator.py
[2022-10-06T00:44:14.488+0000] {processor.py:768} INFO - DAG(s) dict_keys(['example_task_group_decorator']) retrieved from /home/airflow/.local/lib/python3.7/site-packages/airflow/example_dags/example_task_group_decorator.py
[2022-10-06T00:44:14.522+0000] {logging_mixin.py:117} INFO - [2022-10-06T00:44:14.522+0000] {dag.py:2573} INFO - Sync 1 DAGs
[2022-10-06T00:44:14.543+0000] {logging_mixin.py:117} INFO - [2022-10-06T00:44:14.543+0000] {dag.py:3328} INFO - Setting next_dagrun for example_task_group_decorator to 2022-10-05T00:44:14.543300+00:00, run_after=2022-10-06T00:44:14.543300+00:00
[2022-10-06T00:44:14.557+0000] {processor.py:178} INFO - Processing /home/airflow/.local/lib/python3.7/site-packages/airflow/example_dags/example_task_group_decorator.py took 0.097 seconds
[2022-10-06T00:44:45.250+0000] {processor.py:156} INFO - Started process (PID=799) to work on /home/airflow/.local/lib/python3.7/site-packages/airflow/example_dags/example_task_group_decorator.py
[2022-10-06T00:44:45.250+0000] {processor.py:758} INFO - Processing file /home/airflow/.local/lib/python3.7/site-packages/airflow/example_dags/example_task_group_decorator.py for tasks to queue
[2022-10-06T00:44:45.250+0000] {logging_mixin.py:117} INFO - [2022-10-06T00:44:45.250+0000] {dagbag.py:525} INFO - Filling up the DagBag from /home/airflow/.local/lib/python3.7/site-packages/airflow/example_dags/example_task_group_decorator.py
[2022-10-06T00:44:45.272+0000] {processor.py:768} INFO - DAG(s) dict_keys(['example_task_group_decorator']) retrieved from /home/airflow/.local/lib/python3.7/site-packages/airflow/example_dags/example_task_group_decorator.py
[2022-10-06T00:44:45.298+0000] {logging_mixin.py:117} INFO - [2022-10-06T00:44:45.298+0000] {dag.py:2573} INFO - Sync 1 DAGs
[2022-10-06T00:44:45.315+0000] {logging_mixin.py:117} INFO - [2022-10-06T00:44:45.315+0000] {dag.py:3328} INFO - Setting next_dagrun for example_task_group_decorator to 2022-10-05T00:44:45.315405+00:00, run_after=2022-10-06T00:44:45.315405+00:00
[2022-10-06T00:44:45.329+0000] {processor.py:178} INFO - Processing /home/airflow/.local/lib/python3.7/site-packages/airflow/example_dags/example_task_group_decorator.py took 0.081 seconds
[2022-10-06T00:45:16.165+0000] {processor.py:156} INFO - Started process (PID=854) to work on /home/airflow/.local/lib/python3.7/site-packages/airflow/example_dags/example_task_group_decorator.py
[2022-10-06T00:45:16.165+0000] {processor.py:758} INFO - Processing file /home/airflow/.local/lib/python3.7/site-packages/airflow/example_dags/example_task_group_decorator.py for tasks to queue
[2022-10-06T00:45:16.165+0000] {logging_mixin.py:117} INFO - [2022-10-06T00:45:16.165+0000] {dagbag.py:525} INFO - Filling up the DagBag from /home/airflow/.local/lib/python3.7/site-packages/airflow/example_dags/example_task_group_decorator.py
[2022-10-06T00:45:16.191+0000] {processor.py:768} INFO - DAG(s) dict_keys(['example_task_group_decorator']) retrieved from /home/airflow/.local/lib/python3.7/site-packages/airflow/example_dags/example_task_group_decorator.py
[2022-10-06T00:45:16.220+0000] {logging_mixin.py:117} INFO - [2022-10-06T00:45:16.219+0000] {dag.py:2573} INFO - Sync 1 DAGs
[2022-10-06T00:45:16.239+0000] {logging_mixin.py:117} INFO - [2022-10-06T00:45:16.239+0000] {dag.py:3328} INFO - Setting next_dagrun for example_task_group_decorator to 2022-10-05T00:45:16.239421+00:00, run_after=2022-10-06T00:45:16.239421+00:00
[2022-10-06T00:45:16.255+0000] {processor.py:178} INFO - Processing /home/airflow/.local/lib/python3.7/site-packages/airflow/example_dags/example_task_group_decorator.py took 0.092 seconds
[2022-10-06T00:45:47.036+0000] {processor.py:156} INFO - Started process (PID=918) to work on /home/airflow/.local/lib/python3.7/site-packages/airflow/example_dags/example_task_group_decorator.py
[2022-10-06T00:45:47.037+0000] {processor.py:758} INFO - Processing file /home/airflow/.local/lib/python3.7/site-packages/airflow/example_dags/example_task_group_decorator.py for tasks to queue
[2022-10-06T00:45:47.037+0000] {logging_mixin.py:117} INFO - [2022-10-06T00:45:47.037+0000] {dagbag.py:525} INFO - Filling up the DagBag from /home/airflow/.local/lib/python3.7/site-packages/airflow/example_dags/example_task_group_decorator.py
[2022-10-06T00:45:47.060+0000] {processor.py:768} INFO - DAG(s) dict_keys(['example_task_group_decorator']) retrieved from /home/airflow/.local/lib/python3.7/site-packages/airflow/example_dags/example_task_group_decorator.py
[2022-10-06T00:45:47.088+0000] {logging_mixin.py:117} INFO - [2022-10-06T00:45:47.088+0000] {dag.py:2573} INFO - Sync 1 DAGs
[2022-10-06T00:45:47.106+0000] {logging_mixin.py:117} INFO - [2022-10-06T00:45:47.106+0000] {dag.py:3328} INFO - Setting next_dagrun for example_task_group_decorator to 2022-10-05T00:45:47.106274+00:00, run_after=2022-10-06T00:45:47.106274+00:00
[2022-10-06T00:45:47.119+0000] {processor.py:178} INFO - Processing /home/airflow/.local/lib/python3.7/site-packages/airflow/example_dags/example_task_group_decorator.py took 0.084 seconds
[2022-10-06T00:46:17.882+0000] {processor.py:156} INFO - Started process (PID=982) to work on /home/airflow/.local/lib/python3.7/site-packages/airflow/example_dags/example_task_group_decorator.py
[2022-10-06T00:46:17.882+0000] {processor.py:758} INFO - Processing file /home/airflow/.local/lib/python3.7/site-packages/airflow/example_dags/example_task_group_decorator.py for tasks to queue
[2022-10-06T00:46:17.882+0000] {logging_mixin.py:117} INFO - [2022-10-06T00:46:17.882+0000] {dagbag.py:525} INFO - Filling up the DagBag from /home/airflow/.local/lib/python3.7/site-packages/airflow/example_dags/example_task_group_decorator.py
[2022-10-06T00:46:17.907+0000] {processor.py:768} INFO - DAG(s) dict_keys(['example_task_group_decorator']) retrieved from /home/airflow/.local/lib/python3.7/site-packages/airflow/example_dags/example_task_group_decorator.py
[2022-10-06T00:46:17.937+0000] {logging_mixin.py:117} INFO - [2022-10-06T00:46:17.936+0000] {dag.py:2573} INFO - Sync 1 DAGs
[2022-10-06T00:46:17.955+0000] {logging_mixin.py:117} INFO - [2022-10-06T00:46:17.955+0000] {dag.py:3328} INFO - Setting next_dagrun for example_task_group_decorator to 2022-10-05T00:46:17.955452+00:00, run_after=2022-10-06T00:46:17.955452+00:00
[2022-10-06T00:46:17.968+0000] {processor.py:178} INFO - Processing /home/airflow/.local/lib/python3.7/site-packages/airflow/example_dags/example_task_group_decorator.py took 0.088 seconds
[2022-10-06T00:46:48.660+0000] {processor.py:156} INFO - Started process (PID=1046) to work on /home/airflow/.local/lib/python3.7/site-packages/airflow/example_dags/example_task_group_decorator.py
[2022-10-06T00:46:48.661+0000] {processor.py:758} INFO - Processing file /home/airflow/.local/lib/python3.7/site-packages/airflow/example_dags/example_task_group_decorator.py for tasks to queue
[2022-10-06T00:46:48.661+0000] {logging_mixin.py:117} INFO - [2022-10-06T00:46:48.661+0000] {dagbag.py:525} INFO - Filling up the DagBag from /home/airflow/.local/lib/python3.7/site-packages/airflow/example_dags/example_task_group_decorator.py
[2022-10-06T00:46:48.684+0000] {processor.py:768} INFO - DAG(s) dict_keys(['example_task_group_decorator']) retrieved from /home/airflow/.local/lib/python3.7/site-packages/airflow/example_dags/example_task_group_decorator.py
[2022-10-06T00:46:48.711+0000] {logging_mixin.py:117} INFO - [2022-10-06T00:46:48.711+0000] {dag.py:2573} INFO - Sync 1 DAGs
[2022-10-06T00:46:48.728+0000] {logging_mixin.py:117} INFO - [2022-10-06T00:46:48.728+0000] {dag.py:3328} INFO - Setting next_dagrun for example_task_group_decorator to 2022-10-05T00:46:48.728295+00:00, run_after=2022-10-06T00:46:48.728295+00:00
[2022-10-06T00:46:48.742+0000] {processor.py:178} INFO - Processing /home/airflow/.local/lib/python3.7/site-packages/airflow/example_dags/example_task_group_decorator.py took 0.084 seconds
[2022-10-06T00:47:19.621+0000] {processor.py:156} INFO - Started process (PID=1109) to work on /home/airflow/.local/lib/python3.7/site-packages/airflow/example_dags/example_task_group_decorator.py
[2022-10-06T00:47:19.621+0000] {processor.py:758} INFO - Processing file /home/airflow/.local/lib/python3.7/site-packages/airflow/example_dags/example_task_group_decorator.py for tasks to queue
[2022-10-06T00:47:19.621+0000] {logging_mixin.py:117} INFO - [2022-10-06T00:47:19.621+0000] {dagbag.py:525} INFO - Filling up the DagBag from /home/airflow/.local/lib/python3.7/site-packages/airflow/example_dags/example_task_group_decorator.py
[2022-10-06T00:47:19.642+0000] {processor.py:768} INFO - DAG(s) dict_keys(['example_task_group_decorator']) retrieved from /home/airflow/.local/lib/python3.7/site-packages/airflow/example_dags/example_task_group_decorator.py
[2022-10-06T00:47:19.670+0000] {logging_mixin.py:117} INFO - [2022-10-06T00:47:19.670+0000] {dag.py:2573} INFO - Sync 1 DAGs
[2022-10-06T00:47:19.687+0000] {logging_mixin.py:117} INFO - [2022-10-06T00:47:19.687+0000] {dag.py:3328} INFO - Setting next_dagrun for example_task_group_decorator to 2022-10-05T00:47:19.687686+00:00, run_after=2022-10-06T00:47:19.687686+00:00
[2022-10-06T00:47:19.700+0000] {processor.py:178} INFO - Processing /home/airflow/.local/lib/python3.7/site-packages/airflow/example_dags/example_task_group_decorator.py took 0.080 seconds
[2022-10-06T00:47:50.764+0000] {processor.py:156} INFO - Started process (PID=1164) to work on /home/airflow/.local/lib/python3.7/site-packages/airflow/example_dags/example_task_group_decorator.py
[2022-10-06T00:47:50.765+0000] {processor.py:758} INFO - Processing file /home/airflow/.local/lib/python3.7/site-packages/airflow/example_dags/example_task_group_decorator.py for tasks to queue
[2022-10-06T00:47:50.765+0000] {logging_mixin.py:117} INFO - [2022-10-06T00:47:50.765+0000] {dagbag.py:525} INFO - Filling up the DagBag from /home/airflow/.local/lib/python3.7/site-packages/airflow/example_dags/example_task_group_decorator.py
[2022-10-06T00:47:50.790+0000] {processor.py:768} INFO - DAG(s) dict_keys(['example_task_group_decorator']) retrieved from /home/airflow/.local/lib/python3.7/site-packages/airflow/example_dags/example_task_group_decorator.py
[2022-10-06T00:47:50.822+0000] {logging_mixin.py:117} INFO - [2022-10-06T00:47:50.822+0000] {dag.py:2573} INFO - Sync 1 DAGs
[2022-10-06T00:47:50.840+0000] {logging_mixin.py:117} INFO - [2022-10-06T00:47:50.839+0000] {dag.py:3328} INFO - Setting next_dagrun for example_task_group_decorator to 2022-10-05T00:47:50.839862+00:00, run_after=2022-10-06T00:47:50.839862+00:00
[2022-10-06T00:47:50.854+0000] {processor.py:178} INFO - Processing /home/airflow/.local/lib/python3.7/site-packages/airflow/example_dags/example_task_group_decorator.py took 0.091 seconds
[2022-10-06T00:48:20.935+0000] {processor.py:156} INFO - Started process (PID=1229) to work on /home/airflow/.local/lib/python3.7/site-packages/airflow/example_dags/example_task_group_decorator.py
[2022-10-06T00:48:20.935+0000] {processor.py:758} INFO - Processing file /home/airflow/.local/lib/python3.7/site-packages/airflow/example_dags/example_task_group_decorator.py for tasks to queue
[2022-10-06T00:48:20.936+0000] {logging_mixin.py:117} INFO - [2022-10-06T00:48:20.936+0000] {dagbag.py:525} INFO - Filling up the DagBag from /home/airflow/.local/lib/python3.7/site-packages/airflow/example_dags/example_task_group_decorator.py
[2022-10-06T00:48:20.958+0000] {processor.py:768} INFO - DAG(s) dict_keys(['example_task_group_decorator']) retrieved from /home/airflow/.local/lib/python3.7/site-packages/airflow/example_dags/example_task_group_decorator.py
[2022-10-06T00:48:20.987+0000] {logging_mixin.py:117} INFO - [2022-10-06T00:48:20.987+0000] {dag.py:2573} INFO - Sync 1 DAGs
[2022-10-06T00:48:21.007+0000] {logging_mixin.py:117} INFO - [2022-10-06T00:48:21.007+0000] {dag.py:3328} INFO - Setting next_dagrun for example_task_group_decorator to 2022-10-05T00:48:21.007329+00:00, run_after=2022-10-06T00:48:21.007329+00:00
[2022-10-06T00:48:21.020+0000] {processor.py:178} INFO - Processing /home/airflow/.local/lib/python3.7/site-packages/airflow/example_dags/example_task_group_decorator.py took 0.086 seconds
[2022-10-06T00:48:51.313+0000] {processor.py:156} INFO - Started process (PID=1293) to work on /home/airflow/.local/lib/python3.7/site-packages/airflow/example_dags/example_task_group_decorator.py
[2022-10-06T00:48:51.314+0000] {processor.py:758} INFO - Processing file /home/airflow/.local/lib/python3.7/site-packages/airflow/example_dags/example_task_group_decorator.py for tasks to queue
[2022-10-06T00:48:51.314+0000] {logging_mixin.py:117} INFO - [2022-10-06T00:48:51.314+0000] {dagbag.py:525} INFO - Filling up the DagBag from /home/airflow/.local/lib/python3.7/site-packages/airflow/example_dags/example_task_group_decorator.py
[2022-10-06T00:48:51.349+0000] {processor.py:768} INFO - DAG(s) dict_keys(['example_task_group_decorator']) retrieved from /home/airflow/.local/lib/python3.7/site-packages/airflow/example_dags/example_task_group_decorator.py
[2022-10-06T00:48:51.396+0000] {logging_mixin.py:117} INFO - [2022-10-06T00:48:51.396+0000] {dag.py:2573} INFO - Sync 1 DAGs
[2022-10-06T00:48:51.424+0000] {logging_mixin.py:117} INFO - [2022-10-06T00:48:51.424+0000] {dag.py:3328} INFO - Setting next_dagrun for example_task_group_decorator to 2022-10-05T00:48:51.423964+00:00, run_after=2022-10-06T00:48:51.423964+00:00
[2022-10-06T00:48:51.446+0000] {processor.py:178} INFO - Processing /home/airflow/.local/lib/python3.7/site-packages/airflow/example_dags/example_task_group_decorator.py took 0.135 seconds
[2022-10-06T00:49:22.439+0000] {processor.py:156} INFO - Started process (PID=1358) to work on /home/airflow/.local/lib/python3.7/site-packages/airflow/example_dags/example_task_group_decorator.py
[2022-10-06T00:49:22.439+0000] {processor.py:758} INFO - Processing file /home/airflow/.local/lib/python3.7/site-packages/airflow/example_dags/example_task_group_decorator.py for tasks to queue
[2022-10-06T00:49:22.440+0000] {logging_mixin.py:117} INFO - [2022-10-06T00:49:22.440+0000] {dagbag.py:525} INFO - Filling up the DagBag from /home/airflow/.local/lib/python3.7/site-packages/airflow/example_dags/example_task_group_decorator.py
[2022-10-06T00:49:22.466+0000] {processor.py:768} INFO - DAG(s) dict_keys(['example_task_group_decorator']) retrieved from /home/airflow/.local/lib/python3.7/site-packages/airflow/example_dags/example_task_group_decorator.py
[2022-10-06T00:49:22.496+0000] {logging_mixin.py:117} INFO - [2022-10-06T00:49:22.496+0000] {dag.py:2573} INFO - Sync 1 DAGs
[2022-10-06T00:49:22.515+0000] {logging_mixin.py:117} INFO - [2022-10-06T00:49:22.515+0000] {dag.py:3328} INFO - Setting next_dagrun for example_task_group_decorator to 2022-10-05T00:49:22.515668+00:00, run_after=2022-10-06T00:49:22.515668+00:00
[2022-10-06T00:49:22.528+0000] {processor.py:178} INFO - Processing /home/airflow/.local/lib/python3.7/site-packages/airflow/example_dags/example_task_group_decorator.py took 0.091 seconds
[2022-10-06T23:51:07.608+0000] {processor.py:156} INFO - Started process (PID=49) to work on /home/airflow/.local/lib/python3.7/site-packages/airflow/example_dags/example_task_group_decorator.py
[2022-10-06T23:51:07.609+0000] {processor.py:758} INFO - Processing file /home/airflow/.local/lib/python3.7/site-packages/airflow/example_dags/example_task_group_decorator.py for tasks to queue
[2022-10-06T23:51:07.610+0000] {logging_mixin.py:117} INFO - [2022-10-06T23:51:07.610+0000] {dagbag.py:525} INFO - Filling up the DagBag from /home/airflow/.local/lib/python3.7/site-packages/airflow/example_dags/example_task_group_decorator.py
[2022-10-06T23:51:07.637+0000] {processor.py:768} INFO - DAG(s) dict_keys(['example_task_group_decorator']) retrieved from /home/airflow/.local/lib/python3.7/site-packages/airflow/example_dags/example_task_group_decorator.py
[2022-10-06T23:51:07.654+0000] {logging_mixin.py:117} INFO - [2022-10-06T23:51:07.653+0000] {dag.py:2573} INFO - Sync 1 DAGs
[2022-10-06T23:51:07.674+0000] {logging_mixin.py:117} INFO - [2022-10-06T23:51:07.674+0000] {dag.py:3328} INFO - Setting next_dagrun for example_task_group_decorator to 2022-10-05T23:51:07.674308+00:00, run_after=2022-10-06T23:51:07.674308+00:00
[2022-10-06T23:51:07.688+0000] {processor.py:178} INFO - Processing /home/airflow/.local/lib/python3.7/site-packages/airflow/example_dags/example_task_group_decorator.py took 0.082 seconds
[2022-10-06T23:51:38.470+0000] {processor.py:156} INFO - Started process (PID=113) to work on /home/airflow/.local/lib/python3.7/site-packages/airflow/example_dags/example_task_group_decorator.py
[2022-10-06T23:51:38.470+0000] {processor.py:758} INFO - Processing file /home/airflow/.local/lib/python3.7/site-packages/airflow/example_dags/example_task_group_decorator.py for tasks to queue
[2022-10-06T23:51:38.471+0000] {logging_mixin.py:117} INFO - [2022-10-06T23:51:38.471+0000] {dagbag.py:525} INFO - Filling up the DagBag from /home/airflow/.local/lib/python3.7/site-packages/airflow/example_dags/example_task_group_decorator.py
[2022-10-06T23:51:38.499+0000] {processor.py:768} INFO - DAG(s) dict_keys(['example_task_group_decorator']) retrieved from /home/airflow/.local/lib/python3.7/site-packages/airflow/example_dags/example_task_group_decorator.py
[2022-10-06T23:51:38.531+0000] {logging_mixin.py:117} INFO - [2022-10-06T23:51:38.531+0000] {dag.py:2573} INFO - Sync 1 DAGs
[2022-10-06T23:51:38.550+0000] {logging_mixin.py:117} INFO - [2022-10-06T23:51:38.550+0000] {dag.py:3328} INFO - Setting next_dagrun for example_task_group_decorator to 2022-10-05T23:51:38.550386+00:00, run_after=2022-10-06T23:51:38.550386+00:00
[2022-10-06T23:51:38.567+0000] {processor.py:178} INFO - Processing /home/airflow/.local/lib/python3.7/site-packages/airflow/example_dags/example_task_group_decorator.py took 0.099 seconds
[2022-10-06T23:52:08.843+0000] {processor.py:156} INFO - Started process (PID=178) to work on /home/airflow/.local/lib/python3.7/site-packages/airflow/example_dags/example_task_group_decorator.py
[2022-10-06T23:52:08.844+0000] {processor.py:758} INFO - Processing file /home/airflow/.local/lib/python3.7/site-packages/airflow/example_dags/example_task_group_decorator.py for tasks to queue
[2022-10-06T23:52:08.845+0000] {logging_mixin.py:117} INFO - [2022-10-06T23:52:08.844+0000] {dagbag.py:525} INFO - Filling up the DagBag from /home/airflow/.local/lib/python3.7/site-packages/airflow/example_dags/example_task_group_decorator.py
[2022-10-06T23:52:08.866+0000] {processor.py:768} INFO - DAG(s) dict_keys(['example_task_group_decorator']) retrieved from /home/airflow/.local/lib/python3.7/site-packages/airflow/example_dags/example_task_group_decorator.py
[2022-10-06T23:52:08.894+0000] {logging_mixin.py:117} INFO - [2022-10-06T23:52:08.894+0000] {dag.py:2573} INFO - Sync 1 DAGs
[2022-10-06T23:52:08.912+0000] {logging_mixin.py:117} INFO - [2022-10-06T23:52:08.912+0000] {dag.py:3328} INFO - Setting next_dagrun for example_task_group_decorator to 2022-10-05T23:52:08.912645+00:00, run_after=2022-10-06T23:52:08.912645+00:00
[2022-10-06T23:52:08.925+0000] {processor.py:178} INFO - Processing /home/airflow/.local/lib/python3.7/site-packages/airflow/example_dags/example_task_group_decorator.py took 0.083 seconds
[2022-10-06T23:52:39.763+0000] {processor.py:156} INFO - Started process (PID=242) to work on /home/airflow/.local/lib/python3.7/site-packages/airflow/example_dags/example_task_group_decorator.py
[2022-10-06T23:52:39.763+0000] {processor.py:758} INFO - Processing file /home/airflow/.local/lib/python3.7/site-packages/airflow/example_dags/example_task_group_decorator.py for tasks to queue
[2022-10-06T23:52:39.764+0000] {logging_mixin.py:117} INFO - [2022-10-06T23:52:39.764+0000] {dagbag.py:525} INFO - Filling up the DagBag from /home/airflow/.local/lib/python3.7/site-packages/airflow/example_dags/example_task_group_decorator.py
[2022-10-06T23:52:39.787+0000] {processor.py:768} INFO - DAG(s) dict_keys(['example_task_group_decorator']) retrieved from /home/airflow/.local/lib/python3.7/site-packages/airflow/example_dags/example_task_group_decorator.py
[2022-10-06T23:52:39.847+0000] {logging_mixin.py:117} INFO - [2022-10-06T23:52:39.847+0000] {dag.py:2573} INFO - Sync 1 DAGs
[2022-10-06T23:52:39.868+0000] {logging_mixin.py:117} INFO - [2022-10-06T23:52:39.868+0000] {dag.py:3328} INFO - Setting next_dagrun for example_task_group_decorator to 2022-10-05T23:52:39.868144+00:00, run_after=2022-10-06T23:52:39.868144+00:00
[2022-10-06T23:52:39.882+0000] {processor.py:178} INFO - Processing /home/airflow/.local/lib/python3.7/site-packages/airflow/example_dags/example_task_group_decorator.py took 0.121 seconds
[2022-10-06T23:53:10.131+0000] {processor.py:156} INFO - Started process (PID=297) to work on /home/airflow/.local/lib/python3.7/site-packages/airflow/example_dags/example_task_group_decorator.py
[2022-10-06T23:53:10.131+0000] {processor.py:758} INFO - Processing file /home/airflow/.local/lib/python3.7/site-packages/airflow/example_dags/example_task_group_decorator.py for tasks to queue
[2022-10-06T23:53:10.132+0000] {logging_mixin.py:117} INFO - [2022-10-06T23:53:10.132+0000] {dagbag.py:525} INFO - Filling up the DagBag from /home/airflow/.local/lib/python3.7/site-packages/airflow/example_dags/example_task_group_decorator.py
[2022-10-06T23:53:10.155+0000] {processor.py:768} INFO - DAG(s) dict_keys(['example_task_group_decorator']) retrieved from /home/airflow/.local/lib/python3.7/site-packages/airflow/example_dags/example_task_group_decorator.py
[2022-10-06T23:53:10.185+0000] {logging_mixin.py:117} INFO - [2022-10-06T23:53:10.185+0000] {dag.py:2573} INFO - Sync 1 DAGs
[2022-10-06T23:53:10.203+0000] {logging_mixin.py:117} INFO - [2022-10-06T23:53:10.203+0000] {dag.py:3328} INFO - Setting next_dagrun for example_task_group_decorator to 2022-10-05T23:53:10.203030+00:00, run_after=2022-10-06T23:53:10.203030+00:00
[2022-10-06T23:53:10.216+0000] {processor.py:178} INFO - Processing /home/airflow/.local/lib/python3.7/site-packages/airflow/example_dags/example_task_group_decorator.py took 0.087 seconds
[2022-10-06T23:53:40.382+0000] {processor.py:156} INFO - Started process (PID=368) to work on /home/airflow/.local/lib/python3.7/site-packages/airflow/example_dags/example_task_group_decorator.py
[2022-10-06T23:53:40.382+0000] {processor.py:758} INFO - Processing file /home/airflow/.local/lib/python3.7/site-packages/airflow/example_dags/example_task_group_decorator.py for tasks to queue
[2022-10-06T23:53:40.383+0000] {logging_mixin.py:117} INFO - [2022-10-06T23:53:40.383+0000] {dagbag.py:525} INFO - Filling up the DagBag from /home/airflow/.local/lib/python3.7/site-packages/airflow/example_dags/example_task_group_decorator.py
[2022-10-06T23:53:40.404+0000] {processor.py:768} INFO - DAG(s) dict_keys(['example_task_group_decorator']) retrieved from /home/airflow/.local/lib/python3.7/site-packages/airflow/example_dags/example_task_group_decorator.py
[2022-10-06T23:53:40.432+0000] {logging_mixin.py:117} INFO - [2022-10-06T23:53:40.432+0000] {dag.py:2573} INFO - Sync 1 DAGs
[2022-10-06T23:53:40.455+0000] {logging_mixin.py:117} INFO - [2022-10-06T23:53:40.455+0000] {dag.py:3328} INFO - Setting next_dagrun for example_task_group_decorator to 2022-10-05T23:53:40.455165+00:00, run_after=2022-10-06T23:53:40.455165+00:00
[2022-10-06T23:53:40.469+0000] {processor.py:178} INFO - Processing /home/airflow/.local/lib/python3.7/site-packages/airflow/example_dags/example_task_group_decorator.py took 0.089 seconds
[2022-10-06T23:54:10.529+0000] {processor.py:156} INFO - Started process (PID=432) to work on /home/airflow/.local/lib/python3.7/site-packages/airflow/example_dags/example_task_group_decorator.py
[2022-10-06T23:54:10.529+0000] {processor.py:758} INFO - Processing file /home/airflow/.local/lib/python3.7/site-packages/airflow/example_dags/example_task_group_decorator.py for tasks to queue
[2022-10-06T23:54:10.530+0000] {logging_mixin.py:117} INFO - [2022-10-06T23:54:10.530+0000] {dagbag.py:525} INFO - Filling up the DagBag from /home/airflow/.local/lib/python3.7/site-packages/airflow/example_dags/example_task_group_decorator.py
[2022-10-06T23:54:10.568+0000] {processor.py:768} INFO - DAG(s) dict_keys(['example_task_group_decorator']) retrieved from /home/airflow/.local/lib/python3.7/site-packages/airflow/example_dags/example_task_group_decorator.py
[2022-10-06T23:54:10.607+0000] {logging_mixin.py:117} INFO - [2022-10-06T23:54:10.607+0000] {dag.py:2573} INFO - Sync 1 DAGs
[2022-10-06T23:54:10.632+0000] {logging_mixin.py:117} INFO - [2022-10-06T23:54:10.631+0000] {dag.py:3328} INFO - Setting next_dagrun for example_task_group_decorator to 2022-10-05T23:54:10.631708+00:00, run_after=2022-10-06T23:54:10.631708+00:00
[2022-10-06T23:54:10.648+0000] {processor.py:178} INFO - Processing /home/airflow/.local/lib/python3.7/site-packages/airflow/example_dags/example_task_group_decorator.py took 0.121 seconds
[2022-10-06T23:54:41.786+0000] {processor.py:156} INFO - Started process (PID=498) to work on /home/airflow/.local/lib/python3.7/site-packages/airflow/example_dags/example_task_group_decorator.py
[2022-10-06T23:54:41.786+0000] {processor.py:758} INFO - Processing file /home/airflow/.local/lib/python3.7/site-packages/airflow/example_dags/example_task_group_decorator.py for tasks to queue
[2022-10-06T23:54:41.787+0000] {logging_mixin.py:117} INFO - [2022-10-06T23:54:41.786+0000] {dagbag.py:525} INFO - Filling up the DagBag from /home/airflow/.local/lib/python3.7/site-packages/airflow/example_dags/example_task_group_decorator.py
[2022-10-06T23:54:41.813+0000] {processor.py:768} INFO - DAG(s) dict_keys(['example_task_group_decorator']) retrieved from /home/airflow/.local/lib/python3.7/site-packages/airflow/example_dags/example_task_group_decorator.py
[2022-10-06T23:54:41.841+0000] {logging_mixin.py:117} INFO - [2022-10-06T23:54:41.841+0000] {dag.py:2573} INFO - Sync 1 DAGs
[2022-10-06T23:54:41.863+0000] {logging_mixin.py:117} INFO - [2022-10-06T23:54:41.863+0000] {dag.py:3328} INFO - Setting next_dagrun for example_task_group_decorator to 2022-10-05T23:54:41.862981+00:00, run_after=2022-10-06T23:54:41.862981+00:00
[2022-10-06T23:54:41.880+0000] {processor.py:178} INFO - Processing /home/airflow/.local/lib/python3.7/site-packages/airflow/example_dags/example_task_group_decorator.py took 0.096 seconds
[2022-10-06T23:55:12.062+0000] {processor.py:156} INFO - Started process (PID=553) to work on /home/airflow/.local/lib/python3.7/site-packages/airflow/example_dags/example_task_group_decorator.py
[2022-10-06T23:55:12.063+0000] {processor.py:758} INFO - Processing file /home/airflow/.local/lib/python3.7/site-packages/airflow/example_dags/example_task_group_decorator.py for tasks to queue
[2022-10-06T23:55:12.063+0000] {logging_mixin.py:117} INFO - [2022-10-06T23:55:12.063+0000] {dagbag.py:525} INFO - Filling up the DagBag from /home/airflow/.local/lib/python3.7/site-packages/airflow/example_dags/example_task_group_decorator.py
[2022-10-06T23:55:12.085+0000] {processor.py:768} INFO - DAG(s) dict_keys(['example_task_group_decorator']) retrieved from /home/airflow/.local/lib/python3.7/site-packages/airflow/example_dags/example_task_group_decorator.py
[2022-10-06T23:55:12.112+0000] {logging_mixin.py:117} INFO - [2022-10-06T23:55:12.112+0000] {dag.py:2573} INFO - Sync 1 DAGs
[2022-10-06T23:55:12.134+0000] {logging_mixin.py:117} INFO - [2022-10-06T23:55:12.134+0000] {dag.py:3328} INFO - Setting next_dagrun for example_task_group_decorator to 2022-10-05T23:55:12.133996+00:00, run_after=2022-10-06T23:55:12.133996+00:00
[2022-10-06T23:55:12.146+0000] {processor.py:178} INFO - Processing /home/airflow/.local/lib/python3.7/site-packages/airflow/example_dags/example_task_group_decorator.py took 0.086 seconds
[2022-10-06T23:55:43.185+0000] {processor.py:156} INFO - Started process (PID=617) to work on /home/airflow/.local/lib/python3.7/site-packages/airflow/example_dags/example_task_group_decorator.py
[2022-10-06T23:55:43.186+0000] {processor.py:758} INFO - Processing file /home/airflow/.local/lib/python3.7/site-packages/airflow/example_dags/example_task_group_decorator.py for tasks to queue
[2022-10-06T23:55:43.187+0000] {logging_mixin.py:117} INFO - [2022-10-06T23:55:43.187+0000] {dagbag.py:525} INFO - Filling up the DagBag from /home/airflow/.local/lib/python3.7/site-packages/airflow/example_dags/example_task_group_decorator.py
[2022-10-06T23:55:43.214+0000] {processor.py:768} INFO - DAG(s) dict_keys(['example_task_group_decorator']) retrieved from /home/airflow/.local/lib/python3.7/site-packages/airflow/example_dags/example_task_group_decorator.py
[2022-10-06T23:55:43.244+0000] {logging_mixin.py:117} INFO - [2022-10-06T23:55:43.244+0000] {dag.py:2573} INFO - Sync 1 DAGs
[2022-10-06T23:55:43.261+0000] {logging_mixin.py:117} INFO - [2022-10-06T23:55:43.260+0000] {dag.py:3328} INFO - Setting next_dagrun for example_task_group_decorator to 2022-10-05T23:55:43.260711+00:00, run_after=2022-10-06T23:55:43.260711+00:00
[2022-10-06T23:55:43.273+0000] {processor.py:178} INFO - Processing /home/airflow/.local/lib/python3.7/site-packages/airflow/example_dags/example_task_group_decorator.py took 0.089 seconds
[2022-10-06T23:56:14.198+0000] {processor.py:156} INFO - Started process (PID=681) to work on /home/airflow/.local/lib/python3.7/site-packages/airflow/example_dags/example_task_group_decorator.py
[2022-10-06T23:56:14.198+0000] {processor.py:758} INFO - Processing file /home/airflow/.local/lib/python3.7/site-packages/airflow/example_dags/example_task_group_decorator.py for tasks to queue
[2022-10-06T23:56:14.199+0000] {logging_mixin.py:117} INFO - [2022-10-06T23:56:14.199+0000] {dagbag.py:525} INFO - Filling up the DagBag from /home/airflow/.local/lib/python3.7/site-packages/airflow/example_dags/example_task_group_decorator.py
[2022-10-06T23:56:14.223+0000] {processor.py:768} INFO - DAG(s) dict_keys(['example_task_group_decorator']) retrieved from /home/airflow/.local/lib/python3.7/site-packages/airflow/example_dags/example_task_group_decorator.py
[2022-10-06T23:56:14.252+0000] {logging_mixin.py:117} INFO - [2022-10-06T23:56:14.252+0000] {dag.py:2573} INFO - Sync 1 DAGs
[2022-10-06T23:56:14.272+0000] {logging_mixin.py:117} INFO - [2022-10-06T23:56:14.272+0000] {dag.py:3328} INFO - Setting next_dagrun for example_task_group_decorator to 2022-10-05T23:56:14.272353+00:00, run_after=2022-10-06T23:56:14.272353+00:00
[2022-10-06T23:56:14.285+0000] {processor.py:178} INFO - Processing /home/airflow/.local/lib/python3.7/site-packages/airflow/example_dags/example_task_group_decorator.py took 0.089 seconds
[2022-10-06T23:56:45.093+0000] {processor.py:156} INFO - Started process (PID=745) to work on /home/airflow/.local/lib/python3.7/site-packages/airflow/example_dags/example_task_group_decorator.py
[2022-10-06T23:56:45.093+0000] {processor.py:758} INFO - Processing file /home/airflow/.local/lib/python3.7/site-packages/airflow/example_dags/example_task_group_decorator.py for tasks to queue
[2022-10-06T23:56:45.094+0000] {logging_mixin.py:117} INFO - [2022-10-06T23:56:45.094+0000] {dagbag.py:525} INFO - Filling up the DagBag from /home/airflow/.local/lib/python3.7/site-packages/airflow/example_dags/example_task_group_decorator.py
[2022-10-06T23:56:45.116+0000] {processor.py:768} INFO - DAG(s) dict_keys(['example_task_group_decorator']) retrieved from /home/airflow/.local/lib/python3.7/site-packages/airflow/example_dags/example_task_group_decorator.py
[2022-10-06T23:56:45.144+0000] {logging_mixin.py:117} INFO - [2022-10-06T23:56:45.143+0000] {dag.py:2573} INFO - Sync 1 DAGs
[2022-10-06T23:56:45.166+0000] {logging_mixin.py:117} INFO - [2022-10-06T23:56:45.166+0000] {dag.py:3328} INFO - Setting next_dagrun for example_task_group_decorator to 2022-10-05T23:56:45.165864+00:00, run_after=2022-10-06T23:56:45.165864+00:00
[2022-10-06T23:56:45.179+0000] {processor.py:178} INFO - Processing /home/airflow/.local/lib/python3.7/site-packages/airflow/example_dags/example_task_group_decorator.py took 0.088 seconds
[2022-10-06T23:57:15.385+0000] {processor.py:156} INFO - Started process (PID=809) to work on /home/airflow/.local/lib/python3.7/site-packages/airflow/example_dags/example_task_group_decorator.py
[2022-10-06T23:57:15.386+0000] {processor.py:758} INFO - Processing file /home/airflow/.local/lib/python3.7/site-packages/airflow/example_dags/example_task_group_decorator.py for tasks to queue
[2022-10-06T23:57:15.386+0000] {logging_mixin.py:117} INFO - [2022-10-06T23:57:15.386+0000] {dagbag.py:525} INFO - Filling up the DagBag from /home/airflow/.local/lib/python3.7/site-packages/airflow/example_dags/example_task_group_decorator.py
[2022-10-06T23:57:15.409+0000] {processor.py:768} INFO - DAG(s) dict_keys(['example_task_group_decorator']) retrieved from /home/airflow/.local/lib/python3.7/site-packages/airflow/example_dags/example_task_group_decorator.py
[2022-10-06T23:57:15.443+0000] {logging_mixin.py:117} INFO - [2022-10-06T23:57:15.443+0000] {dag.py:2573} INFO - Sync 1 DAGs
[2022-10-06T23:57:15.463+0000] {logging_mixin.py:117} INFO - [2022-10-06T23:57:15.463+0000] {dag.py:3328} INFO - Setting next_dagrun for example_task_group_decorator to 2022-10-05T23:57:15.463131+00:00, run_after=2022-10-06T23:57:15.463131+00:00
[2022-10-06T23:57:15.476+0000] {processor.py:178} INFO - Processing /home/airflow/.local/lib/python3.7/site-packages/airflow/example_dags/example_task_group_decorator.py took 0.093 seconds
[2022-10-06T23:57:46.425+0000] {processor.py:156} INFO - Started process (PID=867) to work on /home/airflow/.local/lib/python3.7/site-packages/airflow/example_dags/example_task_group_decorator.py
[2022-10-06T23:57:46.426+0000] {processor.py:758} INFO - Processing file /home/airflow/.local/lib/python3.7/site-packages/airflow/example_dags/example_task_group_decorator.py for tasks to queue
[2022-10-06T23:57:46.426+0000] {logging_mixin.py:117} INFO - [2022-10-06T23:57:46.426+0000] {dagbag.py:525} INFO - Filling up the DagBag from /home/airflow/.local/lib/python3.7/site-packages/airflow/example_dags/example_task_group_decorator.py
[2022-10-06T23:57:46.449+0000] {processor.py:768} INFO - DAG(s) dict_keys(['example_task_group_decorator']) retrieved from /home/airflow/.local/lib/python3.7/site-packages/airflow/example_dags/example_task_group_decorator.py
[2022-10-06T23:57:46.482+0000] {logging_mixin.py:117} INFO - [2022-10-06T23:57:46.481+0000] {dag.py:2573} INFO - Sync 1 DAGs
[2022-10-06T23:57:46.501+0000] {logging_mixin.py:117} INFO - [2022-10-06T23:57:46.501+0000] {dag.py:3328} INFO - Setting next_dagrun for example_task_group_decorator to 2022-10-05T23:57:46.501007+00:00, run_after=2022-10-06T23:57:46.501007+00:00
[2022-10-06T23:57:46.515+0000] {processor.py:178} INFO - Processing /home/airflow/.local/lib/python3.7/site-packages/airflow/example_dags/example_task_group_decorator.py took 0.091 seconds
[2022-10-06T23:58:17.441+0000] {processor.py:156} INFO - Started process (PID=931) to work on /home/airflow/.local/lib/python3.7/site-packages/airflow/example_dags/example_task_group_decorator.py
[2022-10-06T23:58:17.442+0000] {processor.py:758} INFO - Processing file /home/airflow/.local/lib/python3.7/site-packages/airflow/example_dags/example_task_group_decorator.py for tasks to queue
[2022-10-06T23:58:17.443+0000] {logging_mixin.py:117} INFO - [2022-10-06T23:58:17.442+0000] {dagbag.py:525} INFO - Filling up the DagBag from /home/airflow/.local/lib/python3.7/site-packages/airflow/example_dags/example_task_group_decorator.py
[2022-10-06T23:58:17.466+0000] {processor.py:768} INFO - DAG(s) dict_keys(['example_task_group_decorator']) retrieved from /home/airflow/.local/lib/python3.7/site-packages/airflow/example_dags/example_task_group_decorator.py
[2022-10-06T23:58:17.494+0000] {logging_mixin.py:117} INFO - [2022-10-06T23:58:17.494+0000] {dag.py:2573} INFO - Sync 1 DAGs
[2022-10-06T23:58:17.514+0000] {logging_mixin.py:117} INFO - [2022-10-06T23:58:17.513+0000] {dag.py:3328} INFO - Setting next_dagrun for example_task_group_decorator to 2022-10-05T23:58:17.513736+00:00, run_after=2022-10-06T23:58:17.513736+00:00
[2022-10-06T23:58:17.527+0000] {processor.py:178} INFO - Processing /home/airflow/.local/lib/python3.7/site-packages/airflow/example_dags/example_task_group_decorator.py took 0.087 seconds
[2022-10-06T23:58:48.635+0000] {processor.py:156} INFO - Started process (PID=995) to work on /home/airflow/.local/lib/python3.7/site-packages/airflow/example_dags/example_task_group_decorator.py
[2022-10-06T23:58:48.636+0000] {processor.py:758} INFO - Processing file /home/airflow/.local/lib/python3.7/site-packages/airflow/example_dags/example_task_group_decorator.py for tasks to queue
[2022-10-06T23:58:48.636+0000] {logging_mixin.py:117} INFO - [2022-10-06T23:58:48.636+0000] {dagbag.py:525} INFO - Filling up the DagBag from /home/airflow/.local/lib/python3.7/site-packages/airflow/example_dags/example_task_group_decorator.py
[2022-10-06T23:58:48.663+0000] {processor.py:768} INFO - DAG(s) dict_keys(['example_task_group_decorator']) retrieved from /home/airflow/.local/lib/python3.7/site-packages/airflow/example_dags/example_task_group_decorator.py
[2022-10-06T23:58:48.695+0000] {logging_mixin.py:117} INFO - [2022-10-06T23:58:48.695+0000] {dag.py:2573} INFO - Sync 1 DAGs
[2022-10-06T23:58:48.714+0000] {logging_mixin.py:117} INFO - [2022-10-06T23:58:48.714+0000] {dag.py:3328} INFO - Setting next_dagrun for example_task_group_decorator to 2022-10-05T23:58:48.714090+00:00, run_after=2022-10-06T23:58:48.714090+00:00
[2022-10-06T23:58:48.728+0000] {processor.py:178} INFO - Processing /home/airflow/.local/lib/python3.7/site-packages/airflow/example_dags/example_task_group_decorator.py took 0.094 seconds
[2022-10-06T23:59:18.902+0000] {processor.py:156} INFO - Started process (PID=1059) to work on /home/airflow/.local/lib/python3.7/site-packages/airflow/example_dags/example_task_group_decorator.py
[2022-10-06T23:59:18.903+0000] {processor.py:758} INFO - Processing file /home/airflow/.local/lib/python3.7/site-packages/airflow/example_dags/example_task_group_decorator.py for tasks to queue
[2022-10-06T23:59:18.903+0000] {logging_mixin.py:117} INFO - [2022-10-06T23:59:18.903+0000] {dagbag.py:525} INFO - Filling up the DagBag from /home/airflow/.local/lib/python3.7/site-packages/airflow/example_dags/example_task_group_decorator.py
[2022-10-06T23:59:18.941+0000] {processor.py:768} INFO - DAG(s) dict_keys(['example_task_group_decorator']) retrieved from /home/airflow/.local/lib/python3.7/site-packages/airflow/example_dags/example_task_group_decorator.py
[2022-10-06T23:59:18.976+0000] {logging_mixin.py:117} INFO - [2022-10-06T23:59:18.976+0000] {dag.py:2573} INFO - Sync 1 DAGs
[2022-10-06T23:59:19.000+0000] {logging_mixin.py:117} INFO - [2022-10-06T23:59:19.000+0000] {dag.py:3328} INFO - Setting next_dagrun for example_task_group_decorator to 2022-10-05T23:59:19.000604+00:00, run_after=2022-10-06T23:59:19.000604+00:00
[2022-10-06T23:59:19.016+0000] {processor.py:178} INFO - Processing /home/airflow/.local/lib/python3.7/site-packages/airflow/example_dags/example_task_group_decorator.py took 0.116 seconds
[2022-10-06T23:59:50.029+0000] {processor.py:156} INFO - Started process (PID=1123) to work on /home/airflow/.local/lib/python3.7/site-packages/airflow/example_dags/example_task_group_decorator.py
[2022-10-06T23:59:50.029+0000] {processor.py:758} INFO - Processing file /home/airflow/.local/lib/python3.7/site-packages/airflow/example_dags/example_task_group_decorator.py for tasks to queue
[2022-10-06T23:59:50.030+0000] {logging_mixin.py:117} INFO - [2022-10-06T23:59:50.030+0000] {dagbag.py:525} INFO - Filling up the DagBag from /home/airflow/.local/lib/python3.7/site-packages/airflow/example_dags/example_task_group_decorator.py
[2022-10-06T23:59:50.054+0000] {processor.py:768} INFO - DAG(s) dict_keys(['example_task_group_decorator']) retrieved from /home/airflow/.local/lib/python3.7/site-packages/airflow/example_dags/example_task_group_decorator.py
[2022-10-06T23:59:50.085+0000] {logging_mixin.py:117} INFO - [2022-10-06T23:59:50.085+0000] {dag.py:2573} INFO - Sync 1 DAGs
[2022-10-06T23:59:50.104+0000] {logging_mixin.py:117} INFO - [2022-10-06T23:59:50.104+0000] {dag.py:3328} INFO - Setting next_dagrun for example_task_group_decorator to 2022-10-05T23:59:50.104669+00:00, run_after=2022-10-06T23:59:50.104669+00:00
[2022-10-06T23:59:50.119+0000] {processor.py:178} INFO - Processing /home/airflow/.local/lib/python3.7/site-packages/airflow/example_dags/example_task_group_decorator.py took 0.092 seconds
