[2022-10-06T00:38:35.735+0000] {processor.py:156} INFO - Started process (PID=55) to work on /home/airflow/.local/lib/python3.7/site-packages/airflow/example_dags/example_python_operator.py
[2022-10-06T00:38:35.735+0000] {processor.py:758} INFO - Processing file /home/airflow/.local/lib/python3.7/site-packages/airflow/example_dags/example_python_operator.py for tasks to queue
[2022-10-06T00:38:35.736+0000] {logging_mixin.py:117} INFO - [2022-10-06T00:38:35.735+0000] {dagbag.py:525} INFO - Filling up the DagBag from /home/airflow/.local/lib/python3.7/site-packages/airflow/example_dags/example_python_operator.py
[2022-10-06T00:38:35.761+0000] {processor.py:768} INFO - DAG(s) dict_keys(['example_python_operator']) retrieved from /home/airflow/.local/lib/python3.7/site-packages/airflow/example_dags/example_python_operator.py
[2022-10-06T00:38:35.947+0000] {logging_mixin.py:117} INFO - [2022-10-06T00:38:35.947+0000] {dag.py:2573} INFO - Sync 1 DAGs
[2022-10-06T00:38:35.975+0000] {logging_mixin.py:117} INFO - [2022-10-06T00:38:35.975+0000] {dag.py:3328} INFO - Setting next_dagrun for example_python_operator to None, run_after=None
[2022-10-06T00:38:36.000+0000] {processor.py:178} INFO - Processing /home/airflow/.local/lib/python3.7/site-packages/airflow/example_dags/example_python_operator.py took 0.268 seconds
[2022-10-06T00:39:06.478+0000] {processor.py:156} INFO - Started process (PID=119) to work on /home/airflow/.local/lib/python3.7/site-packages/airflow/example_dags/example_python_operator.py
[2022-10-06T00:39:06.478+0000] {processor.py:758} INFO - Processing file /home/airflow/.local/lib/python3.7/site-packages/airflow/example_dags/example_python_operator.py for tasks to queue
[2022-10-06T00:39:06.479+0000] {logging_mixin.py:117} INFO - [2022-10-06T00:39:06.479+0000] {dagbag.py:525} INFO - Filling up the DagBag from /home/airflow/.local/lib/python3.7/site-packages/airflow/example_dags/example_python_operator.py
[2022-10-06T00:39:06.591+0000] {processor.py:768} INFO - DAG(s) dict_keys(['example_python_operator']) retrieved from /home/airflow/.local/lib/python3.7/site-packages/airflow/example_dags/example_python_operator.py
[2022-10-06T00:39:06.605+0000] {logging_mixin.py:117} INFO - [2022-10-06T00:39:06.605+0000] {dag.py:2573} INFO - Sync 1 DAGs
[2022-10-06T00:39:06.622+0000] {logging_mixin.py:117} INFO - [2022-10-06T00:39:06.622+0000] {dag.py:3328} INFO - Setting next_dagrun for example_python_operator to None, run_after=None
[2022-10-06T00:39:06.636+0000] {processor.py:178} INFO - Processing /home/airflow/.local/lib/python3.7/site-packages/airflow/example_dags/example_python_operator.py took 0.159 seconds
[2022-10-06T00:39:37.309+0000] {processor.py:156} INFO - Started process (PID=184) to work on /home/airflow/.local/lib/python3.7/site-packages/airflow/example_dags/example_python_operator.py
[2022-10-06T00:39:37.309+0000] {processor.py:758} INFO - Processing file /home/airflow/.local/lib/python3.7/site-packages/airflow/example_dags/example_python_operator.py for tasks to queue
[2022-10-06T00:39:37.310+0000] {logging_mixin.py:117} INFO - [2022-10-06T00:39:37.310+0000] {dagbag.py:525} INFO - Filling up the DagBag from /home/airflow/.local/lib/python3.7/site-packages/airflow/example_dags/example_python_operator.py
[2022-10-06T00:39:37.416+0000] {processor.py:768} INFO - DAG(s) dict_keys(['example_python_operator']) retrieved from /home/airflow/.local/lib/python3.7/site-packages/airflow/example_dags/example_python_operator.py
[2022-10-06T00:39:37.445+0000] {logging_mixin.py:117} INFO - [2022-10-06T00:39:37.445+0000] {dag.py:2573} INFO - Sync 1 DAGs
[2022-10-06T00:39:37.467+0000] {logging_mixin.py:117} INFO - [2022-10-06T00:39:37.466+0000] {dag.py:3328} INFO - Setting next_dagrun for example_python_operator to None, run_after=None
[2022-10-06T00:39:37.480+0000] {processor.py:178} INFO - Processing /home/airflow/.local/lib/python3.7/site-packages/airflow/example_dags/example_python_operator.py took 0.173 seconds
[2022-10-06T00:40:08.202+0000] {processor.py:156} INFO - Started process (PID=248) to work on /home/airflow/.local/lib/python3.7/site-packages/airflow/example_dags/example_python_operator.py
[2022-10-06T00:40:08.203+0000] {processor.py:758} INFO - Processing file /home/airflow/.local/lib/python3.7/site-packages/airflow/example_dags/example_python_operator.py for tasks to queue
[2022-10-06T00:40:08.203+0000] {logging_mixin.py:117} INFO - [2022-10-06T00:40:08.203+0000] {dagbag.py:525} INFO - Filling up the DagBag from /home/airflow/.local/lib/python3.7/site-packages/airflow/example_dags/example_python_operator.py
[2022-10-06T00:40:08.223+0000] {processor.py:768} INFO - DAG(s) dict_keys(['example_python_operator']) retrieved from /home/airflow/.local/lib/python3.7/site-packages/airflow/example_dags/example_python_operator.py
[2022-10-06T00:40:08.258+0000] {logging_mixin.py:117} INFO - [2022-10-06T00:40:08.258+0000] {dag.py:2573} INFO - Sync 1 DAGs
[2022-10-06T00:40:08.278+0000] {logging_mixin.py:117} INFO - [2022-10-06T00:40:08.277+0000] {dag.py:3328} INFO - Setting next_dagrun for example_python_operator to None, run_after=None
[2022-10-06T00:40:08.291+0000] {processor.py:178} INFO - Processing /home/airflow/.local/lib/python3.7/site-packages/airflow/example_dags/example_python_operator.py took 0.091 seconds
[2022-10-06T00:40:39.105+0000] {processor.py:156} INFO - Started process (PID=303) to work on /home/airflow/.local/lib/python3.7/site-packages/airflow/example_dags/example_python_operator.py
[2022-10-06T00:40:39.106+0000] {processor.py:758} INFO - Processing file /home/airflow/.local/lib/python3.7/site-packages/airflow/example_dags/example_python_operator.py for tasks to queue
[2022-10-06T00:40:39.106+0000] {logging_mixin.py:117} INFO - [2022-10-06T00:40:39.106+0000] {dagbag.py:525} INFO - Filling up the DagBag from /home/airflow/.local/lib/python3.7/site-packages/airflow/example_dags/example_python_operator.py
[2022-10-06T00:40:39.126+0000] {processor.py:768} INFO - DAG(s) dict_keys(['example_python_operator']) retrieved from /home/airflow/.local/lib/python3.7/site-packages/airflow/example_dags/example_python_operator.py
[2022-10-06T00:40:39.154+0000] {logging_mixin.py:117} INFO - [2022-10-06T00:40:39.154+0000] {dag.py:2573} INFO - Sync 1 DAGs
[2022-10-06T00:40:39.172+0000] {logging_mixin.py:117} INFO - [2022-10-06T00:40:39.172+0000] {dag.py:3328} INFO - Setting next_dagrun for example_python_operator to None, run_after=None
[2022-10-06T00:40:39.187+0000] {processor.py:178} INFO - Processing /home/airflow/.local/lib/python3.7/site-packages/airflow/example_dags/example_python_operator.py took 0.083 seconds
[2022-10-06T00:41:09.311+0000] {processor.py:156} INFO - Started process (PID=367) to work on /home/airflow/.local/lib/python3.7/site-packages/airflow/example_dags/example_python_operator.py
[2022-10-06T00:41:09.311+0000] {processor.py:758} INFO - Processing file /home/airflow/.local/lib/python3.7/site-packages/airflow/example_dags/example_python_operator.py for tasks to queue
[2022-10-06T00:41:09.312+0000] {logging_mixin.py:117} INFO - [2022-10-06T00:41:09.312+0000] {dagbag.py:525} INFO - Filling up the DagBag from /home/airflow/.local/lib/python3.7/site-packages/airflow/example_dags/example_python_operator.py
[2022-10-06T00:41:09.329+0000] {processor.py:768} INFO - DAG(s) dict_keys(['example_python_operator']) retrieved from /home/airflow/.local/lib/python3.7/site-packages/airflow/example_dags/example_python_operator.py
[2022-10-06T00:41:09.358+0000] {logging_mixin.py:117} INFO - [2022-10-06T00:41:09.358+0000] {dag.py:2573} INFO - Sync 1 DAGs
[2022-10-06T00:41:09.379+0000] {logging_mixin.py:117} INFO - [2022-10-06T00:41:09.379+0000] {dag.py:3328} INFO - Setting next_dagrun for example_python_operator to None, run_after=None
[2022-10-06T00:41:09.394+0000] {processor.py:178} INFO - Processing /home/airflow/.local/lib/python3.7/site-packages/airflow/example_dags/example_python_operator.py took 0.085 seconds
[2022-10-06T00:41:40.309+0000] {processor.py:156} INFO - Started process (PID=431) to work on /home/airflow/.local/lib/python3.7/site-packages/airflow/example_dags/example_python_operator.py
[2022-10-06T00:41:40.310+0000] {processor.py:758} INFO - Processing file /home/airflow/.local/lib/python3.7/site-packages/airflow/example_dags/example_python_operator.py for tasks to queue
[2022-10-06T00:41:40.310+0000] {logging_mixin.py:117} INFO - [2022-10-06T00:41:40.310+0000] {dagbag.py:525} INFO - Filling up the DagBag from /home/airflow/.local/lib/python3.7/site-packages/airflow/example_dags/example_python_operator.py
[2022-10-06T00:41:40.325+0000] {processor.py:768} INFO - DAG(s) dict_keys(['example_python_operator']) retrieved from /home/airflow/.local/lib/python3.7/site-packages/airflow/example_dags/example_python_operator.py
[2022-10-06T00:41:40.351+0000] {logging_mixin.py:117} INFO - [2022-10-06T00:41:40.350+0000] {dag.py:2573} INFO - Sync 1 DAGs
[2022-10-06T00:41:40.368+0000] {logging_mixin.py:117} INFO - [2022-10-06T00:41:40.367+0000] {dag.py:3328} INFO - Setting next_dagrun for example_python_operator to None, run_after=None
[2022-10-06T00:41:40.380+0000] {processor.py:178} INFO - Processing /home/airflow/.local/lib/python3.7/site-packages/airflow/example_dags/example_python_operator.py took 0.072 seconds
[2022-10-06T00:42:11.516+0000] {processor.py:156} INFO - Started process (PID=495) to work on /home/airflow/.local/lib/python3.7/site-packages/airflow/example_dags/example_python_operator.py
[2022-10-06T00:42:11.516+0000] {processor.py:758} INFO - Processing file /home/airflow/.local/lib/python3.7/site-packages/airflow/example_dags/example_python_operator.py for tasks to queue
[2022-10-06T00:42:11.517+0000] {logging_mixin.py:117} INFO - [2022-10-06T00:42:11.517+0000] {dagbag.py:525} INFO - Filling up the DagBag from /home/airflow/.local/lib/python3.7/site-packages/airflow/example_dags/example_python_operator.py
[2022-10-06T00:42:11.539+0000] {processor.py:768} INFO - DAG(s) dict_keys(['example_python_operator']) retrieved from /home/airflow/.local/lib/python3.7/site-packages/airflow/example_dags/example_python_operator.py
[2022-10-06T00:42:11.610+0000] {logging_mixin.py:117} INFO - [2022-10-06T00:42:11.609+0000] {dag.py:2573} INFO - Sync 1 DAGs
[2022-10-06T00:42:11.643+0000] {logging_mixin.py:117} INFO - [2022-10-06T00:42:11.643+0000] {dag.py:3328} INFO - Setting next_dagrun for example_python_operator to None, run_after=None
[2022-10-06T00:42:11.665+0000] {processor.py:178} INFO - Processing /home/airflow/.local/lib/python3.7/site-packages/airflow/example_dags/example_python_operator.py took 0.151 seconds
[2022-10-06T00:42:41.819+0000] {processor.py:156} INFO - Started process (PID=550) to work on /home/airflow/.local/lib/python3.7/site-packages/airflow/example_dags/example_python_operator.py
[2022-10-06T00:42:41.819+0000] {processor.py:758} INFO - Processing file /home/airflow/.local/lib/python3.7/site-packages/airflow/example_dags/example_python_operator.py for tasks to queue
[2022-10-06T00:42:41.819+0000] {logging_mixin.py:117} INFO - [2022-10-06T00:42:41.819+0000] {dagbag.py:525} INFO - Filling up the DagBag from /home/airflow/.local/lib/python3.7/site-packages/airflow/example_dags/example_python_operator.py
[2022-10-06T00:42:41.836+0000] {processor.py:768} INFO - DAG(s) dict_keys(['example_python_operator']) retrieved from /home/airflow/.local/lib/python3.7/site-packages/airflow/example_dags/example_python_operator.py
[2022-10-06T00:42:41.863+0000] {logging_mixin.py:117} INFO - [2022-10-06T00:42:41.863+0000] {dag.py:2573} INFO - Sync 1 DAGs
[2022-10-06T00:42:41.880+0000] {logging_mixin.py:117} INFO - [2022-10-06T00:42:41.880+0000] {dag.py:3328} INFO - Setting next_dagrun for example_python_operator to None, run_after=None
[2022-10-06T00:42:41.897+0000] {processor.py:178} INFO - Processing /home/airflow/.local/lib/python3.7/site-packages/airflow/example_dags/example_python_operator.py took 0.080 seconds
[2022-10-06T00:43:12.667+0000] {processor.py:156} INFO - Started process (PID=614) to work on /home/airflow/.local/lib/python3.7/site-packages/airflow/example_dags/example_python_operator.py
[2022-10-06T00:43:12.667+0000] {processor.py:758} INFO - Processing file /home/airflow/.local/lib/python3.7/site-packages/airflow/example_dags/example_python_operator.py for tasks to queue
[2022-10-06T00:43:12.668+0000] {logging_mixin.py:117} INFO - [2022-10-06T00:43:12.668+0000] {dagbag.py:525} INFO - Filling up the DagBag from /home/airflow/.local/lib/python3.7/site-packages/airflow/example_dags/example_python_operator.py
[2022-10-06T00:43:12.685+0000] {processor.py:768} INFO - DAG(s) dict_keys(['example_python_operator']) retrieved from /home/airflow/.local/lib/python3.7/site-packages/airflow/example_dags/example_python_operator.py
[2022-10-06T00:43:12.710+0000] {logging_mixin.py:117} INFO - [2022-10-06T00:43:12.710+0000] {dag.py:2573} INFO - Sync 1 DAGs
[2022-10-06T00:43:12.728+0000] {logging_mixin.py:117} INFO - [2022-10-06T00:43:12.728+0000] {dag.py:3328} INFO - Setting next_dagrun for example_python_operator to None, run_after=None
[2022-10-06T00:43:12.740+0000] {processor.py:178} INFO - Processing /home/airflow/.local/lib/python3.7/site-packages/airflow/example_dags/example_python_operator.py took 0.075 seconds
[2022-10-06T00:43:43.721+0000] {processor.py:156} INFO - Started process (PID=678) to work on /home/airflow/.local/lib/python3.7/site-packages/airflow/example_dags/example_python_operator.py
[2022-10-06T00:43:43.722+0000] {processor.py:758} INFO - Processing file /home/airflow/.local/lib/python3.7/site-packages/airflow/example_dags/example_python_operator.py for tasks to queue
[2022-10-06T00:43:43.722+0000] {logging_mixin.py:117} INFO - [2022-10-06T00:43:43.722+0000] {dagbag.py:525} INFO - Filling up the DagBag from /home/airflow/.local/lib/python3.7/site-packages/airflow/example_dags/example_python_operator.py
[2022-10-06T00:43:43.738+0000] {processor.py:768} INFO - DAG(s) dict_keys(['example_python_operator']) retrieved from /home/airflow/.local/lib/python3.7/site-packages/airflow/example_dags/example_python_operator.py
[2022-10-06T00:43:43.829+0000] {logging_mixin.py:117} INFO - [2022-10-06T00:43:43.829+0000] {dag.py:2573} INFO - Sync 1 DAGs
[2022-10-06T00:43:43.848+0000] {logging_mixin.py:117} INFO - [2022-10-06T00:43:43.848+0000] {dag.py:3328} INFO - Setting next_dagrun for example_python_operator to None, run_after=None
[2022-10-06T00:43:43.860+0000] {processor.py:178} INFO - Processing /home/airflow/.local/lib/python3.7/site-packages/airflow/example_dags/example_python_operator.py took 0.141 seconds
[2022-10-06T00:44:14.806+0000] {processor.py:156} INFO - Started process (PID=742) to work on /home/airflow/.local/lib/python3.7/site-packages/airflow/example_dags/example_python_operator.py
[2022-10-06T00:44:14.806+0000] {processor.py:758} INFO - Processing file /home/airflow/.local/lib/python3.7/site-packages/airflow/example_dags/example_python_operator.py for tasks to queue
[2022-10-06T00:44:14.807+0000] {logging_mixin.py:117} INFO - [2022-10-06T00:44:14.807+0000] {dagbag.py:525} INFO - Filling up the DagBag from /home/airflow/.local/lib/python3.7/site-packages/airflow/example_dags/example_python_operator.py
[2022-10-06T00:44:14.822+0000] {processor.py:768} INFO - DAG(s) dict_keys(['example_python_operator']) retrieved from /home/airflow/.local/lib/python3.7/site-packages/airflow/example_dags/example_python_operator.py
[2022-10-06T00:44:14.848+0000] {logging_mixin.py:117} INFO - [2022-10-06T00:44:14.848+0000] {dag.py:2573} INFO - Sync 1 DAGs
[2022-10-06T00:44:14.864+0000] {logging_mixin.py:117} INFO - [2022-10-06T00:44:14.864+0000] {dag.py:3328} INFO - Setting next_dagrun for example_python_operator to None, run_after=None
[2022-10-06T00:44:14.876+0000] {processor.py:178} INFO - Processing /home/airflow/.local/lib/python3.7/site-packages/airflow/example_dags/example_python_operator.py took 0.072 seconds
[2022-10-06T00:44:45.580+0000] {processor.py:156} INFO - Started process (PID=806) to work on /home/airflow/.local/lib/python3.7/site-packages/airflow/example_dags/example_python_operator.py
[2022-10-06T00:44:45.580+0000] {processor.py:758} INFO - Processing file /home/airflow/.local/lib/python3.7/site-packages/airflow/example_dags/example_python_operator.py for tasks to queue
[2022-10-06T00:44:45.580+0000] {logging_mixin.py:117} INFO - [2022-10-06T00:44:45.580+0000] {dagbag.py:525} INFO - Filling up the DagBag from /home/airflow/.local/lib/python3.7/site-packages/airflow/example_dags/example_python_operator.py
[2022-10-06T00:44:45.597+0000] {processor.py:768} INFO - DAG(s) dict_keys(['example_python_operator']) retrieved from /home/airflow/.local/lib/python3.7/site-packages/airflow/example_dags/example_python_operator.py
[2022-10-06T00:44:45.623+0000] {logging_mixin.py:117} INFO - [2022-10-06T00:44:45.623+0000] {dag.py:2573} INFO - Sync 1 DAGs
[2022-10-06T00:44:45.643+0000] {logging_mixin.py:117} INFO - [2022-10-06T00:44:45.643+0000] {dag.py:3328} INFO - Setting next_dagrun for example_python_operator to None, run_after=None
[2022-10-06T00:44:45.658+0000] {processor.py:178} INFO - Processing /home/airflow/.local/lib/python3.7/site-packages/airflow/example_dags/example_python_operator.py took 0.080 seconds
[2022-10-06T00:45:16.569+0000] {processor.py:156} INFO - Started process (PID=870) to work on /home/airflow/.local/lib/python3.7/site-packages/airflow/example_dags/example_python_operator.py
[2022-10-06T00:45:16.570+0000] {processor.py:758} INFO - Processing file /home/airflow/.local/lib/python3.7/site-packages/airflow/example_dags/example_python_operator.py for tasks to queue
[2022-10-06T00:45:16.570+0000] {logging_mixin.py:117} INFO - [2022-10-06T00:45:16.570+0000] {dagbag.py:525} INFO - Filling up the DagBag from /home/airflow/.local/lib/python3.7/site-packages/airflow/example_dags/example_python_operator.py
[2022-10-06T00:45:16.586+0000] {processor.py:768} INFO - DAG(s) dict_keys(['example_python_operator']) retrieved from /home/airflow/.local/lib/python3.7/site-packages/airflow/example_dags/example_python_operator.py
[2022-10-06T00:45:16.612+0000] {logging_mixin.py:117} INFO - [2022-10-06T00:45:16.612+0000] {dag.py:2573} INFO - Sync 1 DAGs
[2022-10-06T00:45:16.630+0000] {logging_mixin.py:117} INFO - [2022-10-06T00:45:16.630+0000] {dag.py:3328} INFO - Setting next_dagrun for example_python_operator to None, run_after=None
[2022-10-06T00:45:16.642+0000] {processor.py:178} INFO - Processing /home/airflow/.local/lib/python3.7/site-packages/airflow/example_dags/example_python_operator.py took 0.074 seconds
[2022-10-06T00:45:47.325+0000] {processor.py:156} INFO - Started process (PID=925) to work on /home/airflow/.local/lib/python3.7/site-packages/airflow/example_dags/example_python_operator.py
[2022-10-06T00:45:47.325+0000] {processor.py:758} INFO - Processing file /home/airflow/.local/lib/python3.7/site-packages/airflow/example_dags/example_python_operator.py for tasks to queue
[2022-10-06T00:45:47.326+0000] {logging_mixin.py:117} INFO - [2022-10-06T00:45:47.326+0000] {dagbag.py:525} INFO - Filling up the DagBag from /home/airflow/.local/lib/python3.7/site-packages/airflow/example_dags/example_python_operator.py
[2022-10-06T00:45:47.344+0000] {processor.py:768} INFO - DAG(s) dict_keys(['example_python_operator']) retrieved from /home/airflow/.local/lib/python3.7/site-packages/airflow/example_dags/example_python_operator.py
[2022-10-06T00:45:47.374+0000] {logging_mixin.py:117} INFO - [2022-10-06T00:45:47.374+0000] {dag.py:2573} INFO - Sync 1 DAGs
[2022-10-06T00:45:47.392+0000] {logging_mixin.py:117} INFO - [2022-10-06T00:45:47.392+0000] {dag.py:3328} INFO - Setting next_dagrun for example_python_operator to None, run_after=None
[2022-10-06T00:45:47.406+0000] {processor.py:178} INFO - Processing /home/airflow/.local/lib/python3.7/site-packages/airflow/example_dags/example_python_operator.py took 0.083 seconds
[2022-10-06T00:46:18.207+0000] {processor.py:156} INFO - Started process (PID=989) to work on /home/airflow/.local/lib/python3.7/site-packages/airflow/example_dags/example_python_operator.py
[2022-10-06T00:46:18.208+0000] {processor.py:758} INFO - Processing file /home/airflow/.local/lib/python3.7/site-packages/airflow/example_dags/example_python_operator.py for tasks to queue
[2022-10-06T00:46:18.208+0000] {logging_mixin.py:117} INFO - [2022-10-06T00:46:18.208+0000] {dagbag.py:525} INFO - Filling up the DagBag from /home/airflow/.local/lib/python3.7/site-packages/airflow/example_dags/example_python_operator.py
[2022-10-06T00:46:18.223+0000] {processor.py:768} INFO - DAG(s) dict_keys(['example_python_operator']) retrieved from /home/airflow/.local/lib/python3.7/site-packages/airflow/example_dags/example_python_operator.py
[2022-10-06T00:46:18.247+0000] {logging_mixin.py:117} INFO - [2022-10-06T00:46:18.247+0000] {dag.py:2573} INFO - Sync 1 DAGs
[2022-10-06T00:46:18.265+0000] {logging_mixin.py:117} INFO - [2022-10-06T00:46:18.265+0000] {dag.py:3328} INFO - Setting next_dagrun for example_python_operator to None, run_after=None
[2022-10-06T00:46:18.278+0000] {processor.py:178} INFO - Processing /home/airflow/.local/lib/python3.7/site-packages/airflow/example_dags/example_python_operator.py took 0.072 seconds
[2022-10-06T00:46:48.989+0000] {processor.py:156} INFO - Started process (PID=1053) to work on /home/airflow/.local/lib/python3.7/site-packages/airflow/example_dags/example_python_operator.py
[2022-10-06T00:46:48.990+0000] {processor.py:758} INFO - Processing file /home/airflow/.local/lib/python3.7/site-packages/airflow/example_dags/example_python_operator.py for tasks to queue
[2022-10-06T00:46:48.990+0000] {logging_mixin.py:117} INFO - [2022-10-06T00:46:48.990+0000] {dagbag.py:525} INFO - Filling up the DagBag from /home/airflow/.local/lib/python3.7/site-packages/airflow/example_dags/example_python_operator.py
[2022-10-06T00:46:49.006+0000] {processor.py:768} INFO - DAG(s) dict_keys(['example_python_operator']) retrieved from /home/airflow/.local/lib/python3.7/site-packages/airflow/example_dags/example_python_operator.py
[2022-10-06T00:46:49.030+0000] {logging_mixin.py:117} INFO - [2022-10-06T00:46:49.030+0000] {dag.py:2573} INFO - Sync 1 DAGs
[2022-10-06T00:46:49.046+0000] {logging_mixin.py:117} INFO - [2022-10-06T00:46:49.046+0000] {dag.py:3328} INFO - Setting next_dagrun for example_python_operator to None, run_after=None
[2022-10-06T00:46:49.061+0000] {processor.py:178} INFO - Processing /home/airflow/.local/lib/python3.7/site-packages/airflow/example_dags/example_python_operator.py took 0.073 seconds
[2022-10-06T00:47:20.036+0000] {processor.py:156} INFO - Started process (PID=1116) to work on /home/airflow/.local/lib/python3.7/site-packages/airflow/example_dags/example_python_operator.py
[2022-10-06T00:47:20.037+0000] {processor.py:758} INFO - Processing file /home/airflow/.local/lib/python3.7/site-packages/airflow/example_dags/example_python_operator.py for tasks to queue
[2022-10-06T00:47:20.037+0000] {logging_mixin.py:117} INFO - [2022-10-06T00:47:20.037+0000] {dagbag.py:525} INFO - Filling up the DagBag from /home/airflow/.local/lib/python3.7/site-packages/airflow/example_dags/example_python_operator.py
[2022-10-06T00:47:20.062+0000] {processor.py:768} INFO - DAG(s) dict_keys(['example_python_operator']) retrieved from /home/airflow/.local/lib/python3.7/site-packages/airflow/example_dags/example_python_operator.py
[2022-10-06T00:47:20.095+0000] {logging_mixin.py:117} INFO - [2022-10-06T00:47:20.095+0000] {dag.py:2573} INFO - Sync 1 DAGs
[2022-10-06T00:47:20.117+0000] {logging_mixin.py:117} INFO - [2022-10-06T00:47:20.117+0000] {dag.py:3328} INFO - Setting next_dagrun for example_python_operator to None, run_after=None
[2022-10-06T00:47:20.131+0000] {processor.py:178} INFO - Processing /home/airflow/.local/lib/python3.7/site-packages/airflow/example_dags/example_python_operator.py took 0.097 seconds
[2022-10-06T00:47:51.114+0000] {processor.py:156} INFO - Started process (PID=1177) to work on /home/airflow/.local/lib/python3.7/site-packages/airflow/example_dags/example_python_operator.py
[2022-10-06T00:47:51.115+0000] {processor.py:758} INFO - Processing file /home/airflow/.local/lib/python3.7/site-packages/airflow/example_dags/example_python_operator.py for tasks to queue
[2022-10-06T00:47:51.115+0000] {logging_mixin.py:117} INFO - [2022-10-06T00:47:51.115+0000] {dagbag.py:525} INFO - Filling up the DagBag from /home/airflow/.local/lib/python3.7/site-packages/airflow/example_dags/example_python_operator.py
[2022-10-06T00:47:51.133+0000] {processor.py:768} INFO - DAG(s) dict_keys(['example_python_operator']) retrieved from /home/airflow/.local/lib/python3.7/site-packages/airflow/example_dags/example_python_operator.py
[2022-10-06T00:47:51.161+0000] {logging_mixin.py:117} INFO - [2022-10-06T00:47:51.161+0000] {dag.py:2573} INFO - Sync 1 DAGs
[2022-10-06T00:47:51.183+0000] {logging_mixin.py:117} INFO - [2022-10-06T00:47:51.183+0000] {dag.py:3328} INFO - Setting next_dagrun for example_python_operator to None, run_after=None
[2022-10-06T00:47:51.197+0000] {processor.py:178} INFO - Processing /home/airflow/.local/lib/python3.7/site-packages/airflow/example_dags/example_python_operator.py took 0.084 seconds
[2022-10-06T00:48:21.350+0000] {processor.py:156} INFO - Started process (PID=1236) to work on /home/airflow/.local/lib/python3.7/site-packages/airflow/example_dags/example_python_operator.py
[2022-10-06T00:48:21.351+0000] {processor.py:758} INFO - Processing file /home/airflow/.local/lib/python3.7/site-packages/airflow/example_dags/example_python_operator.py for tasks to queue
[2022-10-06T00:48:21.351+0000] {logging_mixin.py:117} INFO - [2022-10-06T00:48:21.351+0000] {dagbag.py:525} INFO - Filling up the DagBag from /home/airflow/.local/lib/python3.7/site-packages/airflow/example_dags/example_python_operator.py
[2022-10-06T00:48:21.367+0000] {processor.py:768} INFO - DAG(s) dict_keys(['example_python_operator']) retrieved from /home/airflow/.local/lib/python3.7/site-packages/airflow/example_dags/example_python_operator.py
[2022-10-06T00:48:21.392+0000] {logging_mixin.py:117} INFO - [2022-10-06T00:48:21.392+0000] {dag.py:2573} INFO - Sync 1 DAGs
[2022-10-06T00:48:21.408+0000] {logging_mixin.py:117} INFO - [2022-10-06T00:48:21.408+0000] {dag.py:3328} INFO - Setting next_dagrun for example_python_operator to None, run_after=None
[2022-10-06T00:48:21.422+0000] {processor.py:178} INFO - Processing /home/airflow/.local/lib/python3.7/site-packages/airflow/example_dags/example_python_operator.py took 0.073 seconds
[2022-10-06T00:48:51.650+0000] {processor.py:156} INFO - Started process (PID=1300) to work on /home/airflow/.local/lib/python3.7/site-packages/airflow/example_dags/example_python_operator.py
[2022-10-06T00:48:51.651+0000] {processor.py:758} INFO - Processing file /home/airflow/.local/lib/python3.7/site-packages/airflow/example_dags/example_python_operator.py for tasks to queue
[2022-10-06T00:48:51.651+0000] {logging_mixin.py:117} INFO - [2022-10-06T00:48:51.651+0000] {dagbag.py:525} INFO - Filling up the DagBag from /home/airflow/.local/lib/python3.7/site-packages/airflow/example_dags/example_python_operator.py
[2022-10-06T00:48:51.669+0000] {processor.py:768} INFO - DAG(s) dict_keys(['example_python_operator']) retrieved from /home/airflow/.local/lib/python3.7/site-packages/airflow/example_dags/example_python_operator.py
[2022-10-06T00:48:51.698+0000] {logging_mixin.py:117} INFO - [2022-10-06T00:48:51.697+0000] {dag.py:2573} INFO - Sync 1 DAGs
[2022-10-06T00:48:51.716+0000] {logging_mixin.py:117} INFO - [2022-10-06T00:48:51.716+0000] {dag.py:3328} INFO - Setting next_dagrun for example_python_operator to None, run_after=None
[2022-10-06T00:48:51.733+0000] {processor.py:178} INFO - Processing /home/airflow/.local/lib/python3.7/site-packages/airflow/example_dags/example_python_operator.py took 0.084 seconds
[2022-10-06T00:49:22.775+0000] {processor.py:156} INFO - Started process (PID=1365) to work on /home/airflow/.local/lib/python3.7/site-packages/airflow/example_dags/example_python_operator.py
[2022-10-06T00:49:22.775+0000] {processor.py:758} INFO - Processing file /home/airflow/.local/lib/python3.7/site-packages/airflow/example_dags/example_python_operator.py for tasks to queue
[2022-10-06T00:49:22.775+0000] {logging_mixin.py:117} INFO - [2022-10-06T00:49:22.775+0000] {dagbag.py:525} INFO - Filling up the DagBag from /home/airflow/.local/lib/python3.7/site-packages/airflow/example_dags/example_python_operator.py
[2022-10-06T00:49:22.791+0000] {processor.py:768} INFO - DAG(s) dict_keys(['example_python_operator']) retrieved from /home/airflow/.local/lib/python3.7/site-packages/airflow/example_dags/example_python_operator.py
[2022-10-06T00:49:22.835+0000] {logging_mixin.py:117} INFO - [2022-10-06T00:49:22.834+0000] {dag.py:2573} INFO - Sync 1 DAGs
[2022-10-06T00:49:22.869+0000] {logging_mixin.py:117} INFO - [2022-10-06T00:49:22.869+0000] {dag.py:3328} INFO - Setting next_dagrun for example_python_operator to None, run_after=None
[2022-10-06T00:49:22.885+0000] {processor.py:178} INFO - Processing /home/airflow/.local/lib/python3.7/site-packages/airflow/example_dags/example_python_operator.py took 0.112 seconds
