[2022-10-06T00:38:36.022+0000] {processor.py:156} INFO - Started process (PID=57) to work on /home/airflow/.local/lib/python3.7/site-packages/airflow/example_dags/example_dag_decorator.py
[2022-10-06T00:38:36.023+0000] {processor.py:758} INFO - Processing file /home/airflow/.local/lib/python3.7/site-packages/airflow/example_dags/example_dag_decorator.py for tasks to queue
[2022-10-06T00:38:36.023+0000] {logging_mixin.py:117} INFO - [2022-10-06T00:38:36.023+0000] {dagbag.py:525} INFO - Filling up the DagBag from /home/airflow/.local/lib/python3.7/site-packages/airflow/example_dags/example_dag_decorator.py
[2022-10-06T00:38:36.052+0000] {processor.py:768} INFO - DAG(s) dict_keys(['example_dag_decorator']) retrieved from /home/airflow/.local/lib/python3.7/site-packages/airflow/example_dags/example_dag_decorator.py
[2022-10-06T00:38:36.301+0000] {logging_mixin.py:117} INFO - [2022-10-06T00:38:36.301+0000] {dag.py:2573} INFO - Sync 1 DAGs
[2022-10-06T00:38:36.331+0000] {logging_mixin.py:117} INFO - [2022-10-06T00:38:36.330+0000] {dag.py:3328} INFO - Setting next_dagrun for example_dag_decorator to None, run_after=None
[2022-10-06T00:38:36.351+0000] {processor.py:178} INFO - Processing /home/airflow/.local/lib/python3.7/site-packages/airflow/example_dags/example_dag_decorator.py took 0.331 seconds
[2022-10-06T00:39:06.796+0000] {processor.py:156} INFO - Started process (PID=121) to work on /home/airflow/.local/lib/python3.7/site-packages/airflow/example_dags/example_dag_decorator.py
[2022-10-06T00:39:06.797+0000] {processor.py:758} INFO - Processing file /home/airflow/.local/lib/python3.7/site-packages/airflow/example_dags/example_dag_decorator.py for tasks to queue
[2022-10-06T00:39:06.798+0000] {logging_mixin.py:117} INFO - [2022-10-06T00:39:06.798+0000] {dagbag.py:525} INFO - Filling up the DagBag from /home/airflow/.local/lib/python3.7/site-packages/airflow/example_dags/example_dag_decorator.py
[2022-10-06T00:39:06.905+0000] {processor.py:768} INFO - DAG(s) dict_keys(['example_dag_decorator']) retrieved from /home/airflow/.local/lib/python3.7/site-packages/airflow/example_dags/example_dag_decorator.py
[2022-10-06T00:39:06.918+0000] {logging_mixin.py:117} INFO - [2022-10-06T00:39:06.918+0000] {dag.py:2573} INFO - Sync 1 DAGs
[2022-10-06T00:39:06.937+0000] {logging_mixin.py:117} INFO - [2022-10-06T00:39:06.937+0000] {dag.py:3328} INFO - Setting next_dagrun for example_dag_decorator to None, run_after=None
[2022-10-06T00:39:06.950+0000] {processor.py:178} INFO - Processing /home/airflow/.local/lib/python3.7/site-packages/airflow/example_dags/example_dag_decorator.py took 0.155 seconds
[2022-10-06T00:39:37.497+0000] {processor.py:156} INFO - Started process (PID=186) to work on /home/airflow/.local/lib/python3.7/site-packages/airflow/example_dags/example_dag_decorator.py
[2022-10-06T00:39:37.498+0000] {processor.py:758} INFO - Processing file /home/airflow/.local/lib/python3.7/site-packages/airflow/example_dags/example_dag_decorator.py for tasks to queue
[2022-10-06T00:39:37.498+0000] {logging_mixin.py:117} INFO - [2022-10-06T00:39:37.498+0000] {dagbag.py:525} INFO - Filling up the DagBag from /home/airflow/.local/lib/python3.7/site-packages/airflow/example_dags/example_dag_decorator.py
[2022-10-06T00:39:37.626+0000] {processor.py:768} INFO - DAG(s) dict_keys(['example_dag_decorator']) retrieved from /home/airflow/.local/lib/python3.7/site-packages/airflow/example_dags/example_dag_decorator.py
[2022-10-06T00:39:37.683+0000] {logging_mixin.py:117} INFO - [2022-10-06T00:39:37.683+0000] {dag.py:2573} INFO - Sync 1 DAGs
[2022-10-06T00:39:37.701+0000] {logging_mixin.py:117} INFO - [2022-10-06T00:39:37.701+0000] {dag.py:3328} INFO - Setting next_dagrun for example_dag_decorator to None, run_after=None
[2022-10-06T00:39:37.718+0000] {processor.py:178} INFO - Processing /home/airflow/.local/lib/python3.7/site-packages/airflow/example_dags/example_dag_decorator.py took 0.223 seconds
[2022-10-06T00:40:08.302+0000] {processor.py:156} INFO - Started process (PID=250) to work on /home/airflow/.local/lib/python3.7/site-packages/airflow/example_dags/example_dag_decorator.py
[2022-10-06T00:40:08.303+0000] {processor.py:758} INFO - Processing file /home/airflow/.local/lib/python3.7/site-packages/airflow/example_dags/example_dag_decorator.py for tasks to queue
[2022-10-06T00:40:08.303+0000] {logging_mixin.py:117} INFO - [2022-10-06T00:40:08.303+0000] {dagbag.py:525} INFO - Filling up the DagBag from /home/airflow/.local/lib/python3.7/site-packages/airflow/example_dags/example_dag_decorator.py
[2022-10-06T00:40:08.322+0000] {processor.py:768} INFO - DAG(s) dict_keys(['example_dag_decorator']) retrieved from /home/airflow/.local/lib/python3.7/site-packages/airflow/example_dags/example_dag_decorator.py
[2022-10-06T00:40:08.382+0000] {logging_mixin.py:117} INFO - [2022-10-06T00:40:08.382+0000] {dag.py:2573} INFO - Sync 1 DAGs
[2022-10-06T00:40:08.401+0000] {logging_mixin.py:117} INFO - [2022-10-06T00:40:08.401+0000] {dag.py:3328} INFO - Setting next_dagrun for example_dag_decorator to None, run_after=None
[2022-10-06T00:40:08.415+0000] {processor.py:178} INFO - Processing /home/airflow/.local/lib/python3.7/site-packages/airflow/example_dags/example_dag_decorator.py took 0.115 seconds
[2022-10-06T00:40:39.199+0000] {processor.py:156} INFO - Started process (PID=305) to work on /home/airflow/.local/lib/python3.7/site-packages/airflow/example_dags/example_dag_decorator.py
[2022-10-06T00:40:39.199+0000] {processor.py:758} INFO - Processing file /home/airflow/.local/lib/python3.7/site-packages/airflow/example_dags/example_dag_decorator.py for tasks to queue
[2022-10-06T00:40:39.200+0000] {logging_mixin.py:117} INFO - [2022-10-06T00:40:39.200+0000] {dagbag.py:525} INFO - Filling up the DagBag from /home/airflow/.local/lib/python3.7/site-packages/airflow/example_dags/example_dag_decorator.py
[2022-10-06T00:40:39.219+0000] {processor.py:768} INFO - DAG(s) dict_keys(['example_dag_decorator']) retrieved from /home/airflow/.local/lib/python3.7/site-packages/airflow/example_dags/example_dag_decorator.py
[2022-10-06T00:40:39.281+0000] {logging_mixin.py:117} INFO - [2022-10-06T00:40:39.281+0000] {dag.py:2573} INFO - Sync 1 DAGs
[2022-10-06T00:40:39.302+0000] {logging_mixin.py:117} INFO - [2022-10-06T00:40:39.301+0000] {dag.py:3328} INFO - Setting next_dagrun for example_dag_decorator to None, run_after=None
[2022-10-06T00:40:39.315+0000] {processor.py:178} INFO - Processing /home/airflow/.local/lib/python3.7/site-packages/airflow/example_dags/example_dag_decorator.py took 0.118 seconds
[2022-10-06T00:41:09.409+0000] {processor.py:156} INFO - Started process (PID=369) to work on /home/airflow/.local/lib/python3.7/site-packages/airflow/example_dags/example_dag_decorator.py
[2022-10-06T00:41:09.410+0000] {processor.py:758} INFO - Processing file /home/airflow/.local/lib/python3.7/site-packages/airflow/example_dags/example_dag_decorator.py for tasks to queue
[2022-10-06T00:41:09.410+0000] {logging_mixin.py:117} INFO - [2022-10-06T00:41:09.410+0000] {dagbag.py:525} INFO - Filling up the DagBag from /home/airflow/.local/lib/python3.7/site-packages/airflow/example_dags/example_dag_decorator.py
[2022-10-06T00:41:09.433+0000] {processor.py:768} INFO - DAG(s) dict_keys(['example_dag_decorator']) retrieved from /home/airflow/.local/lib/python3.7/site-packages/airflow/example_dags/example_dag_decorator.py
[2022-10-06T00:41:09.500+0000] {logging_mixin.py:117} INFO - [2022-10-06T00:41:09.500+0000] {dag.py:2573} INFO - Sync 1 DAGs
[2022-10-06T00:41:09.520+0000] {logging_mixin.py:117} INFO - [2022-10-06T00:41:09.519+0000] {dag.py:3328} INFO - Setting next_dagrun for example_dag_decorator to None, run_after=None
[2022-10-06T00:41:09.534+0000] {processor.py:178} INFO - Processing /home/airflow/.local/lib/python3.7/site-packages/airflow/example_dags/example_dag_decorator.py took 0.127 seconds
[2022-10-06T00:41:40.462+0000] {processor.py:156} INFO - Started process (PID=433) to work on /home/airflow/.local/lib/python3.7/site-packages/airflow/example_dags/example_dag_decorator.py
[2022-10-06T00:41:40.463+0000] {processor.py:758} INFO - Processing file /home/airflow/.local/lib/python3.7/site-packages/airflow/example_dags/example_dag_decorator.py for tasks to queue
[2022-10-06T00:41:40.463+0000] {logging_mixin.py:117} INFO - [2022-10-06T00:41:40.463+0000] {dagbag.py:525} INFO - Filling up the DagBag from /home/airflow/.local/lib/python3.7/site-packages/airflow/example_dags/example_dag_decorator.py
[2022-10-06T00:41:40.482+0000] {processor.py:768} INFO - DAG(s) dict_keys(['example_dag_decorator']) retrieved from /home/airflow/.local/lib/python3.7/site-packages/airflow/example_dags/example_dag_decorator.py
[2022-10-06T00:41:40.541+0000] {logging_mixin.py:117} INFO - [2022-10-06T00:41:40.541+0000] {dag.py:2573} INFO - Sync 1 DAGs
[2022-10-06T00:41:40.561+0000] {logging_mixin.py:117} INFO - [2022-10-06T00:41:40.561+0000] {dag.py:3328} INFO - Setting next_dagrun for example_dag_decorator to None, run_after=None
[2022-10-06T00:41:40.577+0000] {processor.py:178} INFO - Processing /home/airflow/.local/lib/python3.7/site-packages/airflow/example_dags/example_dag_decorator.py took 0.117 seconds
[2022-10-06T00:42:11.677+0000] {processor.py:156} INFO - Started process (PID=497) to work on /home/airflow/.local/lib/python3.7/site-packages/airflow/example_dags/example_dag_decorator.py
[2022-10-06T00:42:11.678+0000] {processor.py:758} INFO - Processing file /home/airflow/.local/lib/python3.7/site-packages/airflow/example_dags/example_dag_decorator.py for tasks to queue
[2022-10-06T00:42:11.678+0000] {logging_mixin.py:117} INFO - [2022-10-06T00:42:11.678+0000] {dagbag.py:525} INFO - Filling up the DagBag from /home/airflow/.local/lib/python3.7/site-packages/airflow/example_dags/example_dag_decorator.py
[2022-10-06T00:42:11.699+0000] {processor.py:768} INFO - DAG(s) dict_keys(['example_dag_decorator']) retrieved from /home/airflow/.local/lib/python3.7/site-packages/airflow/example_dags/example_dag_decorator.py
[2022-10-06T00:42:11.763+0000] {logging_mixin.py:117} INFO - [2022-10-06T00:42:11.763+0000] {dag.py:2573} INFO - Sync 1 DAGs
[2022-10-06T00:42:11.782+0000] {logging_mixin.py:117} INFO - [2022-10-06T00:42:11.781+0000] {dag.py:3328} INFO - Setting next_dagrun for example_dag_decorator to None, run_after=None
[2022-10-06T00:42:11.796+0000] {processor.py:178} INFO - Processing /home/airflow/.local/lib/python3.7/site-packages/airflow/example_dags/example_dag_decorator.py took 0.120 seconds
[2022-10-06T00:42:41.901+0000] {processor.py:156} INFO - Started process (PID=552) to work on /home/airflow/.local/lib/python3.7/site-packages/airflow/example_dags/example_dag_decorator.py
[2022-10-06T00:42:41.901+0000] {processor.py:758} INFO - Processing file /home/airflow/.local/lib/python3.7/site-packages/airflow/example_dags/example_dag_decorator.py for tasks to queue
[2022-10-06T00:42:41.902+0000] {logging_mixin.py:117} INFO - [2022-10-06T00:42:41.902+0000] {dagbag.py:525} INFO - Filling up the DagBag from /home/airflow/.local/lib/python3.7/site-packages/airflow/example_dags/example_dag_decorator.py
[2022-10-06T00:42:41.921+0000] {processor.py:768} INFO - DAG(s) dict_keys(['example_dag_decorator']) retrieved from /home/airflow/.local/lib/python3.7/site-packages/airflow/example_dags/example_dag_decorator.py
[2022-10-06T00:42:41.977+0000] {logging_mixin.py:117} INFO - [2022-10-06T00:42:41.976+0000] {dag.py:2573} INFO - Sync 1 DAGs
[2022-10-06T00:42:41.993+0000] {logging_mixin.py:117} INFO - [2022-10-06T00:42:41.993+0000] {dag.py:3328} INFO - Setting next_dagrun for example_dag_decorator to None, run_after=None
[2022-10-06T00:42:42.006+0000] {processor.py:178} INFO - Processing /home/airflow/.local/lib/python3.7/site-packages/airflow/example_dags/example_dag_decorator.py took 0.107 seconds
[2022-10-06T00:43:12.825+0000] {processor.py:156} INFO - Started process (PID=616) to work on /home/airflow/.local/lib/python3.7/site-packages/airflow/example_dags/example_dag_decorator.py
[2022-10-06T00:43:12.826+0000] {processor.py:758} INFO - Processing file /home/airflow/.local/lib/python3.7/site-packages/airflow/example_dags/example_dag_decorator.py for tasks to queue
[2022-10-06T00:43:12.826+0000] {logging_mixin.py:117} INFO - [2022-10-06T00:43:12.826+0000] {dagbag.py:525} INFO - Filling up the DagBag from /home/airflow/.local/lib/python3.7/site-packages/airflow/example_dags/example_dag_decorator.py
[2022-10-06T00:43:12.845+0000] {processor.py:768} INFO - DAG(s) dict_keys(['example_dag_decorator']) retrieved from /home/airflow/.local/lib/python3.7/site-packages/airflow/example_dags/example_dag_decorator.py
[2022-10-06T00:43:12.905+0000] {logging_mixin.py:117} INFO - [2022-10-06T00:43:12.905+0000] {dag.py:2573} INFO - Sync 1 DAGs
[2022-10-06T00:43:12.925+0000] {logging_mixin.py:117} INFO - [2022-10-06T00:43:12.925+0000] {dag.py:3328} INFO - Setting next_dagrun for example_dag_decorator to None, run_after=None
[2022-10-06T00:43:12.941+0000] {processor.py:178} INFO - Processing /home/airflow/.local/lib/python3.7/site-packages/airflow/example_dags/example_dag_decorator.py took 0.117 seconds
[2022-10-06T00:43:43.872+0000] {processor.py:156} INFO - Started process (PID=680) to work on /home/airflow/.local/lib/python3.7/site-packages/airflow/example_dags/example_dag_decorator.py
[2022-10-06T00:43:43.872+0000] {processor.py:758} INFO - Processing file /home/airflow/.local/lib/python3.7/site-packages/airflow/example_dags/example_dag_decorator.py for tasks to queue
[2022-10-06T00:43:43.873+0000] {logging_mixin.py:117} INFO - [2022-10-06T00:43:43.873+0000] {dagbag.py:525} INFO - Filling up the DagBag from /home/airflow/.local/lib/python3.7/site-packages/airflow/example_dags/example_dag_decorator.py
[2022-10-06T00:43:43.890+0000] {processor.py:768} INFO - DAG(s) dict_keys(['example_dag_decorator']) retrieved from /home/airflow/.local/lib/python3.7/site-packages/airflow/example_dags/example_dag_decorator.py
[2022-10-06T00:43:43.947+0000] {logging_mixin.py:117} INFO - [2022-10-06T00:43:43.947+0000] {dag.py:2573} INFO - Sync 1 DAGs
[2022-10-06T00:43:43.963+0000] {logging_mixin.py:117} INFO - [2022-10-06T00:43:43.963+0000] {dag.py:3328} INFO - Setting next_dagrun for example_dag_decorator to None, run_after=None
[2022-10-06T00:43:43.977+0000] {processor.py:178} INFO - Processing /home/airflow/.local/lib/python3.7/site-packages/airflow/example_dags/example_dag_decorator.py took 0.106 seconds
[2022-10-06T00:44:14.889+0000] {processor.py:156} INFO - Started process (PID=744) to work on /home/airflow/.local/lib/python3.7/site-packages/airflow/example_dags/example_dag_decorator.py
[2022-10-06T00:44:14.889+0000] {processor.py:758} INFO - Processing file /home/airflow/.local/lib/python3.7/site-packages/airflow/example_dags/example_dag_decorator.py for tasks to queue
[2022-10-06T00:44:14.890+0000] {logging_mixin.py:117} INFO - [2022-10-06T00:44:14.890+0000] {dagbag.py:525} INFO - Filling up the DagBag from /home/airflow/.local/lib/python3.7/site-packages/airflow/example_dags/example_dag_decorator.py
[2022-10-06T00:44:14.909+0000] {processor.py:768} INFO - DAG(s) dict_keys(['example_dag_decorator']) retrieved from /home/airflow/.local/lib/python3.7/site-packages/airflow/example_dags/example_dag_decorator.py
[2022-10-06T00:44:14.966+0000] {logging_mixin.py:117} INFO - [2022-10-06T00:44:14.966+0000] {dag.py:2573} INFO - Sync 1 DAGs
[2022-10-06T00:44:14.982+0000] {logging_mixin.py:117} INFO - [2022-10-06T00:44:14.982+0000] {dag.py:3328} INFO - Setting next_dagrun for example_dag_decorator to None, run_after=None
[2022-10-06T00:44:14.996+0000] {processor.py:178} INFO - Processing /home/airflow/.local/lib/python3.7/site-packages/airflow/example_dags/example_dag_decorator.py took 0.108 seconds
[2022-10-06T00:44:45.670+0000] {processor.py:156} INFO - Started process (PID=808) to work on /home/airflow/.local/lib/python3.7/site-packages/airflow/example_dags/example_dag_decorator.py
[2022-10-06T00:44:45.671+0000] {processor.py:758} INFO - Processing file /home/airflow/.local/lib/python3.7/site-packages/airflow/example_dags/example_dag_decorator.py for tasks to queue
[2022-10-06T00:44:45.671+0000] {logging_mixin.py:117} INFO - [2022-10-06T00:44:45.671+0000] {dagbag.py:525} INFO - Filling up the DagBag from /home/airflow/.local/lib/python3.7/site-packages/airflow/example_dags/example_dag_decorator.py
[2022-10-06T00:44:45.693+0000] {processor.py:768} INFO - DAG(s) dict_keys(['example_dag_decorator']) retrieved from /home/airflow/.local/lib/python3.7/site-packages/airflow/example_dags/example_dag_decorator.py
[2022-10-06T00:44:45.751+0000] {logging_mixin.py:117} INFO - [2022-10-06T00:44:45.750+0000] {dag.py:2573} INFO - Sync 1 DAGs
[2022-10-06T00:44:45.767+0000] {logging_mixin.py:117} INFO - [2022-10-06T00:44:45.767+0000] {dag.py:3328} INFO - Setting next_dagrun for example_dag_decorator to None, run_after=None
[2022-10-06T00:44:45.781+0000] {processor.py:178} INFO - Processing /home/airflow/.local/lib/python3.7/site-packages/airflow/example_dags/example_dag_decorator.py took 0.112 seconds
[2022-10-06T00:45:16.655+0000] {processor.py:156} INFO - Started process (PID=872) to work on /home/airflow/.local/lib/python3.7/site-packages/airflow/example_dags/example_dag_decorator.py
[2022-10-06T00:45:16.656+0000] {processor.py:758} INFO - Processing file /home/airflow/.local/lib/python3.7/site-packages/airflow/example_dags/example_dag_decorator.py for tasks to queue
[2022-10-06T00:45:16.656+0000] {logging_mixin.py:117} INFO - [2022-10-06T00:45:16.656+0000] {dagbag.py:525} INFO - Filling up the DagBag from /home/airflow/.local/lib/python3.7/site-packages/airflow/example_dags/example_dag_decorator.py
[2022-10-06T00:45:16.679+0000] {processor.py:768} INFO - DAG(s) dict_keys(['example_dag_decorator']) retrieved from /home/airflow/.local/lib/python3.7/site-packages/airflow/example_dags/example_dag_decorator.py
[2022-10-06T00:45:16.741+0000] {logging_mixin.py:117} INFO - [2022-10-06T00:45:16.741+0000] {dag.py:2573} INFO - Sync 1 DAGs
[2022-10-06T00:45:16.758+0000] {logging_mixin.py:117} INFO - [2022-10-06T00:45:16.758+0000] {dag.py:3328} INFO - Setting next_dagrun for example_dag_decorator to None, run_after=None
[2022-10-06T00:45:16.771+0000] {processor.py:178} INFO - Processing /home/airflow/.local/lib/python3.7/site-packages/airflow/example_dags/example_dag_decorator.py took 0.117 seconds
[2022-10-06T00:45:47.420+0000] {processor.py:156} INFO - Started process (PID=927) to work on /home/airflow/.local/lib/python3.7/site-packages/airflow/example_dags/example_dag_decorator.py
[2022-10-06T00:45:47.420+0000] {processor.py:758} INFO - Processing file /home/airflow/.local/lib/python3.7/site-packages/airflow/example_dags/example_dag_decorator.py for tasks to queue
[2022-10-06T00:45:47.420+0000] {logging_mixin.py:117} INFO - [2022-10-06T00:45:47.420+0000] {dagbag.py:525} INFO - Filling up the DagBag from /home/airflow/.local/lib/python3.7/site-packages/airflow/example_dags/example_dag_decorator.py
[2022-10-06T00:45:47.441+0000] {processor.py:768} INFO - DAG(s) dict_keys(['example_dag_decorator']) retrieved from /home/airflow/.local/lib/python3.7/site-packages/airflow/example_dags/example_dag_decorator.py
[2022-10-06T00:45:47.502+0000] {logging_mixin.py:117} INFO - [2022-10-06T00:45:47.502+0000] {dag.py:2573} INFO - Sync 1 DAGs
[2022-10-06T00:45:47.519+0000] {logging_mixin.py:117} INFO - [2022-10-06T00:45:47.519+0000] {dag.py:3328} INFO - Setting next_dagrun for example_dag_decorator to None, run_after=None
[2022-10-06T00:45:47.535+0000] {processor.py:178} INFO - Processing /home/airflow/.local/lib/python3.7/site-packages/airflow/example_dags/example_dag_decorator.py took 0.117 seconds
[2022-10-06T00:46:18.359+0000] {processor.py:156} INFO - Started process (PID=991) to work on /home/airflow/.local/lib/python3.7/site-packages/airflow/example_dags/example_dag_decorator.py
[2022-10-06T00:46:18.360+0000] {processor.py:758} INFO - Processing file /home/airflow/.local/lib/python3.7/site-packages/airflow/example_dags/example_dag_decorator.py for tasks to queue
[2022-10-06T00:46:18.360+0000] {logging_mixin.py:117} INFO - [2022-10-06T00:46:18.360+0000] {dagbag.py:525} INFO - Filling up the DagBag from /home/airflow/.local/lib/python3.7/site-packages/airflow/example_dags/example_dag_decorator.py
[2022-10-06T00:46:18.378+0000] {processor.py:768} INFO - DAG(s) dict_keys(['example_dag_decorator']) retrieved from /home/airflow/.local/lib/python3.7/site-packages/airflow/example_dags/example_dag_decorator.py
[2022-10-06T00:46:18.440+0000] {logging_mixin.py:117} INFO - [2022-10-06T00:46:18.440+0000] {dag.py:2573} INFO - Sync 1 DAGs
[2022-10-06T00:46:18.458+0000] {logging_mixin.py:117} INFO - [2022-10-06T00:46:18.458+0000] {dag.py:3328} INFO - Setting next_dagrun for example_dag_decorator to None, run_after=None
[2022-10-06T00:46:18.472+0000] {processor.py:178} INFO - Processing /home/airflow/.local/lib/python3.7/site-packages/airflow/example_dags/example_dag_decorator.py took 0.115 seconds
[2022-10-06T00:46:49.146+0000] {processor.py:156} INFO - Started process (PID=1055) to work on /home/airflow/.local/lib/python3.7/site-packages/airflow/example_dags/example_dag_decorator.py
[2022-10-06T00:46:49.146+0000] {processor.py:758} INFO - Processing file /home/airflow/.local/lib/python3.7/site-packages/airflow/example_dags/example_dag_decorator.py for tasks to queue
[2022-10-06T00:46:49.146+0000] {logging_mixin.py:117} INFO - [2022-10-06T00:46:49.146+0000] {dagbag.py:525} INFO - Filling up the DagBag from /home/airflow/.local/lib/python3.7/site-packages/airflow/example_dags/example_dag_decorator.py
[2022-10-06T00:46:49.167+0000] {processor.py:768} INFO - DAG(s) dict_keys(['example_dag_decorator']) retrieved from /home/airflow/.local/lib/python3.7/site-packages/airflow/example_dags/example_dag_decorator.py
[2022-10-06T00:46:49.225+0000] {logging_mixin.py:117} INFO - [2022-10-06T00:46:49.225+0000] {dag.py:2573} INFO - Sync 1 DAGs
[2022-10-06T00:46:49.242+0000] {logging_mixin.py:117} INFO - [2022-10-06T00:46:49.242+0000] {dag.py:3328} INFO - Setting next_dagrun for example_dag_decorator to None, run_after=None
[2022-10-06T00:46:49.255+0000] {processor.py:178} INFO - Processing /home/airflow/.local/lib/python3.7/site-packages/airflow/example_dags/example_dag_decorator.py took 0.112 seconds
[2022-10-06T00:47:20.139+0000] {processor.py:156} INFO - Started process (PID=1118) to work on /home/airflow/.local/lib/python3.7/site-packages/airflow/example_dags/example_dag_decorator.py
[2022-10-06T00:47:20.139+0000] {processor.py:758} INFO - Processing file /home/airflow/.local/lib/python3.7/site-packages/airflow/example_dags/example_dag_decorator.py for tasks to queue
[2022-10-06T00:47:20.140+0000] {logging_mixin.py:117} INFO - [2022-10-06T00:47:20.140+0000] {dagbag.py:525} INFO - Filling up the DagBag from /home/airflow/.local/lib/python3.7/site-packages/airflow/example_dags/example_dag_decorator.py
[2022-10-06T00:47:20.159+0000] {processor.py:768} INFO - DAG(s) dict_keys(['example_dag_decorator']) retrieved from /home/airflow/.local/lib/python3.7/site-packages/airflow/example_dags/example_dag_decorator.py
[2022-10-06T00:47:20.223+0000] {logging_mixin.py:117} INFO - [2022-10-06T00:47:20.222+0000] {dag.py:2573} INFO - Sync 1 DAGs
[2022-10-06T00:47:20.240+0000] {logging_mixin.py:117} INFO - [2022-10-06T00:47:20.240+0000] {dag.py:3328} INFO - Setting next_dagrun for example_dag_decorator to None, run_after=None
[2022-10-06T00:47:20.253+0000] {processor.py:178} INFO - Processing /home/airflow/.local/lib/python3.7/site-packages/airflow/example_dags/example_dag_decorator.py took 0.116 seconds
[2022-10-06T00:47:51.209+0000] {processor.py:156} INFO - Started process (PID=1180) to work on /home/airflow/.local/lib/python3.7/site-packages/airflow/example_dags/example_dag_decorator.py
[2022-10-06T00:47:51.209+0000] {processor.py:758} INFO - Processing file /home/airflow/.local/lib/python3.7/site-packages/airflow/example_dags/example_dag_decorator.py for tasks to queue
[2022-10-06T00:47:51.210+0000] {logging_mixin.py:117} INFO - [2022-10-06T00:47:51.210+0000] {dagbag.py:525} INFO - Filling up the DagBag from /home/airflow/.local/lib/python3.7/site-packages/airflow/example_dags/example_dag_decorator.py
[2022-10-06T00:47:51.228+0000] {processor.py:768} INFO - DAG(s) dict_keys(['example_dag_decorator']) retrieved from /home/airflow/.local/lib/python3.7/site-packages/airflow/example_dags/example_dag_decorator.py
[2022-10-06T00:47:51.291+0000] {logging_mixin.py:117} INFO - [2022-10-06T00:47:51.291+0000] {dag.py:2573} INFO - Sync 1 DAGs
[2022-10-06T00:47:51.310+0000] {logging_mixin.py:117} INFO - [2022-10-06T00:47:51.310+0000] {dag.py:3328} INFO - Setting next_dagrun for example_dag_decorator to None, run_after=None
[2022-10-06T00:47:51.327+0000] {processor.py:178} INFO - Processing /home/airflow/.local/lib/python3.7/site-packages/airflow/example_dags/example_dag_decorator.py took 0.119 seconds
[2022-10-06T00:48:21.428+0000] {processor.py:156} INFO - Started process (PID=1238) to work on /home/airflow/.local/lib/python3.7/site-packages/airflow/example_dags/example_dag_decorator.py
[2022-10-06T00:48:21.429+0000] {processor.py:758} INFO - Processing file /home/airflow/.local/lib/python3.7/site-packages/airflow/example_dags/example_dag_decorator.py for tasks to queue
[2022-10-06T00:48:21.430+0000] {logging_mixin.py:117} INFO - [2022-10-06T00:48:21.429+0000] {dagbag.py:525} INFO - Filling up the DagBag from /home/airflow/.local/lib/python3.7/site-packages/airflow/example_dags/example_dag_decorator.py
[2022-10-06T00:48:21.449+0000] {processor.py:768} INFO - DAG(s) dict_keys(['example_dag_decorator']) retrieved from /home/airflow/.local/lib/python3.7/site-packages/airflow/example_dags/example_dag_decorator.py
[2022-10-06T00:48:21.511+0000] {logging_mixin.py:117} INFO - [2022-10-06T00:48:21.511+0000] {dag.py:2573} INFO - Sync 1 DAGs
[2022-10-06T00:48:21.528+0000] {logging_mixin.py:117} INFO - [2022-10-06T00:48:21.528+0000] {dag.py:3328} INFO - Setting next_dagrun for example_dag_decorator to None, run_after=None
[2022-10-06T00:48:21.542+0000] {processor.py:178} INFO - Processing /home/airflow/.local/lib/python3.7/site-packages/airflow/example_dags/example_dag_decorator.py took 0.115 seconds
[2022-10-06T00:48:51.747+0000] {processor.py:156} INFO - Started process (PID=1302) to work on /home/airflow/.local/lib/python3.7/site-packages/airflow/example_dags/example_dag_decorator.py
[2022-10-06T00:48:51.747+0000] {processor.py:758} INFO - Processing file /home/airflow/.local/lib/python3.7/site-packages/airflow/example_dags/example_dag_decorator.py for tasks to queue
[2022-10-06T00:48:51.748+0000] {logging_mixin.py:117} INFO - [2022-10-06T00:48:51.748+0000] {dagbag.py:525} INFO - Filling up the DagBag from /home/airflow/.local/lib/python3.7/site-packages/airflow/example_dags/example_dag_decorator.py
[2022-10-06T00:48:51.770+0000] {processor.py:768} INFO - DAG(s) dict_keys(['example_dag_decorator']) retrieved from /home/airflow/.local/lib/python3.7/site-packages/airflow/example_dags/example_dag_decorator.py
[2022-10-06T00:48:51.834+0000] {logging_mixin.py:117} INFO - [2022-10-06T00:48:51.834+0000] {dag.py:2573} INFO - Sync 1 DAGs
[2022-10-06T00:48:51.853+0000] {logging_mixin.py:117} INFO - [2022-10-06T00:48:51.853+0000] {dag.py:3328} INFO - Setting next_dagrun for example_dag_decorator to None, run_after=None
[2022-10-06T00:48:51.868+0000] {processor.py:178} INFO - Processing /home/airflow/.local/lib/python3.7/site-packages/airflow/example_dags/example_dag_decorator.py took 0.124 seconds
[2022-10-06T00:49:22.901+0000] {processor.py:156} INFO - Started process (PID=1367) to work on /home/airflow/.local/lib/python3.7/site-packages/airflow/example_dags/example_dag_decorator.py
[2022-10-06T00:49:22.901+0000] {processor.py:758} INFO - Processing file /home/airflow/.local/lib/python3.7/site-packages/airflow/example_dags/example_dag_decorator.py for tasks to queue
[2022-10-06T00:49:22.902+0000] {logging_mixin.py:117} INFO - [2022-10-06T00:49:22.902+0000] {dagbag.py:525} INFO - Filling up the DagBag from /home/airflow/.local/lib/python3.7/site-packages/airflow/example_dags/example_dag_decorator.py
[2022-10-06T00:49:22.920+0000] {processor.py:768} INFO - DAG(s) dict_keys(['example_dag_decorator']) retrieved from /home/airflow/.local/lib/python3.7/site-packages/airflow/example_dags/example_dag_decorator.py
[2022-10-06T00:49:22.987+0000] {logging_mixin.py:117} INFO - [2022-10-06T00:49:22.986+0000] {dag.py:2573} INFO - Sync 1 DAGs
[2022-10-06T00:49:23.005+0000] {logging_mixin.py:117} INFO - [2022-10-06T00:49:23.005+0000] {dag.py:3328} INFO - Setting next_dagrun for example_dag_decorator to None, run_after=None
[2022-10-06T00:49:23.019+0000] {processor.py:178} INFO - Processing /home/airflow/.local/lib/python3.7/site-packages/airflow/example_dags/example_dag_decorator.py took 0.120 seconds
[2022-10-06T23:51:07.990+0000] {processor.py:156} INFO - Started process (PID=58) to work on /home/airflow/.local/lib/python3.7/site-packages/airflow/example_dags/example_dag_decorator.py
[2022-10-06T23:51:07.990+0000] {processor.py:758} INFO - Processing file /home/airflow/.local/lib/python3.7/site-packages/airflow/example_dags/example_dag_decorator.py for tasks to queue
[2022-10-06T23:51:07.991+0000] {logging_mixin.py:117} INFO - [2022-10-06T23:51:07.991+0000] {dagbag.py:525} INFO - Filling up the DagBag from /home/airflow/.local/lib/python3.7/site-packages/airflow/example_dags/example_dag_decorator.py
[2022-10-06T23:51:08.018+0000] {processor.py:768} INFO - DAG(s) dict_keys(['example_dag_decorator']) retrieved from /home/airflow/.local/lib/python3.7/site-packages/airflow/example_dags/example_dag_decorator.py
[2022-10-06T23:51:08.038+0000] {logging_mixin.py:117} INFO - [2022-10-06T23:51:08.037+0000] {dag.py:2573} INFO - Sync 1 DAGs
[2022-10-06T23:51:08.060+0000] {logging_mixin.py:117} INFO - [2022-10-06T23:51:08.060+0000] {dag.py:3328} INFO - Setting next_dagrun for example_dag_decorator to None, run_after=None
[2022-10-06T23:51:08.073+0000] {processor.py:178} INFO - Processing /home/airflow/.local/lib/python3.7/site-packages/airflow/example_dags/example_dag_decorator.py took 0.086 seconds
[2022-10-06T23:51:38.912+0000] {processor.py:156} INFO - Started process (PID=122) to work on /home/airflow/.local/lib/python3.7/site-packages/airflow/example_dags/example_dag_decorator.py
[2022-10-06T23:51:38.912+0000] {processor.py:758} INFO - Processing file /home/airflow/.local/lib/python3.7/site-packages/airflow/example_dags/example_dag_decorator.py for tasks to queue
[2022-10-06T23:51:38.912+0000] {logging_mixin.py:117} INFO - [2022-10-06T23:51:38.912+0000] {dagbag.py:525} INFO - Filling up the DagBag from /home/airflow/.local/lib/python3.7/site-packages/airflow/example_dags/example_dag_decorator.py
[2022-10-06T23:51:38.933+0000] {processor.py:768} INFO - DAG(s) dict_keys(['example_dag_decorator']) retrieved from /home/airflow/.local/lib/python3.7/site-packages/airflow/example_dags/example_dag_decorator.py
[2022-10-06T23:51:39.000+0000] {logging_mixin.py:117} INFO - [2022-10-06T23:51:39.000+0000] {dag.py:2573} INFO - Sync 1 DAGs
[2022-10-06T23:51:39.020+0000] {logging_mixin.py:117} INFO - [2022-10-06T23:51:39.020+0000] {dag.py:3328} INFO - Setting next_dagrun for example_dag_decorator to None, run_after=None
[2022-10-06T23:51:39.037+0000] {processor.py:178} INFO - Processing /home/airflow/.local/lib/python3.7/site-packages/airflow/example_dags/example_dag_decorator.py took 0.127 seconds
[2022-10-06T23:52:09.235+0000] {processor.py:156} INFO - Started process (PID=187) to work on /home/airflow/.local/lib/python3.7/site-packages/airflow/example_dags/example_dag_decorator.py
[2022-10-06T23:52:09.236+0000] {processor.py:758} INFO - Processing file /home/airflow/.local/lib/python3.7/site-packages/airflow/example_dags/example_dag_decorator.py for tasks to queue
[2022-10-06T23:52:09.236+0000] {logging_mixin.py:117} INFO - [2022-10-06T23:52:09.236+0000] {dagbag.py:525} INFO - Filling up the DagBag from /home/airflow/.local/lib/python3.7/site-packages/airflow/example_dags/example_dag_decorator.py
[2022-10-06T23:52:09.254+0000] {processor.py:768} INFO - DAG(s) dict_keys(['example_dag_decorator']) retrieved from /home/airflow/.local/lib/python3.7/site-packages/airflow/example_dags/example_dag_decorator.py
[2022-10-06T23:52:09.316+0000] {logging_mixin.py:117} INFO - [2022-10-06T23:52:09.315+0000] {dag.py:2573} INFO - Sync 1 DAGs
[2022-10-06T23:52:09.332+0000] {logging_mixin.py:117} INFO - [2022-10-06T23:52:09.332+0000] {dag.py:3328} INFO - Setting next_dagrun for example_dag_decorator to None, run_after=None
[2022-10-06T23:52:09.346+0000] {processor.py:178} INFO - Processing /home/airflow/.local/lib/python3.7/site-packages/airflow/example_dags/example_dag_decorator.py took 0.112 seconds
[2022-10-06T23:52:40.203+0000] {processor.py:156} INFO - Started process (PID=251) to work on /home/airflow/.local/lib/python3.7/site-packages/airflow/example_dags/example_dag_decorator.py
[2022-10-06T23:52:40.204+0000] {processor.py:758} INFO - Processing file /home/airflow/.local/lib/python3.7/site-packages/airflow/example_dags/example_dag_decorator.py for tasks to queue
[2022-10-06T23:52:40.204+0000] {logging_mixin.py:117} INFO - [2022-10-06T23:52:40.204+0000] {dagbag.py:525} INFO - Filling up the DagBag from /home/airflow/.local/lib/python3.7/site-packages/airflow/example_dags/example_dag_decorator.py
[2022-10-06T23:52:40.224+0000] {processor.py:768} INFO - DAG(s) dict_keys(['example_dag_decorator']) retrieved from /home/airflow/.local/lib/python3.7/site-packages/airflow/example_dags/example_dag_decorator.py
[2022-10-06T23:52:40.292+0000] {logging_mixin.py:117} INFO - [2022-10-06T23:52:40.292+0000] {dag.py:2573} INFO - Sync 1 DAGs
[2022-10-06T23:52:40.312+0000] {logging_mixin.py:117} INFO - [2022-10-06T23:52:40.312+0000] {dag.py:3328} INFO - Setting next_dagrun for example_dag_decorator to None, run_after=None
[2022-10-06T23:52:40.328+0000] {processor.py:178} INFO - Processing /home/airflow/.local/lib/python3.7/site-packages/airflow/example_dags/example_dag_decorator.py took 0.127 seconds
[2022-10-06T23:53:10.551+0000] {processor.py:156} INFO - Started process (PID=306) to work on /home/airflow/.local/lib/python3.7/site-packages/airflow/example_dags/example_dag_decorator.py
[2022-10-06T23:53:10.551+0000] {processor.py:758} INFO - Processing file /home/airflow/.local/lib/python3.7/site-packages/airflow/example_dags/example_dag_decorator.py for tasks to queue
[2022-10-06T23:53:10.552+0000] {logging_mixin.py:117} INFO - [2022-10-06T23:53:10.552+0000] {dagbag.py:525} INFO - Filling up the DagBag from /home/airflow/.local/lib/python3.7/site-packages/airflow/example_dags/example_dag_decorator.py
[2022-10-06T23:53:10.570+0000] {processor.py:768} INFO - DAG(s) dict_keys(['example_dag_decorator']) retrieved from /home/airflow/.local/lib/python3.7/site-packages/airflow/example_dags/example_dag_decorator.py
[2022-10-06T23:53:10.625+0000] {logging_mixin.py:117} INFO - [2022-10-06T23:53:10.625+0000] {dag.py:2573} INFO - Sync 1 DAGs
[2022-10-06T23:53:10.642+0000] {logging_mixin.py:117} INFO - [2022-10-06T23:53:10.641+0000] {dag.py:3328} INFO - Setting next_dagrun for example_dag_decorator to None, run_after=None
[2022-10-06T23:53:10.655+0000] {processor.py:178} INFO - Processing /home/airflow/.local/lib/python3.7/site-packages/airflow/example_dags/example_dag_decorator.py took 0.105 seconds
[2022-10-06T23:53:40.899+0000] {processor.py:156} INFO - Started process (PID=378) to work on /home/airflow/.local/lib/python3.7/site-packages/airflow/example_dags/example_dag_decorator.py
[2022-10-06T23:53:40.899+0000] {processor.py:758} INFO - Processing file /home/airflow/.local/lib/python3.7/site-packages/airflow/example_dags/example_dag_decorator.py for tasks to queue
[2022-10-06T23:53:40.900+0000] {logging_mixin.py:117} INFO - [2022-10-06T23:53:40.900+0000] {dagbag.py:525} INFO - Filling up the DagBag from /home/airflow/.local/lib/python3.7/site-packages/airflow/example_dags/example_dag_decorator.py
[2022-10-06T23:53:40.919+0000] {processor.py:768} INFO - DAG(s) dict_keys(['example_dag_decorator']) retrieved from /home/airflow/.local/lib/python3.7/site-packages/airflow/example_dags/example_dag_decorator.py
[2022-10-06T23:53:40.972+0000] {logging_mixin.py:117} INFO - [2022-10-06T23:53:40.972+0000] {dag.py:2573} INFO - Sync 1 DAGs
[2022-10-06T23:53:40.988+0000] {logging_mixin.py:117} INFO - [2022-10-06T23:53:40.988+0000] {dag.py:3328} INFO - Setting next_dagrun for example_dag_decorator to None, run_after=None
[2022-10-06T23:53:41.002+0000] {processor.py:178} INFO - Processing /home/airflow/.local/lib/python3.7/site-packages/airflow/example_dags/example_dag_decorator.py took 0.104 seconds
[2022-10-06T23:54:11.191+0000] {processor.py:156} INFO - Started process (PID=442) to work on /home/airflow/.local/lib/python3.7/site-packages/airflow/example_dags/example_dag_decorator.py
[2022-10-06T23:54:11.191+0000] {processor.py:758} INFO - Processing file /home/airflow/.local/lib/python3.7/site-packages/airflow/example_dags/example_dag_decorator.py for tasks to queue
[2022-10-06T23:54:11.192+0000] {logging_mixin.py:117} INFO - [2022-10-06T23:54:11.192+0000] {dagbag.py:525} INFO - Filling up the DagBag from /home/airflow/.local/lib/python3.7/site-packages/airflow/example_dags/example_dag_decorator.py
[2022-10-06T23:54:11.212+0000] {processor.py:768} INFO - DAG(s) dict_keys(['example_dag_decorator']) retrieved from /home/airflow/.local/lib/python3.7/site-packages/airflow/example_dags/example_dag_decorator.py
[2022-10-06T23:54:11.275+0000] {logging_mixin.py:117} INFO - [2022-10-06T23:54:11.275+0000] {dag.py:2573} INFO - Sync 1 DAGs
[2022-10-06T23:54:11.293+0000] {logging_mixin.py:117} INFO - [2022-10-06T23:54:11.293+0000] {dag.py:3328} INFO - Setting next_dagrun for example_dag_decorator to None, run_after=None
[2022-10-06T23:54:11.309+0000] {processor.py:178} INFO - Processing /home/airflow/.local/lib/python3.7/site-packages/airflow/example_dags/example_dag_decorator.py took 0.120 seconds
[2022-10-06T23:54:42.441+0000] {processor.py:156} INFO - Started process (PID=507) to work on /home/airflow/.local/lib/python3.7/site-packages/airflow/example_dags/example_dag_decorator.py
[2022-10-06T23:54:42.441+0000] {processor.py:758} INFO - Processing file /home/airflow/.local/lib/python3.7/site-packages/airflow/example_dags/example_dag_decorator.py for tasks to queue
[2022-10-06T23:54:42.442+0000] {logging_mixin.py:117} INFO - [2022-10-06T23:54:42.442+0000] {dagbag.py:525} INFO - Filling up the DagBag from /home/airflow/.local/lib/python3.7/site-packages/airflow/example_dags/example_dag_decorator.py
[2022-10-06T23:54:42.463+0000] {processor.py:768} INFO - DAG(s) dict_keys(['example_dag_decorator']) retrieved from /home/airflow/.local/lib/python3.7/site-packages/airflow/example_dags/example_dag_decorator.py
[2022-10-06T23:54:42.528+0000] {logging_mixin.py:117} INFO - [2022-10-06T23:54:42.528+0000] {dag.py:2573} INFO - Sync 1 DAGs
[2022-10-06T23:54:42.549+0000] {logging_mixin.py:117} INFO - [2022-10-06T23:54:42.549+0000] {dag.py:3328} INFO - Setting next_dagrun for example_dag_decorator to None, run_after=None
[2022-10-06T23:54:42.567+0000] {processor.py:178} INFO - Processing /home/airflow/.local/lib/python3.7/site-packages/airflow/example_dags/example_dag_decorator.py took 0.128 seconds
[2022-10-06T23:55:12.701+0000] {processor.py:156} INFO - Started process (PID=571) to work on /home/airflow/.local/lib/python3.7/site-packages/airflow/example_dags/example_dag_decorator.py
[2022-10-06T23:55:12.702+0000] {processor.py:758} INFO - Processing file /home/airflow/.local/lib/python3.7/site-packages/airflow/example_dags/example_dag_decorator.py for tasks to queue
[2022-10-06T23:55:12.702+0000] {logging_mixin.py:117} INFO - [2022-10-06T23:55:12.702+0000] {dagbag.py:525} INFO - Filling up the DagBag from /home/airflow/.local/lib/python3.7/site-packages/airflow/example_dags/example_dag_decorator.py
[2022-10-06T23:55:12.720+0000] {processor.py:768} INFO - DAG(s) dict_keys(['example_dag_decorator']) retrieved from /home/airflow/.local/lib/python3.7/site-packages/airflow/example_dags/example_dag_decorator.py
[2022-10-06T23:55:12.781+0000] {logging_mixin.py:117} INFO - [2022-10-06T23:55:12.781+0000] {dag.py:2573} INFO - Sync 1 DAGs
[2022-10-06T23:55:12.800+0000] {logging_mixin.py:117} INFO - [2022-10-06T23:55:12.800+0000] {dag.py:3328} INFO - Setting next_dagrun for example_dag_decorator to None, run_after=None
[2022-10-06T23:55:12.816+0000] {processor.py:178} INFO - Processing /home/airflow/.local/lib/python3.7/site-packages/airflow/example_dags/example_dag_decorator.py took 0.117 seconds
[2022-10-06T23:55:43.674+0000] {processor.py:156} INFO - Started process (PID=626) to work on /home/airflow/.local/lib/python3.7/site-packages/airflow/example_dags/example_dag_decorator.py
[2022-10-06T23:55:43.674+0000] {processor.py:758} INFO - Processing file /home/airflow/.local/lib/python3.7/site-packages/airflow/example_dags/example_dag_decorator.py for tasks to queue
[2022-10-06T23:55:43.675+0000] {logging_mixin.py:117} INFO - [2022-10-06T23:55:43.675+0000] {dagbag.py:525} INFO - Filling up the DagBag from /home/airflow/.local/lib/python3.7/site-packages/airflow/example_dags/example_dag_decorator.py
[2022-10-06T23:55:43.693+0000] {processor.py:768} INFO - DAG(s) dict_keys(['example_dag_decorator']) retrieved from /home/airflow/.local/lib/python3.7/site-packages/airflow/example_dags/example_dag_decorator.py
[2022-10-06T23:55:43.749+0000] {logging_mixin.py:117} INFO - [2022-10-06T23:55:43.748+0000] {dag.py:2573} INFO - Sync 1 DAGs
[2022-10-06T23:55:43.767+0000] {logging_mixin.py:117} INFO - [2022-10-06T23:55:43.767+0000] {dag.py:3328} INFO - Setting next_dagrun for example_dag_decorator to None, run_after=None
[2022-10-06T23:55:43.783+0000] {processor.py:178} INFO - Processing /home/airflow/.local/lib/python3.7/site-packages/airflow/example_dags/example_dag_decorator.py took 0.111 seconds
[2022-10-06T23:56:14.563+0000] {processor.py:156} INFO - Started process (PID=690) to work on /home/airflow/.local/lib/python3.7/site-packages/airflow/example_dags/example_dag_decorator.py
[2022-10-06T23:56:14.563+0000] {processor.py:758} INFO - Processing file /home/airflow/.local/lib/python3.7/site-packages/airflow/example_dags/example_dag_decorator.py for tasks to queue
[2022-10-06T23:56:14.564+0000] {logging_mixin.py:117} INFO - [2022-10-06T23:56:14.564+0000] {dagbag.py:525} INFO - Filling up the DagBag from /home/airflow/.local/lib/python3.7/site-packages/airflow/example_dags/example_dag_decorator.py
[2022-10-06T23:56:14.581+0000] {processor.py:768} INFO - DAG(s) dict_keys(['example_dag_decorator']) retrieved from /home/airflow/.local/lib/python3.7/site-packages/airflow/example_dags/example_dag_decorator.py
[2022-10-06T23:56:14.636+0000] {logging_mixin.py:117} INFO - [2022-10-06T23:56:14.636+0000] {dag.py:2573} INFO - Sync 1 DAGs
[2022-10-06T23:56:14.652+0000] {logging_mixin.py:117} INFO - [2022-10-06T23:56:14.652+0000] {dag.py:3328} INFO - Setting next_dagrun for example_dag_decorator to None, run_after=None
[2022-10-06T23:56:14.667+0000] {processor.py:178} INFO - Processing /home/airflow/.local/lib/python3.7/site-packages/airflow/example_dags/example_dag_decorator.py took 0.106 seconds
[2022-10-06T23:56:45.603+0000] {processor.py:156} INFO - Started process (PID=754) to work on /home/airflow/.local/lib/python3.7/site-packages/airflow/example_dags/example_dag_decorator.py
[2022-10-06T23:56:45.603+0000] {processor.py:758} INFO - Processing file /home/airflow/.local/lib/python3.7/site-packages/airflow/example_dags/example_dag_decorator.py for tasks to queue
[2022-10-06T23:56:45.604+0000] {logging_mixin.py:117} INFO - [2022-10-06T23:56:45.604+0000] {dagbag.py:525} INFO - Filling up the DagBag from /home/airflow/.local/lib/python3.7/site-packages/airflow/example_dags/example_dag_decorator.py
[2022-10-06T23:56:45.622+0000] {processor.py:768} INFO - DAG(s) dict_keys(['example_dag_decorator']) retrieved from /home/airflow/.local/lib/python3.7/site-packages/airflow/example_dags/example_dag_decorator.py
[2022-10-06T23:56:45.679+0000] {logging_mixin.py:117} INFO - [2022-10-06T23:56:45.679+0000] {dag.py:2573} INFO - Sync 1 DAGs
[2022-10-06T23:56:45.695+0000] {logging_mixin.py:117} INFO - [2022-10-06T23:56:45.695+0000] {dag.py:3328} INFO - Setting next_dagrun for example_dag_decorator to None, run_after=None
[2022-10-06T23:56:45.709+0000] {processor.py:178} INFO - Processing /home/airflow/.local/lib/python3.7/site-packages/airflow/example_dags/example_dag_decorator.py took 0.108 seconds
[2022-10-06T23:57:15.850+0000] {processor.py:156} INFO - Started process (PID=818) to work on /home/airflow/.local/lib/python3.7/site-packages/airflow/example_dags/example_dag_decorator.py
[2022-10-06T23:57:15.850+0000] {processor.py:758} INFO - Processing file /home/airflow/.local/lib/python3.7/site-packages/airflow/example_dags/example_dag_decorator.py for tasks to queue
[2022-10-06T23:57:15.851+0000] {logging_mixin.py:117} INFO - [2022-10-06T23:57:15.851+0000] {dagbag.py:525} INFO - Filling up the DagBag from /home/airflow/.local/lib/python3.7/site-packages/airflow/example_dags/example_dag_decorator.py
[2022-10-06T23:57:15.869+0000] {processor.py:768} INFO - DAG(s) dict_keys(['example_dag_decorator']) retrieved from /home/airflow/.local/lib/python3.7/site-packages/airflow/example_dags/example_dag_decorator.py
[2022-10-06T23:57:15.930+0000] {logging_mixin.py:117} INFO - [2022-10-06T23:57:15.929+0000] {dag.py:2573} INFO - Sync 1 DAGs
[2022-10-06T23:57:15.949+0000] {logging_mixin.py:117} INFO - [2022-10-06T23:57:15.948+0000] {dag.py:3328} INFO - Setting next_dagrun for example_dag_decorator to None, run_after=None
[2022-10-06T23:57:15.963+0000] {processor.py:178} INFO - Processing /home/airflow/.local/lib/python3.7/site-packages/airflow/example_dags/example_dag_decorator.py took 0.115 seconds
[2022-10-06T23:57:46.797+0000] {processor.py:156} INFO - Started process (PID=876) to work on /home/airflow/.local/lib/python3.7/site-packages/airflow/example_dags/example_dag_decorator.py
[2022-10-06T23:57:46.797+0000] {processor.py:758} INFO - Processing file /home/airflow/.local/lib/python3.7/site-packages/airflow/example_dags/example_dag_decorator.py for tasks to queue
[2022-10-06T23:57:46.798+0000] {logging_mixin.py:117} INFO - [2022-10-06T23:57:46.798+0000] {dagbag.py:525} INFO - Filling up the DagBag from /home/airflow/.local/lib/python3.7/site-packages/airflow/example_dags/example_dag_decorator.py
[2022-10-06T23:57:46.819+0000] {processor.py:768} INFO - DAG(s) dict_keys(['example_dag_decorator']) retrieved from /home/airflow/.local/lib/python3.7/site-packages/airflow/example_dags/example_dag_decorator.py
[2022-10-06T23:57:46.987+0000] {logging_mixin.py:117} INFO - [2022-10-06T23:57:46.987+0000] {dag.py:2573} INFO - Sync 1 DAGs
[2022-10-06T23:57:47.008+0000] {logging_mixin.py:117} INFO - [2022-10-06T23:57:47.008+0000] {dag.py:3328} INFO - Setting next_dagrun for example_dag_decorator to None, run_after=None
[2022-10-06T23:57:47.023+0000] {processor.py:178} INFO - Processing /home/airflow/.local/lib/python3.7/site-packages/airflow/example_dags/example_dag_decorator.py took 0.228 seconds
[2022-10-06T23:58:17.991+0000] {processor.py:156} INFO - Started process (PID=940) to work on /home/airflow/.local/lib/python3.7/site-packages/airflow/example_dags/example_dag_decorator.py
[2022-10-06T23:58:17.991+0000] {processor.py:758} INFO - Processing file /home/airflow/.local/lib/python3.7/site-packages/airflow/example_dags/example_dag_decorator.py for tasks to queue
[2022-10-06T23:58:17.992+0000] {logging_mixin.py:117} INFO - [2022-10-06T23:58:17.992+0000] {dagbag.py:525} INFO - Filling up the DagBag from /home/airflow/.local/lib/python3.7/site-packages/airflow/example_dags/example_dag_decorator.py
[2022-10-06T23:58:18.010+0000] {processor.py:768} INFO - DAG(s) dict_keys(['example_dag_decorator']) retrieved from /home/airflow/.local/lib/python3.7/site-packages/airflow/example_dags/example_dag_decorator.py
[2022-10-06T23:58:18.067+0000] {logging_mixin.py:117} INFO - [2022-10-06T23:58:18.067+0000] {dag.py:2573} INFO - Sync 1 DAGs
[2022-10-06T23:58:18.084+0000] {logging_mixin.py:117} INFO - [2022-10-06T23:58:18.084+0000] {dag.py:3328} INFO - Setting next_dagrun for example_dag_decorator to None, run_after=None
[2022-10-06T23:58:18.097+0000] {processor.py:178} INFO - Processing /home/airflow/.local/lib/python3.7/site-packages/airflow/example_dags/example_dag_decorator.py took 0.108 seconds
[2022-10-06T23:58:49.104+0000] {processor.py:156} INFO - Started process (PID=1004) to work on /home/airflow/.local/lib/python3.7/site-packages/airflow/example_dags/example_dag_decorator.py
[2022-10-06T23:58:49.105+0000] {processor.py:758} INFO - Processing file /home/airflow/.local/lib/python3.7/site-packages/airflow/example_dags/example_dag_decorator.py for tasks to queue
[2022-10-06T23:58:49.105+0000] {logging_mixin.py:117} INFO - [2022-10-06T23:58:49.105+0000] {dagbag.py:525} INFO - Filling up the DagBag from /home/airflow/.local/lib/python3.7/site-packages/airflow/example_dags/example_dag_decorator.py
[2022-10-06T23:58:49.142+0000] {processor.py:768} INFO - DAG(s) dict_keys(['example_dag_decorator']) retrieved from /home/airflow/.local/lib/python3.7/site-packages/airflow/example_dags/example_dag_decorator.py
[2022-10-06T23:58:49.232+0000] {logging_mixin.py:117} INFO - [2022-10-06T23:58:49.232+0000] {dag.py:2573} INFO - Sync 1 DAGs
[2022-10-06T23:58:49.257+0000] {logging_mixin.py:117} INFO - [2022-10-06T23:58:49.257+0000] {dag.py:3328} INFO - Setting next_dagrun for example_dag_decorator to None, run_after=None
[2022-10-06T23:58:49.281+0000] {processor.py:178} INFO - Processing /home/airflow/.local/lib/python3.7/site-packages/airflow/example_dags/example_dag_decorator.py took 0.179 seconds
[2022-10-06T23:59:19.394+0000] {processor.py:156} INFO - Started process (PID=1068) to work on /home/airflow/.local/lib/python3.7/site-packages/airflow/example_dags/example_dag_decorator.py
[2022-10-06T23:59:19.394+0000] {processor.py:758} INFO - Processing file /home/airflow/.local/lib/python3.7/site-packages/airflow/example_dags/example_dag_decorator.py for tasks to queue
[2022-10-06T23:59:19.395+0000] {logging_mixin.py:117} INFO - [2022-10-06T23:59:19.394+0000] {dagbag.py:525} INFO - Filling up the DagBag from /home/airflow/.local/lib/python3.7/site-packages/airflow/example_dags/example_dag_decorator.py
[2022-10-06T23:59:19.416+0000] {processor.py:768} INFO - DAG(s) dict_keys(['example_dag_decorator']) retrieved from /home/airflow/.local/lib/python3.7/site-packages/airflow/example_dags/example_dag_decorator.py
[2022-10-06T23:59:19.489+0000] {logging_mixin.py:117} INFO - [2022-10-06T23:59:19.489+0000] {dag.py:2573} INFO - Sync 1 DAGs
[2022-10-06T23:59:19.511+0000] {logging_mixin.py:117} INFO - [2022-10-06T23:59:19.511+0000] {dag.py:3328} INFO - Setting next_dagrun for example_dag_decorator to None, run_after=None
[2022-10-06T23:59:19.527+0000] {processor.py:178} INFO - Processing /home/airflow/.local/lib/python3.7/site-packages/airflow/example_dags/example_dag_decorator.py took 0.135 seconds
[2022-10-06T23:59:50.481+0000] {processor.py:156} INFO - Started process (PID=1132) to work on /home/airflow/.local/lib/python3.7/site-packages/airflow/example_dags/example_dag_decorator.py
[2022-10-06T23:59:50.482+0000] {processor.py:758} INFO - Processing file /home/airflow/.local/lib/python3.7/site-packages/airflow/example_dags/example_dag_decorator.py for tasks to queue
[2022-10-06T23:59:50.483+0000] {logging_mixin.py:117} INFO - [2022-10-06T23:59:50.482+0000] {dagbag.py:525} INFO - Filling up the DagBag from /home/airflow/.local/lib/python3.7/site-packages/airflow/example_dags/example_dag_decorator.py
[2022-10-06T23:59:50.503+0000] {processor.py:768} INFO - DAG(s) dict_keys(['example_dag_decorator']) retrieved from /home/airflow/.local/lib/python3.7/site-packages/airflow/example_dags/example_dag_decorator.py
[2022-10-06T23:59:50.562+0000] {logging_mixin.py:117} INFO - [2022-10-06T23:59:50.562+0000] {dag.py:2573} INFO - Sync 1 DAGs
[2022-10-06T23:59:50.579+0000] {logging_mixin.py:117} INFO - [2022-10-06T23:59:50.579+0000] {dag.py:3328} INFO - Setting next_dagrun for example_dag_decorator to None, run_after=None
[2022-10-06T23:59:50.593+0000] {processor.py:178} INFO - Processing /home/airflow/.local/lib/python3.7/site-packages/airflow/example_dags/example_dag_decorator.py took 0.114 seconds
