[2022-10-06T00:38:37.839+0000] {processor.py:156} INFO - Started process (PID=75) to work on /home/airflow/.local/lib/python3.7/site-packages/airflow/example_dags/example_xcomargs.py
[2022-10-06T00:38:37.839+0000] {processor.py:758} INFO - Processing file /home/airflow/.local/lib/python3.7/site-packages/airflow/example_dags/example_xcomargs.py for tasks to queue
[2022-10-06T00:38:37.840+0000] {logging_mixin.py:117} INFO - [2022-10-06T00:38:37.840+0000] {dagbag.py:525} INFO - Filling up the DagBag from /home/airflow/.local/lib/python3.7/site-packages/airflow/example_dags/example_xcomargs.py
[2022-10-06T00:38:37.866+0000] {processor.py:768} INFO - DAG(s) dict_keys(['example_xcom_args_with_operators', 'example_xcom_args']) retrieved from /home/airflow/.local/lib/python3.7/site-packages/airflow/example_dags/example_xcomargs.py
[2022-10-06T00:38:38.045+0000] {logging_mixin.py:117} INFO - [2022-10-06T00:38:38.044+0000] {dag.py:2573} INFO - Sync 2 DAGs
[2022-10-06T00:38:38.086+0000] {logging_mixin.py:117} INFO - [2022-10-06T00:38:38.086+0000] {dag.py:3328} INFO - Setting next_dagrun for example_xcom_args to None, run_after=None
[2022-10-06T00:38:38.090+0000] {logging_mixin.py:117} INFO - [2022-10-06T00:38:38.090+0000] {dag.py:3328} INFO - Setting next_dagrun for example_xcom_args_with_operators to None, run_after=None
[2022-10-06T00:38:38.108+0000] {processor.py:178} INFO - Processing /home/airflow/.local/lib/python3.7/site-packages/airflow/example_dags/example_xcomargs.py took 0.271 seconds
[2022-10-06T00:39:08.236+0000] {processor.py:156} INFO - Started process (PID=132) to work on /home/airflow/.local/lib/python3.7/site-packages/airflow/example_dags/example_xcomargs.py
[2022-10-06T00:39:08.236+0000] {processor.py:758} INFO - Processing file /home/airflow/.local/lib/python3.7/site-packages/airflow/example_dags/example_xcomargs.py for tasks to queue
[2022-10-06T00:39:08.237+0000] {logging_mixin.py:117} INFO - [2022-10-06T00:39:08.237+0000] {dagbag.py:525} INFO - Filling up the DagBag from /home/airflow/.local/lib/python3.7/site-packages/airflow/example_dags/example_xcomargs.py
[2022-10-06T00:39:08.334+0000] {processor.py:768} INFO - DAG(s) dict_keys(['example_xcom_args', 'example_xcom_args_with_operators']) retrieved from /home/airflow/.local/lib/python3.7/site-packages/airflow/example_dags/example_xcomargs.py
[2022-10-06T00:39:08.350+0000] {logging_mixin.py:117} INFO - [2022-10-06T00:39:08.350+0000] {dag.py:2573} INFO - Sync 2 DAGs
[2022-10-06T00:39:08.370+0000] {logging_mixin.py:117} INFO - [2022-10-06T00:39:08.370+0000] {dag.py:3328} INFO - Setting next_dagrun for example_xcom_args to None, run_after=None
[2022-10-06T00:39:08.372+0000] {logging_mixin.py:117} INFO - [2022-10-06T00:39:08.372+0000] {dag.py:3328} INFO - Setting next_dagrun for example_xcom_args_with_operators to None, run_after=None
[2022-10-06T00:39:08.384+0000] {processor.py:178} INFO - Processing /home/airflow/.local/lib/python3.7/site-packages/airflow/example_dags/example_xcomargs.py took 0.150 seconds
[2022-10-06T00:39:38.660+0000] {processor.py:156} INFO - Started process (PID=197) to work on /home/airflow/.local/lib/python3.7/site-packages/airflow/example_dags/example_xcomargs.py
[2022-10-06T00:39:38.661+0000] {processor.py:758} INFO - Processing file /home/airflow/.local/lib/python3.7/site-packages/airflow/example_dags/example_xcomargs.py for tasks to queue
[2022-10-06T00:39:38.661+0000] {logging_mixin.py:117} INFO - [2022-10-06T00:39:38.661+0000] {dagbag.py:525} INFO - Filling up the DagBag from /home/airflow/.local/lib/python3.7/site-packages/airflow/example_dags/example_xcomargs.py
[2022-10-06T00:39:38.764+0000] {processor.py:768} INFO - DAG(s) dict_keys(['example_xcom_args', 'example_xcom_args_with_operators']) retrieved from /home/airflow/.local/lib/python3.7/site-packages/airflow/example_dags/example_xcomargs.py
[2022-10-06T00:39:38.794+0000] {logging_mixin.py:117} INFO - [2022-10-06T00:39:38.794+0000] {dag.py:2573} INFO - Sync 2 DAGs
[2022-10-06T00:39:38.812+0000] {logging_mixin.py:117} INFO - [2022-10-06T00:39:38.812+0000] {dag.py:3328} INFO - Setting next_dagrun for example_xcom_args to None, run_after=None
[2022-10-06T00:39:38.814+0000] {logging_mixin.py:117} INFO - [2022-10-06T00:39:38.814+0000] {dag.py:3328} INFO - Setting next_dagrun for example_xcom_args_with_operators to None, run_after=None
[2022-10-06T00:39:38.825+0000] {processor.py:178} INFO - Processing /home/airflow/.local/lib/python3.7/site-packages/airflow/example_dags/example_xcomargs.py took 0.166 seconds
[2022-10-06T00:40:08.864+0000] {processor.py:156} INFO - Started process (PID=261) to work on /home/airflow/.local/lib/python3.7/site-packages/airflow/example_dags/example_xcomargs.py
[2022-10-06T00:40:08.865+0000] {processor.py:758} INFO - Processing file /home/airflow/.local/lib/python3.7/site-packages/airflow/example_dags/example_xcomargs.py for tasks to queue
[2022-10-06T00:40:08.865+0000] {logging_mixin.py:117} INFO - [2022-10-06T00:40:08.865+0000] {dagbag.py:525} INFO - Filling up the DagBag from /home/airflow/.local/lib/python3.7/site-packages/airflow/example_dags/example_xcomargs.py
[2022-10-06T00:40:08.883+0000] {processor.py:768} INFO - DAG(s) dict_keys(['example_xcom_args', 'example_xcom_args_with_operators']) retrieved from /home/airflow/.local/lib/python3.7/site-packages/airflow/example_dags/example_xcomargs.py
[2022-10-06T00:40:08.916+0000] {logging_mixin.py:117} INFO - [2022-10-06T00:40:08.916+0000] {dag.py:2573} INFO - Sync 2 DAGs
[2022-10-06T00:40:08.934+0000] {logging_mixin.py:117} INFO - [2022-10-06T00:40:08.934+0000] {dag.py:3328} INFO - Setting next_dagrun for example_xcom_args to None, run_after=None
[2022-10-06T00:40:08.938+0000] {logging_mixin.py:117} INFO - [2022-10-06T00:40:08.937+0000] {dag.py:3328} INFO - Setting next_dagrun for example_xcom_args_with_operators to None, run_after=None
[2022-10-06T00:40:08.950+0000] {processor.py:178} INFO - Processing /home/airflow/.local/lib/python3.7/site-packages/airflow/example_dags/example_xcomargs.py took 0.088 seconds
[2022-10-06T00:40:39.779+0000] {processor.py:156} INFO - Started process (PID=316) to work on /home/airflow/.local/lib/python3.7/site-packages/airflow/example_dags/example_xcomargs.py
[2022-10-06T00:40:39.780+0000] {processor.py:758} INFO - Processing file /home/airflow/.local/lib/python3.7/site-packages/airflow/example_dags/example_xcomargs.py for tasks to queue
[2022-10-06T00:40:39.780+0000] {logging_mixin.py:117} INFO - [2022-10-06T00:40:39.780+0000] {dagbag.py:525} INFO - Filling up the DagBag from /home/airflow/.local/lib/python3.7/site-packages/airflow/example_dags/example_xcomargs.py
[2022-10-06T00:40:39.802+0000] {processor.py:768} INFO - DAG(s) dict_keys(['example_xcom_args', 'example_xcom_args_with_operators']) retrieved from /home/airflow/.local/lib/python3.7/site-packages/airflow/example_dags/example_xcomargs.py
[2022-10-06T00:40:39.831+0000] {logging_mixin.py:117} INFO - [2022-10-06T00:40:39.831+0000] {dag.py:2573} INFO - Sync 2 DAGs
[2022-10-06T00:40:39.850+0000] {logging_mixin.py:117} INFO - [2022-10-06T00:40:39.850+0000] {dag.py:3328} INFO - Setting next_dagrun for example_xcom_args to None, run_after=None
[2022-10-06T00:40:39.853+0000] {logging_mixin.py:117} INFO - [2022-10-06T00:40:39.853+0000] {dag.py:3328} INFO - Setting next_dagrun for example_xcom_args_with_operators to None, run_after=None
[2022-10-06T00:40:39.864+0000] {processor.py:178} INFO - Processing /home/airflow/.local/lib/python3.7/site-packages/airflow/example_dags/example_xcomargs.py took 0.087 seconds
[2022-10-06T00:41:09.969+0000] {processor.py:156} INFO - Started process (PID=380) to work on /home/airflow/.local/lib/python3.7/site-packages/airflow/example_dags/example_xcomargs.py
[2022-10-06T00:41:09.970+0000] {processor.py:758} INFO - Processing file /home/airflow/.local/lib/python3.7/site-packages/airflow/example_dags/example_xcomargs.py for tasks to queue
[2022-10-06T00:41:09.970+0000] {logging_mixin.py:117} INFO - [2022-10-06T00:41:09.970+0000] {dagbag.py:525} INFO - Filling up the DagBag from /home/airflow/.local/lib/python3.7/site-packages/airflow/example_dags/example_xcomargs.py
[2022-10-06T00:41:09.989+0000] {processor.py:768} INFO - DAG(s) dict_keys(['example_xcom_args_with_operators', 'example_xcom_args']) retrieved from /home/airflow/.local/lib/python3.7/site-packages/airflow/example_dags/example_xcomargs.py
[2022-10-06T00:41:10.019+0000] {logging_mixin.py:117} INFO - [2022-10-06T00:41:10.018+0000] {dag.py:2573} INFO - Sync 2 DAGs
[2022-10-06T00:41:10.038+0000] {logging_mixin.py:117} INFO - [2022-10-06T00:41:10.038+0000] {dag.py:3328} INFO - Setting next_dagrun for example_xcom_args to None, run_after=None
[2022-10-06T00:41:10.040+0000] {logging_mixin.py:117} INFO - [2022-10-06T00:41:10.040+0000] {dag.py:3328} INFO - Setting next_dagrun for example_xcom_args_with_operators to None, run_after=None
[2022-10-06T00:41:10.052+0000] {processor.py:178} INFO - Processing /home/airflow/.local/lib/python3.7/site-packages/airflow/example_dags/example_xcomargs.py took 0.085 seconds
[2022-10-06T00:41:41.018+0000] {processor.py:156} INFO - Started process (PID=444) to work on /home/airflow/.local/lib/python3.7/site-packages/airflow/example_dags/example_xcomargs.py
[2022-10-06T00:41:41.019+0000] {processor.py:758} INFO - Processing file /home/airflow/.local/lib/python3.7/site-packages/airflow/example_dags/example_xcomargs.py for tasks to queue
[2022-10-06T00:41:41.019+0000] {logging_mixin.py:117} INFO - [2022-10-06T00:41:41.019+0000] {dagbag.py:525} INFO - Filling up the DagBag from /home/airflow/.local/lib/python3.7/site-packages/airflow/example_dags/example_xcomargs.py
[2022-10-06T00:41:41.043+0000] {processor.py:768} INFO - DAG(s) dict_keys(['example_xcom_args', 'example_xcom_args_with_operators']) retrieved from /home/airflow/.local/lib/python3.7/site-packages/airflow/example_dags/example_xcomargs.py
[2022-10-06T00:41:41.079+0000] {logging_mixin.py:117} INFO - [2022-10-06T00:41:41.078+0000] {dag.py:2573} INFO - Sync 2 DAGs
[2022-10-06T00:41:41.099+0000] {logging_mixin.py:117} INFO - [2022-10-06T00:41:41.099+0000] {dag.py:3328} INFO - Setting next_dagrun for example_xcom_args to None, run_after=None
[2022-10-06T00:41:41.101+0000] {logging_mixin.py:117} INFO - [2022-10-06T00:41:41.101+0000] {dag.py:3328} INFO - Setting next_dagrun for example_xcom_args_with_operators to None, run_after=None
[2022-10-06T00:41:41.113+0000] {processor.py:178} INFO - Processing /home/airflow/.local/lib/python3.7/site-packages/airflow/example_dags/example_xcomargs.py took 0.097 seconds
[2022-10-06T00:42:12.414+0000] {processor.py:156} INFO - Started process (PID=508) to work on /home/airflow/.local/lib/python3.7/site-packages/airflow/example_dags/example_xcomargs.py
[2022-10-06T00:42:12.415+0000] {processor.py:758} INFO - Processing file /home/airflow/.local/lib/python3.7/site-packages/airflow/example_dags/example_xcomargs.py for tasks to queue
[2022-10-06T00:42:12.415+0000] {logging_mixin.py:117} INFO - [2022-10-06T00:42:12.415+0000] {dagbag.py:525} INFO - Filling up the DagBag from /home/airflow/.local/lib/python3.7/site-packages/airflow/example_dags/example_xcomargs.py
[2022-10-06T00:42:12.433+0000] {processor.py:768} INFO - DAG(s) dict_keys(['example_xcom_args', 'example_xcom_args_with_operators']) retrieved from /home/airflow/.local/lib/python3.7/site-packages/airflow/example_dags/example_xcomargs.py
[2022-10-06T00:42:12.470+0000] {logging_mixin.py:117} INFO - [2022-10-06T00:42:12.470+0000] {dag.py:2573} INFO - Sync 2 DAGs
[2022-10-06T00:42:12.492+0000] {logging_mixin.py:117} INFO - [2022-10-06T00:42:12.492+0000] {dag.py:3328} INFO - Setting next_dagrun for example_xcom_args to None, run_after=None
[2022-10-06T00:42:12.495+0000] {logging_mixin.py:117} INFO - [2022-10-06T00:42:12.495+0000] {dag.py:3328} INFO - Setting next_dagrun for example_xcom_args_with_operators to None, run_after=None
[2022-10-06T00:42:12.509+0000] {processor.py:178} INFO - Processing /home/airflow/.local/lib/python3.7/site-packages/airflow/example_dags/example_xcomargs.py took 0.096 seconds
[2022-10-06T00:42:42.540+0000] {processor.py:156} INFO - Started process (PID=572) to work on /home/airflow/.local/lib/python3.7/site-packages/airflow/example_dags/example_xcomargs.py
[2022-10-06T00:42:42.541+0000] {processor.py:758} INFO - Processing file /home/airflow/.local/lib/python3.7/site-packages/airflow/example_dags/example_xcomargs.py for tasks to queue
[2022-10-06T00:42:42.541+0000] {logging_mixin.py:117} INFO - [2022-10-06T00:42:42.541+0000] {dagbag.py:525} INFO - Filling up the DagBag from /home/airflow/.local/lib/python3.7/site-packages/airflow/example_dags/example_xcomargs.py
[2022-10-06T00:42:42.557+0000] {processor.py:768} INFO - DAG(s) dict_keys(['example_xcom_args', 'example_xcom_args_with_operators']) retrieved from /home/airflow/.local/lib/python3.7/site-packages/airflow/example_dags/example_xcomargs.py
[2022-10-06T00:42:42.585+0000] {logging_mixin.py:117} INFO - [2022-10-06T00:42:42.585+0000] {dag.py:2573} INFO - Sync 2 DAGs
[2022-10-06T00:42:42.602+0000] {logging_mixin.py:117} INFO - [2022-10-06T00:42:42.601+0000] {dag.py:3328} INFO - Setting next_dagrun for example_xcom_args to None, run_after=None
[2022-10-06T00:42:42.604+0000] {logging_mixin.py:117} INFO - [2022-10-06T00:42:42.604+0000] {dag.py:3328} INFO - Setting next_dagrun for example_xcom_args_with_operators to None, run_after=None
[2022-10-06T00:42:42.616+0000] {processor.py:178} INFO - Processing /home/airflow/.local/lib/python3.7/site-packages/airflow/example_dags/example_xcomargs.py took 0.077 seconds
[2022-10-06T00:43:13.379+0000] {processor.py:156} INFO - Started process (PID=627) to work on /home/airflow/.local/lib/python3.7/site-packages/airflow/example_dags/example_xcomargs.py
[2022-10-06T00:43:13.380+0000] {processor.py:758} INFO - Processing file /home/airflow/.local/lib/python3.7/site-packages/airflow/example_dags/example_xcomargs.py for tasks to queue
[2022-10-06T00:43:13.380+0000] {logging_mixin.py:117} INFO - [2022-10-06T00:43:13.380+0000] {dagbag.py:525} INFO - Filling up the DagBag from /home/airflow/.local/lib/python3.7/site-packages/airflow/example_dags/example_xcomargs.py
[2022-10-06T00:43:13.398+0000] {processor.py:768} INFO - DAG(s) dict_keys(['example_xcom_args', 'example_xcom_args_with_operators']) retrieved from /home/airflow/.local/lib/python3.7/site-packages/airflow/example_dags/example_xcomargs.py
[2022-10-06T00:43:13.427+0000] {logging_mixin.py:117} INFO - [2022-10-06T00:43:13.427+0000] {dag.py:2573} INFO - Sync 2 DAGs
[2022-10-06T00:43:13.447+0000] {logging_mixin.py:117} INFO - [2022-10-06T00:43:13.447+0000] {dag.py:3328} INFO - Setting next_dagrun for example_xcom_args to None, run_after=None
[2022-10-06T00:43:13.449+0000] {logging_mixin.py:117} INFO - [2022-10-06T00:43:13.449+0000] {dag.py:3328} INFO - Setting next_dagrun for example_xcom_args_with_operators to None, run_after=None
[2022-10-06T00:43:13.460+0000] {processor.py:178} INFO - Processing /home/airflow/.local/lib/python3.7/site-packages/airflow/example_dags/example_xcomargs.py took 0.083 seconds
[2022-10-06T00:43:44.420+0000] {processor.py:156} INFO - Started process (PID=691) to work on /home/airflow/.local/lib/python3.7/site-packages/airflow/example_dags/example_xcomargs.py
[2022-10-06T00:43:44.420+0000] {processor.py:758} INFO - Processing file /home/airflow/.local/lib/python3.7/site-packages/airflow/example_dags/example_xcomargs.py for tasks to queue
[2022-10-06T00:43:44.421+0000] {logging_mixin.py:117} INFO - [2022-10-06T00:43:44.420+0000] {dagbag.py:525} INFO - Filling up the DagBag from /home/airflow/.local/lib/python3.7/site-packages/airflow/example_dags/example_xcomargs.py
[2022-10-06T00:43:44.439+0000] {processor.py:768} INFO - DAG(s) dict_keys(['example_xcom_args_with_operators', 'example_xcom_args']) retrieved from /home/airflow/.local/lib/python3.7/site-packages/airflow/example_dags/example_xcomargs.py
[2022-10-06T00:43:44.469+0000] {logging_mixin.py:117} INFO - [2022-10-06T00:43:44.468+0000] {dag.py:2573} INFO - Sync 2 DAGs
[2022-10-06T00:43:44.487+0000] {logging_mixin.py:117} INFO - [2022-10-06T00:43:44.487+0000] {dag.py:3328} INFO - Setting next_dagrun for example_xcom_args to None, run_after=None
[2022-10-06T00:43:44.490+0000] {logging_mixin.py:117} INFO - [2022-10-06T00:43:44.490+0000] {dag.py:3328} INFO - Setting next_dagrun for example_xcom_args_with_operators to None, run_after=None
[2022-10-06T00:43:44.502+0000] {processor.py:178} INFO - Processing /home/airflow/.local/lib/python3.7/site-packages/airflow/example_dags/example_xcomargs.py took 0.084 seconds
[2022-10-06T00:44:15.412+0000] {processor.py:156} INFO - Started process (PID=755) to work on /home/airflow/.local/lib/python3.7/site-packages/airflow/example_dags/example_xcomargs.py
[2022-10-06T00:44:15.412+0000] {processor.py:758} INFO - Processing file /home/airflow/.local/lib/python3.7/site-packages/airflow/example_dags/example_xcomargs.py for tasks to queue
[2022-10-06T00:44:15.413+0000] {logging_mixin.py:117} INFO - [2022-10-06T00:44:15.413+0000] {dagbag.py:525} INFO - Filling up the DagBag from /home/airflow/.local/lib/python3.7/site-packages/airflow/example_dags/example_xcomargs.py
[2022-10-06T00:44:15.431+0000] {processor.py:768} INFO - DAG(s) dict_keys(['example_xcom_args_with_operators', 'example_xcom_args']) retrieved from /home/airflow/.local/lib/python3.7/site-packages/airflow/example_dags/example_xcomargs.py
[2022-10-06T00:44:15.465+0000] {logging_mixin.py:117} INFO - [2022-10-06T00:44:15.465+0000] {dag.py:2573} INFO - Sync 2 DAGs
[2022-10-06T00:44:15.487+0000] {logging_mixin.py:117} INFO - [2022-10-06T00:44:15.487+0000] {dag.py:3328} INFO - Setting next_dagrun for example_xcom_args to None, run_after=None
[2022-10-06T00:44:15.491+0000] {logging_mixin.py:117} INFO - [2022-10-06T00:44:15.490+0000] {dag.py:3328} INFO - Setting next_dagrun for example_xcom_args_with_operators to None, run_after=None
[2022-10-06T00:44:15.505+0000] {processor.py:178} INFO - Processing /home/airflow/.local/lib/python3.7/site-packages/airflow/example_dags/example_xcomargs.py took 0.095 seconds
[2022-10-06T00:44:46.188+0000] {processor.py:156} INFO - Started process (PID=819) to work on /home/airflow/.local/lib/python3.7/site-packages/airflow/example_dags/example_xcomargs.py
[2022-10-06T00:44:46.189+0000] {processor.py:758} INFO - Processing file /home/airflow/.local/lib/python3.7/site-packages/airflow/example_dags/example_xcomargs.py for tasks to queue
[2022-10-06T00:44:46.189+0000] {logging_mixin.py:117} INFO - [2022-10-06T00:44:46.189+0000] {dagbag.py:525} INFO - Filling up the DagBag from /home/airflow/.local/lib/python3.7/site-packages/airflow/example_dags/example_xcomargs.py
[2022-10-06T00:44:46.206+0000] {processor.py:768} INFO - DAG(s) dict_keys(['example_xcom_args', 'example_xcom_args_with_operators']) retrieved from /home/airflow/.local/lib/python3.7/site-packages/airflow/example_dags/example_xcomargs.py
[2022-10-06T00:44:46.231+0000] {logging_mixin.py:117} INFO - [2022-10-06T00:44:46.230+0000] {dag.py:2573} INFO - Sync 2 DAGs
[2022-10-06T00:44:46.247+0000] {logging_mixin.py:117} INFO - [2022-10-06T00:44:46.247+0000] {dag.py:3328} INFO - Setting next_dagrun for example_xcom_args to None, run_after=None
[2022-10-06T00:44:46.250+0000] {logging_mixin.py:117} INFO - [2022-10-06T00:44:46.250+0000] {dag.py:3328} INFO - Setting next_dagrun for example_xcom_args_with_operators to None, run_after=None
[2022-10-06T00:44:46.260+0000] {processor.py:178} INFO - Processing /home/airflow/.local/lib/python3.7/site-packages/airflow/example_dags/example_xcomargs.py took 0.073 seconds
[2022-10-06T00:45:17.201+0000] {processor.py:156} INFO - Started process (PID=883) to work on /home/airflow/.local/lib/python3.7/site-packages/airflow/example_dags/example_xcomargs.py
[2022-10-06T00:45:17.202+0000] {processor.py:758} INFO - Processing file /home/airflow/.local/lib/python3.7/site-packages/airflow/example_dags/example_xcomargs.py for tasks to queue
[2022-10-06T00:45:17.203+0000] {logging_mixin.py:117} INFO - [2022-10-06T00:45:17.202+0000] {dagbag.py:525} INFO - Filling up the DagBag from /home/airflow/.local/lib/python3.7/site-packages/airflow/example_dags/example_xcomargs.py
[2022-10-06T00:45:17.220+0000] {processor.py:768} INFO - DAG(s) dict_keys(['example_xcom_args', 'example_xcom_args_with_operators']) retrieved from /home/airflow/.local/lib/python3.7/site-packages/airflow/example_dags/example_xcomargs.py
[2022-10-06T00:45:17.246+0000] {logging_mixin.py:117} INFO - [2022-10-06T00:45:17.246+0000] {dag.py:2573} INFO - Sync 2 DAGs
[2022-10-06T00:45:17.264+0000] {logging_mixin.py:117} INFO - [2022-10-06T00:45:17.264+0000] {dag.py:3328} INFO - Setting next_dagrun for example_xcom_args to None, run_after=None
[2022-10-06T00:45:17.266+0000] {logging_mixin.py:117} INFO - [2022-10-06T00:45:17.266+0000] {dag.py:3328} INFO - Setting next_dagrun for example_xcom_args_with_operators to None, run_after=None
[2022-10-06T00:45:17.278+0000] {processor.py:178} INFO - Processing /home/airflow/.local/lib/python3.7/site-packages/airflow/example_dags/example_xcomargs.py took 0.079 seconds
[2022-10-06T00:45:47.997+0000] {processor.py:156} INFO - Started process (PID=938) to work on /home/airflow/.local/lib/python3.7/site-packages/airflow/example_dags/example_xcomargs.py
[2022-10-06T00:45:47.998+0000] {processor.py:758} INFO - Processing file /home/airflow/.local/lib/python3.7/site-packages/airflow/example_dags/example_xcomargs.py for tasks to queue
[2022-10-06T00:45:47.998+0000] {logging_mixin.py:117} INFO - [2022-10-06T00:45:47.998+0000] {dagbag.py:525} INFO - Filling up the DagBag from /home/airflow/.local/lib/python3.7/site-packages/airflow/example_dags/example_xcomargs.py
[2022-10-06T00:45:48.018+0000] {processor.py:768} INFO - DAG(s) dict_keys(['example_xcom_args', 'example_xcom_args_with_operators']) retrieved from /home/airflow/.local/lib/python3.7/site-packages/airflow/example_dags/example_xcomargs.py
[2022-10-06T00:45:48.049+0000] {logging_mixin.py:117} INFO - [2022-10-06T00:45:48.049+0000] {dag.py:2573} INFO - Sync 2 DAGs
[2022-10-06T00:45:48.067+0000] {logging_mixin.py:117} INFO - [2022-10-06T00:45:48.066+0000] {dag.py:3328} INFO - Setting next_dagrun for example_xcom_args to None, run_after=None
[2022-10-06T00:45:48.069+0000] {logging_mixin.py:117} INFO - [2022-10-06T00:45:48.069+0000] {dag.py:3328} INFO - Setting next_dagrun for example_xcom_args_with_operators to None, run_after=None
[2022-10-06T00:45:48.080+0000] {processor.py:178} INFO - Processing /home/airflow/.local/lib/python3.7/site-packages/airflow/example_dags/example_xcomargs.py took 0.085 seconds
[2022-10-06T00:46:18.847+0000] {processor.py:156} INFO - Started process (PID=1002) to work on /home/airflow/.local/lib/python3.7/site-packages/airflow/example_dags/example_xcomargs.py
[2022-10-06T00:46:18.847+0000] {processor.py:758} INFO - Processing file /home/airflow/.local/lib/python3.7/site-packages/airflow/example_dags/example_xcomargs.py for tasks to queue
[2022-10-06T00:46:18.848+0000] {logging_mixin.py:117} INFO - [2022-10-06T00:46:18.847+0000] {dagbag.py:525} INFO - Filling up the DagBag from /home/airflow/.local/lib/python3.7/site-packages/airflow/example_dags/example_xcomargs.py
[2022-10-06T00:46:18.864+0000] {processor.py:768} INFO - DAG(s) dict_keys(['example_xcom_args_with_operators', 'example_xcom_args']) retrieved from /home/airflow/.local/lib/python3.7/site-packages/airflow/example_dags/example_xcomargs.py
[2022-10-06T00:46:18.890+0000] {logging_mixin.py:117} INFO - [2022-10-06T00:46:18.889+0000] {dag.py:2573} INFO - Sync 2 DAGs
[2022-10-06T00:46:18.908+0000] {logging_mixin.py:117} INFO - [2022-10-06T00:46:18.908+0000] {dag.py:3328} INFO - Setting next_dagrun for example_xcom_args to None, run_after=None
[2022-10-06T00:46:18.910+0000] {logging_mixin.py:117} INFO - [2022-10-06T00:46:18.910+0000] {dag.py:3328} INFO - Setting next_dagrun for example_xcom_args_with_operators to None, run_after=None
[2022-10-06T00:46:18.922+0000] {processor.py:178} INFO - Processing /home/airflow/.local/lib/python3.7/site-packages/airflow/example_dags/example_xcomargs.py took 0.077 seconds
[2022-10-06T00:46:49.748+0000] {processor.py:156} INFO - Started process (PID=1066) to work on /home/airflow/.local/lib/python3.7/site-packages/airflow/example_dags/example_xcomargs.py
[2022-10-06T00:46:49.748+0000] {processor.py:758} INFO - Processing file /home/airflow/.local/lib/python3.7/site-packages/airflow/example_dags/example_xcomargs.py for tasks to queue
[2022-10-06T00:46:49.749+0000] {logging_mixin.py:117} INFO - [2022-10-06T00:46:49.749+0000] {dagbag.py:525} INFO - Filling up the DagBag from /home/airflow/.local/lib/python3.7/site-packages/airflow/example_dags/example_xcomargs.py
[2022-10-06T00:46:49.765+0000] {processor.py:768} INFO - DAG(s) dict_keys(['example_xcom_args_with_operators', 'example_xcom_args']) retrieved from /home/airflow/.local/lib/python3.7/site-packages/airflow/example_dags/example_xcomargs.py
[2022-10-06T00:46:49.792+0000] {logging_mixin.py:117} INFO - [2022-10-06T00:46:49.792+0000] {dag.py:2573} INFO - Sync 2 DAGs
[2022-10-06T00:46:49.809+0000] {logging_mixin.py:117} INFO - [2022-10-06T00:46:49.809+0000] {dag.py:3328} INFO - Setting next_dagrun for example_xcom_args to None, run_after=None
[2022-10-06T00:46:49.813+0000] {logging_mixin.py:117} INFO - [2022-10-06T00:46:49.813+0000] {dag.py:3328} INFO - Setting next_dagrun for example_xcom_args_with_operators to None, run_after=None
[2022-10-06T00:46:49.824+0000] {processor.py:178} INFO - Processing /home/airflow/.local/lib/python3.7/site-packages/airflow/example_dags/example_xcomargs.py took 0.078 seconds
[2022-10-06T00:47:20.756+0000] {processor.py:156} INFO - Started process (PID=1129) to work on /home/airflow/.local/lib/python3.7/site-packages/airflow/example_dags/example_xcomargs.py
[2022-10-06T00:47:20.756+0000] {processor.py:758} INFO - Processing file /home/airflow/.local/lib/python3.7/site-packages/airflow/example_dags/example_xcomargs.py for tasks to queue
[2022-10-06T00:47:20.757+0000] {logging_mixin.py:117} INFO - [2022-10-06T00:47:20.757+0000] {dagbag.py:525} INFO - Filling up the DagBag from /home/airflow/.local/lib/python3.7/site-packages/airflow/example_dags/example_xcomargs.py
[2022-10-06T00:47:20.773+0000] {processor.py:768} INFO - DAG(s) dict_keys(['example_xcom_args', 'example_xcom_args_with_operators']) retrieved from /home/airflow/.local/lib/python3.7/site-packages/airflow/example_dags/example_xcomargs.py
[2022-10-06T00:47:20.801+0000] {logging_mixin.py:117} INFO - [2022-10-06T00:47:20.801+0000] {dag.py:2573} INFO - Sync 2 DAGs
[2022-10-06T00:47:20.821+0000] {logging_mixin.py:117} INFO - [2022-10-06T00:47:20.821+0000] {dag.py:3328} INFO - Setting next_dagrun for example_xcom_args to None, run_after=None
[2022-10-06T00:47:20.824+0000] {logging_mixin.py:117} INFO - [2022-10-06T00:47:20.824+0000] {dag.py:3328} INFO - Setting next_dagrun for example_xcom_args_with_operators to None, run_after=None
[2022-10-06T00:47:20.837+0000] {processor.py:178} INFO - Processing /home/airflow/.local/lib/python3.7/site-packages/airflow/example_dags/example_xcomargs.py took 0.082 seconds
[2022-10-06T00:47:51.897+0000] {processor.py:156} INFO - Started process (PID=1193) to work on /home/airflow/.local/lib/python3.7/site-packages/airflow/example_dags/example_xcomargs.py
[2022-10-06T00:47:51.898+0000] {processor.py:758} INFO - Processing file /home/airflow/.local/lib/python3.7/site-packages/airflow/example_dags/example_xcomargs.py for tasks to queue
[2022-10-06T00:47:51.898+0000] {logging_mixin.py:117} INFO - [2022-10-06T00:47:51.898+0000] {dagbag.py:525} INFO - Filling up the DagBag from /home/airflow/.local/lib/python3.7/site-packages/airflow/example_dags/example_xcomargs.py
[2022-10-06T00:47:51.917+0000] {processor.py:768} INFO - DAG(s) dict_keys(['example_xcom_args_with_operators', 'example_xcom_args']) retrieved from /home/airflow/.local/lib/python3.7/site-packages/airflow/example_dags/example_xcomargs.py
[2022-10-06T00:47:51.950+0000] {logging_mixin.py:117} INFO - [2022-10-06T00:47:51.949+0000] {dag.py:2573} INFO - Sync 2 DAGs
[2022-10-06T00:47:51.970+0000] {logging_mixin.py:117} INFO - [2022-10-06T00:47:51.970+0000] {dag.py:3328} INFO - Setting next_dagrun for example_xcom_args to None, run_after=None
[2022-10-06T00:47:51.973+0000] {logging_mixin.py:117} INFO - [2022-10-06T00:47:51.973+0000] {dag.py:3328} INFO - Setting next_dagrun for example_xcom_args_with_operators to None, run_after=None
[2022-10-06T00:47:51.985+0000] {processor.py:178} INFO - Processing /home/airflow/.local/lib/python3.7/site-packages/airflow/example_dags/example_xcomargs.py took 0.090 seconds
[2022-10-06T00:48:22.154+0000] {processor.py:156} INFO - Started process (PID=1249) to work on /home/airflow/.local/lib/python3.7/site-packages/airflow/example_dags/example_xcomargs.py
[2022-10-06T00:48:22.154+0000] {processor.py:758} INFO - Processing file /home/airflow/.local/lib/python3.7/site-packages/airflow/example_dags/example_xcomargs.py for tasks to queue
[2022-10-06T00:48:22.154+0000] {logging_mixin.py:117} INFO - [2022-10-06T00:48:22.154+0000] {dagbag.py:525} INFO - Filling up the DagBag from /home/airflow/.local/lib/python3.7/site-packages/airflow/example_dags/example_xcomargs.py
[2022-10-06T00:48:22.170+0000] {processor.py:768} INFO - DAG(s) dict_keys(['example_xcom_args', 'example_xcom_args_with_operators']) retrieved from /home/airflow/.local/lib/python3.7/site-packages/airflow/example_dags/example_xcomargs.py
[2022-10-06T00:48:22.201+0000] {logging_mixin.py:117} INFO - [2022-10-06T00:48:22.201+0000] {dag.py:2573} INFO - Sync 2 DAGs
[2022-10-06T00:48:22.217+0000] {logging_mixin.py:117} INFO - [2022-10-06T00:48:22.217+0000] {dag.py:3328} INFO - Setting next_dagrun for example_xcom_args to None, run_after=None
[2022-10-06T00:48:22.220+0000] {logging_mixin.py:117} INFO - [2022-10-06T00:48:22.219+0000] {dag.py:3328} INFO - Setting next_dagrun for example_xcom_args_with_operators to None, run_after=None
[2022-10-06T00:48:22.232+0000] {processor.py:178} INFO - Processing /home/airflow/.local/lib/python3.7/site-packages/airflow/example_dags/example_xcomargs.py took 0.080 seconds
[2022-10-06T00:48:52.359+0000] {processor.py:156} INFO - Started process (PID=1313) to work on /home/airflow/.local/lib/python3.7/site-packages/airflow/example_dags/example_xcomargs.py
[2022-10-06T00:48:52.359+0000] {processor.py:758} INFO - Processing file /home/airflow/.local/lib/python3.7/site-packages/airflow/example_dags/example_xcomargs.py for tasks to queue
[2022-10-06T00:48:52.360+0000] {logging_mixin.py:117} INFO - [2022-10-06T00:48:52.359+0000] {dagbag.py:525} INFO - Filling up the DagBag from /home/airflow/.local/lib/python3.7/site-packages/airflow/example_dags/example_xcomargs.py
[2022-10-06T00:48:52.378+0000] {processor.py:768} INFO - DAG(s) dict_keys(['example_xcom_args', 'example_xcom_args_with_operators']) retrieved from /home/airflow/.local/lib/python3.7/site-packages/airflow/example_dags/example_xcomargs.py
[2022-10-06T00:48:52.413+0000] {logging_mixin.py:117} INFO - [2022-10-06T00:48:52.413+0000] {dag.py:2573} INFO - Sync 2 DAGs
[2022-10-06T00:48:52.431+0000] {logging_mixin.py:117} INFO - [2022-10-06T00:48:52.431+0000] {dag.py:3328} INFO - Setting next_dagrun for example_xcom_args to None, run_after=None
[2022-10-06T00:48:52.435+0000] {logging_mixin.py:117} INFO - [2022-10-06T00:48:52.435+0000] {dag.py:3328} INFO - Setting next_dagrun for example_xcom_args_with_operators to None, run_after=None
[2022-10-06T00:48:52.449+0000] {processor.py:178} INFO - Processing /home/airflow/.local/lib/python3.7/site-packages/airflow/example_dags/example_xcomargs.py took 0.092 seconds
[2022-10-06T00:49:23.432+0000] {processor.py:156} INFO - Started process (PID=1378) to work on /home/airflow/.local/lib/python3.7/site-packages/airflow/example_dags/example_xcomargs.py
[2022-10-06T00:49:23.432+0000] {processor.py:758} INFO - Processing file /home/airflow/.local/lib/python3.7/site-packages/airflow/example_dags/example_xcomargs.py for tasks to queue
[2022-10-06T00:49:23.433+0000] {logging_mixin.py:117} INFO - [2022-10-06T00:49:23.433+0000] {dagbag.py:525} INFO - Filling up the DagBag from /home/airflow/.local/lib/python3.7/site-packages/airflow/example_dags/example_xcomargs.py
[2022-10-06T00:49:23.452+0000] {processor.py:768} INFO - DAG(s) dict_keys(['example_xcom_args_with_operators', 'example_xcom_args']) retrieved from /home/airflow/.local/lib/python3.7/site-packages/airflow/example_dags/example_xcomargs.py
[2022-10-06T00:49:23.484+0000] {logging_mixin.py:117} INFO - [2022-10-06T00:49:23.484+0000] {dag.py:2573} INFO - Sync 2 DAGs
[2022-10-06T00:49:23.505+0000] {logging_mixin.py:117} INFO - [2022-10-06T00:49:23.505+0000] {dag.py:3328} INFO - Setting next_dagrun for example_xcom_args to None, run_after=None
[2022-10-06T00:49:23.507+0000] {logging_mixin.py:117} INFO - [2022-10-06T00:49:23.507+0000] {dag.py:3328} INFO - Setting next_dagrun for example_xcom_args_with_operators to None, run_after=None
[2022-10-06T00:49:23.518+0000] {processor.py:178} INFO - Processing /home/airflow/.local/lib/python3.7/site-packages/airflow/example_dags/example_xcomargs.py took 0.088 seconds
[2022-10-06T23:51:08.487+0000] {processor.py:156} INFO - Started process (PID=69) to work on /home/airflow/.local/lib/python3.7/site-packages/airflow/example_dags/example_xcomargs.py
[2022-10-06T23:51:08.488+0000] {processor.py:758} INFO - Processing file /home/airflow/.local/lib/python3.7/site-packages/airflow/example_dags/example_xcomargs.py for tasks to queue
[2022-10-06T23:51:08.488+0000] {logging_mixin.py:117} INFO - [2022-10-06T23:51:08.488+0000] {dagbag.py:525} INFO - Filling up the DagBag from /home/airflow/.local/lib/python3.7/site-packages/airflow/example_dags/example_xcomargs.py
[2022-10-06T23:51:08.506+0000] {processor.py:768} INFO - DAG(s) dict_keys(['example_xcom_args', 'example_xcom_args_with_operators']) retrieved from /home/airflow/.local/lib/python3.7/site-packages/airflow/example_dags/example_xcomargs.py
[2022-10-06T23:51:08.530+0000] {logging_mixin.py:117} INFO - [2022-10-06T23:51:08.530+0000] {dag.py:2573} INFO - Sync 2 DAGs
[2022-10-06T23:51:08.556+0000] {logging_mixin.py:117} INFO - [2022-10-06T23:51:08.556+0000] {dag.py:3328} INFO - Setting next_dagrun for example_xcom_args to None, run_after=None
[2022-10-06T23:51:08.559+0000] {logging_mixin.py:117} INFO - [2022-10-06T23:51:08.558+0000] {dag.py:3328} INFO - Setting next_dagrun for example_xcom_args_with_operators to None, run_after=None
[2022-10-06T23:51:08.571+0000] {processor.py:178} INFO - Processing /home/airflow/.local/lib/python3.7/site-packages/airflow/example_dags/example_xcomargs.py took 0.086 seconds
[2022-10-06T23:51:39.535+0000] {processor.py:156} INFO - Started process (PID=133) to work on /home/airflow/.local/lib/python3.7/site-packages/airflow/example_dags/example_xcomargs.py
[2022-10-06T23:51:39.536+0000] {processor.py:758} INFO - Processing file /home/airflow/.local/lib/python3.7/site-packages/airflow/example_dags/example_xcomargs.py for tasks to queue
[2022-10-06T23:51:39.536+0000] {logging_mixin.py:117} INFO - [2022-10-06T23:51:39.536+0000] {dagbag.py:525} INFO - Filling up the DagBag from /home/airflow/.local/lib/python3.7/site-packages/airflow/example_dags/example_xcomargs.py
[2022-10-06T23:51:39.554+0000] {processor.py:768} INFO - DAG(s) dict_keys(['example_xcom_args', 'example_xcom_args_with_operators']) retrieved from /home/airflow/.local/lib/python3.7/site-packages/airflow/example_dags/example_xcomargs.py
[2022-10-06T23:51:39.585+0000] {logging_mixin.py:117} INFO - [2022-10-06T23:51:39.585+0000] {dag.py:2573} INFO - Sync 2 DAGs
[2022-10-06T23:51:39.604+0000] {logging_mixin.py:117} INFO - [2022-10-06T23:51:39.604+0000] {dag.py:3328} INFO - Setting next_dagrun for example_xcom_args to None, run_after=None
[2022-10-06T23:51:39.606+0000] {logging_mixin.py:117} INFO - [2022-10-06T23:51:39.606+0000] {dag.py:3328} INFO - Setting next_dagrun for example_xcom_args_with_operators to None, run_after=None
[2022-10-06T23:51:39.620+0000] {processor.py:178} INFO - Processing /home/airflow/.local/lib/python3.7/site-packages/airflow/example_dags/example_xcomargs.py took 0.086 seconds
[2022-10-06T23:52:09.807+0000] {processor.py:156} INFO - Started process (PID=198) to work on /home/airflow/.local/lib/python3.7/site-packages/airflow/example_dags/example_xcomargs.py
[2022-10-06T23:52:09.808+0000] {processor.py:758} INFO - Processing file /home/airflow/.local/lib/python3.7/site-packages/airflow/example_dags/example_xcomargs.py for tasks to queue
[2022-10-06T23:52:09.808+0000] {logging_mixin.py:117} INFO - [2022-10-06T23:52:09.808+0000] {dagbag.py:525} INFO - Filling up the DagBag from /home/airflow/.local/lib/python3.7/site-packages/airflow/example_dags/example_xcomargs.py
[2022-10-06T23:52:09.825+0000] {processor.py:768} INFO - DAG(s) dict_keys(['example_xcom_args_with_operators', 'example_xcom_args']) retrieved from /home/airflow/.local/lib/python3.7/site-packages/airflow/example_dags/example_xcomargs.py
[2022-10-06T23:52:09.855+0000] {logging_mixin.py:117} INFO - [2022-10-06T23:52:09.854+0000] {dag.py:2573} INFO - Sync 2 DAGs
[2022-10-06T23:52:09.874+0000] {logging_mixin.py:117} INFO - [2022-10-06T23:52:09.874+0000] {dag.py:3328} INFO - Setting next_dagrun for example_xcom_args to None, run_after=None
[2022-10-06T23:52:09.876+0000] {logging_mixin.py:117} INFO - [2022-10-06T23:52:09.876+0000] {dag.py:3328} INFO - Setting next_dagrun for example_xcom_args_with_operators to None, run_after=None
[2022-10-06T23:52:09.888+0000] {processor.py:178} INFO - Processing /home/airflow/.local/lib/python3.7/site-packages/airflow/example_dags/example_xcomargs.py took 0.083 seconds
[2022-10-06T23:52:40.911+0000] {processor.py:156} INFO - Started process (PID=262) to work on /home/airflow/.local/lib/python3.7/site-packages/airflow/example_dags/example_xcomargs.py
[2022-10-06T23:52:40.912+0000] {processor.py:758} INFO - Processing file /home/airflow/.local/lib/python3.7/site-packages/airflow/example_dags/example_xcomargs.py for tasks to queue
[2022-10-06T23:52:40.912+0000] {logging_mixin.py:117} INFO - [2022-10-06T23:52:40.912+0000] {dagbag.py:525} INFO - Filling up the DagBag from /home/airflow/.local/lib/python3.7/site-packages/airflow/example_dags/example_xcomargs.py
[2022-10-06T23:52:40.932+0000] {processor.py:768} INFO - DAG(s) dict_keys(['example_xcom_args', 'example_xcom_args_with_operators']) retrieved from /home/airflow/.local/lib/python3.7/site-packages/airflow/example_dags/example_xcomargs.py
[2022-10-06T23:52:40.965+0000] {logging_mixin.py:117} INFO - [2022-10-06T23:52:40.965+0000] {dag.py:2573} INFO - Sync 2 DAGs
[2022-10-06T23:52:40.987+0000] {logging_mixin.py:117} INFO - [2022-10-06T23:52:40.987+0000] {dag.py:3328} INFO - Setting next_dagrun for example_xcom_args to None, run_after=None
[2022-10-06T23:52:40.989+0000] {logging_mixin.py:117} INFO - [2022-10-06T23:52:40.989+0000] {dag.py:3328} INFO - Setting next_dagrun for example_xcom_args_with_operators to None, run_after=None
[2022-10-06T23:52:41.002+0000] {processor.py:178} INFO - Processing /home/airflow/.local/lib/python3.7/site-packages/airflow/example_dags/example_xcomargs.py took 0.093 seconds
[2022-10-06T23:53:11.189+0000] {processor.py:156} INFO - Started process (PID=317) to work on /home/airflow/.local/lib/python3.7/site-packages/airflow/example_dags/example_xcomargs.py
[2022-10-06T23:53:11.190+0000] {processor.py:758} INFO - Processing file /home/airflow/.local/lib/python3.7/site-packages/airflow/example_dags/example_xcomargs.py for tasks to queue
[2022-10-06T23:53:11.190+0000] {logging_mixin.py:117} INFO - [2022-10-06T23:53:11.190+0000] {dagbag.py:525} INFO - Filling up the DagBag from /home/airflow/.local/lib/python3.7/site-packages/airflow/example_dags/example_xcomargs.py
[2022-10-06T23:53:11.211+0000] {processor.py:768} INFO - DAG(s) dict_keys(['example_xcom_args', 'example_xcom_args_with_operators']) retrieved from /home/airflow/.local/lib/python3.7/site-packages/airflow/example_dags/example_xcomargs.py
[2022-10-06T23:53:11.241+0000] {logging_mixin.py:117} INFO - [2022-10-06T23:53:11.241+0000] {dag.py:2573} INFO - Sync 2 DAGs
[2022-10-06T23:53:11.261+0000] {logging_mixin.py:117} INFO - [2022-10-06T23:53:11.261+0000] {dag.py:3328} INFO - Setting next_dagrun for example_xcom_args to None, run_after=None
[2022-10-06T23:53:11.263+0000] {logging_mixin.py:117} INFO - [2022-10-06T23:53:11.263+0000] {dag.py:3328} INFO - Setting next_dagrun for example_xcom_args_with_operators to None, run_after=None
[2022-10-06T23:53:11.276+0000] {processor.py:178} INFO - Processing /home/airflow/.local/lib/python3.7/site-packages/airflow/example_dags/example_xcomargs.py took 0.089 seconds
[2022-10-06T23:53:41.499+0000] {processor.py:156} INFO - Started process (PID=389) to work on /home/airflow/.local/lib/python3.7/site-packages/airflow/example_dags/example_xcomargs.py
[2022-10-06T23:53:41.499+0000] {processor.py:758} INFO - Processing file /home/airflow/.local/lib/python3.7/site-packages/airflow/example_dags/example_xcomargs.py for tasks to queue
[2022-10-06T23:53:41.500+0000] {logging_mixin.py:117} INFO - [2022-10-06T23:53:41.500+0000] {dagbag.py:525} INFO - Filling up the DagBag from /home/airflow/.local/lib/python3.7/site-packages/airflow/example_dags/example_xcomargs.py
[2022-10-06T23:53:41.516+0000] {processor.py:768} INFO - DAG(s) dict_keys(['example_xcom_args', 'example_xcom_args_with_operators']) retrieved from /home/airflow/.local/lib/python3.7/site-packages/airflow/example_dags/example_xcomargs.py
[2022-10-06T23:53:41.543+0000] {logging_mixin.py:117} INFO - [2022-10-06T23:53:41.543+0000] {dag.py:2573} INFO - Sync 2 DAGs
[2022-10-06T23:53:41.560+0000] {logging_mixin.py:117} INFO - [2022-10-06T23:53:41.560+0000] {dag.py:3328} INFO - Setting next_dagrun for example_xcom_args to None, run_after=None
[2022-10-06T23:53:41.562+0000] {logging_mixin.py:117} INFO - [2022-10-06T23:53:41.562+0000] {dag.py:3328} INFO - Setting next_dagrun for example_xcom_args_with_operators to None, run_after=None
[2022-10-06T23:53:41.574+0000] {processor.py:178} INFO - Processing /home/airflow/.local/lib/python3.7/site-packages/airflow/example_dags/example_xcomargs.py took 0.077 seconds
[2022-10-06T23:54:11.798+0000] {processor.py:156} INFO - Started process (PID=453) to work on /home/airflow/.local/lib/python3.7/site-packages/airflow/example_dags/example_xcomargs.py
[2022-10-06T23:54:11.799+0000] {processor.py:758} INFO - Processing file /home/airflow/.local/lib/python3.7/site-packages/airflow/example_dags/example_xcomargs.py for tasks to queue
[2022-10-06T23:54:11.799+0000] {logging_mixin.py:117} INFO - [2022-10-06T23:54:11.799+0000] {dagbag.py:525} INFO - Filling up the DagBag from /home/airflow/.local/lib/python3.7/site-packages/airflow/example_dags/example_xcomargs.py
[2022-10-06T23:54:11.818+0000] {processor.py:768} INFO - DAG(s) dict_keys(['example_xcom_args_with_operators', 'example_xcom_args']) retrieved from /home/airflow/.local/lib/python3.7/site-packages/airflow/example_dags/example_xcomargs.py
[2022-10-06T23:54:11.875+0000] {logging_mixin.py:117} INFO - [2022-10-06T23:54:11.875+0000] {dag.py:2573} INFO - Sync 2 DAGs
[2022-10-06T23:54:11.896+0000] {logging_mixin.py:117} INFO - [2022-10-06T23:54:11.896+0000] {dag.py:3328} INFO - Setting next_dagrun for example_xcom_args to None, run_after=None
[2022-10-06T23:54:11.899+0000] {logging_mixin.py:117} INFO - [2022-10-06T23:54:11.898+0000] {dag.py:3328} INFO - Setting next_dagrun for example_xcom_args_with_operators to None, run_after=None
[2022-10-06T23:54:11.910+0000] {processor.py:178} INFO - Processing /home/airflow/.local/lib/python3.7/site-packages/airflow/example_dags/example_xcomargs.py took 0.115 seconds
[2022-10-06T23:54:43.057+0000] {processor.py:156} INFO - Started process (PID=518) to work on /home/airflow/.local/lib/python3.7/site-packages/airflow/example_dags/example_xcomargs.py
[2022-10-06T23:54:43.058+0000] {processor.py:758} INFO - Processing file /home/airflow/.local/lib/python3.7/site-packages/airflow/example_dags/example_xcomargs.py for tasks to queue
[2022-10-06T23:54:43.058+0000] {logging_mixin.py:117} INFO - [2022-10-06T23:54:43.058+0000] {dagbag.py:525} INFO - Filling up the DagBag from /home/airflow/.local/lib/python3.7/site-packages/airflow/example_dags/example_xcomargs.py
[2022-10-06T23:54:43.080+0000] {processor.py:768} INFO - DAG(s) dict_keys(['example_xcom_args', 'example_xcom_args_with_operators']) retrieved from /home/airflow/.local/lib/python3.7/site-packages/airflow/example_dags/example_xcomargs.py
[2022-10-06T23:54:43.113+0000] {logging_mixin.py:117} INFO - [2022-10-06T23:54:43.112+0000] {dag.py:2573} INFO - Sync 2 DAGs
[2022-10-06T23:54:43.133+0000] {logging_mixin.py:117} INFO - [2022-10-06T23:54:43.133+0000] {dag.py:3328} INFO - Setting next_dagrun for example_xcom_args to None, run_after=None
[2022-10-06T23:54:43.136+0000] {logging_mixin.py:117} INFO - [2022-10-06T23:54:43.136+0000] {dag.py:3328} INFO - Setting next_dagrun for example_xcom_args_with_operators to None, run_after=None
[2022-10-06T23:54:43.149+0000] {processor.py:178} INFO - Processing /home/airflow/.local/lib/python3.7/site-packages/airflow/example_dags/example_xcomargs.py took 0.093 seconds
[2022-10-06T23:55:13.226+0000] {processor.py:156} INFO - Started process (PID=582) to work on /home/airflow/.local/lib/python3.7/site-packages/airflow/example_dags/example_xcomargs.py
[2022-10-06T23:55:13.226+0000] {processor.py:758} INFO - Processing file /home/airflow/.local/lib/python3.7/site-packages/airflow/example_dags/example_xcomargs.py for tasks to queue
[2022-10-06T23:55:13.227+0000] {logging_mixin.py:117} INFO - [2022-10-06T23:55:13.227+0000] {dagbag.py:525} INFO - Filling up the DagBag from /home/airflow/.local/lib/python3.7/site-packages/airflow/example_dags/example_xcomargs.py
[2022-10-06T23:55:13.243+0000] {processor.py:768} INFO - DAG(s) dict_keys(['example_xcom_args', 'example_xcom_args_with_operators']) retrieved from /home/airflow/.local/lib/python3.7/site-packages/airflow/example_dags/example_xcomargs.py
[2022-10-06T23:55:13.270+0000] {logging_mixin.py:117} INFO - [2022-10-06T23:55:13.270+0000] {dag.py:2573} INFO - Sync 2 DAGs
[2022-10-06T23:55:13.286+0000] {logging_mixin.py:117} INFO - [2022-10-06T23:55:13.286+0000] {dag.py:3328} INFO - Setting next_dagrun for example_xcom_args to None, run_after=None
[2022-10-06T23:55:13.289+0000] {logging_mixin.py:117} INFO - [2022-10-06T23:55:13.288+0000] {dag.py:3328} INFO - Setting next_dagrun for example_xcom_args_with_operators to None, run_after=None
[2022-10-06T23:55:13.300+0000] {processor.py:178} INFO - Processing /home/airflow/.local/lib/python3.7/site-packages/airflow/example_dags/example_xcomargs.py took 0.075 seconds
[2022-10-06T23:55:44.219+0000] {processor.py:156} INFO - Started process (PID=637) to work on /home/airflow/.local/lib/python3.7/site-packages/airflow/example_dags/example_xcomargs.py
[2022-10-06T23:55:44.219+0000] {processor.py:758} INFO - Processing file /home/airflow/.local/lib/python3.7/site-packages/airflow/example_dags/example_xcomargs.py for tasks to queue
[2022-10-06T23:55:44.220+0000] {logging_mixin.py:117} INFO - [2022-10-06T23:55:44.220+0000] {dagbag.py:525} INFO - Filling up the DagBag from /home/airflow/.local/lib/python3.7/site-packages/airflow/example_dags/example_xcomargs.py
[2022-10-06T23:55:44.242+0000] {processor.py:768} INFO - DAG(s) dict_keys(['example_xcom_args', 'example_xcom_args_with_operators']) retrieved from /home/airflow/.local/lib/python3.7/site-packages/airflow/example_dags/example_xcomargs.py
[2022-10-06T23:55:44.276+0000] {logging_mixin.py:117} INFO - [2022-10-06T23:55:44.276+0000] {dag.py:2573} INFO - Sync 2 DAGs
[2022-10-06T23:55:44.299+0000] {logging_mixin.py:117} INFO - [2022-10-06T23:55:44.299+0000] {dag.py:3328} INFO - Setting next_dagrun for example_xcom_args to None, run_after=None
[2022-10-06T23:55:44.301+0000] {logging_mixin.py:117} INFO - [2022-10-06T23:55:44.301+0000] {dag.py:3328} INFO - Setting next_dagrun for example_xcom_args_with_operators to None, run_after=None
[2022-10-06T23:55:44.316+0000] {processor.py:178} INFO - Processing /home/airflow/.local/lib/python3.7/site-packages/airflow/example_dags/example_xcomargs.py took 0.099 seconds
[2022-10-06T23:56:15.134+0000] {processor.py:156} INFO - Started process (PID=701) to work on /home/airflow/.local/lib/python3.7/site-packages/airflow/example_dags/example_xcomargs.py
[2022-10-06T23:56:15.134+0000] {processor.py:758} INFO - Processing file /home/airflow/.local/lib/python3.7/site-packages/airflow/example_dags/example_xcomargs.py for tasks to queue
[2022-10-06T23:56:15.134+0000] {logging_mixin.py:117} INFO - [2022-10-06T23:56:15.134+0000] {dagbag.py:525} INFO - Filling up the DagBag from /home/airflow/.local/lib/python3.7/site-packages/airflow/example_dags/example_xcomargs.py
[2022-10-06T23:56:15.157+0000] {processor.py:768} INFO - DAG(s) dict_keys(['example_xcom_args_with_operators', 'example_xcom_args']) retrieved from /home/airflow/.local/lib/python3.7/site-packages/airflow/example_dags/example_xcomargs.py
[2022-10-06T23:56:15.192+0000] {logging_mixin.py:117} INFO - [2022-10-06T23:56:15.192+0000] {dag.py:2573} INFO - Sync 2 DAGs
[2022-10-06T23:56:15.214+0000] {logging_mixin.py:117} INFO - [2022-10-06T23:56:15.214+0000] {dag.py:3328} INFO - Setting next_dagrun for example_xcom_args to None, run_after=None
[2022-10-06T23:56:15.217+0000] {logging_mixin.py:117} INFO - [2022-10-06T23:56:15.217+0000] {dag.py:3328} INFO - Setting next_dagrun for example_xcom_args_with_operators to None, run_after=None
[2022-10-06T23:56:15.229+0000] {processor.py:178} INFO - Processing /home/airflow/.local/lib/python3.7/site-packages/airflow/example_dags/example_xcomargs.py took 0.098 seconds
[2022-10-06T23:56:46.201+0000] {processor.py:156} INFO - Started process (PID=765) to work on /home/airflow/.local/lib/python3.7/site-packages/airflow/example_dags/example_xcomargs.py
[2022-10-06T23:56:46.202+0000] {processor.py:758} INFO - Processing file /home/airflow/.local/lib/python3.7/site-packages/airflow/example_dags/example_xcomargs.py for tasks to queue
[2022-10-06T23:56:46.202+0000] {logging_mixin.py:117} INFO - [2022-10-06T23:56:46.202+0000] {dagbag.py:525} INFO - Filling up the DagBag from /home/airflow/.local/lib/python3.7/site-packages/airflow/example_dags/example_xcomargs.py
[2022-10-06T23:56:46.218+0000] {processor.py:768} INFO - DAG(s) dict_keys(['example_xcom_args', 'example_xcom_args_with_operators']) retrieved from /home/airflow/.local/lib/python3.7/site-packages/airflow/example_dags/example_xcomargs.py
[2022-10-06T23:56:46.247+0000] {logging_mixin.py:117} INFO - [2022-10-06T23:56:46.247+0000] {dag.py:2573} INFO - Sync 2 DAGs
[2022-10-06T23:56:46.267+0000] {logging_mixin.py:117} INFO - [2022-10-06T23:56:46.267+0000] {dag.py:3328} INFO - Setting next_dagrun for example_xcom_args to None, run_after=None
[2022-10-06T23:56:46.270+0000] {logging_mixin.py:117} INFO - [2022-10-06T23:56:46.270+0000] {dag.py:3328} INFO - Setting next_dagrun for example_xcom_args_with_operators to None, run_after=None
[2022-10-06T23:56:46.282+0000] {processor.py:178} INFO - Processing /home/airflow/.local/lib/python3.7/site-packages/airflow/example_dags/example_xcomargs.py took 0.082 seconds
[2022-10-06T23:57:16.443+0000] {processor.py:156} INFO - Started process (PID=829) to work on /home/airflow/.local/lib/python3.7/site-packages/airflow/example_dags/example_xcomargs.py
[2022-10-06T23:57:16.444+0000] {processor.py:758} INFO - Processing file /home/airflow/.local/lib/python3.7/site-packages/airflow/example_dags/example_xcomargs.py for tasks to queue
[2022-10-06T23:57:16.444+0000] {logging_mixin.py:117} INFO - [2022-10-06T23:57:16.444+0000] {dagbag.py:525} INFO - Filling up the DagBag from /home/airflow/.local/lib/python3.7/site-packages/airflow/example_dags/example_xcomargs.py
[2022-10-06T23:57:16.462+0000] {processor.py:768} INFO - DAG(s) dict_keys(['example_xcom_args_with_operators', 'example_xcom_args']) retrieved from /home/airflow/.local/lib/python3.7/site-packages/airflow/example_dags/example_xcomargs.py
[2022-10-06T23:57:16.492+0000] {logging_mixin.py:117} INFO - [2022-10-06T23:57:16.492+0000] {dag.py:2573} INFO - Sync 2 DAGs
[2022-10-06T23:57:16.511+0000] {logging_mixin.py:117} INFO - [2022-10-06T23:57:16.511+0000] {dag.py:3328} INFO - Setting next_dagrun for example_xcom_args to None, run_after=None
[2022-10-06T23:57:16.514+0000] {logging_mixin.py:117} INFO - [2022-10-06T23:57:16.514+0000] {dag.py:3328} INFO - Setting next_dagrun for example_xcom_args_with_operators to None, run_after=None
[2022-10-06T23:57:16.526+0000] {processor.py:178} INFO - Processing /home/airflow/.local/lib/python3.7/site-packages/airflow/example_dags/example_xcomargs.py took 0.085 seconds
[2022-10-06T23:57:47.436+0000] {processor.py:156} INFO - Started process (PID=896) to work on /home/airflow/.local/lib/python3.7/site-packages/airflow/example_dags/example_xcomargs.py
[2022-10-06T23:57:47.436+0000] {processor.py:758} INFO - Processing file /home/airflow/.local/lib/python3.7/site-packages/airflow/example_dags/example_xcomargs.py for tasks to queue
[2022-10-06T23:57:47.437+0000] {logging_mixin.py:117} INFO - [2022-10-06T23:57:47.437+0000] {dagbag.py:525} INFO - Filling up the DagBag from /home/airflow/.local/lib/python3.7/site-packages/airflow/example_dags/example_xcomargs.py
[2022-10-06T23:57:47.455+0000] {processor.py:768} INFO - DAG(s) dict_keys(['example_xcom_args', 'example_xcom_args_with_operators']) retrieved from /home/airflow/.local/lib/python3.7/site-packages/airflow/example_dags/example_xcomargs.py
[2022-10-06T23:57:47.482+0000] {logging_mixin.py:117} INFO - [2022-10-06T23:57:47.482+0000] {dag.py:2573} INFO - Sync 2 DAGs
[2022-10-06T23:57:47.501+0000] {logging_mixin.py:117} INFO - [2022-10-06T23:57:47.501+0000] {dag.py:3328} INFO - Setting next_dagrun for example_xcom_args to None, run_after=None
[2022-10-06T23:57:47.503+0000] {logging_mixin.py:117} INFO - [2022-10-06T23:57:47.503+0000] {dag.py:3328} INFO - Setting next_dagrun for example_xcom_args_with_operators to None, run_after=None
[2022-10-06T23:57:47.516+0000] {processor.py:178} INFO - Processing /home/airflow/.local/lib/python3.7/site-packages/airflow/example_dags/example_xcomargs.py took 0.082 seconds
[2022-10-06T23:58:18.508+0000] {processor.py:156} INFO - Started process (PID=951) to work on /home/airflow/.local/lib/python3.7/site-packages/airflow/example_dags/example_xcomargs.py
[2022-10-06T23:58:18.509+0000] {processor.py:758} INFO - Processing file /home/airflow/.local/lib/python3.7/site-packages/airflow/example_dags/example_xcomargs.py for tasks to queue
[2022-10-06T23:58:18.509+0000] {logging_mixin.py:117} INFO - [2022-10-06T23:58:18.509+0000] {dagbag.py:525} INFO - Filling up the DagBag from /home/airflow/.local/lib/python3.7/site-packages/airflow/example_dags/example_xcomargs.py
[2022-10-06T23:58:18.525+0000] {processor.py:768} INFO - DAG(s) dict_keys(['example_xcom_args', 'example_xcom_args_with_operators']) retrieved from /home/airflow/.local/lib/python3.7/site-packages/airflow/example_dags/example_xcomargs.py
[2022-10-06T23:58:18.556+0000] {logging_mixin.py:117} INFO - [2022-10-06T23:58:18.555+0000] {dag.py:2573} INFO - Sync 2 DAGs
[2022-10-06T23:58:18.576+0000] {logging_mixin.py:117} INFO - [2022-10-06T23:58:18.576+0000] {dag.py:3328} INFO - Setting next_dagrun for example_xcom_args to None, run_after=None
[2022-10-06T23:58:18.578+0000] {logging_mixin.py:117} INFO - [2022-10-06T23:58:18.578+0000] {dag.py:3328} INFO - Setting next_dagrun for example_xcom_args_with_operators to None, run_after=None
[2022-10-06T23:58:18.589+0000] {processor.py:178} INFO - Processing /home/airflow/.local/lib/python3.7/site-packages/airflow/example_dags/example_xcomargs.py took 0.083 seconds
[2022-10-06T23:58:49.835+0000] {processor.py:156} INFO - Started process (PID=1015) to work on /home/airflow/.local/lib/python3.7/site-packages/airflow/example_dags/example_xcomargs.py
[2022-10-06T23:58:49.836+0000] {processor.py:758} INFO - Processing file /home/airflow/.local/lib/python3.7/site-packages/airflow/example_dags/example_xcomargs.py for tasks to queue
[2022-10-06T23:58:49.836+0000] {logging_mixin.py:117} INFO - [2022-10-06T23:58:49.836+0000] {dagbag.py:525} INFO - Filling up the DagBag from /home/airflow/.local/lib/python3.7/site-packages/airflow/example_dags/example_xcomargs.py
[2022-10-06T23:58:49.854+0000] {processor.py:768} INFO - DAG(s) dict_keys(['example_xcom_args_with_operators', 'example_xcom_args']) retrieved from /home/airflow/.local/lib/python3.7/site-packages/airflow/example_dags/example_xcomargs.py
[2022-10-06T23:58:49.895+0000] {logging_mixin.py:117} INFO - [2022-10-06T23:58:49.895+0000] {dag.py:2573} INFO - Sync 2 DAGs
[2022-10-06T23:58:49.937+0000] {logging_mixin.py:117} INFO - [2022-10-06T23:58:49.936+0000] {dag.py:3328} INFO - Setting next_dagrun for example_xcom_args to None, run_after=None
[2022-10-06T23:58:49.940+0000] {logging_mixin.py:117} INFO - [2022-10-06T23:58:49.940+0000] {dag.py:3328} INFO - Setting next_dagrun for example_xcom_args_with_operators to None, run_after=None
[2022-10-06T23:58:49.965+0000] {processor.py:178} INFO - Processing /home/airflow/.local/lib/python3.7/site-packages/airflow/example_dags/example_xcomargs.py took 0.131 seconds
[2022-10-06T23:59:20.025+0000] {processor.py:156} INFO - Started process (PID=1079) to work on /home/airflow/.local/lib/python3.7/site-packages/airflow/example_dags/example_xcomargs.py
[2022-10-06T23:59:20.026+0000] {processor.py:758} INFO - Processing file /home/airflow/.local/lib/python3.7/site-packages/airflow/example_dags/example_xcomargs.py for tasks to queue
[2022-10-06T23:59:20.026+0000] {logging_mixin.py:117} INFO - [2022-10-06T23:59:20.026+0000] {dagbag.py:525} INFO - Filling up the DagBag from /home/airflow/.local/lib/python3.7/site-packages/airflow/example_dags/example_xcomargs.py
[2022-10-06T23:59:20.043+0000] {processor.py:768} INFO - DAG(s) dict_keys(['example_xcom_args', 'example_xcom_args_with_operators']) retrieved from /home/airflow/.local/lib/python3.7/site-packages/airflow/example_dags/example_xcomargs.py
[2022-10-06T23:59:20.077+0000] {logging_mixin.py:117} INFO - [2022-10-06T23:59:20.077+0000] {dag.py:2573} INFO - Sync 2 DAGs
[2022-10-06T23:59:20.097+0000] {logging_mixin.py:117} INFO - [2022-10-06T23:59:20.096+0000] {dag.py:3328} INFO - Setting next_dagrun for example_xcom_args to None, run_after=None
[2022-10-06T23:59:20.099+0000] {logging_mixin.py:117} INFO - [2022-10-06T23:59:20.099+0000] {dag.py:3328} INFO - Setting next_dagrun for example_xcom_args_with_operators to None, run_after=None
[2022-10-06T23:59:20.113+0000] {processor.py:178} INFO - Processing /home/airflow/.local/lib/python3.7/site-packages/airflow/example_dags/example_xcomargs.py took 0.089 seconds
[2022-10-06T23:59:51.022+0000] {processor.py:156} INFO - Started process (PID=1143) to work on /home/airflow/.local/lib/python3.7/site-packages/airflow/example_dags/example_xcomargs.py
[2022-10-06T23:59:51.022+0000] {processor.py:758} INFO - Processing file /home/airflow/.local/lib/python3.7/site-packages/airflow/example_dags/example_xcomargs.py for tasks to queue
[2022-10-06T23:59:51.023+0000] {logging_mixin.py:117} INFO - [2022-10-06T23:59:51.022+0000] {dagbag.py:525} INFO - Filling up the DagBag from /home/airflow/.local/lib/python3.7/site-packages/airflow/example_dags/example_xcomargs.py
[2022-10-06T23:59:51.039+0000] {processor.py:768} INFO - DAG(s) dict_keys(['example_xcom_args_with_operators', 'example_xcom_args']) retrieved from /home/airflow/.local/lib/python3.7/site-packages/airflow/example_dags/example_xcomargs.py
[2022-10-06T23:59:51.066+0000] {logging_mixin.py:117} INFO - [2022-10-06T23:59:51.066+0000] {dag.py:2573} INFO - Sync 2 DAGs
[2022-10-06T23:59:51.082+0000] {logging_mixin.py:117} INFO - [2022-10-06T23:59:51.082+0000] {dag.py:3328} INFO - Setting next_dagrun for example_xcom_args to None, run_after=None
[2022-10-06T23:59:51.085+0000] {logging_mixin.py:117} INFO - [2022-10-06T23:59:51.085+0000] {dag.py:3328} INFO - Setting next_dagrun for example_xcom_args_with_operators to None, run_after=None
[2022-10-06T23:59:51.097+0000] {processor.py:178} INFO - Processing /home/airflow/.local/lib/python3.7/site-packages/airflow/example_dags/example_xcomargs.py took 0.077 seconds
