[2022-10-06T00:38:35.261+0000] {processor.py:156} INFO - Started process (PID=51) to work on /home/airflow/.local/lib/python3.7/site-packages/airflow/example_dags/example_sla_dag.py
[2022-10-06T00:38:35.261+0000] {processor.py:758} INFO - Processing file /home/airflow/.local/lib/python3.7/site-packages/airflow/example_dags/example_sla_dag.py for tasks to queue
[2022-10-06T00:38:35.262+0000] {logging_mixin.py:117} INFO - [2022-10-06T00:38:35.262+0000] {dagbag.py:525} INFO - Filling up the DagBag from /home/airflow/.local/lib/python3.7/site-packages/airflow/example_dags/example_sla_dag.py
[2022-10-06T00:38:35.283+0000] {processor.py:768} INFO - DAG(s) dict_keys(['example_sla_dag']) retrieved from /home/airflow/.local/lib/python3.7/site-packages/airflow/example_dags/example_sla_dag.py
[2022-10-06T00:38:35.425+0000] {logging_mixin.py:117} INFO - [2022-10-06T00:38:35.425+0000] {dag.py:2573} INFO - Sync 1 DAGs
[2022-10-06T00:38:35.449+0000] {logging_mixin.py:117} INFO - [2022-10-06T00:38:35.449+0000] {dag.py:3328} INFO - Setting next_dagrun for example_sla_dag to 2022-10-06T00:36:00+00:00, run_after=2022-10-06T00:38:00+00:00
[2022-10-06T00:38:35.466+0000] {processor.py:178} INFO - Processing /home/airflow/.local/lib/python3.7/site-packages/airflow/example_dags/example_sla_dag.py took 0.207 seconds
[2022-10-06T00:39:06.156+0000] {processor.py:156} INFO - Started process (PID=115) to work on /home/airflow/.local/lib/python3.7/site-packages/airflow/example_dags/example_sla_dag.py
[2022-10-06T00:39:06.156+0000] {processor.py:758} INFO - Processing file /home/airflow/.local/lib/python3.7/site-packages/airflow/example_dags/example_sla_dag.py for tasks to queue
[2022-10-06T00:39:06.157+0000] {logging_mixin.py:117} INFO - [2022-10-06T00:39:06.157+0000] {dagbag.py:525} INFO - Filling up the DagBag from /home/airflow/.local/lib/python3.7/site-packages/airflow/example_dags/example_sla_dag.py
[2022-10-06T00:39:06.271+0000] {processor.py:768} INFO - DAG(s) dict_keys(['example_sla_dag']) retrieved from /home/airflow/.local/lib/python3.7/site-packages/airflow/example_dags/example_sla_dag.py
[2022-10-06T00:39:06.285+0000] {logging_mixin.py:117} INFO - [2022-10-06T00:39:06.285+0000] {dag.py:2573} INFO - Sync 1 DAGs
[2022-10-06T00:39:06.306+0000] {logging_mixin.py:117} INFO - [2022-10-06T00:39:06.306+0000] {dag.py:3328} INFO - Setting next_dagrun for example_sla_dag to 2022-10-06T00:36:00+00:00, run_after=2022-10-06T00:38:00+00:00
[2022-10-06T00:39:06.317+0000] {processor.py:178} INFO - Processing /home/airflow/.local/lib/python3.7/site-packages/airflow/example_dags/example_sla_dag.py took 0.163 seconds
[2022-10-06T00:39:36.944+0000] {processor.py:156} INFO - Started process (PID=180) to work on /home/airflow/.local/lib/python3.7/site-packages/airflow/example_dags/example_sla_dag.py
[2022-10-06T00:39:36.945+0000] {processor.py:758} INFO - Processing file /home/airflow/.local/lib/python3.7/site-packages/airflow/example_dags/example_sla_dag.py for tasks to queue
[2022-10-06T00:39:36.945+0000] {logging_mixin.py:117} INFO - [2022-10-06T00:39:36.945+0000] {dagbag.py:525} INFO - Filling up the DagBag from /home/airflow/.local/lib/python3.7/site-packages/airflow/example_dags/example_sla_dag.py
[2022-10-06T00:39:37.050+0000] {processor.py:768} INFO - DAG(s) dict_keys(['example_sla_dag']) retrieved from /home/airflow/.local/lib/python3.7/site-packages/airflow/example_dags/example_sla_dag.py
[2022-10-06T00:39:37.074+0000] {logging_mixin.py:117} INFO - [2022-10-06T00:39:37.074+0000] {dag.py:2573} INFO - Sync 1 DAGs
[2022-10-06T00:39:37.098+0000] {logging_mixin.py:117} INFO - [2022-10-06T00:39:37.098+0000] {dag.py:3328} INFO - Setting next_dagrun for example_sla_dag to 2022-10-06T00:36:00+00:00, run_after=2022-10-06T00:38:00+00:00
[2022-10-06T00:39:37.113+0000] {processor.py:178} INFO - Processing /home/airflow/.local/lib/python3.7/site-packages/airflow/example_dags/example_sla_dag.py took 0.171 seconds
[2022-10-06T00:40:08.027+0000] {processor.py:156} INFO - Started process (PID=244) to work on /home/airflow/.local/lib/python3.7/site-packages/airflow/example_dags/example_sla_dag.py
[2022-10-06T00:40:08.027+0000] {processor.py:758} INFO - Processing file /home/airflow/.local/lib/python3.7/site-packages/airflow/example_dags/example_sla_dag.py for tasks to queue
[2022-10-06T00:40:08.028+0000] {logging_mixin.py:117} INFO - [2022-10-06T00:40:08.028+0000] {dagbag.py:525} INFO - Filling up the DagBag from /home/airflow/.local/lib/python3.7/site-packages/airflow/example_dags/example_sla_dag.py
[2022-10-06T00:40:08.042+0000] {processor.py:768} INFO - DAG(s) dict_keys(['example_sla_dag']) retrieved from /home/airflow/.local/lib/python3.7/site-packages/airflow/example_dags/example_sla_dag.py
[2022-10-06T00:40:08.069+0000] {logging_mixin.py:117} INFO - [2022-10-06T00:40:08.069+0000] {dag.py:2573} INFO - Sync 1 DAGs
[2022-10-06T00:40:08.090+0000] {logging_mixin.py:117} INFO - [2022-10-06T00:40:08.090+0000] {dag.py:3328} INFO - Setting next_dagrun for example_sla_dag to 2022-10-06T00:38:00+00:00, run_after=2022-10-06T00:40:00+00:00
[2022-10-06T00:40:08.103+0000] {processor.py:178} INFO - Processing /home/airflow/.local/lib/python3.7/site-packages/airflow/example_dags/example_sla_dag.py took 0.078 seconds
[2022-10-06T00:40:38.900+0000] {processor.py:156} INFO - Started process (PID=299) to work on /home/airflow/.local/lib/python3.7/site-packages/airflow/example_dags/example_sla_dag.py
[2022-10-06T00:40:38.901+0000] {processor.py:758} INFO - Processing file /home/airflow/.local/lib/python3.7/site-packages/airflow/example_dags/example_sla_dag.py for tasks to queue
[2022-10-06T00:40:38.901+0000] {logging_mixin.py:117} INFO - [2022-10-06T00:40:38.901+0000] {dagbag.py:525} INFO - Filling up the DagBag from /home/airflow/.local/lib/python3.7/site-packages/airflow/example_dags/example_sla_dag.py
[2022-10-06T00:40:38.924+0000] {processor.py:768} INFO - DAG(s) dict_keys(['example_sla_dag']) retrieved from /home/airflow/.local/lib/python3.7/site-packages/airflow/example_dags/example_sla_dag.py
[2022-10-06T00:40:38.961+0000] {logging_mixin.py:117} INFO - [2022-10-06T00:40:38.961+0000] {dag.py:2573} INFO - Sync 1 DAGs
[2022-10-06T00:40:38.986+0000] {logging_mixin.py:117} INFO - [2022-10-06T00:40:38.986+0000] {dag.py:3328} INFO - Setting next_dagrun for example_sla_dag to 2022-10-06T00:38:00+00:00, run_after=2022-10-06T00:40:00+00:00
[2022-10-06T00:40:39.003+0000] {processor.py:178} INFO - Processing /home/airflow/.local/lib/python3.7/site-packages/airflow/example_dags/example_sla_dag.py took 0.104 seconds
[2022-10-06T00:41:09.118+0000] {processor.py:156} INFO - Started process (PID=363) to work on /home/airflow/.local/lib/python3.7/site-packages/airflow/example_dags/example_sla_dag.py
[2022-10-06T00:41:09.119+0000] {processor.py:758} INFO - Processing file /home/airflow/.local/lib/python3.7/site-packages/airflow/example_dags/example_sla_dag.py for tasks to queue
[2022-10-06T00:41:09.120+0000] {logging_mixin.py:117} INFO - [2022-10-06T00:41:09.120+0000] {dagbag.py:525} INFO - Filling up the DagBag from /home/airflow/.local/lib/python3.7/site-packages/airflow/example_dags/example_sla_dag.py
[2022-10-06T00:41:09.137+0000] {processor.py:768} INFO - DAG(s) dict_keys(['example_sla_dag']) retrieved from /home/airflow/.local/lib/python3.7/site-packages/airflow/example_dags/example_sla_dag.py
[2022-10-06T00:41:09.172+0000] {logging_mixin.py:117} INFO - [2022-10-06T00:41:09.172+0000] {dag.py:2573} INFO - Sync 1 DAGs
[2022-10-06T00:41:09.198+0000] {logging_mixin.py:117} INFO - [2022-10-06T00:41:09.198+0000] {dag.py:3328} INFO - Setting next_dagrun for example_sla_dag to 2022-10-06T00:38:00+00:00, run_after=2022-10-06T00:40:00+00:00
[2022-10-06T00:41:09.212+0000] {processor.py:178} INFO - Processing /home/airflow/.local/lib/python3.7/site-packages/airflow/example_dags/example_sla_dag.py took 0.096 seconds
[2022-10-06T00:41:40.143+0000] {processor.py:156} INFO - Started process (PID=427) to work on /home/airflow/.local/lib/python3.7/site-packages/airflow/example_dags/example_sla_dag.py
[2022-10-06T00:41:40.144+0000] {processor.py:758} INFO - Processing file /home/airflow/.local/lib/python3.7/site-packages/airflow/example_dags/example_sla_dag.py for tasks to queue
[2022-10-06T00:41:40.144+0000] {logging_mixin.py:117} INFO - [2022-10-06T00:41:40.144+0000] {dagbag.py:525} INFO - Filling up the DagBag from /home/airflow/.local/lib/python3.7/site-packages/airflow/example_dags/example_sla_dag.py
[2022-10-06T00:41:40.159+0000] {processor.py:768} INFO - DAG(s) dict_keys(['example_sla_dag']) retrieved from /home/airflow/.local/lib/python3.7/site-packages/airflow/example_dags/example_sla_dag.py
[2022-10-06T00:41:40.183+0000] {logging_mixin.py:117} INFO - [2022-10-06T00:41:40.182+0000] {dag.py:2573} INFO - Sync 1 DAGs
[2022-10-06T00:41:40.203+0000] {logging_mixin.py:117} INFO - [2022-10-06T00:41:40.203+0000] {dag.py:3328} INFO - Setting next_dagrun for example_sla_dag to 2022-10-06T00:38:00+00:00, run_after=2022-10-06T00:40:00+00:00
[2022-10-06T00:41:40.216+0000] {processor.py:178} INFO - Processing /home/airflow/.local/lib/python3.7/site-packages/airflow/example_dags/example_sla_dag.py took 0.074 seconds
[2022-10-06T00:42:11.245+0000] {processor.py:156} INFO - Started process (PID=491) to work on /home/airflow/.local/lib/python3.7/site-packages/airflow/example_dags/example_sla_dag.py
[2022-10-06T00:42:11.246+0000] {processor.py:758} INFO - Processing file /home/airflow/.local/lib/python3.7/site-packages/airflow/example_dags/example_sla_dag.py for tasks to queue
[2022-10-06T00:42:11.246+0000] {logging_mixin.py:117} INFO - [2022-10-06T00:42:11.246+0000] {dagbag.py:525} INFO - Filling up the DagBag from /home/airflow/.local/lib/python3.7/site-packages/airflow/example_dags/example_sla_dag.py
[2022-10-06T00:42:11.261+0000] {processor.py:768} INFO - DAG(s) dict_keys(['example_sla_dag']) retrieved from /home/airflow/.local/lib/python3.7/site-packages/airflow/example_dags/example_sla_dag.py
[2022-10-06T00:42:11.289+0000] {logging_mixin.py:117} INFO - [2022-10-06T00:42:11.288+0000] {dag.py:2573} INFO - Sync 1 DAGs
[2022-10-06T00:42:11.311+0000] {logging_mixin.py:117} INFO - [2022-10-06T00:42:11.311+0000] {dag.py:3328} INFO - Setting next_dagrun for example_sla_dag to 2022-10-06T00:40:00+00:00, run_after=2022-10-06T00:42:00+00:00
[2022-10-06T00:42:11.325+0000] {processor.py:178} INFO - Processing /home/airflow/.local/lib/python3.7/site-packages/airflow/example_dags/example_sla_dag.py took 0.081 seconds
[2022-10-06T00:42:41.574+0000] {processor.py:156} INFO - Started process (PID=546) to work on /home/airflow/.local/lib/python3.7/site-packages/airflow/example_dags/example_sla_dag.py
[2022-10-06T00:42:41.575+0000] {processor.py:758} INFO - Processing file /home/airflow/.local/lib/python3.7/site-packages/airflow/example_dags/example_sla_dag.py for tasks to queue
[2022-10-06T00:42:41.575+0000] {logging_mixin.py:117} INFO - [2022-10-06T00:42:41.575+0000] {dagbag.py:525} INFO - Filling up the DagBag from /home/airflow/.local/lib/python3.7/site-packages/airflow/example_dags/example_sla_dag.py
[2022-10-06T00:42:41.589+0000] {processor.py:768} INFO - DAG(s) dict_keys(['example_sla_dag']) retrieved from /home/airflow/.local/lib/python3.7/site-packages/airflow/example_dags/example_sla_dag.py
[2022-10-06T00:42:41.615+0000] {logging_mixin.py:117} INFO - [2022-10-06T00:42:41.614+0000] {dag.py:2573} INFO - Sync 1 DAGs
[2022-10-06T00:42:41.634+0000] {logging_mixin.py:117} INFO - [2022-10-06T00:42:41.634+0000] {dag.py:3328} INFO - Setting next_dagrun for example_sla_dag to 2022-10-06T00:40:00+00:00, run_after=2022-10-06T00:42:00+00:00
[2022-10-06T00:42:41.650+0000] {processor.py:178} INFO - Processing /home/airflow/.local/lib/python3.7/site-packages/airflow/example_dags/example_sla_dag.py took 0.078 seconds
[2022-10-06T00:43:12.501+0000] {processor.py:156} INFO - Started process (PID=610) to work on /home/airflow/.local/lib/python3.7/site-packages/airflow/example_dags/example_sla_dag.py
[2022-10-06T00:43:12.501+0000] {processor.py:758} INFO - Processing file /home/airflow/.local/lib/python3.7/site-packages/airflow/example_dags/example_sla_dag.py for tasks to queue
[2022-10-06T00:43:12.502+0000] {logging_mixin.py:117} INFO - [2022-10-06T00:43:12.502+0000] {dagbag.py:525} INFO - Filling up the DagBag from /home/airflow/.local/lib/python3.7/site-packages/airflow/example_dags/example_sla_dag.py
[2022-10-06T00:43:12.516+0000] {processor.py:768} INFO - DAG(s) dict_keys(['example_sla_dag']) retrieved from /home/airflow/.local/lib/python3.7/site-packages/airflow/example_dags/example_sla_dag.py
[2022-10-06T00:43:12.539+0000] {logging_mixin.py:117} INFO - [2022-10-06T00:43:12.539+0000] {dag.py:2573} INFO - Sync 1 DAGs
[2022-10-06T00:43:12.560+0000] {logging_mixin.py:117} INFO - [2022-10-06T00:43:12.560+0000] {dag.py:3328} INFO - Setting next_dagrun for example_sla_dag to 2022-10-06T00:40:00+00:00, run_after=2022-10-06T00:42:00+00:00
[2022-10-06T00:43:12.573+0000] {processor.py:178} INFO - Processing /home/airflow/.local/lib/python3.7/site-packages/airflow/example_dags/example_sla_dag.py took 0.074 seconds
[2022-10-06T00:43:43.547+0000] {processor.py:156} INFO - Started process (PID=674) to work on /home/airflow/.local/lib/python3.7/site-packages/airflow/example_dags/example_sla_dag.py
[2022-10-06T00:43:43.547+0000] {processor.py:758} INFO - Processing file /home/airflow/.local/lib/python3.7/site-packages/airflow/example_dags/example_sla_dag.py for tasks to queue
[2022-10-06T00:43:43.548+0000] {logging_mixin.py:117} INFO - [2022-10-06T00:43:43.548+0000] {dagbag.py:525} INFO - Filling up the DagBag from /home/airflow/.local/lib/python3.7/site-packages/airflow/example_dags/example_sla_dag.py
[2022-10-06T00:43:43.567+0000] {processor.py:768} INFO - DAG(s) dict_keys(['example_sla_dag']) retrieved from /home/airflow/.local/lib/python3.7/site-packages/airflow/example_dags/example_sla_dag.py
[2022-10-06T00:43:43.593+0000] {logging_mixin.py:117} INFO - [2022-10-06T00:43:43.593+0000] {dag.py:2573} INFO - Sync 1 DAGs
[2022-10-06T00:43:43.615+0000] {logging_mixin.py:117} INFO - [2022-10-06T00:43:43.614+0000] {dag.py:3328} INFO - Setting next_dagrun for example_sla_dag to 2022-10-06T00:40:00+00:00, run_after=2022-10-06T00:42:00+00:00
[2022-10-06T00:43:43.628+0000] {processor.py:178} INFO - Processing /home/airflow/.local/lib/python3.7/site-packages/airflow/example_dags/example_sla_dag.py took 0.083 seconds
[2022-10-06T00:44:14.638+0000] {processor.py:156} INFO - Started process (PID=738) to work on /home/airflow/.local/lib/python3.7/site-packages/airflow/example_dags/example_sla_dag.py
[2022-10-06T00:44:14.638+0000] {processor.py:758} INFO - Processing file /home/airflow/.local/lib/python3.7/site-packages/airflow/example_dags/example_sla_dag.py for tasks to queue
[2022-10-06T00:44:14.639+0000] {logging_mixin.py:117} INFO - [2022-10-06T00:44:14.638+0000] {dagbag.py:525} INFO - Filling up the DagBag from /home/airflow/.local/lib/python3.7/site-packages/airflow/example_dags/example_sla_dag.py
[2022-10-06T00:44:14.655+0000] {processor.py:768} INFO - DAG(s) dict_keys(['example_sla_dag']) retrieved from /home/airflow/.local/lib/python3.7/site-packages/airflow/example_dags/example_sla_dag.py
[2022-10-06T00:44:14.683+0000] {logging_mixin.py:117} INFO - [2022-10-06T00:44:14.683+0000] {dag.py:2573} INFO - Sync 1 DAGs
[2022-10-06T00:44:14.704+0000] {logging_mixin.py:117} INFO - [2022-10-06T00:44:14.704+0000] {dag.py:3328} INFO - Setting next_dagrun for example_sla_dag to 2022-10-06T00:42:00+00:00, run_after=2022-10-06T00:44:00+00:00
[2022-10-06T00:44:14.717+0000] {processor.py:178} INFO - Processing /home/airflow/.local/lib/python3.7/site-packages/airflow/example_dags/example_sla_dag.py took 0.081 seconds
[2022-10-06T00:44:45.416+0000] {processor.py:156} INFO - Started process (PID=802) to work on /home/airflow/.local/lib/python3.7/site-packages/airflow/example_dags/example_sla_dag.py
[2022-10-06T00:44:45.417+0000] {processor.py:758} INFO - Processing file /home/airflow/.local/lib/python3.7/site-packages/airflow/example_dags/example_sla_dag.py for tasks to queue
[2022-10-06T00:44:45.417+0000] {logging_mixin.py:117} INFO - [2022-10-06T00:44:45.417+0000] {dagbag.py:525} INFO - Filling up the DagBag from /home/airflow/.local/lib/python3.7/site-packages/airflow/example_dags/example_sla_dag.py
[2022-10-06T00:44:45.432+0000] {processor.py:768} INFO - DAG(s) dict_keys(['example_sla_dag']) retrieved from /home/airflow/.local/lib/python3.7/site-packages/airflow/example_dags/example_sla_dag.py
[2022-10-06T00:44:45.456+0000] {logging_mixin.py:117} INFO - [2022-10-06T00:44:45.456+0000] {dag.py:2573} INFO - Sync 1 DAGs
[2022-10-06T00:44:45.475+0000] {logging_mixin.py:117} INFO - [2022-10-06T00:44:45.475+0000] {dag.py:3328} INFO - Setting next_dagrun for example_sla_dag to 2022-10-06T00:42:00+00:00, run_after=2022-10-06T00:44:00+00:00
[2022-10-06T00:44:45.487+0000] {processor.py:178} INFO - Processing /home/airflow/.local/lib/python3.7/site-packages/airflow/example_dags/example_sla_dag.py took 0.072 seconds
[2022-10-06T00:45:16.395+0000] {processor.py:156} INFO - Started process (PID=864) to work on /home/airflow/.local/lib/python3.7/site-packages/airflow/example_dags/example_sla_dag.py
[2022-10-06T00:45:16.396+0000] {processor.py:758} INFO - Processing file /home/airflow/.local/lib/python3.7/site-packages/airflow/example_dags/example_sla_dag.py for tasks to queue
[2022-10-06T00:45:16.396+0000] {logging_mixin.py:117} INFO - [2022-10-06T00:45:16.396+0000] {dagbag.py:525} INFO - Filling up the DagBag from /home/airflow/.local/lib/python3.7/site-packages/airflow/example_dags/example_sla_dag.py
[2022-10-06T00:45:16.414+0000] {processor.py:768} INFO - DAG(s) dict_keys(['example_sla_dag']) retrieved from /home/airflow/.local/lib/python3.7/site-packages/airflow/example_dags/example_sla_dag.py
[2022-10-06T00:45:16.443+0000] {logging_mixin.py:117} INFO - [2022-10-06T00:45:16.443+0000] {dag.py:2573} INFO - Sync 1 DAGs
[2022-10-06T00:45:16.466+0000] {logging_mixin.py:117} INFO - [2022-10-06T00:45:16.466+0000] {dag.py:3328} INFO - Setting next_dagrun for example_sla_dag to 2022-10-06T00:42:00+00:00, run_after=2022-10-06T00:44:00+00:00
[2022-10-06T00:45:16.478+0000] {processor.py:178} INFO - Processing /home/airflow/.local/lib/python3.7/site-packages/airflow/example_dags/example_sla_dag.py took 0.085 seconds
[2022-10-06T00:45:47.150+0000] {processor.py:156} INFO - Started process (PID=921) to work on /home/airflow/.local/lib/python3.7/site-packages/airflow/example_dags/example_sla_dag.py
[2022-10-06T00:45:47.151+0000] {processor.py:758} INFO - Processing file /home/airflow/.local/lib/python3.7/site-packages/airflow/example_dags/example_sla_dag.py for tasks to queue
[2022-10-06T00:45:47.151+0000] {logging_mixin.py:117} INFO - [2022-10-06T00:45:47.151+0000] {dagbag.py:525} INFO - Filling up the DagBag from /home/airflow/.local/lib/python3.7/site-packages/airflow/example_dags/example_sla_dag.py
[2022-10-06T00:45:47.167+0000] {processor.py:768} INFO - DAG(s) dict_keys(['example_sla_dag']) retrieved from /home/airflow/.local/lib/python3.7/site-packages/airflow/example_dags/example_sla_dag.py
[2022-10-06T00:45:47.193+0000] {logging_mixin.py:117} INFO - [2022-10-06T00:45:47.192+0000] {dag.py:2573} INFO - Sync 1 DAGs
[2022-10-06T00:45:47.215+0000] {logging_mixin.py:117} INFO - [2022-10-06T00:45:47.215+0000] {dag.py:3328} INFO - Setting next_dagrun for example_sla_dag to 2022-10-06T00:42:00+00:00, run_after=2022-10-06T00:44:00+00:00
[2022-10-06T00:45:47.227+0000] {processor.py:178} INFO - Processing /home/airflow/.local/lib/python3.7/site-packages/airflow/example_dags/example_sla_dag.py took 0.079 seconds
[2022-10-06T00:46:18.048+0000] {processor.py:156} INFO - Started process (PID=985) to work on /home/airflow/.local/lib/python3.7/site-packages/airflow/example_dags/example_sla_dag.py
[2022-10-06T00:46:18.048+0000] {processor.py:758} INFO - Processing file /home/airflow/.local/lib/python3.7/site-packages/airflow/example_dags/example_sla_dag.py for tasks to queue
[2022-10-06T00:46:18.049+0000] {logging_mixin.py:117} INFO - [2022-10-06T00:46:18.049+0000] {dagbag.py:525} INFO - Filling up the DagBag from /home/airflow/.local/lib/python3.7/site-packages/airflow/example_dags/example_sla_dag.py
[2022-10-06T00:46:18.063+0000] {processor.py:768} INFO - DAG(s) dict_keys(['example_sla_dag']) retrieved from /home/airflow/.local/lib/python3.7/site-packages/airflow/example_dags/example_sla_dag.py
[2022-10-06T00:46:18.088+0000] {logging_mixin.py:117} INFO - [2022-10-06T00:46:18.088+0000] {dag.py:2573} INFO - Sync 1 DAGs
[2022-10-06T00:46:18.106+0000] {logging_mixin.py:117} INFO - [2022-10-06T00:46:18.106+0000] {dag.py:3328} INFO - Setting next_dagrun for example_sla_dag to 2022-10-06T00:44:00+00:00, run_after=2022-10-06T00:46:00+00:00
[2022-10-06T00:46:18.118+0000] {processor.py:178} INFO - Processing /home/airflow/.local/lib/python3.7/site-packages/airflow/example_dags/example_sla_dag.py took 0.072 seconds
[2022-10-06T00:46:48.827+0000] {processor.py:156} INFO - Started process (PID=1049) to work on /home/airflow/.local/lib/python3.7/site-packages/airflow/example_dags/example_sla_dag.py
[2022-10-06T00:46:48.827+0000] {processor.py:758} INFO - Processing file /home/airflow/.local/lib/python3.7/site-packages/airflow/example_dags/example_sla_dag.py for tasks to queue
[2022-10-06T00:46:48.828+0000] {logging_mixin.py:117} INFO - [2022-10-06T00:46:48.828+0000] {dagbag.py:525} INFO - Filling up the DagBag from /home/airflow/.local/lib/python3.7/site-packages/airflow/example_dags/example_sla_dag.py
[2022-10-06T00:46:48.844+0000] {processor.py:768} INFO - DAG(s) dict_keys(['example_sla_dag']) retrieved from /home/airflow/.local/lib/python3.7/site-packages/airflow/example_dags/example_sla_dag.py
[2022-10-06T00:46:48.869+0000] {logging_mixin.py:117} INFO - [2022-10-06T00:46:48.869+0000] {dag.py:2573} INFO - Sync 1 DAGs
[2022-10-06T00:46:48.890+0000] {logging_mixin.py:117} INFO - [2022-10-06T00:46:48.890+0000] {dag.py:3328} INFO - Setting next_dagrun for example_sla_dag to 2022-10-06T00:44:00+00:00, run_after=2022-10-06T00:46:00+00:00
[2022-10-06T00:46:48.902+0000] {processor.py:178} INFO - Processing /home/airflow/.local/lib/python3.7/site-packages/airflow/example_dags/example_sla_dag.py took 0.077 seconds
[2022-10-06T00:47:19.785+0000] {processor.py:156} INFO - Started process (PID=1112) to work on /home/airflow/.local/lib/python3.7/site-packages/airflow/example_dags/example_sla_dag.py
[2022-10-06T00:47:19.785+0000] {processor.py:758} INFO - Processing file /home/airflow/.local/lib/python3.7/site-packages/airflow/example_dags/example_sla_dag.py for tasks to queue
[2022-10-06T00:47:19.786+0000] {logging_mixin.py:117} INFO - [2022-10-06T00:47:19.786+0000] {dagbag.py:525} INFO - Filling up the DagBag from /home/airflow/.local/lib/python3.7/site-packages/airflow/example_dags/example_sla_dag.py
[2022-10-06T00:47:19.800+0000] {processor.py:768} INFO - DAG(s) dict_keys(['example_sla_dag']) retrieved from /home/airflow/.local/lib/python3.7/site-packages/airflow/example_dags/example_sla_dag.py
[2022-10-06T00:47:19.825+0000] {logging_mixin.py:117} INFO - [2022-10-06T00:47:19.825+0000] {dag.py:2573} INFO - Sync 1 DAGs
[2022-10-06T00:47:19.845+0000] {logging_mixin.py:117} INFO - [2022-10-06T00:47:19.844+0000] {dag.py:3328} INFO - Setting next_dagrun for example_sla_dag to 2022-10-06T00:44:00+00:00, run_after=2022-10-06T00:46:00+00:00
[2022-10-06T00:47:19.857+0000] {processor.py:178} INFO - Processing /home/airflow/.local/lib/python3.7/site-packages/airflow/example_dags/example_sla_dag.py took 0.073 seconds
[2022-10-06T00:47:50.877+0000] {processor.py:156} INFO - Started process (PID=1167) to work on /home/airflow/.local/lib/python3.7/site-packages/airflow/example_dags/example_sla_dag.py
[2022-10-06T00:47:50.878+0000] {processor.py:758} INFO - Processing file /home/airflow/.local/lib/python3.7/site-packages/airflow/example_dags/example_sla_dag.py for tasks to queue
[2022-10-06T00:47:50.878+0000] {logging_mixin.py:117} INFO - [2022-10-06T00:47:50.878+0000] {dagbag.py:525} INFO - Filling up the DagBag from /home/airflow/.local/lib/python3.7/site-packages/airflow/example_dags/example_sla_dag.py
[2022-10-06T00:47:50.897+0000] {processor.py:768} INFO - DAG(s) dict_keys(['example_sla_dag']) retrieved from /home/airflow/.local/lib/python3.7/site-packages/airflow/example_dags/example_sla_dag.py
[2022-10-06T00:47:50.926+0000] {logging_mixin.py:117} INFO - [2022-10-06T00:47:50.926+0000] {dag.py:2573} INFO - Sync 1 DAGs
[2022-10-06T00:47:50.948+0000] {logging_mixin.py:117} INFO - [2022-10-06T00:47:50.948+0000] {dag.py:3328} INFO - Setting next_dagrun for example_sla_dag to 2022-10-06T00:44:00+00:00, run_after=2022-10-06T00:46:00+00:00
[2022-10-06T00:47:50.962+0000] {processor.py:178} INFO - Processing /home/airflow/.local/lib/python3.7/site-packages/airflow/example_dags/example_sla_dag.py took 0.087 seconds
[2022-10-06T00:48:21.104+0000] {processor.py:156} INFO - Started process (PID=1232) to work on /home/airflow/.local/lib/python3.7/site-packages/airflow/example_dags/example_sla_dag.py
[2022-10-06T00:48:21.105+0000] {processor.py:758} INFO - Processing file /home/airflow/.local/lib/python3.7/site-packages/airflow/example_dags/example_sla_dag.py for tasks to queue
[2022-10-06T00:48:21.105+0000] {logging_mixin.py:117} INFO - [2022-10-06T00:48:21.105+0000] {dagbag.py:525} INFO - Filling up the DagBag from /home/airflow/.local/lib/python3.7/site-packages/airflow/example_dags/example_sla_dag.py
[2022-10-06T00:48:21.119+0000] {processor.py:768} INFO - DAG(s) dict_keys(['example_sla_dag']) retrieved from /home/airflow/.local/lib/python3.7/site-packages/airflow/example_dags/example_sla_dag.py
[2022-10-06T00:48:21.143+0000] {logging_mixin.py:117} INFO - [2022-10-06T00:48:21.143+0000] {dag.py:2573} INFO - Sync 1 DAGs
[2022-10-06T00:48:21.162+0000] {logging_mixin.py:117} INFO - [2022-10-06T00:48:21.162+0000] {dag.py:3328} INFO - Setting next_dagrun for example_sla_dag to 2022-10-06T00:46:00+00:00, run_after=2022-10-06T00:48:00+00:00
[2022-10-06T00:48:21.176+0000] {processor.py:178} INFO - Processing /home/airflow/.local/lib/python3.7/site-packages/airflow/example_dags/example_sla_dag.py took 0.073 seconds
[2022-10-06T00:48:51.471+0000] {processor.py:156} INFO - Started process (PID=1296) to work on /home/airflow/.local/lib/python3.7/site-packages/airflow/example_dags/example_sla_dag.py
[2022-10-06T00:48:51.472+0000] {processor.py:758} INFO - Processing file /home/airflow/.local/lib/python3.7/site-packages/airflow/example_dags/example_sla_dag.py for tasks to queue
[2022-10-06T00:48:51.472+0000] {logging_mixin.py:117} INFO - [2022-10-06T00:48:51.472+0000] {dagbag.py:525} INFO - Filling up the DagBag from /home/airflow/.local/lib/python3.7/site-packages/airflow/example_dags/example_sla_dag.py
[2022-10-06T00:48:51.488+0000] {processor.py:768} INFO - DAG(s) dict_keys(['example_sla_dag']) retrieved from /home/airflow/.local/lib/python3.7/site-packages/airflow/example_dags/example_sla_dag.py
[2022-10-06T00:48:51.516+0000] {logging_mixin.py:117} INFO - [2022-10-06T00:48:51.516+0000] {dag.py:2573} INFO - Sync 1 DAGs
[2022-10-06T00:48:51.536+0000] {logging_mixin.py:117} INFO - [2022-10-06T00:48:51.536+0000] {dag.py:3328} INFO - Setting next_dagrun for example_sla_dag to 2022-10-06T00:46:00+00:00, run_after=2022-10-06T00:48:00+00:00
[2022-10-06T00:48:51.550+0000] {processor.py:178} INFO - Processing /home/airflow/.local/lib/python3.7/site-packages/airflow/example_dags/example_sla_dag.py took 0.081 seconds
[2022-10-06T00:49:22.612+0000] {processor.py:156} INFO - Started process (PID=1361) to work on /home/airflow/.local/lib/python3.7/site-packages/airflow/example_dags/example_sla_dag.py
[2022-10-06T00:49:22.612+0000] {processor.py:758} INFO - Processing file /home/airflow/.local/lib/python3.7/site-packages/airflow/example_dags/example_sla_dag.py for tasks to queue
[2022-10-06T00:49:22.612+0000] {logging_mixin.py:117} INFO - [2022-10-06T00:49:22.612+0000] {dagbag.py:525} INFO - Filling up the DagBag from /home/airflow/.local/lib/python3.7/site-packages/airflow/example_dags/example_sla_dag.py
[2022-10-06T00:49:22.627+0000] {processor.py:768} INFO - DAG(s) dict_keys(['example_sla_dag']) retrieved from /home/airflow/.local/lib/python3.7/site-packages/airflow/example_dags/example_sla_dag.py
[2022-10-06T00:49:22.650+0000] {logging_mixin.py:117} INFO - [2022-10-06T00:49:22.650+0000] {dag.py:2573} INFO - Sync 1 DAGs
[2022-10-06T00:49:22.670+0000] {logging_mixin.py:117} INFO - [2022-10-06T00:49:22.670+0000] {dag.py:3328} INFO - Setting next_dagrun for example_sla_dag to 2022-10-06T00:46:00+00:00, run_after=2022-10-06T00:48:00+00:00
[2022-10-06T00:49:22.682+0000] {processor.py:178} INFO - Processing /home/airflow/.local/lib/python3.7/site-packages/airflow/example_dags/example_sla_dag.py took 0.072 seconds
