[2022-10-06T00:38:34.606+0000] {processor.py:156} INFO - Started process (PID=45) to work on /home/airflow/.local/lib/python3.7/site-packages/airflow/example_dags/example_external_task_marker_dag.py
[2022-10-06T00:38:34.606+0000] {processor.py:758} INFO - Processing file /home/airflow/.local/lib/python3.7/site-packages/airflow/example_dags/example_external_task_marker_dag.py for tasks to queue
[2022-10-06T00:38:34.607+0000] {logging_mixin.py:117} INFO - [2022-10-06T00:38:34.606+0000] {dagbag.py:525} INFO - Filling up the DagBag from /home/airflow/.local/lib/python3.7/site-packages/airflow/example_dags/example_external_task_marker_dag.py
[2022-10-06T00:38:34.617+0000] {processor.py:768} INFO - DAG(s) dict_keys(['example_external_task_marker_child', 'example_external_task_marker_parent']) retrieved from /home/airflow/.local/lib/python3.7/site-packages/airflow/example_dags/example_external_task_marker_dag.py
[2022-10-06T00:38:34.917+0000] {logging_mixin.py:117} INFO - [2022-10-06T00:38:34.916+0000] {dag.py:2573} INFO - Sync 2 DAGs
[2022-10-06T00:38:34.936+0000] {logging_mixin.py:117} INFO - [2022-10-06T00:38:34.936+0000] {dag.py:3328} INFO - Setting next_dagrun for example_external_task_marker_child to None, run_after=None
[2022-10-06T00:38:34.939+0000] {logging_mixin.py:117} INFO - [2022-10-06T00:38:34.938+0000] {dag.py:3328} INFO - Setting next_dagrun for example_external_task_marker_parent to None, run_after=None
[2022-10-06T00:38:34.953+0000] {processor.py:178} INFO - Processing /home/airflow/.local/lib/python3.7/site-packages/airflow/example_dags/example_external_task_marker_dag.py took 0.350 seconds
[2022-10-06T00:39:05.460+0000] {processor.py:156} INFO - Started process (PID=109) to work on /home/airflow/.local/lib/python3.7/site-packages/airflow/example_dags/example_external_task_marker_dag.py
[2022-10-06T00:39:05.495+0000] {processor.py:758} INFO - Processing file /home/airflow/.local/lib/python3.7/site-packages/airflow/example_dags/example_external_task_marker_dag.py for tasks to queue
[2022-10-06T00:39:05.496+0000] {logging_mixin.py:117} INFO - [2022-10-06T00:39:05.495+0000] {dagbag.py:525} INFO - Filling up the DagBag from /home/airflow/.local/lib/python3.7/site-packages/airflow/example_dags/example_external_task_marker_dag.py
[2022-10-06T00:39:05.504+0000] {processor.py:768} INFO - DAG(s) dict_keys(['example_external_task_marker_child', 'example_external_task_marker_parent']) retrieved from /home/airflow/.local/lib/python3.7/site-packages/airflow/example_dags/example_external_task_marker_dag.py
[2022-10-06T00:39:05.619+0000] {logging_mixin.py:117} INFO - [2022-10-06T00:39:05.618+0000] {dag.py:2573} INFO - Sync 2 DAGs
[2022-10-06T00:39:05.638+0000] {logging_mixin.py:117} INFO - [2022-10-06T00:39:05.638+0000] {dag.py:3328} INFO - Setting next_dagrun for example_external_task_marker_child to None, run_after=None
[2022-10-06T00:39:05.640+0000] {logging_mixin.py:117} INFO - [2022-10-06T00:39:05.640+0000] {dag.py:3328} INFO - Setting next_dagrun for example_external_task_marker_parent to None, run_after=None
[2022-10-06T00:39:05.652+0000] {processor.py:178} INFO - Processing /home/airflow/.local/lib/python3.7/site-packages/airflow/example_dags/example_external_task_marker_dag.py took 0.194 seconds
[2022-10-06T00:39:36.107+0000] {processor.py:156} INFO - Started process (PID=174) to work on /home/airflow/.local/lib/python3.7/site-packages/airflow/example_dags/example_external_task_marker_dag.py
[2022-10-06T00:39:36.108+0000] {processor.py:758} INFO - Processing file /home/airflow/.local/lib/python3.7/site-packages/airflow/example_dags/example_external_task_marker_dag.py for tasks to queue
[2022-10-06T00:39:36.108+0000] {logging_mixin.py:117} INFO - [2022-10-06T00:39:36.108+0000] {dagbag.py:525} INFO - Filling up the DagBag from /home/airflow/.local/lib/python3.7/site-packages/airflow/example_dags/example_external_task_marker_dag.py
[2022-10-06T00:39:36.209+0000] {processor.py:768} INFO - DAG(s) dict_keys(['example_external_task_marker_parent', 'example_external_task_marker_child']) retrieved from /home/airflow/.local/lib/python3.7/site-packages/airflow/example_dags/example_external_task_marker_dag.py
[2022-10-06T00:39:36.398+0000] {logging_mixin.py:117} INFO - [2022-10-06T00:39:36.398+0000] {dag.py:2573} INFO - Sync 2 DAGs
[2022-10-06T00:39:36.414+0000] {logging_mixin.py:117} INFO - [2022-10-06T00:39:36.414+0000] {dag.py:3328} INFO - Setting next_dagrun for example_external_task_marker_child to None, run_after=None
[2022-10-06T00:39:36.416+0000] {logging_mixin.py:117} INFO - [2022-10-06T00:39:36.416+0000] {dag.py:3328} INFO - Setting next_dagrun for example_external_task_marker_parent to None, run_after=None
[2022-10-06T00:39:36.432+0000] {processor.py:178} INFO - Processing /home/airflow/.local/lib/python3.7/site-packages/airflow/example_dags/example_external_task_marker_dag.py took 0.326 seconds
[2022-10-06T00:40:06.595+0000] {processor.py:156} INFO - Started process (PID=229) to work on /home/airflow/.local/lib/python3.7/site-packages/airflow/example_dags/example_external_task_marker_dag.py
[2022-10-06T00:40:06.596+0000] {processor.py:758} INFO - Processing file /home/airflow/.local/lib/python3.7/site-packages/airflow/example_dags/example_external_task_marker_dag.py for tasks to queue
[2022-10-06T00:40:06.596+0000] {logging_mixin.py:117} INFO - [2022-10-06T00:40:06.596+0000] {dagbag.py:525} INFO - Filling up the DagBag from /home/airflow/.local/lib/python3.7/site-packages/airflow/example_dags/example_external_task_marker_dag.py
[2022-10-06T00:40:06.606+0000] {processor.py:768} INFO - DAG(s) dict_keys(['example_external_task_marker_parent', 'example_external_task_marker_child']) retrieved from /home/airflow/.local/lib/python3.7/site-packages/airflow/example_dags/example_external_task_marker_dag.py
[2022-10-06T00:40:06.768+0000] {logging_mixin.py:117} INFO - [2022-10-06T00:40:06.768+0000] {dag.py:2573} INFO - Sync 2 DAGs
[2022-10-06T00:40:06.787+0000] {logging_mixin.py:117} INFO - [2022-10-06T00:40:06.787+0000] {dag.py:3328} INFO - Setting next_dagrun for example_external_task_marker_child to None, run_after=None
[2022-10-06T00:40:06.790+0000] {logging_mixin.py:117} INFO - [2022-10-06T00:40:06.790+0000] {dag.py:3328} INFO - Setting next_dagrun for example_external_task_marker_parent to None, run_after=None
[2022-10-06T00:40:06.803+0000] {processor.py:178} INFO - Processing /home/airflow/.local/lib/python3.7/site-packages/airflow/example_dags/example_external_task_marker_dag.py took 0.209 seconds
[2022-10-06T00:40:37.573+0000] {processor.py:156} INFO - Started process (PID=293) to work on /home/airflow/.local/lib/python3.7/site-packages/airflow/example_dags/example_external_task_marker_dag.py
[2022-10-06T00:40:37.574+0000] {processor.py:758} INFO - Processing file /home/airflow/.local/lib/python3.7/site-packages/airflow/example_dags/example_external_task_marker_dag.py for tasks to queue
[2022-10-06T00:40:37.574+0000] {logging_mixin.py:117} INFO - [2022-10-06T00:40:37.574+0000] {dagbag.py:525} INFO - Filling up the DagBag from /home/airflow/.local/lib/python3.7/site-packages/airflow/example_dags/example_external_task_marker_dag.py
[2022-10-06T00:40:37.583+0000] {processor.py:768} INFO - DAG(s) dict_keys(['example_external_task_marker_parent', 'example_external_task_marker_child']) retrieved from /home/airflow/.local/lib/python3.7/site-packages/airflow/example_dags/example_external_task_marker_dag.py
[2022-10-06T00:40:37.744+0000] {logging_mixin.py:117} INFO - [2022-10-06T00:40:37.744+0000] {dag.py:2573} INFO - Sync 2 DAGs
[2022-10-06T00:40:37.761+0000] {logging_mixin.py:117} INFO - [2022-10-06T00:40:37.761+0000] {dag.py:3328} INFO - Setting next_dagrun for example_external_task_marker_child to None, run_after=None
[2022-10-06T00:40:37.764+0000] {logging_mixin.py:117} INFO - [2022-10-06T00:40:37.764+0000] {dag.py:3328} INFO - Setting next_dagrun for example_external_task_marker_parent to None, run_after=None
[2022-10-06T00:40:37.778+0000] {processor.py:178} INFO - Processing /home/airflow/.local/lib/python3.7/site-packages/airflow/example_dags/example_external_task_marker_dag.py took 0.207 seconds
[2022-10-06T00:41:08.686+0000] {processor.py:156} INFO - Started process (PID=357) to work on /home/airflow/.local/lib/python3.7/site-packages/airflow/example_dags/example_external_task_marker_dag.py
[2022-10-06T00:41:08.686+0000] {processor.py:758} INFO - Processing file /home/airflow/.local/lib/python3.7/site-packages/airflow/example_dags/example_external_task_marker_dag.py for tasks to queue
[2022-10-06T00:41:08.687+0000] {logging_mixin.py:117} INFO - [2022-10-06T00:41:08.686+0000] {dagbag.py:525} INFO - Filling up the DagBag from /home/airflow/.local/lib/python3.7/site-packages/airflow/example_dags/example_external_task_marker_dag.py
[2022-10-06T00:41:08.697+0000] {processor.py:768} INFO - DAG(s) dict_keys(['example_external_task_marker_child', 'example_external_task_marker_parent']) retrieved from /home/airflow/.local/lib/python3.7/site-packages/airflow/example_dags/example_external_task_marker_dag.py
[2022-10-06T00:41:08.858+0000] {logging_mixin.py:117} INFO - [2022-10-06T00:41:08.858+0000] {dag.py:2573} INFO - Sync 2 DAGs
[2022-10-06T00:41:08.878+0000] {logging_mixin.py:117} INFO - [2022-10-06T00:41:08.878+0000] {dag.py:3328} INFO - Setting next_dagrun for example_external_task_marker_child to None, run_after=None
[2022-10-06T00:41:08.880+0000] {logging_mixin.py:117} INFO - [2022-10-06T00:41:08.880+0000] {dag.py:3328} INFO - Setting next_dagrun for example_external_task_marker_parent to None, run_after=None
[2022-10-06T00:41:08.893+0000] {processor.py:178} INFO - Processing /home/airflow/.local/lib/python3.7/site-packages/airflow/example_dags/example_external_task_marker_dag.py took 0.209 seconds
[2022-10-06T00:41:39.678+0000] {processor.py:156} INFO - Started process (PID=421) to work on /home/airflow/.local/lib/python3.7/site-packages/airflow/example_dags/example_external_task_marker_dag.py
[2022-10-06T00:41:39.678+0000] {processor.py:758} INFO - Processing file /home/airflow/.local/lib/python3.7/site-packages/airflow/example_dags/example_external_task_marker_dag.py for tasks to queue
[2022-10-06T00:41:39.679+0000] {logging_mixin.py:117} INFO - [2022-10-06T00:41:39.678+0000] {dagbag.py:525} INFO - Filling up the DagBag from /home/airflow/.local/lib/python3.7/site-packages/airflow/example_dags/example_external_task_marker_dag.py
[2022-10-06T00:41:39.688+0000] {processor.py:768} INFO - DAG(s) dict_keys(['example_external_task_marker_parent', 'example_external_task_marker_child']) retrieved from /home/airflow/.local/lib/python3.7/site-packages/airflow/example_dags/example_external_task_marker_dag.py
[2022-10-06T00:41:39.843+0000] {logging_mixin.py:117} INFO - [2022-10-06T00:41:39.842+0000] {dag.py:2573} INFO - Sync 2 DAGs
[2022-10-06T00:41:39.861+0000] {logging_mixin.py:117} INFO - [2022-10-06T00:41:39.861+0000] {dag.py:3328} INFO - Setting next_dagrun for example_external_task_marker_child to None, run_after=None
[2022-10-06T00:41:39.864+0000] {logging_mixin.py:117} INFO - [2022-10-06T00:41:39.863+0000] {dag.py:3328} INFO - Setting next_dagrun for example_external_task_marker_parent to None, run_after=None
[2022-10-06T00:41:39.875+0000] {processor.py:178} INFO - Processing /home/airflow/.local/lib/python3.7/site-packages/airflow/example_dags/example_external_task_marker_dag.py took 0.199 seconds
[2022-10-06T00:42:10.766+0000] {processor.py:156} INFO - Started process (PID=485) to work on /home/airflow/.local/lib/python3.7/site-packages/airflow/example_dags/example_external_task_marker_dag.py
[2022-10-06T00:42:10.767+0000] {processor.py:758} INFO - Processing file /home/airflow/.local/lib/python3.7/site-packages/airflow/example_dags/example_external_task_marker_dag.py for tasks to queue
[2022-10-06T00:42:10.767+0000] {logging_mixin.py:117} INFO - [2022-10-06T00:42:10.767+0000] {dagbag.py:525} INFO - Filling up the DagBag from /home/airflow/.local/lib/python3.7/site-packages/airflow/example_dags/example_external_task_marker_dag.py
[2022-10-06T00:42:10.775+0000] {processor.py:768} INFO - DAG(s) dict_keys(['example_external_task_marker_child', 'example_external_task_marker_parent']) retrieved from /home/airflow/.local/lib/python3.7/site-packages/airflow/example_dags/example_external_task_marker_dag.py
[2022-10-06T00:42:10.923+0000] {logging_mixin.py:117} INFO - [2022-10-06T00:42:10.923+0000] {dag.py:2573} INFO - Sync 2 DAGs
[2022-10-06T00:42:10.941+0000] {logging_mixin.py:117} INFO - [2022-10-06T00:42:10.941+0000] {dag.py:3328} INFO - Setting next_dagrun for example_external_task_marker_child to None, run_after=None
[2022-10-06T00:42:10.943+0000] {logging_mixin.py:117} INFO - [2022-10-06T00:42:10.943+0000] {dag.py:3328} INFO - Setting next_dagrun for example_external_task_marker_parent to None, run_after=None
[2022-10-06T00:42:10.954+0000] {processor.py:178} INFO - Processing /home/airflow/.local/lib/python3.7/site-packages/airflow/example_dags/example_external_task_marker_dag.py took 0.190 seconds
[2022-10-06T00:42:41.071+0000] {processor.py:156} INFO - Started process (PID=540) to work on /home/airflow/.local/lib/python3.7/site-packages/airflow/example_dags/example_external_task_marker_dag.py
[2022-10-06T00:42:41.072+0000] {processor.py:758} INFO - Processing file /home/airflow/.local/lib/python3.7/site-packages/airflow/example_dags/example_external_task_marker_dag.py for tasks to queue
[2022-10-06T00:42:41.072+0000] {logging_mixin.py:117} INFO - [2022-10-06T00:42:41.072+0000] {dagbag.py:525} INFO - Filling up the DagBag from /home/airflow/.local/lib/python3.7/site-packages/airflow/example_dags/example_external_task_marker_dag.py
[2022-10-06T00:42:41.080+0000] {processor.py:768} INFO - DAG(s) dict_keys(['example_external_task_marker_parent', 'example_external_task_marker_child']) retrieved from /home/airflow/.local/lib/python3.7/site-packages/airflow/example_dags/example_external_task_marker_dag.py
[2022-10-06T00:42:41.225+0000] {logging_mixin.py:117} INFO - [2022-10-06T00:42:41.225+0000] {dag.py:2573} INFO - Sync 2 DAGs
[2022-10-06T00:42:41.243+0000] {logging_mixin.py:117} INFO - [2022-10-06T00:42:41.243+0000] {dag.py:3328} INFO - Setting next_dagrun for example_external_task_marker_child to None, run_after=None
[2022-10-06T00:42:41.246+0000] {logging_mixin.py:117} INFO - [2022-10-06T00:42:41.246+0000] {dag.py:3328} INFO - Setting next_dagrun for example_external_task_marker_parent to None, run_after=None
[2022-10-06T00:42:41.258+0000] {processor.py:178} INFO - Processing /home/airflow/.local/lib/python3.7/site-packages/airflow/example_dags/example_external_task_marker_dag.py took 0.188 seconds
[2022-10-06T00:43:12.038+0000] {processor.py:156} INFO - Started process (PID=604) to work on /home/airflow/.local/lib/python3.7/site-packages/airflow/example_dags/example_external_task_marker_dag.py
[2022-10-06T00:43:12.039+0000] {processor.py:758} INFO - Processing file /home/airflow/.local/lib/python3.7/site-packages/airflow/example_dags/example_external_task_marker_dag.py for tasks to queue
[2022-10-06T00:43:12.039+0000] {logging_mixin.py:117} INFO - [2022-10-06T00:43:12.039+0000] {dagbag.py:525} INFO - Filling up the DagBag from /home/airflow/.local/lib/python3.7/site-packages/airflow/example_dags/example_external_task_marker_dag.py
[2022-10-06T00:43:12.048+0000] {processor.py:768} INFO - DAG(s) dict_keys(['example_external_task_marker_parent', 'example_external_task_marker_child']) retrieved from /home/airflow/.local/lib/python3.7/site-packages/airflow/example_dags/example_external_task_marker_dag.py
[2022-10-06T00:43:12.196+0000] {logging_mixin.py:117} INFO - [2022-10-06T00:43:12.196+0000] {dag.py:2573} INFO - Sync 2 DAGs
[2022-10-06T00:43:12.214+0000] {logging_mixin.py:117} INFO - [2022-10-06T00:43:12.214+0000] {dag.py:3328} INFO - Setting next_dagrun for example_external_task_marker_child to None, run_after=None
[2022-10-06T00:43:12.216+0000] {logging_mixin.py:117} INFO - [2022-10-06T00:43:12.216+0000] {dag.py:3328} INFO - Setting next_dagrun for example_external_task_marker_parent to None, run_after=None
[2022-10-06T00:43:12.228+0000] {processor.py:178} INFO - Processing /home/airflow/.local/lib/python3.7/site-packages/airflow/example_dags/example_external_task_marker_dag.py took 0.191 seconds
[2022-10-06T00:43:43.087+0000] {processor.py:156} INFO - Started process (PID=668) to work on /home/airflow/.local/lib/python3.7/site-packages/airflow/example_dags/example_external_task_marker_dag.py
[2022-10-06T00:43:43.123+0000] {processor.py:758} INFO - Processing file /home/airflow/.local/lib/python3.7/site-packages/airflow/example_dags/example_external_task_marker_dag.py for tasks to queue
[2022-10-06T00:43:43.123+0000] {logging_mixin.py:117} INFO - [2022-10-06T00:43:43.123+0000] {dagbag.py:525} INFO - Filling up the DagBag from /home/airflow/.local/lib/python3.7/site-packages/airflow/example_dags/example_external_task_marker_dag.py
[2022-10-06T00:43:43.135+0000] {processor.py:768} INFO - DAG(s) dict_keys(['example_external_task_marker_child', 'example_external_task_marker_parent']) retrieved from /home/airflow/.local/lib/python3.7/site-packages/airflow/example_dags/example_external_task_marker_dag.py
[2022-10-06T00:43:43.286+0000] {logging_mixin.py:117} INFO - [2022-10-06T00:43:43.286+0000] {dag.py:2573} INFO - Sync 2 DAGs
[2022-10-06T00:43:43.303+0000] {logging_mixin.py:117} INFO - [2022-10-06T00:43:43.303+0000] {dag.py:3328} INFO - Setting next_dagrun for example_external_task_marker_child to None, run_after=None
[2022-10-06T00:43:43.306+0000] {logging_mixin.py:117} INFO - [2022-10-06T00:43:43.306+0000] {dag.py:3328} INFO - Setting next_dagrun for example_external_task_marker_parent to None, run_after=None
[2022-10-06T00:43:43.317+0000] {processor.py:178} INFO - Processing /home/airflow/.local/lib/python3.7/site-packages/airflow/example_dags/example_external_task_marker_dag.py took 0.231 seconds
[2022-10-06T00:44:14.148+0000] {processor.py:156} INFO - Started process (PID=732) to work on /home/airflow/.local/lib/python3.7/site-packages/airflow/example_dags/example_external_task_marker_dag.py
[2022-10-06T00:44:14.148+0000] {processor.py:758} INFO - Processing file /home/airflow/.local/lib/python3.7/site-packages/airflow/example_dags/example_external_task_marker_dag.py for tasks to queue
[2022-10-06T00:44:14.149+0000] {logging_mixin.py:117} INFO - [2022-10-06T00:44:14.149+0000] {dagbag.py:525} INFO - Filling up the DagBag from /home/airflow/.local/lib/python3.7/site-packages/airflow/example_dags/example_external_task_marker_dag.py
[2022-10-06T00:44:14.158+0000] {processor.py:768} INFO - DAG(s) dict_keys(['example_external_task_marker_parent', 'example_external_task_marker_child']) retrieved from /home/airflow/.local/lib/python3.7/site-packages/airflow/example_dags/example_external_task_marker_dag.py
[2022-10-06T00:44:14.319+0000] {logging_mixin.py:117} INFO - [2022-10-06T00:44:14.319+0000] {dag.py:2573} INFO - Sync 2 DAGs
[2022-10-06T00:44:14.338+0000] {logging_mixin.py:117} INFO - [2022-10-06T00:44:14.338+0000] {dag.py:3328} INFO - Setting next_dagrun for example_external_task_marker_child to None, run_after=None
[2022-10-06T00:44:14.341+0000] {logging_mixin.py:117} INFO - [2022-10-06T00:44:14.341+0000] {dag.py:3328} INFO - Setting next_dagrun for example_external_task_marker_parent to None, run_after=None
[2022-10-06T00:44:14.353+0000] {processor.py:178} INFO - Processing /home/airflow/.local/lib/python3.7/site-packages/airflow/example_dags/example_external_task_marker_dag.py took 0.208 seconds
[2022-10-06T00:44:44.969+0000] {processor.py:156} INFO - Started process (PID=796) to work on /home/airflow/.local/lib/python3.7/site-packages/airflow/example_dags/example_external_task_marker_dag.py
[2022-10-06T00:44:44.969+0000] {processor.py:758} INFO - Processing file /home/airflow/.local/lib/python3.7/site-packages/airflow/example_dags/example_external_task_marker_dag.py for tasks to queue
[2022-10-06T00:44:44.970+0000] {logging_mixin.py:117} INFO - [2022-10-06T00:44:44.970+0000] {dagbag.py:525} INFO - Filling up the DagBag from /home/airflow/.local/lib/python3.7/site-packages/airflow/example_dags/example_external_task_marker_dag.py
[2022-10-06T00:44:44.978+0000] {processor.py:768} INFO - DAG(s) dict_keys(['example_external_task_marker_child', 'example_external_task_marker_parent']) retrieved from /home/airflow/.local/lib/python3.7/site-packages/airflow/example_dags/example_external_task_marker_dag.py
[2022-10-06T00:44:45.121+0000] {logging_mixin.py:117} INFO - [2022-10-06T00:44:45.121+0000] {dag.py:2573} INFO - Sync 2 DAGs
[2022-10-06T00:44:45.138+0000] {logging_mixin.py:117} INFO - [2022-10-06T00:44:45.138+0000] {dag.py:3328} INFO - Setting next_dagrun for example_external_task_marker_child to None, run_after=None
[2022-10-06T00:44:45.140+0000] {logging_mixin.py:117} INFO - [2022-10-06T00:44:45.140+0000] {dag.py:3328} INFO - Setting next_dagrun for example_external_task_marker_parent to None, run_after=None
[2022-10-06T00:44:45.153+0000] {processor.py:178} INFO - Processing /home/airflow/.local/lib/python3.7/site-packages/airflow/example_dags/example_external_task_marker_dag.py took 0.186 seconds
[2022-10-06T00:45:15.848+0000] {processor.py:156} INFO - Started process (PID=851) to work on /home/airflow/.local/lib/python3.7/site-packages/airflow/example_dags/example_external_task_marker_dag.py
[2022-10-06T00:45:15.848+0000] {processor.py:758} INFO - Processing file /home/airflow/.local/lib/python3.7/site-packages/airflow/example_dags/example_external_task_marker_dag.py for tasks to queue
[2022-10-06T00:45:15.849+0000] {logging_mixin.py:117} INFO - [2022-10-06T00:45:15.848+0000] {dagbag.py:525} INFO - Filling up the DagBag from /home/airflow/.local/lib/python3.7/site-packages/airflow/example_dags/example_external_task_marker_dag.py
[2022-10-06T00:45:15.858+0000] {processor.py:768} INFO - DAG(s) dict_keys(['example_external_task_marker_parent', 'example_external_task_marker_child']) retrieved from /home/airflow/.local/lib/python3.7/site-packages/airflow/example_dags/example_external_task_marker_dag.py
[2022-10-06T00:45:16.038+0000] {logging_mixin.py:117} INFO - [2022-10-06T00:45:16.038+0000] {dag.py:2573} INFO - Sync 2 DAGs
[2022-10-06T00:45:16.056+0000] {logging_mixin.py:117} INFO - [2022-10-06T00:45:16.056+0000] {dag.py:3328} INFO - Setting next_dagrun for example_external_task_marker_child to None, run_after=None
[2022-10-06T00:45:16.058+0000] {logging_mixin.py:117} INFO - [2022-10-06T00:45:16.058+0000] {dag.py:3328} INFO - Setting next_dagrun for example_external_task_marker_parent to None, run_after=None
[2022-10-06T00:45:16.070+0000] {processor.py:178} INFO - Processing /home/airflow/.local/lib/python3.7/site-packages/airflow/example_dags/example_external_task_marker_dag.py took 0.224 seconds
[2022-10-06T00:45:46.732+0000] {processor.py:156} INFO - Started process (PID=915) to work on /home/airflow/.local/lib/python3.7/site-packages/airflow/example_dags/example_external_task_marker_dag.py
[2022-10-06T00:45:46.733+0000] {processor.py:758} INFO - Processing file /home/airflow/.local/lib/python3.7/site-packages/airflow/example_dags/example_external_task_marker_dag.py for tasks to queue
[2022-10-06T00:45:46.734+0000] {logging_mixin.py:117} INFO - [2022-10-06T00:45:46.734+0000] {dagbag.py:525} INFO - Filling up the DagBag from /home/airflow/.local/lib/python3.7/site-packages/airflow/example_dags/example_external_task_marker_dag.py
[2022-10-06T00:45:46.745+0000] {processor.py:768} INFO - DAG(s) dict_keys(['example_external_task_marker_child', 'example_external_task_marker_parent']) retrieved from /home/airflow/.local/lib/python3.7/site-packages/airflow/example_dags/example_external_task_marker_dag.py
[2022-10-06T00:45:46.909+0000] {logging_mixin.py:117} INFO - [2022-10-06T00:45:46.909+0000] {dag.py:2573} INFO - Sync 2 DAGs
[2022-10-06T00:45:46.928+0000] {logging_mixin.py:117} INFO - [2022-10-06T00:45:46.927+0000] {dag.py:3328} INFO - Setting next_dagrun for example_external_task_marker_child to None, run_after=None
[2022-10-06T00:45:46.930+0000] {logging_mixin.py:117} INFO - [2022-10-06T00:45:46.930+0000] {dag.py:3328} INFO - Setting next_dagrun for example_external_task_marker_parent to None, run_after=None
[2022-10-06T00:45:46.942+0000] {processor.py:178} INFO - Processing /home/airflow/.local/lib/python3.7/site-packages/airflow/example_dags/example_external_task_marker_dag.py took 0.212 seconds
[2022-10-06T00:46:17.608+0000] {processor.py:156} INFO - Started process (PID=979) to work on /home/airflow/.local/lib/python3.7/site-packages/airflow/example_dags/example_external_task_marker_dag.py
[2022-10-06T00:46:17.609+0000] {processor.py:758} INFO - Processing file /home/airflow/.local/lib/python3.7/site-packages/airflow/example_dags/example_external_task_marker_dag.py for tasks to queue
[2022-10-06T00:46:17.609+0000] {logging_mixin.py:117} INFO - [2022-10-06T00:46:17.609+0000] {dagbag.py:525} INFO - Filling up the DagBag from /home/airflow/.local/lib/python3.7/site-packages/airflow/example_dags/example_external_task_marker_dag.py
[2022-10-06T00:46:17.617+0000] {processor.py:768} INFO - DAG(s) dict_keys(['example_external_task_marker_parent', 'example_external_task_marker_child']) retrieved from /home/airflow/.local/lib/python3.7/site-packages/airflow/example_dags/example_external_task_marker_dag.py
[2022-10-06T00:46:17.762+0000] {logging_mixin.py:117} INFO - [2022-10-06T00:46:17.762+0000] {dag.py:2573} INFO - Sync 2 DAGs
[2022-10-06T00:46:17.778+0000] {logging_mixin.py:117} INFO - [2022-10-06T00:46:17.778+0000] {dag.py:3328} INFO - Setting next_dagrun for example_external_task_marker_child to None, run_after=None
[2022-10-06T00:46:17.780+0000] {logging_mixin.py:117} INFO - [2022-10-06T00:46:17.780+0000] {dag.py:3328} INFO - Setting next_dagrun for example_external_task_marker_parent to None, run_after=None
[2022-10-06T00:46:17.792+0000] {processor.py:178} INFO - Processing /home/airflow/.local/lib/python3.7/site-packages/airflow/example_dags/example_external_task_marker_dag.py took 0.185 seconds
[2022-10-06T00:46:48.371+0000] {processor.py:156} INFO - Started process (PID=1043) to work on /home/airflow/.local/lib/python3.7/site-packages/airflow/example_dags/example_external_task_marker_dag.py
[2022-10-06T00:46:48.372+0000] {processor.py:758} INFO - Processing file /home/airflow/.local/lib/python3.7/site-packages/airflow/example_dags/example_external_task_marker_dag.py for tasks to queue
[2022-10-06T00:46:48.372+0000] {logging_mixin.py:117} INFO - [2022-10-06T00:46:48.372+0000] {dagbag.py:525} INFO - Filling up the DagBag from /home/airflow/.local/lib/python3.7/site-packages/airflow/example_dags/example_external_task_marker_dag.py
[2022-10-06T00:46:48.381+0000] {processor.py:768} INFO - DAG(s) dict_keys(['example_external_task_marker_child', 'example_external_task_marker_parent']) retrieved from /home/airflow/.local/lib/python3.7/site-packages/airflow/example_dags/example_external_task_marker_dag.py
[2022-10-06T00:46:48.532+0000] {logging_mixin.py:117} INFO - [2022-10-06T00:46:48.532+0000] {dag.py:2573} INFO - Sync 2 DAGs
[2022-10-06T00:46:48.550+0000] {logging_mixin.py:117} INFO - [2022-10-06T00:46:48.550+0000] {dag.py:3328} INFO - Setting next_dagrun for example_external_task_marker_child to None, run_after=None
[2022-10-06T00:46:48.552+0000] {logging_mixin.py:117} INFO - [2022-10-06T00:46:48.552+0000] {dag.py:3328} INFO - Setting next_dagrun for example_external_task_marker_parent to None, run_after=None
[2022-10-06T00:46:48.565+0000] {processor.py:178} INFO - Processing /home/airflow/.local/lib/python3.7/site-packages/airflow/example_dags/example_external_task_marker_dag.py took 0.195 seconds
[2022-10-06T00:47:19.309+0000] {processor.py:156} INFO - Started process (PID=1106) to work on /home/airflow/.local/lib/python3.7/site-packages/airflow/example_dags/example_external_task_marker_dag.py
[2022-10-06T00:47:19.309+0000] {processor.py:758} INFO - Processing file /home/airflow/.local/lib/python3.7/site-packages/airflow/example_dags/example_external_task_marker_dag.py for tasks to queue
[2022-10-06T00:47:19.310+0000] {logging_mixin.py:117} INFO - [2022-10-06T00:47:19.309+0000] {dagbag.py:525} INFO - Filling up the DagBag from /home/airflow/.local/lib/python3.7/site-packages/airflow/example_dags/example_external_task_marker_dag.py
[2022-10-06T00:47:19.319+0000] {processor.py:768} INFO - DAG(s) dict_keys(['example_external_task_marker_child', 'example_external_task_marker_parent']) retrieved from /home/airflow/.local/lib/python3.7/site-packages/airflow/example_dags/example_external_task_marker_dag.py
[2022-10-06T00:47:19.489+0000] {logging_mixin.py:117} INFO - [2022-10-06T00:47:19.489+0000] {dag.py:2573} INFO - Sync 2 DAGs
[2022-10-06T00:47:19.511+0000] {logging_mixin.py:117} INFO - [2022-10-06T00:47:19.511+0000] {dag.py:3328} INFO - Setting next_dagrun for example_external_task_marker_child to None, run_after=None
[2022-10-06T00:47:19.513+0000] {logging_mixin.py:117} INFO - [2022-10-06T00:47:19.513+0000] {dag.py:3328} INFO - Setting next_dagrun for example_external_task_marker_parent to None, run_after=None
[2022-10-06T00:47:19.527+0000] {processor.py:178} INFO - Processing /home/airflow/.local/lib/python3.7/site-packages/airflow/example_dags/example_external_task_marker_dag.py took 0.220 seconds
[2022-10-06T00:47:50.369+0000] {processor.py:156} INFO - Started process (PID=1161) to work on /home/airflow/.local/lib/python3.7/site-packages/airflow/example_dags/example_external_task_marker_dag.py
[2022-10-06T00:47:50.405+0000] {processor.py:758} INFO - Processing file /home/airflow/.local/lib/python3.7/site-packages/airflow/example_dags/example_external_task_marker_dag.py for tasks to queue
[2022-10-06T00:47:50.405+0000] {logging_mixin.py:117} INFO - [2022-10-06T00:47:50.405+0000] {dagbag.py:525} INFO - Filling up the DagBag from /home/airflow/.local/lib/python3.7/site-packages/airflow/example_dags/example_external_task_marker_dag.py
[2022-10-06T00:47:50.414+0000] {processor.py:768} INFO - DAG(s) dict_keys(['example_external_task_marker_child', 'example_external_task_marker_parent']) retrieved from /home/airflow/.local/lib/python3.7/site-packages/airflow/example_dags/example_external_task_marker_dag.py
[2022-10-06T00:47:50.570+0000] {logging_mixin.py:117} INFO - [2022-10-06T00:47:50.570+0000] {dag.py:2573} INFO - Sync 2 DAGs
[2022-10-06T00:47:50.589+0000] {logging_mixin.py:117} INFO - [2022-10-06T00:47:50.589+0000] {dag.py:3328} INFO - Setting next_dagrun for example_external_task_marker_child to None, run_after=None
[2022-10-06T00:47:50.592+0000] {logging_mixin.py:117} INFO - [2022-10-06T00:47:50.592+0000] {dag.py:3328} INFO - Setting next_dagrun for example_external_task_marker_parent to None, run_after=None
[2022-10-06T00:47:50.606+0000] {processor.py:178} INFO - Processing /home/airflow/.local/lib/python3.7/site-packages/airflow/example_dags/example_external_task_marker_dag.py took 0.239 seconds
[2022-10-06T00:48:20.638+0000] {processor.py:156} INFO - Started process (PID=1226) to work on /home/airflow/.local/lib/python3.7/site-packages/airflow/example_dags/example_external_task_marker_dag.py
[2022-10-06T00:48:20.639+0000] {processor.py:758} INFO - Processing file /home/airflow/.local/lib/python3.7/site-packages/airflow/example_dags/example_external_task_marker_dag.py for tasks to queue
[2022-10-06T00:48:20.639+0000] {logging_mixin.py:117} INFO - [2022-10-06T00:48:20.639+0000] {dagbag.py:525} INFO - Filling up the DagBag from /home/airflow/.local/lib/python3.7/site-packages/airflow/example_dags/example_external_task_marker_dag.py
[2022-10-06T00:48:20.649+0000] {processor.py:768} INFO - DAG(s) dict_keys(['example_external_task_marker_child', 'example_external_task_marker_parent']) retrieved from /home/airflow/.local/lib/python3.7/site-packages/airflow/example_dags/example_external_task_marker_dag.py
[2022-10-06T00:48:20.807+0000] {logging_mixin.py:117} INFO - [2022-10-06T00:48:20.807+0000] {dag.py:2573} INFO - Sync 2 DAGs
[2022-10-06T00:48:20.825+0000] {logging_mixin.py:117} INFO - [2022-10-06T00:48:20.825+0000] {dag.py:3328} INFO - Setting next_dagrun for example_external_task_marker_child to None, run_after=None
[2022-10-06T00:48:20.828+0000] {logging_mixin.py:117} INFO - [2022-10-06T00:48:20.828+0000] {dag.py:3328} INFO - Setting next_dagrun for example_external_task_marker_parent to None, run_after=None
[2022-10-06T00:48:20.840+0000] {processor.py:178} INFO - Processing /home/airflow/.local/lib/python3.7/site-packages/airflow/example_dags/example_external_task_marker_dag.py took 0.203 seconds
[2022-10-06T00:48:50.965+0000] {processor.py:156} INFO - Started process (PID=1290) to work on /home/airflow/.local/lib/python3.7/site-packages/airflow/example_dags/example_external_task_marker_dag.py
[2022-10-06T00:48:51.001+0000] {processor.py:758} INFO - Processing file /home/airflow/.local/lib/python3.7/site-packages/airflow/example_dags/example_external_task_marker_dag.py for tasks to queue
[2022-10-06T00:48:51.002+0000] {logging_mixin.py:117} INFO - [2022-10-06T00:48:51.001+0000] {dagbag.py:525} INFO - Filling up the DagBag from /home/airflow/.local/lib/python3.7/site-packages/airflow/example_dags/example_external_task_marker_dag.py
[2022-10-06T00:48:51.010+0000] {processor.py:768} INFO - DAG(s) dict_keys(['example_external_task_marker_parent', 'example_external_task_marker_child']) retrieved from /home/airflow/.local/lib/python3.7/site-packages/airflow/example_dags/example_external_task_marker_dag.py
[2022-10-06T00:48:51.166+0000] {logging_mixin.py:117} INFO - [2022-10-06T00:48:51.165+0000] {dag.py:2573} INFO - Sync 2 DAGs
[2022-10-06T00:48:51.185+0000] {logging_mixin.py:117} INFO - [2022-10-06T00:48:51.184+0000] {dag.py:3328} INFO - Setting next_dagrun for example_external_task_marker_child to None, run_after=None
[2022-10-06T00:48:51.187+0000] {logging_mixin.py:117} INFO - [2022-10-06T00:48:51.187+0000] {dag.py:3328} INFO - Setting next_dagrun for example_external_task_marker_parent to None, run_after=None
[2022-10-06T00:48:51.198+0000] {processor.py:178} INFO - Processing /home/airflow/.local/lib/python3.7/site-packages/airflow/example_dags/example_external_task_marker_dag.py took 0.234 seconds
[2022-10-06T00:49:22.127+0000] {processor.py:156} INFO - Started process (PID=1355) to work on /home/airflow/.local/lib/python3.7/site-packages/airflow/example_dags/example_external_task_marker_dag.py
[2022-10-06T00:49:22.127+0000] {processor.py:758} INFO - Processing file /home/airflow/.local/lib/python3.7/site-packages/airflow/example_dags/example_external_task_marker_dag.py for tasks to queue
[2022-10-06T00:49:22.128+0000] {logging_mixin.py:117} INFO - [2022-10-06T00:49:22.128+0000] {dagbag.py:525} INFO - Filling up the DagBag from /home/airflow/.local/lib/python3.7/site-packages/airflow/example_dags/example_external_task_marker_dag.py
[2022-10-06T00:49:22.136+0000] {processor.py:768} INFO - DAG(s) dict_keys(['example_external_task_marker_parent', 'example_external_task_marker_child']) retrieved from /home/airflow/.local/lib/python3.7/site-packages/airflow/example_dags/example_external_task_marker_dag.py
[2022-10-06T00:49:22.306+0000] {logging_mixin.py:117} INFO - [2022-10-06T00:49:22.306+0000] {dag.py:2573} INFO - Sync 2 DAGs
[2022-10-06T00:49:22.328+0000] {logging_mixin.py:117} INFO - [2022-10-06T00:49:22.328+0000] {dag.py:3328} INFO - Setting next_dagrun for example_external_task_marker_child to None, run_after=None
[2022-10-06T00:49:22.331+0000] {logging_mixin.py:117} INFO - [2022-10-06T00:49:22.331+0000] {dag.py:3328} INFO - Setting next_dagrun for example_external_task_marker_parent to None, run_after=None
[2022-10-06T00:49:22.343+0000] {processor.py:178} INFO - Processing /home/airflow/.local/lib/python3.7/site-packages/airflow/example_dags/example_external_task_marker_dag.py took 0.217 seconds
