[2022-10-06T00:38:38.441+0000] {processor.py:156} INFO - Started process (PID=81) to work on /home/airflow/.local/lib/python3.7/site-packages/airflow/example_dags/example_bash_operator.py
[2022-10-06T00:38:38.441+0000] {processor.py:758} INFO - Processing file /home/airflow/.local/lib/python3.7/site-packages/airflow/example_dags/example_bash_operator.py for tasks to queue
[2022-10-06T00:38:38.442+0000] {logging_mixin.py:117} INFO - [2022-10-06T00:38:38.442+0000] {dagbag.py:525} INFO - Filling up the DagBag from /home/airflow/.local/lib/python3.7/site-packages/airflow/example_dags/example_bash_operator.py
[2022-10-06T00:38:38.466+0000] {processor.py:768} INFO - DAG(s) dict_keys(['example_bash_operator']) retrieved from /home/airflow/.local/lib/python3.7/site-packages/airflow/example_dags/example_bash_operator.py
[2022-10-06T00:38:38.692+0000] {logging_mixin.py:117} INFO - [2022-10-06T00:38:38.692+0000] {dag.py:2573} INFO - Sync 1 DAGs
[2022-10-06T00:38:38.729+0000] {logging_mixin.py:117} INFO - [2022-10-06T00:38:38.729+0000] {dag.py:3328} INFO - Setting next_dagrun for example_bash_operator to 2022-10-05T00:00:00+00:00, run_after=2022-10-06T00:00:00+00:00
[2022-10-06T00:38:38.752+0000] {processor.py:178} INFO - Processing /home/airflow/.local/lib/python3.7/site-packages/airflow/example_dags/example_bash_operator.py took 0.315 seconds
[2022-10-06T00:39:09.426+0000] {processor.py:156} INFO - Started process (PID=136) to work on /home/airflow/.local/lib/python3.7/site-packages/airflow/example_dags/example_bash_operator.py
[2022-10-06T00:39:09.427+0000] {processor.py:758} INFO - Processing file /home/airflow/.local/lib/python3.7/site-packages/airflow/example_dags/example_bash_operator.py for tasks to queue
[2022-10-06T00:39:09.427+0000] {logging_mixin.py:117} INFO - [2022-10-06T00:39:09.427+0000] {dagbag.py:525} INFO - Filling up the DagBag from /home/airflow/.local/lib/python3.7/site-packages/airflow/example_dags/example_bash_operator.py
[2022-10-06T00:39:09.540+0000] {processor.py:768} INFO - DAG(s) dict_keys(['example_bash_operator']) retrieved from /home/airflow/.local/lib/python3.7/site-packages/airflow/example_dags/example_bash_operator.py
[2022-10-06T00:39:09.570+0000] {logging_mixin.py:117} INFO - [2022-10-06T00:39:09.570+0000] {dag.py:2573} INFO - Sync 1 DAGs
[2022-10-06T00:39:09.588+0000] {logging_mixin.py:117} INFO - [2022-10-06T00:39:09.588+0000] {dag.py:3328} INFO - Setting next_dagrun for example_bash_operator to 2022-10-05T00:00:00+00:00, run_after=2022-10-06T00:00:00+00:00
[2022-10-06T00:39:09.602+0000] {processor.py:178} INFO - Processing /home/airflow/.local/lib/python3.7/site-packages/airflow/example_dags/example_bash_operator.py took 0.177 seconds
[2022-10-06T00:39:39.947+0000] {processor.py:156} INFO - Started process (PID=201) to work on /home/airflow/.local/lib/python3.7/site-packages/airflow/example_dags/example_bash_operator.py
[2022-10-06T00:39:39.947+0000] {processor.py:758} INFO - Processing file /home/airflow/.local/lib/python3.7/site-packages/airflow/example_dags/example_bash_operator.py for tasks to queue
[2022-10-06T00:39:39.947+0000] {logging_mixin.py:117} INFO - [2022-10-06T00:39:39.947+0000] {dagbag.py:525} INFO - Filling up the DagBag from /home/airflow/.local/lib/python3.7/site-packages/airflow/example_dags/example_bash_operator.py
[2022-10-06T00:39:40.045+0000] {processor.py:768} INFO - DAG(s) dict_keys(['example_bash_operator']) retrieved from /home/airflow/.local/lib/python3.7/site-packages/airflow/example_dags/example_bash_operator.py
[2022-10-06T00:39:40.076+0000] {logging_mixin.py:117} INFO - [2022-10-06T00:39:40.076+0000] {dag.py:2573} INFO - Sync 1 DAGs
[2022-10-06T00:39:40.095+0000] {logging_mixin.py:117} INFO - [2022-10-06T00:39:40.095+0000] {dag.py:3328} INFO - Setting next_dagrun for example_bash_operator to 2022-10-05T00:00:00+00:00, run_after=2022-10-06T00:00:00+00:00
[2022-10-06T00:39:40.108+0000] {processor.py:178} INFO - Processing /home/airflow/.local/lib/python3.7/site-packages/airflow/example_dags/example_bash_operator.py took 0.163 seconds
[2022-10-06T00:40:10.200+0000] {processor.py:156} INFO - Started process (PID=265) to work on /home/airflow/.local/lib/python3.7/site-packages/airflow/example_dags/example_bash_operator.py
[2022-10-06T00:40:10.201+0000] {processor.py:758} INFO - Processing file /home/airflow/.local/lib/python3.7/site-packages/airflow/example_dags/example_bash_operator.py for tasks to queue
[2022-10-06T00:40:10.201+0000] {logging_mixin.py:117} INFO - [2022-10-06T00:40:10.201+0000] {dagbag.py:525} INFO - Filling up the DagBag from /home/airflow/.local/lib/python3.7/site-packages/airflow/example_dags/example_bash_operator.py
[2022-10-06T00:40:10.218+0000] {processor.py:768} INFO - DAG(s) dict_keys(['example_bash_operator']) retrieved from /home/airflow/.local/lib/python3.7/site-packages/airflow/example_dags/example_bash_operator.py
[2022-10-06T00:40:10.265+0000] {logging_mixin.py:117} INFO - [2022-10-06T00:40:10.265+0000] {dag.py:2573} INFO - Sync 1 DAGs
[2022-10-06T00:40:10.287+0000] {logging_mixin.py:117} INFO - [2022-10-06T00:40:10.286+0000] {dag.py:3328} INFO - Setting next_dagrun for example_bash_operator to 2022-10-05T00:00:00+00:00, run_after=2022-10-06T00:00:00+00:00
[2022-10-06T00:40:10.302+0000] {processor.py:178} INFO - Processing /home/airflow/.local/lib/python3.7/site-packages/airflow/example_dags/example_bash_operator.py took 0.103 seconds
[2022-10-06T00:40:41.059+0000] {processor.py:156} INFO - Started process (PID=329) to work on /home/airflow/.local/lib/python3.7/site-packages/airflow/example_dags/example_bash_operator.py
[2022-10-06T00:40:41.059+0000] {processor.py:758} INFO - Processing file /home/airflow/.local/lib/python3.7/site-packages/airflow/example_dags/example_bash_operator.py for tasks to queue
[2022-10-06T00:40:41.059+0000] {logging_mixin.py:117} INFO - [2022-10-06T00:40:41.059+0000] {dagbag.py:525} INFO - Filling up the DagBag from /home/airflow/.local/lib/python3.7/site-packages/airflow/example_dags/example_bash_operator.py
[2022-10-06T00:40:41.081+0000] {processor.py:768} INFO - DAG(s) dict_keys(['example_bash_operator']) retrieved from /home/airflow/.local/lib/python3.7/site-packages/airflow/example_dags/example_bash_operator.py
[2022-10-06T00:40:41.142+0000] {logging_mixin.py:117} INFO - [2022-10-06T00:40:41.142+0000] {dag.py:2573} INFO - Sync 1 DAGs
[2022-10-06T00:40:41.169+0000] {logging_mixin.py:117} INFO - [2022-10-06T00:40:41.169+0000] {dag.py:3328} INFO - Setting next_dagrun for example_bash_operator to 2022-10-05T00:00:00+00:00, run_after=2022-10-06T00:00:00+00:00
[2022-10-06T00:40:41.186+0000] {processor.py:178} INFO - Processing /home/airflow/.local/lib/python3.7/site-packages/airflow/example_dags/example_bash_operator.py took 0.130 seconds
[2022-10-06T00:41:11.347+0000] {processor.py:156} INFO - Started process (PID=384) to work on /home/airflow/.local/lib/python3.7/site-packages/airflow/example_dags/example_bash_operator.py
[2022-10-06T00:41:11.348+0000] {processor.py:758} INFO - Processing file /home/airflow/.local/lib/python3.7/site-packages/airflow/example_dags/example_bash_operator.py for tasks to queue
[2022-10-06T00:41:11.348+0000] {logging_mixin.py:117} INFO - [2022-10-06T00:41:11.348+0000] {dagbag.py:525} INFO - Filling up the DagBag from /home/airflow/.local/lib/python3.7/site-packages/airflow/example_dags/example_bash_operator.py
[2022-10-06T00:41:11.364+0000] {processor.py:768} INFO - DAG(s) dict_keys(['example_bash_operator']) retrieved from /home/airflow/.local/lib/python3.7/site-packages/airflow/example_dags/example_bash_operator.py
[2022-10-06T00:41:11.394+0000] {logging_mixin.py:117} INFO - [2022-10-06T00:41:11.394+0000] {dag.py:2573} INFO - Sync 1 DAGs
[2022-10-06T00:41:11.416+0000] {logging_mixin.py:117} INFO - [2022-10-06T00:41:11.416+0000] {dag.py:3328} INFO - Setting next_dagrun for example_bash_operator to 2022-10-05T00:00:00+00:00, run_after=2022-10-06T00:00:00+00:00
[2022-10-06T00:41:11.430+0000] {processor.py:178} INFO - Processing /home/airflow/.local/lib/python3.7/site-packages/airflow/example_dags/example_bash_operator.py took 0.085 seconds
[2022-10-06T00:41:42.270+0000] {processor.py:156} INFO - Started process (PID=448) to work on /home/airflow/.local/lib/python3.7/site-packages/airflow/example_dags/example_bash_operator.py
[2022-10-06T00:41:42.270+0000] {processor.py:758} INFO - Processing file /home/airflow/.local/lib/python3.7/site-packages/airflow/example_dags/example_bash_operator.py for tasks to queue
[2022-10-06T00:41:42.271+0000] {logging_mixin.py:117} INFO - [2022-10-06T00:41:42.271+0000] {dagbag.py:525} INFO - Filling up the DagBag from /home/airflow/.local/lib/python3.7/site-packages/airflow/example_dags/example_bash_operator.py
[2022-10-06T00:41:42.286+0000] {processor.py:768} INFO - DAG(s) dict_keys(['example_bash_operator']) retrieved from /home/airflow/.local/lib/python3.7/site-packages/airflow/example_dags/example_bash_operator.py
[2022-10-06T00:41:42.321+0000] {logging_mixin.py:117} INFO - [2022-10-06T00:41:42.321+0000] {dag.py:2573} INFO - Sync 1 DAGs
[2022-10-06T00:41:42.341+0000] {logging_mixin.py:117} INFO - [2022-10-06T00:41:42.340+0000] {dag.py:3328} INFO - Setting next_dagrun for example_bash_operator to 2022-10-05T00:00:00+00:00, run_after=2022-10-06T00:00:00+00:00
[2022-10-06T00:41:42.354+0000] {processor.py:178} INFO - Processing /home/airflow/.local/lib/python3.7/site-packages/airflow/example_dags/example_bash_operator.py took 0.086 seconds
[2022-10-06T00:42:12.724+0000] {processor.py:156} INFO - Started process (PID=512) to work on /home/airflow/.local/lib/python3.7/site-packages/airflow/example_dags/example_bash_operator.py
[2022-10-06T00:42:12.724+0000] {processor.py:758} INFO - Processing file /home/airflow/.local/lib/python3.7/site-packages/airflow/example_dags/example_bash_operator.py for tasks to queue
[2022-10-06T00:42:12.724+0000] {logging_mixin.py:117} INFO - [2022-10-06T00:42:12.724+0000] {dagbag.py:525} INFO - Filling up the DagBag from /home/airflow/.local/lib/python3.7/site-packages/airflow/example_dags/example_bash_operator.py
[2022-10-06T00:42:12.741+0000] {processor.py:768} INFO - DAG(s) dict_keys(['example_bash_operator']) retrieved from /home/airflow/.local/lib/python3.7/site-packages/airflow/example_dags/example_bash_operator.py
[2022-10-06T00:42:12.783+0000] {logging_mixin.py:117} INFO - [2022-10-06T00:42:12.783+0000] {dag.py:2573} INFO - Sync 1 DAGs
[2022-10-06T00:42:12.804+0000] {logging_mixin.py:117} INFO - [2022-10-06T00:42:12.804+0000] {dag.py:3328} INFO - Setting next_dagrun for example_bash_operator to 2022-10-05T00:00:00+00:00, run_after=2022-10-06T00:00:00+00:00
[2022-10-06T00:42:12.817+0000] {processor.py:178} INFO - Processing /home/airflow/.local/lib/python3.7/site-packages/airflow/example_dags/example_bash_operator.py took 0.095 seconds
[2022-10-06T00:42:43.715+0000] {processor.py:156} INFO - Started process (PID=576) to work on /home/airflow/.local/lib/python3.7/site-packages/airflow/example_dags/example_bash_operator.py
[2022-10-06T00:42:43.716+0000] {processor.py:758} INFO - Processing file /home/airflow/.local/lib/python3.7/site-packages/airflow/example_dags/example_bash_operator.py for tasks to queue
[2022-10-06T00:42:43.716+0000] {logging_mixin.py:117} INFO - [2022-10-06T00:42:43.716+0000] {dagbag.py:525} INFO - Filling up the DagBag from /home/airflow/.local/lib/python3.7/site-packages/airflow/example_dags/example_bash_operator.py
[2022-10-06T00:42:43.729+0000] {processor.py:768} INFO - DAG(s) dict_keys(['example_bash_operator']) retrieved from /home/airflow/.local/lib/python3.7/site-packages/airflow/example_dags/example_bash_operator.py
[2022-10-06T00:42:43.761+0000] {logging_mixin.py:117} INFO - [2022-10-06T00:42:43.761+0000] {dag.py:2573} INFO - Sync 1 DAGs
[2022-10-06T00:42:43.780+0000] {logging_mixin.py:117} INFO - [2022-10-06T00:42:43.780+0000] {dag.py:3328} INFO - Setting next_dagrun for example_bash_operator to 2022-10-05T00:00:00+00:00, run_after=2022-10-06T00:00:00+00:00
[2022-10-06T00:42:43.793+0000] {processor.py:178} INFO - Processing /home/airflow/.local/lib/python3.7/site-packages/airflow/example_dags/example_bash_operator.py took 0.079 seconds
[2022-10-06T00:43:14.681+0000] {processor.py:156} INFO - Started process (PID=631) to work on /home/airflow/.local/lib/python3.7/site-packages/airflow/example_dags/example_bash_operator.py
[2022-10-06T00:43:14.681+0000] {processor.py:758} INFO - Processing file /home/airflow/.local/lib/python3.7/site-packages/airflow/example_dags/example_bash_operator.py for tasks to queue
[2022-10-06T00:43:14.682+0000] {logging_mixin.py:117} INFO - [2022-10-06T00:43:14.682+0000] {dagbag.py:525} INFO - Filling up the DagBag from /home/airflow/.local/lib/python3.7/site-packages/airflow/example_dags/example_bash_operator.py
[2022-10-06T00:43:14.702+0000] {processor.py:768} INFO - DAG(s) dict_keys(['example_bash_operator']) retrieved from /home/airflow/.local/lib/python3.7/site-packages/airflow/example_dags/example_bash_operator.py
[2022-10-06T00:43:14.751+0000] {logging_mixin.py:117} INFO - [2022-10-06T00:43:14.751+0000] {dag.py:2573} INFO - Sync 1 DAGs
[2022-10-06T00:43:14.776+0000] {logging_mixin.py:117} INFO - [2022-10-06T00:43:14.776+0000] {dag.py:3328} INFO - Setting next_dagrun for example_bash_operator to 2022-10-05T00:00:00+00:00, run_after=2022-10-06T00:00:00+00:00
[2022-10-06T00:43:14.789+0000] {processor.py:178} INFO - Processing /home/airflow/.local/lib/python3.7/site-packages/airflow/example_dags/example_bash_operator.py took 0.110 seconds
[2022-10-06T00:43:45.637+0000] {processor.py:156} INFO - Started process (PID=695) to work on /home/airflow/.local/lib/python3.7/site-packages/airflow/example_dags/example_bash_operator.py
[2022-10-06T00:43:45.637+0000] {processor.py:758} INFO - Processing file /home/airflow/.local/lib/python3.7/site-packages/airflow/example_dags/example_bash_operator.py for tasks to queue
[2022-10-06T00:43:45.638+0000] {logging_mixin.py:117} INFO - [2022-10-06T00:43:45.638+0000] {dagbag.py:525} INFO - Filling up the DagBag from /home/airflow/.local/lib/python3.7/site-packages/airflow/example_dags/example_bash_operator.py
[2022-10-06T00:43:45.670+0000] {processor.py:768} INFO - DAG(s) dict_keys(['example_bash_operator']) retrieved from /home/airflow/.local/lib/python3.7/site-packages/airflow/example_dags/example_bash_operator.py
[2022-10-06T00:43:45.715+0000] {logging_mixin.py:117} INFO - [2022-10-06T00:43:45.715+0000] {dag.py:2573} INFO - Sync 1 DAGs
[2022-10-06T00:43:45.745+0000] {logging_mixin.py:117} INFO - [2022-10-06T00:43:45.745+0000] {dag.py:3328} INFO - Setting next_dagrun for example_bash_operator to 2022-10-05T00:00:00+00:00, run_after=2022-10-06T00:00:00+00:00
[2022-10-06T00:43:45.765+0000] {processor.py:178} INFO - Processing /home/airflow/.local/lib/python3.7/site-packages/airflow/example_dags/example_bash_operator.py took 0.130 seconds
[2022-10-06T00:44:16.646+0000] {processor.py:156} INFO - Started process (PID=759) to work on /home/airflow/.local/lib/python3.7/site-packages/airflow/example_dags/example_bash_operator.py
[2022-10-06T00:44:16.646+0000] {processor.py:758} INFO - Processing file /home/airflow/.local/lib/python3.7/site-packages/airflow/example_dags/example_bash_operator.py for tasks to queue
[2022-10-06T00:44:16.646+0000] {logging_mixin.py:117} INFO - [2022-10-06T00:44:16.646+0000] {dagbag.py:525} INFO - Filling up the DagBag from /home/airflow/.local/lib/python3.7/site-packages/airflow/example_dags/example_bash_operator.py
[2022-10-06T00:44:16.661+0000] {processor.py:768} INFO - DAG(s) dict_keys(['example_bash_operator']) retrieved from /home/airflow/.local/lib/python3.7/site-packages/airflow/example_dags/example_bash_operator.py
[2022-10-06T00:44:16.696+0000] {logging_mixin.py:117} INFO - [2022-10-06T00:44:16.695+0000] {dag.py:2573} INFO - Sync 1 DAGs
[2022-10-06T00:44:16.714+0000] {logging_mixin.py:117} INFO - [2022-10-06T00:44:16.713+0000] {dag.py:3328} INFO - Setting next_dagrun for example_bash_operator to 2022-10-05T00:00:00+00:00, run_after=2022-10-06T00:00:00+00:00
[2022-10-06T00:44:16.726+0000] {processor.py:178} INFO - Processing /home/airflow/.local/lib/python3.7/site-packages/airflow/example_dags/example_bash_operator.py took 0.083 seconds
[2022-10-06T00:44:47.379+0000] {processor.py:156} INFO - Started process (PID=823) to work on /home/airflow/.local/lib/python3.7/site-packages/airflow/example_dags/example_bash_operator.py
[2022-10-06T00:44:47.379+0000] {processor.py:758} INFO - Processing file /home/airflow/.local/lib/python3.7/site-packages/airflow/example_dags/example_bash_operator.py for tasks to queue
[2022-10-06T00:44:47.380+0000] {logging_mixin.py:117} INFO - [2022-10-06T00:44:47.380+0000] {dagbag.py:525} INFO - Filling up the DagBag from /home/airflow/.local/lib/python3.7/site-packages/airflow/example_dags/example_bash_operator.py
[2022-10-06T00:44:47.397+0000] {processor.py:768} INFO - DAG(s) dict_keys(['example_bash_operator']) retrieved from /home/airflow/.local/lib/python3.7/site-packages/airflow/example_dags/example_bash_operator.py
[2022-10-06T00:44:47.429+0000] {logging_mixin.py:117} INFO - [2022-10-06T00:44:47.429+0000] {dag.py:2573} INFO - Sync 1 DAGs
[2022-10-06T00:44:47.449+0000] {logging_mixin.py:117} INFO - [2022-10-06T00:44:47.449+0000] {dag.py:3328} INFO - Setting next_dagrun for example_bash_operator to 2022-10-05T00:00:00+00:00, run_after=2022-10-06T00:00:00+00:00
[2022-10-06T00:44:47.463+0000] {processor.py:178} INFO - Processing /home/airflow/.local/lib/python3.7/site-packages/airflow/example_dags/example_bash_operator.py took 0.086 seconds
[2022-10-06T00:45:18.402+0000] {processor.py:156} INFO - Started process (PID=887) to work on /home/airflow/.local/lib/python3.7/site-packages/airflow/example_dags/example_bash_operator.py
[2022-10-06T00:45:18.402+0000] {processor.py:758} INFO - Processing file /home/airflow/.local/lib/python3.7/site-packages/airflow/example_dags/example_bash_operator.py for tasks to queue
[2022-10-06T00:45:18.403+0000] {logging_mixin.py:117} INFO - [2022-10-06T00:45:18.403+0000] {dagbag.py:525} INFO - Filling up the DagBag from /home/airflow/.local/lib/python3.7/site-packages/airflow/example_dags/example_bash_operator.py
[2022-10-06T00:45:18.417+0000] {processor.py:768} INFO - DAG(s) dict_keys(['example_bash_operator']) retrieved from /home/airflow/.local/lib/python3.7/site-packages/airflow/example_dags/example_bash_operator.py
[2022-10-06T00:45:18.451+0000] {logging_mixin.py:117} INFO - [2022-10-06T00:45:18.451+0000] {dag.py:2573} INFO - Sync 1 DAGs
[2022-10-06T00:45:18.471+0000] {logging_mixin.py:117} INFO - [2022-10-06T00:45:18.471+0000] {dag.py:3328} INFO - Setting next_dagrun for example_bash_operator to 2022-10-05T00:00:00+00:00, run_after=2022-10-06T00:00:00+00:00
[2022-10-06T00:45:18.484+0000] {processor.py:178} INFO - Processing /home/airflow/.local/lib/python3.7/site-packages/airflow/example_dags/example_bash_operator.py took 0.085 seconds
[2022-10-06T00:45:49.194+0000] {processor.py:156} INFO - Started process (PID=942) to work on /home/airflow/.local/lib/python3.7/site-packages/airflow/example_dags/example_bash_operator.py
[2022-10-06T00:45:49.194+0000] {processor.py:758} INFO - Processing file /home/airflow/.local/lib/python3.7/site-packages/airflow/example_dags/example_bash_operator.py for tasks to queue
[2022-10-06T00:45:49.194+0000] {logging_mixin.py:117} INFO - [2022-10-06T00:45:49.194+0000] {dagbag.py:525} INFO - Filling up the DagBag from /home/airflow/.local/lib/python3.7/site-packages/airflow/example_dags/example_bash_operator.py
[2022-10-06T00:45:49.209+0000] {processor.py:768} INFO - DAG(s) dict_keys(['example_bash_operator']) retrieved from /home/airflow/.local/lib/python3.7/site-packages/airflow/example_dags/example_bash_operator.py
[2022-10-06T00:45:49.242+0000] {logging_mixin.py:117} INFO - [2022-10-06T00:45:49.241+0000] {dag.py:2573} INFO - Sync 1 DAGs
[2022-10-06T00:45:49.261+0000] {logging_mixin.py:117} INFO - [2022-10-06T00:45:49.260+0000] {dag.py:3328} INFO - Setting next_dagrun for example_bash_operator to 2022-10-05T00:00:00+00:00, run_after=2022-10-06T00:00:00+00:00
[2022-10-06T00:45:49.274+0000] {processor.py:178} INFO - Processing /home/airflow/.local/lib/python3.7/site-packages/airflow/example_dags/example_bash_operator.py took 0.082 seconds
[2022-10-06T00:46:20.037+0000] {processor.py:156} INFO - Started process (PID=1006) to work on /home/airflow/.local/lib/python3.7/site-packages/airflow/example_dags/example_bash_operator.py
[2022-10-06T00:46:20.038+0000] {processor.py:758} INFO - Processing file /home/airflow/.local/lib/python3.7/site-packages/airflow/example_dags/example_bash_operator.py for tasks to queue
[2022-10-06T00:46:20.038+0000] {logging_mixin.py:117} INFO - [2022-10-06T00:46:20.038+0000] {dagbag.py:525} INFO - Filling up the DagBag from /home/airflow/.local/lib/python3.7/site-packages/airflow/example_dags/example_bash_operator.py
[2022-10-06T00:46:20.051+0000] {processor.py:768} INFO - DAG(s) dict_keys(['example_bash_operator']) retrieved from /home/airflow/.local/lib/python3.7/site-packages/airflow/example_dags/example_bash_operator.py
[2022-10-06T00:46:20.082+0000] {logging_mixin.py:117} INFO - [2022-10-06T00:46:20.082+0000] {dag.py:2573} INFO - Sync 1 DAGs
[2022-10-06T00:46:20.100+0000] {logging_mixin.py:117} INFO - [2022-10-06T00:46:20.100+0000] {dag.py:3328} INFO - Setting next_dagrun for example_bash_operator to 2022-10-05T00:00:00+00:00, run_after=2022-10-06T00:00:00+00:00
[2022-10-06T00:46:20.112+0000] {processor.py:178} INFO - Processing /home/airflow/.local/lib/python3.7/site-packages/airflow/example_dags/example_bash_operator.py took 0.076 seconds
[2022-10-06T00:46:50.937+0000] {processor.py:156} INFO - Started process (PID=1070) to work on /home/airflow/.local/lib/python3.7/site-packages/airflow/example_dags/example_bash_operator.py
[2022-10-06T00:46:50.938+0000] {processor.py:758} INFO - Processing file /home/airflow/.local/lib/python3.7/site-packages/airflow/example_dags/example_bash_operator.py for tasks to queue
[2022-10-06T00:46:50.938+0000] {logging_mixin.py:117} INFO - [2022-10-06T00:46:50.938+0000] {dagbag.py:525} INFO - Filling up the DagBag from /home/airflow/.local/lib/python3.7/site-packages/airflow/example_dags/example_bash_operator.py
[2022-10-06T00:46:50.952+0000] {processor.py:768} INFO - DAG(s) dict_keys(['example_bash_operator']) retrieved from /home/airflow/.local/lib/python3.7/site-packages/airflow/example_dags/example_bash_operator.py
[2022-10-06T00:46:50.984+0000] {logging_mixin.py:117} INFO - [2022-10-06T00:46:50.984+0000] {dag.py:2573} INFO - Sync 1 DAGs
[2022-10-06T00:46:51.003+0000] {logging_mixin.py:117} INFO - [2022-10-06T00:46:51.003+0000] {dag.py:3328} INFO - Setting next_dagrun for example_bash_operator to 2022-10-05T00:00:00+00:00, run_after=2022-10-06T00:00:00+00:00
[2022-10-06T00:46:51.017+0000] {processor.py:178} INFO - Processing /home/airflow/.local/lib/python3.7/site-packages/airflow/example_dags/example_bash_operator.py took 0.081 seconds
[2022-10-06T00:47:21.996+0000] {processor.py:156} INFO - Started process (PID=1133) to work on /home/airflow/.local/lib/python3.7/site-packages/airflow/example_dags/example_bash_operator.py
[2022-10-06T00:47:21.997+0000] {processor.py:758} INFO - Processing file /home/airflow/.local/lib/python3.7/site-packages/airflow/example_dags/example_bash_operator.py for tasks to queue
[2022-10-06T00:47:21.997+0000] {logging_mixin.py:117} INFO - [2022-10-06T00:47:21.997+0000] {dagbag.py:525} INFO - Filling up the DagBag from /home/airflow/.local/lib/python3.7/site-packages/airflow/example_dags/example_bash_operator.py
[2022-10-06T00:47:22.010+0000] {processor.py:768} INFO - DAG(s) dict_keys(['example_bash_operator']) retrieved from /home/airflow/.local/lib/python3.7/site-packages/airflow/example_dags/example_bash_operator.py
[2022-10-06T00:47:22.042+0000] {logging_mixin.py:117} INFO - [2022-10-06T00:47:22.042+0000] {dag.py:2573} INFO - Sync 1 DAGs
[2022-10-06T00:47:22.061+0000] {logging_mixin.py:117} INFO - [2022-10-06T00:47:22.061+0000] {dag.py:3328} INFO - Setting next_dagrun for example_bash_operator to 2022-10-05T00:00:00+00:00, run_after=2022-10-06T00:00:00+00:00
[2022-10-06T00:47:22.074+0000] {processor.py:178} INFO - Processing /home/airflow/.local/lib/python3.7/site-packages/airflow/example_dags/example_bash_operator.py took 0.079 seconds
[2022-10-06T00:47:52.279+0000] {processor.py:156} INFO - Started process (PID=1197) to work on /home/airflow/.local/lib/python3.7/site-packages/airflow/example_dags/example_bash_operator.py
[2022-10-06T00:47:52.279+0000] {processor.py:758} INFO - Processing file /home/airflow/.local/lib/python3.7/site-packages/airflow/example_dags/example_bash_operator.py for tasks to queue
[2022-10-06T00:47:52.280+0000] {logging_mixin.py:117} INFO - [2022-10-06T00:47:52.280+0000] {dagbag.py:525} INFO - Filling up the DagBag from /home/airflow/.local/lib/python3.7/site-packages/airflow/example_dags/example_bash_operator.py
[2022-10-06T00:47:52.293+0000] {processor.py:768} INFO - DAG(s) dict_keys(['example_bash_operator']) retrieved from /home/airflow/.local/lib/python3.7/site-packages/airflow/example_dags/example_bash_operator.py
[2022-10-06T00:47:52.324+0000] {logging_mixin.py:117} INFO - [2022-10-06T00:47:52.324+0000] {dag.py:2573} INFO - Sync 1 DAGs
[2022-10-06T00:47:52.342+0000] {logging_mixin.py:117} INFO - [2022-10-06T00:47:52.342+0000] {dag.py:3328} INFO - Setting next_dagrun for example_bash_operator to 2022-10-05T00:00:00+00:00, run_after=2022-10-06T00:00:00+00:00
[2022-10-06T00:47:52.355+0000] {processor.py:178} INFO - Processing /home/airflow/.local/lib/python3.7/site-packages/airflow/example_dags/example_bash_operator.py took 0.078 seconds
[2022-10-06T00:48:22.519+0000] {processor.py:156} INFO - Started process (PID=1253) to work on /home/airflow/.local/lib/python3.7/site-packages/airflow/example_dags/example_bash_operator.py
[2022-10-06T00:48:22.519+0000] {processor.py:758} INFO - Processing file /home/airflow/.local/lib/python3.7/site-packages/airflow/example_dags/example_bash_operator.py for tasks to queue
[2022-10-06T00:48:22.520+0000] {logging_mixin.py:117} INFO - [2022-10-06T00:48:22.519+0000] {dagbag.py:525} INFO - Filling up the DagBag from /home/airflow/.local/lib/python3.7/site-packages/airflow/example_dags/example_bash_operator.py
[2022-10-06T00:48:22.533+0000] {processor.py:768} INFO - DAG(s) dict_keys(['example_bash_operator']) retrieved from /home/airflow/.local/lib/python3.7/site-packages/airflow/example_dags/example_bash_operator.py
[2022-10-06T00:48:22.567+0000] {logging_mixin.py:117} INFO - [2022-10-06T00:48:22.567+0000] {dag.py:2573} INFO - Sync 1 DAGs
[2022-10-06T00:48:22.593+0000] {logging_mixin.py:117} INFO - [2022-10-06T00:48:22.593+0000] {dag.py:3328} INFO - Setting next_dagrun for example_bash_operator to 2022-10-05T00:00:00+00:00, run_after=2022-10-06T00:00:00+00:00
[2022-10-06T00:48:22.608+0000] {processor.py:178} INFO - Processing /home/airflow/.local/lib/python3.7/site-packages/airflow/example_dags/example_bash_operator.py took 0.091 seconds
[2022-10-06T00:48:52.661+0000] {processor.py:156} INFO - Started process (PID=1317) to work on /home/airflow/.local/lib/python3.7/site-packages/airflow/example_dags/example_bash_operator.py
[2022-10-06T00:48:52.662+0000] {processor.py:758} INFO - Processing file /home/airflow/.local/lib/python3.7/site-packages/airflow/example_dags/example_bash_operator.py for tasks to queue
[2022-10-06T00:48:52.662+0000] {logging_mixin.py:117} INFO - [2022-10-06T00:48:52.662+0000] {dagbag.py:525} INFO - Filling up the DagBag from /home/airflow/.local/lib/python3.7/site-packages/airflow/example_dags/example_bash_operator.py
[2022-10-06T00:48:52.676+0000] {processor.py:768} INFO - DAG(s) dict_keys(['example_bash_operator']) retrieved from /home/airflow/.local/lib/python3.7/site-packages/airflow/example_dags/example_bash_operator.py
[2022-10-06T00:48:52.708+0000] {logging_mixin.py:117} INFO - [2022-10-06T00:48:52.708+0000] {dag.py:2573} INFO - Sync 1 DAGs
[2022-10-06T00:48:52.728+0000] {logging_mixin.py:117} INFO - [2022-10-06T00:48:52.727+0000] {dag.py:3328} INFO - Setting next_dagrun for example_bash_operator to 2022-10-05T00:00:00+00:00, run_after=2022-10-06T00:00:00+00:00
[2022-10-06T00:48:52.744+0000] {processor.py:178} INFO - Processing /home/airflow/.local/lib/python3.7/site-packages/airflow/example_dags/example_bash_operator.py took 0.085 seconds
[2022-10-06T00:49:23.666+0000] {processor.py:156} INFO - Started process (PID=1382) to work on /home/airflow/.local/lib/python3.7/site-packages/airflow/example_dags/example_bash_operator.py
[2022-10-06T00:49:23.667+0000] {processor.py:758} INFO - Processing file /home/airflow/.local/lib/python3.7/site-packages/airflow/example_dags/example_bash_operator.py for tasks to queue
[2022-10-06T00:49:23.667+0000] {logging_mixin.py:117} INFO - [2022-10-06T00:49:23.667+0000] {dagbag.py:525} INFO - Filling up the DagBag from /home/airflow/.local/lib/python3.7/site-packages/airflow/example_dags/example_bash_operator.py
[2022-10-06T00:49:23.681+0000] {processor.py:768} INFO - DAG(s) dict_keys(['example_bash_operator']) retrieved from /home/airflow/.local/lib/python3.7/site-packages/airflow/example_dags/example_bash_operator.py
[2022-10-06T00:49:23.717+0000] {logging_mixin.py:117} INFO - [2022-10-06T00:49:23.717+0000] {dag.py:2573} INFO - Sync 1 DAGs
[2022-10-06T00:49:23.739+0000] {logging_mixin.py:117} INFO - [2022-10-06T00:49:23.739+0000] {dag.py:3328} INFO - Setting next_dagrun for example_bash_operator to 2022-10-05T00:00:00+00:00, run_after=2022-10-06T00:00:00+00:00
[2022-10-06T00:49:23.753+0000] {processor.py:178} INFO - Processing /home/airflow/.local/lib/python3.7/site-packages/airflow/example_dags/example_bash_operator.py took 0.089 seconds
