[2022-10-06T00:38:36.788+0000] {processor.py:156} INFO - Started process (PID=62) to work on /home/airflow/.local/lib/python3.7/site-packages/airflow/example_dags/example_datasets.py
[2022-10-06T00:38:36.789+0000] {processor.py:758} INFO - Processing file /home/airflow/.local/lib/python3.7/site-packages/airflow/example_dags/example_datasets.py for tasks to queue
[2022-10-06T00:38:36.790+0000] {logging_mixin.py:117} INFO - [2022-10-06T00:38:36.789+0000] {dagbag.py:525} INFO - Filling up the DagBag from /home/airflow/.local/lib/python3.7/site-packages/airflow/example_dags/example_datasets.py
[2022-10-06T00:38:36.813+0000] {processor.py:768} INFO - DAG(s) dict_keys(['dataset_consumes_1_and_2', 'dataset_consumes_1_never_scheduled', 'dataset_consumes_1', 'dataset_produces_1', 'dataset_consumes_unknown_never_scheduled', 'dataset_produces_2']) retrieved from /home/airflow/.local/lib/python3.7/site-packages/airflow/example_dags/example_datasets.py
[2022-10-06T00:38:37.107+0000] {logging_mixin.py:117} INFO - [2022-10-06T00:38:37.106+0000] {dag.py:2573} INFO - Sync 6 DAGs
[2022-10-06T00:38:37.140+0000] {logging_mixin.py:117} INFO - [2022-10-06T00:38:37.140+0000] {dag.py:3328} INFO - Setting next_dagrun for dataset_consumes_1 to None, run_after=None
[2022-10-06T00:38:37.144+0000] {logging_mixin.py:117} INFO - [2022-10-06T00:38:37.144+0000] {dag.py:3328} INFO - Setting next_dagrun for dataset_consumes_1_and_2 to None, run_after=None
[2022-10-06T00:38:37.146+0000] {logging_mixin.py:117} INFO - [2022-10-06T00:38:37.145+0000] {dag.py:3328} INFO - Setting next_dagrun for dataset_consumes_1_never_scheduled to None, run_after=None
[2022-10-06T00:38:37.150+0000] {logging_mixin.py:117} INFO - [2022-10-06T00:38:37.150+0000] {dag.py:3328} INFO - Setting next_dagrun for dataset_consumes_unknown_never_scheduled to None, run_after=None
[2022-10-06T00:38:37.156+0000] {logging_mixin.py:117} INFO - [2022-10-06T00:38:37.156+0000] {dag.py:3328} INFO - Setting next_dagrun for dataset_produces_1 to 2022-10-05T00:00:00+00:00, run_after=2022-10-06T00:00:00+00:00
[2022-10-06T00:38:37.158+0000] {logging_mixin.py:117} INFO - [2022-10-06T00:38:37.157+0000] {dag.py:3328} INFO - Setting next_dagrun for dataset_produces_2 to None, run_after=None
[2022-10-06T00:38:37.201+0000] {processor.py:178} INFO - Processing /home/airflow/.local/lib/python3.7/site-packages/airflow/example_dags/example_datasets.py took 0.415 seconds
[2022-10-06T00:39:07.269+0000] {processor.py:156} INFO - Started process (PID=126) to work on /home/airflow/.local/lib/python3.7/site-packages/airflow/example_dags/example_datasets.py
[2022-10-06T00:39:07.269+0000] {processor.py:758} INFO - Processing file /home/airflow/.local/lib/python3.7/site-packages/airflow/example_dags/example_datasets.py for tasks to queue
[2022-10-06T00:39:07.270+0000] {logging_mixin.py:117} INFO - [2022-10-06T00:39:07.270+0000] {dagbag.py:525} INFO - Filling up the DagBag from /home/airflow/.local/lib/python3.7/site-packages/airflow/example_dags/example_datasets.py
[2022-10-06T00:39:07.281+0000] {processor.py:768} INFO - DAG(s) dict_keys(['dataset_consumes_1_and_2', 'dataset_consumes_1_never_scheduled', 'dataset_consumes_1', 'dataset_produces_2', 'dataset_produces_1', 'dataset_consumes_unknown_never_scheduled']) retrieved from /home/airflow/.local/lib/python3.7/site-packages/airflow/example_dags/example_datasets.py
[2022-10-06T00:39:07.387+0000] {logging_mixin.py:117} INFO - [2022-10-06T00:39:07.386+0000] {dag.py:2573} INFO - Sync 6 DAGs
[2022-10-06T00:39:07.403+0000] {logging_mixin.py:117} INFO - [2022-10-06T00:39:07.403+0000] {dag.py:3328} INFO - Setting next_dagrun for dataset_consumes_1 to None, run_after=None
[2022-10-06T00:39:07.406+0000] {logging_mixin.py:117} INFO - [2022-10-06T00:39:07.405+0000] {dag.py:3328} INFO - Setting next_dagrun for dataset_consumes_1_and_2 to None, run_after=None
[2022-10-06T00:39:07.406+0000] {logging_mixin.py:117} INFO - [2022-10-06T00:39:07.406+0000] {dag.py:3328} INFO - Setting next_dagrun for dataset_consumes_1_never_scheduled to None, run_after=None
[2022-10-06T00:39:07.407+0000] {logging_mixin.py:117} INFO - [2022-10-06T00:39:07.407+0000] {dag.py:3328} INFO - Setting next_dagrun for dataset_consumes_unknown_never_scheduled to None, run_after=None
[2022-10-06T00:39:07.410+0000] {logging_mixin.py:117} INFO - [2022-10-06T00:39:07.409+0000] {dag.py:3328} INFO - Setting next_dagrun for dataset_produces_1 to 2022-10-05T00:00:00+00:00, run_after=2022-10-06T00:00:00+00:00
[2022-10-06T00:39:07.410+0000] {logging_mixin.py:117} INFO - [2022-10-06T00:39:07.410+0000] {dag.py:3328} INFO - Setting next_dagrun for dataset_produces_2 to None, run_after=None
[2022-10-06T00:39:07.431+0000] {processor.py:178} INFO - Processing /home/airflow/.local/lib/python3.7/site-packages/airflow/example_dags/example_datasets.py took 0.164 seconds
[2022-10-06T00:39:38.024+0000] {processor.py:156} INFO - Started process (PID=191) to work on /home/airflow/.local/lib/python3.7/site-packages/airflow/example_dags/example_datasets.py
[2022-10-06T00:39:38.024+0000] {processor.py:758} INFO - Processing file /home/airflow/.local/lib/python3.7/site-packages/airflow/example_dags/example_datasets.py for tasks to queue
[2022-10-06T00:39:38.025+0000] {logging_mixin.py:117} INFO - [2022-10-06T00:39:38.025+0000] {dagbag.py:525} INFO - Filling up the DagBag from /home/airflow/.local/lib/python3.7/site-packages/airflow/example_dags/example_datasets.py
[2022-10-06T00:39:38.129+0000] {processor.py:768} INFO - DAG(s) dict_keys(['dataset_consumes_unknown_never_scheduled', 'dataset_consumes_1', 'dataset_consumes_1_never_scheduled', 'dataset_produces_2', 'dataset_produces_1', 'dataset_consumes_1_and_2']) retrieved from /home/airflow/.local/lib/python3.7/site-packages/airflow/example_dags/example_datasets.py
[2022-10-06T00:39:38.199+0000] {logging_mixin.py:117} INFO - [2022-10-06T00:39:38.199+0000] {dag.py:2573} INFO - Sync 6 DAGs
[2022-10-06T00:39:38.217+0000] {logging_mixin.py:117} INFO - [2022-10-06T00:39:38.217+0000] {dag.py:3328} INFO - Setting next_dagrun for dataset_consumes_1 to None, run_after=None
[2022-10-06T00:39:38.219+0000] {logging_mixin.py:117} INFO - [2022-10-06T00:39:38.219+0000] {dag.py:3328} INFO - Setting next_dagrun for dataset_consumes_1_and_2 to None, run_after=None
[2022-10-06T00:39:38.220+0000] {logging_mixin.py:117} INFO - [2022-10-06T00:39:38.220+0000] {dag.py:3328} INFO - Setting next_dagrun for dataset_consumes_1_never_scheduled to None, run_after=None
[2022-10-06T00:39:38.221+0000] {logging_mixin.py:117} INFO - [2022-10-06T00:39:38.221+0000] {dag.py:3328} INFO - Setting next_dagrun for dataset_consumes_unknown_never_scheduled to None, run_after=None
[2022-10-06T00:39:38.223+0000] {logging_mixin.py:117} INFO - [2022-10-06T00:39:38.223+0000] {dag.py:3328} INFO - Setting next_dagrun for dataset_produces_1 to 2022-10-05T00:00:00+00:00, run_after=2022-10-06T00:00:00+00:00
[2022-10-06T00:39:38.223+0000] {logging_mixin.py:117} INFO - [2022-10-06T00:39:38.223+0000] {dag.py:3328} INFO - Setting next_dagrun for dataset_produces_2 to None, run_after=None
[2022-10-06T00:39:38.244+0000] {processor.py:178} INFO - Processing /home/airflow/.local/lib/python3.7/site-packages/airflow/example_dags/example_datasets.py took 0.223 seconds
[2022-10-06T00:40:08.545+0000] {processor.py:156} INFO - Started process (PID=255) to work on /home/airflow/.local/lib/python3.7/site-packages/airflow/example_dags/example_datasets.py
[2022-10-06T00:40:08.546+0000] {processor.py:758} INFO - Processing file /home/airflow/.local/lib/python3.7/site-packages/airflow/example_dags/example_datasets.py for tasks to queue
[2022-10-06T00:40:08.546+0000] {logging_mixin.py:117} INFO - [2022-10-06T00:40:08.546+0000] {dagbag.py:525} INFO - Filling up the DagBag from /home/airflow/.local/lib/python3.7/site-packages/airflow/example_dags/example_datasets.py
[2022-10-06T00:40:08.558+0000] {processor.py:768} INFO - DAG(s) dict_keys(['dataset_produces_1', 'dataset_produces_2', 'dataset_consumes_1', 'dataset_consumes_1_never_scheduled', 'dataset_consumes_1_and_2', 'dataset_consumes_unknown_never_scheduled']) retrieved from /home/airflow/.local/lib/python3.7/site-packages/airflow/example_dags/example_datasets.py
[2022-10-06T00:40:08.595+0000] {logging_mixin.py:117} INFO - [2022-10-06T00:40:08.595+0000] {dag.py:2573} INFO - Sync 6 DAGs
[2022-10-06T00:40:08.615+0000] {logging_mixin.py:117} INFO - [2022-10-06T00:40:08.615+0000] {dag.py:3328} INFO - Setting next_dagrun for dataset_consumes_1 to None, run_after=None
[2022-10-06T00:40:08.618+0000] {logging_mixin.py:117} INFO - [2022-10-06T00:40:08.618+0000] {dag.py:3328} INFO - Setting next_dagrun for dataset_consumes_1_and_2 to None, run_after=None
[2022-10-06T00:40:08.619+0000] {logging_mixin.py:117} INFO - [2022-10-06T00:40:08.619+0000] {dag.py:3328} INFO - Setting next_dagrun for dataset_consumes_1_never_scheduled to None, run_after=None
[2022-10-06T00:40:08.620+0000] {logging_mixin.py:117} INFO - [2022-10-06T00:40:08.620+0000] {dag.py:3328} INFO - Setting next_dagrun for dataset_consumes_unknown_never_scheduled to None, run_after=None
[2022-10-06T00:40:08.622+0000] {logging_mixin.py:117} INFO - [2022-10-06T00:40:08.622+0000] {dag.py:3328} INFO - Setting next_dagrun for dataset_produces_1 to 2022-10-05T00:00:00+00:00, run_after=2022-10-06T00:00:00+00:00
[2022-10-06T00:40:08.623+0000] {logging_mixin.py:117} INFO - [2022-10-06T00:40:08.623+0000] {dag.py:3328} INFO - Setting next_dagrun for dataset_produces_2 to None, run_after=None
[2022-10-06T00:40:08.644+0000] {processor.py:178} INFO - Processing /home/airflow/.local/lib/python3.7/site-packages/airflow/example_dags/example_datasets.py took 0.100 seconds
[2022-10-06T00:40:39.442+0000] {processor.py:156} INFO - Started process (PID=310) to work on /home/airflow/.local/lib/python3.7/site-packages/airflow/example_dags/example_datasets.py
[2022-10-06T00:40:39.443+0000] {processor.py:758} INFO - Processing file /home/airflow/.local/lib/python3.7/site-packages/airflow/example_dags/example_datasets.py for tasks to queue
[2022-10-06T00:40:39.443+0000] {logging_mixin.py:117} INFO - [2022-10-06T00:40:39.443+0000] {dagbag.py:525} INFO - Filling up the DagBag from /home/airflow/.local/lib/python3.7/site-packages/airflow/example_dags/example_datasets.py
[2022-10-06T00:40:39.458+0000] {processor.py:768} INFO - DAG(s) dict_keys(['dataset_produces_2', 'dataset_consumes_1_and_2', 'dataset_consumes_unknown_never_scheduled', 'dataset_consumes_1', 'dataset_consumes_1_never_scheduled', 'dataset_produces_1']) retrieved from /home/airflow/.local/lib/python3.7/site-packages/airflow/example_dags/example_datasets.py
[2022-10-06T00:40:39.499+0000] {logging_mixin.py:117} INFO - [2022-10-06T00:40:39.498+0000] {dag.py:2573} INFO - Sync 6 DAGs
[2022-10-06T00:40:39.521+0000] {logging_mixin.py:117} INFO - [2022-10-06T00:40:39.521+0000] {dag.py:3328} INFO - Setting next_dagrun for dataset_consumes_1 to None, run_after=None
[2022-10-06T00:40:39.524+0000] {logging_mixin.py:117} INFO - [2022-10-06T00:40:39.524+0000] {dag.py:3328} INFO - Setting next_dagrun for dataset_consumes_1_and_2 to None, run_after=None
[2022-10-06T00:40:39.525+0000] {logging_mixin.py:117} INFO - [2022-10-06T00:40:39.525+0000] {dag.py:3328} INFO - Setting next_dagrun for dataset_consumes_1_never_scheduled to None, run_after=None
[2022-10-06T00:40:39.526+0000] {logging_mixin.py:117} INFO - [2022-10-06T00:40:39.526+0000] {dag.py:3328} INFO - Setting next_dagrun for dataset_consumes_unknown_never_scheduled to None, run_after=None
[2022-10-06T00:40:39.528+0000] {logging_mixin.py:117} INFO - [2022-10-06T00:40:39.528+0000] {dag.py:3328} INFO - Setting next_dagrun for dataset_produces_1 to 2022-10-05T00:00:00+00:00, run_after=2022-10-06T00:00:00+00:00
[2022-10-06T00:40:39.529+0000] {logging_mixin.py:117} INFO - [2022-10-06T00:40:39.529+0000] {dag.py:3328} INFO - Setting next_dagrun for dataset_produces_2 to None, run_after=None
[2022-10-06T00:40:39.553+0000] {processor.py:178} INFO - Processing /home/airflow/.local/lib/python3.7/site-packages/airflow/example_dags/example_datasets.py took 0.112 seconds
[2022-10-06T00:41:09.645+0000] {processor.py:156} INFO - Started process (PID=374) to work on /home/airflow/.local/lib/python3.7/site-packages/airflow/example_dags/example_datasets.py
[2022-10-06T00:41:09.646+0000] {processor.py:758} INFO - Processing file /home/airflow/.local/lib/python3.7/site-packages/airflow/example_dags/example_datasets.py for tasks to queue
[2022-10-06T00:41:09.646+0000] {logging_mixin.py:117} INFO - [2022-10-06T00:41:09.646+0000] {dagbag.py:525} INFO - Filling up the DagBag from /home/airflow/.local/lib/python3.7/site-packages/airflow/example_dags/example_datasets.py
[2022-10-06T00:41:09.658+0000] {processor.py:768} INFO - DAG(s) dict_keys(['dataset_produces_1', 'dataset_produces_2', 'dataset_consumes_unknown_never_scheduled', 'dataset_consumes_1_and_2', 'dataset_consumes_1_never_scheduled', 'dataset_consumes_1']) retrieved from /home/airflow/.local/lib/python3.7/site-packages/airflow/example_dags/example_datasets.py
[2022-10-06T00:41:09.697+0000] {logging_mixin.py:117} INFO - [2022-10-06T00:41:09.697+0000] {dag.py:2573} INFO - Sync 6 DAGs
[2022-10-06T00:41:09.716+0000] {logging_mixin.py:117} INFO - [2022-10-06T00:41:09.716+0000] {dag.py:3328} INFO - Setting next_dagrun for dataset_consumes_1 to None, run_after=None
[2022-10-06T00:41:09.719+0000] {logging_mixin.py:117} INFO - [2022-10-06T00:41:09.719+0000] {dag.py:3328} INFO - Setting next_dagrun for dataset_consumes_1_and_2 to None, run_after=None
[2022-10-06T00:41:09.719+0000] {logging_mixin.py:117} INFO - [2022-10-06T00:41:09.719+0000] {dag.py:3328} INFO - Setting next_dagrun for dataset_consumes_1_never_scheduled to None, run_after=None
[2022-10-06T00:41:09.720+0000] {logging_mixin.py:117} INFO - [2022-10-06T00:41:09.720+0000] {dag.py:3328} INFO - Setting next_dagrun for dataset_consumes_unknown_never_scheduled to None, run_after=None
[2022-10-06T00:41:09.722+0000] {logging_mixin.py:117} INFO - [2022-10-06T00:41:09.722+0000] {dag.py:3328} INFO - Setting next_dagrun for dataset_produces_1 to 2022-10-05T00:00:00+00:00, run_after=2022-10-06T00:00:00+00:00
[2022-10-06T00:41:09.723+0000] {logging_mixin.py:117} INFO - [2022-10-06T00:41:09.723+0000] {dag.py:3328} INFO - Setting next_dagrun for dataset_produces_2 to None, run_after=None
[2022-10-06T00:41:09.743+0000] {processor.py:178} INFO - Processing /home/airflow/.local/lib/python3.7/site-packages/airflow/example_dags/example_datasets.py took 0.100 seconds
[2022-10-06T00:41:40.676+0000] {processor.py:156} INFO - Started process (PID=438) to work on /home/airflow/.local/lib/python3.7/site-packages/airflow/example_dags/example_datasets.py
[2022-10-06T00:41:40.677+0000] {processor.py:758} INFO - Processing file /home/airflow/.local/lib/python3.7/site-packages/airflow/example_dags/example_datasets.py for tasks to queue
[2022-10-06T00:41:40.677+0000] {logging_mixin.py:117} INFO - [2022-10-06T00:41:40.677+0000] {dagbag.py:525} INFO - Filling up the DagBag from /home/airflow/.local/lib/python3.7/site-packages/airflow/example_dags/example_datasets.py
[2022-10-06T00:41:40.689+0000] {processor.py:768} INFO - DAG(s) dict_keys(['dataset_consumes_1_never_scheduled', 'dataset_consumes_1', 'dataset_consumes_unknown_never_scheduled', 'dataset_produces_2', 'dataset_consumes_1_and_2', 'dataset_produces_1']) retrieved from /home/airflow/.local/lib/python3.7/site-packages/airflow/example_dags/example_datasets.py
[2022-10-06T00:41:40.726+0000] {logging_mixin.py:117} INFO - [2022-10-06T00:41:40.726+0000] {dag.py:2573} INFO - Sync 6 DAGs
[2022-10-06T00:41:40.745+0000] {logging_mixin.py:117} INFO - [2022-10-06T00:41:40.744+0000] {dag.py:3328} INFO - Setting next_dagrun for dataset_consumes_1 to None, run_after=None
[2022-10-06T00:41:40.748+0000] {logging_mixin.py:117} INFO - [2022-10-06T00:41:40.748+0000] {dag.py:3328} INFO - Setting next_dagrun for dataset_consumes_1_and_2 to None, run_after=None
[2022-10-06T00:41:40.749+0000] {logging_mixin.py:117} INFO - [2022-10-06T00:41:40.748+0000] {dag.py:3328} INFO - Setting next_dagrun for dataset_consumes_1_never_scheduled to None, run_after=None
[2022-10-06T00:41:40.749+0000] {logging_mixin.py:117} INFO - [2022-10-06T00:41:40.749+0000] {dag.py:3328} INFO - Setting next_dagrun for dataset_consumes_unknown_never_scheduled to None, run_after=None
[2022-10-06T00:41:40.752+0000] {logging_mixin.py:117} INFO - [2022-10-06T00:41:40.751+0000] {dag.py:3328} INFO - Setting next_dagrun for dataset_produces_1 to 2022-10-05T00:00:00+00:00, run_after=2022-10-06T00:00:00+00:00
[2022-10-06T00:41:40.752+0000] {logging_mixin.py:117} INFO - [2022-10-06T00:41:40.752+0000] {dag.py:3328} INFO - Setting next_dagrun for dataset_produces_2 to None, run_after=None
[2022-10-06T00:41:40.772+0000] {processor.py:178} INFO - Processing /home/airflow/.local/lib/python3.7/site-packages/airflow/example_dags/example_datasets.py took 0.097 seconds
[2022-10-06T00:42:12.007+0000] {processor.py:156} INFO - Started process (PID=502) to work on /home/airflow/.local/lib/python3.7/site-packages/airflow/example_dags/example_datasets.py
[2022-10-06T00:42:12.008+0000] {processor.py:758} INFO - Processing file /home/airflow/.local/lib/python3.7/site-packages/airflow/example_dags/example_datasets.py for tasks to queue
[2022-10-06T00:42:12.008+0000] {logging_mixin.py:117} INFO - [2022-10-06T00:42:12.008+0000] {dagbag.py:525} INFO - Filling up the DagBag from /home/airflow/.local/lib/python3.7/site-packages/airflow/example_dags/example_datasets.py
[2022-10-06T00:42:12.019+0000] {processor.py:768} INFO - DAG(s) dict_keys(['dataset_produces_1', 'dataset_consumes_1_never_scheduled', 'dataset_consumes_1_and_2', 'dataset_consumes_unknown_never_scheduled', 'dataset_consumes_1', 'dataset_produces_2']) retrieved from /home/airflow/.local/lib/python3.7/site-packages/airflow/example_dags/example_datasets.py
[2022-10-06T00:42:12.056+0000] {logging_mixin.py:117} INFO - [2022-10-06T00:42:12.056+0000] {dag.py:2573} INFO - Sync 6 DAGs
[2022-10-06T00:42:12.075+0000] {logging_mixin.py:117} INFO - [2022-10-06T00:42:12.075+0000] {dag.py:3328} INFO - Setting next_dagrun for dataset_consumes_1 to None, run_after=None
[2022-10-06T00:42:12.078+0000] {logging_mixin.py:117} INFO - [2022-10-06T00:42:12.078+0000] {dag.py:3328} INFO - Setting next_dagrun for dataset_consumes_1_and_2 to None, run_after=None
[2022-10-06T00:42:12.079+0000] {logging_mixin.py:117} INFO - [2022-10-06T00:42:12.078+0000] {dag.py:3328} INFO - Setting next_dagrun for dataset_consumes_1_never_scheduled to None, run_after=None
[2022-10-06T00:42:12.079+0000] {logging_mixin.py:117} INFO - [2022-10-06T00:42:12.079+0000] {dag.py:3328} INFO - Setting next_dagrun for dataset_consumes_unknown_never_scheduled to None, run_after=None
[2022-10-06T00:42:12.081+0000] {logging_mixin.py:117} INFO - [2022-10-06T00:42:12.081+0000] {dag.py:3328} INFO - Setting next_dagrun for dataset_produces_1 to 2022-10-05T00:00:00+00:00, run_after=2022-10-06T00:00:00+00:00
[2022-10-06T00:42:12.082+0000] {logging_mixin.py:117} INFO - [2022-10-06T00:42:12.082+0000] {dag.py:3328} INFO - Setting next_dagrun for dataset_produces_2 to None, run_after=None
[2022-10-06T00:42:12.104+0000] {processor.py:178} INFO - Processing /home/airflow/.local/lib/python3.7/site-packages/airflow/example_dags/example_datasets.py took 0.099 seconds
[2022-10-06T00:42:42.229+0000] {processor.py:156} INFO - Started process (PID=563) to work on /home/airflow/.local/lib/python3.7/site-packages/airflow/example_dags/example_datasets.py
[2022-10-06T00:42:42.229+0000] {processor.py:758} INFO - Processing file /home/airflow/.local/lib/python3.7/site-packages/airflow/example_dags/example_datasets.py for tasks to queue
[2022-10-06T00:42:42.230+0000] {logging_mixin.py:117} INFO - [2022-10-06T00:42:42.230+0000] {dagbag.py:525} INFO - Filling up the DagBag from /home/airflow/.local/lib/python3.7/site-packages/airflow/example_dags/example_datasets.py
[2022-10-06T00:42:42.245+0000] {processor.py:768} INFO - DAG(s) dict_keys(['dataset_consumes_1_and_2', 'dataset_consumes_1', 'dataset_consumes_unknown_never_scheduled', 'dataset_produces_1', 'dataset_produces_2', 'dataset_consumes_1_never_scheduled']) retrieved from /home/airflow/.local/lib/python3.7/site-packages/airflow/example_dags/example_datasets.py
[2022-10-06T00:42:42.287+0000] {logging_mixin.py:117} INFO - [2022-10-06T00:42:42.287+0000] {dag.py:2573} INFO - Sync 6 DAGs
[2022-10-06T00:42:42.306+0000] {logging_mixin.py:117} INFO - [2022-10-06T00:42:42.306+0000] {dag.py:3328} INFO - Setting next_dagrun for dataset_consumes_1 to None, run_after=None
[2022-10-06T00:42:42.308+0000] {logging_mixin.py:117} INFO - [2022-10-06T00:42:42.308+0000] {dag.py:3328} INFO - Setting next_dagrun for dataset_consumes_1_and_2 to None, run_after=None
[2022-10-06T00:42:42.309+0000] {logging_mixin.py:117} INFO - [2022-10-06T00:42:42.309+0000] {dag.py:3328} INFO - Setting next_dagrun for dataset_consumes_1_never_scheduled to None, run_after=None
[2022-10-06T00:42:42.310+0000] {logging_mixin.py:117} INFO - [2022-10-06T00:42:42.310+0000] {dag.py:3328} INFO - Setting next_dagrun for dataset_consumes_unknown_never_scheduled to None, run_after=None
[2022-10-06T00:42:42.312+0000] {logging_mixin.py:117} INFO - [2022-10-06T00:42:42.312+0000] {dag.py:3328} INFO - Setting next_dagrun for dataset_produces_1 to 2022-10-05T00:00:00+00:00, run_after=2022-10-06T00:00:00+00:00
[2022-10-06T00:42:42.313+0000] {logging_mixin.py:117} INFO - [2022-10-06T00:42:42.313+0000] {dag.py:3328} INFO - Setting next_dagrun for dataset_produces_2 to None, run_after=None
[2022-10-06T00:42:42.337+0000] {processor.py:178} INFO - Processing /home/airflow/.local/lib/python3.7/site-packages/airflow/example_dags/example_datasets.py took 0.110 seconds
[2022-10-06T00:43:13.090+0000] {processor.py:156} INFO - Started process (PID=621) to work on /home/airflow/.local/lib/python3.7/site-packages/airflow/example_dags/example_datasets.py
[2022-10-06T00:43:13.091+0000] {processor.py:758} INFO - Processing file /home/airflow/.local/lib/python3.7/site-packages/airflow/example_dags/example_datasets.py for tasks to queue
[2022-10-06T00:43:13.092+0000] {logging_mixin.py:117} INFO - [2022-10-06T00:43:13.092+0000] {dagbag.py:525} INFO - Filling up the DagBag from /home/airflow/.local/lib/python3.7/site-packages/airflow/example_dags/example_datasets.py
[2022-10-06T00:43:13.103+0000] {processor.py:768} INFO - DAG(s) dict_keys(['dataset_produces_2', 'dataset_consumes_1', 'dataset_consumes_1_never_scheduled', 'dataset_consumes_1_and_2', 'dataset_consumes_unknown_never_scheduled', 'dataset_produces_1']) retrieved from /home/airflow/.local/lib/python3.7/site-packages/airflow/example_dags/example_datasets.py
[2022-10-06T00:43:13.139+0000] {logging_mixin.py:117} INFO - [2022-10-06T00:43:13.139+0000] {dag.py:2573} INFO - Sync 6 DAGs
[2022-10-06T00:43:13.161+0000] {logging_mixin.py:117} INFO - [2022-10-06T00:43:13.161+0000] {dag.py:3328} INFO - Setting next_dagrun for dataset_consumes_1 to None, run_after=None
[2022-10-06T00:43:13.163+0000] {logging_mixin.py:117} INFO - [2022-10-06T00:43:13.163+0000] {dag.py:3328} INFO - Setting next_dagrun for dataset_consumes_1_and_2 to None, run_after=None
[2022-10-06T00:43:13.164+0000] {logging_mixin.py:117} INFO - [2022-10-06T00:43:13.164+0000] {dag.py:3328} INFO - Setting next_dagrun for dataset_consumes_1_never_scheduled to None, run_after=None
[2022-10-06T00:43:13.165+0000] {logging_mixin.py:117} INFO - [2022-10-06T00:43:13.165+0000] {dag.py:3328} INFO - Setting next_dagrun for dataset_consumes_unknown_never_scheduled to None, run_after=None
[2022-10-06T00:43:13.167+0000] {logging_mixin.py:117} INFO - [2022-10-06T00:43:13.167+0000] {dag.py:3328} INFO - Setting next_dagrun for dataset_produces_1 to 2022-10-05T00:00:00+00:00, run_after=2022-10-06T00:00:00+00:00
[2022-10-06T00:43:13.168+0000] {logging_mixin.py:117} INFO - [2022-10-06T00:43:13.168+0000] {dag.py:3328} INFO - Setting next_dagrun for dataset_produces_2 to None, run_after=None
[2022-10-06T00:43:13.188+0000] {processor.py:178} INFO - Processing /home/airflow/.local/lib/python3.7/site-packages/airflow/example_dags/example_datasets.py took 0.099 seconds
[2022-10-06T00:43:44.145+0000] {processor.py:156} INFO - Started process (PID=685) to work on /home/airflow/.local/lib/python3.7/site-packages/airflow/example_dags/example_datasets.py
[2022-10-06T00:43:44.145+0000] {processor.py:758} INFO - Processing file /home/airflow/.local/lib/python3.7/site-packages/airflow/example_dags/example_datasets.py for tasks to queue
[2022-10-06T00:43:44.146+0000] {logging_mixin.py:117} INFO - [2022-10-06T00:43:44.146+0000] {dagbag.py:525} INFO - Filling up the DagBag from /home/airflow/.local/lib/python3.7/site-packages/airflow/example_dags/example_datasets.py
[2022-10-06T00:43:44.157+0000] {processor.py:768} INFO - DAG(s) dict_keys(['dataset_consumes_unknown_never_scheduled', 'dataset_consumes_1_and_2', 'dataset_produces_2', 'dataset_produces_1', 'dataset_consumes_1_never_scheduled', 'dataset_consumes_1']) retrieved from /home/airflow/.local/lib/python3.7/site-packages/airflow/example_dags/example_datasets.py
[2022-10-06T00:43:44.196+0000] {logging_mixin.py:117} INFO - [2022-10-06T00:43:44.195+0000] {dag.py:2573} INFO - Sync 6 DAGs
[2022-10-06T00:43:44.214+0000] {logging_mixin.py:117} INFO - [2022-10-06T00:43:44.214+0000] {dag.py:3328} INFO - Setting next_dagrun for dataset_consumes_1 to None, run_after=None
[2022-10-06T00:43:44.216+0000] {logging_mixin.py:117} INFO - [2022-10-06T00:43:44.216+0000] {dag.py:3328} INFO - Setting next_dagrun for dataset_consumes_1_and_2 to None, run_after=None
[2022-10-06T00:43:44.217+0000] {logging_mixin.py:117} INFO - [2022-10-06T00:43:44.217+0000] {dag.py:3328} INFO - Setting next_dagrun for dataset_consumes_1_never_scheduled to None, run_after=None
[2022-10-06T00:43:44.218+0000] {logging_mixin.py:117} INFO - [2022-10-06T00:43:44.218+0000] {dag.py:3328} INFO - Setting next_dagrun for dataset_consumes_unknown_never_scheduled to None, run_after=None
[2022-10-06T00:43:44.220+0000] {logging_mixin.py:117} INFO - [2022-10-06T00:43:44.219+0000] {dag.py:3328} INFO - Setting next_dagrun for dataset_produces_1 to 2022-10-05T00:00:00+00:00, run_after=2022-10-06T00:00:00+00:00
[2022-10-06T00:43:44.220+0000] {logging_mixin.py:117} INFO - [2022-10-06T00:43:44.220+0000] {dag.py:3328} INFO - Setting next_dagrun for dataset_produces_2 to None, run_after=None
[2022-10-06T00:43:44.240+0000] {processor.py:178} INFO - Processing /home/airflow/.local/lib/python3.7/site-packages/airflow/example_dags/example_datasets.py took 0.096 seconds
[2022-10-06T00:44:15.122+0000] {processor.py:156} INFO - Started process (PID=749) to work on /home/airflow/.local/lib/python3.7/site-packages/airflow/example_dags/example_datasets.py
[2022-10-06T00:44:15.123+0000] {processor.py:758} INFO - Processing file /home/airflow/.local/lib/python3.7/site-packages/airflow/example_dags/example_datasets.py for tasks to queue
[2022-10-06T00:44:15.123+0000] {logging_mixin.py:117} INFO - [2022-10-06T00:44:15.123+0000] {dagbag.py:525} INFO - Filling up the DagBag from /home/airflow/.local/lib/python3.7/site-packages/airflow/example_dags/example_datasets.py
[2022-10-06T00:44:15.133+0000] {processor.py:768} INFO - DAG(s) dict_keys(['dataset_produces_1', 'dataset_consumes_1_never_scheduled', 'dataset_consumes_1', 'dataset_produces_2', 'dataset_consumes_unknown_never_scheduled', 'dataset_consumes_1_and_2']) retrieved from /home/airflow/.local/lib/python3.7/site-packages/airflow/example_dags/example_datasets.py
[2022-10-06T00:44:15.169+0000] {logging_mixin.py:117} INFO - [2022-10-06T00:44:15.169+0000] {dag.py:2573} INFO - Sync 6 DAGs
[2022-10-06T00:44:15.190+0000] {logging_mixin.py:117} INFO - [2022-10-06T00:44:15.189+0000] {dag.py:3328} INFO - Setting next_dagrun for dataset_consumes_1 to None, run_after=None
[2022-10-06T00:44:15.193+0000] {logging_mixin.py:117} INFO - [2022-10-06T00:44:15.193+0000] {dag.py:3328} INFO - Setting next_dagrun for dataset_consumes_1_and_2 to None, run_after=None
[2022-10-06T00:44:15.194+0000] {logging_mixin.py:117} INFO - [2022-10-06T00:44:15.194+0000] {dag.py:3328} INFO - Setting next_dagrun for dataset_consumes_1_never_scheduled to None, run_after=None
[2022-10-06T00:44:15.195+0000] {logging_mixin.py:117} INFO - [2022-10-06T00:44:15.194+0000] {dag.py:3328} INFO - Setting next_dagrun for dataset_consumes_unknown_never_scheduled to None, run_after=None
[2022-10-06T00:44:15.197+0000] {logging_mixin.py:117} INFO - [2022-10-06T00:44:15.197+0000] {dag.py:3328} INFO - Setting next_dagrun for dataset_produces_1 to 2022-10-05T00:00:00+00:00, run_after=2022-10-06T00:00:00+00:00
[2022-10-06T00:44:15.198+0000] {logging_mixin.py:117} INFO - [2022-10-06T00:44:15.198+0000] {dag.py:3328} INFO - Setting next_dagrun for dataset_produces_2 to None, run_after=None
[2022-10-06T00:44:15.217+0000] {processor.py:178} INFO - Processing /home/airflow/.local/lib/python3.7/site-packages/airflow/example_dags/example_datasets.py took 0.097 seconds
[2022-10-06T00:44:45.906+0000] {processor.py:156} INFO - Started process (PID=813) to work on /home/airflow/.local/lib/python3.7/site-packages/airflow/example_dags/example_datasets.py
[2022-10-06T00:44:45.906+0000] {processor.py:758} INFO - Processing file /home/airflow/.local/lib/python3.7/site-packages/airflow/example_dags/example_datasets.py for tasks to queue
[2022-10-06T00:44:45.906+0000] {logging_mixin.py:117} INFO - [2022-10-06T00:44:45.906+0000] {dagbag.py:525} INFO - Filling up the DagBag from /home/airflow/.local/lib/python3.7/site-packages/airflow/example_dags/example_datasets.py
[2022-10-06T00:44:45.918+0000] {processor.py:768} INFO - DAG(s) dict_keys(['dataset_consumes_1', 'dataset_consumes_1_and_2', 'dataset_consumes_unknown_never_scheduled', 'dataset_produces_1', 'dataset_produces_2', 'dataset_consumes_1_never_scheduled']) retrieved from /home/airflow/.local/lib/python3.7/site-packages/airflow/example_dags/example_datasets.py
[2022-10-06T00:44:45.956+0000] {logging_mixin.py:117} INFO - [2022-10-06T00:44:45.956+0000] {dag.py:2573} INFO - Sync 6 DAGs
[2022-10-06T00:44:45.974+0000] {logging_mixin.py:117} INFO - [2022-10-06T00:44:45.974+0000] {dag.py:3328} INFO - Setting next_dagrun for dataset_consumes_1 to None, run_after=None
[2022-10-06T00:44:45.976+0000] {logging_mixin.py:117} INFO - [2022-10-06T00:44:45.976+0000] {dag.py:3328} INFO - Setting next_dagrun for dataset_consumes_1_and_2 to None, run_after=None
[2022-10-06T00:44:45.977+0000] {logging_mixin.py:117} INFO - [2022-10-06T00:44:45.977+0000] {dag.py:3328} INFO - Setting next_dagrun for dataset_consumes_1_never_scheduled to None, run_after=None
[2022-10-06T00:44:45.978+0000] {logging_mixin.py:117} INFO - [2022-10-06T00:44:45.978+0000] {dag.py:3328} INFO - Setting next_dagrun for dataset_consumes_unknown_never_scheduled to None, run_after=None
[2022-10-06T00:44:45.980+0000] {logging_mixin.py:117} INFO - [2022-10-06T00:44:45.980+0000] {dag.py:3328} INFO - Setting next_dagrun for dataset_produces_1 to 2022-10-05T00:00:00+00:00, run_after=2022-10-06T00:00:00+00:00
[2022-10-06T00:44:45.981+0000] {logging_mixin.py:117} INFO - [2022-10-06T00:44:45.981+0000] {dag.py:3328} INFO - Setting next_dagrun for dataset_produces_2 to None, run_after=None
[2022-10-06T00:44:46.000+0000] {processor.py:178} INFO - Processing /home/airflow/.local/lib/python3.7/site-packages/airflow/example_dags/example_datasets.py took 0.096 seconds
[2022-10-06T00:45:16.907+0000] {processor.py:156} INFO - Started process (PID=877) to work on /home/airflow/.local/lib/python3.7/site-packages/airflow/example_dags/example_datasets.py
[2022-10-06T00:45:16.908+0000] {processor.py:758} INFO - Processing file /home/airflow/.local/lib/python3.7/site-packages/airflow/example_dags/example_datasets.py for tasks to queue
[2022-10-06T00:45:16.908+0000] {logging_mixin.py:117} INFO - [2022-10-06T00:45:16.908+0000] {dagbag.py:525} INFO - Filling up the DagBag from /home/airflow/.local/lib/python3.7/site-packages/airflow/example_dags/example_datasets.py
[2022-10-06T00:45:16.924+0000] {processor.py:768} INFO - DAG(s) dict_keys(['dataset_consumes_unknown_never_scheduled', 'dataset_consumes_1', 'dataset_produces_2', 'dataset_consumes_1_and_2', 'dataset_consumes_1_never_scheduled', 'dataset_produces_1']) retrieved from /home/airflow/.local/lib/python3.7/site-packages/airflow/example_dags/example_datasets.py
[2022-10-06T00:45:16.963+0000] {logging_mixin.py:117} INFO - [2022-10-06T00:45:16.963+0000] {dag.py:2573} INFO - Sync 6 DAGs
[2022-10-06T00:45:16.982+0000] {logging_mixin.py:117} INFO - [2022-10-06T00:45:16.982+0000] {dag.py:3328} INFO - Setting next_dagrun for dataset_consumes_1 to None, run_after=None
[2022-10-06T00:45:16.984+0000] {logging_mixin.py:117} INFO - [2022-10-06T00:45:16.984+0000] {dag.py:3328} INFO - Setting next_dagrun for dataset_consumes_1_and_2 to None, run_after=None
[2022-10-06T00:45:16.985+0000] {logging_mixin.py:117} INFO - [2022-10-06T00:45:16.985+0000] {dag.py:3328} INFO - Setting next_dagrun for dataset_consumes_1_never_scheduled to None, run_after=None
[2022-10-06T00:45:16.986+0000] {logging_mixin.py:117} INFO - [2022-10-06T00:45:16.985+0000] {dag.py:3328} INFO - Setting next_dagrun for dataset_consumes_unknown_never_scheduled to None, run_after=None
[2022-10-06T00:45:16.987+0000] {logging_mixin.py:117} INFO - [2022-10-06T00:45:16.987+0000] {dag.py:3328} INFO - Setting next_dagrun for dataset_produces_1 to 2022-10-05T00:00:00+00:00, run_after=2022-10-06T00:00:00+00:00
[2022-10-06T00:45:16.988+0000] {logging_mixin.py:117} INFO - [2022-10-06T00:45:16.988+0000] {dag.py:3328} INFO - Setting next_dagrun for dataset_produces_2 to None, run_after=None
[2022-10-06T00:45:17.007+0000] {processor.py:178} INFO - Processing /home/airflow/.local/lib/python3.7/site-packages/airflow/example_dags/example_datasets.py took 0.101 seconds
[2022-10-06T00:45:47.722+0000] {processor.py:156} INFO - Started process (PID=932) to work on /home/airflow/.local/lib/python3.7/site-packages/airflow/example_dags/example_datasets.py
[2022-10-06T00:45:47.722+0000] {processor.py:758} INFO - Processing file /home/airflow/.local/lib/python3.7/site-packages/airflow/example_dags/example_datasets.py for tasks to queue
[2022-10-06T00:45:47.723+0000] {logging_mixin.py:117} INFO - [2022-10-06T00:45:47.722+0000] {dagbag.py:525} INFO - Filling up the DagBag from /home/airflow/.local/lib/python3.7/site-packages/airflow/example_dags/example_datasets.py
[2022-10-06T00:45:47.734+0000] {processor.py:768} INFO - DAG(s) dict_keys(['dataset_consumes_1_never_scheduled', 'dataset_consumes_unknown_never_scheduled', 'dataset_consumes_1', 'dataset_consumes_1_and_2', 'dataset_produces_1', 'dataset_produces_2']) retrieved from /home/airflow/.local/lib/python3.7/site-packages/airflow/example_dags/example_datasets.py
[2022-10-06T00:45:47.770+0000] {logging_mixin.py:117} INFO - [2022-10-06T00:45:47.769+0000] {dag.py:2573} INFO - Sync 6 DAGs
[2022-10-06T00:45:47.789+0000] {logging_mixin.py:117} INFO - [2022-10-06T00:45:47.789+0000] {dag.py:3328} INFO - Setting next_dagrun for dataset_consumes_1 to None, run_after=None
[2022-10-06T00:45:47.791+0000] {logging_mixin.py:117} INFO - [2022-10-06T00:45:47.791+0000] {dag.py:3328} INFO - Setting next_dagrun for dataset_consumes_1_and_2 to None, run_after=None
[2022-10-06T00:45:47.792+0000] {logging_mixin.py:117} INFO - [2022-10-06T00:45:47.792+0000] {dag.py:3328} INFO - Setting next_dagrun for dataset_consumes_1_never_scheduled to None, run_after=None
[2022-10-06T00:45:47.793+0000] {logging_mixin.py:117} INFO - [2022-10-06T00:45:47.793+0000] {dag.py:3328} INFO - Setting next_dagrun for dataset_consumes_unknown_never_scheduled to None, run_after=None
[2022-10-06T00:45:47.795+0000] {logging_mixin.py:117} INFO - [2022-10-06T00:45:47.795+0000] {dag.py:3328} INFO - Setting next_dagrun for dataset_produces_1 to 2022-10-05T00:00:00+00:00, run_after=2022-10-06T00:00:00+00:00
[2022-10-06T00:45:47.796+0000] {logging_mixin.py:117} INFO - [2022-10-06T00:45:47.796+0000] {dag.py:3328} INFO - Setting next_dagrun for dataset_produces_2 to None, run_after=None
[2022-10-06T00:45:47.818+0000] {processor.py:178} INFO - Processing /home/airflow/.local/lib/python3.7/site-packages/airflow/example_dags/example_datasets.py took 0.098 seconds
[2022-10-06T00:46:18.563+0000] {processor.py:156} INFO - Started process (PID=996) to work on /home/airflow/.local/lib/python3.7/site-packages/airflow/example_dags/example_datasets.py
[2022-10-06T00:46:18.563+0000] {processor.py:758} INFO - Processing file /home/airflow/.local/lib/python3.7/site-packages/airflow/example_dags/example_datasets.py for tasks to queue
[2022-10-06T00:46:18.564+0000] {logging_mixin.py:117} INFO - [2022-10-06T00:46:18.564+0000] {dagbag.py:525} INFO - Filling up the DagBag from /home/airflow/.local/lib/python3.7/site-packages/airflow/example_dags/example_datasets.py
[2022-10-06T00:46:18.575+0000] {processor.py:768} INFO - DAG(s) dict_keys(['dataset_consumes_1_never_scheduled', 'dataset_consumes_1', 'dataset_consumes_unknown_never_scheduled', 'dataset_produces_1', 'dataset_consumes_1_and_2', 'dataset_produces_2']) retrieved from /home/airflow/.local/lib/python3.7/site-packages/airflow/example_dags/example_datasets.py
[2022-10-06T00:46:18.612+0000] {logging_mixin.py:117} INFO - [2022-10-06T00:46:18.612+0000] {dag.py:2573} INFO - Sync 6 DAGs
[2022-10-06T00:46:18.631+0000] {logging_mixin.py:117} INFO - [2022-10-06T00:46:18.630+0000] {dag.py:3328} INFO - Setting next_dagrun for dataset_consumes_1 to None, run_after=None
[2022-10-06T00:46:18.633+0000] {logging_mixin.py:117} INFO - [2022-10-06T00:46:18.633+0000] {dag.py:3328} INFO - Setting next_dagrun for dataset_consumes_1_and_2 to None, run_after=None
[2022-10-06T00:46:18.634+0000] {logging_mixin.py:117} INFO - [2022-10-06T00:46:18.634+0000] {dag.py:3328} INFO - Setting next_dagrun for dataset_consumes_1_never_scheduled to None, run_after=None
[2022-10-06T00:46:18.634+0000] {logging_mixin.py:117} INFO - [2022-10-06T00:46:18.634+0000] {dag.py:3328} INFO - Setting next_dagrun for dataset_consumes_unknown_never_scheduled to None, run_after=None
[2022-10-06T00:46:18.636+0000] {logging_mixin.py:117} INFO - [2022-10-06T00:46:18.636+0000] {dag.py:3328} INFO - Setting next_dagrun for dataset_produces_1 to 2022-10-05T00:00:00+00:00, run_after=2022-10-06T00:00:00+00:00
[2022-10-06T00:46:18.637+0000] {logging_mixin.py:117} INFO - [2022-10-06T00:46:18.637+0000] {dag.py:3328} INFO - Setting next_dagrun for dataset_produces_2 to None, run_after=None
[2022-10-06T00:46:18.658+0000] {processor.py:178} INFO - Processing /home/airflow/.local/lib/python3.7/site-packages/airflow/example_dags/example_datasets.py took 0.097 seconds
[2022-10-06T00:46:49.468+0000] {processor.py:156} INFO - Started process (PID=1060) to work on /home/airflow/.local/lib/python3.7/site-packages/airflow/example_dags/example_datasets.py
[2022-10-06T00:46:49.469+0000] {processor.py:758} INFO - Processing file /home/airflow/.local/lib/python3.7/site-packages/airflow/example_dags/example_datasets.py for tasks to queue
[2022-10-06T00:46:49.469+0000] {logging_mixin.py:117} INFO - [2022-10-06T00:46:49.469+0000] {dagbag.py:525} INFO - Filling up the DagBag from /home/airflow/.local/lib/python3.7/site-packages/airflow/example_dags/example_datasets.py
[2022-10-06T00:46:49.482+0000] {processor.py:768} INFO - DAG(s) dict_keys(['dataset_consumes_1_never_scheduled', 'dataset_consumes_1', 'dataset_consumes_unknown_never_scheduled', 'dataset_produces_2', 'dataset_consumes_1_and_2', 'dataset_produces_1']) retrieved from /home/airflow/.local/lib/python3.7/site-packages/airflow/example_dags/example_datasets.py
[2022-10-06T00:46:49.523+0000] {logging_mixin.py:117} INFO - [2022-10-06T00:46:49.523+0000] {dag.py:2573} INFO - Sync 6 DAGs
[2022-10-06T00:46:49.543+0000] {logging_mixin.py:117} INFO - [2022-10-06T00:46:49.543+0000] {dag.py:3328} INFO - Setting next_dagrun for dataset_consumes_1 to None, run_after=None
[2022-10-06T00:46:49.546+0000] {logging_mixin.py:117} INFO - [2022-10-06T00:46:49.546+0000] {dag.py:3328} INFO - Setting next_dagrun for dataset_consumes_1_and_2 to None, run_after=None
[2022-10-06T00:46:49.547+0000] {logging_mixin.py:117} INFO - [2022-10-06T00:46:49.546+0000] {dag.py:3328} INFO - Setting next_dagrun for dataset_consumes_1_never_scheduled to None, run_after=None
[2022-10-06T00:46:49.547+0000] {logging_mixin.py:117} INFO - [2022-10-06T00:46:49.547+0000] {dag.py:3328} INFO - Setting next_dagrun for dataset_consumes_unknown_never_scheduled to None, run_after=None
[2022-10-06T00:46:49.550+0000] {logging_mixin.py:117} INFO - [2022-10-06T00:46:49.550+0000] {dag.py:3328} INFO - Setting next_dagrun for dataset_produces_1 to 2022-10-05T00:00:00+00:00, run_after=2022-10-06T00:00:00+00:00
[2022-10-06T00:46:49.551+0000] {logging_mixin.py:117} INFO - [2022-10-06T00:46:49.551+0000] {dag.py:3328} INFO - Setting next_dagrun for dataset_produces_2 to None, run_after=None
[2022-10-06T00:46:49.574+0000] {processor.py:178} INFO - Processing /home/airflow/.local/lib/python3.7/site-packages/airflow/example_dags/example_datasets.py took 0.109 seconds
[2022-10-06T00:47:20.451+0000] {processor.py:156} INFO - Started process (PID=1123) to work on /home/airflow/.local/lib/python3.7/site-packages/airflow/example_dags/example_datasets.py
[2022-10-06T00:47:20.451+0000] {processor.py:758} INFO - Processing file /home/airflow/.local/lib/python3.7/site-packages/airflow/example_dags/example_datasets.py for tasks to queue
[2022-10-06T00:47:20.452+0000] {logging_mixin.py:117} INFO - [2022-10-06T00:47:20.452+0000] {dagbag.py:525} INFO - Filling up the DagBag from /home/airflow/.local/lib/python3.7/site-packages/airflow/example_dags/example_datasets.py
[2022-10-06T00:47:20.462+0000] {processor.py:768} INFO - DAG(s) dict_keys(['dataset_consumes_1_never_scheduled', 'dataset_consumes_1_and_2', 'dataset_produces_2', 'dataset_consumes_1', 'dataset_produces_1', 'dataset_consumes_unknown_never_scheduled']) retrieved from /home/airflow/.local/lib/python3.7/site-packages/airflow/example_dags/example_datasets.py
[2022-10-06T00:47:20.499+0000] {logging_mixin.py:117} INFO - [2022-10-06T00:47:20.499+0000] {dag.py:2573} INFO - Sync 6 DAGs
[2022-10-06T00:47:20.519+0000] {logging_mixin.py:117} INFO - [2022-10-06T00:47:20.519+0000] {dag.py:3328} INFO - Setting next_dagrun for dataset_consumes_1 to None, run_after=None
[2022-10-06T00:47:20.522+0000] {logging_mixin.py:117} INFO - [2022-10-06T00:47:20.521+0000] {dag.py:3328} INFO - Setting next_dagrun for dataset_consumes_1_and_2 to None, run_after=None
[2022-10-06T00:47:20.522+0000] {logging_mixin.py:117} INFO - [2022-10-06T00:47:20.522+0000] {dag.py:3328} INFO - Setting next_dagrun for dataset_consumes_1_never_scheduled to None, run_after=None
[2022-10-06T00:47:20.523+0000] {logging_mixin.py:117} INFO - [2022-10-06T00:47:20.523+0000] {dag.py:3328} INFO - Setting next_dagrun for dataset_consumes_unknown_never_scheduled to None, run_after=None
[2022-10-06T00:47:20.525+0000] {logging_mixin.py:117} INFO - [2022-10-06T00:47:20.525+0000] {dag.py:3328} INFO - Setting next_dagrun for dataset_produces_1 to 2022-10-05T00:00:00+00:00, run_after=2022-10-06T00:00:00+00:00
[2022-10-06T00:47:20.526+0000] {logging_mixin.py:117} INFO - [2022-10-06T00:47:20.526+0000] {dag.py:3328} INFO - Setting next_dagrun for dataset_produces_2 to None, run_after=None
[2022-10-06T00:47:20.547+0000] {processor.py:178} INFO - Processing /home/airflow/.local/lib/python3.7/site-packages/airflow/example_dags/example_datasets.py took 0.098 seconds
[2022-10-06T00:47:51.565+0000] {processor.py:156} INFO - Started process (PID=1187) to work on /home/airflow/.local/lib/python3.7/site-packages/airflow/example_dags/example_datasets.py
[2022-10-06T00:47:51.566+0000] {processor.py:758} INFO - Processing file /home/airflow/.local/lib/python3.7/site-packages/airflow/example_dags/example_datasets.py for tasks to queue
[2022-10-06T00:47:51.566+0000] {logging_mixin.py:117} INFO - [2022-10-06T00:47:51.566+0000] {dagbag.py:525} INFO - Filling up the DagBag from /home/airflow/.local/lib/python3.7/site-packages/airflow/example_dags/example_datasets.py
[2022-10-06T00:47:51.590+0000] {processor.py:768} INFO - DAG(s) dict_keys(['dataset_consumes_1_and_2', 'dataset_produces_1', 'dataset_produces_2', 'dataset_consumes_1_never_scheduled', 'dataset_consumes_1', 'dataset_consumes_unknown_never_scheduled']) retrieved from /home/airflow/.local/lib/python3.7/site-packages/airflow/example_dags/example_datasets.py
[2022-10-06T00:47:51.645+0000] {logging_mixin.py:117} INFO - [2022-10-06T00:47:51.645+0000] {dag.py:2573} INFO - Sync 6 DAGs
[2022-10-06T00:47:51.672+0000] {logging_mixin.py:117} INFO - [2022-10-06T00:47:51.672+0000] {dag.py:3328} INFO - Setting next_dagrun for dataset_consumes_1 to None, run_after=None
[2022-10-06T00:47:51.675+0000] {logging_mixin.py:117} INFO - [2022-10-06T00:47:51.675+0000] {dag.py:3328} INFO - Setting next_dagrun for dataset_consumes_1_and_2 to None, run_after=None
[2022-10-06T00:47:51.676+0000] {logging_mixin.py:117} INFO - [2022-10-06T00:47:51.676+0000] {dag.py:3328} INFO - Setting next_dagrun for dataset_consumes_1_never_scheduled to None, run_after=None
[2022-10-06T00:47:51.678+0000] {logging_mixin.py:117} INFO - [2022-10-06T00:47:51.678+0000] {dag.py:3328} INFO - Setting next_dagrun for dataset_consumes_unknown_never_scheduled to None, run_after=None
[2022-10-06T00:47:51.680+0000] {logging_mixin.py:117} INFO - [2022-10-06T00:47:51.680+0000] {dag.py:3328} INFO - Setting next_dagrun for dataset_produces_1 to 2022-10-05T00:00:00+00:00, run_after=2022-10-06T00:00:00+00:00
[2022-10-06T00:47:51.682+0000] {logging_mixin.py:117} INFO - [2022-10-06T00:47:51.681+0000] {dag.py:3328} INFO - Setting next_dagrun for dataset_produces_2 to None, run_after=None
[2022-10-06T00:47:51.705+0000] {processor.py:178} INFO - Processing /home/airflow/.local/lib/python3.7/site-packages/airflow/example_dags/example_datasets.py took 0.142 seconds
[2022-10-06T00:48:21.781+0000] {processor.py:156} INFO - Started process (PID=1244) to work on /home/airflow/.local/lib/python3.7/site-packages/airflow/example_dags/example_datasets.py
[2022-10-06T00:48:21.782+0000] {processor.py:758} INFO - Processing file /home/airflow/.local/lib/python3.7/site-packages/airflow/example_dags/example_datasets.py for tasks to queue
[2022-10-06T00:48:21.782+0000] {logging_mixin.py:117} INFO - [2022-10-06T00:48:21.782+0000] {dagbag.py:525} INFO - Filling up the DagBag from /home/airflow/.local/lib/python3.7/site-packages/airflow/example_dags/example_datasets.py
[2022-10-06T00:48:21.793+0000] {processor.py:768} INFO - DAG(s) dict_keys(['dataset_produces_2', 'dataset_consumes_1', 'dataset_consumes_1_never_scheduled', 'dataset_produces_1', 'dataset_consumes_1_and_2', 'dataset_consumes_unknown_never_scheduled']) retrieved from /home/airflow/.local/lib/python3.7/site-packages/airflow/example_dags/example_datasets.py
[2022-10-06T00:48:21.830+0000] {logging_mixin.py:117} INFO - [2022-10-06T00:48:21.829+0000] {dag.py:2573} INFO - Sync 6 DAGs
[2022-10-06T00:48:21.848+0000] {logging_mixin.py:117} INFO - [2022-10-06T00:48:21.848+0000] {dag.py:3328} INFO - Setting next_dagrun for dataset_consumes_1 to None, run_after=None
[2022-10-06T00:48:21.850+0000] {logging_mixin.py:117} INFO - [2022-10-06T00:48:21.850+0000] {dag.py:3328} INFO - Setting next_dagrun for dataset_consumes_1_and_2 to None, run_after=None
[2022-10-06T00:48:21.851+0000] {logging_mixin.py:117} INFO - [2022-10-06T00:48:21.851+0000] {dag.py:3328} INFO - Setting next_dagrun for dataset_consumes_1_never_scheduled to None, run_after=None
[2022-10-06T00:48:21.852+0000] {logging_mixin.py:117} INFO - [2022-10-06T00:48:21.851+0000] {dag.py:3328} INFO - Setting next_dagrun for dataset_consumes_unknown_never_scheduled to None, run_after=None
[2022-10-06T00:48:21.853+0000] {logging_mixin.py:117} INFO - [2022-10-06T00:48:21.853+0000] {dag.py:3328} INFO - Setting next_dagrun for dataset_produces_1 to 2022-10-05T00:00:00+00:00, run_after=2022-10-06T00:00:00+00:00
[2022-10-06T00:48:21.854+0000] {logging_mixin.py:117} INFO - [2022-10-06T00:48:21.854+0000] {dag.py:3328} INFO - Setting next_dagrun for dataset_produces_2 to None, run_after=None
[2022-10-06T00:48:21.873+0000] {processor.py:178} INFO - Processing /home/airflow/.local/lib/python3.7/site-packages/airflow/example_dags/example_datasets.py took 0.093 seconds
[2022-10-06T00:48:51.997+0000] {processor.py:156} INFO - Started process (PID=1307) to work on /home/airflow/.local/lib/python3.7/site-packages/airflow/example_dags/example_datasets.py
[2022-10-06T00:48:51.998+0000] {processor.py:758} INFO - Processing file /home/airflow/.local/lib/python3.7/site-packages/airflow/example_dags/example_datasets.py for tasks to queue
[2022-10-06T00:48:51.998+0000] {logging_mixin.py:117} INFO - [2022-10-06T00:48:51.998+0000] {dagbag.py:525} INFO - Filling up the DagBag from /home/airflow/.local/lib/python3.7/site-packages/airflow/example_dags/example_datasets.py
[2022-10-06T00:48:52.011+0000] {processor.py:768} INFO - DAG(s) dict_keys(['dataset_produces_2', 'dataset_consumes_1_never_scheduled', 'dataset_consumes_1_and_2', 'dataset_produces_1', 'dataset_consumes_unknown_never_scheduled', 'dataset_consumes_1']) retrieved from /home/airflow/.local/lib/python3.7/site-packages/airflow/example_dags/example_datasets.py
[2022-10-06T00:48:52.051+0000] {logging_mixin.py:117} INFO - [2022-10-06T00:48:52.051+0000] {dag.py:2573} INFO - Sync 6 DAGs
[2022-10-06T00:48:52.073+0000] {logging_mixin.py:117} INFO - [2022-10-06T00:48:52.073+0000] {dag.py:3328} INFO - Setting next_dagrun for dataset_consumes_1 to None, run_after=None
[2022-10-06T00:48:52.076+0000] {logging_mixin.py:117} INFO - [2022-10-06T00:48:52.076+0000] {dag.py:3328} INFO - Setting next_dagrun for dataset_consumes_1_and_2 to None, run_after=None
[2022-10-06T00:48:52.076+0000] {logging_mixin.py:117} INFO - [2022-10-06T00:48:52.076+0000] {dag.py:3328} INFO - Setting next_dagrun for dataset_consumes_1_never_scheduled to None, run_after=None
[2022-10-06T00:48:52.077+0000] {logging_mixin.py:117} INFO - [2022-10-06T00:48:52.077+0000] {dag.py:3328} INFO - Setting next_dagrun for dataset_consumes_unknown_never_scheduled to None, run_after=None
[2022-10-06T00:48:52.079+0000] {logging_mixin.py:117} INFO - [2022-10-06T00:48:52.079+0000] {dag.py:3328} INFO - Setting next_dagrun for dataset_produces_1 to 2022-10-05T00:00:00+00:00, run_after=2022-10-06T00:00:00+00:00
[2022-10-06T00:48:52.080+0000] {logging_mixin.py:117} INFO - [2022-10-06T00:48:52.080+0000] {dag.py:3328} INFO - Setting next_dagrun for dataset_produces_2 to None, run_after=None
[2022-10-06T00:48:52.104+0000] {processor.py:178} INFO - Processing /home/airflow/.local/lib/python3.7/site-packages/airflow/example_dags/example_datasets.py took 0.110 seconds
[2022-10-06T00:49:23.138+0000] {processor.py:156} INFO - Started process (PID=1372) to work on /home/airflow/.local/lib/python3.7/site-packages/airflow/example_dags/example_datasets.py
[2022-10-06T00:49:23.138+0000] {processor.py:758} INFO - Processing file /home/airflow/.local/lib/python3.7/site-packages/airflow/example_dags/example_datasets.py for tasks to queue
[2022-10-06T00:49:23.138+0000] {logging_mixin.py:117} INFO - [2022-10-06T00:49:23.138+0000] {dagbag.py:525} INFO - Filling up the DagBag from /home/airflow/.local/lib/python3.7/site-packages/airflow/example_dags/example_datasets.py
[2022-10-06T00:49:23.150+0000] {processor.py:768} INFO - DAG(s) dict_keys(['dataset_consumes_unknown_never_scheduled', 'dataset_produces_2', 'dataset_consumes_1_and_2', 'dataset_produces_1', 'dataset_consumes_1_never_scheduled', 'dataset_consumes_1']) retrieved from /home/airflow/.local/lib/python3.7/site-packages/airflow/example_dags/example_datasets.py
[2022-10-06T00:49:23.187+0000] {logging_mixin.py:117} INFO - [2022-10-06T00:49:23.187+0000] {dag.py:2573} INFO - Sync 6 DAGs
[2022-10-06T00:49:23.210+0000] {logging_mixin.py:117} INFO - [2022-10-06T00:49:23.210+0000] {dag.py:3328} INFO - Setting next_dagrun for dataset_consumes_1 to None, run_after=None
[2022-10-06T00:49:23.212+0000] {logging_mixin.py:117} INFO - [2022-10-06T00:49:23.212+0000] {dag.py:3328} INFO - Setting next_dagrun for dataset_consumes_1_and_2 to None, run_after=None
[2022-10-06T00:49:23.213+0000] {logging_mixin.py:117} INFO - [2022-10-06T00:49:23.213+0000] {dag.py:3328} INFO - Setting next_dagrun for dataset_consumes_1_never_scheduled to None, run_after=None
[2022-10-06T00:49:23.214+0000] {logging_mixin.py:117} INFO - [2022-10-06T00:49:23.214+0000] {dag.py:3328} INFO - Setting next_dagrun for dataset_consumes_unknown_never_scheduled to None, run_after=None
[2022-10-06T00:49:23.216+0000] {logging_mixin.py:117} INFO - [2022-10-06T00:49:23.216+0000] {dag.py:3328} INFO - Setting next_dagrun for dataset_produces_1 to 2022-10-05T00:00:00+00:00, run_after=2022-10-06T00:00:00+00:00
[2022-10-06T00:49:23.217+0000] {logging_mixin.py:117} INFO - [2022-10-06T00:49:23.217+0000] {dag.py:3328} INFO - Setting next_dagrun for dataset_produces_2 to None, run_after=None
[2022-10-06T00:49:23.237+0000] {processor.py:178} INFO - Processing /home/airflow/.local/lib/python3.7/site-packages/airflow/example_dags/example_datasets.py took 0.101 seconds
[2022-10-06T23:51:08.204+0000] {processor.py:156} INFO - Started process (PID=63) to work on /home/airflow/.local/lib/python3.7/site-packages/airflow/example_dags/example_datasets.py
[2022-10-06T23:51:08.205+0000] {processor.py:758} INFO - Processing file /home/airflow/.local/lib/python3.7/site-packages/airflow/example_dags/example_datasets.py for tasks to queue
[2022-10-06T23:51:08.205+0000] {logging_mixin.py:117} INFO - [2022-10-06T23:51:08.205+0000] {dagbag.py:525} INFO - Filling up the DagBag from /home/airflow/.local/lib/python3.7/site-packages/airflow/example_dags/example_datasets.py
[2022-10-06T23:51:08.217+0000] {processor.py:768} INFO - DAG(s) dict_keys(['dataset_consumes_1', 'dataset_produces_1', 'dataset_consumes_unknown_never_scheduled', 'dataset_produces_2', 'dataset_consumes_1_never_scheduled', 'dataset_consumes_1_and_2']) retrieved from /home/airflow/.local/lib/python3.7/site-packages/airflow/example_dags/example_datasets.py
[2022-10-06T23:51:08.238+0000] {logging_mixin.py:117} INFO - [2022-10-06T23:51:08.238+0000] {dag.py:2573} INFO - Sync 6 DAGs
[2022-10-06T23:51:08.259+0000] {logging_mixin.py:117} INFO - [2022-10-06T23:51:08.259+0000] {dag.py:3328} INFO - Setting next_dagrun for dataset_consumes_1 to None, run_after=None
[2022-10-06T23:51:08.261+0000] {logging_mixin.py:117} INFO - [2022-10-06T23:51:08.261+0000] {dag.py:3328} INFO - Setting next_dagrun for dataset_consumes_1_and_2 to None, run_after=None
[2022-10-06T23:51:08.262+0000] {logging_mixin.py:117} INFO - [2022-10-06T23:51:08.262+0000] {dag.py:3328} INFO - Setting next_dagrun for dataset_consumes_1_never_scheduled to None, run_after=None
[2022-10-06T23:51:08.263+0000] {logging_mixin.py:117} INFO - [2022-10-06T23:51:08.263+0000] {dag.py:3328} INFO - Setting next_dagrun for dataset_consumes_unknown_never_scheduled to None, run_after=None
[2022-10-06T23:51:08.266+0000] {logging_mixin.py:117} INFO - [2022-10-06T23:51:08.266+0000] {dag.py:3328} INFO - Setting next_dagrun for dataset_produces_1 to 2022-10-05T00:00:00+00:00, run_after=2022-10-06T00:00:00+00:00
[2022-10-06T23:51:08.267+0000] {logging_mixin.py:117} INFO - [2022-10-06T23:51:08.267+0000] {dag.py:3328} INFO - Setting next_dagrun for dataset_produces_2 to None, run_after=None
[2022-10-06T23:51:08.289+0000] {processor.py:178} INFO - Processing /home/airflow/.local/lib/python3.7/site-packages/airflow/example_dags/example_datasets.py took 0.086 seconds
[2022-10-06T23:51:39.202+0000] {processor.py:156} INFO - Started process (PID=127) to work on /home/airflow/.local/lib/python3.7/site-packages/airflow/example_dags/example_datasets.py
[2022-10-06T23:51:39.203+0000] {processor.py:758} INFO - Processing file /home/airflow/.local/lib/python3.7/site-packages/airflow/example_dags/example_datasets.py for tasks to queue
[2022-10-06T23:51:39.203+0000] {logging_mixin.py:117} INFO - [2022-10-06T23:51:39.203+0000] {dagbag.py:525} INFO - Filling up the DagBag from /home/airflow/.local/lib/python3.7/site-packages/airflow/example_dags/example_datasets.py
[2022-10-06T23:51:39.215+0000] {processor.py:768} INFO - DAG(s) dict_keys(['dataset_consumes_1', 'dataset_produces_2', 'dataset_consumes_1_and_2', 'dataset_consumes_1_never_scheduled', 'dataset_consumes_unknown_never_scheduled', 'dataset_produces_1']) retrieved from /home/airflow/.local/lib/python3.7/site-packages/airflow/example_dags/example_datasets.py
[2022-10-06T23:51:39.285+0000] {logging_mixin.py:117} INFO - [2022-10-06T23:51:39.285+0000] {dag.py:2573} INFO - Sync 6 DAGs
[2022-10-06T23:51:39.306+0000] {logging_mixin.py:117} INFO - [2022-10-06T23:51:39.306+0000] {dag.py:3328} INFO - Setting next_dagrun for dataset_consumes_1 to None, run_after=None
[2022-10-06T23:51:39.308+0000] {logging_mixin.py:117} INFO - [2022-10-06T23:51:39.308+0000] {dag.py:3328} INFO - Setting next_dagrun for dataset_consumes_1_and_2 to None, run_after=None
[2022-10-06T23:51:39.309+0000] {logging_mixin.py:117} INFO - [2022-10-06T23:51:39.309+0000] {dag.py:3328} INFO - Setting next_dagrun for dataset_consumes_1_never_scheduled to None, run_after=None
[2022-10-06T23:51:39.310+0000] {logging_mixin.py:117} INFO - [2022-10-06T23:51:39.309+0000] {dag.py:3328} INFO - Setting next_dagrun for dataset_consumes_unknown_never_scheduled to None, run_after=None
[2022-10-06T23:51:39.312+0000] {logging_mixin.py:117} INFO - [2022-10-06T23:51:39.312+0000] {dag.py:3328} INFO - Setting next_dagrun for dataset_produces_1 to 2022-10-05T00:00:00+00:00, run_after=2022-10-06T00:00:00+00:00
[2022-10-06T23:51:39.313+0000] {logging_mixin.py:117} INFO - [2022-10-06T23:51:39.313+0000] {dag.py:3328} INFO - Setting next_dagrun for dataset_produces_2 to None, run_after=None
[2022-10-06T23:51:39.336+0000] {processor.py:178} INFO - Processing /home/airflow/.local/lib/python3.7/site-packages/airflow/example_dags/example_datasets.py took 0.135 seconds
[2022-10-06T23:52:09.530+0000] {processor.py:156} INFO - Started process (PID=192) to work on /home/airflow/.local/lib/python3.7/site-packages/airflow/example_dags/example_datasets.py
[2022-10-06T23:52:09.530+0000] {processor.py:758} INFO - Processing file /home/airflow/.local/lib/python3.7/site-packages/airflow/example_dags/example_datasets.py for tasks to queue
[2022-10-06T23:52:09.531+0000] {logging_mixin.py:117} INFO - [2022-10-06T23:52:09.531+0000] {dagbag.py:525} INFO - Filling up the DagBag from /home/airflow/.local/lib/python3.7/site-packages/airflow/example_dags/example_datasets.py
[2022-10-06T23:52:09.543+0000] {processor.py:768} INFO - DAG(s) dict_keys(['dataset_consumes_1', 'dataset_produces_2', 'dataset_consumes_1_and_2', 'dataset_produces_1', 'dataset_consumes_unknown_never_scheduled', 'dataset_consumes_1_never_scheduled']) retrieved from /home/airflow/.local/lib/python3.7/site-packages/airflow/example_dags/example_datasets.py
[2022-10-06T23:52:09.579+0000] {logging_mixin.py:117} INFO - [2022-10-06T23:52:09.579+0000] {dag.py:2573} INFO - Sync 6 DAGs
[2022-10-06T23:52:09.597+0000] {logging_mixin.py:117} INFO - [2022-10-06T23:52:09.597+0000] {dag.py:3328} INFO - Setting next_dagrun for dataset_consumes_1 to None, run_after=None
[2022-10-06T23:52:09.600+0000] {logging_mixin.py:117} INFO - [2022-10-06T23:52:09.600+0000] {dag.py:3328} INFO - Setting next_dagrun for dataset_consumes_1_and_2 to None, run_after=None
[2022-10-06T23:52:09.601+0000] {logging_mixin.py:117} INFO - [2022-10-06T23:52:09.601+0000] {dag.py:3328} INFO - Setting next_dagrun for dataset_consumes_1_never_scheduled to None, run_after=None
[2022-10-06T23:52:09.602+0000] {logging_mixin.py:117} INFO - [2022-10-06T23:52:09.602+0000] {dag.py:3328} INFO - Setting next_dagrun for dataset_consumes_unknown_never_scheduled to None, run_after=None
[2022-10-06T23:52:09.604+0000] {logging_mixin.py:117} INFO - [2022-10-06T23:52:09.604+0000] {dag.py:3328} INFO - Setting next_dagrun for dataset_produces_1 to 2022-10-05T00:00:00+00:00, run_after=2022-10-06T00:00:00+00:00
[2022-10-06T23:52:09.605+0000] {logging_mixin.py:117} INFO - [2022-10-06T23:52:09.605+0000] {dag.py:3328} INFO - Setting next_dagrun for dataset_produces_2 to None, run_after=None
[2022-10-06T23:52:09.624+0000] {processor.py:178} INFO - Processing /home/airflow/.local/lib/python3.7/site-packages/airflow/example_dags/example_datasets.py took 0.096 seconds
[2022-10-06T23:52:40.527+0000] {processor.py:156} INFO - Started process (PID=256) to work on /home/airflow/.local/lib/python3.7/site-packages/airflow/example_dags/example_datasets.py
[2022-10-06T23:52:40.527+0000] {processor.py:758} INFO - Processing file /home/airflow/.local/lib/python3.7/site-packages/airflow/example_dags/example_datasets.py for tasks to queue
[2022-10-06T23:52:40.528+0000] {logging_mixin.py:117} INFO - [2022-10-06T23:52:40.528+0000] {dagbag.py:525} INFO - Filling up the DagBag from /home/airflow/.local/lib/python3.7/site-packages/airflow/example_dags/example_datasets.py
[2022-10-06T23:52:40.539+0000] {processor.py:768} INFO - DAG(s) dict_keys(['dataset_consumes_1', 'dataset_consumes_unknown_never_scheduled', 'dataset_produces_1', 'dataset_consumes_1_and_2', 'dataset_consumes_1_never_scheduled', 'dataset_produces_2']) retrieved from /home/airflow/.local/lib/python3.7/site-packages/airflow/example_dags/example_datasets.py
[2022-10-06T23:52:40.579+0000] {logging_mixin.py:117} INFO - [2022-10-06T23:52:40.579+0000] {dag.py:2573} INFO - Sync 6 DAGs
[2022-10-06T23:52:40.601+0000] {logging_mixin.py:117} INFO - [2022-10-06T23:52:40.601+0000] {dag.py:3328} INFO - Setting next_dagrun for dataset_consumes_1 to None, run_after=None
[2022-10-06T23:52:40.604+0000] {logging_mixin.py:117} INFO - [2022-10-06T23:52:40.604+0000] {dag.py:3328} INFO - Setting next_dagrun for dataset_consumes_1_and_2 to None, run_after=None
[2022-10-06T23:52:40.605+0000] {logging_mixin.py:117} INFO - [2022-10-06T23:52:40.604+0000] {dag.py:3328} INFO - Setting next_dagrun for dataset_consumes_1_never_scheduled to None, run_after=None
[2022-10-06T23:52:40.605+0000] {logging_mixin.py:117} INFO - [2022-10-06T23:52:40.605+0000] {dag.py:3328} INFO - Setting next_dagrun for dataset_consumes_unknown_never_scheduled to None, run_after=None
[2022-10-06T23:52:40.607+0000] {logging_mixin.py:117} INFO - [2022-10-06T23:52:40.607+0000] {dag.py:3328} INFO - Setting next_dagrun for dataset_produces_1 to 2022-10-05T00:00:00+00:00, run_after=2022-10-06T00:00:00+00:00
[2022-10-06T23:52:40.608+0000] {logging_mixin.py:117} INFO - [2022-10-06T23:52:40.608+0000] {dag.py:3328} INFO - Setting next_dagrun for dataset_produces_2 to None, run_after=None
[2022-10-06T23:52:40.630+0000] {processor.py:178} INFO - Processing /home/airflow/.local/lib/python3.7/site-packages/airflow/example_dags/example_datasets.py took 0.105 seconds
[2022-10-06T23:53:10.828+0000] {processor.py:156} INFO - Started process (PID=311) to work on /home/airflow/.local/lib/python3.7/site-packages/airflow/example_dags/example_datasets.py
[2022-10-06T23:53:10.829+0000] {processor.py:758} INFO - Processing file /home/airflow/.local/lib/python3.7/site-packages/airflow/example_dags/example_datasets.py for tasks to queue
[2022-10-06T23:53:10.829+0000] {logging_mixin.py:117} INFO - [2022-10-06T23:53:10.829+0000] {dagbag.py:525} INFO - Filling up the DagBag from /home/airflow/.local/lib/python3.7/site-packages/airflow/example_dags/example_datasets.py
[2022-10-06T23:53:10.840+0000] {processor.py:768} INFO - DAG(s) dict_keys(['dataset_produces_2', 'dataset_consumes_1_and_2', 'dataset_consumes_unknown_never_scheduled', 'dataset_consumes_1_never_scheduled', 'dataset_consumes_1', 'dataset_produces_1']) retrieved from /home/airflow/.local/lib/python3.7/site-packages/airflow/example_dags/example_datasets.py
[2022-10-06T23:53:10.878+0000] {logging_mixin.py:117} INFO - [2022-10-06T23:53:10.878+0000] {dag.py:2573} INFO - Sync 6 DAGs
[2022-10-06T23:53:10.895+0000] {logging_mixin.py:117} INFO - [2022-10-06T23:53:10.895+0000] {dag.py:3328} INFO - Setting next_dagrun for dataset_consumes_1 to None, run_after=None
[2022-10-06T23:53:10.897+0000] {logging_mixin.py:117} INFO - [2022-10-06T23:53:10.897+0000] {dag.py:3328} INFO - Setting next_dagrun for dataset_consumes_1_and_2 to None, run_after=None
[2022-10-06T23:53:10.898+0000] {logging_mixin.py:117} INFO - [2022-10-06T23:53:10.898+0000] {dag.py:3328} INFO - Setting next_dagrun for dataset_consumes_1_never_scheduled to None, run_after=None
[2022-10-06T23:53:10.899+0000] {logging_mixin.py:117} INFO - [2022-10-06T23:53:10.899+0000] {dag.py:3328} INFO - Setting next_dagrun for dataset_consumes_unknown_never_scheduled to None, run_after=None
[2022-10-06T23:53:10.901+0000] {logging_mixin.py:117} INFO - [2022-10-06T23:53:10.900+0000] {dag.py:3328} INFO - Setting next_dagrun for dataset_produces_1 to 2022-10-05T00:00:00+00:00, run_after=2022-10-06T00:00:00+00:00
[2022-10-06T23:53:10.901+0000] {logging_mixin.py:117} INFO - [2022-10-06T23:53:10.901+0000] {dag.py:3328} INFO - Setting next_dagrun for dataset_produces_2 to None, run_after=None
[2022-10-06T23:53:10.919+0000] {processor.py:178} INFO - Processing /home/airflow/.local/lib/python3.7/site-packages/airflow/example_dags/example_datasets.py took 0.093 seconds
[2022-10-06T23:53:41.175+0000] {processor.py:156} INFO - Started process (PID=383) to work on /home/airflow/.local/lib/python3.7/site-packages/airflow/example_dags/example_datasets.py
[2022-10-06T23:53:41.175+0000] {processor.py:758} INFO - Processing file /home/airflow/.local/lib/python3.7/site-packages/airflow/example_dags/example_datasets.py for tasks to queue
[2022-10-06T23:53:41.176+0000] {logging_mixin.py:117} INFO - [2022-10-06T23:53:41.176+0000] {dagbag.py:525} INFO - Filling up the DagBag from /home/airflow/.local/lib/python3.7/site-packages/airflow/example_dags/example_datasets.py
[2022-10-06T23:53:41.187+0000] {processor.py:768} INFO - DAG(s) dict_keys(['dataset_produces_2', 'dataset_consumes_1_never_scheduled', 'dataset_consumes_unknown_never_scheduled', 'dataset_produces_1', 'dataset_consumes_1', 'dataset_consumes_1_and_2']) retrieved from /home/airflow/.local/lib/python3.7/site-packages/airflow/example_dags/example_datasets.py
[2022-10-06T23:53:41.222+0000] {logging_mixin.py:117} INFO - [2022-10-06T23:53:41.222+0000] {dag.py:2573} INFO - Sync 6 DAGs
[2022-10-06T23:53:41.240+0000] {logging_mixin.py:117} INFO - [2022-10-06T23:53:41.240+0000] {dag.py:3328} INFO - Setting next_dagrun for dataset_consumes_1 to None, run_after=None
[2022-10-06T23:53:41.242+0000] {logging_mixin.py:117} INFO - [2022-10-06T23:53:41.242+0000] {dag.py:3328} INFO - Setting next_dagrun for dataset_consumes_1_and_2 to None, run_after=None
[2022-10-06T23:53:41.243+0000] {logging_mixin.py:117} INFO - [2022-10-06T23:53:41.243+0000] {dag.py:3328} INFO - Setting next_dagrun for dataset_consumes_1_never_scheduled to None, run_after=None
[2022-10-06T23:53:41.243+0000] {logging_mixin.py:117} INFO - [2022-10-06T23:53:41.243+0000] {dag.py:3328} INFO - Setting next_dagrun for dataset_consumes_unknown_never_scheduled to None, run_after=None
[2022-10-06T23:53:41.246+0000] {logging_mixin.py:117} INFO - [2022-10-06T23:53:41.246+0000] {dag.py:3328} INFO - Setting next_dagrun for dataset_produces_1 to 2022-10-05T00:00:00+00:00, run_after=2022-10-06T00:00:00+00:00
[2022-10-06T23:53:41.246+0000] {logging_mixin.py:117} INFO - [2022-10-06T23:53:41.246+0000] {dag.py:3328} INFO - Setting next_dagrun for dataset_produces_2 to None, run_after=None
[2022-10-06T23:53:41.265+0000] {processor.py:178} INFO - Processing /home/airflow/.local/lib/python3.7/site-packages/airflow/example_dags/example_datasets.py took 0.092 seconds
[2022-10-06T23:54:11.489+0000] {processor.py:156} INFO - Started process (PID=447) to work on /home/airflow/.local/lib/python3.7/site-packages/airflow/example_dags/example_datasets.py
[2022-10-06T23:54:11.489+0000] {processor.py:758} INFO - Processing file /home/airflow/.local/lib/python3.7/site-packages/airflow/example_dags/example_datasets.py for tasks to queue
[2022-10-06T23:54:11.490+0000] {logging_mixin.py:117} INFO - [2022-10-06T23:54:11.490+0000] {dagbag.py:525} INFO - Filling up the DagBag from /home/airflow/.local/lib/python3.7/site-packages/airflow/example_dags/example_datasets.py
[2022-10-06T23:54:11.505+0000] {processor.py:768} INFO - DAG(s) dict_keys(['dataset_consumes_1_never_scheduled', 'dataset_consumes_unknown_never_scheduled', 'dataset_produces_2', 'dataset_consumes_1', 'dataset_consumes_1_and_2', 'dataset_produces_1']) retrieved from /home/airflow/.local/lib/python3.7/site-packages/airflow/example_dags/example_datasets.py
[2022-10-06T23:54:11.545+0000] {logging_mixin.py:117} INFO - [2022-10-06T23:54:11.545+0000] {dag.py:2573} INFO - Sync 6 DAGs
[2022-10-06T23:54:11.567+0000] {logging_mixin.py:117} INFO - [2022-10-06T23:54:11.567+0000] {dag.py:3328} INFO - Setting next_dagrun for dataset_consumes_1 to None, run_after=None
[2022-10-06T23:54:11.572+0000] {logging_mixin.py:117} INFO - [2022-10-06T23:54:11.572+0000] {dag.py:3328} INFO - Setting next_dagrun for dataset_consumes_1_and_2 to None, run_after=None
[2022-10-06T23:54:11.573+0000] {logging_mixin.py:117} INFO - [2022-10-06T23:54:11.572+0000] {dag.py:3328} INFO - Setting next_dagrun for dataset_consumes_1_never_scheduled to None, run_after=None
[2022-10-06T23:54:11.573+0000] {logging_mixin.py:117} INFO - [2022-10-06T23:54:11.573+0000] {dag.py:3328} INFO - Setting next_dagrun for dataset_consumes_unknown_never_scheduled to None, run_after=None
[2022-10-06T23:54:11.576+0000] {logging_mixin.py:117} INFO - [2022-10-06T23:54:11.576+0000] {dag.py:3328} INFO - Setting next_dagrun for dataset_produces_1 to 2022-10-05T00:00:00+00:00, run_after=2022-10-06T00:00:00+00:00
[2022-10-06T23:54:11.577+0000] {logging_mixin.py:117} INFO - [2022-10-06T23:54:11.577+0000] {dag.py:3328} INFO - Setting next_dagrun for dataset_produces_2 to None, run_after=None
[2022-10-06T23:54:11.603+0000] {processor.py:178} INFO - Processing /home/airflow/.local/lib/python3.7/site-packages/airflow/example_dags/example_datasets.py took 0.116 seconds
[2022-10-06T23:54:42.670+0000] {processor.py:156} INFO - Started process (PID=512) to work on /home/airflow/.local/lib/python3.7/site-packages/airflow/example_dags/example_datasets.py
[2022-10-06T23:54:42.671+0000] {processor.py:758} INFO - Processing file /home/airflow/.local/lib/python3.7/site-packages/airflow/example_dags/example_datasets.py for tasks to queue
[2022-10-06T23:54:42.671+0000] {logging_mixin.py:117} INFO - [2022-10-06T23:54:42.671+0000] {dagbag.py:525} INFO - Filling up the DagBag from /home/airflow/.local/lib/python3.7/site-packages/airflow/example_dags/example_datasets.py
[2022-10-06T23:54:42.685+0000] {processor.py:768} INFO - DAG(s) dict_keys(['dataset_produces_1', 'dataset_consumes_1', 'dataset_produces_2', 'dataset_consumes_1_never_scheduled', 'dataset_consumes_1_and_2', 'dataset_consumes_unknown_never_scheduled']) retrieved from /home/airflow/.local/lib/python3.7/site-packages/airflow/example_dags/example_datasets.py
[2022-10-06T23:54:42.723+0000] {logging_mixin.py:117} INFO - [2022-10-06T23:54:42.723+0000] {dag.py:2573} INFO - Sync 6 DAGs
[2022-10-06T23:54:42.748+0000] {logging_mixin.py:117} INFO - [2022-10-06T23:54:42.748+0000] {dag.py:3328} INFO - Setting next_dagrun for dataset_consumes_1 to None, run_after=None
[2022-10-06T23:54:42.751+0000] {logging_mixin.py:117} INFO - [2022-10-06T23:54:42.751+0000] {dag.py:3328} INFO - Setting next_dagrun for dataset_consumes_1_and_2 to None, run_after=None
[2022-10-06T23:54:42.752+0000] {logging_mixin.py:117} INFO - [2022-10-06T23:54:42.752+0000] {dag.py:3328} INFO - Setting next_dagrun for dataset_consumes_1_never_scheduled to None, run_after=None
[2022-10-06T23:54:42.753+0000] {logging_mixin.py:117} INFO - [2022-10-06T23:54:42.753+0000] {dag.py:3328} INFO - Setting next_dagrun for dataset_consumes_unknown_never_scheduled to None, run_after=None
[2022-10-06T23:54:42.755+0000] {logging_mixin.py:117} INFO - [2022-10-06T23:54:42.755+0000] {dag.py:3328} INFO - Setting next_dagrun for dataset_produces_1 to 2022-10-05T00:00:00+00:00, run_after=2022-10-06T00:00:00+00:00
[2022-10-06T23:54:42.756+0000] {logging_mixin.py:117} INFO - [2022-10-06T23:54:42.756+0000] {dag.py:3328} INFO - Setting next_dagrun for dataset_produces_2 to None, run_after=None
[2022-10-06T23:54:42.780+0000] {processor.py:178} INFO - Processing /home/airflow/.local/lib/python3.7/site-packages/airflow/example_dags/example_datasets.py took 0.111 seconds
[2022-10-06T23:55:12.917+0000] {processor.py:156} INFO - Started process (PID=576) to work on /home/airflow/.local/lib/python3.7/site-packages/airflow/example_dags/example_datasets.py
[2022-10-06T23:55:12.918+0000] {processor.py:758} INFO - Processing file /home/airflow/.local/lib/python3.7/site-packages/airflow/example_dags/example_datasets.py for tasks to queue
[2022-10-06T23:55:12.918+0000] {logging_mixin.py:117} INFO - [2022-10-06T23:55:12.918+0000] {dagbag.py:525} INFO - Filling up the DagBag from /home/airflow/.local/lib/python3.7/site-packages/airflow/example_dags/example_datasets.py
[2022-10-06T23:55:12.930+0000] {processor.py:768} INFO - DAG(s) dict_keys(['dataset_produces_2', 'dataset_consumes_1_never_scheduled', 'dataset_produces_1', 'dataset_consumes_1_and_2', 'dataset_consumes_1', 'dataset_consumes_unknown_never_scheduled']) retrieved from /home/airflow/.local/lib/python3.7/site-packages/airflow/example_dags/example_datasets.py
[2022-10-06T23:55:12.973+0000] {logging_mixin.py:117} INFO - [2022-10-06T23:55:12.973+0000] {dag.py:2573} INFO - Sync 6 DAGs
[2022-10-06T23:55:12.995+0000] {logging_mixin.py:117} INFO - [2022-10-06T23:55:12.995+0000] {dag.py:3328} INFO - Setting next_dagrun for dataset_consumes_1 to None, run_after=None
[2022-10-06T23:55:12.998+0000] {logging_mixin.py:117} INFO - [2022-10-06T23:55:12.998+0000] {dag.py:3328} INFO - Setting next_dagrun for dataset_consumes_1_and_2 to None, run_after=None
[2022-10-06T23:55:12.999+0000] {logging_mixin.py:117} INFO - [2022-10-06T23:55:12.999+0000] {dag.py:3328} INFO - Setting next_dagrun for dataset_consumes_1_never_scheduled to None, run_after=None
[2022-10-06T23:55:12.999+0000] {logging_mixin.py:117} INFO - [2022-10-06T23:55:12.999+0000] {dag.py:3328} INFO - Setting next_dagrun for dataset_consumes_unknown_never_scheduled to None, run_after=None
[2022-10-06T23:55:13.001+0000] {logging_mixin.py:117} INFO - [2022-10-06T23:55:13.001+0000] {dag.py:3328} INFO - Setting next_dagrun for dataset_produces_1 to 2022-10-05T00:00:00+00:00, run_after=2022-10-06T00:00:00+00:00
[2022-10-06T23:55:13.002+0000] {logging_mixin.py:117} INFO - [2022-10-06T23:55:13.002+0000] {dag.py:3328} INFO - Setting next_dagrun for dataset_produces_2 to None, run_after=None
[2022-10-06T23:55:13.024+0000] {processor.py:178} INFO - Processing /home/airflow/.local/lib/python3.7/site-packages/airflow/example_dags/example_datasets.py took 0.108 seconds
[2022-10-06T23:55:43.876+0000] {processor.py:156} INFO - Started process (PID=631) to work on /home/airflow/.local/lib/python3.7/site-packages/airflow/example_dags/example_datasets.py
[2022-10-06T23:55:43.877+0000] {processor.py:758} INFO - Processing file /home/airflow/.local/lib/python3.7/site-packages/airflow/example_dags/example_datasets.py for tasks to queue
[2022-10-06T23:55:43.877+0000] {logging_mixin.py:117} INFO - [2022-10-06T23:55:43.877+0000] {dagbag.py:525} INFO - Filling up the DagBag from /home/airflow/.local/lib/python3.7/site-packages/airflow/example_dags/example_datasets.py
[2022-10-06T23:55:43.888+0000] {processor.py:768} INFO - DAG(s) dict_keys(['dataset_consumes_1', 'dataset_produces_2', 'dataset_consumes_unknown_never_scheduled', 'dataset_consumes_1_and_2', 'dataset_consumes_1_never_scheduled', 'dataset_produces_1']) retrieved from /home/airflow/.local/lib/python3.7/site-packages/airflow/example_dags/example_datasets.py
[2022-10-06T23:55:43.924+0000] {logging_mixin.py:117} INFO - [2022-10-06T23:55:43.924+0000] {dag.py:2573} INFO - Sync 6 DAGs
[2022-10-06T23:55:43.942+0000] {logging_mixin.py:117} INFO - [2022-10-06T23:55:43.942+0000] {dag.py:3328} INFO - Setting next_dagrun for dataset_consumes_1 to None, run_after=None
[2022-10-06T23:55:43.945+0000] {logging_mixin.py:117} INFO - [2022-10-06T23:55:43.945+0000] {dag.py:3328} INFO - Setting next_dagrun for dataset_consumes_1_and_2 to None, run_after=None
[2022-10-06T23:55:43.946+0000] {logging_mixin.py:117} INFO - [2022-10-06T23:55:43.946+0000] {dag.py:3328} INFO - Setting next_dagrun for dataset_consumes_1_never_scheduled to None, run_after=None
[2022-10-06T23:55:43.946+0000] {logging_mixin.py:117} INFO - [2022-10-06T23:55:43.946+0000] {dag.py:3328} INFO - Setting next_dagrun for dataset_consumes_unknown_never_scheduled to None, run_after=None
[2022-10-06T23:55:43.948+0000] {logging_mixin.py:117} INFO - [2022-10-06T23:55:43.948+0000] {dag.py:3328} INFO - Setting next_dagrun for dataset_produces_1 to 2022-10-05T00:00:00+00:00, run_after=2022-10-06T00:00:00+00:00
[2022-10-06T23:55:43.949+0000] {logging_mixin.py:117} INFO - [2022-10-06T23:55:43.949+0000] {dag.py:3328} INFO - Setting next_dagrun for dataset_produces_2 to None, run_after=None
[2022-10-06T23:55:43.969+0000] {processor.py:178} INFO - Processing /home/airflow/.local/lib/python3.7/site-packages/airflow/example_dags/example_datasets.py took 0.094 seconds
[2022-10-06T23:56:14.790+0000] {processor.py:156} INFO - Started process (PID=695) to work on /home/airflow/.local/lib/python3.7/site-packages/airflow/example_dags/example_datasets.py
[2022-10-06T23:56:14.790+0000] {processor.py:758} INFO - Processing file /home/airflow/.local/lib/python3.7/site-packages/airflow/example_dags/example_datasets.py for tasks to queue
[2022-10-06T23:56:14.791+0000] {logging_mixin.py:117} INFO - [2022-10-06T23:56:14.791+0000] {dagbag.py:525} INFO - Filling up the DagBag from /home/airflow/.local/lib/python3.7/site-packages/airflow/example_dags/example_datasets.py
[2022-10-06T23:56:14.802+0000] {processor.py:768} INFO - DAG(s) dict_keys(['dataset_produces_2', 'dataset_consumes_unknown_never_scheduled', 'dataset_consumes_1_never_scheduled', 'dataset_consumes_1_and_2', 'dataset_consumes_1', 'dataset_produces_1']) retrieved from /home/airflow/.local/lib/python3.7/site-packages/airflow/example_dags/example_datasets.py
[2022-10-06T23:56:14.838+0000] {logging_mixin.py:117} INFO - [2022-10-06T23:56:14.838+0000] {dag.py:2573} INFO - Sync 6 DAGs
[2022-10-06T23:56:14.858+0000] {logging_mixin.py:117} INFO - [2022-10-06T23:56:14.858+0000] {dag.py:3328} INFO - Setting next_dagrun for dataset_consumes_1 to None, run_after=None
[2022-10-06T23:56:14.860+0000] {logging_mixin.py:117} INFO - [2022-10-06T23:56:14.860+0000] {dag.py:3328} INFO - Setting next_dagrun for dataset_consumes_1_and_2 to None, run_after=None
[2022-10-06T23:56:14.861+0000] {logging_mixin.py:117} INFO - [2022-10-06T23:56:14.861+0000] {dag.py:3328} INFO - Setting next_dagrun for dataset_consumes_1_never_scheduled to None, run_after=None
[2022-10-06T23:56:14.862+0000] {logging_mixin.py:117} INFO - [2022-10-06T23:56:14.862+0000] {dag.py:3328} INFO - Setting next_dagrun for dataset_consumes_unknown_never_scheduled to None, run_after=None
[2022-10-06T23:56:14.864+0000] {logging_mixin.py:117} INFO - [2022-10-06T23:56:14.864+0000] {dag.py:3328} INFO - Setting next_dagrun for dataset_produces_1 to 2022-10-05T00:00:00+00:00, run_after=2022-10-06T00:00:00+00:00
[2022-10-06T23:56:14.865+0000] {logging_mixin.py:117} INFO - [2022-10-06T23:56:14.865+0000] {dag.py:3328} INFO - Setting next_dagrun for dataset_produces_2 to None, run_after=None
[2022-10-06T23:56:14.884+0000] {processor.py:178} INFO - Processing /home/airflow/.local/lib/python3.7/site-packages/airflow/example_dags/example_datasets.py took 0.095 seconds
[2022-10-06T23:56:45.903+0000] {processor.py:156} INFO - Started process (PID=759) to work on /home/airflow/.local/lib/python3.7/site-packages/airflow/example_dags/example_datasets.py
[2022-10-06T23:56:45.903+0000] {processor.py:758} INFO - Processing file /home/airflow/.local/lib/python3.7/site-packages/airflow/example_dags/example_datasets.py for tasks to queue
[2022-10-06T23:56:45.904+0000] {logging_mixin.py:117} INFO - [2022-10-06T23:56:45.904+0000] {dagbag.py:525} INFO - Filling up the DagBag from /home/airflow/.local/lib/python3.7/site-packages/airflow/example_dags/example_datasets.py
[2022-10-06T23:56:45.915+0000] {processor.py:768} INFO - DAG(s) dict_keys(['dataset_produces_2', 'dataset_consumes_1_and_2', 'dataset_consumes_1', 'dataset_produces_1', 'dataset_consumes_unknown_never_scheduled', 'dataset_consumes_1_never_scheduled']) retrieved from /home/airflow/.local/lib/python3.7/site-packages/airflow/example_dags/example_datasets.py
[2022-10-06T23:56:45.951+0000] {logging_mixin.py:117} INFO - [2022-10-06T23:56:45.951+0000] {dag.py:2573} INFO - Sync 6 DAGs
[2022-10-06T23:56:45.971+0000] {logging_mixin.py:117} INFO - [2022-10-06T23:56:45.971+0000] {dag.py:3328} INFO - Setting next_dagrun for dataset_consumes_1 to None, run_after=None
[2022-10-06T23:56:45.973+0000] {logging_mixin.py:117} INFO - [2022-10-06T23:56:45.973+0000] {dag.py:3328} INFO - Setting next_dagrun for dataset_consumes_1_and_2 to None, run_after=None
[2022-10-06T23:56:45.974+0000] {logging_mixin.py:117} INFO - [2022-10-06T23:56:45.974+0000] {dag.py:3328} INFO - Setting next_dagrun for dataset_consumes_1_never_scheduled to None, run_after=None
[2022-10-06T23:56:45.975+0000] {logging_mixin.py:117} INFO - [2022-10-06T23:56:45.975+0000] {dag.py:3328} INFO - Setting next_dagrun for dataset_consumes_unknown_never_scheduled to None, run_after=None
[2022-10-06T23:56:45.977+0000] {logging_mixin.py:117} INFO - [2022-10-06T23:56:45.977+0000] {dag.py:3328} INFO - Setting next_dagrun for dataset_produces_1 to 2022-10-05T00:00:00+00:00, run_after=2022-10-06T00:00:00+00:00
[2022-10-06T23:56:45.977+0000] {logging_mixin.py:117} INFO - [2022-10-06T23:56:45.977+0000] {dag.py:3328} INFO - Setting next_dagrun for dataset_produces_2 to None, run_after=None
[2022-10-06T23:56:45.997+0000] {processor.py:178} INFO - Processing /home/airflow/.local/lib/python3.7/site-packages/airflow/example_dags/example_datasets.py took 0.096 seconds
[2022-10-06T23:57:16.148+0000] {processor.py:156} INFO - Started process (PID=823) to work on /home/airflow/.local/lib/python3.7/site-packages/airflow/example_dags/example_datasets.py
[2022-10-06T23:57:16.148+0000] {processor.py:758} INFO - Processing file /home/airflow/.local/lib/python3.7/site-packages/airflow/example_dags/example_datasets.py for tasks to queue
[2022-10-06T23:57:16.149+0000] {logging_mixin.py:117} INFO - [2022-10-06T23:57:16.149+0000] {dagbag.py:525} INFO - Filling up the DagBag from /home/airflow/.local/lib/python3.7/site-packages/airflow/example_dags/example_datasets.py
[2022-10-06T23:57:16.161+0000] {processor.py:768} INFO - DAG(s) dict_keys(['dataset_produces_2', 'dataset_consumes_1', 'dataset_produces_1', 'dataset_consumes_1_never_scheduled', 'dataset_consumes_1_and_2', 'dataset_consumes_unknown_never_scheduled']) retrieved from /home/airflow/.local/lib/python3.7/site-packages/airflow/example_dags/example_datasets.py
[2022-10-06T23:57:16.198+0000] {logging_mixin.py:117} INFO - [2022-10-06T23:57:16.198+0000] {dag.py:2573} INFO - Sync 6 DAGs
[2022-10-06T23:57:16.217+0000] {logging_mixin.py:117} INFO - [2022-10-06T23:57:16.217+0000] {dag.py:3328} INFO - Setting next_dagrun for dataset_consumes_1 to None, run_after=None
[2022-10-06T23:57:16.219+0000] {logging_mixin.py:117} INFO - [2022-10-06T23:57:16.219+0000] {dag.py:3328} INFO - Setting next_dagrun for dataset_consumes_1_and_2 to None, run_after=None
[2022-10-06T23:57:16.220+0000] {logging_mixin.py:117} INFO - [2022-10-06T23:57:16.220+0000] {dag.py:3328} INFO - Setting next_dagrun for dataset_consumes_1_never_scheduled to None, run_after=None
[2022-10-06T23:57:16.221+0000] {logging_mixin.py:117} INFO - [2022-10-06T23:57:16.221+0000] {dag.py:3328} INFO - Setting next_dagrun for dataset_consumes_unknown_never_scheduled to None, run_after=None
[2022-10-06T23:57:16.223+0000] {logging_mixin.py:117} INFO - [2022-10-06T23:57:16.223+0000] {dag.py:3328} INFO - Setting next_dagrun for dataset_produces_1 to 2022-10-05T00:00:00+00:00, run_after=2022-10-06T00:00:00+00:00
[2022-10-06T23:57:16.224+0000] {logging_mixin.py:117} INFO - [2022-10-06T23:57:16.224+0000] {dag.py:3328} INFO - Setting next_dagrun for dataset_produces_2 to None, run_after=None
[2022-10-06T23:57:16.252+0000] {processor.py:178} INFO - Processing /home/airflow/.local/lib/python3.7/site-packages/airflow/example_dags/example_datasets.py took 0.105 seconds
[2022-10-06T23:57:47.136+0000] {processor.py:156} INFO - Started process (PID=888) to work on /home/airflow/.local/lib/python3.7/site-packages/airflow/example_dags/example_datasets.py
[2022-10-06T23:57:47.137+0000] {processor.py:758} INFO - Processing file /home/airflow/.local/lib/python3.7/site-packages/airflow/example_dags/example_datasets.py for tasks to queue
[2022-10-06T23:57:47.137+0000] {logging_mixin.py:117} INFO - [2022-10-06T23:57:47.137+0000] {dagbag.py:525} INFO - Filling up the DagBag from /home/airflow/.local/lib/python3.7/site-packages/airflow/example_dags/example_datasets.py
[2022-10-06T23:57:47.149+0000] {processor.py:768} INFO - DAG(s) dict_keys(['dataset_consumes_1', 'dataset_consumes_1_never_scheduled', 'dataset_produces_2', 'dataset_consumes_1_and_2', 'dataset_produces_1', 'dataset_consumes_unknown_never_scheduled']) retrieved from /home/airflow/.local/lib/python3.7/site-packages/airflow/example_dags/example_datasets.py
[2022-10-06T23:57:47.188+0000] {logging_mixin.py:117} INFO - [2022-10-06T23:57:47.188+0000] {dag.py:2573} INFO - Sync 6 DAGs
[2022-10-06T23:57:47.206+0000] {logging_mixin.py:117} INFO - [2022-10-06T23:57:47.206+0000] {dag.py:3328} INFO - Setting next_dagrun for dataset_consumes_1 to None, run_after=None
[2022-10-06T23:57:47.209+0000] {logging_mixin.py:117} INFO - [2022-10-06T23:57:47.209+0000] {dag.py:3328} INFO - Setting next_dagrun for dataset_consumes_1_and_2 to None, run_after=None
[2022-10-06T23:57:47.210+0000] {logging_mixin.py:117} INFO - [2022-10-06T23:57:47.210+0000] {dag.py:3328} INFO - Setting next_dagrun for dataset_consumes_1_never_scheduled to None, run_after=None
[2022-10-06T23:57:47.211+0000] {logging_mixin.py:117} INFO - [2022-10-06T23:57:47.211+0000] {dag.py:3328} INFO - Setting next_dagrun for dataset_consumes_unknown_never_scheduled to None, run_after=None
[2022-10-06T23:57:47.213+0000] {logging_mixin.py:117} INFO - [2022-10-06T23:57:47.213+0000] {dag.py:3328} INFO - Setting next_dagrun for dataset_produces_1 to 2022-10-05T00:00:00+00:00, run_after=2022-10-06T00:00:00+00:00
[2022-10-06T23:57:47.214+0000] {logging_mixin.py:117} INFO - [2022-10-06T23:57:47.214+0000] {dag.py:3328} INFO - Setting next_dagrun for dataset_produces_2 to None, run_after=None
[2022-10-06T23:57:47.234+0000] {processor.py:178} INFO - Processing /home/airflow/.local/lib/python3.7/site-packages/airflow/example_dags/example_datasets.py took 0.100 seconds
[2022-10-06T23:58:18.189+0000] {processor.py:156} INFO - Started process (PID=945) to work on /home/airflow/.local/lib/python3.7/site-packages/airflow/example_dags/example_datasets.py
[2022-10-06T23:58:18.189+0000] {processor.py:758} INFO - Processing file /home/airflow/.local/lib/python3.7/site-packages/airflow/example_dags/example_datasets.py for tasks to queue
[2022-10-06T23:58:18.190+0000] {logging_mixin.py:117} INFO - [2022-10-06T23:58:18.190+0000] {dagbag.py:525} INFO - Filling up the DagBag from /home/airflow/.local/lib/python3.7/site-packages/airflow/example_dags/example_datasets.py
[2022-10-06T23:58:18.201+0000] {processor.py:768} INFO - DAG(s) dict_keys(['dataset_consumes_1_and_2', 'dataset_produces_2', 'dataset_produces_1', 'dataset_consumes_1_never_scheduled', 'dataset_consumes_unknown_never_scheduled', 'dataset_consumes_1']) retrieved from /home/airflow/.local/lib/python3.7/site-packages/airflow/example_dags/example_datasets.py
[2022-10-06T23:58:18.238+0000] {logging_mixin.py:117} INFO - [2022-10-06T23:58:18.237+0000] {dag.py:2573} INFO - Sync 6 DAGs
[2022-10-06T23:58:18.258+0000] {logging_mixin.py:117} INFO - [2022-10-06T23:58:18.258+0000] {dag.py:3328} INFO - Setting next_dagrun for dataset_consumes_1 to None, run_after=None
[2022-10-06T23:58:18.260+0000] {logging_mixin.py:117} INFO - [2022-10-06T23:58:18.260+0000] {dag.py:3328} INFO - Setting next_dagrun for dataset_consumes_1_and_2 to None, run_after=None
[2022-10-06T23:58:18.261+0000] {logging_mixin.py:117} INFO - [2022-10-06T23:58:18.261+0000] {dag.py:3328} INFO - Setting next_dagrun for dataset_consumes_1_never_scheduled to None, run_after=None
[2022-10-06T23:58:18.262+0000] {logging_mixin.py:117} INFO - [2022-10-06T23:58:18.262+0000] {dag.py:3328} INFO - Setting next_dagrun for dataset_consumes_unknown_never_scheduled to None, run_after=None
[2022-10-06T23:58:18.264+0000] {logging_mixin.py:117} INFO - [2022-10-06T23:58:18.264+0000] {dag.py:3328} INFO - Setting next_dagrun for dataset_produces_1 to 2022-10-05T00:00:00+00:00, run_after=2022-10-06T00:00:00+00:00
[2022-10-06T23:58:18.265+0000] {logging_mixin.py:117} INFO - [2022-10-06T23:58:18.265+0000] {dag.py:3328} INFO - Setting next_dagrun for dataset_produces_2 to None, run_after=None
[2022-10-06T23:58:18.286+0000] {processor.py:178} INFO - Processing /home/airflow/.local/lib/python3.7/site-packages/airflow/example_dags/example_datasets.py took 0.098 seconds
[2022-10-06T23:58:49.513+0000] {processor.py:156} INFO - Started process (PID=1009) to work on /home/airflow/.local/lib/python3.7/site-packages/airflow/example_dags/example_datasets.py
[2022-10-06T23:58:49.514+0000] {processor.py:758} INFO - Processing file /home/airflow/.local/lib/python3.7/site-packages/airflow/example_dags/example_datasets.py for tasks to queue
[2022-10-06T23:58:49.514+0000] {logging_mixin.py:117} INFO - [2022-10-06T23:58:49.514+0000] {dagbag.py:525} INFO - Filling up the DagBag from /home/airflow/.local/lib/python3.7/site-packages/airflow/example_dags/example_datasets.py
[2022-10-06T23:58:49.526+0000] {processor.py:768} INFO - DAG(s) dict_keys(['dataset_consumes_1', 'dataset_consumes_1_and_2', 'dataset_produces_1', 'dataset_consumes_1_never_scheduled', 'dataset_produces_2', 'dataset_consumes_unknown_never_scheduled']) retrieved from /home/airflow/.local/lib/python3.7/site-packages/airflow/example_dags/example_datasets.py
[2022-10-06T23:58:49.565+0000] {logging_mixin.py:117} INFO - [2022-10-06T23:58:49.565+0000] {dag.py:2573} INFO - Sync 6 DAGs
[2022-10-06T23:58:49.586+0000] {logging_mixin.py:117} INFO - [2022-10-06T23:58:49.586+0000] {dag.py:3328} INFO - Setting next_dagrun for dataset_consumes_1 to None, run_after=None
[2022-10-06T23:58:49.589+0000] {logging_mixin.py:117} INFO - [2022-10-06T23:58:49.589+0000] {dag.py:3328} INFO - Setting next_dagrun for dataset_consumes_1_and_2 to None, run_after=None
[2022-10-06T23:58:49.590+0000] {logging_mixin.py:117} INFO - [2022-10-06T23:58:49.590+0000] {dag.py:3328} INFO - Setting next_dagrun for dataset_consumes_1_never_scheduled to None, run_after=None
[2022-10-06T23:58:49.591+0000] {logging_mixin.py:117} INFO - [2022-10-06T23:58:49.591+0000] {dag.py:3328} INFO - Setting next_dagrun for dataset_consumes_unknown_never_scheduled to None, run_after=None
[2022-10-06T23:58:49.593+0000] {logging_mixin.py:117} INFO - [2022-10-06T23:58:49.593+0000] {dag.py:3328} INFO - Setting next_dagrun for dataset_produces_1 to 2022-10-05T00:00:00+00:00, run_after=2022-10-06T00:00:00+00:00
[2022-10-06T23:58:49.594+0000] {logging_mixin.py:117} INFO - [2022-10-06T23:58:49.594+0000] {dag.py:3328} INFO - Setting next_dagrun for dataset_produces_2 to None, run_after=None
[2022-10-06T23:58:49.616+0000] {processor.py:178} INFO - Processing /home/airflow/.local/lib/python3.7/site-packages/airflow/example_dags/example_datasets.py took 0.105 seconds
[2022-10-06T23:59:19.672+0000] {processor.py:156} INFO - Started process (PID=1073) to work on /home/airflow/.local/lib/python3.7/site-packages/airflow/example_dags/example_datasets.py
[2022-10-06T23:59:19.672+0000] {processor.py:758} INFO - Processing file /home/airflow/.local/lib/python3.7/site-packages/airflow/example_dags/example_datasets.py for tasks to queue
[2022-10-06T23:59:19.673+0000] {logging_mixin.py:117} INFO - [2022-10-06T23:59:19.673+0000] {dagbag.py:525} INFO - Filling up the DagBag from /home/airflow/.local/lib/python3.7/site-packages/airflow/example_dags/example_datasets.py
[2022-10-06T23:59:19.687+0000] {processor.py:768} INFO - DAG(s) dict_keys(['dataset_consumes_1', 'dataset_consumes_unknown_never_scheduled', 'dataset_consumes_1_and_2', 'dataset_produces_2', 'dataset_consumes_1_never_scheduled', 'dataset_produces_1']) retrieved from /home/airflow/.local/lib/python3.7/site-packages/airflow/example_dags/example_datasets.py
[2022-10-06T23:59:19.734+0000] {logging_mixin.py:117} INFO - [2022-10-06T23:59:19.734+0000] {dag.py:2573} INFO - Sync 6 DAGs
[2022-10-06T23:59:19.761+0000] {logging_mixin.py:117} INFO - [2022-10-06T23:59:19.761+0000] {dag.py:3328} INFO - Setting next_dagrun for dataset_consumes_1 to None, run_after=None
[2022-10-06T23:59:19.764+0000] {logging_mixin.py:117} INFO - [2022-10-06T23:59:19.763+0000] {dag.py:3328} INFO - Setting next_dagrun for dataset_consumes_1_and_2 to None, run_after=None
[2022-10-06T23:59:19.764+0000] {logging_mixin.py:117} INFO - [2022-10-06T23:59:19.764+0000] {dag.py:3328} INFO - Setting next_dagrun for dataset_consumes_1_never_scheduled to None, run_after=None
[2022-10-06T23:59:19.765+0000] {logging_mixin.py:117} INFO - [2022-10-06T23:59:19.765+0000] {dag.py:3328} INFO - Setting next_dagrun for dataset_consumes_unknown_never_scheduled to None, run_after=None
[2022-10-06T23:59:19.768+0000] {logging_mixin.py:117} INFO - [2022-10-06T23:59:19.768+0000] {dag.py:3328} INFO - Setting next_dagrun for dataset_produces_1 to 2022-10-05T00:00:00+00:00, run_after=2022-10-06T00:00:00+00:00
[2022-10-06T23:59:19.769+0000] {logging_mixin.py:117} INFO - [2022-10-06T23:59:19.769+0000] {dag.py:3328} INFO - Setting next_dagrun for dataset_produces_2 to None, run_after=None
[2022-10-06T23:59:19.792+0000] {processor.py:178} INFO - Processing /home/airflow/.local/lib/python3.7/site-packages/airflow/example_dags/example_datasets.py took 0.121 seconds
[2022-10-06T23:59:50.733+0000] {processor.py:156} INFO - Started process (PID=1137) to work on /home/airflow/.local/lib/python3.7/site-packages/airflow/example_dags/example_datasets.py
[2022-10-06T23:59:50.733+0000] {processor.py:758} INFO - Processing file /home/airflow/.local/lib/python3.7/site-packages/airflow/example_dags/example_datasets.py for tasks to queue
[2022-10-06T23:59:50.734+0000] {logging_mixin.py:117} INFO - [2022-10-06T23:59:50.734+0000] {dagbag.py:525} INFO - Filling up the DagBag from /home/airflow/.local/lib/python3.7/site-packages/airflow/example_dags/example_datasets.py
[2022-10-06T23:59:50.746+0000] {processor.py:768} INFO - DAG(s) dict_keys(['dataset_consumes_1_and_2', 'dataset_produces_2', 'dataset_produces_1', 'dataset_consumes_1_never_scheduled', 'dataset_consumes_unknown_never_scheduled', 'dataset_consumes_1']) retrieved from /home/airflow/.local/lib/python3.7/site-packages/airflow/example_dags/example_datasets.py
[2022-10-06T23:59:50.786+0000] {logging_mixin.py:117} INFO - [2022-10-06T23:59:50.786+0000] {dag.py:2573} INFO - Sync 6 DAGs
[2022-10-06T23:59:50.805+0000] {logging_mixin.py:117} INFO - [2022-10-06T23:59:50.805+0000] {dag.py:3328} INFO - Setting next_dagrun for dataset_consumes_1 to None, run_after=None
[2022-10-06T23:59:50.807+0000] {logging_mixin.py:117} INFO - [2022-10-06T23:59:50.807+0000] {dag.py:3328} INFO - Setting next_dagrun for dataset_consumes_1_and_2 to None, run_after=None
[2022-10-06T23:59:50.808+0000] {logging_mixin.py:117} INFO - [2022-10-06T23:59:50.808+0000] {dag.py:3328} INFO - Setting next_dagrun for dataset_consumes_1_never_scheduled to None, run_after=None
[2022-10-06T23:59:50.809+0000] {logging_mixin.py:117} INFO - [2022-10-06T23:59:50.809+0000] {dag.py:3328} INFO - Setting next_dagrun for dataset_consumes_unknown_never_scheduled to None, run_after=None
[2022-10-06T23:59:50.811+0000] {logging_mixin.py:117} INFO - [2022-10-06T23:59:50.811+0000] {dag.py:3328} INFO - Setting next_dagrun for dataset_produces_1 to 2022-10-05T00:00:00+00:00, run_after=2022-10-06T00:00:00+00:00
[2022-10-06T23:59:50.812+0000] {logging_mixin.py:117} INFO - [2022-10-06T23:59:50.812+0000] {dag.py:3328} INFO - Setting next_dagrun for dataset_produces_2 to None, run_after=None
[2022-10-06T23:59:50.832+0000] {processor.py:178} INFO - Processing /home/airflow/.local/lib/python3.7/site-packages/airflow/example_dags/example_datasets.py took 0.102 seconds
