[2022-10-06T00:38:37.298+0000] {processor.py:156} INFO - Started process (PID=65) to work on /home/airflow/.local/lib/python3.7/site-packages/airflow/example_dags/example_short_circuit_operator.py
[2022-10-06T00:38:37.299+0000] {processor.py:758} INFO - Processing file /home/airflow/.local/lib/python3.7/site-packages/airflow/example_dags/example_short_circuit_operator.py for tasks to queue
[2022-10-06T00:38:37.299+0000] {logging_mixin.py:117} INFO - [2022-10-06T00:38:37.299+0000] {dagbag.py:525} INFO - Filling up the DagBag from /home/airflow/.local/lib/python3.7/site-packages/airflow/example_dags/example_short_circuit_operator.py
[2022-10-06T00:38:37.322+0000] {processor.py:768} INFO - DAG(s) dict_keys(['example_short_circuit_operator']) retrieved from /home/airflow/.local/lib/python3.7/site-packages/airflow/example_dags/example_short_circuit_operator.py
[2022-10-06T00:38:37.538+0000] {logging_mixin.py:117} INFO - [2022-10-06T00:38:37.538+0000] {dag.py:2573} INFO - Sync 1 DAGs
[2022-10-06T00:38:37.582+0000] {logging_mixin.py:117} INFO - [2022-10-06T00:38:37.581+0000] {dag.py:3328} INFO - Setting next_dagrun for example_short_circuit_operator to 2022-10-05T00:38:37.581423+00:00, run_after=2022-10-06T00:38:37.581423+00:00
[2022-10-06T00:38:37.602+0000] {processor.py:178} INFO - Processing /home/airflow/.local/lib/python3.7/site-packages/airflow/example_dags/example_short_circuit_operator.py took 0.307 seconds
[2022-10-06T00:39:07.731+0000] {processor.py:156} INFO - Started process (PID=129) to work on /home/airflow/.local/lib/python3.7/site-packages/airflow/example_dags/example_short_circuit_operator.py
[2022-10-06T00:39:07.732+0000] {processor.py:758} INFO - Processing file /home/airflow/.local/lib/python3.7/site-packages/airflow/example_dags/example_short_circuit_operator.py for tasks to queue
[2022-10-06T00:39:07.732+0000] {logging_mixin.py:117} INFO - [2022-10-06T00:39:07.732+0000] {dagbag.py:525} INFO - Filling up the DagBag from /home/airflow/.local/lib/python3.7/site-packages/airflow/example_dags/example_short_circuit_operator.py
[2022-10-06T00:39:07.743+0000] {processor.py:768} INFO - DAG(s) dict_keys(['example_short_circuit_operator']) retrieved from /home/airflow/.local/lib/python3.7/site-packages/airflow/example_dags/example_short_circuit_operator.py
[2022-10-06T00:39:07.834+0000] {logging_mixin.py:117} INFO - [2022-10-06T00:39:07.834+0000] {dag.py:2573} INFO - Sync 1 DAGs
[2022-10-06T00:39:07.851+0000] {logging_mixin.py:117} INFO - [2022-10-06T00:39:07.851+0000] {dag.py:3328} INFO - Setting next_dagrun for example_short_circuit_operator to 2022-10-05T00:39:07.851345+00:00, run_after=2022-10-06T00:39:07.851345+00:00
[2022-10-06T00:39:07.865+0000] {processor.py:178} INFO - Processing /home/airflow/.local/lib/python3.7/site-packages/airflow/example_dags/example_short_circuit_operator.py took 0.135 seconds
[2022-10-06T00:39:38.265+0000] {processor.py:156} INFO - Started process (PID=194) to work on /home/airflow/.local/lib/python3.7/site-packages/airflow/example_dags/example_short_circuit_operator.py
[2022-10-06T00:39:38.265+0000] {processor.py:758} INFO - Processing file /home/airflow/.local/lib/python3.7/site-packages/airflow/example_dags/example_short_circuit_operator.py for tasks to queue
[2022-10-06T00:39:38.266+0000] {logging_mixin.py:117} INFO - [2022-10-06T00:39:38.266+0000] {dagbag.py:525} INFO - Filling up the DagBag from /home/airflow/.local/lib/python3.7/site-packages/airflow/example_dags/example_short_circuit_operator.py
[2022-10-06T00:39:38.365+0000] {processor.py:768} INFO - DAG(s) dict_keys(['example_short_circuit_operator']) retrieved from /home/airflow/.local/lib/python3.7/site-packages/airflow/example_dags/example_short_circuit_operator.py
[2022-10-06T00:39:38.390+0000] {logging_mixin.py:117} INFO - [2022-10-06T00:39:38.390+0000] {dag.py:2573} INFO - Sync 1 DAGs
[2022-10-06T00:39:38.408+0000] {logging_mixin.py:117} INFO - [2022-10-06T00:39:38.408+0000] {dag.py:3328} INFO - Setting next_dagrun for example_short_circuit_operator to 2022-10-05T00:39:38.408506+00:00, run_after=2022-10-06T00:39:38.408506+00:00
[2022-10-06T00:39:38.421+0000] {processor.py:178} INFO - Processing /home/airflow/.local/lib/python3.7/site-packages/airflow/example_dags/example_short_circuit_operator.py took 0.158 seconds
[2022-10-06T00:40:08.695+0000] {processor.py:156} INFO - Started process (PID=258) to work on /home/airflow/.local/lib/python3.7/site-packages/airflow/example_dags/example_short_circuit_operator.py
[2022-10-06T00:40:08.695+0000] {processor.py:758} INFO - Processing file /home/airflow/.local/lib/python3.7/site-packages/airflow/example_dags/example_short_circuit_operator.py for tasks to queue
[2022-10-06T00:40:08.696+0000] {logging_mixin.py:117} INFO - [2022-10-06T00:40:08.696+0000] {dagbag.py:525} INFO - Filling up the DagBag from /home/airflow/.local/lib/python3.7/site-packages/airflow/example_dags/example_short_circuit_operator.py
[2022-10-06T00:40:08.707+0000] {processor.py:768} INFO - DAG(s) dict_keys(['example_short_circuit_operator']) retrieved from /home/airflow/.local/lib/python3.7/site-packages/airflow/example_dags/example_short_circuit_operator.py
[2022-10-06T00:40:08.743+0000] {logging_mixin.py:117} INFO - [2022-10-06T00:40:08.743+0000] {dag.py:2573} INFO - Sync 1 DAGs
[2022-10-06T00:40:08.765+0000] {logging_mixin.py:117} INFO - [2022-10-06T00:40:08.765+0000] {dag.py:3328} INFO - Setting next_dagrun for example_short_circuit_operator to 2022-10-05T00:40:08.765619+00:00, run_after=2022-10-06T00:40:08.765619+00:00
[2022-10-06T00:40:08.779+0000] {processor.py:178} INFO - Processing /home/airflow/.local/lib/python3.7/site-packages/airflow/example_dags/example_short_circuit_operator.py took 0.086 seconds
[2022-10-06T00:40:39.600+0000] {processor.py:156} INFO - Started process (PID=313) to work on /home/airflow/.local/lib/python3.7/site-packages/airflow/example_dags/example_short_circuit_operator.py
[2022-10-06T00:40:39.600+0000] {processor.py:758} INFO - Processing file /home/airflow/.local/lib/python3.7/site-packages/airflow/example_dags/example_short_circuit_operator.py for tasks to queue
[2022-10-06T00:40:39.601+0000] {logging_mixin.py:117} INFO - [2022-10-06T00:40:39.600+0000] {dagbag.py:525} INFO - Filling up the DagBag from /home/airflow/.local/lib/python3.7/site-packages/airflow/example_dags/example_short_circuit_operator.py
[2022-10-06T00:40:39.611+0000] {processor.py:768} INFO - DAG(s) dict_keys(['example_short_circuit_operator']) retrieved from /home/airflow/.local/lib/python3.7/site-packages/airflow/example_dags/example_short_circuit_operator.py
[2022-10-06T00:40:39.637+0000] {logging_mixin.py:117} INFO - [2022-10-06T00:40:39.637+0000] {dag.py:2573} INFO - Sync 1 DAGs
[2022-10-06T00:40:39.655+0000] {logging_mixin.py:117} INFO - [2022-10-06T00:40:39.655+0000] {dag.py:3328} INFO - Setting next_dagrun for example_short_circuit_operator to 2022-10-05T00:40:39.655068+00:00, run_after=2022-10-06T00:40:39.655068+00:00
[2022-10-06T00:40:39.668+0000] {processor.py:178} INFO - Processing /home/airflow/.local/lib/python3.7/site-packages/airflow/example_dags/example_short_circuit_operator.py took 0.069 seconds
[2022-10-06T00:41:09.806+0000] {processor.py:156} INFO - Started process (PID=377) to work on /home/airflow/.local/lib/python3.7/site-packages/airflow/example_dags/example_short_circuit_operator.py
[2022-10-06T00:41:09.807+0000] {processor.py:758} INFO - Processing file /home/airflow/.local/lib/python3.7/site-packages/airflow/example_dags/example_short_circuit_operator.py for tasks to queue
[2022-10-06T00:41:09.808+0000] {logging_mixin.py:117} INFO - [2022-10-06T00:41:09.808+0000] {dagbag.py:525} INFO - Filling up the DagBag from /home/airflow/.local/lib/python3.7/site-packages/airflow/example_dags/example_short_circuit_operator.py
[2022-10-06T00:41:09.829+0000] {processor.py:768} INFO - DAG(s) dict_keys(['example_short_circuit_operator']) retrieved from /home/airflow/.local/lib/python3.7/site-packages/airflow/example_dags/example_short_circuit_operator.py
[2022-10-06T00:41:09.859+0000] {logging_mixin.py:117} INFO - [2022-10-06T00:41:09.859+0000] {dag.py:2573} INFO - Sync 1 DAGs
[2022-10-06T00:41:09.877+0000] {logging_mixin.py:117} INFO - [2022-10-06T00:41:09.877+0000] {dag.py:3328} INFO - Setting next_dagrun for example_short_circuit_operator to 2022-10-05T00:41:09.877175+00:00, run_after=2022-10-06T00:41:09.877175+00:00
[2022-10-06T00:41:09.892+0000] {processor.py:178} INFO - Processing /home/airflow/.local/lib/python3.7/site-packages/airflow/example_dags/example_short_circuit_operator.py took 0.090 seconds
[2022-10-06T00:41:40.814+0000] {processor.py:156} INFO - Started process (PID=441) to work on /home/airflow/.local/lib/python3.7/site-packages/airflow/example_dags/example_short_circuit_operator.py
[2022-10-06T00:41:40.815+0000] {processor.py:758} INFO - Processing file /home/airflow/.local/lib/python3.7/site-packages/airflow/example_dags/example_short_circuit_operator.py for tasks to queue
[2022-10-06T00:41:40.815+0000] {logging_mixin.py:117} INFO - [2022-10-06T00:41:40.815+0000] {dagbag.py:525} INFO - Filling up the DagBag from /home/airflow/.local/lib/python3.7/site-packages/airflow/example_dags/example_short_circuit_operator.py
[2022-10-06T00:41:40.825+0000] {processor.py:768} INFO - DAG(s) dict_keys(['example_short_circuit_operator']) retrieved from /home/airflow/.local/lib/python3.7/site-packages/airflow/example_dags/example_short_circuit_operator.py
[2022-10-06T00:41:40.851+0000] {logging_mixin.py:117} INFO - [2022-10-06T00:41:40.851+0000] {dag.py:2573} INFO - Sync 1 DAGs
[2022-10-06T00:41:40.870+0000] {logging_mixin.py:117} INFO - [2022-10-06T00:41:40.870+0000] {dag.py:3328} INFO - Setting next_dagrun for example_short_circuit_operator to 2022-10-05T00:41:40.870421+00:00, run_after=2022-10-06T00:41:40.870421+00:00
[2022-10-06T00:41:40.883+0000] {processor.py:178} INFO - Processing /home/airflow/.local/lib/python3.7/site-packages/airflow/example_dags/example_short_circuit_operator.py took 0.071 seconds
[2022-10-06T00:42:12.210+0000] {processor.py:156} INFO - Started process (PID=505) to work on /home/airflow/.local/lib/python3.7/site-packages/airflow/example_dags/example_short_circuit_operator.py
[2022-10-06T00:42:12.211+0000] {processor.py:758} INFO - Processing file /home/airflow/.local/lib/python3.7/site-packages/airflow/example_dags/example_short_circuit_operator.py for tasks to queue
[2022-10-06T00:42:12.211+0000] {logging_mixin.py:117} INFO - [2022-10-06T00:42:12.211+0000] {dagbag.py:525} INFO - Filling up the DagBag from /home/airflow/.local/lib/python3.7/site-packages/airflow/example_dags/example_short_circuit_operator.py
[2022-10-06T00:42:12.221+0000] {processor.py:768} INFO - DAG(s) dict_keys(['example_short_circuit_operator']) retrieved from /home/airflow/.local/lib/python3.7/site-packages/airflow/example_dags/example_short_circuit_operator.py
[2022-10-06T00:42:12.249+0000] {logging_mixin.py:117} INFO - [2022-10-06T00:42:12.249+0000] {dag.py:2573} INFO - Sync 1 DAGs
[2022-10-06T00:42:12.267+0000] {logging_mixin.py:117} INFO - [2022-10-06T00:42:12.267+0000] {dag.py:3328} INFO - Setting next_dagrun for example_short_circuit_operator to 2022-10-05T00:42:12.267208+00:00, run_after=2022-10-06T00:42:12.267208+00:00
[2022-10-06T00:42:12.280+0000] {processor.py:178} INFO - Processing /home/airflow/.local/lib/python3.7/site-packages/airflow/example_dags/example_short_circuit_operator.py took 0.072 seconds
[2022-10-06T00:42:42.349+0000] {processor.py:156} INFO - Started process (PID=567) to work on /home/airflow/.local/lib/python3.7/site-packages/airflow/example_dags/example_short_circuit_operator.py
[2022-10-06T00:42:42.350+0000] {processor.py:758} INFO - Processing file /home/airflow/.local/lib/python3.7/site-packages/airflow/example_dags/example_short_circuit_operator.py for tasks to queue
[2022-10-06T00:42:42.351+0000] {logging_mixin.py:117} INFO - [2022-10-06T00:42:42.350+0000] {dagbag.py:525} INFO - Filling up the DagBag from /home/airflow/.local/lib/python3.7/site-packages/airflow/example_dags/example_short_circuit_operator.py
[2022-10-06T00:42:42.361+0000] {processor.py:768} INFO - DAG(s) dict_keys(['example_short_circuit_operator']) retrieved from /home/airflow/.local/lib/python3.7/site-packages/airflow/example_dags/example_short_circuit_operator.py
[2022-10-06T00:42:42.390+0000] {logging_mixin.py:117} INFO - [2022-10-06T00:42:42.390+0000] {dag.py:2573} INFO - Sync 1 DAGs
[2022-10-06T00:42:42.414+0000] {logging_mixin.py:117} INFO - [2022-10-06T00:42:42.414+0000] {dag.py:3328} INFO - Setting next_dagrun for example_short_circuit_operator to 2022-10-05T00:42:42.414561+00:00, run_after=2022-10-06T00:42:42.414561+00:00
[2022-10-06T00:42:42.429+0000] {processor.py:178} INFO - Processing /home/airflow/.local/lib/python3.7/site-packages/airflow/example_dags/example_short_circuit_operator.py took 0.082 seconds
[2022-10-06T00:43:13.225+0000] {processor.py:156} INFO - Started process (PID=624) to work on /home/airflow/.local/lib/python3.7/site-packages/airflow/example_dags/example_short_circuit_operator.py
[2022-10-06T00:43:13.226+0000] {processor.py:758} INFO - Processing file /home/airflow/.local/lib/python3.7/site-packages/airflow/example_dags/example_short_circuit_operator.py for tasks to queue
[2022-10-06T00:43:13.226+0000] {logging_mixin.py:117} INFO - [2022-10-06T00:43:13.226+0000] {dagbag.py:525} INFO - Filling up the DagBag from /home/airflow/.local/lib/python3.7/site-packages/airflow/example_dags/example_short_circuit_operator.py
[2022-10-06T00:43:13.237+0000] {processor.py:768} INFO - DAG(s) dict_keys(['example_short_circuit_operator']) retrieved from /home/airflow/.local/lib/python3.7/site-packages/airflow/example_dags/example_short_circuit_operator.py
[2022-10-06T00:43:13.264+0000] {logging_mixin.py:117} INFO - [2022-10-06T00:43:13.264+0000] {dag.py:2573} INFO - Sync 1 DAGs
[2022-10-06T00:43:13.282+0000] {logging_mixin.py:117} INFO - [2022-10-06T00:43:13.281+0000] {dag.py:3328} INFO - Setting next_dagrun for example_short_circuit_operator to 2022-10-05T00:43:13.281778+00:00, run_after=2022-10-06T00:43:13.281778+00:00
[2022-10-06T00:43:13.296+0000] {processor.py:178} INFO - Processing /home/airflow/.local/lib/python3.7/site-packages/airflow/example_dags/example_short_circuit_operator.py took 0.073 seconds
[2022-10-06T00:43:44.252+0000] {processor.py:156} INFO - Started process (PID=688) to work on /home/airflow/.local/lib/python3.7/site-packages/airflow/example_dags/example_short_circuit_operator.py
[2022-10-06T00:43:44.252+0000] {processor.py:758} INFO - Processing file /home/airflow/.local/lib/python3.7/site-packages/airflow/example_dags/example_short_circuit_operator.py for tasks to queue
[2022-10-06T00:43:44.252+0000] {logging_mixin.py:117} INFO - [2022-10-06T00:43:44.252+0000] {dagbag.py:525} INFO - Filling up the DagBag from /home/airflow/.local/lib/python3.7/site-packages/airflow/example_dags/example_short_circuit_operator.py
[2022-10-06T00:43:44.262+0000] {processor.py:768} INFO - DAG(s) dict_keys(['example_short_circuit_operator']) retrieved from /home/airflow/.local/lib/python3.7/site-packages/airflow/example_dags/example_short_circuit_operator.py
[2022-10-06T00:43:44.290+0000] {logging_mixin.py:117} INFO - [2022-10-06T00:43:44.289+0000] {dag.py:2573} INFO - Sync 1 DAGs
[2022-10-06T00:43:44.307+0000] {logging_mixin.py:117} INFO - [2022-10-06T00:43:44.307+0000] {dag.py:3328} INFO - Setting next_dagrun for example_short_circuit_operator to 2022-10-05T00:43:44.307572+00:00, run_after=2022-10-06T00:43:44.307572+00:00
[2022-10-06T00:43:44.321+0000] {processor.py:178} INFO - Processing /home/airflow/.local/lib/python3.7/site-packages/airflow/example_dags/example_short_circuit_operator.py took 0.071 seconds
[2022-10-06T00:44:15.249+0000] {processor.py:156} INFO - Started process (PID=752) to work on /home/airflow/.local/lib/python3.7/site-packages/airflow/example_dags/example_short_circuit_operator.py
[2022-10-06T00:44:15.249+0000] {processor.py:758} INFO - Processing file /home/airflow/.local/lib/python3.7/site-packages/airflow/example_dags/example_short_circuit_operator.py for tasks to queue
[2022-10-06T00:44:15.249+0000] {logging_mixin.py:117} INFO - [2022-10-06T00:44:15.249+0000] {dagbag.py:525} INFO - Filling up the DagBag from /home/airflow/.local/lib/python3.7/site-packages/airflow/example_dags/example_short_circuit_operator.py
[2022-10-06T00:44:15.259+0000] {processor.py:768} INFO - DAG(s) dict_keys(['example_short_circuit_operator']) retrieved from /home/airflow/.local/lib/python3.7/site-packages/airflow/example_dags/example_short_circuit_operator.py
[2022-10-06T00:44:15.288+0000] {logging_mixin.py:117} INFO - [2022-10-06T00:44:15.287+0000] {dag.py:2573} INFO - Sync 1 DAGs
[2022-10-06T00:44:15.307+0000] {logging_mixin.py:117} INFO - [2022-10-06T00:44:15.307+0000] {dag.py:3328} INFO - Setting next_dagrun for example_short_circuit_operator to 2022-10-05T00:44:15.307634+00:00, run_after=2022-10-06T00:44:15.307634+00:00
[2022-10-06T00:44:15.321+0000] {processor.py:178} INFO - Processing /home/airflow/.local/lib/python3.7/site-packages/airflow/example_dags/example_short_circuit_operator.py took 0.074 seconds
[2022-10-06T00:44:46.035+0000] {processor.py:156} INFO - Started process (PID=816) to work on /home/airflow/.local/lib/python3.7/site-packages/airflow/example_dags/example_short_circuit_operator.py
[2022-10-06T00:44:46.035+0000] {processor.py:758} INFO - Processing file /home/airflow/.local/lib/python3.7/site-packages/airflow/example_dags/example_short_circuit_operator.py for tasks to queue
[2022-10-06T00:44:46.036+0000] {logging_mixin.py:117} INFO - [2022-10-06T00:44:46.036+0000] {dagbag.py:525} INFO - Filling up the DagBag from /home/airflow/.local/lib/python3.7/site-packages/airflow/example_dags/example_short_circuit_operator.py
[2022-10-06T00:44:46.046+0000] {processor.py:768} INFO - DAG(s) dict_keys(['example_short_circuit_operator']) retrieved from /home/airflow/.local/lib/python3.7/site-packages/airflow/example_dags/example_short_circuit_operator.py
[2022-10-06T00:44:46.072+0000] {logging_mixin.py:117} INFO - [2022-10-06T00:44:46.072+0000] {dag.py:2573} INFO - Sync 1 DAGs
[2022-10-06T00:44:46.088+0000] {logging_mixin.py:117} INFO - [2022-10-06T00:44:46.088+0000] {dag.py:3328} INFO - Setting next_dagrun for example_short_circuit_operator to 2022-10-05T00:44:46.088303+00:00, run_after=2022-10-06T00:44:46.088303+00:00
[2022-10-06T00:44:46.101+0000] {processor.py:178} INFO - Processing /home/airflow/.local/lib/python3.7/site-packages/airflow/example_dags/example_short_circuit_operator.py took 0.067 seconds
[2022-10-06T00:45:17.052+0000] {processor.py:156} INFO - Started process (PID=880) to work on /home/airflow/.local/lib/python3.7/site-packages/airflow/example_dags/example_short_circuit_operator.py
[2022-10-06T00:45:17.052+0000] {processor.py:758} INFO - Processing file /home/airflow/.local/lib/python3.7/site-packages/airflow/example_dags/example_short_circuit_operator.py for tasks to queue
[2022-10-06T00:45:17.053+0000] {logging_mixin.py:117} INFO - [2022-10-06T00:45:17.053+0000] {dagbag.py:525} INFO - Filling up the DagBag from /home/airflow/.local/lib/python3.7/site-packages/airflow/example_dags/example_short_circuit_operator.py
[2022-10-06T00:45:17.063+0000] {processor.py:768} INFO - DAG(s) dict_keys(['example_short_circuit_operator']) retrieved from /home/airflow/.local/lib/python3.7/site-packages/airflow/example_dags/example_short_circuit_operator.py
[2022-10-06T00:45:17.089+0000] {logging_mixin.py:117} INFO - [2022-10-06T00:45:17.089+0000] {dag.py:2573} INFO - Sync 1 DAGs
[2022-10-06T00:45:17.106+0000] {logging_mixin.py:117} INFO - [2022-10-06T00:45:17.106+0000] {dag.py:3328} INFO - Setting next_dagrun for example_short_circuit_operator to 2022-10-05T00:45:17.106665+00:00, run_after=2022-10-06T00:45:17.106665+00:00
[2022-10-06T00:45:17.120+0000] {processor.py:178} INFO - Processing /home/airflow/.local/lib/python3.7/site-packages/airflow/example_dags/example_short_circuit_operator.py took 0.070 seconds
[2022-10-06T00:45:47.831+0000] {processor.py:156} INFO - Started process (PID=935) to work on /home/airflow/.local/lib/python3.7/site-packages/airflow/example_dags/example_short_circuit_operator.py
[2022-10-06T00:45:47.831+0000] {processor.py:758} INFO - Processing file /home/airflow/.local/lib/python3.7/site-packages/airflow/example_dags/example_short_circuit_operator.py for tasks to queue
[2022-10-06T00:45:47.832+0000] {logging_mixin.py:117} INFO - [2022-10-06T00:45:47.832+0000] {dagbag.py:525} INFO - Filling up the DagBag from /home/airflow/.local/lib/python3.7/site-packages/airflow/example_dags/example_short_circuit_operator.py
[2022-10-06T00:45:47.843+0000] {processor.py:768} INFO - DAG(s) dict_keys(['example_short_circuit_operator']) retrieved from /home/airflow/.local/lib/python3.7/site-packages/airflow/example_dags/example_short_circuit_operator.py
[2022-10-06T00:45:47.872+0000] {logging_mixin.py:117} INFO - [2022-10-06T00:45:47.872+0000] {dag.py:2573} INFO - Sync 1 DAGs
[2022-10-06T00:45:47.894+0000] {logging_mixin.py:117} INFO - [2022-10-06T00:45:47.894+0000] {dag.py:3328} INFO - Setting next_dagrun for example_short_circuit_operator to 2022-10-05T00:45:47.894392+00:00, run_after=2022-10-06T00:45:47.894392+00:00
[2022-10-06T00:45:47.908+0000] {processor.py:178} INFO - Processing /home/airflow/.local/lib/python3.7/site-packages/airflow/example_dags/example_short_circuit_operator.py took 0.079 seconds
[2022-10-06T00:46:18.698+0000] {processor.py:156} INFO - Started process (PID=999) to work on /home/airflow/.local/lib/python3.7/site-packages/airflow/example_dags/example_short_circuit_operator.py
[2022-10-06T00:46:18.698+0000] {processor.py:758} INFO - Processing file /home/airflow/.local/lib/python3.7/site-packages/airflow/example_dags/example_short_circuit_operator.py for tasks to queue
[2022-10-06T00:46:18.699+0000] {logging_mixin.py:117} INFO - [2022-10-06T00:46:18.699+0000] {dagbag.py:525} INFO - Filling up the DagBag from /home/airflow/.local/lib/python3.7/site-packages/airflow/example_dags/example_short_circuit_operator.py
[2022-10-06T00:46:18.709+0000] {processor.py:768} INFO - DAG(s) dict_keys(['example_short_circuit_operator']) retrieved from /home/airflow/.local/lib/python3.7/site-packages/airflow/example_dags/example_short_circuit_operator.py
[2022-10-06T00:46:18.737+0000] {logging_mixin.py:117} INFO - [2022-10-06T00:46:18.737+0000] {dag.py:2573} INFO - Sync 1 DAGs
[2022-10-06T00:46:18.755+0000] {logging_mixin.py:117} INFO - [2022-10-06T00:46:18.755+0000] {dag.py:3328} INFO - Setting next_dagrun for example_short_circuit_operator to 2022-10-05T00:46:18.755111+00:00, run_after=2022-10-06T00:46:18.755111+00:00
[2022-10-06T00:46:18.768+0000] {processor.py:178} INFO - Processing /home/airflow/.local/lib/python3.7/site-packages/airflow/example_dags/example_short_circuit_operator.py took 0.072 seconds
[2022-10-06T00:46:49.588+0000] {processor.py:156} INFO - Started process (PID=1063) to work on /home/airflow/.local/lib/python3.7/site-packages/airflow/example_dags/example_short_circuit_operator.py
[2022-10-06T00:46:49.588+0000] {processor.py:758} INFO - Processing file /home/airflow/.local/lib/python3.7/site-packages/airflow/example_dags/example_short_circuit_operator.py for tasks to queue
[2022-10-06T00:46:49.589+0000] {logging_mixin.py:117} INFO - [2022-10-06T00:46:49.589+0000] {dagbag.py:525} INFO - Filling up the DagBag from /home/airflow/.local/lib/python3.7/site-packages/airflow/example_dags/example_short_circuit_operator.py
[2022-10-06T00:46:49.599+0000] {processor.py:768} INFO - DAG(s) dict_keys(['example_short_circuit_operator']) retrieved from /home/airflow/.local/lib/python3.7/site-packages/airflow/example_dags/example_short_circuit_operator.py
[2022-10-06T00:46:49.628+0000] {logging_mixin.py:117} INFO - [2022-10-06T00:46:49.628+0000] {dag.py:2573} INFO - Sync 1 DAGs
[2022-10-06T00:46:49.645+0000] {logging_mixin.py:117} INFO - [2022-10-06T00:46:49.645+0000] {dag.py:3328} INFO - Setting next_dagrun for example_short_circuit_operator to 2022-10-05T00:46:49.645343+00:00, run_after=2022-10-06T00:46:49.645343+00:00
[2022-10-06T00:46:49.658+0000] {processor.py:178} INFO - Processing /home/airflow/.local/lib/python3.7/site-packages/airflow/example_dags/example_short_circuit_operator.py took 0.073 seconds
[2022-10-06T00:47:20.604+0000] {processor.py:156} INFO - Started process (PID=1126) to work on /home/airflow/.local/lib/python3.7/site-packages/airflow/example_dags/example_short_circuit_operator.py
[2022-10-06T00:47:20.604+0000] {processor.py:758} INFO - Processing file /home/airflow/.local/lib/python3.7/site-packages/airflow/example_dags/example_short_circuit_operator.py for tasks to queue
[2022-10-06T00:47:20.605+0000] {logging_mixin.py:117} INFO - [2022-10-06T00:47:20.605+0000] {dagbag.py:525} INFO - Filling up the DagBag from /home/airflow/.local/lib/python3.7/site-packages/airflow/example_dags/example_short_circuit_operator.py
[2022-10-06T00:47:20.617+0000] {processor.py:768} INFO - DAG(s) dict_keys(['example_short_circuit_operator']) retrieved from /home/airflow/.local/lib/python3.7/site-packages/airflow/example_dags/example_short_circuit_operator.py
[2022-10-06T00:47:20.647+0000] {logging_mixin.py:117} INFO - [2022-10-06T00:47:20.647+0000] {dag.py:2573} INFO - Sync 1 DAGs
[2022-10-06T00:47:20.673+0000] {logging_mixin.py:117} INFO - [2022-10-06T00:47:20.673+0000] {dag.py:3328} INFO - Setting next_dagrun for example_short_circuit_operator to 2022-10-05T00:47:20.672982+00:00, run_after=2022-10-06T00:47:20.672982+00:00
[2022-10-06T00:47:20.687+0000] {processor.py:178} INFO - Processing /home/airflow/.local/lib/python3.7/site-packages/airflow/example_dags/example_short_circuit_operator.py took 0.084 seconds
[2022-10-06T00:47:51.722+0000] {processor.py:156} INFO - Started process (PID=1190) to work on /home/airflow/.local/lib/python3.7/site-packages/airflow/example_dags/example_short_circuit_operator.py
[2022-10-06T00:47:51.723+0000] {processor.py:758} INFO - Processing file /home/airflow/.local/lib/python3.7/site-packages/airflow/example_dags/example_short_circuit_operator.py for tasks to queue
[2022-10-06T00:47:51.723+0000] {logging_mixin.py:117} INFO - [2022-10-06T00:47:51.723+0000] {dagbag.py:525} INFO - Filling up the DagBag from /home/airflow/.local/lib/python3.7/site-packages/airflow/example_dags/example_short_circuit_operator.py
[2022-10-06T00:47:51.733+0000] {processor.py:768} INFO - DAG(s) dict_keys(['example_short_circuit_operator']) retrieved from /home/airflow/.local/lib/python3.7/site-packages/airflow/example_dags/example_short_circuit_operator.py
[2022-10-06T00:47:51.761+0000] {logging_mixin.py:117} INFO - [2022-10-06T00:47:51.761+0000] {dag.py:2573} INFO - Sync 1 DAGs
[2022-10-06T00:47:51.783+0000] {logging_mixin.py:117} INFO - [2022-10-06T00:47:51.782+0000] {dag.py:3328} INFO - Setting next_dagrun for example_short_circuit_operator to 2022-10-05T00:47:51.782784+00:00, run_after=2022-10-06T00:47:51.782784+00:00
[2022-10-06T00:47:51.797+0000] {processor.py:178} INFO - Processing /home/airflow/.local/lib/python3.7/site-packages/airflow/example_dags/example_short_circuit_operator.py took 0.077 seconds
[2022-10-06T00:48:21.887+0000] {processor.py:156} INFO - Started process (PID=1246) to work on /home/airflow/.local/lib/python3.7/site-packages/airflow/example_dags/example_short_circuit_operator.py
[2022-10-06T00:48:21.887+0000] {processor.py:758} INFO - Processing file /home/airflow/.local/lib/python3.7/site-packages/airflow/example_dags/example_short_circuit_operator.py for tasks to queue
[2022-10-06T00:48:21.887+0000] {logging_mixin.py:117} INFO - [2022-10-06T00:48:21.887+0000] {dagbag.py:525} INFO - Filling up the DagBag from /home/airflow/.local/lib/python3.7/site-packages/airflow/example_dags/example_short_circuit_operator.py
[2022-10-06T00:48:21.897+0000] {processor.py:768} INFO - DAG(s) dict_keys(['example_short_circuit_operator']) retrieved from /home/airflow/.local/lib/python3.7/site-packages/airflow/example_dags/example_short_circuit_operator.py
[2022-10-06T00:48:21.925+0000] {logging_mixin.py:117} INFO - [2022-10-06T00:48:21.925+0000] {dag.py:2573} INFO - Sync 1 DAGs
[2022-10-06T00:48:21.943+0000] {logging_mixin.py:117} INFO - [2022-10-06T00:48:21.943+0000] {dag.py:3328} INFO - Setting next_dagrun for example_short_circuit_operator to 2022-10-05T00:48:21.943296+00:00, run_after=2022-10-06T00:48:21.943296+00:00
[2022-10-06T00:48:21.957+0000] {processor.py:178} INFO - Processing /home/airflow/.local/lib/python3.7/site-packages/airflow/example_dags/example_short_circuit_operator.py took 0.072 seconds
[2022-10-06T00:48:52.165+0000] {processor.py:156} INFO - Started process (PID=1310) to work on /home/airflow/.local/lib/python3.7/site-packages/airflow/example_dags/example_short_circuit_operator.py
[2022-10-06T00:48:52.166+0000] {processor.py:758} INFO - Processing file /home/airflow/.local/lib/python3.7/site-packages/airflow/example_dags/example_short_circuit_operator.py for tasks to queue
[2022-10-06T00:48:52.166+0000] {logging_mixin.py:117} INFO - [2022-10-06T00:48:52.166+0000] {dagbag.py:525} INFO - Filling up the DagBag from /home/airflow/.local/lib/python3.7/site-packages/airflow/example_dags/example_short_circuit_operator.py
[2022-10-06T00:48:52.179+0000] {processor.py:768} INFO - DAG(s) dict_keys(['example_short_circuit_operator']) retrieved from /home/airflow/.local/lib/python3.7/site-packages/airflow/example_dags/example_short_circuit_operator.py
[2022-10-06T00:48:52.211+0000] {logging_mixin.py:117} INFO - [2022-10-06T00:48:52.211+0000] {dag.py:2573} INFO - Sync 1 DAGs
[2022-10-06T00:48:52.229+0000] {logging_mixin.py:117} INFO - [2022-10-06T00:48:52.229+0000] {dag.py:3328} INFO - Setting next_dagrun for example_short_circuit_operator to 2022-10-05T00:48:52.229188+00:00, run_after=2022-10-06T00:48:52.229188+00:00
[2022-10-06T00:48:52.248+0000] {processor.py:178} INFO - Processing /home/airflow/.local/lib/python3.7/site-packages/airflow/example_dags/example_short_circuit_operator.py took 0.085 seconds
[2022-10-06T00:49:23.284+0000] {processor.py:156} INFO - Started process (PID=1375) to work on /home/airflow/.local/lib/python3.7/site-packages/airflow/example_dags/example_short_circuit_operator.py
[2022-10-06T00:49:23.285+0000] {processor.py:758} INFO - Processing file /home/airflow/.local/lib/python3.7/site-packages/airflow/example_dags/example_short_circuit_operator.py for tasks to queue
[2022-10-06T00:49:23.285+0000] {logging_mixin.py:117} INFO - [2022-10-06T00:49:23.285+0000] {dagbag.py:525} INFO - Filling up the DagBag from /home/airflow/.local/lib/python3.7/site-packages/airflow/example_dags/example_short_circuit_operator.py
[2022-10-06T00:49:23.295+0000] {processor.py:768} INFO - DAG(s) dict_keys(['example_short_circuit_operator']) retrieved from /home/airflow/.local/lib/python3.7/site-packages/airflow/example_dags/example_short_circuit_operator.py
[2022-10-06T00:49:23.322+0000] {logging_mixin.py:117} INFO - [2022-10-06T00:49:23.322+0000] {dag.py:2573} INFO - Sync 1 DAGs
[2022-10-06T00:49:23.343+0000] {logging_mixin.py:117} INFO - [2022-10-06T00:49:23.343+0000] {dag.py:3328} INFO - Setting next_dagrun for example_short_circuit_operator to 2022-10-05T00:49:23.343572+00:00, run_after=2022-10-06T00:49:23.343572+00:00
[2022-10-06T00:49:23.357+0000] {processor.py:178} INFO - Processing /home/airflow/.local/lib/python3.7/site-packages/airflow/example_dags/example_short_circuit_operator.py took 0.075 seconds
