[2022-10-06T00:38:34.608+0000] {processor.py:156} INFO - Started process (PID=46) to work on /home/airflow/.local/lib/python3.7/site-packages/airflow/example_dags/example_branch_operator.py
[2022-10-06T00:38:34.609+0000] {processor.py:758} INFO - Processing file /home/airflow/.local/lib/python3.7/site-packages/airflow/example_dags/example_branch_operator.py for tasks to queue
[2022-10-06T00:38:34.609+0000] {logging_mixin.py:117} INFO - [2022-10-06T00:38:34.609+0000] {dagbag.py:525} INFO - Filling up the DagBag from /home/airflow/.local/lib/python3.7/site-packages/airflow/example_dags/example_branch_operator.py
[2022-10-06T00:38:34.622+0000] {processor.py:768} INFO - DAG(s) dict_keys(['example_branch_operator']) retrieved from /home/airflow/.local/lib/python3.7/site-packages/airflow/example_dags/example_branch_operator.py
[2022-10-06T00:38:34.773+0000] {logging_mixin.py:117} INFO - [2022-10-06T00:38:34.772+0000] {dag.py:2573} INFO - Sync 1 DAGs
[2022-10-06T00:38:34.797+0000] {logging_mixin.py:117} INFO - [2022-10-06T00:38:34.797+0000] {dag.py:3328} INFO - Setting next_dagrun for example_branch_operator to 2022-10-05T00:00:00+00:00, run_after=2022-10-06T00:00:00+00:00
[2022-10-06T00:38:34.815+0000] {processor.py:178} INFO - Processing /home/airflow/.local/lib/python3.7/site-packages/airflow/example_dags/example_branch_operator.py took 0.208 seconds
[2022-10-06T00:39:05.665+0000] {processor.py:156} INFO - Started process (PID=110) to work on /home/airflow/.local/lib/python3.7/site-packages/airflow/example_dags/example_branch_operator.py
[2022-10-06T00:39:05.666+0000] {processor.py:758} INFO - Processing file /home/airflow/.local/lib/python3.7/site-packages/airflow/example_dags/example_branch_operator.py for tasks to queue
[2022-10-06T00:39:05.666+0000] {logging_mixin.py:117} INFO - [2022-10-06T00:39:05.666+0000] {dagbag.py:525} INFO - Filling up the DagBag from /home/airflow/.local/lib/python3.7/site-packages/airflow/example_dags/example_branch_operator.py
[2022-10-06T00:39:05.680+0000] {processor.py:768} INFO - DAG(s) dict_keys(['example_branch_operator']) retrieved from /home/airflow/.local/lib/python3.7/site-packages/airflow/example_dags/example_branch_operator.py
[2022-10-06T00:39:05.784+0000] {logging_mixin.py:117} INFO - [2022-10-06T00:39:05.784+0000] {dag.py:2573} INFO - Sync 1 DAGs
[2022-10-06T00:39:05.802+0000] {logging_mixin.py:117} INFO - [2022-10-06T00:39:05.802+0000] {dag.py:3328} INFO - Setting next_dagrun for example_branch_operator to 2022-10-05T00:00:00+00:00, run_after=2022-10-06T00:00:00+00:00
[2022-10-06T00:39:05.815+0000] {processor.py:178} INFO - Processing /home/airflow/.local/lib/python3.7/site-packages/airflow/example_dags/example_branch_operator.py took 0.151 seconds
[2022-10-06T00:39:36.444+0000] {processor.py:156} INFO - Started process (PID=175) to work on /home/airflow/.local/lib/python3.7/site-packages/airflow/example_dags/example_branch_operator.py
[2022-10-06T00:39:36.444+0000] {processor.py:758} INFO - Processing file /home/airflow/.local/lib/python3.7/site-packages/airflow/example_dags/example_branch_operator.py for tasks to queue
[2022-10-06T00:39:36.445+0000] {logging_mixin.py:117} INFO - [2022-10-06T00:39:36.445+0000] {dagbag.py:525} INFO - Filling up the DagBag from /home/airflow/.local/lib/python3.7/site-packages/airflow/example_dags/example_branch_operator.py
[2022-10-06T00:39:36.535+0000] {processor.py:768} INFO - DAG(s) dict_keys(['example_branch_operator']) retrieved from /home/airflow/.local/lib/python3.7/site-packages/airflow/example_dags/example_branch_operator.py
[2022-10-06T00:39:36.558+0000] {logging_mixin.py:117} INFO - [2022-10-06T00:39:36.558+0000] {dag.py:2573} INFO - Sync 1 DAGs
[2022-10-06T00:39:36.576+0000] {logging_mixin.py:117} INFO - [2022-10-06T00:39:36.576+0000] {dag.py:3328} INFO - Setting next_dagrun for example_branch_operator to 2022-10-05T00:00:00+00:00, run_after=2022-10-06T00:00:00+00:00
[2022-10-06T00:39:36.588+0000] {processor.py:178} INFO - Processing /home/airflow/.local/lib/python3.7/site-packages/airflow/example_dags/example_branch_operator.py took 0.146 seconds
[2022-10-06T00:40:06.814+0000] {processor.py:156} INFO - Started process (PID=230) to work on /home/airflow/.local/lib/python3.7/site-packages/airflow/example_dags/example_branch_operator.py
[2022-10-06T00:40:06.815+0000] {processor.py:758} INFO - Processing file /home/airflow/.local/lib/python3.7/site-packages/airflow/example_dags/example_branch_operator.py for tasks to queue
[2022-10-06T00:40:06.815+0000] {logging_mixin.py:117} INFO - [2022-10-06T00:40:06.815+0000] {dagbag.py:525} INFO - Filling up the DagBag from /home/airflow/.local/lib/python3.7/site-packages/airflow/example_dags/example_branch_operator.py
[2022-10-06T00:40:06.828+0000] {processor.py:768} INFO - DAG(s) dict_keys(['example_branch_operator']) retrieved from /home/airflow/.local/lib/python3.7/site-packages/airflow/example_dags/example_branch_operator.py
[2022-10-06T00:40:06.858+0000] {logging_mixin.py:117} INFO - [2022-10-06T00:40:06.857+0000] {dag.py:2573} INFO - Sync 1 DAGs
[2022-10-06T00:40:06.881+0000] {logging_mixin.py:117} INFO - [2022-10-06T00:40:06.880+0000] {dag.py:3328} INFO - Setting next_dagrun for example_branch_operator to 2022-10-05T00:00:00+00:00, run_after=2022-10-06T00:00:00+00:00
[2022-10-06T00:40:06.896+0000] {processor.py:178} INFO - Processing /home/airflow/.local/lib/python3.7/site-packages/airflow/example_dags/example_branch_operator.py took 0.083 seconds
[2022-10-06T00:40:37.790+0000] {processor.py:156} INFO - Started process (PID=294) to work on /home/airflow/.local/lib/python3.7/site-packages/airflow/example_dags/example_branch_operator.py
[2022-10-06T00:40:37.791+0000] {processor.py:758} INFO - Processing file /home/airflow/.local/lib/python3.7/site-packages/airflow/example_dags/example_branch_operator.py for tasks to queue
[2022-10-06T00:40:37.791+0000] {logging_mixin.py:117} INFO - [2022-10-06T00:40:37.791+0000] {dagbag.py:525} INFO - Filling up the DagBag from /home/airflow/.local/lib/python3.7/site-packages/airflow/example_dags/example_branch_operator.py
[2022-10-06T00:40:37.803+0000] {processor.py:768} INFO - DAG(s) dict_keys(['example_branch_operator']) retrieved from /home/airflow/.local/lib/python3.7/site-packages/airflow/example_dags/example_branch_operator.py
[2022-10-06T00:40:37.832+0000] {logging_mixin.py:117} INFO - [2022-10-06T00:40:37.831+0000] {dag.py:2573} INFO - Sync 1 DAGs
[2022-10-06T00:40:37.851+0000] {logging_mixin.py:117} INFO - [2022-10-06T00:40:37.851+0000] {dag.py:3328} INFO - Setting next_dagrun for example_branch_operator to 2022-10-05T00:00:00+00:00, run_after=2022-10-06T00:00:00+00:00
[2022-10-06T00:40:37.864+0000] {processor.py:178} INFO - Processing /home/airflow/.local/lib/python3.7/site-packages/airflow/example_dags/example_branch_operator.py took 0.075 seconds
[2022-10-06T00:41:08.905+0000] {processor.py:156} INFO - Started process (PID=358) to work on /home/airflow/.local/lib/python3.7/site-packages/airflow/example_dags/example_branch_operator.py
[2022-10-06T00:41:08.906+0000] {processor.py:758} INFO - Processing file /home/airflow/.local/lib/python3.7/site-packages/airflow/example_dags/example_branch_operator.py for tasks to queue
[2022-10-06T00:41:08.906+0000] {logging_mixin.py:117} INFO - [2022-10-06T00:41:08.906+0000] {dagbag.py:525} INFO - Filling up the DagBag from /home/airflow/.local/lib/python3.7/site-packages/airflow/example_dags/example_branch_operator.py
[2022-10-06T00:41:08.918+0000] {processor.py:768} INFO - DAG(s) dict_keys(['example_branch_operator']) retrieved from /home/airflow/.local/lib/python3.7/site-packages/airflow/example_dags/example_branch_operator.py
[2022-10-06T00:41:08.946+0000] {logging_mixin.py:117} INFO - [2022-10-06T00:41:08.946+0000] {dag.py:2573} INFO - Sync 1 DAGs
[2022-10-06T00:41:08.965+0000] {logging_mixin.py:117} INFO - [2022-10-06T00:41:08.965+0000] {dag.py:3328} INFO - Setting next_dagrun for example_branch_operator to 2022-10-05T00:00:00+00:00, run_after=2022-10-06T00:00:00+00:00
[2022-10-06T00:41:08.985+0000] {processor.py:178} INFO - Processing /home/airflow/.local/lib/python3.7/site-packages/airflow/example_dags/example_branch_operator.py took 0.082 seconds
[2022-10-06T00:41:39.885+0000] {processor.py:156} INFO - Started process (PID=422) to work on /home/airflow/.local/lib/python3.7/site-packages/airflow/example_dags/example_branch_operator.py
[2022-10-06T00:41:39.886+0000] {processor.py:758} INFO - Processing file /home/airflow/.local/lib/python3.7/site-packages/airflow/example_dags/example_branch_operator.py for tasks to queue
[2022-10-06T00:41:39.886+0000] {logging_mixin.py:117} INFO - [2022-10-06T00:41:39.886+0000] {dagbag.py:525} INFO - Filling up the DagBag from /home/airflow/.local/lib/python3.7/site-packages/airflow/example_dags/example_branch_operator.py
[2022-10-06T00:41:39.898+0000] {processor.py:768} INFO - DAG(s) dict_keys(['example_branch_operator']) retrieved from /home/airflow/.local/lib/python3.7/site-packages/airflow/example_dags/example_branch_operator.py
[2022-10-06T00:41:39.925+0000] {logging_mixin.py:117} INFO - [2022-10-06T00:41:39.925+0000] {dag.py:2573} INFO - Sync 1 DAGs
[2022-10-06T00:41:39.945+0000] {logging_mixin.py:117} INFO - [2022-10-06T00:41:39.944+0000] {dag.py:3328} INFO - Setting next_dagrun for example_branch_operator to 2022-10-05T00:00:00+00:00, run_after=2022-10-06T00:00:00+00:00
[2022-10-06T00:41:39.957+0000] {processor.py:178} INFO - Processing /home/airflow/.local/lib/python3.7/site-packages/airflow/example_dags/example_branch_operator.py took 0.073 seconds
[2022-10-06T00:42:10.983+0000] {processor.py:156} INFO - Started process (PID=486) to work on /home/airflow/.local/lib/python3.7/site-packages/airflow/example_dags/example_branch_operator.py
[2022-10-06T00:42:10.984+0000] {processor.py:758} INFO - Processing file /home/airflow/.local/lib/python3.7/site-packages/airflow/example_dags/example_branch_operator.py for tasks to queue
[2022-10-06T00:42:10.984+0000] {logging_mixin.py:117} INFO - [2022-10-06T00:42:10.984+0000] {dagbag.py:525} INFO - Filling up the DagBag from /home/airflow/.local/lib/python3.7/site-packages/airflow/example_dags/example_branch_operator.py
[2022-10-06T00:42:10.996+0000] {processor.py:768} INFO - DAG(s) dict_keys(['example_branch_operator']) retrieved from /home/airflow/.local/lib/python3.7/site-packages/airflow/example_dags/example_branch_operator.py
[2022-10-06T00:42:11.023+0000] {logging_mixin.py:117} INFO - [2022-10-06T00:42:11.023+0000] {dag.py:2573} INFO - Sync 1 DAGs
[2022-10-06T00:42:11.042+0000] {logging_mixin.py:117} INFO - [2022-10-06T00:42:11.042+0000] {dag.py:3328} INFO - Setting next_dagrun for example_branch_operator to 2022-10-05T00:00:00+00:00, run_after=2022-10-06T00:00:00+00:00
[2022-10-06T00:42:11.055+0000] {processor.py:178} INFO - Processing /home/airflow/.local/lib/python3.7/site-packages/airflow/example_dags/example_branch_operator.py took 0.073 seconds
[2022-10-06T00:42:41.269+0000] {processor.py:156} INFO - Started process (PID=541) to work on /home/airflow/.local/lib/python3.7/site-packages/airflow/example_dags/example_branch_operator.py
[2022-10-06T00:42:41.269+0000] {processor.py:758} INFO - Processing file /home/airflow/.local/lib/python3.7/site-packages/airflow/example_dags/example_branch_operator.py for tasks to queue
[2022-10-06T00:42:41.269+0000] {logging_mixin.py:117} INFO - [2022-10-06T00:42:41.269+0000] {dagbag.py:525} INFO - Filling up the DagBag from /home/airflow/.local/lib/python3.7/site-packages/airflow/example_dags/example_branch_operator.py
[2022-10-06T00:42:41.281+0000] {processor.py:768} INFO - DAG(s) dict_keys(['example_branch_operator']) retrieved from /home/airflow/.local/lib/python3.7/site-packages/airflow/example_dags/example_branch_operator.py
[2022-10-06T00:42:41.307+0000] {logging_mixin.py:117} INFO - [2022-10-06T00:42:41.307+0000] {dag.py:2573} INFO - Sync 1 DAGs
[2022-10-06T00:42:41.325+0000] {logging_mixin.py:117} INFO - [2022-10-06T00:42:41.325+0000] {dag.py:3328} INFO - Setting next_dagrun for example_branch_operator to 2022-10-05T00:00:00+00:00, run_after=2022-10-06T00:00:00+00:00
[2022-10-06T00:42:41.337+0000] {processor.py:178} INFO - Processing /home/airflow/.local/lib/python3.7/site-packages/airflow/example_dags/example_branch_operator.py took 0.070 seconds
[2022-10-06T00:43:12.238+0000] {processor.py:156} INFO - Started process (PID=605) to work on /home/airflow/.local/lib/python3.7/site-packages/airflow/example_dags/example_branch_operator.py
[2022-10-06T00:43:12.239+0000] {processor.py:758} INFO - Processing file /home/airflow/.local/lib/python3.7/site-packages/airflow/example_dags/example_branch_operator.py for tasks to queue
[2022-10-06T00:43:12.239+0000] {logging_mixin.py:117} INFO - [2022-10-06T00:43:12.239+0000] {dagbag.py:525} INFO - Filling up the DagBag from /home/airflow/.local/lib/python3.7/site-packages/airflow/example_dags/example_branch_operator.py
[2022-10-06T00:43:12.253+0000] {processor.py:768} INFO - DAG(s) dict_keys(['example_branch_operator']) retrieved from /home/airflow/.local/lib/python3.7/site-packages/airflow/example_dags/example_branch_operator.py
[2022-10-06T00:43:12.279+0000] {logging_mixin.py:117} INFO - [2022-10-06T00:43:12.279+0000] {dag.py:2573} INFO - Sync 1 DAGs
[2022-10-06T00:43:12.298+0000] {logging_mixin.py:117} INFO - [2022-10-06T00:43:12.298+0000] {dag.py:3328} INFO - Setting next_dagrun for example_branch_operator to 2022-10-05T00:00:00+00:00, run_after=2022-10-06T00:00:00+00:00
[2022-10-06T00:43:12.313+0000] {processor.py:178} INFO - Processing /home/airflow/.local/lib/python3.7/site-packages/airflow/example_dags/example_branch_operator.py took 0.076 seconds
[2022-10-06T00:43:43.327+0000] {processor.py:156} INFO - Started process (PID=669) to work on /home/airflow/.local/lib/python3.7/site-packages/airflow/example_dags/example_branch_operator.py
[2022-10-06T00:43:43.328+0000] {processor.py:758} INFO - Processing file /home/airflow/.local/lib/python3.7/site-packages/airflow/example_dags/example_branch_operator.py for tasks to queue
[2022-10-06T00:43:43.328+0000] {logging_mixin.py:117} INFO - [2022-10-06T00:43:43.328+0000] {dagbag.py:525} INFO - Filling up the DagBag from /home/airflow/.local/lib/python3.7/site-packages/airflow/example_dags/example_branch_operator.py
[2022-10-06T00:43:43.340+0000] {processor.py:768} INFO - DAG(s) dict_keys(['example_branch_operator']) retrieved from /home/airflow/.local/lib/python3.7/site-packages/airflow/example_dags/example_branch_operator.py
[2022-10-06T00:43:43.367+0000] {logging_mixin.py:117} INFO - [2022-10-06T00:43:43.367+0000] {dag.py:2573} INFO - Sync 1 DAGs
[2022-10-06T00:43:43.386+0000] {logging_mixin.py:117} INFO - [2022-10-06T00:43:43.386+0000] {dag.py:3328} INFO - Setting next_dagrun for example_branch_operator to 2022-10-05T00:00:00+00:00, run_after=2022-10-06T00:00:00+00:00
[2022-10-06T00:43:43.398+0000] {processor.py:178} INFO - Processing /home/airflow/.local/lib/python3.7/site-packages/airflow/example_dags/example_branch_operator.py took 0.073 seconds
[2022-10-06T00:44:14.365+0000] {processor.py:156} INFO - Started process (PID=733) to work on /home/airflow/.local/lib/python3.7/site-packages/airflow/example_dags/example_branch_operator.py
[2022-10-06T00:44:14.365+0000] {processor.py:758} INFO - Processing file /home/airflow/.local/lib/python3.7/site-packages/airflow/example_dags/example_branch_operator.py for tasks to queue
[2022-10-06T00:44:14.366+0000] {logging_mixin.py:117} INFO - [2022-10-06T00:44:14.366+0000] {dagbag.py:525} INFO - Filling up the DagBag from /home/airflow/.local/lib/python3.7/site-packages/airflow/example_dags/example_branch_operator.py
[2022-10-06T00:44:14.378+0000] {processor.py:768} INFO - DAG(s) dict_keys(['example_branch_operator']) retrieved from /home/airflow/.local/lib/python3.7/site-packages/airflow/example_dags/example_branch_operator.py
[2022-10-06T00:44:14.409+0000] {logging_mixin.py:117} INFO - [2022-10-06T00:44:14.409+0000] {dag.py:2573} INFO - Sync 1 DAGs
[2022-10-06T00:44:14.434+0000] {logging_mixin.py:117} INFO - [2022-10-06T00:44:14.433+0000] {dag.py:3328} INFO - Setting next_dagrun for example_branch_operator to 2022-10-05T00:00:00+00:00, run_after=2022-10-06T00:00:00+00:00
[2022-10-06T00:44:14.450+0000] {processor.py:178} INFO - Processing /home/airflow/.local/lib/python3.7/site-packages/airflow/example_dags/example_branch_operator.py took 0.086 seconds
[2022-10-06T00:44:45.166+0000] {processor.py:156} INFO - Started process (PID=797) to work on /home/airflow/.local/lib/python3.7/site-packages/airflow/example_dags/example_branch_operator.py
[2022-10-06T00:44:45.166+0000] {processor.py:758} INFO - Processing file /home/airflow/.local/lib/python3.7/site-packages/airflow/example_dags/example_branch_operator.py for tasks to queue
[2022-10-06T00:44:45.167+0000] {logging_mixin.py:117} INFO - [2022-10-06T00:44:45.166+0000] {dagbag.py:525} INFO - Filling up the DagBag from /home/airflow/.local/lib/python3.7/site-packages/airflow/example_dags/example_branch_operator.py
[2022-10-06T00:44:45.178+0000] {processor.py:768} INFO - DAG(s) dict_keys(['example_branch_operator']) retrieved from /home/airflow/.local/lib/python3.7/site-packages/airflow/example_dags/example_branch_operator.py
[2022-10-06T00:44:45.208+0000] {logging_mixin.py:117} INFO - [2022-10-06T00:44:45.208+0000] {dag.py:2573} INFO - Sync 1 DAGs
[2022-10-06T00:44:45.226+0000] {logging_mixin.py:117} INFO - [2022-10-06T00:44:45.226+0000] {dag.py:3328} INFO - Setting next_dagrun for example_branch_operator to 2022-10-05T00:00:00+00:00, run_after=2022-10-06T00:00:00+00:00
[2022-10-06T00:44:45.239+0000] {processor.py:178} INFO - Processing /home/airflow/.local/lib/python3.7/site-packages/airflow/example_dags/example_branch_operator.py took 0.075 seconds
[2022-10-06T00:45:16.081+0000] {processor.py:156} INFO - Started process (PID=852) to work on /home/airflow/.local/lib/python3.7/site-packages/airflow/example_dags/example_branch_operator.py
[2022-10-06T00:45:16.082+0000] {processor.py:758} INFO - Processing file /home/airflow/.local/lib/python3.7/site-packages/airflow/example_dags/example_branch_operator.py for tasks to queue
[2022-10-06T00:45:16.082+0000] {logging_mixin.py:117} INFO - [2022-10-06T00:45:16.082+0000] {dagbag.py:525} INFO - Filling up the DagBag from /home/airflow/.local/lib/python3.7/site-packages/airflow/example_dags/example_branch_operator.py
[2022-10-06T00:45:16.093+0000] {processor.py:768} INFO - DAG(s) dict_keys(['example_branch_operator']) retrieved from /home/airflow/.local/lib/python3.7/site-packages/airflow/example_dags/example_branch_operator.py
[2022-10-06T00:45:16.118+0000] {logging_mixin.py:117} INFO - [2022-10-06T00:45:16.118+0000] {dag.py:2573} INFO - Sync 1 DAGs
[2022-10-06T00:45:16.137+0000] {logging_mixin.py:117} INFO - [2022-10-06T00:45:16.137+0000] {dag.py:3328} INFO - Setting next_dagrun for example_branch_operator to 2022-10-05T00:00:00+00:00, run_after=2022-10-06T00:00:00+00:00
[2022-10-06T00:45:16.151+0000] {processor.py:178} INFO - Processing /home/airflow/.local/lib/python3.7/site-packages/airflow/example_dags/example_branch_operator.py took 0.072 seconds
[2022-10-06T00:45:46.953+0000] {processor.py:156} INFO - Started process (PID=916) to work on /home/airflow/.local/lib/python3.7/site-packages/airflow/example_dags/example_branch_operator.py
[2022-10-06T00:45:46.954+0000] {processor.py:758} INFO - Processing file /home/airflow/.local/lib/python3.7/site-packages/airflow/example_dags/example_branch_operator.py for tasks to queue
[2022-10-06T00:45:46.954+0000] {logging_mixin.py:117} INFO - [2022-10-06T00:45:46.954+0000] {dagbag.py:525} INFO - Filling up the DagBag from /home/airflow/.local/lib/python3.7/site-packages/airflow/example_dags/example_branch_operator.py
[2022-10-06T00:45:46.966+0000] {processor.py:768} INFO - DAG(s) dict_keys(['example_branch_operator']) retrieved from /home/airflow/.local/lib/python3.7/site-packages/airflow/example_dags/example_branch_operator.py
[2022-10-06T00:45:46.994+0000] {logging_mixin.py:117} INFO - [2022-10-06T00:45:46.994+0000] {dag.py:2573} INFO - Sync 1 DAGs
[2022-10-06T00:45:47.013+0000] {logging_mixin.py:117} INFO - [2022-10-06T00:45:47.012+0000] {dag.py:3328} INFO - Setting next_dagrun for example_branch_operator to 2022-10-05T00:00:00+00:00, run_after=2022-10-06T00:00:00+00:00
[2022-10-06T00:45:47.025+0000] {processor.py:178} INFO - Processing /home/airflow/.local/lib/python3.7/site-packages/airflow/example_dags/example_branch_operator.py took 0.073 seconds
[2022-10-06T00:46:17.802+0000] {processor.py:156} INFO - Started process (PID=980) to work on /home/airflow/.local/lib/python3.7/site-packages/airflow/example_dags/example_branch_operator.py
[2022-10-06T00:46:17.802+0000] {processor.py:758} INFO - Processing file /home/airflow/.local/lib/python3.7/site-packages/airflow/example_dags/example_branch_operator.py for tasks to queue
[2022-10-06T00:46:17.803+0000] {logging_mixin.py:117} INFO - [2022-10-06T00:46:17.803+0000] {dagbag.py:525} INFO - Filling up the DagBag from /home/airflow/.local/lib/python3.7/site-packages/airflow/example_dags/example_branch_operator.py
[2022-10-06T00:46:17.814+0000] {processor.py:768} INFO - DAG(s) dict_keys(['example_branch_operator']) retrieved from /home/airflow/.local/lib/python3.7/site-packages/airflow/example_dags/example_branch_operator.py
[2022-10-06T00:46:17.840+0000] {logging_mixin.py:117} INFO - [2022-10-06T00:46:17.840+0000] {dag.py:2573} INFO - Sync 1 DAGs
[2022-10-06T00:46:17.858+0000] {logging_mixin.py:117} INFO - [2022-10-06T00:46:17.858+0000] {dag.py:3328} INFO - Setting next_dagrun for example_branch_operator to 2022-10-05T00:00:00+00:00, run_after=2022-10-06T00:00:00+00:00
[2022-10-06T00:46:17.870+0000] {processor.py:178} INFO - Processing /home/airflow/.local/lib/python3.7/site-packages/airflow/example_dags/example_branch_operator.py took 0.070 seconds
[2022-10-06T00:46:48.576+0000] {processor.py:156} INFO - Started process (PID=1044) to work on /home/airflow/.local/lib/python3.7/site-packages/airflow/example_dags/example_branch_operator.py
[2022-10-06T00:46:48.576+0000] {processor.py:758} INFO - Processing file /home/airflow/.local/lib/python3.7/site-packages/airflow/example_dags/example_branch_operator.py for tasks to queue
[2022-10-06T00:46:48.577+0000] {logging_mixin.py:117} INFO - [2022-10-06T00:46:48.577+0000] {dagbag.py:525} INFO - Filling up the DagBag from /home/airflow/.local/lib/python3.7/site-packages/airflow/example_dags/example_branch_operator.py
[2022-10-06T00:46:48.590+0000] {processor.py:768} INFO - DAG(s) dict_keys(['example_branch_operator']) retrieved from /home/airflow/.local/lib/python3.7/site-packages/airflow/example_dags/example_branch_operator.py
[2022-10-06T00:46:48.617+0000] {logging_mixin.py:117} INFO - [2022-10-06T00:46:48.617+0000] {dag.py:2573} INFO - Sync 1 DAGs
[2022-10-06T00:46:48.636+0000] {logging_mixin.py:117} INFO - [2022-10-06T00:46:48.636+0000] {dag.py:3328} INFO - Setting next_dagrun for example_branch_operator to 2022-10-05T00:00:00+00:00, run_after=2022-10-06T00:00:00+00:00
[2022-10-06T00:46:48.648+0000] {processor.py:178} INFO - Processing /home/airflow/.local/lib/python3.7/site-packages/airflow/example_dags/example_branch_operator.py took 0.074 seconds
[2022-10-06T00:47:19.539+0000] {processor.py:156} INFO - Started process (PID=1107) to work on /home/airflow/.local/lib/python3.7/site-packages/airflow/example_dags/example_branch_operator.py
[2022-10-06T00:47:19.539+0000] {processor.py:758} INFO - Processing file /home/airflow/.local/lib/python3.7/site-packages/airflow/example_dags/example_branch_operator.py for tasks to queue
[2022-10-06T00:47:19.540+0000] {logging_mixin.py:117} INFO - [2022-10-06T00:47:19.540+0000] {dagbag.py:525} INFO - Filling up the DagBag from /home/airflow/.local/lib/python3.7/site-packages/airflow/example_dags/example_branch_operator.py
[2022-10-06T00:47:19.552+0000] {processor.py:768} INFO - DAG(s) dict_keys(['example_branch_operator']) retrieved from /home/airflow/.local/lib/python3.7/site-packages/airflow/example_dags/example_branch_operator.py
[2022-10-06T00:47:19.577+0000] {logging_mixin.py:117} INFO - [2022-10-06T00:47:19.576+0000] {dag.py:2573} INFO - Sync 1 DAGs
[2022-10-06T00:47:19.594+0000] {logging_mixin.py:117} INFO - [2022-10-06T00:47:19.594+0000] {dag.py:3328} INFO - Setting next_dagrun for example_branch_operator to 2022-10-05T00:00:00+00:00, run_after=2022-10-06T00:00:00+00:00
[2022-10-06T00:47:19.607+0000] {processor.py:178} INFO - Processing /home/airflow/.local/lib/python3.7/site-packages/airflow/example_dags/example_branch_operator.py took 0.070 seconds
[2022-10-06T00:47:50.619+0000] {processor.py:156} INFO - Started process (PID=1162) to work on /home/airflow/.local/lib/python3.7/site-packages/airflow/example_dags/example_branch_operator.py
[2022-10-06T00:47:50.619+0000] {processor.py:758} INFO - Processing file /home/airflow/.local/lib/python3.7/site-packages/airflow/example_dags/example_branch_operator.py for tasks to queue
[2022-10-06T00:47:50.620+0000] {logging_mixin.py:117} INFO - [2022-10-06T00:47:50.620+0000] {dagbag.py:525} INFO - Filling up the DagBag from /home/airflow/.local/lib/python3.7/site-packages/airflow/example_dags/example_branch_operator.py
[2022-10-06T00:47:50.632+0000] {processor.py:768} INFO - DAG(s) dict_keys(['example_branch_operator']) retrieved from /home/airflow/.local/lib/python3.7/site-packages/airflow/example_dags/example_branch_operator.py
[2022-10-06T00:47:50.720+0000] {logging_mixin.py:117} INFO - [2022-10-06T00:47:50.720+0000] {dag.py:2573} INFO - Sync 1 DAGs
[2022-10-06T00:47:50.740+0000] {logging_mixin.py:117} INFO - [2022-10-06T00:47:50.739+0000] {dag.py:3328} INFO - Setting next_dagrun for example_branch_operator to 2022-10-05T00:00:00+00:00, run_after=2022-10-06T00:00:00+00:00
[2022-10-06T00:47:50.753+0000] {processor.py:178} INFO - Processing /home/airflow/.local/lib/python3.7/site-packages/airflow/example_dags/example_branch_operator.py took 0.137 seconds
[2022-10-06T00:48:20.851+0000] {processor.py:156} INFO - Started process (PID=1227) to work on /home/airflow/.local/lib/python3.7/site-packages/airflow/example_dags/example_branch_operator.py
[2022-10-06T00:48:20.851+0000] {processor.py:758} INFO - Processing file /home/airflow/.local/lib/python3.7/site-packages/airflow/example_dags/example_branch_operator.py for tasks to queue
[2022-10-06T00:48:20.852+0000] {logging_mixin.py:117} INFO - [2022-10-06T00:48:20.852+0000] {dagbag.py:525} INFO - Filling up the DagBag from /home/airflow/.local/lib/python3.7/site-packages/airflow/example_dags/example_branch_operator.py
[2022-10-06T00:48:20.864+0000] {processor.py:768} INFO - DAG(s) dict_keys(['example_branch_operator']) retrieved from /home/airflow/.local/lib/python3.7/site-packages/airflow/example_dags/example_branch_operator.py
[2022-10-06T00:48:20.890+0000] {logging_mixin.py:117} INFO - [2022-10-06T00:48:20.890+0000] {dag.py:2573} INFO - Sync 1 DAGs
[2022-10-06T00:48:20.907+0000] {logging_mixin.py:117} INFO - [2022-10-06T00:48:20.907+0000] {dag.py:3328} INFO - Setting next_dagrun for example_branch_operator to 2022-10-05T00:00:00+00:00, run_after=2022-10-06T00:00:00+00:00
[2022-10-06T00:48:20.920+0000] {processor.py:178} INFO - Processing /home/airflow/.local/lib/python3.7/site-packages/airflow/example_dags/example_branch_operator.py took 0.070 seconds
[2022-10-06T00:48:51.210+0000] {processor.py:156} INFO - Started process (PID=1291) to work on /home/airflow/.local/lib/python3.7/site-packages/airflow/example_dags/example_branch_operator.py
[2022-10-06T00:48:51.211+0000] {processor.py:758} INFO - Processing file /home/airflow/.local/lib/python3.7/site-packages/airflow/example_dags/example_branch_operator.py for tasks to queue
[2022-10-06T00:48:51.211+0000] {logging_mixin.py:117} INFO - [2022-10-06T00:48:51.211+0000] {dagbag.py:525} INFO - Filling up the DagBag from /home/airflow/.local/lib/python3.7/site-packages/airflow/example_dags/example_branch_operator.py
[2022-10-06T00:48:51.222+0000] {processor.py:768} INFO - DAG(s) dict_keys(['example_branch_operator']) retrieved from /home/airflow/.local/lib/python3.7/site-packages/airflow/example_dags/example_branch_operator.py
[2022-10-06T00:48:51.248+0000] {logging_mixin.py:117} INFO - [2022-10-06T00:48:51.248+0000] {dag.py:2573} INFO - Sync 1 DAGs
[2022-10-06T00:48:51.280+0000] {logging_mixin.py:117} INFO - [2022-10-06T00:48:51.280+0000] {dag.py:3328} INFO - Setting next_dagrun for example_branch_operator to 2022-10-05T00:00:00+00:00, run_after=2022-10-06T00:00:00+00:00
[2022-10-06T00:48:51.298+0000] {processor.py:178} INFO - Processing /home/airflow/.local/lib/python3.7/site-packages/airflow/example_dags/example_branch_operator.py took 0.090 seconds
[2022-10-06T00:49:22.354+0000] {processor.py:156} INFO - Started process (PID=1356) to work on /home/airflow/.local/lib/python3.7/site-packages/airflow/example_dags/example_branch_operator.py
[2022-10-06T00:49:22.355+0000] {processor.py:758} INFO - Processing file /home/airflow/.local/lib/python3.7/site-packages/airflow/example_dags/example_branch_operator.py for tasks to queue
[2022-10-06T00:49:22.355+0000] {logging_mixin.py:117} INFO - [2022-10-06T00:49:22.355+0000] {dagbag.py:525} INFO - Filling up the DagBag from /home/airflow/.local/lib/python3.7/site-packages/airflow/example_dags/example_branch_operator.py
[2022-10-06T00:49:22.369+0000] {processor.py:768} INFO - DAG(s) dict_keys(['example_branch_operator']) retrieved from /home/airflow/.local/lib/python3.7/site-packages/airflow/example_dags/example_branch_operator.py
[2022-10-06T00:49:22.394+0000] {logging_mixin.py:117} INFO - [2022-10-06T00:49:22.394+0000] {dag.py:2573} INFO - Sync 1 DAGs
[2022-10-06T00:49:22.413+0000] {logging_mixin.py:117} INFO - [2022-10-06T00:49:22.413+0000] {dag.py:3328} INFO - Setting next_dagrun for example_branch_operator to 2022-10-05T00:00:00+00:00, run_after=2022-10-06T00:00:00+00:00
[2022-10-06T00:49:22.426+0000] {processor.py:178} INFO - Processing /home/airflow/.local/lib/python3.7/site-packages/airflow/example_dags/example_branch_operator.py took 0.074 seconds
[2022-10-06T23:51:07.505+0000] {processor.py:156} INFO - Started process (PID=47) to work on /home/airflow/.local/lib/python3.7/site-packages/airflow/example_dags/example_branch_operator.py
[2022-10-06T23:51:07.506+0000] {processor.py:758} INFO - Processing file /home/airflow/.local/lib/python3.7/site-packages/airflow/example_dags/example_branch_operator.py for tasks to queue
[2022-10-06T23:51:07.506+0000] {logging_mixin.py:117} INFO - [2022-10-06T23:51:07.506+0000] {dagbag.py:525} INFO - Filling up the DagBag from /home/airflow/.local/lib/python3.7/site-packages/airflow/example_dags/example_branch_operator.py
[2022-10-06T23:51:07.523+0000] {processor.py:768} INFO - DAG(s) dict_keys(['example_branch_operator']) retrieved from /home/airflow/.local/lib/python3.7/site-packages/airflow/example_dags/example_branch_operator.py
[2022-10-06T23:51:07.544+0000] {logging_mixin.py:117} INFO - [2022-10-06T23:51:07.544+0000] {dag.py:2573} INFO - Sync 1 DAGs
[2022-10-06T23:51:07.574+0000] {logging_mixin.py:117} INFO - [2022-10-06T23:51:07.574+0000] {dag.py:3328} INFO - Setting next_dagrun for example_branch_operator to 2022-10-05T00:00:00+00:00, run_after=2022-10-06T00:00:00+00:00
[2022-10-06T23:51:07.591+0000] {processor.py:178} INFO - Processing /home/airflow/.local/lib/python3.7/site-packages/airflow/example_dags/example_branch_operator.py took 0.088 seconds
[2022-10-06T23:51:38.340+0000] {processor.py:156} INFO - Started process (PID=111) to work on /home/airflow/.local/lib/python3.7/site-packages/airflow/example_dags/example_branch_operator.py
[2022-10-06T23:51:38.341+0000] {processor.py:758} INFO - Processing file /home/airflow/.local/lib/python3.7/site-packages/airflow/example_dags/example_branch_operator.py for tasks to queue
[2022-10-06T23:51:38.342+0000] {logging_mixin.py:117} INFO - [2022-10-06T23:51:38.342+0000] {dagbag.py:525} INFO - Filling up the DagBag from /home/airflow/.local/lib/python3.7/site-packages/airflow/example_dags/example_branch_operator.py
[2022-10-06T23:51:38.357+0000] {processor.py:768} INFO - DAG(s) dict_keys(['example_branch_operator']) retrieved from /home/airflow/.local/lib/python3.7/site-packages/airflow/example_dags/example_branch_operator.py
[2022-10-06T23:51:38.387+0000] {logging_mixin.py:117} INFO - [2022-10-06T23:51:38.387+0000] {dag.py:2573} INFO - Sync 1 DAGs
[2022-10-06T23:51:38.430+0000] {logging_mixin.py:117} INFO - [2022-10-06T23:51:38.430+0000] {dag.py:3328} INFO - Setting next_dagrun for example_branch_operator to 2022-10-05T00:00:00+00:00, run_after=2022-10-06T00:00:00+00:00
[2022-10-06T23:51:38.453+0000] {processor.py:178} INFO - Processing /home/airflow/.local/lib/python3.7/site-packages/airflow/example_dags/example_branch_operator.py took 0.115 seconds
[2022-10-06T23:52:08.661+0000] {processor.py:156} INFO - Started process (PID=176) to work on /home/airflow/.local/lib/python3.7/site-packages/airflow/example_dags/example_branch_operator.py
[2022-10-06T23:52:08.662+0000] {processor.py:758} INFO - Processing file /home/airflow/.local/lib/python3.7/site-packages/airflow/example_dags/example_branch_operator.py for tasks to queue
[2022-10-06T23:52:08.662+0000] {logging_mixin.py:117} INFO - [2022-10-06T23:52:08.662+0000] {dagbag.py:525} INFO - Filling up the DagBag from /home/airflow/.local/lib/python3.7/site-packages/airflow/example_dags/example_branch_operator.py
[2022-10-06T23:52:08.675+0000] {processor.py:768} INFO - DAG(s) dict_keys(['example_branch_operator']) retrieved from /home/airflow/.local/lib/python3.7/site-packages/airflow/example_dags/example_branch_operator.py
[2022-10-06T23:52:08.702+0000] {logging_mixin.py:117} INFO - [2022-10-06T23:52:08.702+0000] {dag.py:2573} INFO - Sync 1 DAGs
[2022-10-06T23:52:08.723+0000] {logging_mixin.py:117} INFO - [2022-10-06T23:52:08.723+0000] {dag.py:3328} INFO - Setting next_dagrun for example_branch_operator to 2022-10-05T00:00:00+00:00, run_after=2022-10-06T00:00:00+00:00
[2022-10-06T23:52:08.740+0000] {processor.py:178} INFO - Processing /home/airflow/.local/lib/python3.7/site-packages/airflow/example_dags/example_branch_operator.py took 0.081 seconds
[2022-10-06T23:52:39.674+0000] {processor.py:156} INFO - Started process (PID=240) to work on /home/airflow/.local/lib/python3.7/site-packages/airflow/example_dags/example_branch_operator.py
[2022-10-06T23:52:39.675+0000] {processor.py:758} INFO - Processing file /home/airflow/.local/lib/python3.7/site-packages/airflow/example_dags/example_branch_operator.py for tasks to queue
[2022-10-06T23:52:39.675+0000] {logging_mixin.py:117} INFO - [2022-10-06T23:52:39.675+0000] {dagbag.py:525} INFO - Filling up the DagBag from /home/airflow/.local/lib/python3.7/site-packages/airflow/example_dags/example_branch_operator.py
[2022-10-06T23:52:39.687+0000] {processor.py:768} INFO - DAG(s) dict_keys(['example_branch_operator']) retrieved from /home/airflow/.local/lib/python3.7/site-packages/airflow/example_dags/example_branch_operator.py
[2022-10-06T23:52:39.713+0000] {logging_mixin.py:117} INFO - [2022-10-06T23:52:39.713+0000] {dag.py:2573} INFO - Sync 1 DAGs
[2022-10-06T23:52:39.734+0000] {logging_mixin.py:117} INFO - [2022-10-06T23:52:39.734+0000] {dag.py:3328} INFO - Setting next_dagrun for example_branch_operator to 2022-10-05T00:00:00+00:00, run_after=2022-10-06T00:00:00+00:00
[2022-10-06T23:52:39.747+0000] {processor.py:178} INFO - Processing /home/airflow/.local/lib/python3.7/site-packages/airflow/example_dags/example_branch_operator.py took 0.075 seconds
[2022-10-06T23:53:09.941+0000] {processor.py:156} INFO - Started process (PID=295) to work on /home/airflow/.local/lib/python3.7/site-packages/airflow/example_dags/example_branch_operator.py
[2022-10-06T23:53:09.942+0000] {processor.py:758} INFO - Processing file /home/airflow/.local/lib/python3.7/site-packages/airflow/example_dags/example_branch_operator.py for tasks to queue
[2022-10-06T23:53:09.942+0000] {logging_mixin.py:117} INFO - [2022-10-06T23:53:09.942+0000] {dagbag.py:525} INFO - Filling up the DagBag from /home/airflow/.local/lib/python3.7/site-packages/airflow/example_dags/example_branch_operator.py
[2022-10-06T23:53:09.953+0000] {processor.py:768} INFO - DAG(s) dict_keys(['example_branch_operator']) retrieved from /home/airflow/.local/lib/python3.7/site-packages/airflow/example_dags/example_branch_operator.py
[2022-10-06T23:53:09.989+0000] {logging_mixin.py:117} INFO - [2022-10-06T23:53:09.988+0000] {dag.py:2573} INFO - Sync 1 DAGs
[2022-10-06T23:53:10.012+0000] {logging_mixin.py:117} INFO - [2022-10-06T23:53:10.012+0000] {dag.py:3328} INFO - Setting next_dagrun for example_branch_operator to 2022-10-05T00:00:00+00:00, run_after=2022-10-06T00:00:00+00:00
[2022-10-06T23:53:10.026+0000] {processor.py:178} INFO - Processing /home/airflow/.local/lib/python3.7/site-packages/airflow/example_dags/example_branch_operator.py took 0.086 seconds
[2022-10-06T23:53:40.143+0000] {processor.py:156} INFO - Started process (PID=365) to work on /home/airflow/.local/lib/python3.7/site-packages/airflow/example_dags/example_branch_operator.py
[2022-10-06T23:53:40.143+0000] {processor.py:758} INFO - Processing file /home/airflow/.local/lib/python3.7/site-packages/airflow/example_dags/example_branch_operator.py for tasks to queue
[2022-10-06T23:53:40.144+0000] {logging_mixin.py:117} INFO - [2022-10-06T23:53:40.144+0000] {dagbag.py:525} INFO - Filling up the DagBag from /home/airflow/.local/lib/python3.7/site-packages/airflow/example_dags/example_branch_operator.py
[2022-10-06T23:53:40.157+0000] {processor.py:768} INFO - DAG(s) dict_keys(['example_branch_operator']) retrieved from /home/airflow/.local/lib/python3.7/site-packages/airflow/example_dags/example_branch_operator.py
[2022-10-06T23:53:40.187+0000] {logging_mixin.py:117} INFO - [2022-10-06T23:53:40.187+0000] {dag.py:2573} INFO - Sync 1 DAGs
[2022-10-06T23:53:40.206+0000] {logging_mixin.py:117} INFO - [2022-10-06T23:53:40.206+0000] {dag.py:3328} INFO - Setting next_dagrun for example_branch_operator to 2022-10-05T00:00:00+00:00, run_after=2022-10-06T00:00:00+00:00
[2022-10-06T23:53:40.220+0000] {processor.py:178} INFO - Processing /home/airflow/.local/lib/python3.7/site-packages/airflow/example_dags/example_branch_operator.py took 0.078 seconds
[2022-10-06T23:54:10.294+0000] {processor.py:156} INFO - Started process (PID=429) to work on /home/airflow/.local/lib/python3.7/site-packages/airflow/example_dags/example_branch_operator.py
[2022-10-06T23:54:10.295+0000] {processor.py:758} INFO - Processing file /home/airflow/.local/lib/python3.7/site-packages/airflow/example_dags/example_branch_operator.py for tasks to queue
[2022-10-06T23:54:10.295+0000] {logging_mixin.py:117} INFO - [2022-10-06T23:54:10.295+0000] {dagbag.py:525} INFO - Filling up the DagBag from /home/airflow/.local/lib/python3.7/site-packages/airflow/example_dags/example_branch_operator.py
[2022-10-06T23:54:10.317+0000] {processor.py:768} INFO - DAG(s) dict_keys(['example_branch_operator']) retrieved from /home/airflow/.local/lib/python3.7/site-packages/airflow/example_dags/example_branch_operator.py
[2022-10-06T23:54:10.355+0000] {logging_mixin.py:117} INFO - [2022-10-06T23:54:10.355+0000] {dag.py:2573} INFO - Sync 1 DAGs
[2022-10-06T23:54:10.383+0000] {logging_mixin.py:117} INFO - [2022-10-06T23:54:10.383+0000] {dag.py:3328} INFO - Setting next_dagrun for example_branch_operator to 2022-10-05T00:00:00+00:00, run_after=2022-10-06T00:00:00+00:00
[2022-10-06T23:54:10.401+0000] {processor.py:178} INFO - Processing /home/airflow/.local/lib/python3.7/site-packages/airflow/example_dags/example_branch_operator.py took 0.109 seconds
[2022-10-06T23:54:40.470+0000] {processor.py:156} INFO - Started process (PID=494) to work on /home/airflow/.local/lib/python3.7/site-packages/airflow/example_dags/example_branch_operator.py
[2022-10-06T23:54:40.470+0000] {processor.py:758} INFO - Processing file /home/airflow/.local/lib/python3.7/site-packages/airflow/example_dags/example_branch_operator.py for tasks to queue
[2022-10-06T23:54:40.471+0000] {logging_mixin.py:117} INFO - [2022-10-06T23:54:40.471+0000] {dagbag.py:525} INFO - Filling up the DagBag from /home/airflow/.local/lib/python3.7/site-packages/airflow/example_dags/example_branch_operator.py
[2022-10-06T23:54:40.483+0000] {processor.py:768} INFO - DAG(s) dict_keys(['example_branch_operator']) retrieved from /home/airflow/.local/lib/python3.7/site-packages/airflow/example_dags/example_branch_operator.py
[2022-10-06T23:54:40.510+0000] {logging_mixin.py:117} INFO - [2022-10-06T23:54:40.509+0000] {dag.py:2573} INFO - Sync 1 DAGs
[2022-10-06T23:54:40.530+0000] {logging_mixin.py:117} INFO - [2022-10-06T23:54:40.529+0000] {dag.py:3328} INFO - Setting next_dagrun for example_branch_operator to 2022-10-05T00:00:00+00:00, run_after=2022-10-06T00:00:00+00:00
[2022-10-06T23:54:40.543+0000] {processor.py:178} INFO - Processing /home/airflow/.local/lib/python3.7/site-packages/airflow/example_dags/example_branch_operator.py took 0.075 seconds
[2022-10-06T23:55:10.769+0000] {processor.py:156} INFO - Started process (PID=549) to work on /home/airflow/.local/lib/python3.7/site-packages/airflow/example_dags/example_branch_operator.py
[2022-10-06T23:55:10.806+0000] {processor.py:758} INFO - Processing file /home/airflow/.local/lib/python3.7/site-packages/airflow/example_dags/example_branch_operator.py for tasks to queue
[2022-10-06T23:55:10.807+0000] {logging_mixin.py:117} INFO - [2022-10-06T23:55:10.807+0000] {dagbag.py:525} INFO - Filling up the DagBag from /home/airflow/.local/lib/python3.7/site-packages/airflow/example_dags/example_branch_operator.py
[2022-10-06T23:55:10.819+0000] {processor.py:768} INFO - DAG(s) dict_keys(['example_branch_operator']) retrieved from /home/airflow/.local/lib/python3.7/site-packages/airflow/example_dags/example_branch_operator.py
[2022-10-06T23:55:10.845+0000] {logging_mixin.py:117} INFO - [2022-10-06T23:55:10.845+0000] {dag.py:2573} INFO - Sync 1 DAGs
[2022-10-06T23:55:10.864+0000] {logging_mixin.py:117} INFO - [2022-10-06T23:55:10.864+0000] {dag.py:3328} INFO - Setting next_dagrun for example_branch_operator to 2022-10-05T00:00:00+00:00, run_after=2022-10-06T00:00:00+00:00
[2022-10-06T23:55:10.876+0000] {processor.py:178} INFO - Processing /home/airflow/.local/lib/python3.7/site-packages/airflow/example_dags/example_branch_operator.py took 0.109 seconds
[2022-10-06T23:55:40.891+0000] {processor.py:156} INFO - Started process (PID=613) to work on /home/airflow/.local/lib/python3.7/site-packages/airflow/example_dags/example_branch_operator.py
[2022-10-06T23:55:40.891+0000] {processor.py:758} INFO - Processing file /home/airflow/.local/lib/python3.7/site-packages/airflow/example_dags/example_branch_operator.py for tasks to queue
[2022-10-06T23:55:40.892+0000] {logging_mixin.py:117} INFO - [2022-10-06T23:55:40.892+0000] {dagbag.py:525} INFO - Filling up the DagBag from /home/airflow/.local/lib/python3.7/site-packages/airflow/example_dags/example_branch_operator.py
[2022-10-06T23:55:40.903+0000] {processor.py:768} INFO - DAG(s) dict_keys(['example_branch_operator']) retrieved from /home/airflow/.local/lib/python3.7/site-packages/airflow/example_dags/example_branch_operator.py
[2022-10-06T23:55:40.931+0000] {logging_mixin.py:117} INFO - [2022-10-06T23:55:40.931+0000] {dag.py:2573} INFO - Sync 1 DAGs
[2022-10-06T23:55:40.951+0000] {logging_mixin.py:117} INFO - [2022-10-06T23:55:40.951+0000] {dag.py:3328} INFO - Setting next_dagrun for example_branch_operator to 2022-10-05T00:00:00+00:00, run_after=2022-10-06T00:00:00+00:00
[2022-10-06T23:55:40.965+0000] {processor.py:178} INFO - Processing /home/airflow/.local/lib/python3.7/site-packages/airflow/example_dags/example_branch_operator.py took 0.076 seconds
[2022-10-06T23:56:11.845+0000] {processor.py:156} INFO - Started process (PID=677) to work on /home/airflow/.local/lib/python3.7/site-packages/airflow/example_dags/example_branch_operator.py
[2022-10-06T23:56:11.846+0000] {processor.py:758} INFO - Processing file /home/airflow/.local/lib/python3.7/site-packages/airflow/example_dags/example_branch_operator.py for tasks to queue
[2022-10-06T23:56:11.847+0000] {logging_mixin.py:117} INFO - [2022-10-06T23:56:11.847+0000] {dagbag.py:525} INFO - Filling up the DagBag from /home/airflow/.local/lib/python3.7/site-packages/airflow/example_dags/example_branch_operator.py
[2022-10-06T23:56:11.872+0000] {processor.py:768} INFO - DAG(s) dict_keys(['example_branch_operator']) retrieved from /home/airflow/.local/lib/python3.7/site-packages/airflow/example_dags/example_branch_operator.py
[2022-10-06T23:56:11.907+0000] {logging_mixin.py:117} INFO - [2022-10-06T23:56:11.907+0000] {dag.py:2573} INFO - Sync 1 DAGs
[2022-10-06T23:56:11.930+0000] {logging_mixin.py:117} INFO - [2022-10-06T23:56:11.930+0000] {dag.py:3328} INFO - Setting next_dagrun for example_branch_operator to 2022-10-05T00:00:00+00:00, run_after=2022-10-06T00:00:00+00:00
[2022-10-06T23:56:11.947+0000] {processor.py:178} INFO - Processing /home/airflow/.local/lib/python3.7/site-packages/airflow/example_dags/example_branch_operator.py took 0.103 seconds
[2022-10-06T23:56:42.822+0000] {processor.py:156} INFO - Started process (PID=741) to work on /home/airflow/.local/lib/python3.7/site-packages/airflow/example_dags/example_branch_operator.py
[2022-10-06T23:56:42.860+0000] {processor.py:758} INFO - Processing file /home/airflow/.local/lib/python3.7/site-packages/airflow/example_dags/example_branch_operator.py for tasks to queue
[2022-10-06T23:56:42.860+0000] {logging_mixin.py:117} INFO - [2022-10-06T23:56:42.860+0000] {dagbag.py:525} INFO - Filling up the DagBag from /home/airflow/.local/lib/python3.7/site-packages/airflow/example_dags/example_branch_operator.py
[2022-10-06T23:56:42.874+0000] {processor.py:768} INFO - DAG(s) dict_keys(['example_branch_operator']) retrieved from /home/airflow/.local/lib/python3.7/site-packages/airflow/example_dags/example_branch_operator.py
[2022-10-06T23:56:42.909+0000] {logging_mixin.py:117} INFO - [2022-10-06T23:56:42.909+0000] {dag.py:2573} INFO - Sync 1 DAGs
[2022-10-06T23:56:42.933+0000] {logging_mixin.py:117} INFO - [2022-10-06T23:56:42.933+0000] {dag.py:3328} INFO - Setting next_dagrun for example_branch_operator to 2022-10-05T00:00:00+00:00, run_after=2022-10-06T00:00:00+00:00
[2022-10-06T23:56:42.948+0000] {processor.py:178} INFO - Processing /home/airflow/.local/lib/python3.7/site-packages/airflow/example_dags/example_branch_operator.py took 0.128 seconds
[2022-10-06T23:57:13.025+0000] {processor.py:156} INFO - Started process (PID=796) to work on /home/airflow/.local/lib/python3.7/site-packages/airflow/example_dags/example_branch_operator.py
[2022-10-06T23:57:13.032+0000] {processor.py:758} INFO - Processing file /home/airflow/.local/lib/python3.7/site-packages/airflow/example_dags/example_branch_operator.py for tasks to queue
[2022-10-06T23:57:13.033+0000] {logging_mixin.py:117} INFO - [2022-10-06T23:57:13.033+0000] {dagbag.py:525} INFO - Filling up the DagBag from /home/airflow/.local/lib/python3.7/site-packages/airflow/example_dags/example_branch_operator.py
[2022-10-06T23:57:13.047+0000] {processor.py:768} INFO - DAG(s) dict_keys(['example_branch_operator']) retrieved from /home/airflow/.local/lib/python3.7/site-packages/airflow/example_dags/example_branch_operator.py
[2022-10-06T23:57:13.078+0000] {logging_mixin.py:117} INFO - [2022-10-06T23:57:13.078+0000] {dag.py:2573} INFO - Sync 1 DAGs
[2022-10-06T23:57:13.099+0000] {logging_mixin.py:117} INFO - [2022-10-06T23:57:13.099+0000] {dag.py:3328} INFO - Setting next_dagrun for example_branch_operator to 2022-10-05T00:00:00+00:00, run_after=2022-10-06T00:00:00+00:00
[2022-10-06T23:57:13.113+0000] {processor.py:178} INFO - Processing /home/airflow/.local/lib/python3.7/site-packages/airflow/example_dags/example_branch_operator.py took 0.091 seconds
[2022-10-06T23:57:44.067+0000] {processor.py:156} INFO - Started process (PID=862) to work on /home/airflow/.local/lib/python3.7/site-packages/airflow/example_dags/example_branch_operator.py
[2022-10-06T23:57:44.068+0000] {processor.py:758} INFO - Processing file /home/airflow/.local/lib/python3.7/site-packages/airflow/example_dags/example_branch_operator.py for tasks to queue
[2022-10-06T23:57:44.069+0000] {logging_mixin.py:117} INFO - [2022-10-06T23:57:44.069+0000] {dagbag.py:525} INFO - Filling up the DagBag from /home/airflow/.local/lib/python3.7/site-packages/airflow/example_dags/example_branch_operator.py
[2022-10-06T23:57:44.083+0000] {processor.py:768} INFO - DAG(s) dict_keys(['example_branch_operator']) retrieved from /home/airflow/.local/lib/python3.7/site-packages/airflow/example_dags/example_branch_operator.py
[2022-10-06T23:57:44.117+0000] {logging_mixin.py:117} INFO - [2022-10-06T23:57:44.117+0000] {dag.py:2573} INFO - Sync 1 DAGs
[2022-10-06T23:57:44.138+0000] {logging_mixin.py:117} INFO - [2022-10-06T23:57:44.138+0000] {dag.py:3328} INFO - Setting next_dagrun for example_branch_operator to 2022-10-05T00:00:00+00:00, run_after=2022-10-06T00:00:00+00:00
[2022-10-06T23:57:44.154+0000] {processor.py:178} INFO - Processing /home/airflow/.local/lib/python3.7/site-packages/airflow/example_dags/example_branch_operator.py took 0.089 seconds
[2022-10-06T23:58:15.075+0000] {processor.py:156} INFO - Started process (PID=926) to work on /home/airflow/.local/lib/python3.7/site-packages/airflow/example_dags/example_branch_operator.py
[2022-10-06T23:58:15.076+0000] {processor.py:758} INFO - Processing file /home/airflow/.local/lib/python3.7/site-packages/airflow/example_dags/example_branch_operator.py for tasks to queue
[2022-10-06T23:58:15.077+0000] {logging_mixin.py:117} INFO - [2022-10-06T23:58:15.076+0000] {dagbag.py:525} INFO - Filling up the DagBag from /home/airflow/.local/lib/python3.7/site-packages/airflow/example_dags/example_branch_operator.py
[2022-10-06T23:58:15.090+0000] {processor.py:768} INFO - DAG(s) dict_keys(['example_branch_operator']) retrieved from /home/airflow/.local/lib/python3.7/site-packages/airflow/example_dags/example_branch_operator.py
[2022-10-06T23:58:15.126+0000] {logging_mixin.py:117} INFO - [2022-10-06T23:58:15.126+0000] {dag.py:2573} INFO - Sync 1 DAGs
[2022-10-06T23:58:15.151+0000] {logging_mixin.py:117} INFO - [2022-10-06T23:58:15.151+0000] {dag.py:3328} INFO - Setting next_dagrun for example_branch_operator to 2022-10-05T00:00:00+00:00, run_after=2022-10-06T00:00:00+00:00
[2022-10-06T23:58:15.169+0000] {processor.py:178} INFO - Processing /home/airflow/.local/lib/python3.7/site-packages/airflow/example_dags/example_branch_operator.py took 0.096 seconds
[2022-10-06T23:58:46.167+0000] {processor.py:156} INFO - Started process (PID=990) to work on /home/airflow/.local/lib/python3.7/site-packages/airflow/example_dags/example_branch_operator.py
[2022-10-06T23:58:46.179+0000] {processor.py:758} INFO - Processing file /home/airflow/.local/lib/python3.7/site-packages/airflow/example_dags/example_branch_operator.py for tasks to queue
[2022-10-06T23:58:46.179+0000] {logging_mixin.py:117} INFO - [2022-10-06T23:58:46.179+0000] {dagbag.py:525} INFO - Filling up the DagBag from /home/airflow/.local/lib/python3.7/site-packages/airflow/example_dags/example_branch_operator.py
[2022-10-06T23:58:46.193+0000] {processor.py:768} INFO - DAG(s) dict_keys(['example_branch_operator']) retrieved from /home/airflow/.local/lib/python3.7/site-packages/airflow/example_dags/example_branch_operator.py
[2022-10-06T23:58:46.287+0000] {logging_mixin.py:117} INFO - [2022-10-06T23:58:46.287+0000] {dag.py:2573} INFO - Sync 1 DAGs
[2022-10-06T23:58:46.312+0000] {logging_mixin.py:117} INFO - [2022-10-06T23:58:46.312+0000] {dag.py:3328} INFO - Setting next_dagrun for example_branch_operator to 2022-10-05T00:00:00+00:00, run_after=2022-10-06T00:00:00+00:00
[2022-10-06T23:58:46.330+0000] {processor.py:178} INFO - Processing /home/airflow/.local/lib/python3.7/site-packages/airflow/example_dags/example_branch_operator.py took 0.164 seconds
[2022-10-06T23:59:16.517+0000] {processor.py:156} INFO - Started process (PID=1055) to work on /home/airflow/.local/lib/python3.7/site-packages/airflow/example_dags/example_branch_operator.py
[2022-10-06T23:59:16.518+0000] {processor.py:758} INFO - Processing file /home/airflow/.local/lib/python3.7/site-packages/airflow/example_dags/example_branch_operator.py for tasks to queue
[2022-10-06T23:59:16.518+0000] {logging_mixin.py:117} INFO - [2022-10-06T23:59:16.518+0000] {dagbag.py:525} INFO - Filling up the DagBag from /home/airflow/.local/lib/python3.7/site-packages/airflow/example_dags/example_branch_operator.py
[2022-10-06T23:59:16.530+0000] {processor.py:768} INFO - DAG(s) dict_keys(['example_branch_operator']) retrieved from /home/airflow/.local/lib/python3.7/site-packages/airflow/example_dags/example_branch_operator.py
[2022-10-06T23:59:16.566+0000] {logging_mixin.py:117} INFO - [2022-10-06T23:59:16.566+0000] {dag.py:2573} INFO - Sync 1 DAGs
[2022-10-06T23:59:16.589+0000] {logging_mixin.py:117} INFO - [2022-10-06T23:59:16.589+0000] {dag.py:3328} INFO - Setting next_dagrun for example_branch_operator to 2022-10-05T00:00:00+00:00, run_after=2022-10-06T00:00:00+00:00
[2022-10-06T23:59:16.603+0000] {processor.py:178} INFO - Processing /home/airflow/.local/lib/python3.7/site-packages/airflow/example_dags/example_branch_operator.py took 0.087 seconds
[2022-10-06T23:59:46.702+0000] {processor.py:156} INFO - Started process (PID=1110) to work on /home/airflow/.local/lib/python3.7/site-packages/airflow/example_dags/example_branch_operator.py
[2022-10-06T23:59:46.703+0000] {processor.py:758} INFO - Processing file /home/airflow/.local/lib/python3.7/site-packages/airflow/example_dags/example_branch_operator.py for tasks to queue
[2022-10-06T23:59:46.703+0000] {logging_mixin.py:117} INFO - [2022-10-06T23:59:46.703+0000] {dagbag.py:525} INFO - Filling up the DagBag from /home/airflow/.local/lib/python3.7/site-packages/airflow/example_dags/example_branch_operator.py
[2022-10-06T23:59:46.715+0000] {processor.py:768} INFO - DAG(s) dict_keys(['example_branch_operator']) retrieved from /home/airflow/.local/lib/python3.7/site-packages/airflow/example_dags/example_branch_operator.py
[2022-10-06T23:59:46.741+0000] {logging_mixin.py:117} INFO - [2022-10-06T23:59:46.741+0000] {dag.py:2573} INFO - Sync 1 DAGs
[2022-10-06T23:59:46.760+0000] {logging_mixin.py:117} INFO - [2022-10-06T23:59:46.759+0000] {dag.py:3328} INFO - Setting next_dagrun for example_branch_operator to 2022-10-05T00:00:00+00:00, run_after=2022-10-06T00:00:00+00:00
[2022-10-06T23:59:46.772+0000] {processor.py:178} INFO - Processing /home/airflow/.local/lib/python3.7/site-packages/airflow/example_dags/example_branch_operator.py took 0.072 seconds
