[2022-10-06T00:38:35.423+0000] {processor.py:156} INFO - Started process (PID=52) to work on /home/airflow/.local/lib/python3.7/site-packages/airflow/example_dags/example_branch_labels.py
[2022-10-06T00:38:35.423+0000] {processor.py:758} INFO - Processing file /home/airflow/.local/lib/python3.7/site-packages/airflow/example_dags/example_branch_labels.py for tasks to queue
[2022-10-06T00:38:35.424+0000] {logging_mixin.py:117} INFO - [2022-10-06T00:38:35.424+0000] {dagbag.py:525} INFO - Filling up the DagBag from /home/airflow/.local/lib/python3.7/site-packages/airflow/example_dags/example_branch_labels.py
[2022-10-06T00:38:35.437+0000] {processor.py:768} INFO - DAG(s) dict_keys(['example_branch_labels']) retrieved from /home/airflow/.local/lib/python3.7/site-packages/airflow/example_dags/example_branch_labels.py
[2022-10-06T00:38:35.584+0000] {logging_mixin.py:117} INFO - [2022-10-06T00:38:35.584+0000] {dag.py:2573} INFO - Sync 1 DAGs
[2022-10-06T00:38:35.606+0000] {logging_mixin.py:117} INFO - [2022-10-06T00:38:35.605+0000] {dag.py:3328} INFO - Setting next_dagrun for example_branch_labels to 2022-10-05T00:00:00+00:00, run_after=2022-10-06T00:00:00+00:00
[2022-10-06T00:38:35.621+0000] {processor.py:178} INFO - Processing /home/airflow/.local/lib/python3.7/site-packages/airflow/example_dags/example_branch_labels.py took 0.201 seconds
[2022-10-06T00:39:06.158+0000] {processor.py:156} INFO - Started process (PID=116) to work on /home/airflow/.local/lib/python3.7/site-packages/airflow/example_dags/example_branch_labels.py
[2022-10-06T00:39:06.159+0000] {processor.py:758} INFO - Processing file /home/airflow/.local/lib/python3.7/site-packages/airflow/example_dags/example_branch_labels.py for tasks to queue
[2022-10-06T00:39:06.159+0000] {logging_mixin.py:117} INFO - [2022-10-06T00:39:06.159+0000] {dagbag.py:525} INFO - Filling up the DagBag from /home/airflow/.local/lib/python3.7/site-packages/airflow/example_dags/example_branch_labels.py
[2022-10-06T00:39:06.170+0000] {processor.py:768} INFO - DAG(s) dict_keys(['example_branch_labels']) retrieved from /home/airflow/.local/lib/python3.7/site-packages/airflow/example_dags/example_branch_labels.py
[2022-10-06T00:39:06.281+0000] {logging_mixin.py:117} INFO - [2022-10-06T00:39:06.281+0000] {dag.py:2573} INFO - Sync 1 DAGs
[2022-10-06T00:39:06.302+0000] {logging_mixin.py:117} INFO - [2022-10-06T00:39:06.302+0000] {dag.py:3328} INFO - Setting next_dagrun for example_branch_labels to 2022-10-05T00:00:00+00:00, run_after=2022-10-06T00:00:00+00:00
[2022-10-06T00:39:06.313+0000] {processor.py:178} INFO - Processing /home/airflow/.local/lib/python3.7/site-packages/airflow/example_dags/example_branch_labels.py took 0.156 seconds
[2022-10-06T00:39:37.119+0000] {processor.py:156} INFO - Started process (PID=181) to work on /home/airflow/.local/lib/python3.7/site-packages/airflow/example_dags/example_branch_labels.py
[2022-10-06T00:39:37.120+0000] {processor.py:758} INFO - Processing file /home/airflow/.local/lib/python3.7/site-packages/airflow/example_dags/example_branch_labels.py for tasks to queue
[2022-10-06T00:39:37.120+0000] {logging_mixin.py:117} INFO - [2022-10-06T00:39:37.120+0000] {dagbag.py:525} INFO - Filling up the DagBag from /home/airflow/.local/lib/python3.7/site-packages/airflow/example_dags/example_branch_labels.py
[2022-10-06T00:39:37.224+0000] {processor.py:768} INFO - DAG(s) dict_keys(['example_branch_labels']) retrieved from /home/airflow/.local/lib/python3.7/site-packages/airflow/example_dags/example_branch_labels.py
[2022-10-06T00:39:37.248+0000] {logging_mixin.py:117} INFO - [2022-10-06T00:39:37.248+0000] {dag.py:2573} INFO - Sync 1 DAGs
[2022-10-06T00:39:37.267+0000] {logging_mixin.py:117} INFO - [2022-10-06T00:39:37.267+0000] {dag.py:3328} INFO - Setting next_dagrun for example_branch_labels to 2022-10-05T00:00:00+00:00, run_after=2022-10-06T00:00:00+00:00
[2022-10-06T00:39:37.281+0000] {processor.py:178} INFO - Processing /home/airflow/.local/lib/python3.7/site-packages/airflow/example_dags/example_branch_labels.py took 0.165 seconds
[2022-10-06T00:40:08.106+0000] {processor.py:156} INFO - Started process (PID=245) to work on /home/airflow/.local/lib/python3.7/site-packages/airflow/example_dags/example_branch_labels.py
[2022-10-06T00:40:08.107+0000] {processor.py:758} INFO - Processing file /home/airflow/.local/lib/python3.7/site-packages/airflow/example_dags/example_branch_labels.py for tasks to queue
[2022-10-06T00:40:08.107+0000] {logging_mixin.py:117} INFO - [2022-10-06T00:40:08.107+0000] {dagbag.py:525} INFO - Filling up the DagBag from /home/airflow/.local/lib/python3.7/site-packages/airflow/example_dags/example_branch_labels.py
[2022-10-06T00:40:08.116+0000] {processor.py:768} INFO - DAG(s) dict_keys(['example_branch_labels']) retrieved from /home/airflow/.local/lib/python3.7/site-packages/airflow/example_dags/example_branch_labels.py
[2022-10-06T00:40:08.141+0000] {logging_mixin.py:117} INFO - [2022-10-06T00:40:08.141+0000] {dag.py:2573} INFO - Sync 1 DAGs
[2022-10-06T00:40:08.162+0000] {logging_mixin.py:117} INFO - [2022-10-06T00:40:08.162+0000] {dag.py:3328} INFO - Setting next_dagrun for example_branch_labels to 2022-10-05T00:00:00+00:00, run_after=2022-10-06T00:00:00+00:00
[2022-10-06T00:40:08.175+0000] {processor.py:178} INFO - Processing /home/airflow/.local/lib/python3.7/site-packages/airflow/example_dags/example_branch_labels.py took 0.071 seconds
[2022-10-06T00:40:39.000+0000] {processor.py:156} INFO - Started process (PID=300) to work on /home/airflow/.local/lib/python3.7/site-packages/airflow/example_dags/example_branch_labels.py
[2022-10-06T00:40:39.001+0000] {processor.py:758} INFO - Processing file /home/airflow/.local/lib/python3.7/site-packages/airflow/example_dags/example_branch_labels.py for tasks to queue
[2022-10-06T00:40:39.002+0000] {logging_mixin.py:117} INFO - [2022-10-06T00:40:39.002+0000] {dagbag.py:525} INFO - Filling up the DagBag from /home/airflow/.local/lib/python3.7/site-packages/airflow/example_dags/example_branch_labels.py
[2022-10-06T00:40:39.013+0000] {processor.py:768} INFO - DAG(s) dict_keys(['example_branch_labels']) retrieved from /home/airflow/.local/lib/python3.7/site-packages/airflow/example_dags/example_branch_labels.py
[2022-10-06T00:40:39.043+0000] {logging_mixin.py:117} INFO - [2022-10-06T00:40:39.043+0000] {dag.py:2573} INFO - Sync 1 DAGs
[2022-10-06T00:40:39.063+0000] {logging_mixin.py:117} INFO - [2022-10-06T00:40:39.063+0000] {dag.py:3328} INFO - Setting next_dagrun for example_branch_labels to 2022-10-05T00:00:00+00:00, run_after=2022-10-06T00:00:00+00:00
[2022-10-06T00:40:39.077+0000] {processor.py:178} INFO - Processing /home/airflow/.local/lib/python3.7/site-packages/airflow/example_dags/example_branch_labels.py took 0.079 seconds
[2022-10-06T00:41:09.204+0000] {processor.py:156} INFO - Started process (PID=364) to work on /home/airflow/.local/lib/python3.7/site-packages/airflow/example_dags/example_branch_labels.py
[2022-10-06T00:41:09.205+0000] {processor.py:758} INFO - Processing file /home/airflow/.local/lib/python3.7/site-packages/airflow/example_dags/example_branch_labels.py for tasks to queue
[2022-10-06T00:41:09.205+0000] {logging_mixin.py:117} INFO - [2022-10-06T00:41:09.205+0000] {dagbag.py:525} INFO - Filling up the DagBag from /home/airflow/.local/lib/python3.7/site-packages/airflow/example_dags/example_branch_labels.py
[2022-10-06T00:41:09.217+0000] {processor.py:768} INFO - DAG(s) dict_keys(['example_branch_labels']) retrieved from /home/airflow/.local/lib/python3.7/site-packages/airflow/example_dags/example_branch_labels.py
[2022-10-06T00:41:09.247+0000] {logging_mixin.py:117} INFO - [2022-10-06T00:41:09.247+0000] {dag.py:2573} INFO - Sync 1 DAGs
[2022-10-06T00:41:09.266+0000] {logging_mixin.py:117} INFO - [2022-10-06T00:41:09.266+0000] {dag.py:3328} INFO - Setting next_dagrun for example_branch_labels to 2022-10-05T00:00:00+00:00, run_after=2022-10-06T00:00:00+00:00
[2022-10-06T00:41:09.280+0000] {processor.py:178} INFO - Processing /home/airflow/.local/lib/python3.7/site-packages/airflow/example_dags/example_branch_labels.py took 0.078 seconds
[2022-10-06T00:41:40.146+0000] {processor.py:156} INFO - Started process (PID=428) to work on /home/airflow/.local/lib/python3.7/site-packages/airflow/example_dags/example_branch_labels.py
[2022-10-06T00:41:40.146+0000] {processor.py:758} INFO - Processing file /home/airflow/.local/lib/python3.7/site-packages/airflow/example_dags/example_branch_labels.py for tasks to queue
[2022-10-06T00:41:40.147+0000] {logging_mixin.py:117} INFO - [2022-10-06T00:41:40.146+0000] {dagbag.py:525} INFO - Filling up the DagBag from /home/airflow/.local/lib/python3.7/site-packages/airflow/example_dags/example_branch_labels.py
[2022-10-06T00:41:40.157+0000] {processor.py:768} INFO - DAG(s) dict_keys(['example_branch_labels']) retrieved from /home/airflow/.local/lib/python3.7/site-packages/airflow/example_dags/example_branch_labels.py
[2022-10-06T00:41:40.183+0000] {logging_mixin.py:117} INFO - [2022-10-06T00:41:40.183+0000] {dag.py:2573} INFO - Sync 1 DAGs
[2022-10-06T00:41:40.203+0000] {logging_mixin.py:117} INFO - [2022-10-06T00:41:40.203+0000] {dag.py:3328} INFO - Setting next_dagrun for example_branch_labels to 2022-10-05T00:00:00+00:00, run_after=2022-10-06T00:00:00+00:00
[2022-10-06T00:41:40.216+0000] {processor.py:178} INFO - Processing /home/airflow/.local/lib/python3.7/site-packages/airflow/example_dags/example_branch_labels.py took 0.072 seconds
[2022-10-06T00:42:11.336+0000] {processor.py:156} INFO - Started process (PID=492) to work on /home/airflow/.local/lib/python3.7/site-packages/airflow/example_dags/example_branch_labels.py
[2022-10-06T00:42:11.337+0000] {processor.py:758} INFO - Processing file /home/airflow/.local/lib/python3.7/site-packages/airflow/example_dags/example_branch_labels.py for tasks to queue
[2022-10-06T00:42:11.337+0000] {logging_mixin.py:117} INFO - [2022-10-06T00:42:11.337+0000] {dagbag.py:525} INFO - Filling up the DagBag from /home/airflow/.local/lib/python3.7/site-packages/airflow/example_dags/example_branch_labels.py
[2022-10-06T00:42:11.347+0000] {processor.py:768} INFO - DAG(s) dict_keys(['example_branch_labels']) retrieved from /home/airflow/.local/lib/python3.7/site-packages/airflow/example_dags/example_branch_labels.py
[2022-10-06T00:42:11.378+0000] {logging_mixin.py:117} INFO - [2022-10-06T00:42:11.378+0000] {dag.py:2573} INFO - Sync 1 DAGs
[2022-10-06T00:42:11.396+0000] {logging_mixin.py:117} INFO - [2022-10-06T00:42:11.396+0000] {dag.py:3328} INFO - Setting next_dagrun for example_branch_labels to 2022-10-05T00:00:00+00:00, run_after=2022-10-06T00:00:00+00:00
[2022-10-06T00:42:11.410+0000] {processor.py:178} INFO - Processing /home/airflow/.local/lib/python3.7/site-packages/airflow/example_dags/example_branch_labels.py took 0.075 seconds
[2022-10-06T00:42:41.576+0000] {processor.py:156} INFO - Started process (PID=547) to work on /home/airflow/.local/lib/python3.7/site-packages/airflow/example_dags/example_branch_labels.py
[2022-10-06T00:42:41.577+0000] {processor.py:758} INFO - Processing file /home/airflow/.local/lib/python3.7/site-packages/airflow/example_dags/example_branch_labels.py for tasks to queue
[2022-10-06T00:42:41.577+0000] {logging_mixin.py:117} INFO - [2022-10-06T00:42:41.577+0000] {dagbag.py:525} INFO - Filling up the DagBag from /home/airflow/.local/lib/python3.7/site-packages/airflow/example_dags/example_branch_labels.py
[2022-10-06T00:42:41.586+0000] {processor.py:768} INFO - DAG(s) dict_keys(['example_branch_labels']) retrieved from /home/airflow/.local/lib/python3.7/site-packages/airflow/example_dags/example_branch_labels.py
[2022-10-06T00:42:41.612+0000] {logging_mixin.py:117} INFO - [2022-10-06T00:42:41.612+0000] {dag.py:2573} INFO - Sync 1 DAGs
[2022-10-06T00:42:41.631+0000] {logging_mixin.py:117} INFO - [2022-10-06T00:42:41.631+0000] {dag.py:3328} INFO - Setting next_dagrun for example_branch_labels to 2022-10-05T00:00:00+00:00, run_after=2022-10-06T00:00:00+00:00
[2022-10-06T00:42:41.645+0000] {processor.py:178} INFO - Processing /home/airflow/.local/lib/python3.7/site-packages/airflow/example_dags/example_branch_labels.py took 0.071 seconds
[2022-10-06T00:43:12.502+0000] {processor.py:156} INFO - Started process (PID=611) to work on /home/airflow/.local/lib/python3.7/site-packages/airflow/example_dags/example_branch_labels.py
[2022-10-06T00:43:12.503+0000] {processor.py:758} INFO - Processing file /home/airflow/.local/lib/python3.7/site-packages/airflow/example_dags/example_branch_labels.py for tasks to queue
[2022-10-06T00:43:12.503+0000] {logging_mixin.py:117} INFO - [2022-10-06T00:43:12.503+0000] {dagbag.py:525} INFO - Filling up the DagBag from /home/airflow/.local/lib/python3.7/site-packages/airflow/example_dags/example_branch_labels.py
[2022-10-06T00:43:12.513+0000] {processor.py:768} INFO - DAG(s) dict_keys(['example_branch_labels']) retrieved from /home/airflow/.local/lib/python3.7/site-packages/airflow/example_dags/example_branch_labels.py
[2022-10-06T00:43:12.538+0000] {logging_mixin.py:117} INFO - [2022-10-06T00:43:12.538+0000] {dag.py:2573} INFO - Sync 1 DAGs
[2022-10-06T00:43:12.557+0000] {logging_mixin.py:117} INFO - [2022-10-06T00:43:12.557+0000] {dag.py:3328} INFO - Setting next_dagrun for example_branch_labels to 2022-10-05T00:00:00+00:00, run_after=2022-10-06T00:00:00+00:00
[2022-10-06T00:43:12.572+0000] {processor.py:178} INFO - Processing /home/airflow/.local/lib/python3.7/site-packages/airflow/example_dags/example_branch_labels.py took 0.071 seconds
[2022-10-06T00:43:43.607+0000] {processor.py:156} INFO - Started process (PID=675) to work on /home/airflow/.local/lib/python3.7/site-packages/airflow/example_dags/example_branch_labels.py
[2022-10-06T00:43:43.608+0000] {processor.py:758} INFO - Processing file /home/airflow/.local/lib/python3.7/site-packages/airflow/example_dags/example_branch_labels.py for tasks to queue
[2022-10-06T00:43:43.608+0000] {logging_mixin.py:117} INFO - [2022-10-06T00:43:43.608+0000] {dagbag.py:525} INFO - Filling up the DagBag from /home/airflow/.local/lib/python3.7/site-packages/airflow/example_dags/example_branch_labels.py
[2022-10-06T00:43:43.618+0000] {processor.py:768} INFO - DAG(s) dict_keys(['example_branch_labels']) retrieved from /home/airflow/.local/lib/python3.7/site-packages/airflow/example_dags/example_branch_labels.py
[2022-10-06T00:43:43.642+0000] {logging_mixin.py:117} INFO - [2022-10-06T00:43:43.642+0000] {dag.py:2573} INFO - Sync 1 DAGs
[2022-10-06T00:43:43.662+0000] {logging_mixin.py:117} INFO - [2022-10-06T00:43:43.662+0000] {dag.py:3328} INFO - Setting next_dagrun for example_branch_labels to 2022-10-05T00:00:00+00:00, run_after=2022-10-06T00:00:00+00:00
[2022-10-06T00:43:43.675+0000] {processor.py:178} INFO - Processing /home/airflow/.local/lib/python3.7/site-packages/airflow/example_dags/example_branch_labels.py took 0.069 seconds
[2022-10-06T00:44:14.639+0000] {processor.py:156} INFO - Started process (PID=739) to work on /home/airflow/.local/lib/python3.7/site-packages/airflow/example_dags/example_branch_labels.py
[2022-10-06T00:44:14.640+0000] {processor.py:758} INFO - Processing file /home/airflow/.local/lib/python3.7/site-packages/airflow/example_dags/example_branch_labels.py for tasks to queue
[2022-10-06T00:44:14.640+0000] {logging_mixin.py:117} INFO - [2022-10-06T00:44:14.640+0000] {dagbag.py:525} INFO - Filling up the DagBag from /home/airflow/.local/lib/python3.7/site-packages/airflow/example_dags/example_branch_labels.py
[2022-10-06T00:44:14.650+0000] {processor.py:768} INFO - DAG(s) dict_keys(['example_branch_labels']) retrieved from /home/airflow/.local/lib/python3.7/site-packages/airflow/example_dags/example_branch_labels.py
[2022-10-06T00:44:14.679+0000] {logging_mixin.py:117} INFO - [2022-10-06T00:44:14.679+0000] {dag.py:2573} INFO - Sync 1 DAGs
[2022-10-06T00:44:14.699+0000] {logging_mixin.py:117} INFO - [2022-10-06T00:44:14.699+0000] {dag.py:3328} INFO - Setting next_dagrun for example_branch_labels to 2022-10-05T00:00:00+00:00, run_after=2022-10-06T00:00:00+00:00
[2022-10-06T00:44:14.712+0000] {processor.py:178} INFO - Processing /home/airflow/.local/lib/python3.7/site-packages/airflow/example_dags/example_branch_labels.py took 0.074 seconds
[2022-10-06T00:44:45.418+0000] {processor.py:156} INFO - Started process (PID=803) to work on /home/airflow/.local/lib/python3.7/site-packages/airflow/example_dags/example_branch_labels.py
[2022-10-06T00:44:45.419+0000] {processor.py:758} INFO - Processing file /home/airflow/.local/lib/python3.7/site-packages/airflow/example_dags/example_branch_labels.py for tasks to queue
[2022-10-06T00:44:45.419+0000] {logging_mixin.py:117} INFO - [2022-10-06T00:44:45.419+0000] {dagbag.py:525} INFO - Filling up the DagBag from /home/airflow/.local/lib/python3.7/site-packages/airflow/example_dags/example_branch_labels.py
[2022-10-06T00:44:45.428+0000] {processor.py:768} INFO - DAG(s) dict_keys(['example_branch_labels']) retrieved from /home/airflow/.local/lib/python3.7/site-packages/airflow/example_dags/example_branch_labels.py
[2022-10-06T00:44:45.454+0000] {logging_mixin.py:117} INFO - [2022-10-06T00:44:45.454+0000] {dag.py:2573} INFO - Sync 1 DAGs
[2022-10-06T00:44:45.473+0000] {logging_mixin.py:117} INFO - [2022-10-06T00:44:45.472+0000] {dag.py:3328} INFO - Setting next_dagrun for example_branch_labels to 2022-10-05T00:00:00+00:00, run_after=2022-10-06T00:00:00+00:00
[2022-10-06T00:44:45.484+0000] {processor.py:178} INFO - Processing /home/airflow/.local/lib/python3.7/site-packages/airflow/example_dags/example_branch_labels.py took 0.068 seconds
[2022-10-06T00:45:16.398+0000] {processor.py:156} INFO - Started process (PID=865) to work on /home/airflow/.local/lib/python3.7/site-packages/airflow/example_dags/example_branch_labels.py
[2022-10-06T00:45:16.398+0000] {processor.py:758} INFO - Processing file /home/airflow/.local/lib/python3.7/site-packages/airflow/example_dags/example_branch_labels.py for tasks to queue
[2022-10-06T00:45:16.399+0000] {logging_mixin.py:117} INFO - [2022-10-06T00:45:16.399+0000] {dagbag.py:525} INFO - Filling up the DagBag from /home/airflow/.local/lib/python3.7/site-packages/airflow/example_dags/example_branch_labels.py
[2022-10-06T00:45:16.412+0000] {processor.py:768} INFO - DAG(s) dict_keys(['example_branch_labels']) retrieved from /home/airflow/.local/lib/python3.7/site-packages/airflow/example_dags/example_branch_labels.py
[2022-10-06T00:45:16.444+0000] {logging_mixin.py:117} INFO - [2022-10-06T00:45:16.444+0000] {dag.py:2573} INFO - Sync 1 DAGs
[2022-10-06T00:45:16.466+0000] {logging_mixin.py:117} INFO - [2022-10-06T00:45:16.466+0000] {dag.py:3328} INFO - Setting next_dagrun for example_branch_labels to 2022-10-05T00:00:00+00:00, run_after=2022-10-06T00:00:00+00:00
[2022-10-06T00:45:16.480+0000] {processor.py:178} INFO - Processing /home/airflow/.local/lib/python3.7/site-packages/airflow/example_dags/example_branch_labels.py took 0.084 seconds
[2022-10-06T00:45:47.214+0000] {processor.py:156} INFO - Started process (PID=922) to work on /home/airflow/.local/lib/python3.7/site-packages/airflow/example_dags/example_branch_labels.py
[2022-10-06T00:45:47.214+0000] {processor.py:758} INFO - Processing file /home/airflow/.local/lib/python3.7/site-packages/airflow/example_dags/example_branch_labels.py for tasks to queue
[2022-10-06T00:45:47.215+0000] {logging_mixin.py:117} INFO - [2022-10-06T00:45:47.215+0000] {dagbag.py:525} INFO - Filling up the DagBag from /home/airflow/.local/lib/python3.7/site-packages/airflow/example_dags/example_branch_labels.py
[2022-10-06T00:45:47.226+0000] {processor.py:768} INFO - DAG(s) dict_keys(['example_branch_labels']) retrieved from /home/airflow/.local/lib/python3.7/site-packages/airflow/example_dags/example_branch_labels.py
[2022-10-06T00:45:47.252+0000] {logging_mixin.py:117} INFO - [2022-10-06T00:45:47.252+0000] {dag.py:2573} INFO - Sync 1 DAGs
[2022-10-06T00:45:47.273+0000] {logging_mixin.py:117} INFO - [2022-10-06T00:45:47.273+0000] {dag.py:3328} INFO - Setting next_dagrun for example_branch_labels to 2022-10-05T00:00:00+00:00, run_after=2022-10-06T00:00:00+00:00
[2022-10-06T00:45:47.286+0000] {processor.py:178} INFO - Processing /home/airflow/.local/lib/python3.7/site-packages/airflow/example_dags/example_branch_labels.py took 0.074 seconds
[2022-10-06T00:46:18.050+0000] {processor.py:156} INFO - Started process (PID=986) to work on /home/airflow/.local/lib/python3.7/site-packages/airflow/example_dags/example_branch_labels.py
[2022-10-06T00:46:18.050+0000] {processor.py:758} INFO - Processing file /home/airflow/.local/lib/python3.7/site-packages/airflow/example_dags/example_branch_labels.py for tasks to queue
[2022-10-06T00:46:18.051+0000] {logging_mixin.py:117} INFO - [2022-10-06T00:46:18.051+0000] {dagbag.py:525} INFO - Filling up the DagBag from /home/airflow/.local/lib/python3.7/site-packages/airflow/example_dags/example_branch_labels.py
[2022-10-06T00:46:18.060+0000] {processor.py:768} INFO - DAG(s) dict_keys(['example_branch_labels']) retrieved from /home/airflow/.local/lib/python3.7/site-packages/airflow/example_dags/example_branch_labels.py
[2022-10-06T00:46:18.086+0000] {logging_mixin.py:117} INFO - [2022-10-06T00:46:18.086+0000] {dag.py:2573} INFO - Sync 1 DAGs
[2022-10-06T00:46:18.103+0000] {logging_mixin.py:117} INFO - [2022-10-06T00:46:18.103+0000] {dag.py:3328} INFO - Setting next_dagrun for example_branch_labels to 2022-10-05T00:00:00+00:00, run_after=2022-10-06T00:00:00+00:00
[2022-10-06T00:46:18.115+0000] {processor.py:178} INFO - Processing /home/airflow/.local/lib/python3.7/site-packages/airflow/example_dags/example_branch_labels.py took 0.067 seconds
[2022-10-06T00:46:48.828+0000] {processor.py:156} INFO - Started process (PID=1050) to work on /home/airflow/.local/lib/python3.7/site-packages/airflow/example_dags/example_branch_labels.py
[2022-10-06T00:46:48.829+0000] {processor.py:758} INFO - Processing file /home/airflow/.local/lib/python3.7/site-packages/airflow/example_dags/example_branch_labels.py for tasks to queue
[2022-10-06T00:46:48.829+0000] {logging_mixin.py:117} INFO - [2022-10-06T00:46:48.829+0000] {dagbag.py:525} INFO - Filling up the DagBag from /home/airflow/.local/lib/python3.7/site-packages/airflow/example_dags/example_branch_labels.py
[2022-10-06T00:46:48.841+0000] {processor.py:768} INFO - DAG(s) dict_keys(['example_branch_labels']) retrieved from /home/airflow/.local/lib/python3.7/site-packages/airflow/example_dags/example_branch_labels.py
[2022-10-06T00:46:48.867+0000] {logging_mixin.py:117} INFO - [2022-10-06T00:46:48.867+0000] {dag.py:2573} INFO - Sync 1 DAGs
[2022-10-06T00:46:48.886+0000] {logging_mixin.py:117} INFO - [2022-10-06T00:46:48.886+0000] {dag.py:3328} INFO - Setting next_dagrun for example_branch_labels to 2022-10-05T00:00:00+00:00, run_after=2022-10-06T00:00:00+00:00
[2022-10-06T00:46:48.898+0000] {processor.py:178} INFO - Processing /home/airflow/.local/lib/python3.7/site-packages/airflow/example_dags/example_branch_labels.py took 0.071 seconds
[2022-10-06T00:47:19.867+0000] {processor.py:156} INFO - Started process (PID=1113) to work on /home/airflow/.local/lib/python3.7/site-packages/airflow/example_dags/example_branch_labels.py
[2022-10-06T00:47:19.868+0000] {processor.py:758} INFO - Processing file /home/airflow/.local/lib/python3.7/site-packages/airflow/example_dags/example_branch_labels.py for tasks to queue
[2022-10-06T00:47:19.868+0000] {logging_mixin.py:117} INFO - [2022-10-06T00:47:19.868+0000] {dagbag.py:525} INFO - Filling up the DagBag from /home/airflow/.local/lib/python3.7/site-packages/airflow/example_dags/example_branch_labels.py
[2022-10-06T00:47:19.879+0000] {processor.py:768} INFO - DAG(s) dict_keys(['example_branch_labels']) retrieved from /home/airflow/.local/lib/python3.7/site-packages/airflow/example_dags/example_branch_labels.py
[2022-10-06T00:47:19.905+0000] {logging_mixin.py:117} INFO - [2022-10-06T00:47:19.905+0000] {dag.py:2573} INFO - Sync 1 DAGs
[2022-10-06T00:47:19.927+0000] {logging_mixin.py:117} INFO - [2022-10-06T00:47:19.927+0000] {dag.py:3328} INFO - Setting next_dagrun for example_branch_labels to 2022-10-05T00:00:00+00:00, run_after=2022-10-06T00:00:00+00:00
[2022-10-06T00:47:19.940+0000] {processor.py:178} INFO - Processing /home/airflow/.local/lib/python3.7/site-packages/airflow/example_dags/example_branch_labels.py took 0.075 seconds
[2022-10-06T00:47:50.954+0000] {processor.py:156} INFO - Started process (PID=1168) to work on /home/airflow/.local/lib/python3.7/site-packages/airflow/example_dags/example_branch_labels.py
[2022-10-06T00:47:50.955+0000] {processor.py:758} INFO - Processing file /home/airflow/.local/lib/python3.7/site-packages/airflow/example_dags/example_branch_labels.py for tasks to queue
[2022-10-06T00:47:50.955+0000] {logging_mixin.py:117} INFO - [2022-10-06T00:47:50.955+0000] {dagbag.py:525} INFO - Filling up the DagBag from /home/airflow/.local/lib/python3.7/site-packages/airflow/example_dags/example_branch_labels.py
[2022-10-06T00:47:50.966+0000] {processor.py:768} INFO - DAG(s) dict_keys(['example_branch_labels']) retrieved from /home/airflow/.local/lib/python3.7/site-packages/airflow/example_dags/example_branch_labels.py
[2022-10-06T00:47:50.992+0000] {logging_mixin.py:117} INFO - [2022-10-06T00:47:50.992+0000] {dag.py:2573} INFO - Sync 1 DAGs
[2022-10-06T00:47:51.012+0000] {logging_mixin.py:117} INFO - [2022-10-06T00:47:51.012+0000] {dag.py:3328} INFO - Setting next_dagrun for example_branch_labels to 2022-10-05T00:00:00+00:00, run_after=2022-10-06T00:00:00+00:00
[2022-10-06T00:47:51.025+0000] {processor.py:178} INFO - Processing /home/airflow/.local/lib/python3.7/site-packages/airflow/example_dags/example_branch_labels.py took 0.073 seconds
[2022-10-06T00:48:21.188+0000] {processor.py:156} INFO - Started process (PID=1233) to work on /home/airflow/.local/lib/python3.7/site-packages/airflow/example_dags/example_branch_labels.py
[2022-10-06T00:48:21.189+0000] {processor.py:758} INFO - Processing file /home/airflow/.local/lib/python3.7/site-packages/airflow/example_dags/example_branch_labels.py for tasks to queue
[2022-10-06T00:48:21.189+0000] {logging_mixin.py:117} INFO - [2022-10-06T00:48:21.189+0000] {dagbag.py:525} INFO - Filling up the DagBag from /home/airflow/.local/lib/python3.7/site-packages/airflow/example_dags/example_branch_labels.py
[2022-10-06T00:48:21.200+0000] {processor.py:768} INFO - DAG(s) dict_keys(['example_branch_labels']) retrieved from /home/airflow/.local/lib/python3.7/site-packages/airflow/example_dags/example_branch_labels.py
[2022-10-06T00:48:21.228+0000] {logging_mixin.py:117} INFO - [2022-10-06T00:48:21.228+0000] {dag.py:2573} INFO - Sync 1 DAGs
[2022-10-06T00:48:21.249+0000] {logging_mixin.py:117} INFO - [2022-10-06T00:48:21.249+0000] {dag.py:3328} INFO - Setting next_dagrun for example_branch_labels to 2022-10-05T00:00:00+00:00, run_after=2022-10-06T00:00:00+00:00
[2022-10-06T00:48:21.261+0000] {processor.py:178} INFO - Processing /home/airflow/.local/lib/python3.7/site-packages/airflow/example_dags/example_branch_labels.py took 0.074 seconds
[2022-10-06T00:48:51.547+0000] {processor.py:156} INFO - Started process (PID=1297) to work on /home/airflow/.local/lib/python3.7/site-packages/airflow/example_dags/example_branch_labels.py
[2022-10-06T00:48:51.548+0000] {processor.py:758} INFO - Processing file /home/airflow/.local/lib/python3.7/site-packages/airflow/example_dags/example_branch_labels.py for tasks to queue
[2022-10-06T00:48:51.548+0000] {logging_mixin.py:117} INFO - [2022-10-06T00:48:51.548+0000] {dagbag.py:525} INFO - Filling up the DagBag from /home/airflow/.local/lib/python3.7/site-packages/airflow/example_dags/example_branch_labels.py
[2022-10-06T00:48:51.559+0000] {processor.py:768} INFO - DAG(s) dict_keys(['example_branch_labels']) retrieved from /home/airflow/.local/lib/python3.7/site-packages/airflow/example_dags/example_branch_labels.py
[2022-10-06T00:48:51.588+0000] {logging_mixin.py:117} INFO - [2022-10-06T00:48:51.588+0000] {dag.py:2573} INFO - Sync 1 DAGs
[2022-10-06T00:48:51.607+0000] {logging_mixin.py:117} INFO - [2022-10-06T00:48:51.607+0000] {dag.py:3328} INFO - Setting next_dagrun for example_branch_labels to 2022-10-05T00:00:00+00:00, run_after=2022-10-06T00:00:00+00:00
[2022-10-06T00:48:51.621+0000] {processor.py:178} INFO - Processing /home/airflow/.local/lib/python3.7/site-packages/airflow/example_dags/example_branch_labels.py took 0.076 seconds
[2022-10-06T00:49:22.614+0000] {processor.py:156} INFO - Started process (PID=1362) to work on /home/airflow/.local/lib/python3.7/site-packages/airflow/example_dags/example_branch_labels.py
[2022-10-06T00:49:22.614+0000] {processor.py:758} INFO - Processing file /home/airflow/.local/lib/python3.7/site-packages/airflow/example_dags/example_branch_labels.py for tasks to queue
[2022-10-06T00:49:22.614+0000] {logging_mixin.py:117} INFO - [2022-10-06T00:49:22.614+0000] {dagbag.py:525} INFO - Filling up the DagBag from /home/airflow/.local/lib/python3.7/site-packages/airflow/example_dags/example_branch_labels.py
[2022-10-06T00:49:22.624+0000] {processor.py:768} INFO - DAG(s) dict_keys(['example_branch_labels']) retrieved from /home/airflow/.local/lib/python3.7/site-packages/airflow/example_dags/example_branch_labels.py
[2022-10-06T00:49:22.649+0000] {logging_mixin.py:117} INFO - [2022-10-06T00:49:22.649+0000] {dag.py:2573} INFO - Sync 1 DAGs
[2022-10-06T00:49:22.667+0000] {logging_mixin.py:117} INFO - [2022-10-06T00:49:22.667+0000] {dag.py:3328} INFO - Setting next_dagrun for example_branch_labels to 2022-10-05T00:00:00+00:00, run_after=2022-10-06T00:00:00+00:00
[2022-10-06T00:49:22.681+0000] {processor.py:178} INFO - Processing /home/airflow/.local/lib/python3.7/site-packages/airflow/example_dags/example_branch_labels.py took 0.069 seconds
[2022-10-06T23:51:07.780+0000] {processor.py:156} INFO - Started process (PID=53) to work on /home/airflow/.local/lib/python3.7/site-packages/airflow/example_dags/example_branch_labels.py
[2022-10-06T23:51:07.781+0000] {processor.py:758} INFO - Processing file /home/airflow/.local/lib/python3.7/site-packages/airflow/example_dags/example_branch_labels.py for tasks to queue
[2022-10-06T23:51:07.782+0000] {logging_mixin.py:117} INFO - [2022-10-06T23:51:07.782+0000] {dagbag.py:525} INFO - Filling up the DagBag from /home/airflow/.local/lib/python3.7/site-packages/airflow/example_dags/example_branch_labels.py
[2022-10-06T23:51:07.794+0000] {processor.py:768} INFO - DAG(s) dict_keys(['example_branch_labels']) retrieved from /home/airflow/.local/lib/python3.7/site-packages/airflow/example_dags/example_branch_labels.py
[2022-10-06T23:51:07.813+0000] {logging_mixin.py:117} INFO - [2022-10-06T23:51:07.813+0000] {dag.py:2573} INFO - Sync 1 DAGs
[2022-10-06T23:51:07.842+0000] {logging_mixin.py:117} INFO - [2022-10-06T23:51:07.842+0000] {dag.py:3328} INFO - Setting next_dagrun for example_branch_labels to 2022-10-05T00:00:00+00:00, run_after=2022-10-06T00:00:00+00:00
[2022-10-06T23:51:07.857+0000] {processor.py:178} INFO - Processing /home/airflow/.local/lib/python3.7/site-packages/airflow/example_dags/example_branch_labels.py took 0.079 seconds
[2022-10-06T23:51:38.664+0000] {processor.py:156} INFO - Started process (PID=117) to work on /home/airflow/.local/lib/python3.7/site-packages/airflow/example_dags/example_branch_labels.py
[2022-10-06T23:51:38.664+0000] {processor.py:758} INFO - Processing file /home/airflow/.local/lib/python3.7/site-packages/airflow/example_dags/example_branch_labels.py for tasks to queue
[2022-10-06T23:51:38.664+0000] {logging_mixin.py:117} INFO - [2022-10-06T23:51:38.664+0000] {dagbag.py:525} INFO - Filling up the DagBag from /home/airflow/.local/lib/python3.7/site-packages/airflow/example_dags/example_branch_labels.py
[2022-10-06T23:51:38.674+0000] {processor.py:768} INFO - DAG(s) dict_keys(['example_branch_labels']) retrieved from /home/airflow/.local/lib/python3.7/site-packages/airflow/example_dags/example_branch_labels.py
[2022-10-06T23:51:38.699+0000] {logging_mixin.py:117} INFO - [2022-10-06T23:51:38.699+0000] {dag.py:2573} INFO - Sync 1 DAGs
[2022-10-06T23:51:38.719+0000] {logging_mixin.py:117} INFO - [2022-10-06T23:51:38.719+0000] {dag.py:3328} INFO - Setting next_dagrun for example_branch_labels to 2022-10-05T00:00:00+00:00, run_after=2022-10-06T00:00:00+00:00
[2022-10-06T23:51:38.731+0000] {processor.py:178} INFO - Processing /home/airflow/.local/lib/python3.7/site-packages/airflow/example_dags/example_branch_labels.py took 0.069 seconds
[2022-10-06T23:52:09.021+0000] {processor.py:156} INFO - Started process (PID=182) to work on /home/airflow/.local/lib/python3.7/site-packages/airflow/example_dags/example_branch_labels.py
[2022-10-06T23:52:09.021+0000] {processor.py:758} INFO - Processing file /home/airflow/.local/lib/python3.7/site-packages/airflow/example_dags/example_branch_labels.py for tasks to queue
[2022-10-06T23:52:09.022+0000] {logging_mixin.py:117} INFO - [2022-10-06T23:52:09.022+0000] {dagbag.py:525} INFO - Filling up the DagBag from /home/airflow/.local/lib/python3.7/site-packages/airflow/example_dags/example_branch_labels.py
[2022-10-06T23:52:09.031+0000] {processor.py:768} INFO - DAG(s) dict_keys(['example_branch_labels']) retrieved from /home/airflow/.local/lib/python3.7/site-packages/airflow/example_dags/example_branch_labels.py
[2022-10-06T23:52:09.059+0000] {logging_mixin.py:117} INFO - [2022-10-06T23:52:09.059+0000] {dag.py:2573} INFO - Sync 1 DAGs
[2022-10-06T23:52:09.080+0000] {logging_mixin.py:117} INFO - [2022-10-06T23:52:09.080+0000] {dag.py:3328} INFO - Setting next_dagrun for example_branch_labels to 2022-10-05T00:00:00+00:00, run_after=2022-10-06T00:00:00+00:00
[2022-10-06T23:52:09.094+0000] {processor.py:178} INFO - Processing /home/airflow/.local/lib/python3.7/site-packages/airflow/example_dags/example_branch_labels.py took 0.076 seconds
[2022-10-06T23:52:39.975+0000] {processor.py:156} INFO - Started process (PID=246) to work on /home/airflow/.local/lib/python3.7/site-packages/airflow/example_dags/example_branch_labels.py
[2022-10-06T23:52:39.976+0000] {processor.py:758} INFO - Processing file /home/airflow/.local/lib/python3.7/site-packages/airflow/example_dags/example_branch_labels.py for tasks to queue
[2022-10-06T23:52:39.976+0000] {logging_mixin.py:117} INFO - [2022-10-06T23:52:39.976+0000] {dagbag.py:525} INFO - Filling up the DagBag from /home/airflow/.local/lib/python3.7/site-packages/airflow/example_dags/example_branch_labels.py
[2022-10-06T23:52:39.986+0000] {processor.py:768} INFO - DAG(s) dict_keys(['example_branch_labels']) retrieved from /home/airflow/.local/lib/python3.7/site-packages/airflow/example_dags/example_branch_labels.py
[2022-10-06T23:52:40.011+0000] {logging_mixin.py:117} INFO - [2022-10-06T23:52:40.011+0000] {dag.py:2573} INFO - Sync 1 DAGs
[2022-10-06T23:52:40.032+0000] {logging_mixin.py:117} INFO - [2022-10-06T23:52:40.032+0000] {dag.py:3328} INFO - Setting next_dagrun for example_branch_labels to 2022-10-05T00:00:00+00:00, run_after=2022-10-06T00:00:00+00:00
[2022-10-06T23:52:40.046+0000] {processor.py:178} INFO - Processing /home/airflow/.local/lib/python3.7/site-packages/airflow/example_dags/example_branch_labels.py took 0.073 seconds
[2022-10-06T23:53:10.316+0000] {processor.py:156} INFO - Started process (PID=301) to work on /home/airflow/.local/lib/python3.7/site-packages/airflow/example_dags/example_branch_labels.py
[2022-10-06T23:53:10.316+0000] {processor.py:758} INFO - Processing file /home/airflow/.local/lib/python3.7/site-packages/airflow/example_dags/example_branch_labels.py for tasks to queue
[2022-10-06T23:53:10.317+0000] {logging_mixin.py:117} INFO - [2022-10-06T23:53:10.317+0000] {dagbag.py:525} INFO - Filling up the DagBag from /home/airflow/.local/lib/python3.7/site-packages/airflow/example_dags/example_branch_labels.py
[2022-10-06T23:53:10.328+0000] {processor.py:768} INFO - DAG(s) dict_keys(['example_branch_labels']) retrieved from /home/airflow/.local/lib/python3.7/site-packages/airflow/example_dags/example_branch_labels.py
[2022-10-06T23:53:10.354+0000] {logging_mixin.py:117} INFO - [2022-10-06T23:53:10.354+0000] {dag.py:2573} INFO - Sync 1 DAGs
[2022-10-06T23:53:10.376+0000] {logging_mixin.py:117} INFO - [2022-10-06T23:53:10.375+0000] {dag.py:3328} INFO - Setting next_dagrun for example_branch_labels to 2022-10-05T00:00:00+00:00, run_after=2022-10-06T00:00:00+00:00
[2022-10-06T23:53:10.388+0000] {processor.py:178} INFO - Processing /home/airflow/.local/lib/python3.7/site-packages/airflow/example_dags/example_branch_labels.py took 0.074 seconds
[2022-10-06T23:53:40.652+0000] {processor.py:156} INFO - Started process (PID=372) to work on /home/airflow/.local/lib/python3.7/site-packages/airflow/example_dags/example_branch_labels.py
[2022-10-06T23:53:40.652+0000] {processor.py:758} INFO - Processing file /home/airflow/.local/lib/python3.7/site-packages/airflow/example_dags/example_branch_labels.py for tasks to queue
[2022-10-06T23:53:40.653+0000] {logging_mixin.py:117} INFO - [2022-10-06T23:53:40.653+0000] {dagbag.py:525} INFO - Filling up the DagBag from /home/airflow/.local/lib/python3.7/site-packages/airflow/example_dags/example_branch_labels.py
[2022-10-06T23:53:40.663+0000] {processor.py:768} INFO - DAG(s) dict_keys(['example_branch_labels']) retrieved from /home/airflow/.local/lib/python3.7/site-packages/airflow/example_dags/example_branch_labels.py
[2022-10-06T23:53:40.691+0000] {logging_mixin.py:117} INFO - [2022-10-06T23:53:40.691+0000] {dag.py:2573} INFO - Sync 1 DAGs
[2022-10-06T23:53:40.710+0000] {logging_mixin.py:117} INFO - [2022-10-06T23:53:40.710+0000] {dag.py:3328} INFO - Setting next_dagrun for example_branch_labels to 2022-10-05T00:00:00+00:00, run_after=2022-10-06T00:00:00+00:00
[2022-10-06T23:53:40.723+0000] {processor.py:178} INFO - Processing /home/airflow/.local/lib/python3.7/site-packages/airflow/example_dags/example_branch_labels.py took 0.073 seconds
[2022-10-06T23:54:10.939+0000] {processor.py:156} INFO - Started process (PID=437) to work on /home/airflow/.local/lib/python3.7/site-packages/airflow/example_dags/example_branch_labels.py
[2022-10-06T23:54:10.940+0000] {processor.py:758} INFO - Processing file /home/airflow/.local/lib/python3.7/site-packages/airflow/example_dags/example_branch_labels.py for tasks to queue
[2022-10-06T23:54:10.940+0000] {logging_mixin.py:117} INFO - [2022-10-06T23:54:10.940+0000] {dagbag.py:525} INFO - Filling up the DagBag from /home/airflow/.local/lib/python3.7/site-packages/airflow/example_dags/example_branch_labels.py
[2022-10-06T23:54:10.951+0000] {processor.py:768} INFO - DAG(s) dict_keys(['example_branch_labels']) retrieved from /home/airflow/.local/lib/python3.7/site-packages/airflow/example_dags/example_branch_labels.py
[2022-10-06T23:54:10.979+0000] {logging_mixin.py:117} INFO - [2022-10-06T23:54:10.979+0000] {dag.py:2573} INFO - Sync 1 DAGs
[2022-10-06T23:54:11.001+0000] {logging_mixin.py:117} INFO - [2022-10-06T23:54:11.000+0000] {dag.py:3328} INFO - Setting next_dagrun for example_branch_labels to 2022-10-05T00:00:00+00:00, run_after=2022-10-06T00:00:00+00:00
[2022-10-06T23:54:11.014+0000] {processor.py:178} INFO - Processing /home/airflow/.local/lib/python3.7/site-packages/airflow/example_dags/example_branch_labels.py took 0.077 seconds
[2022-10-06T23:54:42.078+0000] {processor.py:156} INFO - Started process (PID=502) to work on /home/airflow/.local/lib/python3.7/site-packages/airflow/example_dags/example_branch_labels.py
[2022-10-06T23:54:42.078+0000] {processor.py:758} INFO - Processing file /home/airflow/.local/lib/python3.7/site-packages/airflow/example_dags/example_branch_labels.py for tasks to queue
[2022-10-06T23:54:42.079+0000] {logging_mixin.py:117} INFO - [2022-10-06T23:54:42.079+0000] {dagbag.py:525} INFO - Filling up the DagBag from /home/airflow/.local/lib/python3.7/site-packages/airflow/example_dags/example_branch_labels.py
[2022-10-06T23:54:42.089+0000] {processor.py:768} INFO - DAG(s) dict_keys(['example_branch_labels']) retrieved from /home/airflow/.local/lib/python3.7/site-packages/airflow/example_dags/example_branch_labels.py
[2022-10-06T23:54:42.122+0000] {logging_mixin.py:117} INFO - [2022-10-06T23:54:42.122+0000] {dag.py:2573} INFO - Sync 1 DAGs
[2022-10-06T23:54:42.156+0000] {logging_mixin.py:117} INFO - [2022-10-06T23:54:42.156+0000] {dag.py:3328} INFO - Setting next_dagrun for example_branch_labels to 2022-10-05T00:00:00+00:00, run_after=2022-10-06T00:00:00+00:00
[2022-10-06T23:54:42.170+0000] {processor.py:178} INFO - Processing /home/airflow/.local/lib/python3.7/site-packages/airflow/example_dags/example_branch_labels.py took 0.095 seconds
[2022-10-06T23:55:12.283+0000] {processor.py:156} INFO - Started process (PID=564) to work on /home/airflow/.local/lib/python3.7/site-packages/airflow/example_dags/example_branch_labels.py
[2022-10-06T23:55:12.283+0000] {processor.py:758} INFO - Processing file /home/airflow/.local/lib/python3.7/site-packages/airflow/example_dags/example_branch_labels.py for tasks to queue
[2022-10-06T23:55:12.284+0000] {logging_mixin.py:117} INFO - [2022-10-06T23:55:12.284+0000] {dagbag.py:525} INFO - Filling up the DagBag from /home/airflow/.local/lib/python3.7/site-packages/airflow/example_dags/example_branch_labels.py
[2022-10-06T23:55:12.293+0000] {processor.py:768} INFO - DAG(s) dict_keys(['example_branch_labels']) retrieved from /home/airflow/.local/lib/python3.7/site-packages/airflow/example_dags/example_branch_labels.py
[2022-10-06T23:55:12.319+0000] {logging_mixin.py:117} INFO - [2022-10-06T23:55:12.319+0000] {dag.py:2573} INFO - Sync 1 DAGs
[2022-10-06T23:55:12.339+0000] {logging_mixin.py:117} INFO - [2022-10-06T23:55:12.339+0000] {dag.py:3328} INFO - Setting next_dagrun for example_branch_labels to 2022-10-05T00:00:00+00:00, run_after=2022-10-06T00:00:00+00:00
[2022-10-06T23:55:12.351+0000] {processor.py:178} INFO - Processing /home/airflow/.local/lib/python3.7/site-packages/airflow/example_dags/example_branch_labels.py took 0.070 seconds
[2022-10-06T23:55:43.359+0000] {processor.py:156} INFO - Started process (PID=621) to work on /home/airflow/.local/lib/python3.7/site-packages/airflow/example_dags/example_branch_labels.py
[2022-10-06T23:55:43.359+0000] {processor.py:758} INFO - Processing file /home/airflow/.local/lib/python3.7/site-packages/airflow/example_dags/example_branch_labels.py for tasks to queue
[2022-10-06T23:55:43.360+0000] {logging_mixin.py:117} INFO - [2022-10-06T23:55:43.360+0000] {dagbag.py:525} INFO - Filling up the DagBag from /home/airflow/.local/lib/python3.7/site-packages/airflow/example_dags/example_branch_labels.py
[2022-10-06T23:55:43.370+0000] {processor.py:768} INFO - DAG(s) dict_keys(['example_branch_labels']) retrieved from /home/airflow/.local/lib/python3.7/site-packages/airflow/example_dags/example_branch_labels.py
[2022-10-06T23:55:43.395+0000] {logging_mixin.py:117} INFO - [2022-10-06T23:55:43.395+0000] {dag.py:2573} INFO - Sync 1 DAGs
[2022-10-06T23:55:43.414+0000] {logging_mixin.py:117} INFO - [2022-10-06T23:55:43.414+0000] {dag.py:3328} INFO - Setting next_dagrun for example_branch_labels to 2022-10-05T00:00:00+00:00, run_after=2022-10-06T00:00:00+00:00
[2022-10-06T23:55:43.426+0000] {processor.py:178} INFO - Processing /home/airflow/.local/lib/python3.7/site-packages/airflow/example_dags/example_branch_labels.py took 0.069 seconds
[2022-10-06T23:56:14.374+0000] {processor.py:156} INFO - Started process (PID=685) to work on /home/airflow/.local/lib/python3.7/site-packages/airflow/example_dags/example_branch_labels.py
[2022-10-06T23:56:14.375+0000] {processor.py:758} INFO - Processing file /home/airflow/.local/lib/python3.7/site-packages/airflow/example_dags/example_branch_labels.py for tasks to queue
[2022-10-06T23:56:14.375+0000] {logging_mixin.py:117} INFO - [2022-10-06T23:56:14.375+0000] {dagbag.py:525} INFO - Filling up the DagBag from /home/airflow/.local/lib/python3.7/site-packages/airflow/example_dags/example_branch_labels.py
[2022-10-06T23:56:14.385+0000] {processor.py:768} INFO - DAG(s) dict_keys(['example_branch_labels']) retrieved from /home/airflow/.local/lib/python3.7/site-packages/airflow/example_dags/example_branch_labels.py
[2022-10-06T23:56:14.410+0000] {logging_mixin.py:117} INFO - [2022-10-06T23:56:14.410+0000] {dag.py:2573} INFO - Sync 1 DAGs
[2022-10-06T23:56:14.428+0000] {logging_mixin.py:117} INFO - [2022-10-06T23:56:14.428+0000] {dag.py:3328} INFO - Setting next_dagrun for example_branch_labels to 2022-10-05T00:00:00+00:00, run_after=2022-10-06T00:00:00+00:00
[2022-10-06T23:56:14.441+0000] {processor.py:178} INFO - Processing /home/airflow/.local/lib/python3.7/site-packages/airflow/example_dags/example_branch_labels.py took 0.068 seconds
[2022-10-06T23:56:45.274+0000] {processor.py:156} INFO - Started process (PID=749) to work on /home/airflow/.local/lib/python3.7/site-packages/airflow/example_dags/example_branch_labels.py
[2022-10-06T23:56:45.275+0000] {processor.py:758} INFO - Processing file /home/airflow/.local/lib/python3.7/site-packages/airflow/example_dags/example_branch_labels.py for tasks to queue
[2022-10-06T23:56:45.275+0000] {logging_mixin.py:117} INFO - [2022-10-06T23:56:45.275+0000] {dagbag.py:525} INFO - Filling up the DagBag from /home/airflow/.local/lib/python3.7/site-packages/airflow/example_dags/example_branch_labels.py
[2022-10-06T23:56:45.285+0000] {processor.py:768} INFO - DAG(s) dict_keys(['example_branch_labels']) retrieved from /home/airflow/.local/lib/python3.7/site-packages/airflow/example_dags/example_branch_labels.py
[2022-10-06T23:56:45.311+0000] {logging_mixin.py:117} INFO - [2022-10-06T23:56:45.311+0000] {dag.py:2573} INFO - Sync 1 DAGs
[2022-10-06T23:56:45.331+0000] {logging_mixin.py:117} INFO - [2022-10-06T23:56:45.331+0000] {dag.py:3328} INFO - Setting next_dagrun for example_branch_labels to 2022-10-05T00:00:00+00:00, run_after=2022-10-06T00:00:00+00:00
[2022-10-06T23:56:45.343+0000] {processor.py:178} INFO - Processing /home/airflow/.local/lib/python3.7/site-packages/airflow/example_dags/example_branch_labels.py took 0.071 seconds
[2022-10-06T23:57:15.608+0000] {processor.py:156} INFO - Started process (PID=813) to work on /home/airflow/.local/lib/python3.7/site-packages/airflow/example_dags/example_branch_labels.py
[2022-10-06T23:57:15.609+0000] {processor.py:758} INFO - Processing file /home/airflow/.local/lib/python3.7/site-packages/airflow/example_dags/example_branch_labels.py for tasks to queue
[2022-10-06T23:57:15.609+0000] {logging_mixin.py:117} INFO - [2022-10-06T23:57:15.609+0000] {dagbag.py:525} INFO - Filling up the DagBag from /home/airflow/.local/lib/python3.7/site-packages/airflow/example_dags/example_branch_labels.py
[2022-10-06T23:57:15.618+0000] {processor.py:768} INFO - DAG(s) dict_keys(['example_branch_labels']) retrieved from /home/airflow/.local/lib/python3.7/site-packages/airflow/example_dags/example_branch_labels.py
[2022-10-06T23:57:15.645+0000] {logging_mixin.py:117} INFO - [2022-10-06T23:57:15.645+0000] {dag.py:2573} INFO - Sync 1 DAGs
[2022-10-06T23:57:15.666+0000] {logging_mixin.py:117} INFO - [2022-10-06T23:57:15.666+0000] {dag.py:3328} INFO - Setting next_dagrun for example_branch_labels to 2022-10-05T00:00:00+00:00, run_after=2022-10-06T00:00:00+00:00
[2022-10-06T23:57:15.680+0000] {processor.py:178} INFO - Processing /home/airflow/.local/lib/python3.7/site-packages/airflow/example_dags/example_branch_labels.py took 0.074 seconds
[2022-10-06T23:57:46.608+0000] {processor.py:156} INFO - Started process (PID=871) to work on /home/airflow/.local/lib/python3.7/site-packages/airflow/example_dags/example_branch_labels.py
[2022-10-06T23:57:46.609+0000] {processor.py:758} INFO - Processing file /home/airflow/.local/lib/python3.7/site-packages/airflow/example_dags/example_branch_labels.py for tasks to queue
[2022-10-06T23:57:46.609+0000] {logging_mixin.py:117} INFO - [2022-10-06T23:57:46.609+0000] {dagbag.py:525} INFO - Filling up the DagBag from /home/airflow/.local/lib/python3.7/site-packages/airflow/example_dags/example_branch_labels.py
[2022-10-06T23:57:46.618+0000] {processor.py:768} INFO - DAG(s) dict_keys(['example_branch_labels']) retrieved from /home/airflow/.local/lib/python3.7/site-packages/airflow/example_dags/example_branch_labels.py
[2022-10-06T23:57:46.645+0000] {logging_mixin.py:117} INFO - [2022-10-06T23:57:46.645+0000] {dag.py:2573} INFO - Sync 1 DAGs
[2022-10-06T23:57:46.663+0000] {logging_mixin.py:117} INFO - [2022-10-06T23:57:46.663+0000] {dag.py:3328} INFO - Setting next_dagrun for example_branch_labels to 2022-10-05T00:00:00+00:00, run_after=2022-10-06T00:00:00+00:00
[2022-10-06T23:57:46.676+0000] {processor.py:178} INFO - Processing /home/airflow/.local/lib/python3.7/site-packages/airflow/example_dags/example_branch_labels.py took 0.069 seconds
[2022-10-06T23:58:17.715+0000] {processor.py:156} INFO - Started process (PID=935) to work on /home/airflow/.local/lib/python3.7/site-packages/airflow/example_dags/example_branch_labels.py
[2022-10-06T23:58:17.715+0000] {processor.py:758} INFO - Processing file /home/airflow/.local/lib/python3.7/site-packages/airflow/example_dags/example_branch_labels.py for tasks to queue
[2022-10-06T23:58:17.716+0000] {logging_mixin.py:117} INFO - [2022-10-06T23:58:17.716+0000] {dagbag.py:525} INFO - Filling up the DagBag from /home/airflow/.local/lib/python3.7/site-packages/airflow/example_dags/example_branch_labels.py
[2022-10-06T23:58:17.726+0000] {processor.py:768} INFO - DAG(s) dict_keys(['example_branch_labels']) retrieved from /home/airflow/.local/lib/python3.7/site-packages/airflow/example_dags/example_branch_labels.py
[2022-10-06T23:58:17.753+0000] {logging_mixin.py:117} INFO - [2022-10-06T23:58:17.753+0000] {dag.py:2573} INFO - Sync 1 DAGs
[2022-10-06T23:58:17.773+0000] {logging_mixin.py:117} INFO - [2022-10-06T23:58:17.773+0000] {dag.py:3328} INFO - Setting next_dagrun for example_branch_labels to 2022-10-05T00:00:00+00:00, run_after=2022-10-06T00:00:00+00:00
[2022-10-06T23:58:17.789+0000] {processor.py:178} INFO - Processing /home/airflow/.local/lib/python3.7/site-packages/airflow/example_dags/example_branch_labels.py took 0.076 seconds
[2022-10-06T23:58:48.818+0000] {processor.py:156} INFO - Started process (PID=999) to work on /home/airflow/.local/lib/python3.7/site-packages/airflow/example_dags/example_branch_labels.py
[2022-10-06T23:58:48.819+0000] {processor.py:758} INFO - Processing file /home/airflow/.local/lib/python3.7/site-packages/airflow/example_dags/example_branch_labels.py for tasks to queue
[2022-10-06T23:58:48.819+0000] {logging_mixin.py:117} INFO - [2022-10-06T23:58:48.819+0000] {dagbag.py:525} INFO - Filling up the DagBag from /home/airflow/.local/lib/python3.7/site-packages/airflow/example_dags/example_branch_labels.py
[2022-10-06T23:58:48.829+0000] {processor.py:768} INFO - DAG(s) dict_keys(['example_branch_labels']) retrieved from /home/airflow/.local/lib/python3.7/site-packages/airflow/example_dags/example_branch_labels.py
[2022-10-06T23:58:48.857+0000] {logging_mixin.py:117} INFO - [2022-10-06T23:58:48.856+0000] {dag.py:2573} INFO - Sync 1 DAGs
[2022-10-06T23:58:48.878+0000] {logging_mixin.py:117} INFO - [2022-10-06T23:58:48.878+0000] {dag.py:3328} INFO - Setting next_dagrun for example_branch_labels to 2022-10-05T00:00:00+00:00, run_after=2022-10-06T00:00:00+00:00
[2022-10-06T23:58:48.892+0000] {processor.py:178} INFO - Processing /home/airflow/.local/lib/python3.7/site-packages/airflow/example_dags/example_branch_labels.py took 0.075 seconds
[2022-10-06T23:59:19.128+0000] {processor.py:156} INFO - Started process (PID=1063) to work on /home/airflow/.local/lib/python3.7/site-packages/airflow/example_dags/example_branch_labels.py
[2022-10-06T23:59:19.129+0000] {processor.py:758} INFO - Processing file /home/airflow/.local/lib/python3.7/site-packages/airflow/example_dags/example_branch_labels.py for tasks to queue
[2022-10-06T23:59:19.130+0000] {logging_mixin.py:117} INFO - [2022-10-06T23:59:19.129+0000] {dagbag.py:525} INFO - Filling up the DagBag from /home/airflow/.local/lib/python3.7/site-packages/airflow/example_dags/example_branch_labels.py
[2022-10-06T23:59:19.144+0000] {processor.py:768} INFO - DAG(s) dict_keys(['example_branch_labels']) retrieved from /home/airflow/.local/lib/python3.7/site-packages/airflow/example_dags/example_branch_labels.py
[2022-10-06T23:59:19.190+0000] {logging_mixin.py:117} INFO - [2022-10-06T23:59:19.190+0000] {dag.py:2573} INFO - Sync 1 DAGs
[2022-10-06T23:59:19.218+0000] {logging_mixin.py:117} INFO - [2022-10-06T23:59:19.218+0000] {dag.py:3328} INFO - Setting next_dagrun for example_branch_labels to 2022-10-05T00:00:00+00:00, run_after=2022-10-06T00:00:00+00:00
[2022-10-06T23:59:19.236+0000] {processor.py:178} INFO - Processing /home/airflow/.local/lib/python3.7/site-packages/airflow/example_dags/example_branch_labels.py took 0.109 seconds
[2022-10-06T23:59:50.213+0000] {processor.py:156} INFO - Started process (PID=1127) to work on /home/airflow/.local/lib/python3.7/site-packages/airflow/example_dags/example_branch_labels.py
[2022-10-06T23:59:50.214+0000] {processor.py:758} INFO - Processing file /home/airflow/.local/lib/python3.7/site-packages/airflow/example_dags/example_branch_labels.py for tasks to queue
[2022-10-06T23:59:50.214+0000] {logging_mixin.py:117} INFO - [2022-10-06T23:59:50.214+0000] {dagbag.py:525} INFO - Filling up the DagBag from /home/airflow/.local/lib/python3.7/site-packages/airflow/example_dags/example_branch_labels.py
[2022-10-06T23:59:50.224+0000] {processor.py:768} INFO - DAG(s) dict_keys(['example_branch_labels']) retrieved from /home/airflow/.local/lib/python3.7/site-packages/airflow/example_dags/example_branch_labels.py
[2022-10-06T23:59:50.251+0000] {logging_mixin.py:117} INFO - [2022-10-06T23:59:50.251+0000] {dag.py:2573} INFO - Sync 1 DAGs
[2022-10-06T23:59:50.273+0000] {logging_mixin.py:117} INFO - [2022-10-06T23:59:50.273+0000] {dag.py:3328} INFO - Setting next_dagrun for example_branch_labels to 2022-10-05T00:00:00+00:00, run_after=2022-10-06T00:00:00+00:00
[2022-10-06T23:59:50.286+0000] {processor.py:178} INFO - Processing /home/airflow/.local/lib/python3.7/site-packages/airflow/example_dags/example_branch_labels.py took 0.075 seconds
