[2022-10-06T00:38:36.210+0000] {processor.py:156} INFO - Started process (PID=58) to work on /home/airflow/.local/lib/python3.7/site-packages/airflow/example_dags/example_nested_branch_dag.py
[2022-10-06T00:38:36.210+0000] {processor.py:758} INFO - Processing file /home/airflow/.local/lib/python3.7/site-packages/airflow/example_dags/example_nested_branch_dag.py for tasks to queue
[2022-10-06T00:38:36.211+0000] {logging_mixin.py:117} INFO - [2022-10-06T00:38:36.211+0000] {dagbag.py:525} INFO - Filling up the DagBag from /home/airflow/.local/lib/python3.7/site-packages/airflow/example_dags/example_nested_branch_dag.py
[2022-10-06T00:38:36.233+0000] {processor.py:768} INFO - DAG(s) dict_keys(['example_nested_branch_dag']) retrieved from /home/airflow/.local/lib/python3.7/site-packages/airflow/example_dags/example_nested_branch_dag.py
[2022-10-06T00:38:36.429+0000] {logging_mixin.py:117} INFO - [2022-10-06T00:38:36.428+0000] {dag.py:2573} INFO - Sync 1 DAGs
[2022-10-06T00:38:36.457+0000] {logging_mixin.py:117} INFO - [2022-10-06T00:38:36.457+0000] {dag.py:3328} INFO - Setting next_dagrun for example_nested_branch_dag to 2022-10-05T00:00:00+00:00, run_after=2022-10-06T00:00:00+00:00
[2022-10-06T00:38:36.480+0000] {processor.py:178} INFO - Processing /home/airflow/.local/lib/python3.7/site-packages/airflow/example_dags/example_nested_branch_dag.py took 0.272 seconds
[2022-10-06T00:39:06.798+0000] {processor.py:156} INFO - Started process (PID=122) to work on /home/airflow/.local/lib/python3.7/site-packages/airflow/example_dags/example_nested_branch_dag.py
[2022-10-06T00:39:06.799+0000] {processor.py:758} INFO - Processing file /home/airflow/.local/lib/python3.7/site-packages/airflow/example_dags/example_nested_branch_dag.py for tasks to queue
[2022-10-06T00:39:06.799+0000] {logging_mixin.py:117} INFO - [2022-10-06T00:39:06.799+0000] {dagbag.py:525} INFO - Filling up the DagBag from /home/airflow/.local/lib/python3.7/site-packages/airflow/example_dags/example_nested_branch_dag.py
[2022-10-06T00:39:06.905+0000] {processor.py:768} INFO - DAG(s) dict_keys(['example_nested_branch_dag']) retrieved from /home/airflow/.local/lib/python3.7/site-packages/airflow/example_dags/example_nested_branch_dag.py
[2022-10-06T00:39:06.919+0000] {logging_mixin.py:117} INFO - [2022-10-06T00:39:06.918+0000] {dag.py:2573} INFO - Sync 1 DAGs
[2022-10-06T00:39:06.937+0000] {logging_mixin.py:117} INFO - [2022-10-06T00:39:06.937+0000] {dag.py:3328} INFO - Setting next_dagrun for example_nested_branch_dag to 2022-10-05T00:00:00+00:00, run_after=2022-10-06T00:00:00+00:00
[2022-10-06T00:39:06.949+0000] {processor.py:178} INFO - Processing /home/airflow/.local/lib/python3.7/site-packages/airflow/example_dags/example_nested_branch_dag.py took 0.153 seconds
[2022-10-06T00:39:37.678+0000] {processor.py:156} INFO - Started process (PID=187) to work on /home/airflow/.local/lib/python3.7/site-packages/airflow/example_dags/example_nested_branch_dag.py
[2022-10-06T00:39:37.679+0000] {processor.py:758} INFO - Processing file /home/airflow/.local/lib/python3.7/site-packages/airflow/example_dags/example_nested_branch_dag.py for tasks to queue
[2022-10-06T00:39:37.679+0000] {logging_mixin.py:117} INFO - [2022-10-06T00:39:37.679+0000] {dagbag.py:525} INFO - Filling up the DagBag from /home/airflow/.local/lib/python3.7/site-packages/airflow/example_dags/example_nested_branch_dag.py
[2022-10-06T00:39:37.789+0000] {processor.py:768} INFO - DAG(s) dict_keys(['example_nested_branch_dag']) retrieved from /home/airflow/.local/lib/python3.7/site-packages/airflow/example_dags/example_nested_branch_dag.py
[2022-10-06T00:39:37.814+0000] {logging_mixin.py:117} INFO - [2022-10-06T00:39:37.814+0000] {dag.py:2573} INFO - Sync 1 DAGs
[2022-10-06T00:39:37.832+0000] {logging_mixin.py:117} INFO - [2022-10-06T00:39:37.832+0000] {dag.py:3328} INFO - Setting next_dagrun for example_nested_branch_dag to 2022-10-05T00:00:00+00:00, run_after=2022-10-06T00:00:00+00:00
[2022-10-06T00:39:37.846+0000] {processor.py:178} INFO - Processing /home/airflow/.local/lib/python3.7/site-packages/airflow/example_dags/example_nested_branch_dag.py took 0.169 seconds
[2022-10-06T00:40:08.366+0000] {processor.py:156} INFO - Started process (PID=251) to work on /home/airflow/.local/lib/python3.7/site-packages/airflow/example_dags/example_nested_branch_dag.py
[2022-10-06T00:40:08.366+0000] {processor.py:758} INFO - Processing file /home/airflow/.local/lib/python3.7/site-packages/airflow/example_dags/example_nested_branch_dag.py for tasks to queue
[2022-10-06T00:40:08.367+0000] {logging_mixin.py:117} INFO - [2022-10-06T00:40:08.367+0000] {dagbag.py:525} INFO - Filling up the DagBag from /home/airflow/.local/lib/python3.7/site-packages/airflow/example_dags/example_nested_branch_dag.py
[2022-10-06T00:40:08.384+0000] {processor.py:768} INFO - DAG(s) dict_keys(['example_nested_branch_dag']) retrieved from /home/airflow/.local/lib/python3.7/site-packages/airflow/example_dags/example_nested_branch_dag.py
[2022-10-06T00:40:08.410+0000] {logging_mixin.py:117} INFO - [2022-10-06T00:40:08.409+0000] {dag.py:2573} INFO - Sync 1 DAGs
[2022-10-06T00:40:08.429+0000] {logging_mixin.py:117} INFO - [2022-10-06T00:40:08.429+0000] {dag.py:3328} INFO - Setting next_dagrun for example_nested_branch_dag to 2022-10-05T00:00:00+00:00, run_after=2022-10-06T00:00:00+00:00
[2022-10-06T00:40:08.442+0000] {processor.py:178} INFO - Processing /home/airflow/.local/lib/python3.7/site-packages/airflow/example_dags/example_nested_branch_dag.py took 0.078 seconds
[2022-10-06T00:40:39.260+0000] {processor.py:156} INFO - Started process (PID=306) to work on /home/airflow/.local/lib/python3.7/site-packages/airflow/example_dags/example_nested_branch_dag.py
[2022-10-06T00:40:39.260+0000] {processor.py:758} INFO - Processing file /home/airflow/.local/lib/python3.7/site-packages/airflow/example_dags/example_nested_branch_dag.py for tasks to queue
[2022-10-06T00:40:39.261+0000] {logging_mixin.py:117} INFO - [2022-10-06T00:40:39.261+0000] {dagbag.py:525} INFO - Filling up the DagBag from /home/airflow/.local/lib/python3.7/site-packages/airflow/example_dags/example_nested_branch_dag.py
[2022-10-06T00:40:39.281+0000] {processor.py:768} INFO - DAG(s) dict_keys(['example_nested_branch_dag']) retrieved from /home/airflow/.local/lib/python3.7/site-packages/airflow/example_dags/example_nested_branch_dag.py
[2022-10-06T00:40:39.309+0000] {logging_mixin.py:117} INFO - [2022-10-06T00:40:39.309+0000] {dag.py:2573} INFO - Sync 1 DAGs
[2022-10-06T00:40:39.332+0000] {logging_mixin.py:117} INFO - [2022-10-06T00:40:39.332+0000] {dag.py:3328} INFO - Setting next_dagrun for example_nested_branch_dag to 2022-10-05T00:00:00+00:00, run_after=2022-10-06T00:00:00+00:00
[2022-10-06T00:40:39.347+0000] {processor.py:178} INFO - Processing /home/airflow/.local/lib/python3.7/site-packages/airflow/example_dags/example_nested_branch_dag.py took 0.089 seconds
[2022-10-06T00:41:09.471+0000] {processor.py:156} INFO - Started process (PID=370) to work on /home/airflow/.local/lib/python3.7/site-packages/airflow/example_dags/example_nested_branch_dag.py
[2022-10-06T00:41:09.472+0000] {processor.py:758} INFO - Processing file /home/airflow/.local/lib/python3.7/site-packages/airflow/example_dags/example_nested_branch_dag.py for tasks to queue
[2022-10-06T00:41:09.472+0000] {logging_mixin.py:117} INFO - [2022-10-06T00:41:09.472+0000] {dagbag.py:525} INFO - Filling up the DagBag from /home/airflow/.local/lib/python3.7/site-packages/airflow/example_dags/example_nested_branch_dag.py
[2022-10-06T00:41:09.492+0000] {processor.py:768} INFO - DAG(s) dict_keys(['example_nested_branch_dag']) retrieved from /home/airflow/.local/lib/python3.7/site-packages/airflow/example_dags/example_nested_branch_dag.py
[2022-10-06T00:41:09.521+0000] {logging_mixin.py:117} INFO - [2022-10-06T00:41:09.521+0000] {dag.py:2573} INFO - Sync 1 DAGs
[2022-10-06T00:41:09.542+0000] {logging_mixin.py:117} INFO - [2022-10-06T00:41:09.542+0000] {dag.py:3328} INFO - Setting next_dagrun for example_nested_branch_dag to 2022-10-05T00:00:00+00:00, run_after=2022-10-06T00:00:00+00:00
[2022-10-06T00:41:09.557+0000] {processor.py:178} INFO - Processing /home/airflow/.local/lib/python3.7/site-packages/airflow/example_dags/example_nested_branch_dag.py took 0.087 seconds
[2022-10-06T00:41:40.464+0000] {processor.py:156} INFO - Started process (PID=434) to work on /home/airflow/.local/lib/python3.7/site-packages/airflow/example_dags/example_nested_branch_dag.py
[2022-10-06T00:41:40.465+0000] {processor.py:758} INFO - Processing file /home/airflow/.local/lib/python3.7/site-packages/airflow/example_dags/example_nested_branch_dag.py for tasks to queue
[2022-10-06T00:41:40.465+0000] {logging_mixin.py:117} INFO - [2022-10-06T00:41:40.465+0000] {dagbag.py:525} INFO - Filling up the DagBag from /home/airflow/.local/lib/python3.7/site-packages/airflow/example_dags/example_nested_branch_dag.py
[2022-10-06T00:41:40.481+0000] {processor.py:768} INFO - DAG(s) dict_keys(['example_nested_branch_dag']) retrieved from /home/airflow/.local/lib/python3.7/site-packages/airflow/example_dags/example_nested_branch_dag.py
[2022-10-06T00:41:40.507+0000] {logging_mixin.py:117} INFO - [2022-10-06T00:41:40.507+0000] {dag.py:2573} INFO - Sync 1 DAGs
[2022-10-06T00:41:40.526+0000] {logging_mixin.py:117} INFO - [2022-10-06T00:41:40.526+0000] {dag.py:3328} INFO - Setting next_dagrun for example_nested_branch_dag to 2022-10-05T00:00:00+00:00, run_after=2022-10-06T00:00:00+00:00
[2022-10-06T00:41:40.541+0000] {processor.py:178} INFO - Processing /home/airflow/.local/lib/python3.7/site-packages/airflow/example_dags/example_nested_branch_dag.py took 0.079 seconds
[2022-10-06T00:42:11.807+0000] {processor.py:156} INFO - Started process (PID=498) to work on /home/airflow/.local/lib/python3.7/site-packages/airflow/example_dags/example_nested_branch_dag.py
[2022-10-06T00:42:11.808+0000] {processor.py:758} INFO - Processing file /home/airflow/.local/lib/python3.7/site-packages/airflow/example_dags/example_nested_branch_dag.py for tasks to queue
[2022-10-06T00:42:11.809+0000] {logging_mixin.py:117} INFO - [2022-10-06T00:42:11.808+0000] {dagbag.py:525} INFO - Filling up the DagBag from /home/airflow/.local/lib/python3.7/site-packages/airflow/example_dags/example_nested_branch_dag.py
[2022-10-06T00:42:11.829+0000] {processor.py:768} INFO - DAG(s) dict_keys(['example_nested_branch_dag']) retrieved from /home/airflow/.local/lib/python3.7/site-packages/airflow/example_dags/example_nested_branch_dag.py
[2022-10-06T00:42:11.859+0000] {logging_mixin.py:117} INFO - [2022-10-06T00:42:11.858+0000] {dag.py:2573} INFO - Sync 1 DAGs
[2022-10-06T00:42:11.879+0000] {logging_mixin.py:117} INFO - [2022-10-06T00:42:11.879+0000] {dag.py:3328} INFO - Setting next_dagrun for example_nested_branch_dag to 2022-10-05T00:00:00+00:00, run_after=2022-10-06T00:00:00+00:00
[2022-10-06T00:42:11.894+0000] {processor.py:178} INFO - Processing /home/airflow/.local/lib/python3.7/site-packages/airflow/example_dags/example_nested_branch_dag.py took 0.088 seconds
[2022-10-06T00:42:41.911+0000] {processor.py:156} INFO - Started process (PID=553) to work on /home/airflow/.local/lib/python3.7/site-packages/airflow/example_dags/example_nested_branch_dag.py
[2022-10-06T00:42:41.911+0000] {processor.py:758} INFO - Processing file /home/airflow/.local/lib/python3.7/site-packages/airflow/example_dags/example_nested_branch_dag.py for tasks to queue
[2022-10-06T00:42:41.911+0000] {logging_mixin.py:117} INFO - [2022-10-06T00:42:41.911+0000] {dagbag.py:525} INFO - Filling up the DagBag from /home/airflow/.local/lib/python3.7/site-packages/airflow/example_dags/example_nested_branch_dag.py
[2022-10-06T00:42:41.928+0000] {processor.py:768} INFO - DAG(s) dict_keys(['example_nested_branch_dag']) retrieved from /home/airflow/.local/lib/python3.7/site-packages/airflow/example_dags/example_nested_branch_dag.py
[2022-10-06T00:42:41.956+0000] {logging_mixin.py:117} INFO - [2022-10-06T00:42:41.956+0000] {dag.py:2573} INFO - Sync 1 DAGs
[2022-10-06T00:42:41.975+0000] {logging_mixin.py:117} INFO - [2022-10-06T00:42:41.974+0000] {dag.py:3328} INFO - Setting next_dagrun for example_nested_branch_dag to 2022-10-05T00:00:00+00:00, run_after=2022-10-06T00:00:00+00:00
[2022-10-06T00:42:41.988+0000] {processor.py:178} INFO - Processing /home/airflow/.local/lib/python3.7/site-packages/airflow/example_dags/example_nested_branch_dag.py took 0.079 seconds
[2022-10-06T00:43:12.828+0000] {processor.py:156} INFO - Started process (PID=617) to work on /home/airflow/.local/lib/python3.7/site-packages/airflow/example_dags/example_nested_branch_dag.py
[2022-10-06T00:43:12.829+0000] {processor.py:758} INFO - Processing file /home/airflow/.local/lib/python3.7/site-packages/airflow/example_dags/example_nested_branch_dag.py for tasks to queue
[2022-10-06T00:43:12.829+0000] {logging_mixin.py:117} INFO - [2022-10-06T00:43:12.829+0000] {dagbag.py:525} INFO - Filling up the DagBag from /home/airflow/.local/lib/python3.7/site-packages/airflow/example_dags/example_nested_branch_dag.py
[2022-10-06T00:43:12.846+0000] {processor.py:768} INFO - DAG(s) dict_keys(['example_nested_branch_dag']) retrieved from /home/airflow/.local/lib/python3.7/site-packages/airflow/example_dags/example_nested_branch_dag.py
[2022-10-06T00:43:12.871+0000] {logging_mixin.py:117} INFO - [2022-10-06T00:43:12.871+0000] {dag.py:2573} INFO - Sync 1 DAGs
[2022-10-06T00:43:12.892+0000] {logging_mixin.py:117} INFO - [2022-10-06T00:43:12.892+0000] {dag.py:3328} INFO - Setting next_dagrun for example_nested_branch_dag to 2022-10-05T00:00:00+00:00, run_after=2022-10-06T00:00:00+00:00
[2022-10-06T00:43:12.907+0000] {processor.py:178} INFO - Processing /home/airflow/.local/lib/python3.7/site-packages/airflow/example_dags/example_nested_branch_dag.py took 0.081 seconds
[2022-10-06T00:43:43.902+0000] {processor.py:156} INFO - Started process (PID=681) to work on /home/airflow/.local/lib/python3.7/site-packages/airflow/example_dags/example_nested_branch_dag.py
[2022-10-06T00:43:43.903+0000] {processor.py:758} INFO - Processing file /home/airflow/.local/lib/python3.7/site-packages/airflow/example_dags/example_nested_branch_dag.py for tasks to queue
[2022-10-06T00:43:43.903+0000] {logging_mixin.py:117} INFO - [2022-10-06T00:43:43.903+0000] {dagbag.py:525} INFO - Filling up the DagBag from /home/airflow/.local/lib/python3.7/site-packages/airflow/example_dags/example_nested_branch_dag.py
[2022-10-06T00:43:43.920+0000] {processor.py:768} INFO - DAG(s) dict_keys(['example_nested_branch_dag']) retrieved from /home/airflow/.local/lib/python3.7/site-packages/airflow/example_dags/example_nested_branch_dag.py
[2022-10-06T00:43:43.946+0000] {logging_mixin.py:117} INFO - [2022-10-06T00:43:43.946+0000] {dag.py:2573} INFO - Sync 1 DAGs
[2022-10-06T00:43:43.964+0000] {logging_mixin.py:117} INFO - [2022-10-06T00:43:43.964+0000] {dag.py:3328} INFO - Setting next_dagrun for example_nested_branch_dag to 2022-10-05T00:00:00+00:00, run_after=2022-10-06T00:00:00+00:00
[2022-10-06T00:43:43.977+0000] {processor.py:178} INFO - Processing /home/airflow/.local/lib/python3.7/site-packages/airflow/example_dags/example_nested_branch_dag.py took 0.076 seconds
[2022-10-06T00:44:14.963+0000] {processor.py:156} INFO - Started process (PID=745) to work on /home/airflow/.local/lib/python3.7/site-packages/airflow/example_dags/example_nested_branch_dag.py
[2022-10-06T00:44:14.964+0000] {processor.py:758} INFO - Processing file /home/airflow/.local/lib/python3.7/site-packages/airflow/example_dags/example_nested_branch_dag.py for tasks to queue
[2022-10-06T00:44:14.964+0000] {logging_mixin.py:117} INFO - [2022-10-06T00:44:14.964+0000] {dagbag.py:525} INFO - Filling up the DagBag from /home/airflow/.local/lib/python3.7/site-packages/airflow/example_dags/example_nested_branch_dag.py
[2022-10-06T00:44:14.980+0000] {processor.py:768} INFO - DAG(s) dict_keys(['example_nested_branch_dag']) retrieved from /home/airflow/.local/lib/python3.7/site-packages/airflow/example_dags/example_nested_branch_dag.py
[2022-10-06T00:44:15.005+0000] {logging_mixin.py:117} INFO - [2022-10-06T00:44:15.005+0000] {dag.py:2573} INFO - Sync 1 DAGs
[2022-10-06T00:44:15.024+0000] {logging_mixin.py:117} INFO - [2022-10-06T00:44:15.024+0000] {dag.py:3328} INFO - Setting next_dagrun for example_nested_branch_dag to 2022-10-05T00:00:00+00:00, run_after=2022-10-06T00:00:00+00:00
[2022-10-06T00:44:15.036+0000] {processor.py:178} INFO - Processing /home/airflow/.local/lib/python3.7/site-packages/airflow/example_dags/example_nested_branch_dag.py took 0.074 seconds
[2022-10-06T00:44:45.742+0000] {processor.py:156} INFO - Started process (PID=809) to work on /home/airflow/.local/lib/python3.7/site-packages/airflow/example_dags/example_nested_branch_dag.py
[2022-10-06T00:44:45.742+0000] {processor.py:758} INFO - Processing file /home/airflow/.local/lib/python3.7/site-packages/airflow/example_dags/example_nested_branch_dag.py for tasks to queue
[2022-10-06T00:44:45.743+0000] {logging_mixin.py:117} INFO - [2022-10-06T00:44:45.743+0000] {dagbag.py:525} INFO - Filling up the DagBag from /home/airflow/.local/lib/python3.7/site-packages/airflow/example_dags/example_nested_branch_dag.py
[2022-10-06T00:44:45.758+0000] {processor.py:768} INFO - DAG(s) dict_keys(['example_nested_branch_dag']) retrieved from /home/airflow/.local/lib/python3.7/site-packages/airflow/example_dags/example_nested_branch_dag.py
[2022-10-06T00:44:45.783+0000] {logging_mixin.py:117} INFO - [2022-10-06T00:44:45.783+0000] {dag.py:2573} INFO - Sync 1 DAGs
[2022-10-06T00:44:45.803+0000] {logging_mixin.py:117} INFO - [2022-10-06T00:44:45.803+0000] {dag.py:3328} INFO - Setting next_dagrun for example_nested_branch_dag to 2022-10-05T00:00:00+00:00, run_after=2022-10-06T00:00:00+00:00
[2022-10-06T00:44:45.818+0000] {processor.py:178} INFO - Processing /home/airflow/.local/lib/python3.7/site-packages/airflow/example_dags/example_nested_branch_dag.py took 0.077 seconds
[2022-10-06T00:45:16.735+0000] {processor.py:156} INFO - Started process (PID=873) to work on /home/airflow/.local/lib/python3.7/site-packages/airflow/example_dags/example_nested_branch_dag.py
[2022-10-06T00:45:16.736+0000] {processor.py:758} INFO - Processing file /home/airflow/.local/lib/python3.7/site-packages/airflow/example_dags/example_nested_branch_dag.py for tasks to queue
[2022-10-06T00:45:16.736+0000] {logging_mixin.py:117} INFO - [2022-10-06T00:45:16.736+0000] {dagbag.py:525} INFO - Filling up the DagBag from /home/airflow/.local/lib/python3.7/site-packages/airflow/example_dags/example_nested_branch_dag.py
[2022-10-06T00:45:16.752+0000] {processor.py:768} INFO - DAG(s) dict_keys(['example_nested_branch_dag']) retrieved from /home/airflow/.local/lib/python3.7/site-packages/airflow/example_dags/example_nested_branch_dag.py
[2022-10-06T00:45:16.777+0000] {logging_mixin.py:117} INFO - [2022-10-06T00:45:16.777+0000] {dag.py:2573} INFO - Sync 1 DAGs
[2022-10-06T00:45:16.798+0000] {logging_mixin.py:117} INFO - [2022-10-06T00:45:16.798+0000] {dag.py:3328} INFO - Setting next_dagrun for example_nested_branch_dag to 2022-10-05T00:00:00+00:00, run_after=2022-10-06T00:00:00+00:00
[2022-10-06T00:45:16.811+0000] {processor.py:178} INFO - Processing /home/airflow/.local/lib/python3.7/site-packages/airflow/example_dags/example_nested_branch_dag.py took 0.077 seconds
[2022-10-06T00:45:47.471+0000] {processor.py:156} INFO - Started process (PID=928) to work on /home/airflow/.local/lib/python3.7/site-packages/airflow/example_dags/example_nested_branch_dag.py
[2022-10-06T00:45:47.471+0000] {processor.py:758} INFO - Processing file /home/airflow/.local/lib/python3.7/site-packages/airflow/example_dags/example_nested_branch_dag.py for tasks to queue
[2022-10-06T00:45:47.471+0000] {logging_mixin.py:117} INFO - [2022-10-06T00:45:47.471+0000] {dagbag.py:525} INFO - Filling up the DagBag from /home/airflow/.local/lib/python3.7/site-packages/airflow/example_dags/example_nested_branch_dag.py
[2022-10-06T00:45:47.489+0000] {processor.py:768} INFO - DAG(s) dict_keys(['example_nested_branch_dag']) retrieved from /home/airflow/.local/lib/python3.7/site-packages/airflow/example_dags/example_nested_branch_dag.py
[2022-10-06T00:45:47.515+0000] {logging_mixin.py:117} INFO - [2022-10-06T00:45:47.515+0000] {dag.py:2573} INFO - Sync 1 DAGs
[2022-10-06T00:45:47.533+0000] {logging_mixin.py:117} INFO - [2022-10-06T00:45:47.533+0000] {dag.py:3328} INFO - Setting next_dagrun for example_nested_branch_dag to 2022-10-05T00:00:00+00:00, run_after=2022-10-06T00:00:00+00:00
[2022-10-06T00:45:47.548+0000] {processor.py:178} INFO - Processing /home/airflow/.local/lib/python3.7/site-packages/airflow/example_dags/example_nested_branch_dag.py took 0.078 seconds
[2022-10-06T00:46:18.361+0000] {processor.py:156} INFO - Started process (PID=992) to work on /home/airflow/.local/lib/python3.7/site-packages/airflow/example_dags/example_nested_branch_dag.py
[2022-10-06T00:46:18.362+0000] {processor.py:758} INFO - Processing file /home/airflow/.local/lib/python3.7/site-packages/airflow/example_dags/example_nested_branch_dag.py for tasks to queue
[2022-10-06T00:46:18.362+0000] {logging_mixin.py:117} INFO - [2022-10-06T00:46:18.362+0000] {dagbag.py:525} INFO - Filling up the DagBag from /home/airflow/.local/lib/python3.7/site-packages/airflow/example_dags/example_nested_branch_dag.py
[2022-10-06T00:46:18.380+0000] {processor.py:768} INFO - DAG(s) dict_keys(['example_nested_branch_dag']) retrieved from /home/airflow/.local/lib/python3.7/site-packages/airflow/example_dags/example_nested_branch_dag.py
[2022-10-06T00:46:18.407+0000] {logging_mixin.py:117} INFO - [2022-10-06T00:46:18.407+0000] {dag.py:2573} INFO - Sync 1 DAGs
[2022-10-06T00:46:18.428+0000] {logging_mixin.py:117} INFO - [2022-10-06T00:46:18.428+0000] {dag.py:3328} INFO - Setting next_dagrun for example_nested_branch_dag to 2022-10-05T00:00:00+00:00, run_after=2022-10-06T00:00:00+00:00
[2022-10-06T00:46:18.440+0000] {processor.py:178} INFO - Processing /home/airflow/.local/lib/python3.7/site-packages/airflow/example_dags/example_nested_branch_dag.py took 0.081 seconds
[2022-10-06T00:46:49.148+0000] {processor.py:156} INFO - Started process (PID=1056) to work on /home/airflow/.local/lib/python3.7/site-packages/airflow/example_dags/example_nested_branch_dag.py
[2022-10-06T00:46:49.148+0000] {processor.py:758} INFO - Processing file /home/airflow/.local/lib/python3.7/site-packages/airflow/example_dags/example_nested_branch_dag.py for tasks to queue
[2022-10-06T00:46:49.148+0000] {logging_mixin.py:117} INFO - [2022-10-06T00:46:49.148+0000] {dagbag.py:525} INFO - Filling up the DagBag from /home/airflow/.local/lib/python3.7/site-packages/airflow/example_dags/example_nested_branch_dag.py
[2022-10-06T00:46:49.167+0000] {processor.py:768} INFO - DAG(s) dict_keys(['example_nested_branch_dag']) retrieved from /home/airflow/.local/lib/python3.7/site-packages/airflow/example_dags/example_nested_branch_dag.py
[2022-10-06T00:46:49.193+0000] {logging_mixin.py:117} INFO - [2022-10-06T00:46:49.193+0000] {dag.py:2573} INFO - Sync 1 DAGs
[2022-10-06T00:46:49.211+0000] {logging_mixin.py:117} INFO - [2022-10-06T00:46:49.211+0000] {dag.py:3328} INFO - Setting next_dagrun for example_nested_branch_dag to 2022-10-05T00:00:00+00:00, run_after=2022-10-06T00:00:00+00:00
[2022-10-06T00:46:49.227+0000] {processor.py:178} INFO - Processing /home/airflow/.local/lib/python3.7/site-packages/airflow/example_dags/example_nested_branch_dag.py took 0.081 seconds
[2022-10-06T00:47:20.264+0000] {processor.py:156} INFO - Started process (PID=1119) to work on /home/airflow/.local/lib/python3.7/site-packages/airflow/example_dags/example_nested_branch_dag.py
[2022-10-06T00:47:20.264+0000] {processor.py:758} INFO - Processing file /home/airflow/.local/lib/python3.7/site-packages/airflow/example_dags/example_nested_branch_dag.py for tasks to queue
[2022-10-06T00:47:20.265+0000] {logging_mixin.py:117} INFO - [2022-10-06T00:47:20.265+0000] {dagbag.py:525} INFO - Filling up the DagBag from /home/airflow/.local/lib/python3.7/site-packages/airflow/example_dags/example_nested_branch_dag.py
[2022-10-06T00:47:20.281+0000] {processor.py:768} INFO - DAG(s) dict_keys(['example_nested_branch_dag']) retrieved from /home/airflow/.local/lib/python3.7/site-packages/airflow/example_dags/example_nested_branch_dag.py
[2022-10-06T00:47:20.306+0000] {logging_mixin.py:117} INFO - [2022-10-06T00:47:20.305+0000] {dag.py:2573} INFO - Sync 1 DAGs
[2022-10-06T00:47:20.324+0000] {logging_mixin.py:117} INFO - [2022-10-06T00:47:20.324+0000] {dag.py:3328} INFO - Setting next_dagrun for example_nested_branch_dag to 2022-10-05T00:00:00+00:00, run_after=2022-10-06T00:00:00+00:00
[2022-10-06T00:47:20.337+0000] {processor.py:178} INFO - Processing /home/airflow/.local/lib/python3.7/site-packages/airflow/example_dags/example_nested_branch_dag.py took 0.075 seconds
[2022-10-06T00:47:51.257+0000] {processor.py:156} INFO - Started process (PID=1181) to work on /home/airflow/.local/lib/python3.7/site-packages/airflow/example_dags/example_nested_branch_dag.py
[2022-10-06T00:47:51.258+0000] {processor.py:758} INFO - Processing file /home/airflow/.local/lib/python3.7/site-packages/airflow/example_dags/example_nested_branch_dag.py for tasks to queue
[2022-10-06T00:47:51.258+0000] {logging_mixin.py:117} INFO - [2022-10-06T00:47:51.258+0000] {dagbag.py:525} INFO - Filling up the DagBag from /home/airflow/.local/lib/python3.7/site-packages/airflow/example_dags/example_nested_branch_dag.py
[2022-10-06T00:47:51.274+0000] {processor.py:768} INFO - DAG(s) dict_keys(['example_nested_branch_dag']) retrieved from /home/airflow/.local/lib/python3.7/site-packages/airflow/example_dags/example_nested_branch_dag.py
[2022-10-06T00:47:51.303+0000] {logging_mixin.py:117} INFO - [2022-10-06T00:47:51.303+0000] {dag.py:2573} INFO - Sync 1 DAGs
[2022-10-06T00:47:51.324+0000] {logging_mixin.py:117} INFO - [2022-10-06T00:47:51.324+0000] {dag.py:3328} INFO - Setting next_dagrun for example_nested_branch_dag to 2022-10-05T00:00:00+00:00, run_after=2022-10-06T00:00:00+00:00
[2022-10-06T00:47:51.338+0000] {processor.py:178} INFO - Processing /home/airflow/.local/lib/python3.7/site-packages/airflow/example_dags/example_nested_branch_dag.py took 0.083 seconds
[2022-10-06T00:48:21.435+0000] {processor.py:156} INFO - Started process (PID=1239) to work on /home/airflow/.local/lib/python3.7/site-packages/airflow/example_dags/example_nested_branch_dag.py
[2022-10-06T00:48:21.436+0000] {processor.py:758} INFO - Processing file /home/airflow/.local/lib/python3.7/site-packages/airflow/example_dags/example_nested_branch_dag.py for tasks to queue
[2022-10-06T00:48:21.436+0000] {logging_mixin.py:117} INFO - [2022-10-06T00:48:21.436+0000] {dagbag.py:525} INFO - Filling up the DagBag from /home/airflow/.local/lib/python3.7/site-packages/airflow/example_dags/example_nested_branch_dag.py
[2022-10-06T00:48:21.454+0000] {processor.py:768} INFO - DAG(s) dict_keys(['example_nested_branch_dag']) retrieved from /home/airflow/.local/lib/python3.7/site-packages/airflow/example_dags/example_nested_branch_dag.py
[2022-10-06T00:48:21.485+0000] {logging_mixin.py:117} INFO - [2022-10-06T00:48:21.484+0000] {dag.py:2573} INFO - Sync 1 DAGs
[2022-10-06T00:48:21.510+0000] {logging_mixin.py:117} INFO - [2022-10-06T00:48:21.510+0000] {dag.py:3328} INFO - Setting next_dagrun for example_nested_branch_dag to 2022-10-05T00:00:00+00:00, run_after=2022-10-06T00:00:00+00:00
[2022-10-06T00:48:21.524+0000] {processor.py:178} INFO - Processing /home/airflow/.local/lib/python3.7/site-packages/airflow/example_dags/example_nested_branch_dag.py took 0.090 seconds
[2022-10-06T00:48:51.817+0000] {processor.py:156} INFO - Started process (PID=1303) to work on /home/airflow/.local/lib/python3.7/site-packages/airflow/example_dags/example_nested_branch_dag.py
[2022-10-06T00:48:51.818+0000] {processor.py:758} INFO - Processing file /home/airflow/.local/lib/python3.7/site-packages/airflow/example_dags/example_nested_branch_dag.py for tasks to queue
[2022-10-06T00:48:51.818+0000] {logging_mixin.py:117} INFO - [2022-10-06T00:48:51.818+0000] {dagbag.py:525} INFO - Filling up the DagBag from /home/airflow/.local/lib/python3.7/site-packages/airflow/example_dags/example_nested_branch_dag.py
[2022-10-06T00:48:51.836+0000] {processor.py:768} INFO - DAG(s) dict_keys(['example_nested_branch_dag']) retrieved from /home/airflow/.local/lib/python3.7/site-packages/airflow/example_dags/example_nested_branch_dag.py
[2022-10-06T00:48:51.862+0000] {logging_mixin.py:117} INFO - [2022-10-06T00:48:51.861+0000] {dag.py:2573} INFO - Sync 1 DAGs
[2022-10-06T00:48:51.884+0000] {logging_mixin.py:117} INFO - [2022-10-06T00:48:51.884+0000] {dag.py:3328} INFO - Setting next_dagrun for example_nested_branch_dag to 2022-10-05T00:00:00+00:00, run_after=2022-10-06T00:00:00+00:00
[2022-10-06T00:48:51.900+0000] {processor.py:178} INFO - Processing /home/airflow/.local/lib/python3.7/site-packages/airflow/example_dags/example_nested_branch_dag.py took 0.084 seconds
[2022-10-06T00:49:22.975+0000] {processor.py:156} INFO - Started process (PID=1368) to work on /home/airflow/.local/lib/python3.7/site-packages/airflow/example_dags/example_nested_branch_dag.py
[2022-10-06T00:49:22.975+0000] {processor.py:758} INFO - Processing file /home/airflow/.local/lib/python3.7/site-packages/airflow/example_dags/example_nested_branch_dag.py for tasks to queue
[2022-10-06T00:49:22.976+0000] {logging_mixin.py:117} INFO - [2022-10-06T00:49:22.976+0000] {dagbag.py:525} INFO - Filling up the DagBag from /home/airflow/.local/lib/python3.7/site-packages/airflow/example_dags/example_nested_branch_dag.py
[2022-10-06T00:49:22.993+0000] {processor.py:768} INFO - DAG(s) dict_keys(['example_nested_branch_dag']) retrieved from /home/airflow/.local/lib/python3.7/site-packages/airflow/example_dags/example_nested_branch_dag.py
[2022-10-06T00:49:23.018+0000] {logging_mixin.py:117} INFO - [2022-10-06T00:49:23.017+0000] {dag.py:2573} INFO - Sync 1 DAGs
[2022-10-06T00:49:23.037+0000] {logging_mixin.py:117} INFO - [2022-10-06T00:49:23.037+0000] {dag.py:3328} INFO - Setting next_dagrun for example_nested_branch_dag to 2022-10-05T00:00:00+00:00, run_after=2022-10-06T00:00:00+00:00
[2022-10-06T00:49:23.050+0000] {processor.py:178} INFO - Processing /home/airflow/.local/lib/python3.7/site-packages/airflow/example_dags/example_nested_branch_dag.py took 0.077 seconds
[2022-10-06T23:51:08.049+0000] {processor.py:156} INFO - Started process (PID=59) to work on /home/airflow/.local/lib/python3.7/site-packages/airflow/example_dags/example_nested_branch_dag.py
[2022-10-06T23:51:08.049+0000] {processor.py:758} INFO - Processing file /home/airflow/.local/lib/python3.7/site-packages/airflow/example_dags/example_nested_branch_dag.py for tasks to queue
[2022-10-06T23:51:08.050+0000] {logging_mixin.py:117} INFO - [2022-10-06T23:51:08.050+0000] {dagbag.py:525} INFO - Filling up the DagBag from /home/airflow/.local/lib/python3.7/site-packages/airflow/example_dags/example_nested_branch_dag.py
[2022-10-06T23:51:08.067+0000] {processor.py:768} INFO - DAG(s) dict_keys(['example_nested_branch_dag']) retrieved from /home/airflow/.local/lib/python3.7/site-packages/airflow/example_dags/example_nested_branch_dag.py
[2022-10-06T23:51:08.082+0000] {logging_mixin.py:117} INFO - [2022-10-06T23:51:08.082+0000] {dag.py:2573} INFO - Sync 1 DAGs
[2022-10-06T23:51:08.103+0000] {logging_mixin.py:117} INFO - [2022-10-06T23:51:08.103+0000] {dag.py:3328} INFO - Setting next_dagrun for example_nested_branch_dag to 2022-10-05T00:00:00+00:00, run_after=2022-10-06T00:00:00+00:00
[2022-10-06T23:51:08.117+0000] {processor.py:178} INFO - Processing /home/airflow/.local/lib/python3.7/site-packages/airflow/example_dags/example_nested_branch_dag.py took 0.070 seconds
[2022-10-06T23:51:38.996+0000] {processor.py:156} INFO - Started process (PID=123) to work on /home/airflow/.local/lib/python3.7/site-packages/airflow/example_dags/example_nested_branch_dag.py
[2022-10-06T23:51:38.996+0000] {processor.py:758} INFO - Processing file /home/airflow/.local/lib/python3.7/site-packages/airflow/example_dags/example_nested_branch_dag.py for tasks to queue
[2022-10-06T23:51:38.997+0000] {logging_mixin.py:117} INFO - [2022-10-06T23:51:38.997+0000] {dagbag.py:525} INFO - Filling up the DagBag from /home/airflow/.local/lib/python3.7/site-packages/airflow/example_dags/example_nested_branch_dag.py
[2022-10-06T23:51:39.016+0000] {processor.py:768} INFO - DAG(s) dict_keys(['example_nested_branch_dag']) retrieved from /home/airflow/.local/lib/python3.7/site-packages/airflow/example_dags/example_nested_branch_dag.py
[2022-10-06T23:51:39.055+0000] {logging_mixin.py:117} INFO - [2022-10-06T23:51:39.055+0000] {dag.py:2573} INFO - Sync 1 DAGs
[2022-10-06T23:51:39.080+0000] {logging_mixin.py:117} INFO - [2022-10-06T23:51:39.080+0000] {dag.py:3328} INFO - Setting next_dagrun for example_nested_branch_dag to 2022-10-05T00:00:00+00:00, run_after=2022-10-06T00:00:00+00:00
[2022-10-06T23:51:39.096+0000] {processor.py:178} INFO - Processing /home/airflow/.local/lib/python3.7/site-packages/airflow/example_dags/example_nested_branch_dag.py took 0.101 seconds
[2022-10-06T23:52:09.280+0000] {processor.py:156} INFO - Started process (PID=188) to work on /home/airflow/.local/lib/python3.7/site-packages/airflow/example_dags/example_nested_branch_dag.py
[2022-10-06T23:52:09.281+0000] {processor.py:758} INFO - Processing file /home/airflow/.local/lib/python3.7/site-packages/airflow/example_dags/example_nested_branch_dag.py for tasks to queue
[2022-10-06T23:52:09.281+0000] {logging_mixin.py:117} INFO - [2022-10-06T23:52:09.281+0000] {dagbag.py:525} INFO - Filling up the DagBag from /home/airflow/.local/lib/python3.7/site-packages/airflow/example_dags/example_nested_branch_dag.py
[2022-10-06T23:52:09.299+0000] {processor.py:768} INFO - DAG(s) dict_keys(['example_nested_branch_dag']) retrieved from /home/airflow/.local/lib/python3.7/site-packages/airflow/example_dags/example_nested_branch_dag.py
[2022-10-06T23:52:09.324+0000] {logging_mixin.py:117} INFO - [2022-10-06T23:52:09.324+0000] {dag.py:2573} INFO - Sync 1 DAGs
[2022-10-06T23:52:09.343+0000] {logging_mixin.py:117} INFO - [2022-10-06T23:52:09.343+0000] {dag.py:3328} INFO - Setting next_dagrun for example_nested_branch_dag to 2022-10-05T00:00:00+00:00, run_after=2022-10-06T00:00:00+00:00
[2022-10-06T23:52:09.356+0000] {processor.py:178} INFO - Processing /home/airflow/.local/lib/python3.7/site-packages/airflow/example_dags/example_nested_branch_dag.py took 0.078 seconds
[2022-10-06T23:52:40.243+0000] {processor.py:156} INFO - Started process (PID=252) to work on /home/airflow/.local/lib/python3.7/site-packages/airflow/example_dags/example_nested_branch_dag.py
[2022-10-06T23:52:40.244+0000] {processor.py:758} INFO - Processing file /home/airflow/.local/lib/python3.7/site-packages/airflow/example_dags/example_nested_branch_dag.py for tasks to queue
[2022-10-06T23:52:40.245+0000] {logging_mixin.py:117} INFO - [2022-10-06T23:52:40.244+0000] {dagbag.py:525} INFO - Filling up the DagBag from /home/airflow/.local/lib/python3.7/site-packages/airflow/example_dags/example_nested_branch_dag.py
[2022-10-06T23:52:40.267+0000] {processor.py:768} INFO - DAG(s) dict_keys(['example_nested_branch_dag']) retrieved from /home/airflow/.local/lib/python3.7/site-packages/airflow/example_dags/example_nested_branch_dag.py
[2022-10-06T23:52:40.295+0000] {logging_mixin.py:117} INFO - [2022-10-06T23:52:40.295+0000] {dag.py:2573} INFO - Sync 1 DAGs
[2022-10-06T23:52:40.317+0000] {logging_mixin.py:117} INFO - [2022-10-06T23:52:40.317+0000] {dag.py:3328} INFO - Setting next_dagrun for example_nested_branch_dag to 2022-10-05T00:00:00+00:00, run_after=2022-10-06T00:00:00+00:00
[2022-10-06T23:52:40.332+0000] {processor.py:178} INFO - Processing /home/airflow/.local/lib/python3.7/site-packages/airflow/example_dags/example_nested_branch_dag.py took 0.091 seconds
[2022-10-06T23:53:10.582+0000] {processor.py:156} INFO - Started process (PID=307) to work on /home/airflow/.local/lib/python3.7/site-packages/airflow/example_dags/example_nested_branch_dag.py
[2022-10-06T23:53:10.582+0000] {processor.py:758} INFO - Processing file /home/airflow/.local/lib/python3.7/site-packages/airflow/example_dags/example_nested_branch_dag.py for tasks to queue
[2022-10-06T23:53:10.583+0000] {logging_mixin.py:117} INFO - [2022-10-06T23:53:10.583+0000] {dagbag.py:525} INFO - Filling up the DagBag from /home/airflow/.local/lib/python3.7/site-packages/airflow/example_dags/example_nested_branch_dag.py
[2022-10-06T23:53:10.600+0000] {processor.py:768} INFO - DAG(s) dict_keys(['example_nested_branch_dag']) retrieved from /home/airflow/.local/lib/python3.7/site-packages/airflow/example_dags/example_nested_branch_dag.py
[2022-10-06T23:53:10.626+0000] {logging_mixin.py:117} INFO - [2022-10-06T23:53:10.625+0000] {dag.py:2573} INFO - Sync 1 DAGs
[2022-10-06T23:53:10.643+0000] {logging_mixin.py:117} INFO - [2022-10-06T23:53:10.643+0000] {dag.py:3328} INFO - Setting next_dagrun for example_nested_branch_dag to 2022-10-05T00:00:00+00:00, run_after=2022-10-06T00:00:00+00:00
[2022-10-06T23:53:10.655+0000] {processor.py:178} INFO - Processing /home/airflow/.local/lib/python3.7/site-packages/airflow/example_dags/example_nested_branch_dag.py took 0.075 seconds
[2022-10-06T23:53:40.929+0000] {processor.py:156} INFO - Started process (PID=379) to work on /home/airflow/.local/lib/python3.7/site-packages/airflow/example_dags/example_nested_branch_dag.py
[2022-10-06T23:53:40.929+0000] {processor.py:758} INFO - Processing file /home/airflow/.local/lib/python3.7/site-packages/airflow/example_dags/example_nested_branch_dag.py for tasks to queue
[2022-10-06T23:53:40.930+0000] {logging_mixin.py:117} INFO - [2022-10-06T23:53:40.930+0000] {dagbag.py:525} INFO - Filling up the DagBag from /home/airflow/.local/lib/python3.7/site-packages/airflow/example_dags/example_nested_branch_dag.py
[2022-10-06T23:53:40.946+0000] {processor.py:768} INFO - DAG(s) dict_keys(['example_nested_branch_dag']) retrieved from /home/airflow/.local/lib/python3.7/site-packages/airflow/example_dags/example_nested_branch_dag.py
[2022-10-06T23:53:40.974+0000] {logging_mixin.py:117} INFO - [2022-10-06T23:53:40.974+0000] {dag.py:2573} INFO - Sync 1 DAGs
[2022-10-06T23:53:40.993+0000] {logging_mixin.py:117} INFO - [2022-10-06T23:53:40.993+0000] {dag.py:3328} INFO - Setting next_dagrun for example_nested_branch_dag to 2022-10-05T00:00:00+00:00, run_after=2022-10-06T00:00:00+00:00
[2022-10-06T23:53:41.006+0000] {processor.py:178} INFO - Processing /home/airflow/.local/lib/python3.7/site-packages/airflow/example_dags/example_nested_branch_dag.py took 0.079 seconds
[2022-10-06T23:54:11.203+0000] {processor.py:156} INFO - Started process (PID=443) to work on /home/airflow/.local/lib/python3.7/site-packages/airflow/example_dags/example_nested_branch_dag.py
[2022-10-06T23:54:11.204+0000] {processor.py:758} INFO - Processing file /home/airflow/.local/lib/python3.7/site-packages/airflow/example_dags/example_nested_branch_dag.py for tasks to queue
[2022-10-06T23:54:11.204+0000] {logging_mixin.py:117} INFO - [2022-10-06T23:54:11.204+0000] {dagbag.py:525} INFO - Filling up the DagBag from /home/airflow/.local/lib/python3.7/site-packages/airflow/example_dags/example_nested_branch_dag.py
[2022-10-06T23:54:11.226+0000] {processor.py:768} INFO - DAG(s) dict_keys(['example_nested_branch_dag']) retrieved from /home/airflow/.local/lib/python3.7/site-packages/airflow/example_dags/example_nested_branch_dag.py
[2022-10-06T23:54:11.256+0000] {logging_mixin.py:117} INFO - [2022-10-06T23:54:11.256+0000] {dag.py:2573} INFO - Sync 1 DAGs
[2022-10-06T23:54:11.280+0000] {logging_mixin.py:117} INFO - [2022-10-06T23:54:11.279+0000] {dag.py:3328} INFO - Setting next_dagrun for example_nested_branch_dag to 2022-10-05T00:00:00+00:00, run_after=2022-10-06T00:00:00+00:00
[2022-10-06T23:54:11.293+0000] {processor.py:178} INFO - Processing /home/airflow/.local/lib/python3.7/site-packages/airflow/example_dags/example_nested_branch_dag.py took 0.092 seconds
[2022-10-06T23:54:42.451+0000] {processor.py:156} INFO - Started process (PID=508) to work on /home/airflow/.local/lib/python3.7/site-packages/airflow/example_dags/example_nested_branch_dag.py
[2022-10-06T23:54:42.452+0000] {processor.py:758} INFO - Processing file /home/airflow/.local/lib/python3.7/site-packages/airflow/example_dags/example_nested_branch_dag.py for tasks to queue
[2022-10-06T23:54:42.452+0000] {logging_mixin.py:117} INFO - [2022-10-06T23:54:42.452+0000] {dagbag.py:525} INFO - Filling up the DagBag from /home/airflow/.local/lib/python3.7/site-packages/airflow/example_dags/example_nested_branch_dag.py
[2022-10-06T23:54:42.471+0000] {processor.py:768} INFO - DAG(s) dict_keys(['example_nested_branch_dag']) retrieved from /home/airflow/.local/lib/python3.7/site-packages/airflow/example_dags/example_nested_branch_dag.py
[2022-10-06T23:54:42.502+0000] {logging_mixin.py:117} INFO - [2022-10-06T23:54:42.502+0000] {dag.py:2573} INFO - Sync 1 DAGs
[2022-10-06T23:54:42.524+0000] {logging_mixin.py:117} INFO - [2022-10-06T23:54:42.524+0000] {dag.py:3328} INFO - Setting next_dagrun for example_nested_branch_dag to 2022-10-05T00:00:00+00:00, run_after=2022-10-06T00:00:00+00:00
[2022-10-06T23:54:42.541+0000] {processor.py:178} INFO - Processing /home/airflow/.local/lib/python3.7/site-packages/airflow/example_dags/example_nested_branch_dag.py took 0.092 seconds
[2022-10-06T23:55:12.703+0000] {processor.py:156} INFO - Started process (PID=572) to work on /home/airflow/.local/lib/python3.7/site-packages/airflow/example_dags/example_nested_branch_dag.py
[2022-10-06T23:55:12.705+0000] {processor.py:758} INFO - Processing file /home/airflow/.local/lib/python3.7/site-packages/airflow/example_dags/example_nested_branch_dag.py for tasks to queue
[2022-10-06T23:55:12.705+0000] {logging_mixin.py:117} INFO - [2022-10-06T23:55:12.705+0000] {dagbag.py:525} INFO - Filling up the DagBag from /home/airflow/.local/lib/python3.7/site-packages/airflow/example_dags/example_nested_branch_dag.py
[2022-10-06T23:55:12.721+0000] {processor.py:768} INFO - DAG(s) dict_keys(['example_nested_branch_dag']) retrieved from /home/airflow/.local/lib/python3.7/site-packages/airflow/example_dags/example_nested_branch_dag.py
[2022-10-06T23:55:12.747+0000] {logging_mixin.py:117} INFO - [2022-10-06T23:55:12.747+0000] {dag.py:2573} INFO - Sync 1 DAGs
[2022-10-06T23:55:12.767+0000] {logging_mixin.py:117} INFO - [2022-10-06T23:55:12.767+0000] {dag.py:3328} INFO - Setting next_dagrun for example_nested_branch_dag to 2022-10-05T00:00:00+00:00, run_after=2022-10-06T00:00:00+00:00
[2022-10-06T23:55:12.781+0000] {processor.py:178} INFO - Processing /home/airflow/.local/lib/python3.7/site-packages/airflow/example_dags/example_nested_branch_dag.py took 0.080 seconds
[2022-10-06T23:55:43.676+0000] {processor.py:156} INFO - Started process (PID=627) to work on /home/airflow/.local/lib/python3.7/site-packages/airflow/example_dags/example_nested_branch_dag.py
[2022-10-06T23:55:43.677+0000] {processor.py:758} INFO - Processing file /home/airflow/.local/lib/python3.7/site-packages/airflow/example_dags/example_nested_branch_dag.py for tasks to queue
[2022-10-06T23:55:43.677+0000] {logging_mixin.py:117} INFO - [2022-10-06T23:55:43.677+0000] {dagbag.py:525} INFO - Filling up the DagBag from /home/airflow/.local/lib/python3.7/site-packages/airflow/example_dags/example_nested_branch_dag.py
[2022-10-06T23:55:43.692+0000] {processor.py:768} INFO - DAG(s) dict_keys(['example_nested_branch_dag']) retrieved from /home/airflow/.local/lib/python3.7/site-packages/airflow/example_dags/example_nested_branch_dag.py
[2022-10-06T23:55:43.719+0000] {logging_mixin.py:117} INFO - [2022-10-06T23:55:43.719+0000] {dag.py:2573} INFO - Sync 1 DAGs
[2022-10-06T23:55:43.739+0000] {logging_mixin.py:117} INFO - [2022-10-06T23:55:43.739+0000] {dag.py:3328} INFO - Setting next_dagrun for example_nested_branch_dag to 2022-10-05T00:00:00+00:00, run_after=2022-10-06T00:00:00+00:00
[2022-10-06T23:55:43.754+0000] {processor.py:178} INFO - Processing /home/airflow/.local/lib/python3.7/site-packages/airflow/example_dags/example_nested_branch_dag.py took 0.080 seconds
[2022-10-06T23:56:14.621+0000] {processor.py:156} INFO - Started process (PID=691) to work on /home/airflow/.local/lib/python3.7/site-packages/airflow/example_dags/example_nested_branch_dag.py
[2022-10-06T23:56:14.622+0000] {processor.py:758} INFO - Processing file /home/airflow/.local/lib/python3.7/site-packages/airflow/example_dags/example_nested_branch_dag.py for tasks to queue
[2022-10-06T23:56:14.622+0000] {logging_mixin.py:117} INFO - [2022-10-06T23:56:14.622+0000] {dagbag.py:525} INFO - Filling up the DagBag from /home/airflow/.local/lib/python3.7/site-packages/airflow/example_dags/example_nested_branch_dag.py
[2022-10-06T23:56:14.638+0000] {processor.py:768} INFO - DAG(s) dict_keys(['example_nested_branch_dag']) retrieved from /home/airflow/.local/lib/python3.7/site-packages/airflow/example_dags/example_nested_branch_dag.py
[2022-10-06T23:56:14.664+0000] {logging_mixin.py:117} INFO - [2022-10-06T23:56:14.664+0000] {dag.py:2573} INFO - Sync 1 DAGs
[2022-10-06T23:56:14.684+0000] {logging_mixin.py:117} INFO - [2022-10-06T23:56:14.684+0000] {dag.py:3328} INFO - Setting next_dagrun for example_nested_branch_dag to 2022-10-05T00:00:00+00:00, run_after=2022-10-06T00:00:00+00:00
[2022-10-06T23:56:14.697+0000] {processor.py:178} INFO - Processing /home/airflow/.local/lib/python3.7/site-packages/airflow/example_dags/example_nested_branch_dag.py took 0.078 seconds
[2022-10-06T23:56:45.605+0000] {processor.py:156} INFO - Started process (PID=755) to work on /home/airflow/.local/lib/python3.7/site-packages/airflow/example_dags/example_nested_branch_dag.py
[2022-10-06T23:56:45.606+0000] {processor.py:758} INFO - Processing file /home/airflow/.local/lib/python3.7/site-packages/airflow/example_dags/example_nested_branch_dag.py for tasks to queue
[2022-10-06T23:56:45.606+0000] {logging_mixin.py:117} INFO - [2022-10-06T23:56:45.606+0000] {dagbag.py:525} INFO - Filling up the DagBag from /home/airflow/.local/lib/python3.7/site-packages/airflow/example_dags/example_nested_branch_dag.py
[2022-10-06T23:56:45.622+0000] {processor.py:768} INFO - DAG(s) dict_keys(['example_nested_branch_dag']) retrieved from /home/airflow/.local/lib/python3.7/site-packages/airflow/example_dags/example_nested_branch_dag.py
[2022-10-06T23:56:45.650+0000] {logging_mixin.py:117} INFO - [2022-10-06T23:56:45.650+0000] {dag.py:2573} INFO - Sync 1 DAGs
[2022-10-06T23:56:45.670+0000] {logging_mixin.py:117} INFO - [2022-10-06T23:56:45.670+0000] {dag.py:3328} INFO - Setting next_dagrun for example_nested_branch_dag to 2022-10-05T00:00:00+00:00, run_after=2022-10-06T00:00:00+00:00
[2022-10-06T23:56:45.682+0000] {processor.py:178} INFO - Processing /home/airflow/.local/lib/python3.7/site-packages/airflow/example_dags/example_nested_branch_dag.py took 0.078 seconds
[2022-10-06T23:57:15.868+0000] {processor.py:156} INFO - Started process (PID=819) to work on /home/airflow/.local/lib/python3.7/site-packages/airflow/example_dags/example_nested_branch_dag.py
[2022-10-06T23:57:15.868+0000] {processor.py:758} INFO - Processing file /home/airflow/.local/lib/python3.7/site-packages/airflow/example_dags/example_nested_branch_dag.py for tasks to queue
[2022-10-06T23:57:15.869+0000] {logging_mixin.py:117} INFO - [2022-10-06T23:57:15.869+0000] {dagbag.py:525} INFO - Filling up the DagBag from /home/airflow/.local/lib/python3.7/site-packages/airflow/example_dags/example_nested_branch_dag.py
[2022-10-06T23:57:15.888+0000] {processor.py:768} INFO - DAG(s) dict_keys(['example_nested_branch_dag']) retrieved from /home/airflow/.local/lib/python3.7/site-packages/airflow/example_dags/example_nested_branch_dag.py
[2022-10-06T23:57:15.916+0000] {logging_mixin.py:117} INFO - [2022-10-06T23:57:15.916+0000] {dag.py:2573} INFO - Sync 1 DAGs
[2022-10-06T23:57:15.938+0000] {logging_mixin.py:117} INFO - [2022-10-06T23:57:15.938+0000] {dag.py:3328} INFO - Setting next_dagrun for example_nested_branch_dag to 2022-10-05T00:00:00+00:00, run_after=2022-10-06T00:00:00+00:00
[2022-10-06T23:57:15.951+0000] {processor.py:178} INFO - Processing /home/airflow/.local/lib/python3.7/site-packages/airflow/example_dags/example_nested_branch_dag.py took 0.085 seconds
[2022-10-06T23:57:46.945+0000] {processor.py:156} INFO - Started process (PID=883) to work on /home/airflow/.local/lib/python3.7/site-packages/airflow/example_dags/example_nested_branch_dag.py
[2022-10-06T23:57:46.946+0000] {processor.py:758} INFO - Processing file /home/airflow/.local/lib/python3.7/site-packages/airflow/example_dags/example_nested_branch_dag.py for tasks to queue
[2022-10-06T23:57:46.946+0000] {logging_mixin.py:117} INFO - [2022-10-06T23:57:46.946+0000] {dagbag.py:525} INFO - Filling up the DagBag from /home/airflow/.local/lib/python3.7/site-packages/airflow/example_dags/example_nested_branch_dag.py
[2022-10-06T23:57:46.966+0000] {processor.py:768} INFO - DAG(s) dict_keys(['example_nested_branch_dag']) retrieved from /home/airflow/.local/lib/python3.7/site-packages/airflow/example_dags/example_nested_branch_dag.py
[2022-10-06T23:57:46.996+0000] {logging_mixin.py:117} INFO - [2022-10-06T23:57:46.996+0000] {dag.py:2573} INFO - Sync 1 DAGs
[2022-10-06T23:57:47.016+0000] {logging_mixin.py:117} INFO - [2022-10-06T23:57:47.016+0000] {dag.py:3328} INFO - Setting next_dagrun for example_nested_branch_dag to 2022-10-05T00:00:00+00:00, run_after=2022-10-06T00:00:00+00:00
[2022-10-06T23:57:47.030+0000] {processor.py:178} INFO - Processing /home/airflow/.local/lib/python3.7/site-packages/airflow/example_dags/example_nested_branch_dag.py took 0.087 seconds
[2022-10-06T23:58:17.998+0000] {processor.py:156} INFO - Started process (PID=941) to work on /home/airflow/.local/lib/python3.7/site-packages/airflow/example_dags/example_nested_branch_dag.py
[2022-10-06T23:58:17.999+0000] {processor.py:758} INFO - Processing file /home/airflow/.local/lib/python3.7/site-packages/airflow/example_dags/example_nested_branch_dag.py for tasks to queue
[2022-10-06T23:58:17.999+0000] {logging_mixin.py:117} INFO - [2022-10-06T23:58:17.999+0000] {dagbag.py:525} INFO - Filling up the DagBag from /home/airflow/.local/lib/python3.7/site-packages/airflow/example_dags/example_nested_branch_dag.py
[2022-10-06T23:58:18.015+0000] {processor.py:768} INFO - DAG(s) dict_keys(['example_nested_branch_dag']) retrieved from /home/airflow/.local/lib/python3.7/site-packages/airflow/example_dags/example_nested_branch_dag.py
[2022-10-06T23:58:18.039+0000] {logging_mixin.py:117} INFO - [2022-10-06T23:58:18.039+0000] {dag.py:2573} INFO - Sync 1 DAGs
[2022-10-06T23:58:18.058+0000] {logging_mixin.py:117} INFO - [2022-10-06T23:58:18.058+0000] {dag.py:3328} INFO - Setting next_dagrun for example_nested_branch_dag to 2022-10-05T00:00:00+00:00, run_after=2022-10-06T00:00:00+00:00
[2022-10-06T23:58:18.070+0000] {processor.py:178} INFO - Processing /home/airflow/.local/lib/python3.7/site-packages/airflow/example_dags/example_nested_branch_dag.py took 0.074 seconds
[2022-10-06T23:58:49.298+0000] {processor.py:156} INFO - Started process (PID=1005) to work on /home/airflow/.local/lib/python3.7/site-packages/airflow/example_dags/example_nested_branch_dag.py
[2022-10-06T23:58:49.299+0000] {processor.py:758} INFO - Processing file /home/airflow/.local/lib/python3.7/site-packages/airflow/example_dags/example_nested_branch_dag.py for tasks to queue
[2022-10-06T23:58:49.299+0000] {logging_mixin.py:117} INFO - [2022-10-06T23:58:49.299+0000] {dagbag.py:525} INFO - Filling up the DagBag from /home/airflow/.local/lib/python3.7/site-packages/airflow/example_dags/example_nested_branch_dag.py
[2022-10-06T23:58:49.322+0000] {processor.py:768} INFO - DAG(s) dict_keys(['example_nested_branch_dag']) retrieved from /home/airflow/.local/lib/python3.7/site-packages/airflow/example_dags/example_nested_branch_dag.py
[2022-10-06T23:58:49.355+0000] {logging_mixin.py:117} INFO - [2022-10-06T23:58:49.355+0000] {dag.py:2573} INFO - Sync 1 DAGs
[2022-10-06T23:58:49.376+0000] {logging_mixin.py:117} INFO - [2022-10-06T23:58:49.376+0000] {dag.py:3328} INFO - Setting next_dagrun for example_nested_branch_dag to 2022-10-05T00:00:00+00:00, run_after=2022-10-06T00:00:00+00:00
[2022-10-06T23:58:49.390+0000] {processor.py:178} INFO - Processing /home/airflow/.local/lib/python3.7/site-packages/airflow/example_dags/example_nested_branch_dag.py took 0.095 seconds
[2022-10-06T23:59:19.467+0000] {processor.py:156} INFO - Started process (PID=1069) to work on /home/airflow/.local/lib/python3.7/site-packages/airflow/example_dags/example_nested_branch_dag.py
[2022-10-06T23:59:19.467+0000] {processor.py:758} INFO - Processing file /home/airflow/.local/lib/python3.7/site-packages/airflow/example_dags/example_nested_branch_dag.py for tasks to queue
[2022-10-06T23:59:19.467+0000] {logging_mixin.py:117} INFO - [2022-10-06T23:59:19.467+0000] {dagbag.py:525} INFO - Filling up the DagBag from /home/airflow/.local/lib/python3.7/site-packages/airflow/example_dags/example_nested_branch_dag.py
[2022-10-06T23:59:19.485+0000] {processor.py:768} INFO - DAG(s) dict_keys(['example_nested_branch_dag']) retrieved from /home/airflow/.local/lib/python3.7/site-packages/airflow/example_dags/example_nested_branch_dag.py
[2022-10-06T23:59:19.516+0000] {logging_mixin.py:117} INFO - [2022-10-06T23:59:19.516+0000] {dag.py:2573} INFO - Sync 1 DAGs
[2022-10-06T23:59:19.537+0000] {logging_mixin.py:117} INFO - [2022-10-06T23:59:19.537+0000] {dag.py:3328} INFO - Setting next_dagrun for example_nested_branch_dag to 2022-10-05T00:00:00+00:00, run_after=2022-10-06T00:00:00+00:00
[2022-10-06T23:59:19.552+0000] {processor.py:178} INFO - Processing /home/airflow/.local/lib/python3.7/site-packages/airflow/example_dags/example_nested_branch_dag.py took 0.087 seconds
[2022-10-06T23:59:50.553+0000] {processor.py:156} INFO - Started process (PID=1133) to work on /home/airflow/.local/lib/python3.7/site-packages/airflow/example_dags/example_nested_branch_dag.py
[2022-10-06T23:59:50.554+0000] {processor.py:758} INFO - Processing file /home/airflow/.local/lib/python3.7/site-packages/airflow/example_dags/example_nested_branch_dag.py for tasks to queue
[2022-10-06T23:59:50.554+0000] {logging_mixin.py:117} INFO - [2022-10-06T23:59:50.554+0000] {dagbag.py:525} INFO - Filling up the DagBag from /home/airflow/.local/lib/python3.7/site-packages/airflow/example_dags/example_nested_branch_dag.py
[2022-10-06T23:59:50.571+0000] {processor.py:768} INFO - DAG(s) dict_keys(['example_nested_branch_dag']) retrieved from /home/airflow/.local/lib/python3.7/site-packages/airflow/example_dags/example_nested_branch_dag.py
[2022-10-06T23:59:50.597+0000] {logging_mixin.py:117} INFO - [2022-10-06T23:59:50.597+0000] {dag.py:2573} INFO - Sync 1 DAGs
[2022-10-06T23:59:50.616+0000] {logging_mixin.py:117} INFO - [2022-10-06T23:59:50.616+0000] {dag.py:3328} INFO - Setting next_dagrun for example_nested_branch_dag to 2022-10-05T00:00:00+00:00, run_after=2022-10-06T00:00:00+00:00
[2022-10-06T23:59:50.629+0000] {processor.py:178} INFO - Processing /home/airflow/.local/lib/python3.7/site-packages/airflow/example_dags/example_nested_branch_dag.py took 0.078 seconds
