[2022-10-06T00:38:38.128+0000] {processor.py:156} INFO - Started process (PID=79) to work on /home/airflow/.local/lib/python3.7/site-packages/airflow/example_dags/example_branch_python_dop_operator_3.py
[2022-10-06T00:38:38.128+0000] {processor.py:758} INFO - Processing file /home/airflow/.local/lib/python3.7/site-packages/airflow/example_dags/example_branch_python_dop_operator_3.py for tasks to queue
[2022-10-06T00:38:38.129+0000] {logging_mixin.py:117} INFO - [2022-10-06T00:38:38.128+0000] {dagbag.py:525} INFO - Filling up the DagBag from /home/airflow/.local/lib/python3.7/site-packages/airflow/example_dags/example_branch_python_dop_operator_3.py
[2022-10-06T00:38:38.153+0000] {processor.py:768} INFO - DAG(s) dict_keys(['example_branch_dop_operator_v3']) retrieved from /home/airflow/.local/lib/python3.7/site-packages/airflow/example_dags/example_branch_python_dop_operator_3.py
[2022-10-06T00:38:38.328+0000] {logging_mixin.py:117} INFO - [2022-10-06T00:38:38.328+0000] {dag.py:2573} INFO - Sync 1 DAGs
[2022-10-06T00:38:38.365+0000] {logging_mixin.py:117} INFO - [2022-10-06T00:38:38.364+0000] {dag.py:3328} INFO - Setting next_dagrun for example_branch_dop_operator_v3 to 2022-10-06T00:37:00+00:00, run_after=2022-10-06T00:38:00+00:00
[2022-10-06T00:38:38.396+0000] {processor.py:178} INFO - Processing /home/airflow/.local/lib/python3.7/site-packages/airflow/example_dags/example_branch_python_dop_operator_3.py took 0.271 seconds
[2022-10-06T00:39:09.244+0000] {processor.py:156} INFO - Started process (PID=134) to work on /home/airflow/.local/lib/python3.7/site-packages/airflow/example_dags/example_branch_python_dop_operator_3.py
[2022-10-06T00:39:09.245+0000] {processor.py:758} INFO - Processing file /home/airflow/.local/lib/python3.7/site-packages/airflow/example_dags/example_branch_python_dop_operator_3.py for tasks to queue
[2022-10-06T00:39:09.245+0000] {logging_mixin.py:117} INFO - [2022-10-06T00:39:09.245+0000] {dagbag.py:525} INFO - Filling up the DagBag from /home/airflow/.local/lib/python3.7/site-packages/airflow/example_dags/example_branch_python_dop_operator_3.py
[2022-10-06T00:39:09.353+0000] {processor.py:768} INFO - DAG(s) dict_keys(['example_branch_dop_operator_v3']) retrieved from /home/airflow/.local/lib/python3.7/site-packages/airflow/example_dags/example_branch_python_dop_operator_3.py
[2022-10-06T00:39:09.375+0000] {logging_mixin.py:117} INFO - [2022-10-06T00:39:09.375+0000] {dag.py:2573} INFO - Sync 1 DAGs
[2022-10-06T00:39:09.396+0000] {logging_mixin.py:117} INFO - [2022-10-06T00:39:09.396+0000] {dag.py:3328} INFO - Setting next_dagrun for example_branch_dop_operator_v3 to 2022-10-06T00:38:00+00:00, run_after=2022-10-06T00:39:00+00:00
[2022-10-06T00:39:09.411+0000] {processor.py:178} INFO - Processing /home/airflow/.local/lib/python3.7/site-packages/airflow/example_dags/example_branch_python_dop_operator_3.py took 0.168 seconds
[2022-10-06T00:39:39.669+0000] {processor.py:156} INFO - Started process (PID=199) to work on /home/airflow/.local/lib/python3.7/site-packages/airflow/example_dags/example_branch_python_dop_operator_3.py
[2022-10-06T00:39:39.669+0000] {processor.py:758} INFO - Processing file /home/airflow/.local/lib/python3.7/site-packages/airflow/example_dags/example_branch_python_dop_operator_3.py for tasks to queue
[2022-10-06T00:39:39.669+0000] {logging_mixin.py:117} INFO - [2022-10-06T00:39:39.669+0000] {dagbag.py:525} INFO - Filling up the DagBag from /home/airflow/.local/lib/python3.7/site-packages/airflow/example_dags/example_branch_python_dop_operator_3.py
[2022-10-06T00:39:39.768+0000] {processor.py:768} INFO - DAG(s) dict_keys(['example_branch_dop_operator_v3']) retrieved from /home/airflow/.local/lib/python3.7/site-packages/airflow/example_dags/example_branch_python_dop_operator_3.py
[2022-10-06T00:39:39.791+0000] {logging_mixin.py:117} INFO - [2022-10-06T00:39:39.791+0000] {dag.py:2573} INFO - Sync 1 DAGs
[2022-10-06T00:39:39.814+0000] {logging_mixin.py:117} INFO - [2022-10-06T00:39:39.814+0000] {dag.py:3328} INFO - Setting next_dagrun for example_branch_dop_operator_v3 to 2022-10-06T00:38:00+00:00, run_after=2022-10-06T00:39:00+00:00
[2022-10-06T00:39:39.826+0000] {processor.py:178} INFO - Processing /home/airflow/.local/lib/python3.7/site-packages/airflow/example_dags/example_branch_python_dop_operator_3.py took 0.159 seconds
[2022-10-06T00:40:09.969+0000] {processor.py:156} INFO - Started process (PID=263) to work on /home/airflow/.local/lib/python3.7/site-packages/airflow/example_dags/example_branch_python_dop_operator_3.py
[2022-10-06T00:40:09.970+0000] {processor.py:758} INFO - Processing file /home/airflow/.local/lib/python3.7/site-packages/airflow/example_dags/example_branch_python_dop_operator_3.py for tasks to queue
[2022-10-06T00:40:09.970+0000] {logging_mixin.py:117} INFO - [2022-10-06T00:40:09.970+0000] {dagbag.py:525} INFO - Filling up the DagBag from /home/airflow/.local/lib/python3.7/site-packages/airflow/example_dags/example_branch_python_dop_operator_3.py
[2022-10-06T00:40:09.995+0000] {processor.py:768} INFO - DAG(s) dict_keys(['example_branch_dop_operator_v3']) retrieved from /home/airflow/.local/lib/python3.7/site-packages/airflow/example_dags/example_branch_python_dop_operator_3.py
[2022-10-06T00:40:10.033+0000] {logging_mixin.py:117} INFO - [2022-10-06T00:40:10.033+0000] {dag.py:2573} INFO - Sync 1 DAGs
[2022-10-06T00:40:10.067+0000] {logging_mixin.py:117} INFO - [2022-10-06T00:40:10.067+0000] {dag.py:3328} INFO - Setting next_dagrun for example_branch_dop_operator_v3 to 2022-10-06T00:39:00+00:00, run_after=2022-10-06T00:40:00+00:00
[2022-10-06T00:40:10.093+0000] {processor.py:178} INFO - Processing /home/airflow/.local/lib/python3.7/site-packages/airflow/example_dags/example_branch_python_dop_operator_3.py took 0.125 seconds
[2022-10-06T00:40:40.850+0000] {processor.py:156} INFO - Started process (PID=325) to work on /home/airflow/.local/lib/python3.7/site-packages/airflow/example_dags/example_branch_python_dop_operator_3.py
[2022-10-06T00:40:40.851+0000] {processor.py:758} INFO - Processing file /home/airflow/.local/lib/python3.7/site-packages/airflow/example_dags/example_branch_python_dop_operator_3.py for tasks to queue
[2022-10-06T00:40:40.851+0000] {logging_mixin.py:117} INFO - [2022-10-06T00:40:40.851+0000] {dagbag.py:525} INFO - Filling up the DagBag from /home/airflow/.local/lib/python3.7/site-packages/airflow/example_dags/example_branch_python_dop_operator_3.py
[2022-10-06T00:40:40.866+0000] {processor.py:768} INFO - DAG(s) dict_keys(['example_branch_dop_operator_v3']) retrieved from /home/airflow/.local/lib/python3.7/site-packages/airflow/example_dags/example_branch_python_dop_operator_3.py
[2022-10-06T00:40:40.894+0000] {logging_mixin.py:117} INFO - [2022-10-06T00:40:40.894+0000] {dag.py:2573} INFO - Sync 1 DAGs
[2022-10-06T00:40:40.916+0000] {logging_mixin.py:117} INFO - [2022-10-06T00:40:40.916+0000] {dag.py:3328} INFO - Setting next_dagrun for example_branch_dop_operator_v3 to 2022-10-06T00:39:00+00:00, run_after=2022-10-06T00:40:00+00:00
[2022-10-06T00:40:40.931+0000] {processor.py:178} INFO - Processing /home/airflow/.local/lib/python3.7/site-packages/airflow/example_dags/example_branch_python_dop_operator_3.py took 0.083 seconds
[2022-10-06T00:41:11.012+0000] {processor.py:156} INFO - Started process (PID=381) to work on /home/airflow/.local/lib/python3.7/site-packages/airflow/example_dags/example_branch_python_dop_operator_3.py
[2022-10-06T00:41:11.050+0000] {processor.py:758} INFO - Processing file /home/airflow/.local/lib/python3.7/site-packages/airflow/example_dags/example_branch_python_dop_operator_3.py for tasks to queue
[2022-10-06T00:41:11.051+0000] {logging_mixin.py:117} INFO - [2022-10-06T00:41:11.050+0000] {dagbag.py:525} INFO - Filling up the DagBag from /home/airflow/.local/lib/python3.7/site-packages/airflow/example_dags/example_branch_python_dop_operator_3.py
[2022-10-06T00:41:11.066+0000] {processor.py:768} INFO - DAG(s) dict_keys(['example_branch_dop_operator_v3']) retrieved from /home/airflow/.local/lib/python3.7/site-packages/airflow/example_dags/example_branch_python_dop_operator_3.py
[2022-10-06T00:41:11.092+0000] {logging_mixin.py:117} INFO - [2022-10-06T00:41:11.092+0000] {dag.py:2573} INFO - Sync 1 DAGs
[2022-10-06T00:41:11.117+0000] {logging_mixin.py:117} INFO - [2022-10-06T00:41:11.117+0000] {dag.py:3328} INFO - Setting next_dagrun for example_branch_dop_operator_v3 to 2022-10-06T00:40:00+00:00, run_after=2022-10-06T00:41:00+00:00
[2022-10-06T00:41:11.132+0000] {processor.py:178} INFO - Processing /home/airflow/.local/lib/python3.7/site-packages/airflow/example_dags/example_branch_python_dop_operator_3.py took 0.121 seconds
[2022-10-06T00:41:42.089+0000] {processor.py:156} INFO - Started process (PID=446) to work on /home/airflow/.local/lib/python3.7/site-packages/airflow/example_dags/example_branch_python_dop_operator_3.py
[2022-10-06T00:41:42.089+0000] {processor.py:758} INFO - Processing file /home/airflow/.local/lib/python3.7/site-packages/airflow/example_dags/example_branch_python_dop_operator_3.py for tasks to queue
[2022-10-06T00:41:42.090+0000] {logging_mixin.py:117} INFO - [2022-10-06T00:41:42.090+0000] {dagbag.py:525} INFO - Filling up the DagBag from /home/airflow/.local/lib/python3.7/site-packages/airflow/example_dags/example_branch_python_dop_operator_3.py
[2022-10-06T00:41:42.105+0000] {processor.py:768} INFO - DAG(s) dict_keys(['example_branch_dop_operator_v3']) retrieved from /home/airflow/.local/lib/python3.7/site-packages/airflow/example_dags/example_branch_python_dop_operator_3.py
[2022-10-06T00:41:42.132+0000] {logging_mixin.py:117} INFO - [2022-10-06T00:41:42.131+0000] {dag.py:2573} INFO - Sync 1 DAGs
[2022-10-06T00:41:42.154+0000] {logging_mixin.py:117} INFO - [2022-10-06T00:41:42.154+0000] {dag.py:3328} INFO - Setting next_dagrun for example_branch_dop_operator_v3 to 2022-10-06T00:40:00+00:00, run_after=2022-10-06T00:41:00+00:00
[2022-10-06T00:41:42.169+0000] {processor.py:178} INFO - Processing /home/airflow/.local/lib/python3.7/site-packages/airflow/example_dags/example_branch_python_dop_operator_3.py took 0.082 seconds
[2022-10-06T00:42:12.523+0000] {processor.py:156} INFO - Started process (PID=510) to work on /home/airflow/.local/lib/python3.7/site-packages/airflow/example_dags/example_branch_python_dop_operator_3.py
[2022-10-06T00:42:12.524+0000] {processor.py:758} INFO - Processing file /home/airflow/.local/lib/python3.7/site-packages/airflow/example_dags/example_branch_python_dop_operator_3.py for tasks to queue
[2022-10-06T00:42:12.524+0000] {logging_mixin.py:117} INFO - [2022-10-06T00:42:12.524+0000] {dagbag.py:525} INFO - Filling up the DagBag from /home/airflow/.local/lib/python3.7/site-packages/airflow/example_dags/example_branch_python_dop_operator_3.py
[2022-10-06T00:42:12.542+0000] {processor.py:768} INFO - DAG(s) dict_keys(['example_branch_dop_operator_v3']) retrieved from /home/airflow/.local/lib/python3.7/site-packages/airflow/example_dags/example_branch_python_dop_operator_3.py
[2022-10-06T00:42:12.574+0000] {logging_mixin.py:117} INFO - [2022-10-06T00:42:12.574+0000] {dag.py:2573} INFO - Sync 1 DAGs
[2022-10-06T00:42:12.603+0000] {logging_mixin.py:117} INFO - [2022-10-06T00:42:12.603+0000] {dag.py:3328} INFO - Setting next_dagrun for example_branch_dop_operator_v3 to 2022-10-06T00:41:00+00:00, run_after=2022-10-06T00:42:00+00:00
[2022-10-06T00:42:12.619+0000] {processor.py:178} INFO - Processing /home/airflow/.local/lib/python3.7/site-packages/airflow/example_dags/example_branch_python_dop_operator_3.py took 0.097 seconds
[2022-10-06T00:42:43.549+0000] {processor.py:156} INFO - Started process (PID=574) to work on /home/airflow/.local/lib/python3.7/site-packages/airflow/example_dags/example_branch_python_dop_operator_3.py
[2022-10-06T00:42:43.549+0000] {processor.py:758} INFO - Processing file /home/airflow/.local/lib/python3.7/site-packages/airflow/example_dags/example_branch_python_dop_operator_3.py for tasks to queue
[2022-10-06T00:42:43.549+0000] {logging_mixin.py:117} INFO - [2022-10-06T00:42:43.549+0000] {dagbag.py:525} INFO - Filling up the DagBag from /home/airflow/.local/lib/python3.7/site-packages/airflow/example_dags/example_branch_python_dop_operator_3.py
[2022-10-06T00:42:43.564+0000] {processor.py:768} INFO - DAG(s) dict_keys(['example_branch_dop_operator_v3']) retrieved from /home/airflow/.local/lib/python3.7/site-packages/airflow/example_dags/example_branch_python_dop_operator_3.py
[2022-10-06T00:42:43.588+0000] {logging_mixin.py:117} INFO - [2022-10-06T00:42:43.588+0000] {dag.py:2573} INFO - Sync 1 DAGs
[2022-10-06T00:42:43.609+0000] {logging_mixin.py:117} INFO - [2022-10-06T00:42:43.609+0000] {dag.py:3328} INFO - Setting next_dagrun for example_branch_dop_operator_v3 to 2022-10-06T00:41:00+00:00, run_after=2022-10-06T00:42:00+00:00
[2022-10-06T00:42:43.623+0000] {processor.py:178} INFO - Processing /home/airflow/.local/lib/python3.7/site-packages/airflow/example_dags/example_branch_python_dop_operator_3.py took 0.075 seconds
[2022-10-06T00:43:14.420+0000] {processor.py:156} INFO - Started process (PID=629) to work on /home/airflow/.local/lib/python3.7/site-packages/airflow/example_dags/example_branch_python_dop_operator_3.py
[2022-10-06T00:43:14.421+0000] {processor.py:758} INFO - Processing file /home/airflow/.local/lib/python3.7/site-packages/airflow/example_dags/example_branch_python_dop_operator_3.py for tasks to queue
[2022-10-06T00:43:14.421+0000] {logging_mixin.py:117} INFO - [2022-10-06T00:43:14.421+0000] {dagbag.py:525} INFO - Filling up the DagBag from /home/airflow/.local/lib/python3.7/site-packages/airflow/example_dags/example_branch_python_dop_operator_3.py
[2022-10-06T00:43:14.444+0000] {processor.py:768} INFO - DAG(s) dict_keys(['example_branch_dop_operator_v3']) retrieved from /home/airflow/.local/lib/python3.7/site-packages/airflow/example_dags/example_branch_python_dop_operator_3.py
[2022-10-06T00:43:14.474+0000] {logging_mixin.py:117} INFO - [2022-10-06T00:43:14.474+0000] {dag.py:2573} INFO - Sync 1 DAGs
[2022-10-06T00:43:14.513+0000] {logging_mixin.py:117} INFO - [2022-10-06T00:43:14.513+0000] {dag.py:3328} INFO - Setting next_dagrun for example_branch_dop_operator_v3 to 2022-10-06T00:42:00+00:00, run_after=2022-10-06T00:43:00+00:00
[2022-10-06T00:43:14.533+0000] {processor.py:178} INFO - Processing /home/airflow/.local/lib/python3.7/site-packages/airflow/example_dags/example_branch_python_dop_operator_3.py took 0.115 seconds
[2022-10-06T00:43:45.450+0000] {processor.py:156} INFO - Started process (PID=693) to work on /home/airflow/.local/lib/python3.7/site-packages/airflow/example_dags/example_branch_python_dop_operator_3.py
[2022-10-06T00:43:45.450+0000] {processor.py:758} INFO - Processing file /home/airflow/.local/lib/python3.7/site-packages/airflow/example_dags/example_branch_python_dop_operator_3.py for tasks to queue
[2022-10-06T00:43:45.450+0000] {logging_mixin.py:117} INFO - [2022-10-06T00:43:45.450+0000] {dagbag.py:525} INFO - Filling up the DagBag from /home/airflow/.local/lib/python3.7/site-packages/airflow/example_dags/example_branch_python_dop_operator_3.py
[2022-10-06T00:43:45.466+0000] {processor.py:768} INFO - DAG(s) dict_keys(['example_branch_dop_operator_v3']) retrieved from /home/airflow/.local/lib/python3.7/site-packages/airflow/example_dags/example_branch_python_dop_operator_3.py
[2022-10-06T00:43:45.491+0000] {logging_mixin.py:117} INFO - [2022-10-06T00:43:45.491+0000] {dag.py:2573} INFO - Sync 1 DAGs
[2022-10-06T00:43:45.511+0000] {logging_mixin.py:117} INFO - [2022-10-06T00:43:45.511+0000] {dag.py:3328} INFO - Setting next_dagrun for example_branch_dop_operator_v3 to 2022-10-06T00:42:00+00:00, run_after=2022-10-06T00:43:00+00:00
[2022-10-06T00:43:45.524+0000] {processor.py:178} INFO - Processing /home/airflow/.local/lib/python3.7/site-packages/airflow/example_dags/example_branch_python_dop_operator_3.py took 0.076 seconds
[2022-10-06T00:44:16.436+0000] {processor.py:156} INFO - Started process (PID=757) to work on /home/airflow/.local/lib/python3.7/site-packages/airflow/example_dags/example_branch_python_dop_operator_3.py
[2022-10-06T00:44:16.473+0000] {processor.py:758} INFO - Processing file /home/airflow/.local/lib/python3.7/site-packages/airflow/example_dags/example_branch_python_dop_operator_3.py for tasks to queue
[2022-10-06T00:44:16.473+0000] {logging_mixin.py:117} INFO - [2022-10-06T00:44:16.473+0000] {dagbag.py:525} INFO - Filling up the DagBag from /home/airflow/.local/lib/python3.7/site-packages/airflow/example_dags/example_branch_python_dop_operator_3.py
[2022-10-06T00:44:16.490+0000] {processor.py:768} INFO - DAG(s) dict_keys(['example_branch_dop_operator_v3']) retrieved from /home/airflow/.local/lib/python3.7/site-packages/airflow/example_dags/example_branch_python_dop_operator_3.py
[2022-10-06T00:44:16.516+0000] {logging_mixin.py:117} INFO - [2022-10-06T00:44:16.516+0000] {dag.py:2573} INFO - Sync 1 DAGs
[2022-10-06T00:44:16.537+0000] {logging_mixin.py:117} INFO - [2022-10-06T00:44:16.537+0000] {dag.py:3328} INFO - Setting next_dagrun for example_branch_dop_operator_v3 to 2022-10-06T00:43:00+00:00, run_after=2022-10-06T00:44:00+00:00
[2022-10-06T00:44:16.550+0000] {processor.py:178} INFO - Processing /home/airflow/.local/lib/python3.7/site-packages/airflow/example_dags/example_branch_python_dop_operator_3.py took 0.116 seconds
[2022-10-06T00:44:47.211+0000] {processor.py:156} INFO - Started process (PID=821) to work on /home/airflow/.local/lib/python3.7/site-packages/airflow/example_dags/example_branch_python_dop_operator_3.py
[2022-10-06T00:44:47.212+0000] {processor.py:758} INFO - Processing file /home/airflow/.local/lib/python3.7/site-packages/airflow/example_dags/example_branch_python_dop_operator_3.py for tasks to queue
[2022-10-06T00:44:47.212+0000] {logging_mixin.py:117} INFO - [2022-10-06T00:44:47.212+0000] {dagbag.py:525} INFO - Filling up the DagBag from /home/airflow/.local/lib/python3.7/site-packages/airflow/example_dags/example_branch_python_dop_operator_3.py
[2022-10-06T00:44:47.227+0000] {processor.py:768} INFO - DAG(s) dict_keys(['example_branch_dop_operator_v3']) retrieved from /home/airflow/.local/lib/python3.7/site-packages/airflow/example_dags/example_branch_python_dop_operator_3.py
[2022-10-06T00:44:47.251+0000] {logging_mixin.py:117} INFO - [2022-10-06T00:44:47.251+0000] {dag.py:2573} INFO - Sync 1 DAGs
[2022-10-06T00:44:47.271+0000] {logging_mixin.py:117} INFO - [2022-10-06T00:44:47.271+0000] {dag.py:3328} INFO - Setting next_dagrun for example_branch_dop_operator_v3 to 2022-10-06T00:43:00+00:00, run_after=2022-10-06T00:44:00+00:00
[2022-10-06T00:44:47.285+0000] {processor.py:178} INFO - Processing /home/airflow/.local/lib/python3.7/site-packages/airflow/example_dags/example_branch_python_dop_operator_3.py took 0.075 seconds
[2022-10-06T00:45:18.237+0000] {processor.py:156} INFO - Started process (PID=885) to work on /home/airflow/.local/lib/python3.7/site-packages/airflow/example_dags/example_branch_python_dop_operator_3.py
[2022-10-06T00:45:18.238+0000] {processor.py:758} INFO - Processing file /home/airflow/.local/lib/python3.7/site-packages/airflow/example_dags/example_branch_python_dop_operator_3.py for tasks to queue
[2022-10-06T00:45:18.238+0000] {logging_mixin.py:117} INFO - [2022-10-06T00:45:18.238+0000] {dagbag.py:525} INFO - Filling up the DagBag from /home/airflow/.local/lib/python3.7/site-packages/airflow/example_dags/example_branch_python_dop_operator_3.py
[2022-10-06T00:45:18.252+0000] {processor.py:768} INFO - DAG(s) dict_keys(['example_branch_dop_operator_v3']) retrieved from /home/airflow/.local/lib/python3.7/site-packages/airflow/example_dags/example_branch_python_dop_operator_3.py
[2022-10-06T00:45:18.275+0000] {logging_mixin.py:117} INFO - [2022-10-06T00:45:18.275+0000] {dag.py:2573} INFO - Sync 1 DAGs
[2022-10-06T00:45:18.297+0000] {logging_mixin.py:117} INFO - [2022-10-06T00:45:18.296+0000] {dag.py:3328} INFO - Setting next_dagrun for example_branch_dop_operator_v3 to 2022-10-06T00:44:00+00:00, run_after=2022-10-06T00:45:00+00:00
[2022-10-06T00:45:18.310+0000] {processor.py:178} INFO - Processing /home/airflow/.local/lib/python3.7/site-packages/airflow/example_dags/example_branch_python_dop_operator_3.py took 0.074 seconds
[2022-10-06T00:45:49.021+0000] {processor.py:156} INFO - Started process (PID=940) to work on /home/airflow/.local/lib/python3.7/site-packages/airflow/example_dags/example_branch_python_dop_operator_3.py
[2022-10-06T00:45:49.022+0000] {processor.py:758} INFO - Processing file /home/airflow/.local/lib/python3.7/site-packages/airflow/example_dags/example_branch_python_dop_operator_3.py for tasks to queue
[2022-10-06T00:45:49.022+0000] {logging_mixin.py:117} INFO - [2022-10-06T00:45:49.022+0000] {dagbag.py:525} INFO - Filling up the DagBag from /home/airflow/.local/lib/python3.7/site-packages/airflow/example_dags/example_branch_python_dop_operator_3.py
[2022-10-06T00:45:49.042+0000] {processor.py:768} INFO - DAG(s) dict_keys(['example_branch_dop_operator_v3']) retrieved from /home/airflow/.local/lib/python3.7/site-packages/airflow/example_dags/example_branch_python_dop_operator_3.py
[2022-10-06T00:45:49.070+0000] {logging_mixin.py:117} INFO - [2022-10-06T00:45:49.070+0000] {dag.py:2573} INFO - Sync 1 DAGs
[2022-10-06T00:45:49.092+0000] {logging_mixin.py:117} INFO - [2022-10-06T00:45:49.092+0000] {dag.py:3328} INFO - Setting next_dagrun for example_branch_dop_operator_v3 to 2022-10-06T00:44:00+00:00, run_after=2022-10-06T00:45:00+00:00
[2022-10-06T00:45:49.106+0000] {processor.py:178} INFO - Processing /home/airflow/.local/lib/python3.7/site-packages/airflow/example_dags/example_branch_python_dop_operator_3.py took 0.086 seconds
[2022-10-06T00:46:19.874+0000] {processor.py:156} INFO - Started process (PID=1004) to work on /home/airflow/.local/lib/python3.7/site-packages/airflow/example_dags/example_branch_python_dop_operator_3.py
[2022-10-06T00:46:19.876+0000] {processor.py:758} INFO - Processing file /home/airflow/.local/lib/python3.7/site-packages/airflow/example_dags/example_branch_python_dop_operator_3.py for tasks to queue
[2022-10-06T00:46:19.876+0000] {logging_mixin.py:117} INFO - [2022-10-06T00:46:19.876+0000] {dagbag.py:525} INFO - Filling up the DagBag from /home/airflow/.local/lib/python3.7/site-packages/airflow/example_dags/example_branch_python_dop_operator_3.py
[2022-10-06T00:46:19.892+0000] {processor.py:768} INFO - DAG(s) dict_keys(['example_branch_dop_operator_v3']) retrieved from /home/airflow/.local/lib/python3.7/site-packages/airflow/example_dags/example_branch_python_dop_operator_3.py
[2022-10-06T00:46:19.919+0000] {logging_mixin.py:117} INFO - [2022-10-06T00:46:19.919+0000] {dag.py:2573} INFO - Sync 1 DAGs
[2022-10-06T00:46:19.940+0000] {logging_mixin.py:117} INFO - [2022-10-06T00:46:19.940+0000] {dag.py:3328} INFO - Setting next_dagrun for example_branch_dop_operator_v3 to 2022-10-06T00:45:00+00:00, run_after=2022-10-06T00:46:00+00:00
[2022-10-06T00:46:19.952+0000] {processor.py:178} INFO - Processing /home/airflow/.local/lib/python3.7/site-packages/airflow/example_dags/example_branch_python_dop_operator_3.py took 0.080 seconds
[2022-10-06T00:46:50.772+0000] {processor.py:156} INFO - Started process (PID=1068) to work on /home/airflow/.local/lib/python3.7/site-packages/airflow/example_dags/example_branch_python_dop_operator_3.py
[2022-10-06T00:46:50.772+0000] {processor.py:758} INFO - Processing file /home/airflow/.local/lib/python3.7/site-packages/airflow/example_dags/example_branch_python_dop_operator_3.py for tasks to queue
[2022-10-06T00:46:50.772+0000] {logging_mixin.py:117} INFO - [2022-10-06T00:46:50.772+0000] {dagbag.py:525} INFO - Filling up the DagBag from /home/airflow/.local/lib/python3.7/site-packages/airflow/example_dags/example_branch_python_dop_operator_3.py
[2022-10-06T00:46:50.788+0000] {processor.py:768} INFO - DAG(s) dict_keys(['example_branch_dop_operator_v3']) retrieved from /home/airflow/.local/lib/python3.7/site-packages/airflow/example_dags/example_branch_python_dop_operator_3.py
[2022-10-06T00:46:50.812+0000] {logging_mixin.py:117} INFO - [2022-10-06T00:46:50.812+0000] {dag.py:2573} INFO - Sync 1 DAGs
[2022-10-06T00:46:50.834+0000] {logging_mixin.py:117} INFO - [2022-10-06T00:46:50.834+0000] {dag.py:3328} INFO - Setting next_dagrun for example_branch_dop_operator_v3 to 2022-10-06T00:45:00+00:00, run_after=2022-10-06T00:46:00+00:00
[2022-10-06T00:46:50.848+0000] {processor.py:178} INFO - Processing /home/airflow/.local/lib/python3.7/site-packages/airflow/example_dags/example_branch_python_dop_operator_3.py took 0.078 seconds
[2022-10-06T00:47:21.795+0000] {processor.py:156} INFO - Started process (PID=1131) to work on /home/airflow/.local/lib/python3.7/site-packages/airflow/example_dags/example_branch_python_dop_operator_3.py
[2022-10-06T00:47:21.830+0000] {processor.py:758} INFO - Processing file /home/airflow/.local/lib/python3.7/site-packages/airflow/example_dags/example_branch_python_dop_operator_3.py for tasks to queue
[2022-10-06T00:47:21.830+0000] {logging_mixin.py:117} INFO - [2022-10-06T00:47:21.830+0000] {dagbag.py:525} INFO - Filling up the DagBag from /home/airflow/.local/lib/python3.7/site-packages/airflow/example_dags/example_branch_python_dop_operator_3.py
[2022-10-06T00:47:21.845+0000] {processor.py:768} INFO - DAG(s) dict_keys(['example_branch_dop_operator_v3']) retrieved from /home/airflow/.local/lib/python3.7/site-packages/airflow/example_dags/example_branch_python_dop_operator_3.py
[2022-10-06T00:47:21.869+0000] {logging_mixin.py:117} INFO - [2022-10-06T00:47:21.869+0000] {dag.py:2573} INFO - Sync 1 DAGs
[2022-10-06T00:47:21.891+0000] {logging_mixin.py:117} INFO - [2022-10-06T00:47:21.891+0000] {dag.py:3328} INFO - Setting next_dagrun for example_branch_dop_operator_v3 to 2022-10-06T00:46:00+00:00, run_after=2022-10-06T00:47:00+00:00
[2022-10-06T00:47:21.904+0000] {processor.py:178} INFO - Processing /home/airflow/.local/lib/python3.7/site-packages/airflow/example_dags/example_branch_python_dop_operator_3.py took 0.110 seconds
[2022-10-06T00:47:51.916+0000] {processor.py:156} INFO - Started process (PID=1194) to work on /home/airflow/.local/lib/python3.7/site-packages/airflow/example_dags/example_branch_python_dop_operator_3.py
[2022-10-06T00:47:51.916+0000] {processor.py:758} INFO - Processing file /home/airflow/.local/lib/python3.7/site-packages/airflow/example_dags/example_branch_python_dop_operator_3.py for tasks to queue
[2022-10-06T00:47:51.917+0000] {logging_mixin.py:117} INFO - [2022-10-06T00:47:51.917+0000] {dagbag.py:525} INFO - Filling up the DagBag from /home/airflow/.local/lib/python3.7/site-packages/airflow/example_dags/example_branch_python_dop_operator_3.py
[2022-10-06T00:47:51.937+0000] {processor.py:768} INFO - DAG(s) dict_keys(['example_branch_dop_operator_v3']) retrieved from /home/airflow/.local/lib/python3.7/site-packages/airflow/example_dags/example_branch_python_dop_operator_3.py
[2022-10-06T00:47:51.965+0000] {logging_mixin.py:117} INFO - [2022-10-06T00:47:51.965+0000] {dag.py:2573} INFO - Sync 1 DAGs
[2022-10-06T00:47:51.989+0000] {logging_mixin.py:117} INFO - [2022-10-06T00:47:51.989+0000] {dag.py:3328} INFO - Setting next_dagrun for example_branch_dop_operator_v3 to 2022-10-06T00:46:00+00:00, run_after=2022-10-06T00:47:00+00:00
[2022-10-06T00:47:52.002+0000] {processor.py:178} INFO - Processing /home/airflow/.local/lib/python3.7/site-packages/airflow/example_dags/example_branch_python_dop_operator_3.py took 0.089 seconds
[2022-10-06T00:48:22.155+0000] {processor.py:156} INFO - Started process (PID=1250) to work on /home/airflow/.local/lib/python3.7/site-packages/airflow/example_dags/example_branch_python_dop_operator_3.py
[2022-10-06T00:48:22.156+0000] {processor.py:758} INFO - Processing file /home/airflow/.local/lib/python3.7/site-packages/airflow/example_dags/example_branch_python_dop_operator_3.py for tasks to queue
[2022-10-06T00:48:22.157+0000] {logging_mixin.py:117} INFO - [2022-10-06T00:48:22.157+0000] {dagbag.py:525} INFO - Filling up the DagBag from /home/airflow/.local/lib/python3.7/site-packages/airflow/example_dags/example_branch_python_dop_operator_3.py
[2022-10-06T00:48:22.172+0000] {processor.py:768} INFO - DAG(s) dict_keys(['example_branch_dop_operator_v3']) retrieved from /home/airflow/.local/lib/python3.7/site-packages/airflow/example_dags/example_branch_python_dop_operator_3.py
[2022-10-06T00:48:22.198+0000] {logging_mixin.py:117} INFO - [2022-10-06T00:48:22.198+0000] {dag.py:2573} INFO - Sync 1 DAGs
[2022-10-06T00:48:22.221+0000] {logging_mixin.py:117} INFO - [2022-10-06T00:48:22.220+0000] {dag.py:3328} INFO - Setting next_dagrun for example_branch_dop_operator_v3 to 2022-10-06T00:47:00+00:00, run_after=2022-10-06T00:48:00+00:00
[2022-10-06T00:48:22.236+0000] {processor.py:178} INFO - Processing /home/airflow/.local/lib/python3.7/site-packages/airflow/example_dags/example_branch_python_dop_operator_3.py took 0.082 seconds
[2022-10-06T00:48:52.461+0000] {processor.py:156} INFO - Started process (PID=1314) to work on /home/airflow/.local/lib/python3.7/site-packages/airflow/example_dags/example_branch_python_dop_operator_3.py
[2022-10-06T00:48:52.462+0000] {processor.py:758} INFO - Processing file /home/airflow/.local/lib/python3.7/site-packages/airflow/example_dags/example_branch_python_dop_operator_3.py for tasks to queue
[2022-10-06T00:48:52.462+0000] {logging_mixin.py:117} INFO - [2022-10-06T00:48:52.462+0000] {dagbag.py:525} INFO - Filling up the DagBag from /home/airflow/.local/lib/python3.7/site-packages/airflow/example_dags/example_branch_python_dop_operator_3.py
[2022-10-06T00:48:52.480+0000] {processor.py:768} INFO - DAG(s) dict_keys(['example_branch_dop_operator_v3']) retrieved from /home/airflow/.local/lib/python3.7/site-packages/airflow/example_dags/example_branch_python_dop_operator_3.py
[2022-10-06T00:48:52.511+0000] {logging_mixin.py:117} INFO - [2022-10-06T00:48:52.511+0000] {dag.py:2573} INFO - Sync 1 DAGs
[2022-10-06T00:48:52.538+0000] {logging_mixin.py:117} INFO - [2022-10-06T00:48:52.538+0000] {dag.py:3328} INFO - Setting next_dagrun for example_branch_dop_operator_v3 to 2022-10-06T00:47:00+00:00, run_after=2022-10-06T00:48:00+00:00
[2022-10-06T00:48:52.554+0000] {processor.py:178} INFO - Processing /home/airflow/.local/lib/python3.7/site-packages/airflow/example_dags/example_branch_python_dop_operator_3.py took 0.094 seconds
[2022-10-06T00:49:23.529+0000] {processor.py:156} INFO - Started process (PID=1380) to work on /home/airflow/.local/lib/python3.7/site-packages/airflow/example_dags/example_branch_python_dop_operator_3.py
[2022-10-06T00:49:23.529+0000] {processor.py:758} INFO - Processing file /home/airflow/.local/lib/python3.7/site-packages/airflow/example_dags/example_branch_python_dop_operator_3.py for tasks to queue
[2022-10-06T00:49:23.530+0000] {logging_mixin.py:117} INFO - [2022-10-06T00:49:23.530+0000] {dagbag.py:525} INFO - Filling up the DagBag from /home/airflow/.local/lib/python3.7/site-packages/airflow/example_dags/example_branch_python_dop_operator_3.py
[2022-10-06T00:49:23.547+0000] {processor.py:768} INFO - DAG(s) dict_keys(['example_branch_dop_operator_v3']) retrieved from /home/airflow/.local/lib/python3.7/site-packages/airflow/example_dags/example_branch_python_dop_operator_3.py
[2022-10-06T00:49:23.572+0000] {logging_mixin.py:117} INFO - [2022-10-06T00:49:23.572+0000] {dag.py:2573} INFO - Sync 1 DAGs
[2022-10-06T00:49:23.595+0000] {logging_mixin.py:117} INFO - [2022-10-06T00:49:23.595+0000] {dag.py:3328} INFO - Setting next_dagrun for example_branch_dop_operator_v3 to 2022-10-06T00:48:00+00:00, run_after=2022-10-06T00:49:00+00:00
[2022-10-06T00:49:23.608+0000] {processor.py:178} INFO - Processing /home/airflow/.local/lib/python3.7/site-packages/airflow/example_dags/example_branch_python_dop_operator_3.py took 0.080 seconds
[2022-10-06T23:51:08.584+0000] {processor.py:156} INFO - Started process (PID=71) to work on /home/airflow/.local/lib/python3.7/site-packages/airflow/example_dags/example_branch_python_dop_operator_3.py
[2022-10-06T23:51:08.585+0000] {processor.py:758} INFO - Processing file /home/airflow/.local/lib/python3.7/site-packages/airflow/example_dags/example_branch_python_dop_operator_3.py for tasks to queue
[2022-10-06T23:51:08.585+0000] {logging_mixin.py:117} INFO - [2022-10-06T23:51:08.585+0000] {dagbag.py:525} INFO - Filling up the DagBag from /home/airflow/.local/lib/python3.7/site-packages/airflow/example_dags/example_branch_python_dop_operator_3.py
[2022-10-06T23:51:08.602+0000] {processor.py:768} INFO - DAG(s) dict_keys(['example_branch_dop_operator_v3']) retrieved from /home/airflow/.local/lib/python3.7/site-packages/airflow/example_dags/example_branch_python_dop_operator_3.py
[2022-10-06T23:51:08.618+0000] {logging_mixin.py:117} INFO - [2022-10-06T23:51:08.617+0000] {dag.py:2573} INFO - Sync 1 DAGs
[2022-10-06T23:51:08.642+0000] {logging_mixin.py:117} INFO - [2022-10-06T23:51:08.642+0000] {dag.py:3328} INFO - Setting next_dagrun for example_branch_dop_operator_v3 to 2022-10-06T23:50:00+00:00, run_after=2022-10-06T23:51:00+00:00
[2022-10-06T23:51:08.656+0000] {processor.py:178} INFO - Processing /home/airflow/.local/lib/python3.7/site-packages/airflow/example_dags/example_branch_python_dop_operator_3.py took 0.074 seconds
[2022-10-06T23:51:39.633+0000] {processor.py:156} INFO - Started process (PID=135) to work on /home/airflow/.local/lib/python3.7/site-packages/airflow/example_dags/example_branch_python_dop_operator_3.py
[2022-10-06T23:51:39.633+0000] {processor.py:758} INFO - Processing file /home/airflow/.local/lib/python3.7/site-packages/airflow/example_dags/example_branch_python_dop_operator_3.py for tasks to queue
[2022-10-06T23:51:39.634+0000] {logging_mixin.py:117} INFO - [2022-10-06T23:51:39.634+0000] {dagbag.py:525} INFO - Filling up the DagBag from /home/airflow/.local/lib/python3.7/site-packages/airflow/example_dags/example_branch_python_dop_operator_3.py
[2022-10-06T23:51:39.650+0000] {processor.py:768} INFO - DAG(s) dict_keys(['example_branch_dop_operator_v3']) retrieved from /home/airflow/.local/lib/python3.7/site-packages/airflow/example_dags/example_branch_python_dop_operator_3.py
[2022-10-06T23:51:39.677+0000] {logging_mixin.py:117} INFO - [2022-10-06T23:51:39.677+0000] {dag.py:2573} INFO - Sync 1 DAGs
[2022-10-06T23:51:39.699+0000] {logging_mixin.py:117} INFO - [2022-10-06T23:51:39.699+0000] {dag.py:3328} INFO - Setting next_dagrun for example_branch_dop_operator_v3 to 2022-10-06T23:50:00+00:00, run_after=2022-10-06T23:51:00+00:00
[2022-10-06T23:51:39.713+0000] {processor.py:178} INFO - Processing /home/airflow/.local/lib/python3.7/site-packages/airflow/example_dags/example_branch_python_dop_operator_3.py took 0.081 seconds
[2022-10-06T23:52:09.902+0000] {processor.py:156} INFO - Started process (PID=200) to work on /home/airflow/.local/lib/python3.7/site-packages/airflow/example_dags/example_branch_python_dop_operator_3.py
[2022-10-06T23:52:09.902+0000] {processor.py:758} INFO - Processing file /home/airflow/.local/lib/python3.7/site-packages/airflow/example_dags/example_branch_python_dop_operator_3.py for tasks to queue
[2022-10-06T23:52:09.903+0000] {logging_mixin.py:117} INFO - [2022-10-06T23:52:09.903+0000] {dagbag.py:525} INFO - Filling up the DagBag from /home/airflow/.local/lib/python3.7/site-packages/airflow/example_dags/example_branch_python_dop_operator_3.py
[2022-10-06T23:52:09.918+0000] {processor.py:768} INFO - DAG(s) dict_keys(['example_branch_dop_operator_v3']) retrieved from /home/airflow/.local/lib/python3.7/site-packages/airflow/example_dags/example_branch_python_dop_operator_3.py
[2022-10-06T23:52:09.943+0000] {logging_mixin.py:117} INFO - [2022-10-06T23:52:09.943+0000] {dag.py:2573} INFO - Sync 1 DAGs
[2022-10-06T23:52:09.967+0000] {logging_mixin.py:117} INFO - [2022-10-06T23:52:09.967+0000] {dag.py:3328} INFO - Setting next_dagrun for example_branch_dop_operator_v3 to 2022-10-06T23:51:00+00:00, run_after=2022-10-06T23:52:00+00:00
[2022-10-06T23:52:09.982+0000] {processor.py:178} INFO - Processing /home/airflow/.local/lib/python3.7/site-packages/airflow/example_dags/example_branch_python_dop_operator_3.py took 0.082 seconds
[2022-10-06T23:52:41.015+0000] {processor.py:156} INFO - Started process (PID=264) to work on /home/airflow/.local/lib/python3.7/site-packages/airflow/example_dags/example_branch_python_dop_operator_3.py
[2022-10-06T23:52:41.016+0000] {processor.py:758} INFO - Processing file /home/airflow/.local/lib/python3.7/site-packages/airflow/example_dags/example_branch_python_dop_operator_3.py for tasks to queue
[2022-10-06T23:52:41.016+0000] {logging_mixin.py:117} INFO - [2022-10-06T23:52:41.016+0000] {dagbag.py:525} INFO - Filling up the DagBag from /home/airflow/.local/lib/python3.7/site-packages/airflow/example_dags/example_branch_python_dop_operator_3.py
[2022-10-06T23:52:41.032+0000] {processor.py:768} INFO - DAG(s) dict_keys(['example_branch_dop_operator_v3']) retrieved from /home/airflow/.local/lib/python3.7/site-packages/airflow/example_dags/example_branch_python_dop_operator_3.py
[2022-10-06T23:52:41.058+0000] {logging_mixin.py:117} INFO - [2022-10-06T23:52:41.058+0000] {dag.py:2573} INFO - Sync 1 DAGs
[2022-10-06T23:52:41.080+0000] {logging_mixin.py:117} INFO - [2022-10-06T23:52:41.080+0000] {dag.py:3328} INFO - Setting next_dagrun for example_branch_dop_operator_v3 to 2022-10-06T23:51:00+00:00, run_after=2022-10-06T23:52:00+00:00
[2022-10-06T23:52:41.093+0000] {processor.py:178} INFO - Processing /home/airflow/.local/lib/python3.7/site-packages/airflow/example_dags/example_branch_python_dop_operator_3.py took 0.080 seconds
[2022-10-06T23:53:11.256+0000] {processor.py:156} INFO - Started process (PID=325) to work on /home/airflow/.local/lib/python3.7/site-packages/airflow/example_dags/example_branch_python_dop_operator_3.py
[2022-10-06T23:53:11.257+0000] {processor.py:758} INFO - Processing file /home/airflow/.local/lib/python3.7/site-packages/airflow/example_dags/example_branch_python_dop_operator_3.py for tasks to queue
[2022-10-06T23:53:11.257+0000] {logging_mixin.py:117} INFO - [2022-10-06T23:53:11.257+0000] {dagbag.py:525} INFO - Filling up the DagBag from /home/airflow/.local/lib/python3.7/site-packages/airflow/example_dags/example_branch_python_dop_operator_3.py
[2022-10-06T23:53:11.273+0000] {processor.py:768} INFO - DAG(s) dict_keys(['example_branch_dop_operator_v3']) retrieved from /home/airflow/.local/lib/python3.7/site-packages/airflow/example_dags/example_branch_python_dop_operator_3.py
[2022-10-06T23:53:11.299+0000] {logging_mixin.py:117} INFO - [2022-10-06T23:53:11.299+0000] {dag.py:2573} INFO - Sync 1 DAGs
[2022-10-06T23:53:11.321+0000] {logging_mixin.py:117} INFO - [2022-10-06T23:53:11.320+0000] {dag.py:3328} INFO - Setting next_dagrun for example_branch_dop_operator_v3 to 2022-10-06T23:52:00+00:00, run_after=2022-10-06T23:53:00+00:00
[2022-10-06T23:53:11.335+0000] {processor.py:178} INFO - Processing /home/airflow/.local/lib/python3.7/site-packages/airflow/example_dags/example_branch_python_dop_operator_3.py took 0.080 seconds
[2022-10-06T23:53:41.586+0000] {processor.py:156} INFO - Started process (PID=390) to work on /home/airflow/.local/lib/python3.7/site-packages/airflow/example_dags/example_branch_python_dop_operator_3.py
[2022-10-06T23:53:41.586+0000] {processor.py:758} INFO - Processing file /home/airflow/.local/lib/python3.7/site-packages/airflow/example_dags/example_branch_python_dop_operator_3.py for tasks to queue
[2022-10-06T23:53:41.586+0000] {logging_mixin.py:117} INFO - [2022-10-06T23:53:41.586+0000] {dagbag.py:525} INFO - Filling up the DagBag from /home/airflow/.local/lib/python3.7/site-packages/airflow/example_dags/example_branch_python_dop_operator_3.py
[2022-10-06T23:53:41.601+0000] {processor.py:768} INFO - DAG(s) dict_keys(['example_branch_dop_operator_v3']) retrieved from /home/airflow/.local/lib/python3.7/site-packages/airflow/example_dags/example_branch_python_dop_operator_3.py
[2022-10-06T23:53:41.626+0000] {logging_mixin.py:117} INFO - [2022-10-06T23:53:41.626+0000] {dag.py:2573} INFO - Sync 1 DAGs
[2022-10-06T23:53:41.646+0000] {logging_mixin.py:117} INFO - [2022-10-06T23:53:41.646+0000] {dag.py:3328} INFO - Setting next_dagrun for example_branch_dop_operator_v3 to 2022-10-06T23:52:00+00:00, run_after=2022-10-06T23:53:00+00:00
[2022-10-06T23:53:41.658+0000] {processor.py:178} INFO - Processing /home/airflow/.local/lib/python3.7/site-packages/airflow/example_dags/example_branch_python_dop_operator_3.py took 0.074 seconds
[2022-10-06T23:54:11.859+0000] {processor.py:156} INFO - Started process (PID=454) to work on /home/airflow/.local/lib/python3.7/site-packages/airflow/example_dags/example_branch_python_dop_operator_3.py
[2022-10-06T23:54:11.860+0000] {processor.py:758} INFO - Processing file /home/airflow/.local/lib/python3.7/site-packages/airflow/example_dags/example_branch_python_dop_operator_3.py for tasks to queue
[2022-10-06T23:54:11.860+0000] {logging_mixin.py:117} INFO - [2022-10-06T23:54:11.860+0000] {dagbag.py:525} INFO - Filling up the DagBag from /home/airflow/.local/lib/python3.7/site-packages/airflow/example_dags/example_branch_python_dop_operator_3.py
[2022-10-06T23:54:11.881+0000] {processor.py:768} INFO - DAG(s) dict_keys(['example_branch_dop_operator_v3']) retrieved from /home/airflow/.local/lib/python3.7/site-packages/airflow/example_dags/example_branch_python_dop_operator_3.py
[2022-10-06T23:54:11.909+0000] {logging_mixin.py:117} INFO - [2022-10-06T23:54:11.909+0000] {dag.py:2573} INFO - Sync 1 DAGs
[2022-10-06T23:54:11.932+0000] {logging_mixin.py:117} INFO - [2022-10-06T23:54:11.932+0000] {dag.py:3328} INFO - Setting next_dagrun for example_branch_dop_operator_v3 to 2022-10-06T23:53:00+00:00, run_after=2022-10-06T23:54:00+00:00
[2022-10-06T23:54:11.947+0000] {processor.py:178} INFO - Processing /home/airflow/.local/lib/python3.7/site-packages/airflow/example_dags/example_branch_python_dop_operator_3.py took 0.090 seconds
[2022-10-06T23:54:43.164+0000] {processor.py:156} INFO - Started process (PID=520) to work on /home/airflow/.local/lib/python3.7/site-packages/airflow/example_dags/example_branch_python_dop_operator_3.py
[2022-10-06T23:54:43.164+0000] {processor.py:758} INFO - Processing file /home/airflow/.local/lib/python3.7/site-packages/airflow/example_dags/example_branch_python_dop_operator_3.py for tasks to queue
[2022-10-06T23:54:43.165+0000] {logging_mixin.py:117} INFO - [2022-10-06T23:54:43.165+0000] {dagbag.py:525} INFO - Filling up the DagBag from /home/airflow/.local/lib/python3.7/site-packages/airflow/example_dags/example_branch_python_dop_operator_3.py
[2022-10-06T23:54:43.184+0000] {processor.py:768} INFO - DAG(s) dict_keys(['example_branch_dop_operator_v3']) retrieved from /home/airflow/.local/lib/python3.7/site-packages/airflow/example_dags/example_branch_python_dop_operator_3.py
[2022-10-06T23:54:43.214+0000] {logging_mixin.py:117} INFO - [2022-10-06T23:54:43.214+0000] {dag.py:2573} INFO - Sync 1 DAGs
[2022-10-06T23:54:43.239+0000] {logging_mixin.py:117} INFO - [2022-10-06T23:54:43.239+0000] {dag.py:3328} INFO - Setting next_dagrun for example_branch_dop_operator_v3 to 2022-10-06T23:53:00+00:00, run_after=2022-10-06T23:54:00+00:00
[2022-10-06T23:54:43.253+0000] {processor.py:178} INFO - Processing /home/airflow/.local/lib/python3.7/site-packages/airflow/example_dags/example_branch_python_dop_operator_3.py took 0.090 seconds
[2022-10-06T23:55:13.311+0000] {processor.py:156} INFO - Started process (PID=583) to work on /home/airflow/.local/lib/python3.7/site-packages/airflow/example_dags/example_branch_python_dop_operator_3.py
[2022-10-06T23:55:13.312+0000] {processor.py:758} INFO - Processing file /home/airflow/.local/lib/python3.7/site-packages/airflow/example_dags/example_branch_python_dop_operator_3.py for tasks to queue
[2022-10-06T23:55:13.312+0000] {logging_mixin.py:117} INFO - [2022-10-06T23:55:13.312+0000] {dagbag.py:525} INFO - Filling up the DagBag from /home/airflow/.local/lib/python3.7/site-packages/airflow/example_dags/example_branch_python_dop_operator_3.py
[2022-10-06T23:55:13.328+0000] {processor.py:768} INFO - DAG(s) dict_keys(['example_branch_dop_operator_v3']) retrieved from /home/airflow/.local/lib/python3.7/site-packages/airflow/example_dags/example_branch_python_dop_operator_3.py
[2022-10-06T23:55:13.357+0000] {logging_mixin.py:117} INFO - [2022-10-06T23:55:13.356+0000] {dag.py:2573} INFO - Sync 1 DAGs
[2022-10-06T23:55:13.380+0000] {logging_mixin.py:117} INFO - [2022-10-06T23:55:13.379+0000] {dag.py:3328} INFO - Setting next_dagrun for example_branch_dop_operator_v3 to 2022-10-06T23:54:00+00:00, run_after=2022-10-06T23:55:00+00:00
[2022-10-06T23:55:13.393+0000] {processor.py:178} INFO - Processing /home/airflow/.local/lib/python3.7/site-packages/airflow/example_dags/example_branch_python_dop_operator_3.py took 0.083 seconds
[2022-10-06T23:55:44.332+0000] {processor.py:156} INFO - Started process (PID=639) to work on /home/airflow/.local/lib/python3.7/site-packages/airflow/example_dags/example_branch_python_dop_operator_3.py
[2022-10-06T23:55:44.332+0000] {processor.py:758} INFO - Processing file /home/airflow/.local/lib/python3.7/site-packages/airflow/example_dags/example_branch_python_dop_operator_3.py for tasks to queue
[2022-10-06T23:55:44.333+0000] {logging_mixin.py:117} INFO - [2022-10-06T23:55:44.333+0000] {dagbag.py:525} INFO - Filling up the DagBag from /home/airflow/.local/lib/python3.7/site-packages/airflow/example_dags/example_branch_python_dop_operator_3.py
[2022-10-06T23:55:44.350+0000] {processor.py:768} INFO - DAG(s) dict_keys(['example_branch_dop_operator_v3']) retrieved from /home/airflow/.local/lib/python3.7/site-packages/airflow/example_dags/example_branch_python_dop_operator_3.py
[2022-10-06T23:55:44.380+0000] {logging_mixin.py:117} INFO - [2022-10-06T23:55:44.380+0000] {dag.py:2573} INFO - Sync 1 DAGs
[2022-10-06T23:55:44.403+0000] {logging_mixin.py:117} INFO - [2022-10-06T23:55:44.403+0000] {dag.py:3328} INFO - Setting next_dagrun for example_branch_dop_operator_v3 to 2022-10-06T23:54:00+00:00, run_after=2022-10-06T23:55:00+00:00
[2022-10-06T23:55:44.418+0000] {processor.py:178} INFO - Processing /home/airflow/.local/lib/python3.7/site-packages/airflow/example_dags/example_branch_python_dop_operator_3.py took 0.088 seconds
[2022-10-06T23:56:15.242+0000] {processor.py:156} INFO - Started process (PID=703) to work on /home/airflow/.local/lib/python3.7/site-packages/airflow/example_dags/example_branch_python_dop_operator_3.py
[2022-10-06T23:56:15.243+0000] {processor.py:758} INFO - Processing file /home/airflow/.local/lib/python3.7/site-packages/airflow/example_dags/example_branch_python_dop_operator_3.py for tasks to queue
[2022-10-06T23:56:15.243+0000] {logging_mixin.py:117} INFO - [2022-10-06T23:56:15.243+0000] {dagbag.py:525} INFO - Filling up the DagBag from /home/airflow/.local/lib/python3.7/site-packages/airflow/example_dags/example_branch_python_dop_operator_3.py
[2022-10-06T23:56:15.261+0000] {processor.py:768} INFO - DAG(s) dict_keys(['example_branch_dop_operator_v3']) retrieved from /home/airflow/.local/lib/python3.7/site-packages/airflow/example_dags/example_branch_python_dop_operator_3.py
[2022-10-06T23:56:15.295+0000] {logging_mixin.py:117} INFO - [2022-10-06T23:56:15.295+0000] {dag.py:2573} INFO - Sync 1 DAGs
[2022-10-06T23:56:15.339+0000] {logging_mixin.py:117} INFO - [2022-10-06T23:56:15.339+0000] {dag.py:3328} INFO - Setting next_dagrun for example_branch_dop_operator_v3 to 2022-10-06T23:55:00+00:00, run_after=2022-10-06T23:56:00+00:00
[2022-10-06T23:56:15.357+0000] {processor.py:178} INFO - Processing /home/airflow/.local/lib/python3.7/site-packages/airflow/example_dags/example_branch_python_dop_operator_3.py took 0.117 seconds
[2022-10-06T23:56:46.296+0000] {processor.py:156} INFO - Started process (PID=767) to work on /home/airflow/.local/lib/python3.7/site-packages/airflow/example_dags/example_branch_python_dop_operator_3.py
[2022-10-06T23:56:46.297+0000] {processor.py:758} INFO - Processing file /home/airflow/.local/lib/python3.7/site-packages/airflow/example_dags/example_branch_python_dop_operator_3.py for tasks to queue
[2022-10-06T23:56:46.297+0000] {logging_mixin.py:117} INFO - [2022-10-06T23:56:46.297+0000] {dagbag.py:525} INFO - Filling up the DagBag from /home/airflow/.local/lib/python3.7/site-packages/airflow/example_dags/example_branch_python_dop_operator_3.py
[2022-10-06T23:56:46.314+0000] {processor.py:768} INFO - DAG(s) dict_keys(['example_branch_dop_operator_v3']) retrieved from /home/airflow/.local/lib/python3.7/site-packages/airflow/example_dags/example_branch_python_dop_operator_3.py
[2022-10-06T23:56:46.342+0000] {logging_mixin.py:117} INFO - [2022-10-06T23:56:46.342+0000] {dag.py:2573} INFO - Sync 1 DAGs
[2022-10-06T23:56:46.366+0000] {logging_mixin.py:117} INFO - [2022-10-06T23:56:46.366+0000] {dag.py:3328} INFO - Setting next_dagrun for example_branch_dop_operator_v3 to 2022-10-06T23:55:00+00:00, run_after=2022-10-06T23:56:00+00:00
[2022-10-06T23:56:46.379+0000] {processor.py:178} INFO - Processing /home/airflow/.local/lib/python3.7/site-packages/airflow/example_dags/example_branch_python_dop_operator_3.py took 0.085 seconds
[2022-10-06T23:57:16.464+0000] {processor.py:156} INFO - Started process (PID=830) to work on /home/airflow/.local/lib/python3.7/site-packages/airflow/example_dags/example_branch_python_dop_operator_3.py
[2022-10-06T23:57:16.465+0000] {processor.py:758} INFO - Processing file /home/airflow/.local/lib/python3.7/site-packages/airflow/example_dags/example_branch_python_dop_operator_3.py for tasks to queue
[2022-10-06T23:57:16.465+0000] {logging_mixin.py:117} INFO - [2022-10-06T23:57:16.465+0000] {dagbag.py:525} INFO - Filling up the DagBag from /home/airflow/.local/lib/python3.7/site-packages/airflow/example_dags/example_branch_python_dop_operator_3.py
[2022-10-06T23:57:16.482+0000] {processor.py:768} INFO - DAG(s) dict_keys(['example_branch_dop_operator_v3']) retrieved from /home/airflow/.local/lib/python3.7/site-packages/airflow/example_dags/example_branch_python_dop_operator_3.py
[2022-10-06T23:57:16.510+0000] {logging_mixin.py:117} INFO - [2022-10-06T23:57:16.510+0000] {dag.py:2573} INFO - Sync 1 DAGs
[2022-10-06T23:57:16.534+0000] {logging_mixin.py:117} INFO - [2022-10-06T23:57:16.533+0000] {dag.py:3328} INFO - Setting next_dagrun for example_branch_dop_operator_v3 to 2022-10-06T23:56:00+00:00, run_after=2022-10-06T23:57:00+00:00
[2022-10-06T23:57:16.548+0000] {processor.py:178} INFO - Processing /home/airflow/.local/lib/python3.7/site-packages/airflow/example_dags/example_branch_python_dop_operator_3.py took 0.086 seconds
[2022-10-06T23:57:47.528+0000] {processor.py:156} INFO - Started process (PID=898) to work on /home/airflow/.local/lib/python3.7/site-packages/airflow/example_dags/example_branch_python_dop_operator_3.py
[2022-10-06T23:57:47.529+0000] {processor.py:758} INFO - Processing file /home/airflow/.local/lib/python3.7/site-packages/airflow/example_dags/example_branch_python_dop_operator_3.py for tasks to queue
[2022-10-06T23:57:47.529+0000] {logging_mixin.py:117} INFO - [2022-10-06T23:57:47.529+0000] {dagbag.py:525} INFO - Filling up the DagBag from /home/airflow/.local/lib/python3.7/site-packages/airflow/example_dags/example_branch_python_dop_operator_3.py
[2022-10-06T23:57:47.546+0000] {processor.py:768} INFO - DAG(s) dict_keys(['example_branch_dop_operator_v3']) retrieved from /home/airflow/.local/lib/python3.7/site-packages/airflow/example_dags/example_branch_python_dop_operator_3.py
[2022-10-06T23:57:47.574+0000] {logging_mixin.py:117} INFO - [2022-10-06T23:57:47.574+0000] {dag.py:2573} INFO - Sync 1 DAGs
[2022-10-06T23:57:47.598+0000] {logging_mixin.py:117} INFO - [2022-10-06T23:57:47.598+0000] {dag.py:3328} INFO - Setting next_dagrun for example_branch_dop_operator_v3 to 2022-10-06T23:56:00+00:00, run_after=2022-10-06T23:57:00+00:00
[2022-10-06T23:57:47.613+0000] {processor.py:178} INFO - Processing /home/airflow/.local/lib/python3.7/site-packages/airflow/example_dags/example_branch_python_dop_operator_3.py took 0.086 seconds
[2022-10-06T23:58:18.602+0000] {processor.py:156} INFO - Started process (PID=953) to work on /home/airflow/.local/lib/python3.7/site-packages/airflow/example_dags/example_branch_python_dop_operator_3.py
[2022-10-06T23:58:18.603+0000] {processor.py:758} INFO - Processing file /home/airflow/.local/lib/python3.7/site-packages/airflow/example_dags/example_branch_python_dop_operator_3.py for tasks to queue
[2022-10-06T23:58:18.603+0000] {logging_mixin.py:117} INFO - [2022-10-06T23:58:18.603+0000] {dagbag.py:525} INFO - Filling up the DagBag from /home/airflow/.local/lib/python3.7/site-packages/airflow/example_dags/example_branch_python_dop_operator_3.py
[2022-10-06T23:58:18.619+0000] {processor.py:768} INFO - DAG(s) dict_keys(['example_branch_dop_operator_v3']) retrieved from /home/airflow/.local/lib/python3.7/site-packages/airflow/example_dags/example_branch_python_dop_operator_3.py
[2022-10-06T23:58:18.644+0000] {logging_mixin.py:117} INFO - [2022-10-06T23:58:18.644+0000] {dag.py:2573} INFO - Sync 1 DAGs
[2022-10-06T23:58:18.667+0000] {logging_mixin.py:117} INFO - [2022-10-06T23:58:18.666+0000] {dag.py:3328} INFO - Setting next_dagrun for example_branch_dop_operator_v3 to 2022-10-06T23:57:00+00:00, run_after=2022-10-06T23:58:00+00:00
[2022-10-06T23:58:18.680+0000] {processor.py:178} INFO - Processing /home/airflow/.local/lib/python3.7/site-packages/airflow/example_dags/example_branch_python_dop_operator_3.py took 0.080 seconds
[2022-10-06T23:58:49.981+0000] {processor.py:156} INFO - Started process (PID=1017) to work on /home/airflow/.local/lib/python3.7/site-packages/airflow/example_dags/example_branch_python_dop_operator_3.py
[2022-10-06T23:58:49.982+0000] {processor.py:758} INFO - Processing file /home/airflow/.local/lib/python3.7/site-packages/airflow/example_dags/example_branch_python_dop_operator_3.py for tasks to queue
[2022-10-06T23:58:49.982+0000] {logging_mixin.py:117} INFO - [2022-10-06T23:58:49.982+0000] {dagbag.py:525} INFO - Filling up the DagBag from /home/airflow/.local/lib/python3.7/site-packages/airflow/example_dags/example_branch_python_dop_operator_3.py
[2022-10-06T23:58:50.004+0000] {processor.py:768} INFO - DAG(s) dict_keys(['example_branch_dop_operator_v3']) retrieved from /home/airflow/.local/lib/python3.7/site-packages/airflow/example_dags/example_branch_python_dop_operator_3.py
[2022-10-06T23:58:50.041+0000] {logging_mixin.py:117} INFO - [2022-10-06T23:58:50.041+0000] {dag.py:2573} INFO - Sync 1 DAGs
[2022-10-06T23:58:50.069+0000] {logging_mixin.py:117} INFO - [2022-10-06T23:58:50.069+0000] {dag.py:3328} INFO - Setting next_dagrun for example_branch_dop_operator_v3 to 2022-10-06T23:57:00+00:00, run_after=2022-10-06T23:58:00+00:00
[2022-10-06T23:58:50.086+0000] {processor.py:178} INFO - Processing /home/airflow/.local/lib/python3.7/site-packages/airflow/example_dags/example_branch_python_dop_operator_3.py took 0.107 seconds
[2022-10-06T23:59:20.128+0000] {processor.py:156} INFO - Started process (PID=1080) to work on /home/airflow/.local/lib/python3.7/site-packages/airflow/example_dags/example_branch_python_dop_operator_3.py
[2022-10-06T23:59:20.128+0000] {processor.py:758} INFO - Processing file /home/airflow/.local/lib/python3.7/site-packages/airflow/example_dags/example_branch_python_dop_operator_3.py for tasks to queue
[2022-10-06T23:59:20.129+0000] {logging_mixin.py:117} INFO - [2022-10-06T23:59:20.129+0000] {dagbag.py:525} INFO - Filling up the DagBag from /home/airflow/.local/lib/python3.7/site-packages/airflow/example_dags/example_branch_python_dop_operator_3.py
[2022-10-06T23:59:20.148+0000] {processor.py:768} INFO - DAG(s) dict_keys(['example_branch_dop_operator_v3']) retrieved from /home/airflow/.local/lib/python3.7/site-packages/airflow/example_dags/example_branch_python_dop_operator_3.py
[2022-10-06T23:59:20.181+0000] {logging_mixin.py:117} INFO - [2022-10-06T23:59:20.181+0000] {dag.py:2573} INFO - Sync 1 DAGs
[2022-10-06T23:59:20.211+0000] {logging_mixin.py:117} INFO - [2022-10-06T23:59:20.211+0000] {dag.py:3328} INFO - Setting next_dagrun for example_branch_dop_operator_v3 to 2022-10-06T23:58:00+00:00, run_after=2022-10-06T23:59:00+00:00
[2022-10-06T23:59:20.227+0000] {processor.py:178} INFO - Processing /home/airflow/.local/lib/python3.7/site-packages/airflow/example_dags/example_branch_python_dop_operator_3.py took 0.102 seconds
[2022-10-06T23:59:51.109+0000] {processor.py:156} INFO - Started process (PID=1145) to work on /home/airflow/.local/lib/python3.7/site-packages/airflow/example_dags/example_branch_python_dop_operator_3.py
[2022-10-06T23:59:51.110+0000] {processor.py:758} INFO - Processing file /home/airflow/.local/lib/python3.7/site-packages/airflow/example_dags/example_branch_python_dop_operator_3.py for tasks to queue
[2022-10-06T23:59:51.110+0000] {logging_mixin.py:117} INFO - [2022-10-06T23:59:51.110+0000] {dagbag.py:525} INFO - Filling up the DagBag from /home/airflow/.local/lib/python3.7/site-packages/airflow/example_dags/example_branch_python_dop_operator_3.py
[2022-10-06T23:59:51.125+0000] {processor.py:768} INFO - DAG(s) dict_keys(['example_branch_dop_operator_v3']) retrieved from /home/airflow/.local/lib/python3.7/site-packages/airflow/example_dags/example_branch_python_dop_operator_3.py
[2022-10-06T23:59:51.149+0000] {logging_mixin.py:117} INFO - [2022-10-06T23:59:51.149+0000] {dag.py:2573} INFO - Sync 1 DAGs
[2022-10-06T23:59:51.169+0000] {logging_mixin.py:117} INFO - [2022-10-06T23:59:51.169+0000] {dag.py:3328} INFO - Setting next_dagrun for example_branch_dop_operator_v3 to 2022-10-06T23:58:00+00:00, run_after=2022-10-06T23:59:00+00:00
[2022-10-06T23:59:51.183+0000] {processor.py:178} INFO - Processing /home/airflow/.local/lib/python3.7/site-packages/airflow/example_dags/example_branch_python_dop_operator_3.py took 0.075 seconds
