[2022-10-06T00:38:37.220+0000] {processor.py:156} INFO - Started process (PID=64) to work on /home/airflow/.local/lib/python3.7/site-packages/airflow/example_dags/example_short_circuit_decorator.py
[2022-10-06T00:38:37.221+0000] {processor.py:758} INFO - Processing file /home/airflow/.local/lib/python3.7/site-packages/airflow/example_dags/example_short_circuit_decorator.py for tasks to queue
[2022-10-06T00:38:37.221+0000] {logging_mixin.py:117} INFO - [2022-10-06T00:38:37.221+0000] {dagbag.py:525} INFO - Filling up the DagBag from /home/airflow/.local/lib/python3.7/site-packages/airflow/example_dags/example_short_circuit_decorator.py
[2022-10-06T00:38:37.247+0000] {processor.py:768} INFO - DAG(s) dict_keys(['example_short_circuit_decorator']) retrieved from /home/airflow/.local/lib/python3.7/site-packages/airflow/example_dags/example_short_circuit_decorator.py
[2022-10-06T00:38:37.478+0000] {logging_mixin.py:117} INFO - [2022-10-06T00:38:37.478+0000] {dag.py:2573} INFO - Sync 1 DAGs
[2022-10-06T00:38:37.506+0000] {logging_mixin.py:117} INFO - [2022-10-06T00:38:37.506+0000] {dag.py:3328} INFO - Setting next_dagrun for example_short_circuit_decorator to 2022-10-05T00:38:37.506401+00:00, run_after=2022-10-06T00:38:37.506401+00:00
[2022-10-06T00:38:37.524+0000] {processor.py:178} INFO - Processing /home/airflow/.local/lib/python3.7/site-packages/airflow/example_dags/example_short_circuit_decorator.py took 0.306 seconds
[2022-10-06T00:39:07.577+0000] {processor.py:156} INFO - Started process (PID=128) to work on /home/airflow/.local/lib/python3.7/site-packages/airflow/example_dags/example_short_circuit_decorator.py
[2022-10-06T00:39:07.578+0000] {processor.py:758} INFO - Processing file /home/airflow/.local/lib/python3.7/site-packages/airflow/example_dags/example_short_circuit_decorator.py for tasks to queue
[2022-10-06T00:39:07.578+0000] {logging_mixin.py:117} INFO - [2022-10-06T00:39:07.578+0000] {dagbag.py:525} INFO - Filling up the DagBag from /home/airflow/.local/lib/python3.7/site-packages/airflow/example_dags/example_short_circuit_decorator.py
[2022-10-06T00:39:07.673+0000] {processor.py:768} INFO - DAG(s) dict_keys(['example_short_circuit_decorator']) retrieved from /home/airflow/.local/lib/python3.7/site-packages/airflow/example_dags/example_short_circuit_decorator.py
[2022-10-06T00:39:07.688+0000] {logging_mixin.py:117} INFO - [2022-10-06T00:39:07.688+0000] {dag.py:2573} INFO - Sync 1 DAGs
[2022-10-06T00:39:07.704+0000] {logging_mixin.py:117} INFO - [2022-10-06T00:39:07.704+0000] {dag.py:3328} INFO - Setting next_dagrun for example_short_circuit_decorator to 2022-10-05T00:39:07.704613+00:00, run_after=2022-10-06T00:39:07.704613+00:00
[2022-10-06T00:39:07.717+0000] {processor.py:178} INFO - Processing /home/airflow/.local/lib/python3.7/site-packages/airflow/example_dags/example_short_circuit_decorator.py took 0.142 seconds
[2022-10-06T00:39:38.257+0000] {processor.py:156} INFO - Started process (PID=193) to work on /home/airflow/.local/lib/python3.7/site-packages/airflow/example_dags/example_short_circuit_decorator.py
[2022-10-06T00:39:38.258+0000] {processor.py:758} INFO - Processing file /home/airflow/.local/lib/python3.7/site-packages/airflow/example_dags/example_short_circuit_decorator.py for tasks to queue
[2022-10-06T00:39:38.258+0000] {logging_mixin.py:117} INFO - [2022-10-06T00:39:38.258+0000] {dagbag.py:525} INFO - Filling up the DagBag from /home/airflow/.local/lib/python3.7/site-packages/airflow/example_dags/example_short_circuit_decorator.py
[2022-10-06T00:39:38.366+0000] {processor.py:768} INFO - DAG(s) dict_keys(['example_short_circuit_decorator']) retrieved from /home/airflow/.local/lib/python3.7/site-packages/airflow/example_dags/example_short_circuit_decorator.py
[2022-10-06T00:39:38.391+0000] {logging_mixin.py:117} INFO - [2022-10-06T00:39:38.390+0000] {dag.py:2573} INFO - Sync 1 DAGs
[2022-10-06T00:39:38.407+0000] {logging_mixin.py:117} INFO - [2022-10-06T00:39:38.407+0000] {dag.py:3328} INFO - Setting next_dagrun for example_short_circuit_decorator to 2022-10-05T00:39:38.407581+00:00, run_after=2022-10-06T00:39:38.407581+00:00
[2022-10-06T00:39:38.420+0000] {processor.py:178} INFO - Processing /home/airflow/.local/lib/python3.7/site-packages/airflow/example_dags/example_short_circuit_decorator.py took 0.164 seconds
[2022-10-06T00:40:08.656+0000] {processor.py:156} INFO - Started process (PID=257) to work on /home/airflow/.local/lib/python3.7/site-packages/airflow/example_dags/example_short_circuit_decorator.py
[2022-10-06T00:40:08.657+0000] {processor.py:758} INFO - Processing file /home/airflow/.local/lib/python3.7/site-packages/airflow/example_dags/example_short_circuit_decorator.py for tasks to queue
[2022-10-06T00:40:08.657+0000] {logging_mixin.py:117} INFO - [2022-10-06T00:40:08.657+0000] {dagbag.py:525} INFO - Filling up the DagBag from /home/airflow/.local/lib/python3.7/site-packages/airflow/example_dags/example_short_circuit_decorator.py
[2022-10-06T00:40:08.674+0000] {processor.py:768} INFO - DAG(s) dict_keys(['example_short_circuit_decorator']) retrieved from /home/airflow/.local/lib/python3.7/site-packages/airflow/example_dags/example_short_circuit_decorator.py
[2022-10-06T00:40:08.706+0000] {logging_mixin.py:117} INFO - [2022-10-06T00:40:08.706+0000] {dag.py:2573} INFO - Sync 1 DAGs
[2022-10-06T00:40:08.729+0000] {logging_mixin.py:117} INFO - [2022-10-06T00:40:08.729+0000] {dag.py:3328} INFO - Setting next_dagrun for example_short_circuit_decorator to 2022-10-05T00:40:08.729487+00:00, run_after=2022-10-06T00:40:08.729487+00:00
[2022-10-06T00:40:08.746+0000] {processor.py:178} INFO - Processing /home/airflow/.local/lib/python3.7/site-packages/airflow/example_dags/example_short_circuit_decorator.py took 0.092 seconds
[2022-10-06T00:40:39.565+0000] {processor.py:156} INFO - Started process (PID=312) to work on /home/airflow/.local/lib/python3.7/site-packages/airflow/example_dags/example_short_circuit_decorator.py
[2022-10-06T00:40:39.565+0000] {processor.py:758} INFO - Processing file /home/airflow/.local/lib/python3.7/site-packages/airflow/example_dags/example_short_circuit_decorator.py for tasks to queue
[2022-10-06T00:40:39.566+0000] {logging_mixin.py:117} INFO - [2022-10-06T00:40:39.566+0000] {dagbag.py:525} INFO - Filling up the DagBag from /home/airflow/.local/lib/python3.7/site-packages/airflow/example_dags/example_short_circuit_decorator.py
[2022-10-06T00:40:39.582+0000] {processor.py:768} INFO - DAG(s) dict_keys(['example_short_circuit_decorator']) retrieved from /home/airflow/.local/lib/python3.7/site-packages/airflow/example_dags/example_short_circuit_decorator.py
[2022-10-06T00:40:39.608+0000] {logging_mixin.py:117} INFO - [2022-10-06T00:40:39.607+0000] {dag.py:2573} INFO - Sync 1 DAGs
[2022-10-06T00:40:39.624+0000] {logging_mixin.py:117} INFO - [2022-10-06T00:40:39.624+0000] {dag.py:3328} INFO - Setting next_dagrun for example_short_circuit_decorator to 2022-10-05T00:40:39.624723+00:00, run_after=2022-10-06T00:40:39.624723+00:00
[2022-10-06T00:40:39.638+0000] {processor.py:178} INFO - Processing /home/airflow/.local/lib/python3.7/site-packages/airflow/example_dags/example_short_circuit_decorator.py took 0.075 seconds
[2022-10-06T00:41:09.756+0000] {processor.py:156} INFO - Started process (PID=376) to work on /home/airflow/.local/lib/python3.7/site-packages/airflow/example_dags/example_short_circuit_decorator.py
[2022-10-06T00:41:09.756+0000] {processor.py:758} INFO - Processing file /home/airflow/.local/lib/python3.7/site-packages/airflow/example_dags/example_short_circuit_decorator.py for tasks to queue
[2022-10-06T00:41:09.757+0000] {logging_mixin.py:117} INFO - [2022-10-06T00:41:09.756+0000] {dagbag.py:525} INFO - Filling up the DagBag from /home/airflow/.local/lib/python3.7/site-packages/airflow/example_dags/example_short_circuit_decorator.py
[2022-10-06T00:41:09.772+0000] {processor.py:768} INFO - DAG(s) dict_keys(['example_short_circuit_decorator']) retrieved from /home/airflow/.local/lib/python3.7/site-packages/airflow/example_dags/example_short_circuit_decorator.py
[2022-10-06T00:41:09.812+0000] {logging_mixin.py:117} INFO - [2022-10-06T00:41:09.812+0000] {dag.py:2573} INFO - Sync 1 DAGs
[2022-10-06T00:41:09.838+0000] {logging_mixin.py:117} INFO - [2022-10-06T00:41:09.838+0000] {dag.py:3328} INFO - Setting next_dagrun for example_short_circuit_decorator to 2022-10-05T00:41:09.838570+00:00, run_after=2022-10-06T00:41:09.838570+00:00
[2022-10-06T00:41:09.854+0000] {processor.py:178} INFO - Processing /home/airflow/.local/lib/python3.7/site-packages/airflow/example_dags/example_short_circuit_decorator.py took 0.100 seconds
[2022-10-06T00:41:40.785+0000] {processor.py:156} INFO - Started process (PID=440) to work on /home/airflow/.local/lib/python3.7/site-packages/airflow/example_dags/example_short_circuit_decorator.py
[2022-10-06T00:41:40.785+0000] {processor.py:758} INFO - Processing file /home/airflow/.local/lib/python3.7/site-packages/airflow/example_dags/example_short_circuit_decorator.py for tasks to queue
[2022-10-06T00:41:40.785+0000] {logging_mixin.py:117} INFO - [2022-10-06T00:41:40.785+0000] {dagbag.py:525} INFO - Filling up the DagBag from /home/airflow/.local/lib/python3.7/site-packages/airflow/example_dags/example_short_circuit_decorator.py
[2022-10-06T00:41:40.802+0000] {processor.py:768} INFO - DAG(s) dict_keys(['example_short_circuit_decorator']) retrieved from /home/airflow/.local/lib/python3.7/site-packages/airflow/example_dags/example_short_circuit_decorator.py
[2022-10-06T00:41:40.832+0000] {logging_mixin.py:117} INFO - [2022-10-06T00:41:40.832+0000] {dag.py:2573} INFO - Sync 1 DAGs
[2022-10-06T00:41:40.849+0000] {logging_mixin.py:117} INFO - [2022-10-06T00:41:40.849+0000] {dag.py:3328} INFO - Setting next_dagrun for example_short_circuit_decorator to 2022-10-05T00:41:40.849354+00:00, run_after=2022-10-06T00:41:40.849354+00:00
[2022-10-06T00:41:40.862+0000] {processor.py:178} INFO - Processing /home/airflow/.local/lib/python3.7/site-packages/airflow/example_dags/example_short_circuit_decorator.py took 0.080 seconds
[2022-10-06T00:42:12.119+0000] {processor.py:156} INFO - Started process (PID=504) to work on /home/airflow/.local/lib/python3.7/site-packages/airflow/example_dags/example_short_circuit_decorator.py
[2022-10-06T00:42:12.119+0000] {processor.py:758} INFO - Processing file /home/airflow/.local/lib/python3.7/site-packages/airflow/example_dags/example_short_circuit_decorator.py for tasks to queue
[2022-10-06T00:42:12.120+0000] {logging_mixin.py:117} INFO - [2022-10-06T00:42:12.120+0000] {dagbag.py:525} INFO - Filling up the DagBag from /home/airflow/.local/lib/python3.7/site-packages/airflow/example_dags/example_short_circuit_decorator.py
[2022-10-06T00:42:12.137+0000] {processor.py:768} INFO - DAG(s) dict_keys(['example_short_circuit_decorator']) retrieved from /home/airflow/.local/lib/python3.7/site-packages/airflow/example_dags/example_short_circuit_decorator.py
[2022-10-06T00:42:12.167+0000] {logging_mixin.py:117} INFO - [2022-10-06T00:42:12.167+0000] {dag.py:2573} INFO - Sync 1 DAGs
[2022-10-06T00:42:12.185+0000] {logging_mixin.py:117} INFO - [2022-10-06T00:42:12.185+0000] {dag.py:3328} INFO - Setting next_dagrun for example_short_circuit_decorator to 2022-10-05T00:42:12.185737+00:00, run_after=2022-10-06T00:42:12.185737+00:00
[2022-10-06T00:42:12.201+0000] {processor.py:178} INFO - Processing /home/airflow/.local/lib/python3.7/site-packages/airflow/example_dags/example_short_circuit_decorator.py took 0.084 seconds
[2022-10-06T00:42:42.320+0000] {processor.py:156} INFO - Started process (PID=566) to work on /home/airflow/.local/lib/python3.7/site-packages/airflow/example_dags/example_short_circuit_decorator.py
[2022-10-06T00:42:42.320+0000] {processor.py:758} INFO - Processing file /home/airflow/.local/lib/python3.7/site-packages/airflow/example_dags/example_short_circuit_decorator.py for tasks to queue
[2022-10-06T00:42:42.320+0000] {logging_mixin.py:117} INFO - [2022-10-06T00:42:42.320+0000] {dagbag.py:525} INFO - Filling up the DagBag from /home/airflow/.local/lib/python3.7/site-packages/airflow/example_dags/example_short_circuit_decorator.py
[2022-10-06T00:42:42.336+0000] {processor.py:768} INFO - DAG(s) dict_keys(['example_short_circuit_decorator']) retrieved from /home/airflow/.local/lib/python3.7/site-packages/airflow/example_dags/example_short_circuit_decorator.py
[2022-10-06T00:42:42.364+0000] {logging_mixin.py:117} INFO - [2022-10-06T00:42:42.364+0000] {dag.py:2573} INFO - Sync 1 DAGs
[2022-10-06T00:42:42.383+0000] {logging_mixin.py:117} INFO - [2022-10-06T00:42:42.383+0000] {dag.py:3328} INFO - Setting next_dagrun for example_short_circuit_decorator to 2022-10-05T00:42:42.383427+00:00, run_after=2022-10-06T00:42:42.383427+00:00
[2022-10-06T00:42:42.400+0000] {processor.py:178} INFO - Processing /home/airflow/.local/lib/python3.7/site-packages/airflow/example_dags/example_short_circuit_decorator.py took 0.083 seconds
[2022-10-06T00:43:13.200+0000] {processor.py:156} INFO - Started process (PID=623) to work on /home/airflow/.local/lib/python3.7/site-packages/airflow/example_dags/example_short_circuit_decorator.py
[2022-10-06T00:43:13.200+0000] {processor.py:758} INFO - Processing file /home/airflow/.local/lib/python3.7/site-packages/airflow/example_dags/example_short_circuit_decorator.py for tasks to queue
[2022-10-06T00:43:13.200+0000] {logging_mixin.py:117} INFO - [2022-10-06T00:43:13.200+0000] {dagbag.py:525} INFO - Filling up the DagBag from /home/airflow/.local/lib/python3.7/site-packages/airflow/example_dags/example_short_circuit_decorator.py
[2022-10-06T00:43:13.216+0000] {processor.py:768} INFO - DAG(s) dict_keys(['example_short_circuit_decorator']) retrieved from /home/airflow/.local/lib/python3.7/site-packages/airflow/example_dags/example_short_circuit_decorator.py
[2022-10-06T00:43:13.243+0000] {logging_mixin.py:117} INFO - [2022-10-06T00:43:13.242+0000] {dag.py:2573} INFO - Sync 1 DAGs
[2022-10-06T00:43:13.263+0000] {logging_mixin.py:117} INFO - [2022-10-06T00:43:13.263+0000] {dag.py:3328} INFO - Setting next_dagrun for example_short_circuit_decorator to 2022-10-05T00:43:13.262936+00:00, run_after=2022-10-06T00:43:13.262936+00:00
[2022-10-06T00:43:13.275+0000] {processor.py:178} INFO - Processing /home/airflow/.local/lib/python3.7/site-packages/airflow/example_dags/example_short_circuit_decorator.py took 0.078 seconds
[2022-10-06T00:43:44.227+0000] {processor.py:156} INFO - Started process (PID=687) to work on /home/airflow/.local/lib/python3.7/site-packages/airflow/example_dags/example_short_circuit_decorator.py
[2022-10-06T00:43:44.227+0000] {processor.py:758} INFO - Processing file /home/airflow/.local/lib/python3.7/site-packages/airflow/example_dags/example_short_circuit_decorator.py for tasks to queue
[2022-10-06T00:43:44.228+0000] {logging_mixin.py:117} INFO - [2022-10-06T00:43:44.228+0000] {dagbag.py:525} INFO - Filling up the DagBag from /home/airflow/.local/lib/python3.7/site-packages/airflow/example_dags/example_short_circuit_decorator.py
[2022-10-06T00:43:44.243+0000] {processor.py:768} INFO - DAG(s) dict_keys(['example_short_circuit_decorator']) retrieved from /home/airflow/.local/lib/python3.7/site-packages/airflow/example_dags/example_short_circuit_decorator.py
[2022-10-06T00:43:44.269+0000] {logging_mixin.py:117} INFO - [2022-10-06T00:43:44.269+0000] {dag.py:2573} INFO - Sync 1 DAGs
[2022-10-06T00:43:44.287+0000] {logging_mixin.py:117} INFO - [2022-10-06T00:43:44.287+0000] {dag.py:3328} INFO - Setting next_dagrun for example_short_circuit_decorator to 2022-10-05T00:43:44.287406+00:00, run_after=2022-10-06T00:43:44.287406+00:00
[2022-10-06T00:43:44.300+0000] {processor.py:178} INFO - Processing /home/airflow/.local/lib/python3.7/site-packages/airflow/example_dags/example_short_circuit_decorator.py took 0.074 seconds
[2022-10-06T00:44:15.228+0000] {processor.py:156} INFO - Started process (PID=751) to work on /home/airflow/.local/lib/python3.7/site-packages/airflow/example_dags/example_short_circuit_decorator.py
[2022-10-06T00:44:15.229+0000] {processor.py:758} INFO - Processing file /home/airflow/.local/lib/python3.7/site-packages/airflow/example_dags/example_short_circuit_decorator.py for tasks to queue
[2022-10-06T00:44:15.229+0000] {logging_mixin.py:117} INFO - [2022-10-06T00:44:15.229+0000] {dagbag.py:525} INFO - Filling up the DagBag from /home/airflow/.local/lib/python3.7/site-packages/airflow/example_dags/example_short_circuit_decorator.py
[2022-10-06T00:44:15.244+0000] {processor.py:768} INFO - DAG(s) dict_keys(['example_short_circuit_decorator']) retrieved from /home/airflow/.local/lib/python3.7/site-packages/airflow/example_dags/example_short_circuit_decorator.py
[2022-10-06T00:44:15.270+0000] {logging_mixin.py:117} INFO - [2022-10-06T00:44:15.269+0000] {dag.py:2573} INFO - Sync 1 DAGs
[2022-10-06T00:44:15.288+0000] {logging_mixin.py:117} INFO - [2022-10-06T00:44:15.288+0000] {dag.py:3328} INFO - Setting next_dagrun for example_short_circuit_decorator to 2022-10-05T00:44:15.287891+00:00, run_after=2022-10-06T00:44:15.287891+00:00
[2022-10-06T00:44:15.303+0000] {processor.py:178} INFO - Processing /home/airflow/.local/lib/python3.7/site-packages/airflow/example_dags/example_short_circuit_decorator.py took 0.076 seconds
[2022-10-06T00:44:46.012+0000] {processor.py:156} INFO - Started process (PID=815) to work on /home/airflow/.local/lib/python3.7/site-packages/airflow/example_dags/example_short_circuit_decorator.py
[2022-10-06T00:44:46.012+0000] {processor.py:758} INFO - Processing file /home/airflow/.local/lib/python3.7/site-packages/airflow/example_dags/example_short_circuit_decorator.py for tasks to queue
[2022-10-06T00:44:46.012+0000] {logging_mixin.py:117} INFO - [2022-10-06T00:44:46.012+0000] {dagbag.py:525} INFO - Filling up the DagBag from /home/airflow/.local/lib/python3.7/site-packages/airflow/example_dags/example_short_circuit_decorator.py
[2022-10-06T00:44:46.029+0000] {processor.py:768} INFO - DAG(s) dict_keys(['example_short_circuit_decorator']) retrieved from /home/airflow/.local/lib/python3.7/site-packages/airflow/example_dags/example_short_circuit_decorator.py
[2022-10-06T00:44:46.055+0000] {logging_mixin.py:117} INFO - [2022-10-06T00:44:46.055+0000] {dag.py:2573} INFO - Sync 1 DAGs
[2022-10-06T00:44:46.073+0000] {logging_mixin.py:117} INFO - [2022-10-06T00:44:46.073+0000] {dag.py:3328} INFO - Setting next_dagrun for example_short_circuit_decorator to 2022-10-05T00:44:46.073079+00:00, run_after=2022-10-06T00:44:46.073079+00:00
[2022-10-06T00:44:46.087+0000] {processor.py:178} INFO - Processing /home/airflow/.local/lib/python3.7/site-packages/airflow/example_dags/example_short_circuit_decorator.py took 0.077 seconds
[2022-10-06T00:45:17.019+0000] {processor.py:156} INFO - Started process (PID=879) to work on /home/airflow/.local/lib/python3.7/site-packages/airflow/example_dags/example_short_circuit_decorator.py
[2022-10-06T00:45:17.020+0000] {processor.py:758} INFO - Processing file /home/airflow/.local/lib/python3.7/site-packages/airflow/example_dags/example_short_circuit_decorator.py for tasks to queue
[2022-10-06T00:45:17.020+0000] {logging_mixin.py:117} INFO - [2022-10-06T00:45:17.020+0000] {dagbag.py:525} INFO - Filling up the DagBag from /home/airflow/.local/lib/python3.7/site-packages/airflow/example_dags/example_short_circuit_decorator.py
[2022-10-06T00:45:17.036+0000] {processor.py:768} INFO - DAG(s) dict_keys(['example_short_circuit_decorator']) retrieved from /home/airflow/.local/lib/python3.7/site-packages/airflow/example_dags/example_short_circuit_decorator.py
[2022-10-06T00:45:17.061+0000] {logging_mixin.py:117} INFO - [2022-10-06T00:45:17.061+0000] {dag.py:2573} INFO - Sync 1 DAGs
[2022-10-06T00:45:17.081+0000] {logging_mixin.py:117} INFO - [2022-10-06T00:45:17.081+0000] {dag.py:3328} INFO - Setting next_dagrun for example_short_circuit_decorator to 2022-10-05T00:45:17.081309+00:00, run_after=2022-10-06T00:45:17.081309+00:00
[2022-10-06T00:45:17.095+0000] {processor.py:178} INFO - Processing /home/airflow/.local/lib/python3.7/site-packages/airflow/example_dags/example_short_circuit_decorator.py took 0.077 seconds
[2022-10-06T00:45:47.805+0000] {processor.py:156} INFO - Started process (PID=934) to work on /home/airflow/.local/lib/python3.7/site-packages/airflow/example_dags/example_short_circuit_decorator.py
[2022-10-06T00:45:47.806+0000] {processor.py:758} INFO - Processing file /home/airflow/.local/lib/python3.7/site-packages/airflow/example_dags/example_short_circuit_decorator.py for tasks to queue
[2022-10-06T00:45:47.806+0000] {logging_mixin.py:117} INFO - [2022-10-06T00:45:47.806+0000] {dagbag.py:525} INFO - Filling up the DagBag from /home/airflow/.local/lib/python3.7/site-packages/airflow/example_dags/example_short_circuit_decorator.py
[2022-10-06T00:45:47.824+0000] {processor.py:768} INFO - DAG(s) dict_keys(['example_short_circuit_decorator']) retrieved from /home/airflow/.local/lib/python3.7/site-packages/airflow/example_dags/example_short_circuit_decorator.py
[2022-10-06T00:45:47.853+0000] {logging_mixin.py:117} INFO - [2022-10-06T00:45:47.853+0000] {dag.py:2573} INFO - Sync 1 DAGs
[2022-10-06T00:45:47.871+0000] {logging_mixin.py:117} INFO - [2022-10-06T00:45:47.871+0000] {dag.py:3328} INFO - Setting next_dagrun for example_short_circuit_decorator to 2022-10-05T00:45:47.870908+00:00, run_after=2022-10-06T00:45:47.870908+00:00
[2022-10-06T00:45:47.884+0000] {processor.py:178} INFO - Processing /home/airflow/.local/lib/python3.7/site-packages/airflow/example_dags/example_short_circuit_decorator.py took 0.080 seconds
[2022-10-06T00:46:18.671+0000] {processor.py:156} INFO - Started process (PID=998) to work on /home/airflow/.local/lib/python3.7/site-packages/airflow/example_dags/example_short_circuit_decorator.py
[2022-10-06T00:46:18.671+0000] {processor.py:758} INFO - Processing file /home/airflow/.local/lib/python3.7/site-packages/airflow/example_dags/example_short_circuit_decorator.py for tasks to queue
[2022-10-06T00:46:18.672+0000] {logging_mixin.py:117} INFO - [2022-10-06T00:46:18.672+0000] {dagbag.py:525} INFO - Filling up the DagBag from /home/airflow/.local/lib/python3.7/site-packages/airflow/example_dags/example_short_circuit_decorator.py
[2022-10-06T00:46:18.688+0000] {processor.py:768} INFO - DAG(s) dict_keys(['example_short_circuit_decorator']) retrieved from /home/airflow/.local/lib/python3.7/site-packages/airflow/example_dags/example_short_circuit_decorator.py
[2022-10-06T00:46:18.715+0000] {logging_mixin.py:117} INFO - [2022-10-06T00:46:18.714+0000] {dag.py:2573} INFO - Sync 1 DAGs
[2022-10-06T00:46:18.732+0000] {logging_mixin.py:117} INFO - [2022-10-06T00:46:18.732+0000] {dag.py:3328} INFO - Setting next_dagrun for example_short_circuit_decorator to 2022-10-05T00:46:18.732232+00:00, run_after=2022-10-06T00:46:18.732232+00:00
[2022-10-06T00:46:18.744+0000] {processor.py:178} INFO - Processing /home/airflow/.local/lib/python3.7/site-packages/airflow/example_dags/example_short_circuit_decorator.py took 0.076 seconds
[2022-10-06T00:46:49.557+0000] {processor.py:156} INFO - Started process (PID=1062) to work on /home/airflow/.local/lib/python3.7/site-packages/airflow/example_dags/example_short_circuit_decorator.py
[2022-10-06T00:46:49.558+0000] {processor.py:758} INFO - Processing file /home/airflow/.local/lib/python3.7/site-packages/airflow/example_dags/example_short_circuit_decorator.py for tasks to queue
[2022-10-06T00:46:49.558+0000] {logging_mixin.py:117} INFO - [2022-10-06T00:46:49.558+0000] {dagbag.py:525} INFO - Filling up the DagBag from /home/airflow/.local/lib/python3.7/site-packages/airflow/example_dags/example_short_circuit_decorator.py
[2022-10-06T00:46:49.576+0000] {processor.py:768} INFO - DAG(s) dict_keys(['example_short_circuit_decorator']) retrieved from /home/airflow/.local/lib/python3.7/site-packages/airflow/example_dags/example_short_circuit_decorator.py
[2022-10-06T00:46:49.605+0000] {logging_mixin.py:117} INFO - [2022-10-06T00:46:49.605+0000] {dag.py:2573} INFO - Sync 1 DAGs
[2022-10-06T00:46:49.624+0000] {logging_mixin.py:117} INFO - [2022-10-06T00:46:49.624+0000] {dag.py:3328} INFO - Setting next_dagrun for example_short_circuit_decorator to 2022-10-05T00:46:49.624455+00:00, run_after=2022-10-06T00:46:49.624455+00:00
[2022-10-06T00:46:49.639+0000] {processor.py:178} INFO - Processing /home/airflow/.local/lib/python3.7/site-packages/airflow/example_dags/example_short_circuit_decorator.py took 0.084 seconds
[2022-10-06T00:47:20.560+0000] {processor.py:156} INFO - Started process (PID=1125) to work on /home/airflow/.local/lib/python3.7/site-packages/airflow/example_dags/example_short_circuit_decorator.py
[2022-10-06T00:47:20.561+0000] {processor.py:758} INFO - Processing file /home/airflow/.local/lib/python3.7/site-packages/airflow/example_dags/example_short_circuit_decorator.py for tasks to queue
[2022-10-06T00:47:20.561+0000] {logging_mixin.py:117} INFO - [2022-10-06T00:47:20.561+0000] {dagbag.py:525} INFO - Filling up the DagBag from /home/airflow/.local/lib/python3.7/site-packages/airflow/example_dags/example_short_circuit_decorator.py
[2022-10-06T00:47:20.577+0000] {processor.py:768} INFO - DAG(s) dict_keys(['example_short_circuit_decorator']) retrieved from /home/airflow/.local/lib/python3.7/site-packages/airflow/example_dags/example_short_circuit_decorator.py
[2022-10-06T00:47:20.605+0000] {logging_mixin.py:117} INFO - [2022-10-06T00:47:20.605+0000] {dag.py:2573} INFO - Sync 1 DAGs
[2022-10-06T00:47:20.627+0000] {logging_mixin.py:117} INFO - [2022-10-06T00:47:20.627+0000] {dag.py:3328} INFO - Setting next_dagrun for example_short_circuit_decorator to 2022-10-05T00:47:20.627205+00:00, run_after=2022-10-06T00:47:20.627205+00:00
[2022-10-06T00:47:20.642+0000] {processor.py:178} INFO - Processing /home/airflow/.local/lib/python3.7/site-packages/airflow/example_dags/example_short_circuit_decorator.py took 0.083 seconds
[2022-10-06T00:47:51.690+0000] {processor.py:156} INFO - Started process (PID=1189) to work on /home/airflow/.local/lib/python3.7/site-packages/airflow/example_dags/example_short_circuit_decorator.py
[2022-10-06T00:47:51.691+0000] {processor.py:758} INFO - Processing file /home/airflow/.local/lib/python3.7/site-packages/airflow/example_dags/example_short_circuit_decorator.py for tasks to queue
[2022-10-06T00:47:51.691+0000] {logging_mixin.py:117} INFO - [2022-10-06T00:47:51.691+0000] {dagbag.py:525} INFO - Filling up the DagBag from /home/airflow/.local/lib/python3.7/site-packages/airflow/example_dags/example_short_circuit_decorator.py
[2022-10-06T00:47:51.713+0000] {processor.py:768} INFO - DAG(s) dict_keys(['example_short_circuit_decorator']) retrieved from /home/airflow/.local/lib/python3.7/site-packages/airflow/example_dags/example_short_circuit_decorator.py
[2022-10-06T00:47:51.743+0000] {logging_mixin.py:117} INFO - [2022-10-06T00:47:51.743+0000] {dag.py:2573} INFO - Sync 1 DAGs
[2022-10-06T00:47:51.761+0000] {logging_mixin.py:117} INFO - [2022-10-06T00:47:51.761+0000] {dag.py:3328} INFO - Setting next_dagrun for example_short_circuit_decorator to 2022-10-05T00:47:51.761293+00:00, run_after=2022-10-06T00:47:51.761293+00:00
[2022-10-06T00:47:51.776+0000] {processor.py:178} INFO - Processing /home/airflow/.local/lib/python3.7/site-packages/airflow/example_dags/example_short_circuit_decorator.py took 0.087 seconds
[2022-10-06T00:48:21.885+0000] {processor.py:156} INFO - Started process (PID=1245) to work on /home/airflow/.local/lib/python3.7/site-packages/airflow/example_dags/example_short_circuit_decorator.py
[2022-10-06T00:48:21.885+0000] {processor.py:758} INFO - Processing file /home/airflow/.local/lib/python3.7/site-packages/airflow/example_dags/example_short_circuit_decorator.py for tasks to queue
[2022-10-06T00:48:21.886+0000] {logging_mixin.py:117} INFO - [2022-10-06T00:48:21.885+0000] {dagbag.py:525} INFO - Filling up the DagBag from /home/airflow/.local/lib/python3.7/site-packages/airflow/example_dags/example_short_circuit_decorator.py
[2022-10-06T00:48:21.902+0000] {processor.py:768} INFO - DAG(s) dict_keys(['example_short_circuit_decorator']) retrieved from /home/airflow/.local/lib/python3.7/site-packages/airflow/example_dags/example_short_circuit_decorator.py
[2022-10-06T00:48:21.928+0000] {logging_mixin.py:117} INFO - [2022-10-06T00:48:21.928+0000] {dag.py:2573} INFO - Sync 1 DAGs
[2022-10-06T00:48:21.948+0000] {logging_mixin.py:117} INFO - [2022-10-06T00:48:21.948+0000] {dag.py:3328} INFO - Setting next_dagrun for example_short_circuit_decorator to 2022-10-05T00:48:21.948232+00:00, run_after=2022-10-06T00:48:21.948232+00:00
[2022-10-06T00:48:21.962+0000] {processor.py:178} INFO - Processing /home/airflow/.local/lib/python3.7/site-packages/airflow/example_dags/example_short_circuit_decorator.py took 0.079 seconds
[2022-10-06T00:48:52.156+0000] {processor.py:156} INFO - Started process (PID=1309) to work on /home/airflow/.local/lib/python3.7/site-packages/airflow/example_dags/example_short_circuit_decorator.py
[2022-10-06T00:48:52.157+0000] {processor.py:758} INFO - Processing file /home/airflow/.local/lib/python3.7/site-packages/airflow/example_dags/example_short_circuit_decorator.py for tasks to queue
[2022-10-06T00:48:52.157+0000] {logging_mixin.py:117} INFO - [2022-10-06T00:48:52.157+0000] {dagbag.py:525} INFO - Filling up the DagBag from /home/airflow/.local/lib/python3.7/site-packages/airflow/example_dags/example_short_circuit_decorator.py
[2022-10-06T00:48:52.173+0000] {processor.py:768} INFO - DAG(s) dict_keys(['example_short_circuit_decorator']) retrieved from /home/airflow/.local/lib/python3.7/site-packages/airflow/example_dags/example_short_circuit_decorator.py
[2022-10-06T00:48:52.204+0000] {logging_mixin.py:117} INFO - [2022-10-06T00:48:52.204+0000] {dag.py:2573} INFO - Sync 1 DAGs
[2022-10-06T00:48:52.222+0000] {logging_mixin.py:117} INFO - [2022-10-06T00:48:52.221+0000] {dag.py:3328} INFO - Setting next_dagrun for example_short_circuit_decorator to 2022-10-05T00:48:52.221755+00:00, run_after=2022-10-06T00:48:52.221755+00:00
[2022-10-06T00:48:52.239+0000] {processor.py:178} INFO - Processing /home/airflow/.local/lib/python3.7/site-packages/airflow/example_dags/example_short_circuit_decorator.py took 0.086 seconds
[2022-10-06T00:49:23.249+0000] {processor.py:156} INFO - Started process (PID=1374) to work on /home/airflow/.local/lib/python3.7/site-packages/airflow/example_dags/example_short_circuit_decorator.py
[2022-10-06T00:49:23.250+0000] {processor.py:758} INFO - Processing file /home/airflow/.local/lib/python3.7/site-packages/airflow/example_dags/example_short_circuit_decorator.py for tasks to queue
[2022-10-06T00:49:23.250+0000] {logging_mixin.py:117} INFO - [2022-10-06T00:49:23.250+0000] {dagbag.py:525} INFO - Filling up the DagBag from /home/airflow/.local/lib/python3.7/site-packages/airflow/example_dags/example_short_circuit_decorator.py
[2022-10-06T00:49:23.265+0000] {processor.py:768} INFO - DAG(s) dict_keys(['example_short_circuit_decorator']) retrieved from /home/airflow/.local/lib/python3.7/site-packages/airflow/example_dags/example_short_circuit_decorator.py
[2022-10-06T00:49:23.291+0000] {logging_mixin.py:117} INFO - [2022-10-06T00:49:23.291+0000] {dag.py:2573} INFO - Sync 1 DAGs
[2022-10-06T00:49:23.310+0000] {logging_mixin.py:117} INFO - [2022-10-06T00:49:23.310+0000] {dag.py:3328} INFO - Setting next_dagrun for example_short_circuit_decorator to 2022-10-05T00:49:23.310221+00:00, run_after=2022-10-06T00:49:23.310221+00:00
[2022-10-06T00:49:23.324+0000] {processor.py:178} INFO - Processing /home/airflow/.local/lib/python3.7/site-packages/airflow/example_dags/example_short_circuit_decorator.py took 0.077 seconds
[2022-10-06T23:51:08.303+0000] {processor.py:156} INFO - Started process (PID=65) to work on /home/airflow/.local/lib/python3.7/site-packages/airflow/example_dags/example_short_circuit_decorator.py
[2022-10-06T23:51:08.303+0000] {processor.py:758} INFO - Processing file /home/airflow/.local/lib/python3.7/site-packages/airflow/example_dags/example_short_circuit_decorator.py for tasks to queue
[2022-10-06T23:51:08.304+0000] {logging_mixin.py:117} INFO - [2022-10-06T23:51:08.304+0000] {dagbag.py:525} INFO - Filling up the DagBag from /home/airflow/.local/lib/python3.7/site-packages/airflow/example_dags/example_short_circuit_decorator.py
[2022-10-06T23:51:08.322+0000] {processor.py:768} INFO - DAG(s) dict_keys(['example_short_circuit_decorator']) retrieved from /home/airflow/.local/lib/python3.7/site-packages/airflow/example_dags/example_short_circuit_decorator.py
[2022-10-06T23:51:08.338+0000] {logging_mixin.py:117} INFO - [2022-10-06T23:51:08.338+0000] {dag.py:2573} INFO - Sync 1 DAGs
[2022-10-06T23:51:08.357+0000] {logging_mixin.py:117} INFO - [2022-10-06T23:51:08.357+0000] {dag.py:3328} INFO - Setting next_dagrun for example_short_circuit_decorator to 2022-10-05T23:51:08.357382+00:00, run_after=2022-10-06T23:51:08.357382+00:00
[2022-10-06T23:51:08.373+0000] {processor.py:178} INFO - Processing /home/airflow/.local/lib/python3.7/site-packages/airflow/example_dags/example_short_circuit_decorator.py took 0.072 seconds
[2022-10-06T23:51:39.337+0000] {processor.py:156} INFO - Started process (PID=129) to work on /home/airflow/.local/lib/python3.7/site-packages/airflow/example_dags/example_short_circuit_decorator.py
[2022-10-06T23:51:39.338+0000] {processor.py:758} INFO - Processing file /home/airflow/.local/lib/python3.7/site-packages/airflow/example_dags/example_short_circuit_decorator.py for tasks to queue
[2022-10-06T23:51:39.338+0000] {logging_mixin.py:117} INFO - [2022-10-06T23:51:39.338+0000] {dagbag.py:525} INFO - Filling up the DagBag from /home/airflow/.local/lib/python3.7/site-packages/airflow/example_dags/example_short_circuit_decorator.py
[2022-10-06T23:51:39.356+0000] {processor.py:768} INFO - DAG(s) dict_keys(['example_short_circuit_decorator']) retrieved from /home/airflow/.local/lib/python3.7/site-packages/airflow/example_dags/example_short_circuit_decorator.py
[2022-10-06T23:51:39.384+0000] {logging_mixin.py:117} INFO - [2022-10-06T23:51:39.384+0000] {dag.py:2573} INFO - Sync 1 DAGs
[2022-10-06T23:51:39.403+0000] {logging_mixin.py:117} INFO - [2022-10-06T23:51:39.403+0000] {dag.py:3328} INFO - Setting next_dagrun for example_short_circuit_decorator to 2022-10-05T23:51:39.402850+00:00, run_after=2022-10-06T23:51:39.402850+00:00
[2022-10-06T23:51:39.416+0000] {processor.py:178} INFO - Processing /home/airflow/.local/lib/python3.7/site-packages/airflow/example_dags/example_short_circuit_decorator.py took 0.081 seconds
[2022-10-06T23:52:09.612+0000] {processor.py:156} INFO - Started process (PID=194) to work on /home/airflow/.local/lib/python3.7/site-packages/airflow/example_dags/example_short_circuit_decorator.py
[2022-10-06T23:52:09.612+0000] {processor.py:758} INFO - Processing file /home/airflow/.local/lib/python3.7/site-packages/airflow/example_dags/example_short_circuit_decorator.py for tasks to queue
[2022-10-06T23:52:09.613+0000] {logging_mixin.py:117} INFO - [2022-10-06T23:52:09.613+0000] {dagbag.py:525} INFO - Filling up the DagBag from /home/airflow/.local/lib/python3.7/site-packages/airflow/example_dags/example_short_circuit_decorator.py
[2022-10-06T23:52:09.630+0000] {processor.py:768} INFO - DAG(s) dict_keys(['example_short_circuit_decorator']) retrieved from /home/airflow/.local/lib/python3.7/site-packages/airflow/example_dags/example_short_circuit_decorator.py
[2022-10-06T23:52:09.657+0000] {logging_mixin.py:117} INFO - [2022-10-06T23:52:09.657+0000] {dag.py:2573} INFO - Sync 1 DAGs
[2022-10-06T23:52:09.675+0000] {logging_mixin.py:117} INFO - [2022-10-06T23:52:09.675+0000] {dag.py:3328} INFO - Setting next_dagrun for example_short_circuit_decorator to 2022-10-05T23:52:09.675241+00:00, run_after=2022-10-06T23:52:09.675241+00:00
[2022-10-06T23:52:09.688+0000] {processor.py:178} INFO - Processing /home/airflow/.local/lib/python3.7/site-packages/airflow/example_dags/example_short_circuit_decorator.py took 0.078 seconds
[2022-10-06T23:52:40.647+0000] {processor.py:156} INFO - Started process (PID=258) to work on /home/airflow/.local/lib/python3.7/site-packages/airflow/example_dags/example_short_circuit_decorator.py
[2022-10-06T23:52:40.647+0000] {processor.py:758} INFO - Processing file /home/airflow/.local/lib/python3.7/site-packages/airflow/example_dags/example_short_circuit_decorator.py for tasks to queue
[2022-10-06T23:52:40.648+0000] {logging_mixin.py:117} INFO - [2022-10-06T23:52:40.648+0000] {dagbag.py:525} INFO - Filling up the DagBag from /home/airflow/.local/lib/python3.7/site-packages/airflow/example_dags/example_short_circuit_decorator.py
[2022-10-06T23:52:40.665+0000] {processor.py:768} INFO - DAG(s) dict_keys(['example_short_circuit_decorator']) retrieved from /home/airflow/.local/lib/python3.7/site-packages/airflow/example_dags/example_short_circuit_decorator.py
[2022-10-06T23:52:40.695+0000] {logging_mixin.py:117} INFO - [2022-10-06T23:52:40.695+0000] {dag.py:2573} INFO - Sync 1 DAGs
[2022-10-06T23:52:40.715+0000] {logging_mixin.py:117} INFO - [2022-10-06T23:52:40.715+0000] {dag.py:3328} INFO - Setting next_dagrun for example_short_circuit_decorator to 2022-10-05T23:52:40.715471+00:00, run_after=2022-10-06T23:52:40.715471+00:00
[2022-10-06T23:52:40.730+0000] {processor.py:178} INFO - Processing /home/airflow/.local/lib/python3.7/site-packages/airflow/example_dags/example_short_circuit_decorator.py took 0.086 seconds
[2022-10-06T23:53:10.934+0000] {processor.py:156} INFO - Started process (PID=313) to work on /home/airflow/.local/lib/python3.7/site-packages/airflow/example_dags/example_short_circuit_decorator.py
[2022-10-06T23:53:10.934+0000] {processor.py:758} INFO - Processing file /home/airflow/.local/lib/python3.7/site-packages/airflow/example_dags/example_short_circuit_decorator.py for tasks to queue
[2022-10-06T23:53:10.934+0000] {logging_mixin.py:117} INFO - [2022-10-06T23:53:10.934+0000] {dagbag.py:525} INFO - Filling up the DagBag from /home/airflow/.local/lib/python3.7/site-packages/airflow/example_dags/example_short_circuit_decorator.py
[2022-10-06T23:53:10.949+0000] {processor.py:768} INFO - DAG(s) dict_keys(['example_short_circuit_decorator']) retrieved from /home/airflow/.local/lib/python3.7/site-packages/airflow/example_dags/example_short_circuit_decorator.py
[2022-10-06T23:53:10.977+0000] {logging_mixin.py:117} INFO - [2022-10-06T23:53:10.977+0000] {dag.py:2573} INFO - Sync 1 DAGs
[2022-10-06T23:53:10.995+0000] {logging_mixin.py:117} INFO - [2022-10-06T23:53:10.995+0000] {dag.py:3328} INFO - Setting next_dagrun for example_short_circuit_decorator to 2022-10-05T23:53:10.994950+00:00, run_after=2022-10-06T23:53:10.994950+00:00
[2022-10-06T23:53:11.008+0000] {processor.py:178} INFO - Processing /home/airflow/.local/lib/python3.7/site-packages/airflow/example_dags/example_short_circuit_decorator.py took 0.077 seconds
[2022-10-06T23:53:41.279+0000] {processor.py:156} INFO - Started process (PID=385) to work on /home/airflow/.local/lib/python3.7/site-packages/airflow/example_dags/example_short_circuit_decorator.py
[2022-10-06T23:53:41.280+0000] {processor.py:758} INFO - Processing file /home/airflow/.local/lib/python3.7/site-packages/airflow/example_dags/example_short_circuit_decorator.py for tasks to queue
[2022-10-06T23:53:41.280+0000] {logging_mixin.py:117} INFO - [2022-10-06T23:53:41.280+0000] {dagbag.py:525} INFO - Filling up the DagBag from /home/airflow/.local/lib/python3.7/site-packages/airflow/example_dags/example_short_circuit_decorator.py
[2022-10-06T23:53:41.297+0000] {processor.py:768} INFO - DAG(s) dict_keys(['example_short_circuit_decorator']) retrieved from /home/airflow/.local/lib/python3.7/site-packages/airflow/example_dags/example_short_circuit_decorator.py
[2022-10-06T23:53:41.330+0000] {logging_mixin.py:117} INFO - [2022-10-06T23:53:41.330+0000] {dag.py:2573} INFO - Sync 1 DAGs
[2022-10-06T23:53:41.349+0000] {logging_mixin.py:117} INFO - [2022-10-06T23:53:41.349+0000] {dag.py:3328} INFO - Setting next_dagrun for example_short_circuit_decorator to 2022-10-05T23:53:41.349022+00:00, run_after=2022-10-06T23:53:41.349022+00:00
[2022-10-06T23:53:41.362+0000] {processor.py:178} INFO - Processing /home/airflow/.local/lib/python3.7/site-packages/airflow/example_dags/example_short_circuit_decorator.py took 0.085 seconds
[2022-10-06T23:54:11.584+0000] {processor.py:156} INFO - Started process (PID=449) to work on /home/airflow/.local/lib/python3.7/site-packages/airflow/example_dags/example_short_circuit_decorator.py
[2022-10-06T23:54:11.585+0000] {processor.py:758} INFO - Processing file /home/airflow/.local/lib/python3.7/site-packages/airflow/example_dags/example_short_circuit_decorator.py for tasks to queue
[2022-10-06T23:54:11.585+0000] {logging_mixin.py:117} INFO - [2022-10-06T23:54:11.585+0000] {dagbag.py:525} INFO - Filling up the DagBag from /home/airflow/.local/lib/python3.7/site-packages/airflow/example_dags/example_short_circuit_decorator.py
[2022-10-06T23:54:11.608+0000] {processor.py:768} INFO - DAG(s) dict_keys(['example_short_circuit_decorator']) retrieved from /home/airflow/.local/lib/python3.7/site-packages/airflow/example_dags/example_short_circuit_decorator.py
[2022-10-06T23:54:11.643+0000] {logging_mixin.py:117} INFO - [2022-10-06T23:54:11.643+0000] {dag.py:2573} INFO - Sync 1 DAGs
[2022-10-06T23:54:11.663+0000] {logging_mixin.py:117} INFO - [2022-10-06T23:54:11.663+0000] {dag.py:3328} INFO - Setting next_dagrun for example_short_circuit_decorator to 2022-10-05T23:54:11.663360+00:00, run_after=2022-10-06T23:54:11.663360+00:00
[2022-10-06T23:54:11.678+0000] {processor.py:178} INFO - Processing /home/airflow/.local/lib/python3.7/site-packages/airflow/example_dags/example_short_circuit_decorator.py took 0.096 seconds
[2022-10-06T23:54:42.814+0000] {processor.py:156} INFO - Started process (PID=514) to work on /home/airflow/.local/lib/python3.7/site-packages/airflow/example_dags/example_short_circuit_decorator.py
[2022-10-06T23:54:42.814+0000] {processor.py:758} INFO - Processing file /home/airflow/.local/lib/python3.7/site-packages/airflow/example_dags/example_short_circuit_decorator.py for tasks to queue
[2022-10-06T23:54:42.815+0000] {logging_mixin.py:117} INFO - [2022-10-06T23:54:42.815+0000] {dagbag.py:525} INFO - Filling up the DagBag from /home/airflow/.local/lib/python3.7/site-packages/airflow/example_dags/example_short_circuit_decorator.py
[2022-10-06T23:54:42.836+0000] {processor.py:768} INFO - DAG(s) dict_keys(['example_short_circuit_decorator']) retrieved from /home/airflow/.local/lib/python3.7/site-packages/airflow/example_dags/example_short_circuit_decorator.py
[2022-10-06T23:54:42.870+0000] {logging_mixin.py:117} INFO - [2022-10-06T23:54:42.870+0000] {dag.py:2573} INFO - Sync 1 DAGs
[2022-10-06T23:54:42.899+0000] {logging_mixin.py:117} INFO - [2022-10-06T23:54:42.898+0000] {dag.py:3328} INFO - Setting next_dagrun for example_short_circuit_decorator to 2022-10-05T23:54:42.898725+00:00, run_after=2022-10-06T23:54:42.898725+00:00
[2022-10-06T23:54:42.918+0000] {processor.py:178} INFO - Processing /home/airflow/.local/lib/python3.7/site-packages/airflow/example_dags/example_short_circuit_decorator.py took 0.107 seconds
[2022-10-06T23:55:13.036+0000] {processor.py:156} INFO - Started process (PID=578) to work on /home/airflow/.local/lib/python3.7/site-packages/airflow/example_dags/example_short_circuit_decorator.py
[2022-10-06T23:55:13.037+0000] {processor.py:758} INFO - Processing file /home/airflow/.local/lib/python3.7/site-packages/airflow/example_dags/example_short_circuit_decorator.py for tasks to queue
[2022-10-06T23:55:13.037+0000] {logging_mixin.py:117} INFO - [2022-10-06T23:55:13.037+0000] {dagbag.py:525} INFO - Filling up the DagBag from /home/airflow/.local/lib/python3.7/site-packages/airflow/example_dags/example_short_circuit_decorator.py
[2022-10-06T23:55:13.055+0000] {processor.py:768} INFO - DAG(s) dict_keys(['example_short_circuit_decorator']) retrieved from /home/airflow/.local/lib/python3.7/site-packages/airflow/example_dags/example_short_circuit_decorator.py
[2022-10-06T23:55:13.085+0000] {logging_mixin.py:117} INFO - [2022-10-06T23:55:13.085+0000] {dag.py:2573} INFO - Sync 1 DAGs
[2022-10-06T23:55:13.102+0000] {logging_mixin.py:117} INFO - [2022-10-06T23:55:13.102+0000] {dag.py:3328} INFO - Setting next_dagrun for example_short_circuit_decorator to 2022-10-05T23:55:13.102387+00:00, run_after=2022-10-06T23:55:13.102387+00:00
[2022-10-06T23:55:13.115+0000] {processor.py:178} INFO - Processing /home/airflow/.local/lib/python3.7/site-packages/airflow/example_dags/example_short_circuit_decorator.py took 0.080 seconds
[2022-10-06T23:55:43.981+0000] {processor.py:156} INFO - Started process (PID=633) to work on /home/airflow/.local/lib/python3.7/site-packages/airflow/example_dags/example_short_circuit_decorator.py
[2022-10-06T23:55:43.982+0000] {processor.py:758} INFO - Processing file /home/airflow/.local/lib/python3.7/site-packages/airflow/example_dags/example_short_circuit_decorator.py for tasks to queue
[2022-10-06T23:55:43.982+0000] {logging_mixin.py:117} INFO - [2022-10-06T23:55:43.982+0000] {dagbag.py:525} INFO - Filling up the DagBag from /home/airflow/.local/lib/python3.7/site-packages/airflow/example_dags/example_short_circuit_decorator.py
[2022-10-06T23:55:44.001+0000] {processor.py:768} INFO - DAG(s) dict_keys(['example_short_circuit_decorator']) retrieved from /home/airflow/.local/lib/python3.7/site-packages/airflow/example_dags/example_short_circuit_decorator.py
[2022-10-06T23:55:44.044+0000] {logging_mixin.py:117} INFO - [2022-10-06T23:55:44.044+0000] {dag.py:2573} INFO - Sync 1 DAGs
[2022-10-06T23:55:44.074+0000] {logging_mixin.py:117} INFO - [2022-10-06T23:55:44.074+0000] {dag.py:3328} INFO - Setting next_dagrun for example_short_circuit_decorator to 2022-10-05T23:55:44.074031+00:00, run_after=2022-10-06T23:55:44.074031+00:00
[2022-10-06T23:55:44.093+0000] {processor.py:178} INFO - Processing /home/airflow/.local/lib/python3.7/site-packages/airflow/example_dags/example_short_circuit_decorator.py took 0.113 seconds
[2022-10-06T23:56:14.895+0000] {processor.py:156} INFO - Started process (PID=697) to work on /home/airflow/.local/lib/python3.7/site-packages/airflow/example_dags/example_short_circuit_decorator.py
[2022-10-06T23:56:14.896+0000] {processor.py:758} INFO - Processing file /home/airflow/.local/lib/python3.7/site-packages/airflow/example_dags/example_short_circuit_decorator.py for tasks to queue
[2022-10-06T23:56:14.896+0000] {logging_mixin.py:117} INFO - [2022-10-06T23:56:14.896+0000] {dagbag.py:525} INFO - Filling up the DagBag from /home/airflow/.local/lib/python3.7/site-packages/airflow/example_dags/example_short_circuit_decorator.py
[2022-10-06T23:56:14.912+0000] {processor.py:768} INFO - DAG(s) dict_keys(['example_short_circuit_decorator']) retrieved from /home/airflow/.local/lib/python3.7/site-packages/airflow/example_dags/example_short_circuit_decorator.py
[2022-10-06T23:56:14.938+0000] {logging_mixin.py:117} INFO - [2022-10-06T23:56:14.937+0000] {dag.py:2573} INFO - Sync 1 DAGs
[2022-10-06T23:56:14.956+0000] {logging_mixin.py:117} INFO - [2022-10-06T23:56:14.955+0000] {dag.py:3328} INFO - Setting next_dagrun for example_short_circuit_decorator to 2022-10-05T23:56:14.955793+00:00, run_after=2022-10-06T23:56:14.955793+00:00
[2022-10-06T23:56:14.977+0000] {processor.py:178} INFO - Processing /home/airflow/.local/lib/python3.7/site-packages/airflow/example_dags/example_short_circuit_decorator.py took 0.084 seconds
[2022-10-06T23:56:46.011+0000] {processor.py:156} INFO - Started process (PID=761) to work on /home/airflow/.local/lib/python3.7/site-packages/airflow/example_dags/example_short_circuit_decorator.py
[2022-10-06T23:56:46.012+0000] {processor.py:758} INFO - Processing file /home/airflow/.local/lib/python3.7/site-packages/airflow/example_dags/example_short_circuit_decorator.py for tasks to queue
[2022-10-06T23:56:46.012+0000] {logging_mixin.py:117} INFO - [2022-10-06T23:56:46.012+0000] {dagbag.py:525} INFO - Filling up the DagBag from /home/airflow/.local/lib/python3.7/site-packages/airflow/example_dags/example_short_circuit_decorator.py
[2022-10-06T23:56:46.029+0000] {processor.py:768} INFO - DAG(s) dict_keys(['example_short_circuit_decorator']) retrieved from /home/airflow/.local/lib/python3.7/site-packages/airflow/example_dags/example_short_circuit_decorator.py
[2022-10-06T23:56:46.058+0000] {logging_mixin.py:117} INFO - [2022-10-06T23:56:46.058+0000] {dag.py:2573} INFO - Sync 1 DAGs
[2022-10-06T23:56:46.078+0000] {logging_mixin.py:117} INFO - [2022-10-06T23:56:46.078+0000] {dag.py:3328} INFO - Setting next_dagrun for example_short_circuit_decorator to 2022-10-05T23:56:46.078506+00:00, run_after=2022-10-06T23:56:46.078506+00:00
[2022-10-06T23:56:46.092+0000] {processor.py:178} INFO - Processing /home/airflow/.local/lib/python3.7/site-packages/airflow/example_dags/example_short_circuit_decorator.py took 0.083 seconds
[2022-10-06T23:57:16.230+0000] {processor.py:156} INFO - Started process (PID=825) to work on /home/airflow/.local/lib/python3.7/site-packages/airflow/example_dags/example_short_circuit_decorator.py
[2022-10-06T23:57:16.231+0000] {processor.py:758} INFO - Processing file /home/airflow/.local/lib/python3.7/site-packages/airflow/example_dags/example_short_circuit_decorator.py for tasks to queue
[2022-10-06T23:57:16.231+0000] {logging_mixin.py:117} INFO - [2022-10-06T23:57:16.231+0000] {dagbag.py:525} INFO - Filling up the DagBag from /home/airflow/.local/lib/python3.7/site-packages/airflow/example_dags/example_short_circuit_decorator.py
[2022-10-06T23:57:16.252+0000] {processor.py:768} INFO - DAG(s) dict_keys(['example_short_circuit_decorator']) retrieved from /home/airflow/.local/lib/python3.7/site-packages/airflow/example_dags/example_short_circuit_decorator.py
[2022-10-06T23:57:16.288+0000] {logging_mixin.py:117} INFO - [2022-10-06T23:57:16.287+0000] {dag.py:2573} INFO - Sync 1 DAGs
[2022-10-06T23:57:16.307+0000] {logging_mixin.py:117} INFO - [2022-10-06T23:57:16.306+0000] {dag.py:3328} INFO - Setting next_dagrun for example_short_circuit_decorator to 2022-10-05T23:57:16.306772+00:00, run_after=2022-10-06T23:57:16.306772+00:00
[2022-10-06T23:57:16.320+0000] {processor.py:178} INFO - Processing /home/airflow/.local/lib/python3.7/site-packages/airflow/example_dags/example_short_circuit_decorator.py took 0.092 seconds
[2022-10-06T23:57:47.247+0000] {processor.py:156} INFO - Started process (PID=892) to work on /home/airflow/.local/lib/python3.7/site-packages/airflow/example_dags/example_short_circuit_decorator.py
[2022-10-06T23:57:47.247+0000] {processor.py:758} INFO - Processing file /home/airflow/.local/lib/python3.7/site-packages/airflow/example_dags/example_short_circuit_decorator.py for tasks to queue
[2022-10-06T23:57:47.248+0000] {logging_mixin.py:117} INFO - [2022-10-06T23:57:47.247+0000] {dagbag.py:525} INFO - Filling up the DagBag from /home/airflow/.local/lib/python3.7/site-packages/airflow/example_dags/example_short_circuit_decorator.py
[2022-10-06T23:57:47.264+0000] {processor.py:768} INFO - DAG(s) dict_keys(['example_short_circuit_decorator']) retrieved from /home/airflow/.local/lib/python3.7/site-packages/airflow/example_dags/example_short_circuit_decorator.py
[2022-10-06T23:57:47.293+0000] {logging_mixin.py:117} INFO - [2022-10-06T23:57:47.293+0000] {dag.py:2573} INFO - Sync 1 DAGs
[2022-10-06T23:57:47.312+0000] {logging_mixin.py:117} INFO - [2022-10-06T23:57:47.311+0000] {dag.py:3328} INFO - Setting next_dagrun for example_short_circuit_decorator to 2022-10-05T23:57:47.311695+00:00, run_after=2022-10-06T23:57:47.311695+00:00
[2022-10-06T23:57:47.325+0000] {processor.py:178} INFO - Processing /home/airflow/.local/lib/python3.7/site-packages/airflow/example_dags/example_short_circuit_decorator.py took 0.080 seconds
[2022-10-06T23:58:18.299+0000] {processor.py:156} INFO - Started process (PID=947) to work on /home/airflow/.local/lib/python3.7/site-packages/airflow/example_dags/example_short_circuit_decorator.py
[2022-10-06T23:58:18.300+0000] {processor.py:758} INFO - Processing file /home/airflow/.local/lib/python3.7/site-packages/airflow/example_dags/example_short_circuit_decorator.py for tasks to queue
[2022-10-06T23:58:18.300+0000] {logging_mixin.py:117} INFO - [2022-10-06T23:58:18.300+0000] {dagbag.py:525} INFO - Filling up the DagBag from /home/airflow/.local/lib/python3.7/site-packages/airflow/example_dags/example_short_circuit_decorator.py
[2022-10-06T23:58:18.319+0000] {processor.py:768} INFO - DAG(s) dict_keys(['example_short_circuit_decorator']) retrieved from /home/airflow/.local/lib/python3.7/site-packages/airflow/example_dags/example_short_circuit_decorator.py
[2022-10-06T23:58:18.349+0000] {logging_mixin.py:117} INFO - [2022-10-06T23:58:18.349+0000] {dag.py:2573} INFO - Sync 1 DAGs
[2022-10-06T23:58:18.370+0000] {logging_mixin.py:117} INFO - [2022-10-06T23:58:18.370+0000] {dag.py:3328} INFO - Setting next_dagrun for example_short_circuit_decorator to 2022-10-05T23:58:18.370309+00:00, run_after=2022-10-06T23:58:18.370309+00:00
[2022-10-06T23:58:18.387+0000] {processor.py:178} INFO - Processing /home/airflow/.local/lib/python3.7/site-packages/airflow/example_dags/example_short_circuit_decorator.py took 0.090 seconds
[2022-10-06T23:58:49.630+0000] {processor.py:156} INFO - Started process (PID=1011) to work on /home/airflow/.local/lib/python3.7/site-packages/airflow/example_dags/example_short_circuit_decorator.py
[2022-10-06T23:58:49.631+0000] {processor.py:758} INFO - Processing file /home/airflow/.local/lib/python3.7/site-packages/airflow/example_dags/example_short_circuit_decorator.py for tasks to queue
[2022-10-06T23:58:49.631+0000] {logging_mixin.py:117} INFO - [2022-10-06T23:58:49.631+0000] {dagbag.py:525} INFO - Filling up the DagBag from /home/airflow/.local/lib/python3.7/site-packages/airflow/example_dags/example_short_circuit_decorator.py
[2022-10-06T23:58:49.648+0000] {processor.py:768} INFO - DAG(s) dict_keys(['example_short_circuit_decorator']) retrieved from /home/airflow/.local/lib/python3.7/site-packages/airflow/example_dags/example_short_circuit_decorator.py
[2022-10-06T23:58:49.678+0000] {logging_mixin.py:117} INFO - [2022-10-06T23:58:49.678+0000] {dag.py:2573} INFO - Sync 1 DAGs
[2022-10-06T23:58:49.697+0000] {logging_mixin.py:117} INFO - [2022-10-06T23:58:49.697+0000] {dag.py:3328} INFO - Setting next_dagrun for example_short_circuit_decorator to 2022-10-05T23:58:49.697531+00:00, run_after=2022-10-06T23:58:49.697531+00:00
[2022-10-06T23:58:49.711+0000] {processor.py:178} INFO - Processing /home/airflow/.local/lib/python3.7/site-packages/airflow/example_dags/example_short_circuit_decorator.py took 0.083 seconds
[2022-10-06T23:59:19.805+0000] {processor.py:156} INFO - Started process (PID=1075) to work on /home/airflow/.local/lib/python3.7/site-packages/airflow/example_dags/example_short_circuit_decorator.py
[2022-10-06T23:59:19.806+0000] {processor.py:758} INFO - Processing file /home/airflow/.local/lib/python3.7/site-packages/airflow/example_dags/example_short_circuit_decorator.py for tasks to queue
[2022-10-06T23:59:19.806+0000] {logging_mixin.py:117} INFO - [2022-10-06T23:59:19.806+0000] {dagbag.py:525} INFO - Filling up the DagBag from /home/airflow/.local/lib/python3.7/site-packages/airflow/example_dags/example_short_circuit_decorator.py
[2022-10-06T23:59:19.824+0000] {processor.py:768} INFO - DAG(s) dict_keys(['example_short_circuit_decorator']) retrieved from /home/airflow/.local/lib/python3.7/site-packages/airflow/example_dags/example_short_circuit_decorator.py
[2022-10-06T23:59:19.856+0000] {logging_mixin.py:117} INFO - [2022-10-06T23:59:19.855+0000] {dag.py:2573} INFO - Sync 1 DAGs
[2022-10-06T23:59:19.878+0000] {logging_mixin.py:117} INFO - [2022-10-06T23:59:19.878+0000] {dag.py:3328} INFO - Setting next_dagrun for example_short_circuit_decorator to 2022-10-05T23:59:19.878138+00:00, run_after=2022-10-06T23:59:19.878138+00:00
[2022-10-06T23:59:19.895+0000] {processor.py:178} INFO - Processing /home/airflow/.local/lib/python3.7/site-packages/airflow/example_dags/example_short_circuit_decorator.py took 0.091 seconds
[2022-10-06T23:59:50.845+0000] {processor.py:156} INFO - Started process (PID=1139) to work on /home/airflow/.local/lib/python3.7/site-packages/airflow/example_dags/example_short_circuit_decorator.py
[2022-10-06T23:59:50.845+0000] {processor.py:758} INFO - Processing file /home/airflow/.local/lib/python3.7/site-packages/airflow/example_dags/example_short_circuit_decorator.py for tasks to queue
[2022-10-06T23:59:50.846+0000] {logging_mixin.py:117} INFO - [2022-10-06T23:59:50.846+0000] {dagbag.py:525} INFO - Filling up the DagBag from /home/airflow/.local/lib/python3.7/site-packages/airflow/example_dags/example_short_circuit_decorator.py
[2022-10-06T23:59:50.863+0000] {processor.py:768} INFO - DAG(s) dict_keys(['example_short_circuit_decorator']) retrieved from /home/airflow/.local/lib/python3.7/site-packages/airflow/example_dags/example_short_circuit_decorator.py
[2022-10-06T23:59:50.889+0000] {logging_mixin.py:117} INFO - [2022-10-06T23:59:50.889+0000] {dag.py:2573} INFO - Sync 1 DAGs
[2022-10-06T23:59:50.906+0000] {logging_mixin.py:117} INFO - [2022-10-06T23:59:50.906+0000] {dag.py:3328} INFO - Setting next_dagrun for example_short_circuit_decorator to 2022-10-05T23:59:50.906080+00:00, run_after=2022-10-06T23:59:50.906080+00:00
[2022-10-06T23:59:50.920+0000] {processor.py:178} INFO - Processing /home/airflow/.local/lib/python3.7/site-packages/airflow/example_dags/example_short_circuit_decorator.py took 0.077 seconds
