[2022-10-06T00:38:35.641+0000] {processor.py:156} INFO - Started process (PID=54) to work on /home/airflow/.local/lib/python3.7/site-packages/airflow/example_dags/example_trigger_target_dag.py
[2022-10-06T00:38:35.641+0000] {processor.py:758} INFO - Processing file /home/airflow/.local/lib/python3.7/site-packages/airflow/example_dags/example_trigger_target_dag.py for tasks to queue
[2022-10-06T00:38:35.642+0000] {logging_mixin.py:117} INFO - [2022-10-06T00:38:35.642+0000] {dagbag.py:525} INFO - Filling up the DagBag from /home/airflow/.local/lib/python3.7/site-packages/airflow/example_dags/example_trigger_target_dag.py
[2022-10-06T00:38:35.663+0000] {processor.py:768} INFO - DAG(s) dict_keys(['example_trigger_target_dag']) retrieved from /home/airflow/.local/lib/python3.7/site-packages/airflow/example_dags/example_trigger_target_dag.py
[2022-10-06T00:38:35.848+0000] {logging_mixin.py:117} INFO - [2022-10-06T00:38:35.848+0000] {dag.py:2573} INFO - Sync 1 DAGs
[2022-10-06T00:38:35.879+0000] {logging_mixin.py:117} INFO - [2022-10-06T00:38:35.879+0000] {dag.py:3328} INFO - Setting next_dagrun for example_trigger_target_dag to None, run_after=None
[2022-10-06T00:38:35.903+0000] {processor.py:178} INFO - Processing /home/airflow/.local/lib/python3.7/site-packages/airflow/example_dags/example_trigger_target_dag.py took 0.264 seconds
[2022-10-06T00:39:06.475+0000] {processor.py:156} INFO - Started process (PID=118) to work on /home/airflow/.local/lib/python3.7/site-packages/airflow/example_dags/example_trigger_target_dag.py
[2022-10-06T00:39:06.476+0000] {processor.py:758} INFO - Processing file /home/airflow/.local/lib/python3.7/site-packages/airflow/example_dags/example_trigger_target_dag.py for tasks to queue
[2022-10-06T00:39:06.476+0000] {logging_mixin.py:117} INFO - [2022-10-06T00:39:06.476+0000] {dagbag.py:525} INFO - Filling up the DagBag from /home/airflow/.local/lib/python3.7/site-packages/airflow/example_dags/example_trigger_target_dag.py
[2022-10-06T00:39:06.586+0000] {processor.py:768} INFO - DAG(s) dict_keys(['example_trigger_target_dag']) retrieved from /home/airflow/.local/lib/python3.7/site-packages/airflow/example_dags/example_trigger_target_dag.py
[2022-10-06T00:39:06.603+0000] {logging_mixin.py:117} INFO - [2022-10-06T00:39:06.603+0000] {dag.py:2573} INFO - Sync 1 DAGs
[2022-10-06T00:39:06.622+0000] {logging_mixin.py:117} INFO - [2022-10-06T00:39:06.622+0000] {dag.py:3328} INFO - Setting next_dagrun for example_trigger_target_dag to None, run_after=None
[2022-10-06T00:39:06.635+0000] {processor.py:178} INFO - Processing /home/airflow/.local/lib/python3.7/site-packages/airflow/example_dags/example_trigger_target_dag.py took 0.161 seconds
[2022-10-06T00:39:37.300+0000] {processor.py:156} INFO - Started process (PID=183) to work on /home/airflow/.local/lib/python3.7/site-packages/airflow/example_dags/example_trigger_target_dag.py
[2022-10-06T00:39:37.300+0000] {processor.py:758} INFO - Processing file /home/airflow/.local/lib/python3.7/site-packages/airflow/example_dags/example_trigger_target_dag.py for tasks to queue
[2022-10-06T00:39:37.300+0000] {logging_mixin.py:117} INFO - [2022-10-06T00:39:37.300+0000] {dagbag.py:525} INFO - Filling up the DagBag from /home/airflow/.local/lib/python3.7/site-packages/airflow/example_dags/example_trigger_target_dag.py
[2022-10-06T00:39:37.411+0000] {processor.py:768} INFO - DAG(s) dict_keys(['example_trigger_target_dag']) retrieved from /home/airflow/.local/lib/python3.7/site-packages/airflow/example_dags/example_trigger_target_dag.py
[2022-10-06T00:39:37.435+0000] {logging_mixin.py:117} INFO - [2022-10-06T00:39:37.435+0000] {dag.py:2573} INFO - Sync 1 DAGs
[2022-10-06T00:39:37.459+0000] {logging_mixin.py:117} INFO - [2022-10-06T00:39:37.459+0000] {dag.py:3328} INFO - Setting next_dagrun for example_trigger_target_dag to None, run_after=None
[2022-10-06T00:39:37.473+0000] {processor.py:178} INFO - Processing /home/airflow/.local/lib/python3.7/site-packages/airflow/example_dags/example_trigger_target_dag.py took 0.175 seconds
[2022-10-06T00:40:08.188+0000] {processor.py:156} INFO - Started process (PID=247) to work on /home/airflow/.local/lib/python3.7/site-packages/airflow/example_dags/example_trigger_target_dag.py
[2022-10-06T00:40:08.188+0000] {processor.py:758} INFO - Processing file /home/airflow/.local/lib/python3.7/site-packages/airflow/example_dags/example_trigger_target_dag.py for tasks to queue
[2022-10-06T00:40:08.188+0000] {logging_mixin.py:117} INFO - [2022-10-06T00:40:08.188+0000] {dagbag.py:525} INFO - Filling up the DagBag from /home/airflow/.local/lib/python3.7/site-packages/airflow/example_dags/example_trigger_target_dag.py
[2022-10-06T00:40:08.204+0000] {processor.py:768} INFO - DAG(s) dict_keys(['example_trigger_target_dag']) retrieved from /home/airflow/.local/lib/python3.7/site-packages/airflow/example_dags/example_trigger_target_dag.py
[2022-10-06T00:40:08.237+0000] {logging_mixin.py:117} INFO - [2022-10-06T00:40:08.236+0000] {dag.py:2573} INFO - Sync 1 DAGs
[2022-10-06T00:40:08.260+0000] {logging_mixin.py:117} INFO - [2022-10-06T00:40:08.260+0000] {dag.py:3328} INFO - Setting next_dagrun for example_trigger_target_dag to None, run_after=None
[2022-10-06T00:40:08.274+0000] {processor.py:178} INFO - Processing /home/airflow/.local/lib/python3.7/site-packages/airflow/example_dags/example_trigger_target_dag.py took 0.088 seconds
[2022-10-06T00:40:39.089+0000] {processor.py:156} INFO - Started process (PID=302) to work on /home/airflow/.local/lib/python3.7/site-packages/airflow/example_dags/example_trigger_target_dag.py
[2022-10-06T00:40:39.090+0000] {processor.py:758} INFO - Processing file /home/airflow/.local/lib/python3.7/site-packages/airflow/example_dags/example_trigger_target_dag.py for tasks to queue
[2022-10-06T00:40:39.090+0000] {logging_mixin.py:117} INFO - [2022-10-06T00:40:39.090+0000] {dagbag.py:525} INFO - Filling up the DagBag from /home/airflow/.local/lib/python3.7/site-packages/airflow/example_dags/example_trigger_target_dag.py
[2022-10-06T00:40:39.105+0000] {processor.py:768} INFO - DAG(s) dict_keys(['example_trigger_target_dag']) retrieved from /home/airflow/.local/lib/python3.7/site-packages/airflow/example_dags/example_trigger_target_dag.py
[2022-10-06T00:40:39.134+0000] {logging_mixin.py:117} INFO - [2022-10-06T00:40:39.134+0000] {dag.py:2573} INFO - Sync 1 DAGs
[2022-10-06T00:40:39.154+0000] {logging_mixin.py:117} INFO - [2022-10-06T00:40:39.153+0000] {dag.py:3328} INFO - Setting next_dagrun for example_trigger_target_dag to None, run_after=None
[2022-10-06T00:40:39.168+0000] {processor.py:178} INFO - Processing /home/airflow/.local/lib/python3.7/site-packages/airflow/example_dags/example_trigger_target_dag.py took 0.080 seconds
[2022-10-06T00:41:09.291+0000] {processor.py:156} INFO - Started process (PID=366) to work on /home/airflow/.local/lib/python3.7/site-packages/airflow/example_dags/example_trigger_target_dag.py
[2022-10-06T00:41:09.291+0000] {processor.py:758} INFO - Processing file /home/airflow/.local/lib/python3.7/site-packages/airflow/example_dags/example_trigger_target_dag.py for tasks to queue
[2022-10-06T00:41:09.292+0000] {logging_mixin.py:117} INFO - [2022-10-06T00:41:09.292+0000] {dagbag.py:525} INFO - Filling up the DagBag from /home/airflow/.local/lib/python3.7/site-packages/airflow/example_dags/example_trigger_target_dag.py
[2022-10-06T00:41:09.306+0000] {processor.py:768} INFO - DAG(s) dict_keys(['example_trigger_target_dag']) retrieved from /home/airflow/.local/lib/python3.7/site-packages/airflow/example_dags/example_trigger_target_dag.py
[2022-10-06T00:41:09.331+0000] {logging_mixin.py:117} INFO - [2022-10-06T00:41:09.331+0000] {dag.py:2573} INFO - Sync 1 DAGs
[2022-10-06T00:41:09.350+0000] {logging_mixin.py:117} INFO - [2022-10-06T00:41:09.349+0000] {dag.py:3328} INFO - Setting next_dagrun for example_trigger_target_dag to None, run_after=None
[2022-10-06T00:41:09.365+0000] {processor.py:178} INFO - Processing /home/airflow/.local/lib/python3.7/site-packages/airflow/example_dags/example_trigger_target_dag.py took 0.076 seconds
[2022-10-06T00:41:40.307+0000] {processor.py:156} INFO - Started process (PID=430) to work on /home/airflow/.local/lib/python3.7/site-packages/airflow/example_dags/example_trigger_target_dag.py
[2022-10-06T00:41:40.308+0000] {processor.py:758} INFO - Processing file /home/airflow/.local/lib/python3.7/site-packages/airflow/example_dags/example_trigger_target_dag.py for tasks to queue
[2022-10-06T00:41:40.308+0000] {logging_mixin.py:117} INFO - [2022-10-06T00:41:40.308+0000] {dagbag.py:525} INFO - Filling up the DagBag from /home/airflow/.local/lib/python3.7/site-packages/airflow/example_dags/example_trigger_target_dag.py
[2022-10-06T00:41:40.322+0000] {processor.py:768} INFO - DAG(s) dict_keys(['example_trigger_target_dag']) retrieved from /home/airflow/.local/lib/python3.7/site-packages/airflow/example_dags/example_trigger_target_dag.py
[2022-10-06T00:41:40.348+0000] {logging_mixin.py:117} INFO - [2022-10-06T00:41:40.348+0000] {dag.py:2573} INFO - Sync 1 DAGs
[2022-10-06T00:41:40.365+0000] {logging_mixin.py:117} INFO - [2022-10-06T00:41:40.365+0000] {dag.py:3328} INFO - Setting next_dagrun for example_trigger_target_dag to None, run_after=None
[2022-10-06T00:41:40.377+0000] {processor.py:178} INFO - Processing /home/airflow/.local/lib/python3.7/site-packages/airflow/example_dags/example_trigger_target_dag.py took 0.072 seconds
[2022-10-06T00:42:11.421+0000] {processor.py:156} INFO - Started process (PID=494) to work on /home/airflow/.local/lib/python3.7/site-packages/airflow/example_dags/example_trigger_target_dag.py
[2022-10-06T00:42:11.421+0000] {processor.py:758} INFO - Processing file /home/airflow/.local/lib/python3.7/site-packages/airflow/example_dags/example_trigger_target_dag.py for tasks to queue
[2022-10-06T00:42:11.422+0000] {logging_mixin.py:117} INFO - [2022-10-06T00:42:11.422+0000] {dagbag.py:525} INFO - Filling up the DagBag from /home/airflow/.local/lib/python3.7/site-packages/airflow/example_dags/example_trigger_target_dag.py
[2022-10-06T00:42:11.438+0000] {processor.py:768} INFO - DAG(s) dict_keys(['example_trigger_target_dag']) retrieved from /home/airflow/.local/lib/python3.7/site-packages/airflow/example_dags/example_trigger_target_dag.py
[2022-10-06T00:42:11.467+0000] {logging_mixin.py:117} INFO - [2022-10-06T00:42:11.467+0000] {dag.py:2573} INFO - Sync 1 DAGs
[2022-10-06T00:42:11.487+0000] {logging_mixin.py:117} INFO - [2022-10-06T00:42:11.487+0000] {dag.py:3328} INFO - Setting next_dagrun for example_trigger_target_dag to None, run_after=None
[2022-10-06T00:42:11.501+0000] {processor.py:178} INFO - Processing /home/airflow/.local/lib/python3.7/site-packages/airflow/example_dags/example_trigger_target_dag.py took 0.081 seconds
[2022-10-06T00:42:41.737+0000] {processor.py:156} INFO - Started process (PID=549) to work on /home/airflow/.local/lib/python3.7/site-packages/airflow/example_dags/example_trigger_target_dag.py
[2022-10-06T00:42:41.737+0000] {processor.py:758} INFO - Processing file /home/airflow/.local/lib/python3.7/site-packages/airflow/example_dags/example_trigger_target_dag.py for tasks to queue
[2022-10-06T00:42:41.737+0000] {logging_mixin.py:117} INFO - [2022-10-06T00:42:41.737+0000] {dagbag.py:525} INFO - Filling up the DagBag from /home/airflow/.local/lib/python3.7/site-packages/airflow/example_dags/example_trigger_target_dag.py
[2022-10-06T00:42:41.751+0000] {processor.py:768} INFO - DAG(s) dict_keys(['example_trigger_target_dag']) retrieved from /home/airflow/.local/lib/python3.7/site-packages/airflow/example_dags/example_trigger_target_dag.py
[2022-10-06T00:42:41.776+0000] {logging_mixin.py:117} INFO - [2022-10-06T00:42:41.776+0000] {dag.py:2573} INFO - Sync 1 DAGs
[2022-10-06T00:42:41.793+0000] {logging_mixin.py:117} INFO - [2022-10-06T00:42:41.793+0000] {dag.py:3328} INFO - Setting next_dagrun for example_trigger_target_dag to None, run_after=None
[2022-10-06T00:42:41.806+0000] {processor.py:178} INFO - Processing /home/airflow/.local/lib/python3.7/site-packages/airflow/example_dags/example_trigger_target_dag.py took 0.071 seconds
[2022-10-06T00:43:12.664+0000] {processor.py:156} INFO - Started process (PID=613) to work on /home/airflow/.local/lib/python3.7/site-packages/airflow/example_dags/example_trigger_target_dag.py
[2022-10-06T00:43:12.665+0000] {processor.py:758} INFO - Processing file /home/airflow/.local/lib/python3.7/site-packages/airflow/example_dags/example_trigger_target_dag.py for tasks to queue
[2022-10-06T00:43:12.665+0000] {logging_mixin.py:117} INFO - [2022-10-06T00:43:12.665+0000] {dagbag.py:525} INFO - Filling up the DagBag from /home/airflow/.local/lib/python3.7/site-packages/airflow/example_dags/example_trigger_target_dag.py
[2022-10-06T00:43:12.681+0000] {processor.py:768} INFO - DAG(s) dict_keys(['example_trigger_target_dag']) retrieved from /home/airflow/.local/lib/python3.7/site-packages/airflow/example_dags/example_trigger_target_dag.py
[2022-10-06T00:43:12.707+0000] {logging_mixin.py:117} INFO - [2022-10-06T00:43:12.706+0000] {dag.py:2573} INFO - Sync 1 DAGs
[2022-10-06T00:43:12.726+0000] {logging_mixin.py:117} INFO - [2022-10-06T00:43:12.726+0000] {dag.py:3328} INFO - Setting next_dagrun for example_trigger_target_dag to None, run_after=None
[2022-10-06T00:43:12.739+0000] {processor.py:178} INFO - Processing /home/airflow/.local/lib/python3.7/site-packages/airflow/example_dags/example_trigger_target_dag.py took 0.076 seconds
[2022-10-06T00:43:43.687+0000] {processor.py:156} INFO - Started process (PID=677) to work on /home/airflow/.local/lib/python3.7/site-packages/airflow/example_dags/example_trigger_target_dag.py
[2022-10-06T00:43:43.688+0000] {processor.py:758} INFO - Processing file /home/airflow/.local/lib/python3.7/site-packages/airflow/example_dags/example_trigger_target_dag.py for tasks to queue
[2022-10-06T00:43:43.688+0000] {logging_mixin.py:117} INFO - [2022-10-06T00:43:43.688+0000] {dagbag.py:525} INFO - Filling up the DagBag from /home/airflow/.local/lib/python3.7/site-packages/airflow/example_dags/example_trigger_target_dag.py
[2022-10-06T00:43:43.701+0000] {processor.py:768} INFO - DAG(s) dict_keys(['example_trigger_target_dag']) retrieved from /home/airflow/.local/lib/python3.7/site-packages/airflow/example_dags/example_trigger_target_dag.py
[2022-10-06T00:43:43.730+0000] {logging_mixin.py:117} INFO - [2022-10-06T00:43:43.730+0000] {dag.py:2573} INFO - Sync 1 DAGs
[2022-10-06T00:43:43.747+0000] {logging_mixin.py:117} INFO - [2022-10-06T00:43:43.747+0000] {dag.py:3328} INFO - Setting next_dagrun for example_trigger_target_dag to None, run_after=None
[2022-10-06T00:43:43.759+0000] {processor.py:178} INFO - Processing /home/airflow/.local/lib/python3.7/site-packages/airflow/example_dags/example_trigger_target_dag.py took 0.074 seconds
[2022-10-06T00:44:14.729+0000] {processor.py:156} INFO - Started process (PID=741) to work on /home/airflow/.local/lib/python3.7/site-packages/airflow/example_dags/example_trigger_target_dag.py
[2022-10-06T00:44:14.729+0000] {processor.py:758} INFO - Processing file /home/airflow/.local/lib/python3.7/site-packages/airflow/example_dags/example_trigger_target_dag.py for tasks to queue
[2022-10-06T00:44:14.729+0000] {logging_mixin.py:117} INFO - [2022-10-06T00:44:14.729+0000] {dagbag.py:525} INFO - Filling up the DagBag from /home/airflow/.local/lib/python3.7/site-packages/airflow/example_dags/example_trigger_target_dag.py
[2022-10-06T00:44:14.743+0000] {processor.py:768} INFO - DAG(s) dict_keys(['example_trigger_target_dag']) retrieved from /home/airflow/.local/lib/python3.7/site-packages/airflow/example_dags/example_trigger_target_dag.py
[2022-10-06T00:44:14.768+0000] {logging_mixin.py:117} INFO - [2022-10-06T00:44:14.768+0000] {dag.py:2573} INFO - Sync 1 DAGs
[2022-10-06T00:44:14.785+0000] {logging_mixin.py:117} INFO - [2022-10-06T00:44:14.785+0000] {dag.py:3328} INFO - Setting next_dagrun for example_trigger_target_dag to None, run_after=None
[2022-10-06T00:44:14.799+0000] {processor.py:178} INFO - Processing /home/airflow/.local/lib/python3.7/site-packages/airflow/example_dags/example_trigger_target_dag.py took 0.072 seconds
[2022-10-06T00:44:45.578+0000] {processor.py:156} INFO - Started process (PID=805) to work on /home/airflow/.local/lib/python3.7/site-packages/airflow/example_dags/example_trigger_target_dag.py
[2022-10-06T00:44:45.578+0000] {processor.py:758} INFO - Processing file /home/airflow/.local/lib/python3.7/site-packages/airflow/example_dags/example_trigger_target_dag.py for tasks to queue
[2022-10-06T00:44:45.579+0000] {logging_mixin.py:117} INFO - [2022-10-06T00:44:45.578+0000] {dagbag.py:525} INFO - Filling up the DagBag from /home/airflow/.local/lib/python3.7/site-packages/airflow/example_dags/example_trigger_target_dag.py
[2022-10-06T00:44:45.595+0000] {processor.py:768} INFO - DAG(s) dict_keys(['example_trigger_target_dag']) retrieved from /home/airflow/.local/lib/python3.7/site-packages/airflow/example_dags/example_trigger_target_dag.py
[2022-10-06T00:44:45.620+0000] {logging_mixin.py:117} INFO - [2022-10-06T00:44:45.620+0000] {dag.py:2573} INFO - Sync 1 DAGs
[2022-10-06T00:44:45.639+0000] {logging_mixin.py:117} INFO - [2022-10-06T00:44:45.638+0000] {dag.py:3328} INFO - Setting next_dagrun for example_trigger_target_dag to None, run_after=None
[2022-10-06T00:44:45.653+0000] {processor.py:178} INFO - Processing /home/airflow/.local/lib/python3.7/site-packages/airflow/example_dags/example_trigger_target_dag.py took 0.078 seconds
[2022-10-06T00:45:16.567+0000] {processor.py:156} INFO - Started process (PID=869) to work on /home/airflow/.local/lib/python3.7/site-packages/airflow/example_dags/example_trigger_target_dag.py
[2022-10-06T00:45:16.568+0000] {processor.py:758} INFO - Processing file /home/airflow/.local/lib/python3.7/site-packages/airflow/example_dags/example_trigger_target_dag.py for tasks to queue
[2022-10-06T00:45:16.568+0000] {logging_mixin.py:117} INFO - [2022-10-06T00:45:16.568+0000] {dagbag.py:525} INFO - Filling up the DagBag from /home/airflow/.local/lib/python3.7/site-packages/airflow/example_dags/example_trigger_target_dag.py
[2022-10-06T00:45:16.583+0000] {processor.py:768} INFO - DAG(s) dict_keys(['example_trigger_target_dag']) retrieved from /home/airflow/.local/lib/python3.7/site-packages/airflow/example_dags/example_trigger_target_dag.py
[2022-10-06T00:45:16.608+0000] {logging_mixin.py:117} INFO - [2022-10-06T00:45:16.608+0000] {dag.py:2573} INFO - Sync 1 DAGs
[2022-10-06T00:45:16.626+0000] {logging_mixin.py:117} INFO - [2022-10-06T00:45:16.625+0000] {dag.py:3328} INFO - Setting next_dagrun for example_trigger_target_dag to None, run_after=None
[2022-10-06T00:45:16.638+0000] {processor.py:178} INFO - Processing /home/airflow/.local/lib/python3.7/site-packages/airflow/example_dags/example_trigger_target_dag.py took 0.072 seconds
[2022-10-06T00:45:47.300+0000] {processor.py:156} INFO - Started process (PID=924) to work on /home/airflow/.local/lib/python3.7/site-packages/airflow/example_dags/example_trigger_target_dag.py
[2022-10-06T00:45:47.300+0000] {processor.py:758} INFO - Processing file /home/airflow/.local/lib/python3.7/site-packages/airflow/example_dags/example_trigger_target_dag.py for tasks to queue
[2022-10-06T00:45:47.301+0000] {logging_mixin.py:117} INFO - [2022-10-06T00:45:47.301+0000] {dagbag.py:525} INFO - Filling up the DagBag from /home/airflow/.local/lib/python3.7/site-packages/airflow/example_dags/example_trigger_target_dag.py
[2022-10-06T00:45:47.316+0000] {processor.py:768} INFO - DAG(s) dict_keys(['example_trigger_target_dag']) retrieved from /home/airflow/.local/lib/python3.7/site-packages/airflow/example_dags/example_trigger_target_dag.py
[2022-10-06T00:45:47.342+0000] {logging_mixin.py:117} INFO - [2022-10-06T00:45:47.342+0000] {dag.py:2573} INFO - Sync 1 DAGs
[2022-10-06T00:45:47.361+0000] {logging_mixin.py:117} INFO - [2022-10-06T00:45:47.361+0000] {dag.py:3328} INFO - Setting next_dagrun for example_trigger_target_dag to None, run_after=None
[2022-10-06T00:45:47.377+0000] {processor.py:178} INFO - Processing /home/airflow/.local/lib/python3.7/site-packages/airflow/example_dags/example_trigger_target_dag.py took 0.079 seconds
[2022-10-06T00:46:18.205+0000] {processor.py:156} INFO - Started process (PID=988) to work on /home/airflow/.local/lib/python3.7/site-packages/airflow/example_dags/example_trigger_target_dag.py
[2022-10-06T00:46:18.205+0000] {processor.py:758} INFO - Processing file /home/airflow/.local/lib/python3.7/site-packages/airflow/example_dags/example_trigger_target_dag.py for tasks to queue
[2022-10-06T00:46:18.206+0000] {logging_mixin.py:117} INFO - [2022-10-06T00:46:18.206+0000] {dagbag.py:525} INFO - Filling up the DagBag from /home/airflow/.local/lib/python3.7/site-packages/airflow/example_dags/example_trigger_target_dag.py
[2022-10-06T00:46:18.221+0000] {processor.py:768} INFO - DAG(s) dict_keys(['example_trigger_target_dag']) retrieved from /home/airflow/.local/lib/python3.7/site-packages/airflow/example_dags/example_trigger_target_dag.py
[2022-10-06T00:46:18.245+0000] {logging_mixin.py:117} INFO - [2022-10-06T00:46:18.245+0000] {dag.py:2573} INFO - Sync 1 DAGs
[2022-10-06T00:46:18.262+0000] {logging_mixin.py:117} INFO - [2022-10-06T00:46:18.262+0000] {dag.py:3328} INFO - Setting next_dagrun for example_trigger_target_dag to None, run_after=None
[2022-10-06T00:46:18.274+0000] {processor.py:178} INFO - Processing /home/airflow/.local/lib/python3.7/site-packages/airflow/example_dags/example_trigger_target_dag.py took 0.071 seconds
[2022-10-06T00:46:48.987+0000] {processor.py:156} INFO - Started process (PID=1052) to work on /home/airflow/.local/lib/python3.7/site-packages/airflow/example_dags/example_trigger_target_dag.py
[2022-10-06T00:46:48.988+0000] {processor.py:758} INFO - Processing file /home/airflow/.local/lib/python3.7/site-packages/airflow/example_dags/example_trigger_target_dag.py for tasks to queue
[2022-10-06T00:46:48.988+0000] {logging_mixin.py:117} INFO - [2022-10-06T00:46:48.988+0000] {dagbag.py:525} INFO - Filling up the DagBag from /home/airflow/.local/lib/python3.7/site-packages/airflow/example_dags/example_trigger_target_dag.py
[2022-10-06T00:46:49.003+0000] {processor.py:768} INFO - DAG(s) dict_keys(['example_trigger_target_dag']) retrieved from /home/airflow/.local/lib/python3.7/site-packages/airflow/example_dags/example_trigger_target_dag.py
[2022-10-06T00:46:49.028+0000] {logging_mixin.py:117} INFO - [2022-10-06T00:46:49.028+0000] {dag.py:2573} INFO - Sync 1 DAGs
[2022-10-06T00:46:49.046+0000] {logging_mixin.py:117} INFO - [2022-10-06T00:46:49.046+0000] {dag.py:3328} INFO - Setting next_dagrun for example_trigger_target_dag to None, run_after=None
[2022-10-06T00:46:49.059+0000] {processor.py:178} INFO - Processing /home/airflow/.local/lib/python3.7/site-packages/airflow/example_dags/example_trigger_target_dag.py took 0.074 seconds
[2022-10-06T00:47:19.952+0000] {processor.py:156} INFO - Started process (PID=1115) to work on /home/airflow/.local/lib/python3.7/site-packages/airflow/example_dags/example_trigger_target_dag.py
[2022-10-06T00:47:19.952+0000] {processor.py:758} INFO - Processing file /home/airflow/.local/lib/python3.7/site-packages/airflow/example_dags/example_trigger_target_dag.py for tasks to queue
[2022-10-06T00:47:19.953+0000] {logging_mixin.py:117} INFO - [2022-10-06T00:47:19.953+0000] {dagbag.py:525} INFO - Filling up the DagBag from /home/airflow/.local/lib/python3.7/site-packages/airflow/example_dags/example_trigger_target_dag.py
[2022-10-06T00:47:19.967+0000] {processor.py:768} INFO - DAG(s) dict_keys(['example_trigger_target_dag']) retrieved from /home/airflow/.local/lib/python3.7/site-packages/airflow/example_dags/example_trigger_target_dag.py
[2022-10-06T00:47:19.992+0000] {logging_mixin.py:117} INFO - [2022-10-06T00:47:19.992+0000] {dag.py:2573} INFO - Sync 1 DAGs
[2022-10-06T00:47:20.010+0000] {logging_mixin.py:117} INFO - [2022-10-06T00:47:20.010+0000] {dag.py:3328} INFO - Setting next_dagrun for example_trigger_target_dag to None, run_after=None
[2022-10-06T00:47:20.023+0000] {processor.py:178} INFO - Processing /home/airflow/.local/lib/python3.7/site-packages/airflow/example_dags/example_trigger_target_dag.py took 0.073 seconds
[2022-10-06T00:47:51.039+0000] {processor.py:156} INFO - Started process (PID=1170) to work on /home/airflow/.local/lib/python3.7/site-packages/airflow/example_dags/example_trigger_target_dag.py
[2022-10-06T00:47:51.039+0000] {processor.py:758} INFO - Processing file /home/airflow/.local/lib/python3.7/site-packages/airflow/example_dags/example_trigger_target_dag.py for tasks to queue
[2022-10-06T00:47:51.040+0000] {logging_mixin.py:117} INFO - [2022-10-06T00:47:51.039+0000] {dagbag.py:525} INFO - Filling up the DagBag from /home/airflow/.local/lib/python3.7/site-packages/airflow/example_dags/example_trigger_target_dag.py
[2022-10-06T00:47:51.054+0000] {processor.py:768} INFO - DAG(s) dict_keys(['example_trigger_target_dag']) retrieved from /home/airflow/.local/lib/python3.7/site-packages/airflow/example_dags/example_trigger_target_dag.py
[2022-10-06T00:47:51.122+0000] {logging_mixin.py:117} INFO - [2022-10-06T00:47:51.122+0000] {dag.py:2573} INFO - Sync 1 DAGs
[2022-10-06T00:47:51.143+0000] {logging_mixin.py:117} INFO - [2022-10-06T00:47:51.143+0000] {dag.py:3328} INFO - Setting next_dagrun for example_trigger_target_dag to None, run_after=None
[2022-10-06T00:47:51.158+0000] {processor.py:178} INFO - Processing /home/airflow/.local/lib/python3.7/site-packages/airflow/example_dags/example_trigger_target_dag.py took 0.121 seconds
[2022-10-06T00:48:21.272+0000] {processor.py:156} INFO - Started process (PID=1235) to work on /home/airflow/.local/lib/python3.7/site-packages/airflow/example_dags/example_trigger_target_dag.py
[2022-10-06T00:48:21.273+0000] {processor.py:758} INFO - Processing file /home/airflow/.local/lib/python3.7/site-packages/airflow/example_dags/example_trigger_target_dag.py for tasks to queue
[2022-10-06T00:48:21.273+0000] {logging_mixin.py:117} INFO - [2022-10-06T00:48:21.273+0000] {dagbag.py:525} INFO - Filling up the DagBag from /home/airflow/.local/lib/python3.7/site-packages/airflow/example_dags/example_trigger_target_dag.py
[2022-10-06T00:48:21.287+0000] {processor.py:768} INFO - DAG(s) dict_keys(['example_trigger_target_dag']) retrieved from /home/airflow/.local/lib/python3.7/site-packages/airflow/example_dags/example_trigger_target_dag.py
[2022-10-06T00:48:21.311+0000] {logging_mixin.py:117} INFO - [2022-10-06T00:48:21.310+0000] {dag.py:2573} INFO - Sync 1 DAGs
[2022-10-06T00:48:21.327+0000] {logging_mixin.py:117} INFO - [2022-10-06T00:48:21.327+0000] {dag.py:3328} INFO - Setting next_dagrun for example_trigger_target_dag to None, run_after=None
[2022-10-06T00:48:21.339+0000] {processor.py:178} INFO - Processing /home/airflow/.local/lib/python3.7/site-packages/airflow/example_dags/example_trigger_target_dag.py took 0.068 seconds
[2022-10-06T00:48:51.635+0000] {processor.py:156} INFO - Started process (PID=1299) to work on /home/airflow/.local/lib/python3.7/site-packages/airflow/example_dags/example_trigger_target_dag.py
[2022-10-06T00:48:51.636+0000] {processor.py:758} INFO - Processing file /home/airflow/.local/lib/python3.7/site-packages/airflow/example_dags/example_trigger_target_dag.py for tasks to queue
[2022-10-06T00:48:51.636+0000] {logging_mixin.py:117} INFO - [2022-10-06T00:48:51.636+0000] {dagbag.py:525} INFO - Filling up the DagBag from /home/airflow/.local/lib/python3.7/site-packages/airflow/example_dags/example_trigger_target_dag.py
[2022-10-06T00:48:51.654+0000] {processor.py:768} INFO - DAG(s) dict_keys(['example_trigger_target_dag']) retrieved from /home/airflow/.local/lib/python3.7/site-packages/airflow/example_dags/example_trigger_target_dag.py
[2022-10-06T00:48:51.678+0000] {logging_mixin.py:117} INFO - [2022-10-06T00:48:51.678+0000] {dag.py:2573} INFO - Sync 1 DAGs
[2022-10-06T00:48:51.699+0000] {logging_mixin.py:117} INFO - [2022-10-06T00:48:51.699+0000] {dag.py:3328} INFO - Setting next_dagrun for example_trigger_target_dag to None, run_after=None
[2022-10-06T00:48:51.715+0000] {processor.py:178} INFO - Processing /home/airflow/.local/lib/python3.7/site-packages/airflow/example_dags/example_trigger_target_dag.py took 0.081 seconds
[2022-10-06T00:49:22.773+0000] {processor.py:156} INFO - Started process (PID=1364) to work on /home/airflow/.local/lib/python3.7/site-packages/airflow/example_dags/example_trigger_target_dag.py
[2022-10-06T00:49:22.773+0000] {processor.py:758} INFO - Processing file /home/airflow/.local/lib/python3.7/site-packages/airflow/example_dags/example_trigger_target_dag.py for tasks to queue
[2022-10-06T00:49:22.773+0000] {logging_mixin.py:117} INFO - [2022-10-06T00:49:22.773+0000] {dagbag.py:525} INFO - Filling up the DagBag from /home/airflow/.local/lib/python3.7/site-packages/airflow/example_dags/example_trigger_target_dag.py
[2022-10-06T00:49:22.787+0000] {processor.py:768} INFO - DAG(s) dict_keys(['example_trigger_target_dag']) retrieved from /home/airflow/.local/lib/python3.7/site-packages/airflow/example_dags/example_trigger_target_dag.py
[2022-10-06T00:49:22.824+0000] {logging_mixin.py:117} INFO - [2022-10-06T00:49:22.824+0000] {dag.py:2573} INFO - Sync 1 DAGs
[2022-10-06T00:49:22.856+0000] {logging_mixin.py:117} INFO - [2022-10-06T00:49:22.855+0000] {dag.py:3328} INFO - Setting next_dagrun for example_trigger_target_dag to None, run_after=None
[2022-10-06T00:49:22.875+0000] {processor.py:178} INFO - Processing /home/airflow/.local/lib/python3.7/site-packages/airflow/example_dags/example_trigger_target_dag.py took 0.104 seconds
