[2022-10-06T00:38:35.922+0000] {processor.py:156} INFO - Started process (PID=56) to work on /home/airflow/.local/lib/python3.7/site-packages/airflow/example_dags/example_latest_only.py
[2022-10-06T00:38:35.923+0000] {processor.py:758} INFO - Processing file /home/airflow/.local/lib/python3.7/site-packages/airflow/example_dags/example_latest_only.py for tasks to queue
[2022-10-06T00:38:35.923+0000] {logging_mixin.py:117} INFO - [2022-10-06T00:38:35.923+0000] {dagbag.py:525} INFO - Filling up the DagBag from /home/airflow/.local/lib/python3.7/site-packages/airflow/example_dags/example_latest_only.py
[2022-10-06T00:38:35.934+0000] {processor.py:768} INFO - DAG(s) dict_keys(['latest_only']) retrieved from /home/airflow/.local/lib/python3.7/site-packages/airflow/example_dags/example_latest_only.py
[2022-10-06T00:38:36.109+0000] {logging_mixin.py:117} INFO - [2022-10-06T00:38:36.109+0000] {dag.py:2573} INFO - Sync 1 DAGs
[2022-10-06T00:38:36.152+0000] {logging_mixin.py:117} INFO - [2022-10-06T00:38:36.151+0000] {dag.py:3328} INFO - Setting next_dagrun for latest_only to 2022-10-05T20:38:36.150424+00:00, run_after=2022-10-06T00:38:36.150424+00:00
[2022-10-06T00:38:36.189+0000] {processor.py:178} INFO - Processing /home/airflow/.local/lib/python3.7/site-packages/airflow/example_dags/example_latest_only.py took 0.268 seconds
[2022-10-06T00:39:06.648+0000] {processor.py:156} INFO - Started process (PID=120) to work on /home/airflow/.local/lib/python3.7/site-packages/airflow/example_dags/example_latest_only.py
[2022-10-06T00:39:06.649+0000] {processor.py:758} INFO - Processing file /home/airflow/.local/lib/python3.7/site-packages/airflow/example_dags/example_latest_only.py for tasks to queue
[2022-10-06T00:39:06.649+0000] {logging_mixin.py:117} INFO - [2022-10-06T00:39:06.649+0000] {dagbag.py:525} INFO - Filling up the DagBag from /home/airflow/.local/lib/python3.7/site-packages/airflow/example_dags/example_latest_only.py
[2022-10-06T00:39:06.658+0000] {processor.py:768} INFO - DAG(s) dict_keys(['latest_only']) retrieved from /home/airflow/.local/lib/python3.7/site-packages/airflow/example_dags/example_latest_only.py
[2022-10-06T00:39:06.755+0000] {logging_mixin.py:117} INFO - [2022-10-06T00:39:06.755+0000] {dag.py:2573} INFO - Sync 1 DAGs
[2022-10-06T00:39:06.771+0000] {logging_mixin.py:117} INFO - [2022-10-06T00:39:06.771+0000] {dag.py:3328} INFO - Setting next_dagrun for latest_only to 2022-10-05T20:39:06.770919+00:00, run_after=2022-10-06T00:39:06.770919+00:00
[2022-10-06T00:39:06.783+0000] {processor.py:178} INFO - Processing /home/airflow/.local/lib/python3.7/site-packages/airflow/example_dags/example_latest_only.py took 0.136 seconds
[2022-10-06T00:39:37.488+0000] {processor.py:156} INFO - Started process (PID=185) to work on /home/airflow/.local/lib/python3.7/site-packages/airflow/example_dags/example_latest_only.py
[2022-10-06T00:39:37.489+0000] {processor.py:758} INFO - Processing file /home/airflow/.local/lib/python3.7/site-packages/airflow/example_dags/example_latest_only.py for tasks to queue
[2022-10-06T00:39:37.489+0000] {logging_mixin.py:117} INFO - [2022-10-06T00:39:37.489+0000] {dagbag.py:525} INFO - Filling up the DagBag from /home/airflow/.local/lib/python3.7/site-packages/airflow/example_dags/example_latest_only.py
[2022-10-06T00:39:37.607+0000] {processor.py:768} INFO - DAG(s) dict_keys(['latest_only']) retrieved from /home/airflow/.local/lib/python3.7/site-packages/airflow/example_dags/example_latest_only.py
[2022-10-06T00:39:37.632+0000] {logging_mixin.py:117} INFO - [2022-10-06T00:39:37.632+0000] {dag.py:2573} INFO - Sync 1 DAGs
[2022-10-06T00:39:37.651+0000] {logging_mixin.py:117} INFO - [2022-10-06T00:39:37.650+0000] {dag.py:3328} INFO - Setting next_dagrun for latest_only to 2022-10-05T20:39:37.650764+00:00, run_after=2022-10-06T00:39:37.650764+00:00
[2022-10-06T00:39:37.664+0000] {processor.py:178} INFO - Processing /home/airflow/.local/lib/python3.7/site-packages/airflow/example_dags/example_latest_only.py took 0.177 seconds
[2022-10-06T00:40:08.286+0000] {processor.py:156} INFO - Started process (PID=249) to work on /home/airflow/.local/lib/python3.7/site-packages/airflow/example_dags/example_latest_only.py
[2022-10-06T00:40:08.286+0000] {processor.py:758} INFO - Processing file /home/airflow/.local/lib/python3.7/site-packages/airflow/example_dags/example_latest_only.py for tasks to queue
[2022-10-06T00:40:08.287+0000] {logging_mixin.py:117} INFO - [2022-10-06T00:40:08.287+0000] {dagbag.py:525} INFO - Filling up the DagBag from /home/airflow/.local/lib/python3.7/site-packages/airflow/example_dags/example_latest_only.py
[2022-10-06T00:40:08.296+0000] {processor.py:768} INFO - DAG(s) dict_keys(['latest_only']) retrieved from /home/airflow/.local/lib/python3.7/site-packages/airflow/example_dags/example_latest_only.py
[2022-10-06T00:40:08.322+0000] {logging_mixin.py:117} INFO - [2022-10-06T00:40:08.322+0000] {dag.py:2573} INFO - Sync 1 DAGs
[2022-10-06T00:40:08.340+0000] {logging_mixin.py:117} INFO - [2022-10-06T00:40:08.340+0000] {dag.py:3328} INFO - Setting next_dagrun for latest_only to 2022-10-05T20:40:08.339890+00:00, run_after=2022-10-06T00:40:08.339890+00:00
[2022-10-06T00:40:08.353+0000] {processor.py:178} INFO - Processing /home/airflow/.local/lib/python3.7/site-packages/airflow/example_dags/example_latest_only.py took 0.069 seconds
[2022-10-06T00:40:39.180+0000] {processor.py:156} INFO - Started process (PID=304) to work on /home/airflow/.local/lib/python3.7/site-packages/airflow/example_dags/example_latest_only.py
[2022-10-06T00:40:39.181+0000] {processor.py:758} INFO - Processing file /home/airflow/.local/lib/python3.7/site-packages/airflow/example_dags/example_latest_only.py for tasks to queue
[2022-10-06T00:40:39.181+0000] {logging_mixin.py:117} INFO - [2022-10-06T00:40:39.181+0000] {dagbag.py:525} INFO - Filling up the DagBag from /home/airflow/.local/lib/python3.7/site-packages/airflow/example_dags/example_latest_only.py
[2022-10-06T00:40:39.189+0000] {processor.py:768} INFO - DAG(s) dict_keys(['latest_only']) retrieved from /home/airflow/.local/lib/python3.7/site-packages/airflow/example_dags/example_latest_only.py
[2022-10-06T00:40:39.216+0000] {logging_mixin.py:117} INFO - [2022-10-06T00:40:39.216+0000] {dag.py:2573} INFO - Sync 1 DAGs
[2022-10-06T00:40:39.234+0000] {logging_mixin.py:117} INFO - [2022-10-06T00:40:39.234+0000] {dag.py:3328} INFO - Setting next_dagrun for latest_only to 2022-10-05T20:40:39.234225+00:00, run_after=2022-10-06T00:40:39.234225+00:00
[2022-10-06T00:40:39.248+0000] {processor.py:178} INFO - Processing /home/airflow/.local/lib/python3.7/site-packages/airflow/example_dags/example_latest_only.py took 0.069 seconds
[2022-10-06T00:41:09.378+0000] {processor.py:156} INFO - Started process (PID=368) to work on /home/airflow/.local/lib/python3.7/site-packages/airflow/example_dags/example_latest_only.py
[2022-10-06T00:41:09.379+0000] {processor.py:758} INFO - Processing file /home/airflow/.local/lib/python3.7/site-packages/airflow/example_dags/example_latest_only.py for tasks to queue
[2022-10-06T00:41:09.379+0000] {logging_mixin.py:117} INFO - [2022-10-06T00:41:09.379+0000] {dagbag.py:525} INFO - Filling up the DagBag from /home/airflow/.local/lib/python3.7/site-packages/airflow/example_dags/example_latest_only.py
[2022-10-06T00:41:09.388+0000] {processor.py:768} INFO - DAG(s) dict_keys(['latest_only']) retrieved from /home/airflow/.local/lib/python3.7/site-packages/airflow/example_dags/example_latest_only.py
[2022-10-06T00:41:09.419+0000] {logging_mixin.py:117} INFO - [2022-10-06T00:41:09.419+0000] {dag.py:2573} INFO - Sync 1 DAGs
[2022-10-06T00:41:09.441+0000] {logging_mixin.py:117} INFO - [2022-10-06T00:41:09.441+0000] {dag.py:3328} INFO - Setting next_dagrun for latest_only to 2022-10-05T20:41:09.440817+00:00, run_after=2022-10-06T00:41:09.440817+00:00
[2022-10-06T00:41:09.458+0000] {processor.py:178} INFO - Processing /home/airflow/.local/lib/python3.7/site-packages/airflow/example_dags/example_latest_only.py took 0.082 seconds
[2022-10-06T00:41:40.388+0000] {processor.py:156} INFO - Started process (PID=432) to work on /home/airflow/.local/lib/python3.7/site-packages/airflow/example_dags/example_latest_only.py
[2022-10-06T00:41:40.389+0000] {processor.py:758} INFO - Processing file /home/airflow/.local/lib/python3.7/site-packages/airflow/example_dags/example_latest_only.py for tasks to queue
[2022-10-06T00:41:40.389+0000] {logging_mixin.py:117} INFO - [2022-10-06T00:41:40.389+0000] {dagbag.py:525} INFO - Filling up the DagBag from /home/airflow/.local/lib/python3.7/site-packages/airflow/example_dags/example_latest_only.py
[2022-10-06T00:41:40.397+0000] {processor.py:768} INFO - DAG(s) dict_keys(['latest_only']) retrieved from /home/airflow/.local/lib/python3.7/site-packages/airflow/example_dags/example_latest_only.py
[2022-10-06T00:41:40.422+0000] {logging_mixin.py:117} INFO - [2022-10-06T00:41:40.421+0000] {dag.py:2573} INFO - Sync 1 DAGs
[2022-10-06T00:41:40.439+0000] {logging_mixin.py:117} INFO - [2022-10-06T00:41:40.439+0000] {dag.py:3328} INFO - Setting next_dagrun for latest_only to 2022-10-05T20:41:40.439376+00:00, run_after=2022-10-06T00:41:40.439376+00:00
[2022-10-06T00:41:40.451+0000] {processor.py:178} INFO - Processing /home/airflow/.local/lib/python3.7/site-packages/airflow/example_dags/example_latest_only.py took 0.065 seconds
[2022-10-06T00:42:11.519+0000] {processor.py:156} INFO - Started process (PID=496) to work on /home/airflow/.local/lib/python3.7/site-packages/airflow/example_dags/example_latest_only.py
[2022-10-06T00:42:11.519+0000] {processor.py:758} INFO - Processing file /home/airflow/.local/lib/python3.7/site-packages/airflow/example_dags/example_latest_only.py for tasks to queue
[2022-10-06T00:42:11.520+0000] {logging_mixin.py:117} INFO - [2022-10-06T00:42:11.520+0000] {dagbag.py:525} INFO - Filling up the DagBag from /home/airflow/.local/lib/python3.7/site-packages/airflow/example_dags/example_latest_only.py
[2022-10-06T00:42:11.531+0000] {processor.py:768} INFO - DAG(s) dict_keys(['latest_only']) retrieved from /home/airflow/.local/lib/python3.7/site-packages/airflow/example_dags/example_latest_only.py
[2022-10-06T00:42:11.607+0000] {logging_mixin.py:117} INFO - [2022-10-06T00:42:11.607+0000] {dag.py:2573} INFO - Sync 1 DAGs
[2022-10-06T00:42:11.642+0000] {logging_mixin.py:117} INFO - [2022-10-06T00:42:11.642+0000] {dag.py:3328} INFO - Setting next_dagrun for latest_only to 2022-10-05T20:42:11.642076+00:00, run_after=2022-10-06T00:42:11.642076+00:00
[2022-10-06T00:42:11.664+0000] {processor.py:178} INFO - Processing /home/airflow/.local/lib/python3.7/site-packages/airflow/example_dags/example_latest_only.py took 0.148 seconds
[2022-10-06T00:42:41.820+0000] {processor.py:156} INFO - Started process (PID=551) to work on /home/airflow/.local/lib/python3.7/site-packages/airflow/example_dags/example_latest_only.py
[2022-10-06T00:42:41.821+0000] {processor.py:758} INFO - Processing file /home/airflow/.local/lib/python3.7/site-packages/airflow/example_dags/example_latest_only.py for tasks to queue
[2022-10-06T00:42:41.821+0000] {logging_mixin.py:117} INFO - [2022-10-06T00:42:41.821+0000] {dagbag.py:525} INFO - Filling up the DagBag from /home/airflow/.local/lib/python3.7/site-packages/airflow/example_dags/example_latest_only.py
[2022-10-06T00:42:41.829+0000] {processor.py:768} INFO - DAG(s) dict_keys(['latest_only']) retrieved from /home/airflow/.local/lib/python3.7/site-packages/airflow/example_dags/example_latest_only.py
[2022-10-06T00:42:41.856+0000] {logging_mixin.py:117} INFO - [2022-10-06T00:42:41.856+0000] {dag.py:2573} INFO - Sync 1 DAGs
[2022-10-06T00:42:41.874+0000] {logging_mixin.py:117} INFO - [2022-10-06T00:42:41.874+0000] {dag.py:3328} INFO - Setting next_dagrun for latest_only to 2022-10-05T20:42:41.874287+00:00, run_after=2022-10-06T00:42:41.874287+00:00
[2022-10-06T00:42:41.888+0000] {processor.py:178} INFO - Processing /home/airflow/.local/lib/python3.7/site-packages/airflow/example_dags/example_latest_only.py took 0.069 seconds
[2022-10-06T00:43:12.749+0000] {processor.py:156} INFO - Started process (PID=615) to work on /home/airflow/.local/lib/python3.7/site-packages/airflow/example_dags/example_latest_only.py
[2022-10-06T00:43:12.750+0000] {processor.py:758} INFO - Processing file /home/airflow/.local/lib/python3.7/site-packages/airflow/example_dags/example_latest_only.py for tasks to queue
[2022-10-06T00:43:12.750+0000] {logging_mixin.py:117} INFO - [2022-10-06T00:43:12.750+0000] {dagbag.py:525} INFO - Filling up the DagBag from /home/airflow/.local/lib/python3.7/site-packages/airflow/example_dags/example_latest_only.py
[2022-10-06T00:43:12.758+0000] {processor.py:768} INFO - DAG(s) dict_keys(['latest_only']) retrieved from /home/airflow/.local/lib/python3.7/site-packages/airflow/example_dags/example_latest_only.py
[2022-10-06T00:43:12.782+0000] {logging_mixin.py:117} INFO - [2022-10-06T00:43:12.782+0000] {dag.py:2573} INFO - Sync 1 DAGs
[2022-10-06T00:43:12.800+0000] {logging_mixin.py:117} INFO - [2022-10-06T00:43:12.800+0000] {dag.py:3328} INFO - Setting next_dagrun for latest_only to 2022-10-05T20:43:12.800427+00:00, run_after=2022-10-06T00:43:12.800427+00:00
[2022-10-06T00:43:12.814+0000] {processor.py:178} INFO - Processing /home/airflow/.local/lib/python3.7/site-packages/airflow/example_dags/example_latest_only.py took 0.067 seconds
[2022-10-06T00:43:43.825+0000] {processor.py:156} INFO - Started process (PID=679) to work on /home/airflow/.local/lib/python3.7/site-packages/airflow/example_dags/example_latest_only.py
[2022-10-06T00:43:43.826+0000] {processor.py:758} INFO - Processing file /home/airflow/.local/lib/python3.7/site-packages/airflow/example_dags/example_latest_only.py for tasks to queue
[2022-10-06T00:43:43.827+0000] {logging_mixin.py:117} INFO - [2022-10-06T00:43:43.826+0000] {dagbag.py:525} INFO - Filling up the DagBag from /home/airflow/.local/lib/python3.7/site-packages/airflow/example_dags/example_latest_only.py
[2022-10-06T00:43:43.836+0000] {processor.py:768} INFO - DAG(s) dict_keys(['latest_only']) retrieved from /home/airflow/.local/lib/python3.7/site-packages/airflow/example_dags/example_latest_only.py
[2022-10-06T00:43:43.860+0000] {logging_mixin.py:117} INFO - [2022-10-06T00:43:43.860+0000] {dag.py:2573} INFO - Sync 1 DAGs
[2022-10-06T00:43:43.879+0000] {logging_mixin.py:117} INFO - [2022-10-06T00:43:43.879+0000] {dag.py:3328} INFO - Setting next_dagrun for latest_only to 2022-10-05T20:43:43.878935+00:00, run_after=2022-10-06T00:43:43.878935+00:00
[2022-10-06T00:43:43.891+0000] {processor.py:178} INFO - Processing /home/airflow/.local/lib/python3.7/site-packages/airflow/example_dags/example_latest_only.py took 0.068 seconds
[2022-10-06T00:44:14.887+0000] {processor.py:156} INFO - Started process (PID=743) to work on /home/airflow/.local/lib/python3.7/site-packages/airflow/example_dags/example_latest_only.py
[2022-10-06T00:44:14.887+0000] {processor.py:758} INFO - Processing file /home/airflow/.local/lib/python3.7/site-packages/airflow/example_dags/example_latest_only.py for tasks to queue
[2022-10-06T00:44:14.888+0000] {logging_mixin.py:117} INFO - [2022-10-06T00:44:14.888+0000] {dagbag.py:525} INFO - Filling up the DagBag from /home/airflow/.local/lib/python3.7/site-packages/airflow/example_dags/example_latest_only.py
[2022-10-06T00:44:14.896+0000] {processor.py:768} INFO - DAG(s) dict_keys(['latest_only']) retrieved from /home/airflow/.local/lib/python3.7/site-packages/airflow/example_dags/example_latest_only.py
[2022-10-06T00:44:14.922+0000] {logging_mixin.py:117} INFO - [2022-10-06T00:44:14.922+0000] {dag.py:2573} INFO - Sync 1 DAGs
[2022-10-06T00:44:14.940+0000] {logging_mixin.py:117} INFO - [2022-10-06T00:44:14.940+0000] {dag.py:3328} INFO - Setting next_dagrun for latest_only to 2022-10-05T20:44:14.940148+00:00, run_after=2022-10-06T00:44:14.940148+00:00
[2022-10-06T00:44:14.952+0000] {processor.py:178} INFO - Processing /home/airflow/.local/lib/python3.7/site-packages/airflow/example_dags/example_latest_only.py took 0.067 seconds
[2022-10-06T00:44:45.665+0000] {processor.py:156} INFO - Started process (PID=807) to work on /home/airflow/.local/lib/python3.7/site-packages/airflow/example_dags/example_latest_only.py
[2022-10-06T00:44:45.665+0000] {processor.py:758} INFO - Processing file /home/airflow/.local/lib/python3.7/site-packages/airflow/example_dags/example_latest_only.py for tasks to queue
[2022-10-06T00:44:45.666+0000] {logging_mixin.py:117} INFO - [2022-10-06T00:44:45.665+0000] {dagbag.py:525} INFO - Filling up the DagBag from /home/airflow/.local/lib/python3.7/site-packages/airflow/example_dags/example_latest_only.py
[2022-10-06T00:44:45.674+0000] {processor.py:768} INFO - DAG(s) dict_keys(['latest_only']) retrieved from /home/airflow/.local/lib/python3.7/site-packages/airflow/example_dags/example_latest_only.py
[2022-10-06T00:44:45.702+0000] {logging_mixin.py:117} INFO - [2022-10-06T00:44:45.702+0000] {dag.py:2573} INFO - Sync 1 DAGs
[2022-10-06T00:44:45.719+0000] {logging_mixin.py:117} INFO - [2022-10-06T00:44:45.719+0000] {dag.py:3328} INFO - Setting next_dagrun for latest_only to 2022-10-05T20:44:45.719158+00:00, run_after=2022-10-06T00:44:45.719158+00:00
[2022-10-06T00:44:45.731+0000] {processor.py:178} INFO - Processing /home/airflow/.local/lib/python3.7/site-packages/airflow/example_dags/example_latest_only.py took 0.068 seconds
[2022-10-06T00:45:16.651+0000] {processor.py:156} INFO - Started process (PID=871) to work on /home/airflow/.local/lib/python3.7/site-packages/airflow/example_dags/example_latest_only.py
[2022-10-06T00:45:16.651+0000] {processor.py:758} INFO - Processing file /home/airflow/.local/lib/python3.7/site-packages/airflow/example_dags/example_latest_only.py for tasks to queue
[2022-10-06T00:45:16.651+0000] {logging_mixin.py:117} INFO - [2022-10-06T00:45:16.651+0000] {dagbag.py:525} INFO - Filling up the DagBag from /home/airflow/.local/lib/python3.7/site-packages/airflow/example_dags/example_latest_only.py
[2022-10-06T00:45:16.661+0000] {processor.py:768} INFO - DAG(s) dict_keys(['latest_only']) retrieved from /home/airflow/.local/lib/python3.7/site-packages/airflow/example_dags/example_latest_only.py
[2022-10-06T00:45:16.692+0000] {logging_mixin.py:117} INFO - [2022-10-06T00:45:16.691+0000] {dag.py:2573} INFO - Sync 1 DAGs
[2022-10-06T00:45:16.710+0000] {logging_mixin.py:117} INFO - [2022-10-06T00:45:16.710+0000] {dag.py:3328} INFO - Setting next_dagrun for latest_only to 2022-10-05T20:45:16.709991+00:00, run_after=2022-10-06T00:45:16.709991+00:00
[2022-10-06T00:45:16.724+0000] {processor.py:178} INFO - Processing /home/airflow/.local/lib/python3.7/site-packages/airflow/example_dags/example_latest_only.py took 0.075 seconds
[2022-10-06T00:45:47.389+0000] {processor.py:156} INFO - Started process (PID=926) to work on /home/airflow/.local/lib/python3.7/site-packages/airflow/example_dags/example_latest_only.py
[2022-10-06T00:45:47.390+0000] {processor.py:758} INFO - Processing file /home/airflow/.local/lib/python3.7/site-packages/airflow/example_dags/example_latest_only.py for tasks to queue
[2022-10-06T00:45:47.390+0000] {logging_mixin.py:117} INFO - [2022-10-06T00:45:47.390+0000] {dagbag.py:525} INFO - Filling up the DagBag from /home/airflow/.local/lib/python3.7/site-packages/airflow/example_dags/example_latest_only.py
[2022-10-06T00:45:47.399+0000] {processor.py:768} INFO - DAG(s) dict_keys(['latest_only']) retrieved from /home/airflow/.local/lib/python3.7/site-packages/airflow/example_dags/example_latest_only.py
[2022-10-06T00:45:47.425+0000] {logging_mixin.py:117} INFO - [2022-10-06T00:45:47.425+0000] {dag.py:2573} INFO - Sync 1 DAGs
[2022-10-06T00:45:47.444+0000] {logging_mixin.py:117} INFO - [2022-10-06T00:45:47.444+0000] {dag.py:3328} INFO - Setting next_dagrun for latest_only to 2022-10-05T20:45:47.444098+00:00, run_after=2022-10-06T00:45:47.444098+00:00
[2022-10-06T00:45:47.458+0000] {processor.py:178} INFO - Processing /home/airflow/.local/lib/python3.7/site-packages/airflow/example_dags/example_latest_only.py took 0.070 seconds
[2022-10-06T00:46:18.285+0000] {processor.py:156} INFO - Started process (PID=990) to work on /home/airflow/.local/lib/python3.7/site-packages/airflow/example_dags/example_latest_only.py
[2022-10-06T00:46:18.285+0000] {processor.py:758} INFO - Processing file /home/airflow/.local/lib/python3.7/site-packages/airflow/example_dags/example_latest_only.py for tasks to queue
[2022-10-06T00:46:18.286+0000] {logging_mixin.py:117} INFO - [2022-10-06T00:46:18.286+0000] {dagbag.py:525} INFO - Filling up the DagBag from /home/airflow/.local/lib/python3.7/site-packages/airflow/example_dags/example_latest_only.py
[2022-10-06T00:46:18.295+0000] {processor.py:768} INFO - DAG(s) dict_keys(['latest_only']) retrieved from /home/airflow/.local/lib/python3.7/site-packages/airflow/example_dags/example_latest_only.py
[2022-10-06T00:46:18.319+0000] {logging_mixin.py:117} INFO - [2022-10-06T00:46:18.319+0000] {dag.py:2573} INFO - Sync 1 DAGs
[2022-10-06T00:46:18.336+0000] {logging_mixin.py:117} INFO - [2022-10-06T00:46:18.336+0000] {dag.py:3328} INFO - Setting next_dagrun for latest_only to 2022-10-05T20:46:18.336031+00:00, run_after=2022-10-06T00:46:18.336031+00:00
[2022-10-06T00:46:18.348+0000] {processor.py:178} INFO - Processing /home/airflow/.local/lib/python3.7/site-packages/airflow/example_dags/example_latest_only.py took 0.065 seconds
[2022-10-06T00:46:49.070+0000] {processor.py:156} INFO - Started process (PID=1054) to work on /home/airflow/.local/lib/python3.7/site-packages/airflow/example_dags/example_latest_only.py
[2022-10-06T00:46:49.070+0000] {processor.py:758} INFO - Processing file /home/airflow/.local/lib/python3.7/site-packages/airflow/example_dags/example_latest_only.py for tasks to queue
[2022-10-06T00:46:49.071+0000] {logging_mixin.py:117} INFO - [2022-10-06T00:46:49.071+0000] {dagbag.py:525} INFO - Filling up the DagBag from /home/airflow/.local/lib/python3.7/site-packages/airflow/example_dags/example_latest_only.py
[2022-10-06T00:46:49.078+0000] {processor.py:768} INFO - DAG(s) dict_keys(['latest_only']) retrieved from /home/airflow/.local/lib/python3.7/site-packages/airflow/example_dags/example_latest_only.py
[2022-10-06T00:46:49.104+0000] {logging_mixin.py:117} INFO - [2022-10-06T00:46:49.104+0000] {dag.py:2573} INFO - Sync 1 DAGs
[2022-10-06T00:46:49.121+0000] {logging_mixin.py:117} INFO - [2022-10-06T00:46:49.121+0000] {dag.py:3328} INFO - Setting next_dagrun for latest_only to 2022-10-05T20:46:49.121217+00:00, run_after=2022-10-06T00:46:49.121217+00:00
[2022-10-06T00:46:49.134+0000] {processor.py:178} INFO - Processing /home/airflow/.local/lib/python3.7/site-packages/airflow/example_dags/example_latest_only.py took 0.065 seconds
[2022-10-06T00:47:20.040+0000] {processor.py:156} INFO - Started process (PID=1117) to work on /home/airflow/.local/lib/python3.7/site-packages/airflow/example_dags/example_latest_only.py
[2022-10-06T00:47:20.041+0000] {processor.py:758} INFO - Processing file /home/airflow/.local/lib/python3.7/site-packages/airflow/example_dags/example_latest_only.py for tasks to queue
[2022-10-06T00:47:20.041+0000] {logging_mixin.py:117} INFO - [2022-10-06T00:47:20.041+0000] {dagbag.py:525} INFO - Filling up the DagBag from /home/airflow/.local/lib/python3.7/site-packages/airflow/example_dags/example_latest_only.py
[2022-10-06T00:47:20.054+0000] {processor.py:768} INFO - DAG(s) dict_keys(['latest_only']) retrieved from /home/airflow/.local/lib/python3.7/site-packages/airflow/example_dags/example_latest_only.py
[2022-10-06T00:47:20.088+0000] {logging_mixin.py:117} INFO - [2022-10-06T00:47:20.087+0000] {dag.py:2573} INFO - Sync 1 DAGs
[2022-10-06T00:47:20.110+0000] {logging_mixin.py:117} INFO - [2022-10-06T00:47:20.110+0000] {dag.py:3328} INFO - Setting next_dagrun for latest_only to 2022-10-05T20:47:20.110162+00:00, run_after=2022-10-06T00:47:20.110162+00:00
[2022-10-06T00:47:20.127+0000] {processor.py:178} INFO - Processing /home/airflow/.local/lib/python3.7/site-packages/airflow/example_dags/example_latest_only.py took 0.089 seconds
[2022-10-06T00:47:51.171+0000] {processor.py:156} INFO - Started process (PID=1179) to work on /home/airflow/.local/lib/python3.7/site-packages/airflow/example_dags/example_latest_only.py
[2022-10-06T00:47:51.171+0000] {processor.py:758} INFO - Processing file /home/airflow/.local/lib/python3.7/site-packages/airflow/example_dags/example_latest_only.py for tasks to queue
[2022-10-06T00:47:51.172+0000] {logging_mixin.py:117} INFO - [2022-10-06T00:47:51.172+0000] {dagbag.py:525} INFO - Filling up the DagBag from /home/airflow/.local/lib/python3.7/site-packages/airflow/example_dags/example_latest_only.py
[2022-10-06T00:47:51.182+0000] {processor.py:768} INFO - DAG(s) dict_keys(['latest_only']) retrieved from /home/airflow/.local/lib/python3.7/site-packages/airflow/example_dags/example_latest_only.py
[2022-10-06T00:47:51.211+0000] {logging_mixin.py:117} INFO - [2022-10-06T00:47:51.211+0000] {dag.py:2573} INFO - Sync 1 DAGs
[2022-10-06T00:47:51.232+0000] {logging_mixin.py:117} INFO - [2022-10-06T00:47:51.232+0000] {dag.py:3328} INFO - Setting next_dagrun for latest_only to 2022-10-05T20:47:51.232273+00:00, run_after=2022-10-06T00:47:51.232273+00:00
[2022-10-06T00:47:51.245+0000] {processor.py:178} INFO - Processing /home/airflow/.local/lib/python3.7/site-packages/airflow/example_dags/example_latest_only.py took 0.076 seconds
[2022-10-06T00:48:21.352+0000] {processor.py:156} INFO - Started process (PID=1237) to work on /home/airflow/.local/lib/python3.7/site-packages/airflow/example_dags/example_latest_only.py
[2022-10-06T00:48:21.353+0000] {processor.py:758} INFO - Processing file /home/airflow/.local/lib/python3.7/site-packages/airflow/example_dags/example_latest_only.py for tasks to queue
[2022-10-06T00:48:21.353+0000] {logging_mixin.py:117} INFO - [2022-10-06T00:48:21.353+0000] {dagbag.py:525} INFO - Filling up the DagBag from /home/airflow/.local/lib/python3.7/site-packages/airflow/example_dags/example_latest_only.py
[2022-10-06T00:48:21.361+0000] {processor.py:768} INFO - DAG(s) dict_keys(['latest_only']) retrieved from /home/airflow/.local/lib/python3.7/site-packages/airflow/example_dags/example_latest_only.py
[2022-10-06T00:48:21.386+0000] {logging_mixin.py:117} INFO - [2022-10-06T00:48:21.386+0000] {dag.py:2573} INFO - Sync 1 DAGs
[2022-10-06T00:48:21.403+0000] {logging_mixin.py:117} INFO - [2022-10-06T00:48:21.403+0000] {dag.py:3328} INFO - Setting next_dagrun for latest_only to 2022-10-05T20:48:21.403015+00:00, run_after=2022-10-06T00:48:21.403015+00:00
[2022-10-06T00:48:21.416+0000] {processor.py:178} INFO - Processing /home/airflow/.local/lib/python3.7/site-packages/airflow/example_dags/example_latest_only.py took 0.065 seconds
[2022-10-06T00:48:51.728+0000] {processor.py:156} INFO - Started process (PID=1301) to work on /home/airflow/.local/lib/python3.7/site-packages/airflow/example_dags/example_latest_only.py
[2022-10-06T00:48:51.728+0000] {processor.py:758} INFO - Processing file /home/airflow/.local/lib/python3.7/site-packages/airflow/example_dags/example_latest_only.py for tasks to queue
[2022-10-06T00:48:51.729+0000] {logging_mixin.py:117} INFO - [2022-10-06T00:48:51.729+0000] {dagbag.py:525} INFO - Filling up the DagBag from /home/airflow/.local/lib/python3.7/site-packages/airflow/example_dags/example_latest_only.py
[2022-10-06T00:48:51.738+0000] {processor.py:768} INFO - DAG(s) dict_keys(['latest_only']) retrieved from /home/airflow/.local/lib/python3.7/site-packages/airflow/example_dags/example_latest_only.py
[2022-10-06T00:48:51.768+0000] {logging_mixin.py:117} INFO - [2022-10-06T00:48:51.768+0000] {dag.py:2573} INFO - Sync 1 DAGs
[2022-10-06T00:48:51.790+0000] {logging_mixin.py:117} INFO - [2022-10-06T00:48:51.790+0000] {dag.py:3328} INFO - Setting next_dagrun for latest_only to 2022-10-05T20:48:51.790199+00:00, run_after=2022-10-06T00:48:51.790199+00:00
[2022-10-06T00:48:51.804+0000] {processor.py:178} INFO - Processing /home/airflow/.local/lib/python3.7/site-packages/airflow/example_dags/example_latest_only.py took 0.078 seconds
[2022-10-06T00:49:22.890+0000] {processor.py:156} INFO - Started process (PID=1366) to work on /home/airflow/.local/lib/python3.7/site-packages/airflow/example_dags/example_latest_only.py
[2022-10-06T00:49:22.890+0000] {processor.py:758} INFO - Processing file /home/airflow/.local/lib/python3.7/site-packages/airflow/example_dags/example_latest_only.py for tasks to queue
[2022-10-06T00:49:22.891+0000] {logging_mixin.py:117} INFO - [2022-10-06T00:49:22.891+0000] {dagbag.py:525} INFO - Filling up the DagBag from /home/airflow/.local/lib/python3.7/site-packages/airflow/example_dags/example_latest_only.py
[2022-10-06T00:49:22.901+0000] {processor.py:768} INFO - DAG(s) dict_keys(['latest_only']) retrieved from /home/airflow/.local/lib/python3.7/site-packages/airflow/example_dags/example_latest_only.py
[2022-10-06T00:49:22.925+0000] {logging_mixin.py:117} INFO - [2022-10-06T00:49:22.925+0000] {dag.py:2573} INFO - Sync 1 DAGs
[2022-10-06T00:49:22.947+0000] {logging_mixin.py:117} INFO - [2022-10-06T00:49:22.946+0000] {dag.py:3328} INFO - Setting next_dagrun for latest_only to 2022-10-05T20:49:22.946656+00:00, run_after=2022-10-06T00:49:22.946656+00:00
[2022-10-06T00:49:22.962+0000] {processor.py:178} INFO - Processing /home/airflow/.local/lib/python3.7/site-packages/airflow/example_dags/example_latest_only.py took 0.075 seconds
[2022-10-06T23:51:07.965+0000] {processor.py:156} INFO - Started process (PID=57) to work on /home/airflow/.local/lib/python3.7/site-packages/airflow/example_dags/example_latest_only.py
[2022-10-06T23:51:07.965+0000] {processor.py:758} INFO - Processing file /home/airflow/.local/lib/python3.7/site-packages/airflow/example_dags/example_latest_only.py for tasks to queue
[2022-10-06T23:51:07.966+0000] {logging_mixin.py:117} INFO - [2022-10-06T23:51:07.966+0000] {dagbag.py:525} INFO - Filling up the DagBag from /home/airflow/.local/lib/python3.7/site-packages/airflow/example_dags/example_latest_only.py
[2022-10-06T23:51:07.975+0000] {processor.py:768} INFO - DAG(s) dict_keys(['latest_only']) retrieved from /home/airflow/.local/lib/python3.7/site-packages/airflow/example_dags/example_latest_only.py
[2022-10-06T23:51:07.993+0000] {logging_mixin.py:117} INFO - [2022-10-06T23:51:07.993+0000] {dag.py:2573} INFO - Sync 1 DAGs
[2022-10-06T23:51:08.019+0000] {logging_mixin.py:117} INFO - [2022-10-06T23:51:08.019+0000] {dag.py:3328} INFO - Setting next_dagrun for latest_only to 2022-10-06T19:51:08.018863+00:00, run_after=2022-10-06T23:51:08.018863+00:00
[2022-10-06T23:51:08.036+0000] {processor.py:178} INFO - Processing /home/airflow/.local/lib/python3.7/site-packages/airflow/example_dags/example_latest_only.py took 0.073 seconds
[2022-10-06T23:51:38.906+0000] {processor.py:156} INFO - Started process (PID=121) to work on /home/airflow/.local/lib/python3.7/site-packages/airflow/example_dags/example_latest_only.py
[2022-10-06T23:51:38.906+0000] {processor.py:758} INFO - Processing file /home/airflow/.local/lib/python3.7/site-packages/airflow/example_dags/example_latest_only.py for tasks to queue
[2022-10-06T23:51:38.907+0000] {logging_mixin.py:117} INFO - [2022-10-06T23:51:38.907+0000] {dagbag.py:525} INFO - Filling up the DagBag from /home/airflow/.local/lib/python3.7/site-packages/airflow/example_dags/example_latest_only.py
[2022-10-06T23:51:38.916+0000] {processor.py:768} INFO - DAG(s) dict_keys(['latest_only']) retrieved from /home/airflow/.local/lib/python3.7/site-packages/airflow/example_dags/example_latest_only.py
[2022-10-06T23:51:38.944+0000] {logging_mixin.py:117} INFO - [2022-10-06T23:51:38.943+0000] {dag.py:2573} INFO - Sync 1 DAGs
[2022-10-06T23:51:38.966+0000] {logging_mixin.py:117} INFO - [2022-10-06T23:51:38.966+0000] {dag.py:3328} INFO - Setting next_dagrun for latest_only to 2022-10-06T19:51:38.966032+00:00, run_after=2022-10-06T23:51:38.966032+00:00
[2022-10-06T23:51:38.982+0000] {processor.py:178} INFO - Processing /home/airflow/.local/lib/python3.7/site-packages/airflow/example_dags/example_latest_only.py took 0.077 seconds
[2022-10-06T23:52:09.201+0000] {processor.py:156} INFO - Started process (PID=186) to work on /home/airflow/.local/lib/python3.7/site-packages/airflow/example_dags/example_latest_only.py
[2022-10-06T23:52:09.202+0000] {processor.py:758} INFO - Processing file /home/airflow/.local/lib/python3.7/site-packages/airflow/example_dags/example_latest_only.py for tasks to queue
[2022-10-06T23:52:09.202+0000] {logging_mixin.py:117} INFO - [2022-10-06T23:52:09.202+0000] {dagbag.py:525} INFO - Filling up the DagBag from /home/airflow/.local/lib/python3.7/site-packages/airflow/example_dags/example_latest_only.py
[2022-10-06T23:52:09.211+0000] {processor.py:768} INFO - DAG(s) dict_keys(['latest_only']) retrieved from /home/airflow/.local/lib/python3.7/site-packages/airflow/example_dags/example_latest_only.py
[2022-10-06T23:52:09.236+0000] {logging_mixin.py:117} INFO - [2022-10-06T23:52:09.236+0000] {dag.py:2573} INFO - Sync 1 DAGs
[2022-10-06T23:52:09.254+0000] {logging_mixin.py:117} INFO - [2022-10-06T23:52:09.254+0000] {dag.py:3328} INFO - Setting next_dagrun for latest_only to 2022-10-06T19:52:09.253951+00:00, run_after=2022-10-06T23:52:09.253951+00:00
[2022-10-06T23:52:09.269+0000] {processor.py:178} INFO - Processing /home/airflow/.local/lib/python3.7/site-packages/airflow/example_dags/example_latest_only.py took 0.069 seconds
[2022-10-06T23:52:40.154+0000] {processor.py:156} INFO - Started process (PID=250) to work on /home/airflow/.local/lib/python3.7/site-packages/airflow/example_dags/example_latest_only.py
[2022-10-06T23:52:40.155+0000] {processor.py:758} INFO - Processing file /home/airflow/.local/lib/python3.7/site-packages/airflow/example_dags/example_latest_only.py for tasks to queue
[2022-10-06T23:52:40.156+0000] {logging_mixin.py:117} INFO - [2022-10-06T23:52:40.156+0000] {dagbag.py:525} INFO - Filling up the DagBag from /home/airflow/.local/lib/python3.7/site-packages/airflow/example_dags/example_latest_only.py
[2022-10-06T23:52:40.166+0000] {processor.py:768} INFO - DAG(s) dict_keys(['latest_only']) retrieved from /home/airflow/.local/lib/python3.7/site-packages/airflow/example_dags/example_latest_only.py
[2022-10-06T23:52:40.192+0000] {logging_mixin.py:117} INFO - [2022-10-06T23:52:40.192+0000] {dag.py:2573} INFO - Sync 1 DAGs
[2022-10-06T23:52:40.215+0000] {logging_mixin.py:117} INFO - [2022-10-06T23:52:40.215+0000] {dag.py:3328} INFO - Setting next_dagrun for latest_only to 2022-10-06T19:52:40.215119+00:00, run_after=2022-10-06T23:52:40.215119+00:00
[2022-10-06T23:52:40.229+0000] {processor.py:178} INFO - Processing /home/airflow/.local/lib/python3.7/site-packages/airflow/example_dags/example_latest_only.py took 0.077 seconds
[2022-10-06T23:53:10.491+0000] {processor.py:156} INFO - Started process (PID=305) to work on /home/airflow/.local/lib/python3.7/site-packages/airflow/example_dags/example_latest_only.py
[2022-10-06T23:53:10.492+0000] {processor.py:758} INFO - Processing file /home/airflow/.local/lib/python3.7/site-packages/airflow/example_dags/example_latest_only.py for tasks to queue
[2022-10-06T23:53:10.492+0000] {logging_mixin.py:117} INFO - [2022-10-06T23:53:10.492+0000] {dagbag.py:525} INFO - Filling up the DagBag from /home/airflow/.local/lib/python3.7/site-packages/airflow/example_dags/example_latest_only.py
[2022-10-06T23:53:10.504+0000] {processor.py:768} INFO - DAG(s) dict_keys(['latest_only']) retrieved from /home/airflow/.local/lib/python3.7/site-packages/airflow/example_dags/example_latest_only.py
[2022-10-06T23:53:10.537+0000] {logging_mixin.py:117} INFO - [2022-10-06T23:53:10.536+0000] {dag.py:2573} INFO - Sync 1 DAGs
[2022-10-06T23:53:10.557+0000] {logging_mixin.py:117} INFO - [2022-10-06T23:53:10.557+0000] {dag.py:3328} INFO - Setting next_dagrun for latest_only to 2022-10-06T19:53:10.557240+00:00, run_after=2022-10-06T23:53:10.557240+00:00
[2022-10-06T23:53:10.570+0000] {processor.py:178} INFO - Processing /home/airflow/.local/lib/python3.7/site-packages/airflow/example_dags/example_latest_only.py took 0.080 seconds
[2022-10-06T23:53:40.821+0000] {processor.py:156} INFO - Started process (PID=376) to work on /home/airflow/.local/lib/python3.7/site-packages/airflow/example_dags/example_latest_only.py
[2022-10-06T23:53:40.821+0000] {processor.py:758} INFO - Processing file /home/airflow/.local/lib/python3.7/site-packages/airflow/example_dags/example_latest_only.py for tasks to queue
[2022-10-06T23:53:40.822+0000] {logging_mixin.py:117} INFO - [2022-10-06T23:53:40.822+0000] {dagbag.py:525} INFO - Filling up the DagBag from /home/airflow/.local/lib/python3.7/site-packages/airflow/example_dags/example_latest_only.py
[2022-10-06T23:53:40.831+0000] {processor.py:768} INFO - DAG(s) dict_keys(['latest_only']) retrieved from /home/airflow/.local/lib/python3.7/site-packages/airflow/example_dags/example_latest_only.py
[2022-10-06T23:53:40.857+0000] {logging_mixin.py:117} INFO - [2022-10-06T23:53:40.857+0000] {dag.py:2573} INFO - Sync 1 DAGs
[2022-10-06T23:53:40.874+0000] {logging_mixin.py:117} INFO - [2022-10-06T23:53:40.874+0000] {dag.py:3328} INFO - Setting next_dagrun for latest_only to 2022-10-06T19:53:40.874238+00:00, run_after=2022-10-06T23:53:40.874238+00:00
[2022-10-06T23:53:40.887+0000] {processor.py:178} INFO - Processing /home/airflow/.local/lib/python3.7/site-packages/airflow/example_dags/example_latest_only.py took 0.067 seconds
[2022-10-06T23:54:11.119+0000] {processor.py:156} INFO - Started process (PID=441) to work on /home/airflow/.local/lib/python3.7/site-packages/airflow/example_dags/example_latest_only.py
[2022-10-06T23:54:11.119+0000] {processor.py:758} INFO - Processing file /home/airflow/.local/lib/python3.7/site-packages/airflow/example_dags/example_latest_only.py for tasks to queue
[2022-10-06T23:54:11.120+0000] {logging_mixin.py:117} INFO - [2022-10-06T23:54:11.120+0000] {dagbag.py:525} INFO - Filling up the DagBag from /home/airflow/.local/lib/python3.7/site-packages/airflow/example_dags/example_latest_only.py
[2022-10-06T23:54:11.128+0000] {processor.py:768} INFO - DAG(s) dict_keys(['latest_only']) retrieved from /home/airflow/.local/lib/python3.7/site-packages/airflow/example_dags/example_latest_only.py
[2022-10-06T23:54:11.155+0000] {logging_mixin.py:117} INFO - [2022-10-06T23:54:11.154+0000] {dag.py:2573} INFO - Sync 1 DAGs
[2022-10-06T23:54:11.173+0000] {logging_mixin.py:117} INFO - [2022-10-06T23:54:11.173+0000] {dag.py:3328} INFO - Setting next_dagrun for latest_only to 2022-10-06T19:54:11.173033+00:00, run_after=2022-10-06T23:54:11.173033+00:00
[2022-10-06T23:54:11.189+0000] {processor.py:178} INFO - Processing /home/airflow/.local/lib/python3.7/site-packages/airflow/example_dags/example_latest_only.py took 0.073 seconds
[2022-10-06T23:54:42.350+0000] {processor.py:156} INFO - Started process (PID=506) to work on /home/airflow/.local/lib/python3.7/site-packages/airflow/example_dags/example_latest_only.py
[2022-10-06T23:54:42.351+0000] {processor.py:758} INFO - Processing file /home/airflow/.local/lib/python3.7/site-packages/airflow/example_dags/example_latest_only.py for tasks to queue
[2022-10-06T23:54:42.351+0000] {logging_mixin.py:117} INFO - [2022-10-06T23:54:42.351+0000] {dagbag.py:525} INFO - Filling up the DagBag from /home/airflow/.local/lib/python3.7/site-packages/airflow/example_dags/example_latest_only.py
[2022-10-06T23:54:42.360+0000] {processor.py:768} INFO - DAG(s) dict_keys(['latest_only']) retrieved from /home/airflow/.local/lib/python3.7/site-packages/airflow/example_dags/example_latest_only.py
[2022-10-06T23:54:42.391+0000] {logging_mixin.py:117} INFO - [2022-10-06T23:54:42.391+0000] {dag.py:2573} INFO - Sync 1 DAGs
[2022-10-06T23:54:42.411+0000] {logging_mixin.py:117} INFO - [2022-10-06T23:54:42.411+0000] {dag.py:3328} INFO - Setting next_dagrun for latest_only to 2022-10-06T19:54:42.411327+00:00, run_after=2022-10-06T23:54:42.411327+00:00
[2022-10-06T23:54:42.426+0000] {processor.py:178} INFO - Processing /home/airflow/.local/lib/python3.7/site-packages/airflow/example_dags/example_latest_only.py took 0.077 seconds
[2022-10-06T23:55:12.618+0000] {processor.py:156} INFO - Started process (PID=570) to work on /home/airflow/.local/lib/python3.7/site-packages/airflow/example_dags/example_latest_only.py
[2022-10-06T23:55:12.619+0000] {processor.py:758} INFO - Processing file /home/airflow/.local/lib/python3.7/site-packages/airflow/example_dags/example_latest_only.py for tasks to queue
[2022-10-06T23:55:12.619+0000] {logging_mixin.py:117} INFO - [2022-10-06T23:55:12.619+0000] {dagbag.py:525} INFO - Filling up the DagBag from /home/airflow/.local/lib/python3.7/site-packages/airflow/example_dags/example_latest_only.py
[2022-10-06T23:55:12.627+0000] {processor.py:768} INFO - DAG(s) dict_keys(['latest_only']) retrieved from /home/airflow/.local/lib/python3.7/site-packages/airflow/example_dags/example_latest_only.py
[2022-10-06T23:55:12.654+0000] {logging_mixin.py:117} INFO - [2022-10-06T23:55:12.654+0000] {dag.py:2573} INFO - Sync 1 DAGs
[2022-10-06T23:55:12.674+0000] {logging_mixin.py:117} INFO - [2022-10-06T23:55:12.674+0000] {dag.py:3328} INFO - Setting next_dagrun for latest_only to 2022-10-06T19:55:12.673997+00:00, run_after=2022-10-06T23:55:12.673997+00:00
[2022-10-06T23:55:12.687+0000] {processor.py:178} INFO - Processing /home/airflow/.local/lib/python3.7/site-packages/airflow/example_dags/example_latest_only.py took 0.071 seconds
[2022-10-06T23:55:43.599+0000] {processor.py:156} INFO - Started process (PID=625) to work on /home/airflow/.local/lib/python3.7/site-packages/airflow/example_dags/example_latest_only.py
[2022-10-06T23:55:43.599+0000] {processor.py:758} INFO - Processing file /home/airflow/.local/lib/python3.7/site-packages/airflow/example_dags/example_latest_only.py for tasks to queue
[2022-10-06T23:55:43.600+0000] {logging_mixin.py:117} INFO - [2022-10-06T23:55:43.599+0000] {dagbag.py:525} INFO - Filling up the DagBag from /home/airflow/.local/lib/python3.7/site-packages/airflow/example_dags/example_latest_only.py
[2022-10-06T23:55:43.608+0000] {processor.py:768} INFO - DAG(s) dict_keys(['latest_only']) retrieved from /home/airflow/.local/lib/python3.7/site-packages/airflow/example_dags/example_latest_only.py
[2022-10-06T23:55:43.632+0000] {logging_mixin.py:117} INFO - [2022-10-06T23:55:43.632+0000] {dag.py:2573} INFO - Sync 1 DAGs
[2022-10-06T23:55:43.649+0000] {logging_mixin.py:117} INFO - [2022-10-06T23:55:43.649+0000] {dag.py:3328} INFO - Setting next_dagrun for latest_only to 2022-10-06T19:55:43.649158+00:00, run_after=2022-10-06T23:55:43.649158+00:00
[2022-10-06T23:55:43.662+0000] {processor.py:178} INFO - Processing /home/airflow/.local/lib/python3.7/site-packages/airflow/example_dags/example_latest_only.py took 0.065 seconds
[2022-10-06T23:56:14.542+0000] {processor.py:156} INFO - Started process (PID=689) to work on /home/airflow/.local/lib/python3.7/site-packages/airflow/example_dags/example_latest_only.py
[2022-10-06T23:56:14.542+0000] {processor.py:758} INFO - Processing file /home/airflow/.local/lib/python3.7/site-packages/airflow/example_dags/example_latest_only.py for tasks to queue
[2022-10-06T23:56:14.542+0000] {logging_mixin.py:117} INFO - [2022-10-06T23:56:14.542+0000] {dagbag.py:525} INFO - Filling up the DagBag from /home/airflow/.local/lib/python3.7/site-packages/airflow/example_dags/example_latest_only.py
[2022-10-06T23:56:14.550+0000] {processor.py:768} INFO - DAG(s) dict_keys(['latest_only']) retrieved from /home/airflow/.local/lib/python3.7/site-packages/airflow/example_dags/example_latest_only.py
[2022-10-06T23:56:14.575+0000] {logging_mixin.py:117} INFO - [2022-10-06T23:56:14.575+0000] {dag.py:2573} INFO - Sync 1 DAGs
[2022-10-06T23:56:14.593+0000] {logging_mixin.py:117} INFO - [2022-10-06T23:56:14.593+0000] {dag.py:3328} INFO - Setting next_dagrun for latest_only to 2022-10-06T19:56:14.592894+00:00, run_after=2022-10-06T23:56:14.592894+00:00
[2022-10-06T23:56:14.608+0000] {processor.py:178} INFO - Processing /home/airflow/.local/lib/python3.7/site-packages/airflow/example_dags/example_latest_only.py took 0.069 seconds
[2022-10-06T23:56:45.528+0000] {processor.py:156} INFO - Started process (PID=753) to work on /home/airflow/.local/lib/python3.7/site-packages/airflow/example_dags/example_latest_only.py
[2022-10-06T23:56:45.529+0000] {processor.py:758} INFO - Processing file /home/airflow/.local/lib/python3.7/site-packages/airflow/example_dags/example_latest_only.py for tasks to queue
[2022-10-06T23:56:45.529+0000] {logging_mixin.py:117} INFO - [2022-10-06T23:56:45.529+0000] {dagbag.py:525} INFO - Filling up the DagBag from /home/airflow/.local/lib/python3.7/site-packages/airflow/example_dags/example_latest_only.py
[2022-10-06T23:56:45.537+0000] {processor.py:768} INFO - DAG(s) dict_keys(['latest_only']) retrieved from /home/airflow/.local/lib/python3.7/site-packages/airflow/example_dags/example_latest_only.py
[2022-10-06T23:56:45.561+0000] {logging_mixin.py:117} INFO - [2022-10-06T23:56:45.561+0000] {dag.py:2573} INFO - Sync 1 DAGs
[2022-10-06T23:56:45.579+0000] {logging_mixin.py:117} INFO - [2022-10-06T23:56:45.579+0000] {dag.py:3328} INFO - Setting next_dagrun for latest_only to 2022-10-06T19:56:45.579055+00:00, run_after=2022-10-06T23:56:45.579055+00:00
[2022-10-06T23:56:45.591+0000] {processor.py:178} INFO - Processing /home/airflow/.local/lib/python3.7/site-packages/airflow/example_dags/example_latest_only.py took 0.065 seconds
[2022-10-06T23:57:15.783+0000] {processor.py:156} INFO - Started process (PID=817) to work on /home/airflow/.local/lib/python3.7/site-packages/airflow/example_dags/example_latest_only.py
[2022-10-06T23:57:15.784+0000] {processor.py:758} INFO - Processing file /home/airflow/.local/lib/python3.7/site-packages/airflow/example_dags/example_latest_only.py for tasks to queue
[2022-10-06T23:57:15.784+0000] {logging_mixin.py:117} INFO - [2022-10-06T23:57:15.784+0000] {dagbag.py:525} INFO - Filling up the DagBag from /home/airflow/.local/lib/python3.7/site-packages/airflow/example_dags/example_latest_only.py
[2022-10-06T23:57:15.792+0000] {processor.py:768} INFO - DAG(s) dict_keys(['latest_only']) retrieved from /home/airflow/.local/lib/python3.7/site-packages/airflow/example_dags/example_latest_only.py
[2022-10-06T23:57:15.819+0000] {logging_mixin.py:117} INFO - [2022-10-06T23:57:15.819+0000] {dag.py:2573} INFO - Sync 1 DAGs
[2022-10-06T23:57:15.839+0000] {logging_mixin.py:117} INFO - [2022-10-06T23:57:15.839+0000] {dag.py:3328} INFO - Setting next_dagrun for latest_only to 2022-10-06T19:57:15.839188+00:00, run_after=2022-10-06T23:57:15.839188+00:00
[2022-10-06T23:57:15.854+0000] {processor.py:178} INFO - Processing /home/airflow/.local/lib/python3.7/site-packages/airflow/example_dags/example_latest_only.py took 0.073 seconds
[2022-10-06T23:57:46.777+0000] {processor.py:156} INFO - Started process (PID=875) to work on /home/airflow/.local/lib/python3.7/site-packages/airflow/example_dags/example_latest_only.py
[2022-10-06T23:57:46.778+0000] {processor.py:758} INFO - Processing file /home/airflow/.local/lib/python3.7/site-packages/airflow/example_dags/example_latest_only.py for tasks to queue
[2022-10-06T23:57:46.778+0000] {logging_mixin.py:117} INFO - [2022-10-06T23:57:46.778+0000] {dagbag.py:525} INFO - Filling up the DagBag from /home/airflow/.local/lib/python3.7/site-packages/airflow/example_dags/example_latest_only.py
[2022-10-06T23:57:46.788+0000] {processor.py:768} INFO - DAG(s) dict_keys(['latest_only']) retrieved from /home/airflow/.local/lib/python3.7/site-packages/airflow/example_dags/example_latest_only.py
[2022-10-06T23:57:46.817+0000] {logging_mixin.py:117} INFO - [2022-10-06T23:57:46.817+0000] {dag.py:2573} INFO - Sync 1 DAGs
[2022-10-06T23:57:46.838+0000] {logging_mixin.py:117} INFO - [2022-10-06T23:57:46.838+0000] {dag.py:3328} INFO - Setting next_dagrun for latest_only to 2022-10-06T19:57:46.838403+00:00, run_after=2022-10-06T23:57:46.838403+00:00
[2022-10-06T23:57:46.851+0000] {processor.py:178} INFO - Processing /home/airflow/.local/lib/python3.7/site-packages/airflow/example_dags/example_latest_only.py took 0.076 seconds
[2022-10-06T23:58:17.900+0000] {processor.py:156} INFO - Started process (PID=939) to work on /home/airflow/.local/lib/python3.7/site-packages/airflow/example_dags/example_latest_only.py
[2022-10-06T23:58:17.900+0000] {processor.py:758} INFO - Processing file /home/airflow/.local/lib/python3.7/site-packages/airflow/example_dags/example_latest_only.py for tasks to queue
[2022-10-06T23:58:17.901+0000] {logging_mixin.py:117} INFO - [2022-10-06T23:58:17.901+0000] {dagbag.py:525} INFO - Filling up the DagBag from /home/airflow/.local/lib/python3.7/site-packages/airflow/example_dags/example_latest_only.py
[2022-10-06T23:58:17.910+0000] {processor.py:768} INFO - DAG(s) dict_keys(['latest_only']) retrieved from /home/airflow/.local/lib/python3.7/site-packages/airflow/example_dags/example_latest_only.py
[2022-10-06T23:58:17.943+0000] {logging_mixin.py:117} INFO - [2022-10-06T23:58:17.943+0000] {dag.py:2573} INFO - Sync 1 DAGs
[2022-10-06T23:58:17.961+0000] {logging_mixin.py:117} INFO - [2022-10-06T23:58:17.961+0000] {dag.py:3328} INFO - Setting next_dagrun for latest_only to 2022-10-06T19:58:17.961387+00:00, run_after=2022-10-06T23:58:17.961387+00:00
[2022-10-06T23:58:17.977+0000] {processor.py:178} INFO - Processing /home/airflow/.local/lib/python3.7/site-packages/airflow/example_dags/example_latest_only.py took 0.079 seconds
[2022-10-06T23:58:49.011+0000] {processor.py:156} INFO - Started process (PID=1003) to work on /home/airflow/.local/lib/python3.7/site-packages/airflow/example_dags/example_latest_only.py
[2022-10-06T23:58:49.011+0000] {processor.py:758} INFO - Processing file /home/airflow/.local/lib/python3.7/site-packages/airflow/example_dags/example_latest_only.py for tasks to queue
[2022-10-06T23:58:49.012+0000] {logging_mixin.py:117} INFO - [2022-10-06T23:58:49.012+0000] {dagbag.py:525} INFO - Filling up the DagBag from /home/airflow/.local/lib/python3.7/site-packages/airflow/example_dags/example_latest_only.py
[2022-10-06T23:58:49.023+0000] {processor.py:768} INFO - DAG(s) dict_keys(['latest_only']) retrieved from /home/airflow/.local/lib/python3.7/site-packages/airflow/example_dags/example_latest_only.py
[2022-10-06T23:58:49.053+0000] {logging_mixin.py:117} INFO - [2022-10-06T23:58:49.053+0000] {dag.py:2573} INFO - Sync 1 DAGs
[2022-10-06T23:58:49.074+0000] {logging_mixin.py:117} INFO - [2022-10-06T23:58:49.074+0000] {dag.py:3328} INFO - Setting next_dagrun for latest_only to 2022-10-06T19:58:49.074500+00:00, run_after=2022-10-06T23:58:49.074500+00:00
[2022-10-06T23:58:49.091+0000] {processor.py:178} INFO - Processing /home/airflow/.local/lib/python3.7/site-packages/airflow/example_dags/example_latest_only.py took 0.082 seconds
[2022-10-06T23:59:19.365+0000] {processor.py:156} INFO - Started process (PID=1067) to work on /home/airflow/.local/lib/python3.7/site-packages/airflow/example_dags/example_latest_only.py
[2022-10-06T23:59:19.365+0000] {processor.py:758} INFO - Processing file /home/airflow/.local/lib/python3.7/site-packages/airflow/example_dags/example_latest_only.py for tasks to queue
[2022-10-06T23:59:19.365+0000] {logging_mixin.py:117} INFO - [2022-10-06T23:59:19.365+0000] {dagbag.py:525} INFO - Filling up the DagBag from /home/airflow/.local/lib/python3.7/site-packages/airflow/example_dags/example_latest_only.py
[2022-10-06T23:59:19.378+0000] {processor.py:768} INFO - DAG(s) dict_keys(['latest_only']) retrieved from /home/airflow/.local/lib/python3.7/site-packages/airflow/example_dags/example_latest_only.py
[2022-10-06T23:59:19.408+0000] {logging_mixin.py:117} INFO - [2022-10-06T23:59:19.408+0000] {dag.py:2573} INFO - Sync 1 DAGs
[2022-10-06T23:59:19.431+0000] {logging_mixin.py:117} INFO - [2022-10-06T23:59:19.431+0000] {dag.py:3328} INFO - Setting next_dagrun for latest_only to 2022-10-06T19:59:19.431403+00:00, run_after=2022-10-06T23:59:19.431403+00:00
[2022-10-06T23:59:19.450+0000] {processor.py:178} INFO - Processing /home/airflow/.local/lib/python3.7/site-packages/airflow/example_dags/example_latest_only.py took 0.087 seconds
[2022-10-06T23:59:50.474+0000] {processor.py:156} INFO - Started process (PID=1131) to work on /home/airflow/.local/lib/python3.7/site-packages/airflow/example_dags/example_latest_only.py
[2022-10-06T23:59:50.475+0000] {processor.py:758} INFO - Processing file /home/airflow/.local/lib/python3.7/site-packages/airflow/example_dags/example_latest_only.py for tasks to queue
[2022-10-06T23:59:50.475+0000] {logging_mixin.py:117} INFO - [2022-10-06T23:59:50.475+0000] {dagbag.py:525} INFO - Filling up the DagBag from /home/airflow/.local/lib/python3.7/site-packages/airflow/example_dags/example_latest_only.py
[2022-10-06T23:59:50.484+0000] {processor.py:768} INFO - DAG(s) dict_keys(['latest_only']) retrieved from /home/airflow/.local/lib/python3.7/site-packages/airflow/example_dags/example_latest_only.py
[2022-10-06T23:59:50.509+0000] {logging_mixin.py:117} INFO - [2022-10-06T23:59:50.509+0000] {dag.py:2573} INFO - Sync 1 DAGs
[2022-10-06T23:59:50.526+0000] {logging_mixin.py:117} INFO - [2022-10-06T23:59:50.526+0000] {dag.py:3328} INFO - Setting next_dagrun for latest_only to 2022-10-06T19:59:50.526255+00:00, run_after=2022-10-06T23:59:50.526255+00:00
[2022-10-06T23:59:50.539+0000] {processor.py:178} INFO - Processing /home/airflow/.local/lib/python3.7/site-packages/airflow/example_dags/example_latest_only.py took 0.067 seconds
