[2022-10-06T00:38:35.204+0000] {processor.py:156} INFO - Started process (PID=50) to work on /home/airflow/.local/lib/python3.7/site-packages/airflow/example_dags/example_latest_only_with_trigger.py
[2022-10-06T00:38:35.205+0000] {processor.py:758} INFO - Processing file /home/airflow/.local/lib/python3.7/site-packages/airflow/example_dags/example_latest_only_with_trigger.py for tasks to queue
[2022-10-06T00:38:35.205+0000] {logging_mixin.py:117} INFO - [2022-10-06T00:38:35.205+0000] {dagbag.py:525} INFO - Filling up the DagBag from /home/airflow/.local/lib/python3.7/site-packages/airflow/example_dags/example_latest_only_with_trigger.py
[2022-10-06T00:38:35.215+0000] {processor.py:768} INFO - DAG(s) dict_keys(['latest_only_with_trigger']) retrieved from /home/airflow/.local/lib/python3.7/site-packages/airflow/example_dags/example_latest_only_with_trigger.py
[2022-10-06T00:38:35.361+0000] {logging_mixin.py:117} INFO - [2022-10-06T00:38:35.361+0000] {dag.py:2573} INFO - Sync 1 DAGs
[2022-10-06T00:38:35.388+0000] {logging_mixin.py:117} INFO - [2022-10-06T00:38:35.388+0000] {dag.py:3328} INFO - Setting next_dagrun for latest_only_with_trigger to 2022-10-05T20:38:35.388309+00:00, run_after=2022-10-06T00:38:35.388309+00:00
[2022-10-06T00:38:35.405+0000] {processor.py:178} INFO - Processing /home/airflow/.local/lib/python3.7/site-packages/airflow/example_dags/example_latest_only_with_trigger.py took 0.202 seconds
[2022-10-06T00:39:06.006+0000] {processor.py:156} INFO - Started process (PID=114) to work on /home/airflow/.local/lib/python3.7/site-packages/airflow/example_dags/example_latest_only_with_trigger.py
[2022-10-06T00:39:06.007+0000] {processor.py:758} INFO - Processing file /home/airflow/.local/lib/python3.7/site-packages/airflow/example_dags/example_latest_only_with_trigger.py for tasks to queue
[2022-10-06T00:39:06.007+0000] {logging_mixin.py:117} INFO - [2022-10-06T00:39:06.007+0000] {dagbag.py:525} INFO - Filling up the DagBag from /home/airflow/.local/lib/python3.7/site-packages/airflow/example_dags/example_latest_only_with_trigger.py
[2022-10-06T00:39:06.016+0000] {processor.py:768} INFO - DAG(s) dict_keys(['latest_only_with_trigger']) retrieved from /home/airflow/.local/lib/python3.7/site-packages/airflow/example_dags/example_latest_only_with_trigger.py
[2022-10-06T00:39:06.112+0000] {logging_mixin.py:117} INFO - [2022-10-06T00:39:06.112+0000] {dag.py:2573} INFO - Sync 1 DAGs
[2022-10-06T00:39:06.129+0000] {logging_mixin.py:117} INFO - [2022-10-06T00:39:06.129+0000] {dag.py:3328} INFO - Setting next_dagrun for latest_only_with_trigger to 2022-10-05T20:39:06.128923+00:00, run_after=2022-10-06T00:39:06.128923+00:00
[2022-10-06T00:39:06.141+0000] {processor.py:178} INFO - Processing /home/airflow/.local/lib/python3.7/site-packages/airflow/example_dags/example_latest_only_with_trigger.py took 0.137 seconds
[2022-10-06T00:39:36.942+0000] {processor.py:156} INFO - Started process (PID=179) to work on /home/airflow/.local/lib/python3.7/site-packages/airflow/example_dags/example_latest_only_with_trigger.py
[2022-10-06T00:39:36.942+0000] {processor.py:758} INFO - Processing file /home/airflow/.local/lib/python3.7/site-packages/airflow/example_dags/example_latest_only_with_trigger.py for tasks to queue
[2022-10-06T00:39:36.942+0000] {logging_mixin.py:117} INFO - [2022-10-06T00:39:36.942+0000] {dagbag.py:525} INFO - Filling up the DagBag from /home/airflow/.local/lib/python3.7/site-packages/airflow/example_dags/example_latest_only_with_trigger.py
[2022-10-06T00:39:37.042+0000] {processor.py:768} INFO - DAG(s) dict_keys(['latest_only_with_trigger']) retrieved from /home/airflow/.local/lib/python3.7/site-packages/airflow/example_dags/example_latest_only_with_trigger.py
[2022-10-06T00:39:37.069+0000] {logging_mixin.py:117} INFO - [2022-10-06T00:39:37.069+0000] {dag.py:2573} INFO - Sync 1 DAGs
[2022-10-06T00:39:37.088+0000] {logging_mixin.py:117} INFO - [2022-10-06T00:39:37.087+0000] {dag.py:3328} INFO - Setting next_dagrun for latest_only_with_trigger to 2022-10-05T20:39:37.087719+00:00, run_after=2022-10-06T00:39:37.087719+00:00
[2022-10-06T00:39:37.103+0000] {processor.py:178} INFO - Processing /home/airflow/.local/lib/python3.7/site-packages/airflow/example_dags/example_latest_only_with_trigger.py took 0.164 seconds
[2022-10-06T00:40:08.024+0000] {processor.py:156} INFO - Started process (PID=243) to work on /home/airflow/.local/lib/python3.7/site-packages/airflow/example_dags/example_latest_only_with_trigger.py
[2022-10-06T00:40:08.025+0000] {processor.py:758} INFO - Processing file /home/airflow/.local/lib/python3.7/site-packages/airflow/example_dags/example_latest_only_with_trigger.py for tasks to queue
[2022-10-06T00:40:08.025+0000] {logging_mixin.py:117} INFO - [2022-10-06T00:40:08.025+0000] {dagbag.py:525} INFO - Filling up the DagBag from /home/airflow/.local/lib/python3.7/site-packages/airflow/example_dags/example_latest_only_with_trigger.py
[2022-10-06T00:40:08.034+0000] {processor.py:768} INFO - DAG(s) dict_keys(['latest_only_with_trigger']) retrieved from /home/airflow/.local/lib/python3.7/site-packages/airflow/example_dags/example_latest_only_with_trigger.py
[2022-10-06T00:40:08.059+0000] {logging_mixin.py:117} INFO - [2022-10-06T00:40:08.059+0000] {dag.py:2573} INFO - Sync 1 DAGs
[2022-10-06T00:40:08.079+0000] {logging_mixin.py:117} INFO - [2022-10-06T00:40:08.078+0000] {dag.py:3328} INFO - Setting next_dagrun for latest_only_with_trigger to 2022-10-05T20:40:08.078817+00:00, run_after=2022-10-06T00:40:08.078817+00:00
[2022-10-06T00:40:08.094+0000] {processor.py:178} INFO - Processing /home/airflow/.local/lib/python3.7/site-packages/airflow/example_dags/example_latest_only_with_trigger.py took 0.071 seconds
[2022-10-06T00:40:38.898+0000] {processor.py:156} INFO - Started process (PID=298) to work on /home/airflow/.local/lib/python3.7/site-packages/airflow/example_dags/example_latest_only_with_trigger.py
[2022-10-06T00:40:38.898+0000] {processor.py:758} INFO - Processing file /home/airflow/.local/lib/python3.7/site-packages/airflow/example_dags/example_latest_only_with_trigger.py for tasks to queue
[2022-10-06T00:40:38.899+0000] {logging_mixin.py:117} INFO - [2022-10-06T00:40:38.899+0000] {dagbag.py:525} INFO - Filling up the DagBag from /home/airflow/.local/lib/python3.7/site-packages/airflow/example_dags/example_latest_only_with_trigger.py
[2022-10-06T00:40:38.908+0000] {processor.py:768} INFO - DAG(s) dict_keys(['latest_only_with_trigger']) retrieved from /home/airflow/.local/lib/python3.7/site-packages/airflow/example_dags/example_latest_only_with_trigger.py
[2022-10-06T00:40:38.948+0000] {logging_mixin.py:117} INFO - [2022-10-06T00:40:38.948+0000] {dag.py:2573} INFO - Sync 1 DAGs
[2022-10-06T00:40:38.974+0000] {logging_mixin.py:117} INFO - [2022-10-06T00:40:38.974+0000] {dag.py:3328} INFO - Setting next_dagrun for latest_only_with_trigger to 2022-10-05T20:40:38.974203+00:00, run_after=2022-10-06T00:40:38.974203+00:00
[2022-10-06T00:40:38.988+0000] {processor.py:178} INFO - Processing /home/airflow/.local/lib/python3.7/site-packages/airflow/example_dags/example_latest_only_with_trigger.py took 0.092 seconds
[2022-10-06T00:41:09.107+0000] {processor.py:156} INFO - Started process (PID=362) to work on /home/airflow/.local/lib/python3.7/site-packages/airflow/example_dags/example_latest_only_with_trigger.py
[2022-10-06T00:41:09.107+0000] {processor.py:758} INFO - Processing file /home/airflow/.local/lib/python3.7/site-packages/airflow/example_dags/example_latest_only_with_trigger.py for tasks to queue
[2022-10-06T00:41:09.108+0000] {logging_mixin.py:117} INFO - [2022-10-06T00:41:09.108+0000] {dagbag.py:525} INFO - Filling up the DagBag from /home/airflow/.local/lib/python3.7/site-packages/airflow/example_dags/example_latest_only_with_trigger.py
[2022-10-06T00:41:09.118+0000] {processor.py:768} INFO - DAG(s) dict_keys(['latest_only_with_trigger']) retrieved from /home/airflow/.local/lib/python3.7/site-packages/airflow/example_dags/example_latest_only_with_trigger.py
[2022-10-06T00:41:09.149+0000] {logging_mixin.py:117} INFO - [2022-10-06T00:41:09.149+0000] {dag.py:2573} INFO - Sync 1 DAGs
[2022-10-06T00:41:09.175+0000] {logging_mixin.py:117} INFO - [2022-10-06T00:41:09.175+0000] {dag.py:3328} INFO - Setting next_dagrun for latest_only_with_trigger to 2022-10-05T20:41:09.175289+00:00, run_after=2022-10-06T00:41:09.175289+00:00
[2022-10-06T00:41:09.191+0000] {processor.py:178} INFO - Processing /home/airflow/.local/lib/python3.7/site-packages/airflow/example_dags/example_latest_only_with_trigger.py took 0.086 seconds
[2022-10-06T00:41:40.068+0000] {processor.py:156} INFO - Started process (PID=426) to work on /home/airflow/.local/lib/python3.7/site-packages/airflow/example_dags/example_latest_only_with_trigger.py
[2022-10-06T00:41:40.068+0000] {processor.py:758} INFO - Processing file /home/airflow/.local/lib/python3.7/site-packages/airflow/example_dags/example_latest_only_with_trigger.py for tasks to queue
[2022-10-06T00:41:40.069+0000] {logging_mixin.py:117} INFO - [2022-10-06T00:41:40.069+0000] {dagbag.py:525} INFO - Filling up the DagBag from /home/airflow/.local/lib/python3.7/site-packages/airflow/example_dags/example_latest_only_with_trigger.py
[2022-10-06T00:41:40.077+0000] {processor.py:768} INFO - DAG(s) dict_keys(['latest_only_with_trigger']) retrieved from /home/airflow/.local/lib/python3.7/site-packages/airflow/example_dags/example_latest_only_with_trigger.py
[2022-10-06T00:41:40.102+0000] {logging_mixin.py:117} INFO - [2022-10-06T00:41:40.102+0000] {dag.py:2573} INFO - Sync 1 DAGs
[2022-10-06T00:41:40.120+0000] {logging_mixin.py:117} INFO - [2022-10-06T00:41:40.120+0000] {dag.py:3328} INFO - Setting next_dagrun for latest_only_with_trigger to 2022-10-05T20:41:40.120617+00:00, run_after=2022-10-06T00:41:40.120617+00:00
[2022-10-06T00:41:40.133+0000] {processor.py:178} INFO - Processing /home/airflow/.local/lib/python3.7/site-packages/airflow/example_dags/example_latest_only_with_trigger.py took 0.067 seconds
[2022-10-06T00:42:11.166+0000] {processor.py:156} INFO - Started process (PID=490) to work on /home/airflow/.local/lib/python3.7/site-packages/airflow/example_dags/example_latest_only_with_trigger.py
[2022-10-06T00:42:11.167+0000] {processor.py:758} INFO - Processing file /home/airflow/.local/lib/python3.7/site-packages/airflow/example_dags/example_latest_only_with_trigger.py for tasks to queue
[2022-10-06T00:42:11.167+0000] {logging_mixin.py:117} INFO - [2022-10-06T00:42:11.167+0000] {dagbag.py:525} INFO - Filling up the DagBag from /home/airflow/.local/lib/python3.7/site-packages/airflow/example_dags/example_latest_only_with_trigger.py
[2022-10-06T00:42:11.175+0000] {processor.py:768} INFO - DAG(s) dict_keys(['latest_only_with_trigger']) retrieved from /home/airflow/.local/lib/python3.7/site-packages/airflow/example_dags/example_latest_only_with_trigger.py
[2022-10-06T00:42:11.203+0000] {logging_mixin.py:117} INFO - [2022-10-06T00:42:11.203+0000] {dag.py:2573} INFO - Sync 1 DAGs
[2022-10-06T00:42:11.221+0000] {logging_mixin.py:117} INFO - [2022-10-06T00:42:11.221+0000] {dag.py:3328} INFO - Setting next_dagrun for latest_only_with_trigger to 2022-10-05T20:42:11.221731+00:00, run_after=2022-10-06T00:42:11.221731+00:00
[2022-10-06T00:42:11.235+0000] {processor.py:178} INFO - Processing /home/airflow/.local/lib/python3.7/site-packages/airflow/example_dags/example_latest_only_with_trigger.py took 0.070 seconds
[2022-10-06T00:42:41.494+0000] {processor.py:156} INFO - Started process (PID=545) to work on /home/airflow/.local/lib/python3.7/site-packages/airflow/example_dags/example_latest_only_with_trigger.py
[2022-10-06T00:42:41.494+0000] {processor.py:758} INFO - Processing file /home/airflow/.local/lib/python3.7/site-packages/airflow/example_dags/example_latest_only_with_trigger.py for tasks to queue
[2022-10-06T00:42:41.494+0000] {logging_mixin.py:117} INFO - [2022-10-06T00:42:41.494+0000] {dagbag.py:525} INFO - Filling up the DagBag from /home/airflow/.local/lib/python3.7/site-packages/airflow/example_dags/example_latest_only_with_trigger.py
[2022-10-06T00:42:41.503+0000] {processor.py:768} INFO - DAG(s) dict_keys(['latest_only_with_trigger']) retrieved from /home/airflow/.local/lib/python3.7/site-packages/airflow/example_dags/example_latest_only_with_trigger.py
[2022-10-06T00:42:41.530+0000] {logging_mixin.py:117} INFO - [2022-10-06T00:42:41.530+0000] {dag.py:2573} INFO - Sync 1 DAGs
[2022-10-06T00:42:41.551+0000] {logging_mixin.py:117} INFO - [2022-10-06T00:42:41.551+0000] {dag.py:3328} INFO - Setting next_dagrun for latest_only_with_trigger to 2022-10-05T20:42:41.550914+00:00, run_after=2022-10-06T00:42:41.550914+00:00
[2022-10-06T00:42:41.563+0000] {processor.py:178} INFO - Processing /home/airflow/.local/lib/python3.7/site-packages/airflow/example_dags/example_latest_only_with_trigger.py took 0.071 seconds
[2022-10-06T00:43:12.424+0000] {processor.py:156} INFO - Started process (PID=609) to work on /home/airflow/.local/lib/python3.7/site-packages/airflow/example_dags/example_latest_only_with_trigger.py
[2022-10-06T00:43:12.425+0000] {processor.py:758} INFO - Processing file /home/airflow/.local/lib/python3.7/site-packages/airflow/example_dags/example_latest_only_with_trigger.py for tasks to queue
[2022-10-06T00:43:12.425+0000] {logging_mixin.py:117} INFO - [2022-10-06T00:43:12.425+0000] {dagbag.py:525} INFO - Filling up the DagBag from /home/airflow/.local/lib/python3.7/site-packages/airflow/example_dags/example_latest_only_with_trigger.py
[2022-10-06T00:43:12.433+0000] {processor.py:768} INFO - DAG(s) dict_keys(['latest_only_with_trigger']) retrieved from /home/airflow/.local/lib/python3.7/site-packages/airflow/example_dags/example_latest_only_with_trigger.py
[2022-10-06T00:43:12.458+0000] {logging_mixin.py:117} INFO - [2022-10-06T00:43:12.458+0000] {dag.py:2573} INFO - Sync 1 DAGs
[2022-10-06T00:43:12.475+0000] {logging_mixin.py:117} INFO - [2022-10-06T00:43:12.475+0000] {dag.py:3328} INFO - Setting next_dagrun for latest_only_with_trigger to 2022-10-05T20:43:12.475142+00:00, run_after=2022-10-06T00:43:12.475142+00:00
[2022-10-06T00:43:12.490+0000] {processor.py:178} INFO - Processing /home/airflow/.local/lib/python3.7/site-packages/airflow/example_dags/example_latest_only_with_trigger.py took 0.067 seconds
[2022-10-06T00:43:43.505+0000] {processor.py:156} INFO - Started process (PID=673) to work on /home/airflow/.local/lib/python3.7/site-packages/airflow/example_dags/example_latest_only_with_trigger.py
[2022-10-06T00:43:43.506+0000] {processor.py:758} INFO - Processing file /home/airflow/.local/lib/python3.7/site-packages/airflow/example_dags/example_latest_only_with_trigger.py for tasks to queue
[2022-10-06T00:43:43.506+0000] {logging_mixin.py:117} INFO - [2022-10-06T00:43:43.506+0000] {dagbag.py:525} INFO - Filling up the DagBag from /home/airflow/.local/lib/python3.7/site-packages/airflow/example_dags/example_latest_only_with_trigger.py
[2022-10-06T00:43:43.515+0000] {processor.py:768} INFO - DAG(s) dict_keys(['latest_only_with_trigger']) retrieved from /home/airflow/.local/lib/python3.7/site-packages/airflow/example_dags/example_latest_only_with_trigger.py
[2022-10-06T00:43:43.561+0000] {logging_mixin.py:117} INFO - [2022-10-06T00:43:43.561+0000] {dag.py:2573} INFO - Sync 1 DAGs
[2022-10-06T00:43:43.582+0000] {logging_mixin.py:117} INFO - [2022-10-06T00:43:43.582+0000] {dag.py:3328} INFO - Setting next_dagrun for latest_only_with_trigger to 2022-10-05T20:43:43.582299+00:00, run_after=2022-10-06T00:43:43.582299+00:00
[2022-10-06T00:43:43.596+0000] {processor.py:178} INFO - Processing /home/airflow/.local/lib/python3.7/site-packages/airflow/example_dags/example_latest_only_with_trigger.py took 0.093 seconds
[2022-10-06T00:44:14.565+0000] {processor.py:156} INFO - Started process (PID=737) to work on /home/airflow/.local/lib/python3.7/site-packages/airflow/example_dags/example_latest_only_with_trigger.py
[2022-10-06T00:44:14.565+0000] {processor.py:758} INFO - Processing file /home/airflow/.local/lib/python3.7/site-packages/airflow/example_dags/example_latest_only_with_trigger.py for tasks to queue
[2022-10-06T00:44:14.565+0000] {logging_mixin.py:117} INFO - [2022-10-06T00:44:14.565+0000] {dagbag.py:525} INFO - Filling up the DagBag from /home/airflow/.local/lib/python3.7/site-packages/airflow/example_dags/example_latest_only_with_trigger.py
[2022-10-06T00:44:14.574+0000] {processor.py:768} INFO - DAG(s) dict_keys(['latest_only_with_trigger']) retrieved from /home/airflow/.local/lib/python3.7/site-packages/airflow/example_dags/example_latest_only_with_trigger.py
[2022-10-06T00:44:14.598+0000] {logging_mixin.py:117} INFO - [2022-10-06T00:44:14.598+0000] {dag.py:2573} INFO - Sync 1 DAGs
[2022-10-06T00:44:14.615+0000] {logging_mixin.py:117} INFO - [2022-10-06T00:44:14.615+0000] {dag.py:3328} INFO - Setting next_dagrun for latest_only_with_trigger to 2022-10-05T20:44:14.614912+00:00, run_after=2022-10-06T00:44:14.614912+00:00
[2022-10-06T00:44:14.627+0000] {processor.py:178} INFO - Processing /home/airflow/.local/lib/python3.7/site-packages/airflow/example_dags/example_latest_only_with_trigger.py took 0.064 seconds
[2022-10-06T00:44:45.337+0000] {processor.py:156} INFO - Started process (PID=801) to work on /home/airflow/.local/lib/python3.7/site-packages/airflow/example_dags/example_latest_only_with_trigger.py
[2022-10-06T00:44:45.337+0000] {processor.py:758} INFO - Processing file /home/airflow/.local/lib/python3.7/site-packages/airflow/example_dags/example_latest_only_with_trigger.py for tasks to queue
[2022-10-06T00:44:45.338+0000] {logging_mixin.py:117} INFO - [2022-10-06T00:44:45.338+0000] {dagbag.py:525} INFO - Filling up the DagBag from /home/airflow/.local/lib/python3.7/site-packages/airflow/example_dags/example_latest_only_with_trigger.py
[2022-10-06T00:44:45.346+0000] {processor.py:768} INFO - DAG(s) dict_keys(['latest_only_with_trigger']) retrieved from /home/airflow/.local/lib/python3.7/site-packages/airflow/example_dags/example_latest_only_with_trigger.py
[2022-10-06T00:44:45.377+0000] {logging_mixin.py:117} INFO - [2022-10-06T00:44:45.377+0000] {dag.py:2573} INFO - Sync 1 DAGs
[2022-10-06T00:44:45.394+0000] {logging_mixin.py:117} INFO - [2022-10-06T00:44:45.393+0000] {dag.py:3328} INFO - Setting next_dagrun for latest_only_with_trigger to 2022-10-05T20:44:45.393848+00:00, run_after=2022-10-06T00:44:45.393848+00:00
[2022-10-06T00:44:45.406+0000] {processor.py:178} INFO - Processing /home/airflow/.local/lib/python3.7/site-packages/airflow/example_dags/example_latest_only_with_trigger.py took 0.070 seconds
[2022-10-06T00:45:16.313+0000] {processor.py:156} INFO - Started process (PID=862) to work on /home/airflow/.local/lib/python3.7/site-packages/airflow/example_dags/example_latest_only_with_trigger.py
[2022-10-06T00:45:16.313+0000] {processor.py:758} INFO - Processing file /home/airflow/.local/lib/python3.7/site-packages/airflow/example_dags/example_latest_only_with_trigger.py for tasks to queue
[2022-10-06T00:45:16.313+0000] {logging_mixin.py:117} INFO - [2022-10-06T00:45:16.313+0000] {dagbag.py:525} INFO - Filling up the DagBag from /home/airflow/.local/lib/python3.7/site-packages/airflow/example_dags/example_latest_only_with_trigger.py
[2022-10-06T00:45:16.322+0000] {processor.py:768} INFO - DAG(s) dict_keys(['latest_only_with_trigger']) retrieved from /home/airflow/.local/lib/python3.7/site-packages/airflow/example_dags/example_latest_only_with_trigger.py
[2022-10-06T00:45:16.346+0000] {logging_mixin.py:117} INFO - [2022-10-06T00:45:16.346+0000] {dag.py:2573} INFO - Sync 1 DAGs
[2022-10-06T00:45:16.368+0000] {logging_mixin.py:117} INFO - [2022-10-06T00:45:16.368+0000] {dag.py:3328} INFO - Setting next_dagrun for latest_only_with_trigger to 2022-10-05T20:45:16.367995+00:00, run_after=2022-10-06T00:45:16.367995+00:00
[2022-10-06T00:45:16.382+0000] {processor.py:178} INFO - Processing /home/airflow/.local/lib/python3.7/site-packages/airflow/example_dags/example_latest_only_with_trigger.py took 0.071 seconds
[2022-10-06T00:45:47.130+0000] {processor.py:156} INFO - Started process (PID=920) to work on /home/airflow/.local/lib/python3.7/site-packages/airflow/example_dags/example_latest_only_with_trigger.py
[2022-10-06T00:45:47.130+0000] {processor.py:758} INFO - Processing file /home/airflow/.local/lib/python3.7/site-packages/airflow/example_dags/example_latest_only_with_trigger.py for tasks to queue
[2022-10-06T00:45:47.131+0000] {logging_mixin.py:117} INFO - [2022-10-06T00:45:47.131+0000] {dagbag.py:525} INFO - Filling up the DagBag from /home/airflow/.local/lib/python3.7/site-packages/airflow/example_dags/example_latest_only_with_trigger.py
[2022-10-06T00:45:47.140+0000] {processor.py:768} INFO - DAG(s) dict_keys(['latest_only_with_trigger']) retrieved from /home/airflow/.local/lib/python3.7/site-packages/airflow/example_dags/example_latest_only_with_trigger.py
[2022-10-06T00:45:47.166+0000] {logging_mixin.py:117} INFO - [2022-10-06T00:45:47.166+0000] {dag.py:2573} INFO - Sync 1 DAGs
[2022-10-06T00:45:47.187+0000] {logging_mixin.py:117} INFO - [2022-10-06T00:45:47.187+0000] {dag.py:3328} INFO - Setting next_dagrun for latest_only_with_trigger to 2022-10-05T20:45:47.187096+00:00, run_after=2022-10-06T00:45:47.187096+00:00
[2022-10-06T00:45:47.202+0000] {processor.py:178} INFO - Processing /home/airflow/.local/lib/python3.7/site-packages/airflow/example_dags/example_latest_only_with_trigger.py took 0.073 seconds
[2022-10-06T00:46:17.975+0000] {processor.py:156} INFO - Started process (PID=984) to work on /home/airflow/.local/lib/python3.7/site-packages/airflow/example_dags/example_latest_only_with_trigger.py
[2022-10-06T00:46:17.975+0000] {processor.py:758} INFO - Processing file /home/airflow/.local/lib/python3.7/site-packages/airflow/example_dags/example_latest_only_with_trigger.py for tasks to queue
[2022-10-06T00:46:17.976+0000] {logging_mixin.py:117} INFO - [2022-10-06T00:46:17.976+0000] {dagbag.py:525} INFO - Filling up the DagBag from /home/airflow/.local/lib/python3.7/site-packages/airflow/example_dags/example_latest_only_with_trigger.py
[2022-10-06T00:46:17.984+0000] {processor.py:768} INFO - DAG(s) dict_keys(['latest_only_with_trigger']) retrieved from /home/airflow/.local/lib/python3.7/site-packages/airflow/example_dags/example_latest_only_with_trigger.py
[2022-10-06T00:46:18.009+0000] {logging_mixin.py:117} INFO - [2022-10-06T00:46:18.009+0000] {dag.py:2573} INFO - Sync 1 DAGs
[2022-10-06T00:46:18.025+0000] {logging_mixin.py:117} INFO - [2022-10-06T00:46:18.025+0000] {dag.py:3328} INFO - Setting next_dagrun for latest_only_with_trigger to 2022-10-05T20:46:18.025740+00:00, run_after=2022-10-06T00:46:18.025740+00:00
[2022-10-06T00:46:18.038+0000] {processor.py:178} INFO - Processing /home/airflow/.local/lib/python3.7/site-packages/airflow/example_dags/example_latest_only_with_trigger.py took 0.064 seconds
[2022-10-06T00:46:48.751+0000] {processor.py:156} INFO - Started process (PID=1048) to work on /home/airflow/.local/lib/python3.7/site-packages/airflow/example_dags/example_latest_only_with_trigger.py
[2022-10-06T00:46:48.752+0000] {processor.py:758} INFO - Processing file /home/airflow/.local/lib/python3.7/site-packages/airflow/example_dags/example_latest_only_with_trigger.py for tasks to queue
[2022-10-06T00:46:48.752+0000] {logging_mixin.py:117} INFO - [2022-10-06T00:46:48.752+0000] {dagbag.py:525} INFO - Filling up the DagBag from /home/airflow/.local/lib/python3.7/site-packages/airflow/example_dags/example_latest_only_with_trigger.py
[2022-10-06T00:46:48.761+0000] {processor.py:768} INFO - DAG(s) dict_keys(['latest_only_with_trigger']) retrieved from /home/airflow/.local/lib/python3.7/site-packages/airflow/example_dags/example_latest_only_with_trigger.py
[2022-10-06T00:46:48.785+0000] {logging_mixin.py:117} INFO - [2022-10-06T00:46:48.785+0000] {dag.py:2573} INFO - Sync 1 DAGs
[2022-10-06T00:46:48.802+0000] {logging_mixin.py:117} INFO - [2022-10-06T00:46:48.802+0000] {dag.py:3328} INFO - Setting next_dagrun for latest_only_with_trigger to 2022-10-05T20:46:48.802062+00:00, run_after=2022-10-06T00:46:48.802062+00:00
[2022-10-06T00:46:48.815+0000] {processor.py:178} INFO - Processing /home/airflow/.local/lib/python3.7/site-packages/airflow/example_dags/example_latest_only_with_trigger.py took 0.065 seconds
[2022-10-06T00:47:19.710+0000] {processor.py:156} INFO - Started process (PID=1111) to work on /home/airflow/.local/lib/python3.7/site-packages/airflow/example_dags/example_latest_only_with_trigger.py
[2022-10-06T00:47:19.711+0000] {processor.py:758} INFO - Processing file /home/airflow/.local/lib/python3.7/site-packages/airflow/example_dags/example_latest_only_with_trigger.py for tasks to queue
[2022-10-06T00:47:19.711+0000] {logging_mixin.py:117} INFO - [2022-10-06T00:47:19.711+0000] {dagbag.py:525} INFO - Filling up the DagBag from /home/airflow/.local/lib/python3.7/site-packages/airflow/example_dags/example_latest_only_with_trigger.py
[2022-10-06T00:47:19.719+0000] {processor.py:768} INFO - DAG(s) dict_keys(['latest_only_with_trigger']) retrieved from /home/airflow/.local/lib/python3.7/site-packages/airflow/example_dags/example_latest_only_with_trigger.py
[2022-10-06T00:47:19.744+0000] {logging_mixin.py:117} INFO - [2022-10-06T00:47:19.744+0000] {dag.py:2573} INFO - Sync 1 DAGs
[2022-10-06T00:47:19.761+0000] {logging_mixin.py:117} INFO - [2022-10-06T00:47:19.761+0000] {dag.py:3328} INFO - Setting next_dagrun for latest_only_with_trigger to 2022-10-05T20:47:19.761088+00:00, run_after=2022-10-06T00:47:19.761088+00:00
[2022-10-06T00:47:19.774+0000] {processor.py:178} INFO - Processing /home/airflow/.local/lib/python3.7/site-packages/airflow/example_dags/example_latest_only_with_trigger.py took 0.066 seconds
[2022-10-06T00:47:50.865+0000] {processor.py:156} INFO - Started process (PID=1166) to work on /home/airflow/.local/lib/python3.7/site-packages/airflow/example_dags/example_latest_only_with_trigger.py
[2022-10-06T00:47:50.866+0000] {processor.py:758} INFO - Processing file /home/airflow/.local/lib/python3.7/site-packages/airflow/example_dags/example_latest_only_with_trigger.py for tasks to queue
[2022-10-06T00:47:50.866+0000] {logging_mixin.py:117} INFO - [2022-10-06T00:47:50.866+0000] {dagbag.py:525} INFO - Filling up the DagBag from /home/airflow/.local/lib/python3.7/site-packages/airflow/example_dags/example_latest_only_with_trigger.py
[2022-10-06T00:47:50.875+0000] {processor.py:768} INFO - DAG(s) dict_keys(['latest_only_with_trigger']) retrieved from /home/airflow/.local/lib/python3.7/site-packages/airflow/example_dags/example_latest_only_with_trigger.py
[2022-10-06T00:47:50.906+0000] {logging_mixin.py:117} INFO - [2022-10-06T00:47:50.906+0000] {dag.py:2573} INFO - Sync 1 DAGs
[2022-10-06T00:47:50.927+0000] {logging_mixin.py:117} INFO - [2022-10-06T00:47:50.926+0000] {dag.py:3328} INFO - Setting next_dagrun for latest_only_with_trigger to 2022-10-05T20:47:50.926655+00:00, run_after=2022-10-06T00:47:50.926655+00:00
[2022-10-06T00:47:50.942+0000] {processor.py:178} INFO - Processing /home/airflow/.local/lib/python3.7/site-packages/airflow/example_dags/example_latest_only_with_trigger.py took 0.078 seconds
[2022-10-06T00:48:21.031+0000] {processor.py:156} INFO - Started process (PID=1231) to work on /home/airflow/.local/lib/python3.7/site-packages/airflow/example_dags/example_latest_only_with_trigger.py
[2022-10-06T00:48:21.031+0000] {processor.py:758} INFO - Processing file /home/airflow/.local/lib/python3.7/site-packages/airflow/example_dags/example_latest_only_with_trigger.py for tasks to queue
[2022-10-06T00:48:21.032+0000] {logging_mixin.py:117} INFO - [2022-10-06T00:48:21.032+0000] {dagbag.py:525} INFO - Filling up the DagBag from /home/airflow/.local/lib/python3.7/site-packages/airflow/example_dags/example_latest_only_with_trigger.py
[2022-10-06T00:48:21.040+0000] {processor.py:768} INFO - DAG(s) dict_keys(['latest_only_with_trigger']) retrieved from /home/airflow/.local/lib/python3.7/site-packages/airflow/example_dags/example_latest_only_with_trigger.py
[2022-10-06T00:48:21.065+0000] {logging_mixin.py:117} INFO - [2022-10-06T00:48:21.065+0000] {dag.py:2573} INFO - Sync 1 DAGs
[2022-10-06T00:48:21.081+0000] {logging_mixin.py:117} INFO - [2022-10-06T00:48:21.081+0000] {dag.py:3328} INFO - Setting next_dagrun for latest_only_with_trigger to 2022-10-05T20:48:21.081350+00:00, run_after=2022-10-06T00:48:21.081350+00:00
[2022-10-06T00:48:21.094+0000] {processor.py:178} INFO - Processing /home/airflow/.local/lib/python3.7/site-packages/airflow/example_dags/example_latest_only_with_trigger.py took 0.064 seconds
[2022-10-06T00:48:51.463+0000] {processor.py:156} INFO - Started process (PID=1295) to work on /home/airflow/.local/lib/python3.7/site-packages/airflow/example_dags/example_latest_only_with_trigger.py
[2022-10-06T00:48:51.463+0000] {processor.py:758} INFO - Processing file /home/airflow/.local/lib/python3.7/site-packages/airflow/example_dags/example_latest_only_with_trigger.py for tasks to queue
[2022-10-06T00:48:51.464+0000] {logging_mixin.py:117} INFO - [2022-10-06T00:48:51.464+0000] {dagbag.py:525} INFO - Filling up the DagBag from /home/airflow/.local/lib/python3.7/site-packages/airflow/example_dags/example_latest_only_with_trigger.py
[2022-10-06T00:48:51.475+0000] {processor.py:768} INFO - DAG(s) dict_keys(['latest_only_with_trigger']) retrieved from /home/airflow/.local/lib/python3.7/site-packages/airflow/example_dags/example_latest_only_with_trigger.py
[2022-10-06T00:48:51.503+0000] {logging_mixin.py:117} INFO - [2022-10-06T00:48:51.503+0000] {dag.py:2573} INFO - Sync 1 DAGs
[2022-10-06T00:48:51.523+0000] {logging_mixin.py:117} INFO - [2022-10-06T00:48:51.523+0000] {dag.py:3328} INFO - Setting next_dagrun for latest_only_with_trigger to 2022-10-05T20:48:51.523178+00:00, run_after=2022-10-06T00:48:51.523178+00:00
[2022-10-06T00:48:51.536+0000] {processor.py:178} INFO - Processing /home/airflow/.local/lib/python3.7/site-packages/airflow/example_dags/example_latest_only_with_trigger.py took 0.076 seconds
[2022-10-06T00:49:22.536+0000] {processor.py:156} INFO - Started process (PID=1360) to work on /home/airflow/.local/lib/python3.7/site-packages/airflow/example_dags/example_latest_only_with_trigger.py
[2022-10-06T00:49:22.536+0000] {processor.py:758} INFO - Processing file /home/airflow/.local/lib/python3.7/site-packages/airflow/example_dags/example_latest_only_with_trigger.py for tasks to queue
[2022-10-06T00:49:22.537+0000] {logging_mixin.py:117} INFO - [2022-10-06T00:49:22.537+0000] {dagbag.py:525} INFO - Filling up the DagBag from /home/airflow/.local/lib/python3.7/site-packages/airflow/example_dags/example_latest_only_with_trigger.py
[2022-10-06T00:49:22.546+0000] {processor.py:768} INFO - DAG(s) dict_keys(['latest_only_with_trigger']) retrieved from /home/airflow/.local/lib/python3.7/site-packages/airflow/example_dags/example_latest_only_with_trigger.py
[2022-10-06T00:49:22.572+0000] {logging_mixin.py:117} INFO - [2022-10-06T00:49:22.572+0000] {dag.py:2573} INFO - Sync 1 DAGs
[2022-10-06T00:49:22.589+0000] {logging_mixin.py:117} INFO - [2022-10-06T00:49:22.589+0000] {dag.py:3328} INFO - Setting next_dagrun for latest_only_with_trigger to 2022-10-05T20:49:22.589089+00:00, run_after=2022-10-06T00:49:22.589089+00:00
[2022-10-06T00:49:22.601+0000] {processor.py:178} INFO - Processing /home/airflow/.local/lib/python3.7/site-packages/airflow/example_dags/example_latest_only_with_trigger.py took 0.066 seconds
[2022-10-06T23:51:07.701+0000] {processor.py:156} INFO - Started process (PID=51) to work on /home/airflow/.local/lib/python3.7/site-packages/airflow/example_dags/example_latest_only_with_trigger.py
[2022-10-06T23:51:07.702+0000] {processor.py:758} INFO - Processing file /home/airflow/.local/lib/python3.7/site-packages/airflow/example_dags/example_latest_only_with_trigger.py for tasks to queue
[2022-10-06T23:51:07.702+0000] {logging_mixin.py:117} INFO - [2022-10-06T23:51:07.702+0000] {dagbag.py:525} INFO - Filling up the DagBag from /home/airflow/.local/lib/python3.7/site-packages/airflow/example_dags/example_latest_only_with_trigger.py
[2022-10-06T23:51:07.713+0000] {processor.py:768} INFO - DAG(s) dict_keys(['latest_only_with_trigger']) retrieved from /home/airflow/.local/lib/python3.7/site-packages/airflow/example_dags/example_latest_only_with_trigger.py
[2022-10-06T23:51:07.730+0000] {logging_mixin.py:117} INFO - [2022-10-06T23:51:07.730+0000] {dag.py:2573} INFO - Sync 1 DAGs
[2022-10-06T23:51:07.752+0000] {logging_mixin.py:117} INFO - [2022-10-06T23:51:07.752+0000] {dag.py:3328} INFO - Setting next_dagrun for latest_only_with_trigger to 2022-10-06T19:51:07.752000+00:00, run_after=2022-10-06T23:51:07.752000+00:00
[2022-10-06T23:51:07.767+0000] {processor.py:178} INFO - Processing /home/airflow/.local/lib/python3.7/site-packages/airflow/example_dags/example_latest_only_with_trigger.py took 0.068 seconds
[2022-10-06T23:51:38.582+0000] {processor.py:156} INFO - Started process (PID=115) to work on /home/airflow/.local/lib/python3.7/site-packages/airflow/example_dags/example_latest_only_with_trigger.py
[2022-10-06T23:51:38.582+0000] {processor.py:758} INFO - Processing file /home/airflow/.local/lib/python3.7/site-packages/airflow/example_dags/example_latest_only_with_trigger.py for tasks to queue
[2022-10-06T23:51:38.583+0000] {logging_mixin.py:117} INFO - [2022-10-06T23:51:38.583+0000] {dagbag.py:525} INFO - Filling up the DagBag from /home/airflow/.local/lib/python3.7/site-packages/airflow/example_dags/example_latest_only_with_trigger.py
[2022-10-06T23:51:38.592+0000] {processor.py:768} INFO - DAG(s) dict_keys(['latest_only_with_trigger']) retrieved from /home/airflow/.local/lib/python3.7/site-packages/airflow/example_dags/example_latest_only_with_trigger.py
[2022-10-06T23:51:38.619+0000] {logging_mixin.py:117} INFO - [2022-10-06T23:51:38.619+0000] {dag.py:2573} INFO - Sync 1 DAGs
[2022-10-06T23:51:38.637+0000] {logging_mixin.py:117} INFO - [2022-10-06T23:51:38.636+0000] {dag.py:3328} INFO - Setting next_dagrun for latest_only_with_trigger to 2022-10-06T19:51:38.636843+00:00, run_after=2022-10-06T23:51:38.636843+00:00
[2022-10-06T23:51:38.650+0000] {processor.py:178} INFO - Processing /home/airflow/.local/lib/python3.7/site-packages/airflow/example_dags/example_latest_only_with_trigger.py took 0.070 seconds
[2022-10-06T23:52:08.938+0000] {processor.py:156} INFO - Started process (PID=180) to work on /home/airflow/.local/lib/python3.7/site-packages/airflow/example_dags/example_latest_only_with_trigger.py
[2022-10-06T23:52:08.939+0000] {processor.py:758} INFO - Processing file /home/airflow/.local/lib/python3.7/site-packages/airflow/example_dags/example_latest_only_with_trigger.py for tasks to queue
[2022-10-06T23:52:08.939+0000] {logging_mixin.py:117} INFO - [2022-10-06T23:52:08.939+0000] {dagbag.py:525} INFO - Filling up the DagBag from /home/airflow/.local/lib/python3.7/site-packages/airflow/example_dags/example_latest_only_with_trigger.py
[2022-10-06T23:52:08.948+0000] {processor.py:768} INFO - DAG(s) dict_keys(['latest_only_with_trigger']) retrieved from /home/airflow/.local/lib/python3.7/site-packages/airflow/example_dags/example_latest_only_with_trigger.py
[2022-10-06T23:52:08.973+0000] {logging_mixin.py:117} INFO - [2022-10-06T23:52:08.973+0000] {dag.py:2573} INFO - Sync 1 DAGs
[2022-10-06T23:52:08.991+0000] {logging_mixin.py:117} INFO - [2022-10-06T23:52:08.990+0000] {dag.py:3328} INFO - Setting next_dagrun for latest_only_with_trigger to 2022-10-06T19:52:08.990745+00:00, run_after=2022-10-06T23:52:08.990745+00:00
[2022-10-06T23:52:09.006+0000] {processor.py:178} INFO - Processing /home/airflow/.local/lib/python3.7/site-packages/airflow/example_dags/example_latest_only_with_trigger.py took 0.069 seconds
[2022-10-06T23:52:39.893+0000] {processor.py:156} INFO - Started process (PID=244) to work on /home/airflow/.local/lib/python3.7/site-packages/airflow/example_dags/example_latest_only_with_trigger.py
[2022-10-06T23:52:39.894+0000] {processor.py:758} INFO - Processing file /home/airflow/.local/lib/python3.7/site-packages/airflow/example_dags/example_latest_only_with_trigger.py for tasks to queue
[2022-10-06T23:52:39.895+0000] {logging_mixin.py:117} INFO - [2022-10-06T23:52:39.895+0000] {dagbag.py:525} INFO - Filling up the DagBag from /home/airflow/.local/lib/python3.7/site-packages/airflow/example_dags/example_latest_only_with_trigger.py
[2022-10-06T23:52:39.904+0000] {processor.py:768} INFO - DAG(s) dict_keys(['latest_only_with_trigger']) retrieved from /home/airflow/.local/lib/python3.7/site-packages/airflow/example_dags/example_latest_only_with_trigger.py
[2022-10-06T23:52:39.931+0000] {logging_mixin.py:117} INFO - [2022-10-06T23:52:39.930+0000] {dag.py:2573} INFO - Sync 1 DAGs
[2022-10-06T23:52:39.949+0000] {logging_mixin.py:117} INFO - [2022-10-06T23:52:39.948+0000] {dag.py:3328} INFO - Setting next_dagrun for latest_only_with_trigger to 2022-10-06T19:52:39.948789+00:00, run_after=2022-10-06T23:52:39.948789+00:00
[2022-10-06T23:52:39.963+0000] {processor.py:178} INFO - Processing /home/airflow/.local/lib/python3.7/site-packages/airflow/example_dags/example_latest_only_with_trigger.py took 0.071 seconds
[2022-10-06T23:53:10.229+0000] {processor.py:156} INFO - Started process (PID=299) to work on /home/airflow/.local/lib/python3.7/site-packages/airflow/example_dags/example_latest_only_with_trigger.py
[2022-10-06T23:53:10.230+0000] {processor.py:758} INFO - Processing file /home/airflow/.local/lib/python3.7/site-packages/airflow/example_dags/example_latest_only_with_trigger.py for tasks to queue
[2022-10-06T23:53:10.230+0000] {logging_mixin.py:117} INFO - [2022-10-06T23:53:10.230+0000] {dagbag.py:525} INFO - Filling up the DagBag from /home/airflow/.local/lib/python3.7/site-packages/airflow/example_dags/example_latest_only_with_trigger.py
[2022-10-06T23:53:10.239+0000] {processor.py:768} INFO - DAG(s) dict_keys(['latest_only_with_trigger']) retrieved from /home/airflow/.local/lib/python3.7/site-packages/airflow/example_dags/example_latest_only_with_trigger.py
[2022-10-06T23:53:10.267+0000] {logging_mixin.py:117} INFO - [2022-10-06T23:53:10.267+0000] {dag.py:2573} INFO - Sync 1 DAGs
[2022-10-06T23:53:10.287+0000] {logging_mixin.py:117} INFO - [2022-10-06T23:53:10.287+0000] {dag.py:3328} INFO - Setting next_dagrun for latest_only_with_trigger to 2022-10-06T19:53:10.286871+00:00, run_after=2022-10-06T23:53:10.286871+00:00
[2022-10-06T23:53:10.301+0000] {processor.py:178} INFO - Processing /home/airflow/.local/lib/python3.7/site-packages/airflow/example_dags/example_latest_only_with_trigger.py took 0.074 seconds
[2022-10-06T23:53:40.569+0000] {processor.py:156} INFO - Started process (PID=370) to work on /home/airflow/.local/lib/python3.7/site-packages/airflow/example_dags/example_latest_only_with_trigger.py
[2022-10-06T23:53:40.569+0000] {processor.py:758} INFO - Processing file /home/airflow/.local/lib/python3.7/site-packages/airflow/example_dags/example_latest_only_with_trigger.py for tasks to queue
[2022-10-06T23:53:40.570+0000] {logging_mixin.py:117} INFO - [2022-10-06T23:53:40.570+0000] {dagbag.py:525} INFO - Filling up the DagBag from /home/airflow/.local/lib/python3.7/site-packages/airflow/example_dags/example_latest_only_with_trigger.py
[2022-10-06T23:53:40.579+0000] {processor.py:768} INFO - DAG(s) dict_keys(['latest_only_with_trigger']) retrieved from /home/airflow/.local/lib/python3.7/site-packages/airflow/example_dags/example_latest_only_with_trigger.py
[2022-10-06T23:53:40.607+0000] {logging_mixin.py:117} INFO - [2022-10-06T23:53:40.607+0000] {dag.py:2573} INFO - Sync 1 DAGs
[2022-10-06T23:53:40.625+0000] {logging_mixin.py:117} INFO - [2022-10-06T23:53:40.625+0000] {dag.py:3328} INFO - Setting next_dagrun for latest_only_with_trigger to 2022-10-06T19:53:40.625046+00:00, run_after=2022-10-06T23:53:40.625046+00:00
[2022-10-06T23:53:40.639+0000] {processor.py:178} INFO - Processing /home/airflow/.local/lib/python3.7/site-packages/airflow/example_dags/example_latest_only_with_trigger.py took 0.071 seconds
[2022-10-06T23:54:10.851+0000] {processor.py:156} INFO - Started process (PID=435) to work on /home/airflow/.local/lib/python3.7/site-packages/airflow/example_dags/example_latest_only_with_trigger.py
[2022-10-06T23:54:10.852+0000] {processor.py:758} INFO - Processing file /home/airflow/.local/lib/python3.7/site-packages/airflow/example_dags/example_latest_only_with_trigger.py for tasks to queue
[2022-10-06T23:54:10.852+0000] {logging_mixin.py:117} INFO - [2022-10-06T23:54:10.852+0000] {dagbag.py:525} INFO - Filling up the DagBag from /home/airflow/.local/lib/python3.7/site-packages/airflow/example_dags/example_latest_only_with_trigger.py
[2022-10-06T23:54:10.863+0000] {processor.py:768} INFO - DAG(s) dict_keys(['latest_only_with_trigger']) retrieved from /home/airflow/.local/lib/python3.7/site-packages/airflow/example_dags/example_latest_only_with_trigger.py
[2022-10-06T23:54:10.891+0000] {logging_mixin.py:117} INFO - [2022-10-06T23:54:10.891+0000] {dag.py:2573} INFO - Sync 1 DAGs
[2022-10-06T23:54:10.910+0000] {logging_mixin.py:117} INFO - [2022-10-06T23:54:10.910+0000] {dag.py:3328} INFO - Setting next_dagrun for latest_only_with_trigger to 2022-10-06T19:54:10.910409+00:00, run_after=2022-10-06T23:54:10.910409+00:00
[2022-10-06T23:54:10.925+0000] {processor.py:178} INFO - Processing /home/airflow/.local/lib/python3.7/site-packages/airflow/example_dags/example_latest_only_with_trigger.py took 0.076 seconds
[2022-10-06T23:54:41.897+0000] {processor.py:156} INFO - Started process (PID=500) to work on /home/airflow/.local/lib/python3.7/site-packages/airflow/example_dags/example_latest_only_with_trigger.py
[2022-10-06T23:54:41.898+0000] {processor.py:758} INFO - Processing file /home/airflow/.local/lib/python3.7/site-packages/airflow/example_dags/example_latest_only_with_trigger.py for tasks to queue
[2022-10-06T23:54:41.898+0000] {logging_mixin.py:117} INFO - [2022-10-06T23:54:41.898+0000] {dagbag.py:525} INFO - Filling up the DagBag from /home/airflow/.local/lib/python3.7/site-packages/airflow/example_dags/example_latest_only_with_trigger.py
[2022-10-06T23:54:41.908+0000] {processor.py:768} INFO - DAG(s) dict_keys(['latest_only_with_trigger']) retrieved from /home/airflow/.local/lib/python3.7/site-packages/airflow/example_dags/example_latest_only_with_trigger.py
[2022-10-06T23:54:41.936+0000] {logging_mixin.py:117} INFO - [2022-10-06T23:54:41.936+0000] {dag.py:2573} INFO - Sync 1 DAGs
[2022-10-06T23:54:41.958+0000] {logging_mixin.py:117} INFO - [2022-10-06T23:54:41.958+0000] {dag.py:3328} INFO - Setting next_dagrun for latest_only_with_trigger to 2022-10-06T19:54:41.958549+00:00, run_after=2022-10-06T23:54:41.958549+00:00
[2022-10-06T23:54:41.972+0000] {processor.py:178} INFO - Processing /home/airflow/.local/lib/python3.7/site-packages/airflow/example_dags/example_latest_only_with_trigger.py took 0.076 seconds
[2022-10-06T23:55:12.198+0000] {processor.py:156} INFO - Started process (PID=555) to work on /home/airflow/.local/lib/python3.7/site-packages/airflow/example_dags/example_latest_only_with_trigger.py
[2022-10-06T23:55:12.199+0000] {processor.py:758} INFO - Processing file /home/airflow/.local/lib/python3.7/site-packages/airflow/example_dags/example_latest_only_with_trigger.py for tasks to queue
[2022-10-06T23:55:12.200+0000] {logging_mixin.py:117} INFO - [2022-10-06T23:55:12.200+0000] {dagbag.py:525} INFO - Filling up the DagBag from /home/airflow/.local/lib/python3.7/site-packages/airflow/example_dags/example_latest_only_with_trigger.py
[2022-10-06T23:55:12.209+0000] {processor.py:768} INFO - DAG(s) dict_keys(['latest_only_with_trigger']) retrieved from /home/airflow/.local/lib/python3.7/site-packages/airflow/example_dags/example_latest_only_with_trigger.py
[2022-10-06T23:55:12.236+0000] {logging_mixin.py:117} INFO - [2022-10-06T23:55:12.236+0000] {dag.py:2573} INFO - Sync 1 DAGs
[2022-10-06T23:55:12.256+0000] {logging_mixin.py:117} INFO - [2022-10-06T23:55:12.256+0000] {dag.py:3328} INFO - Setting next_dagrun for latest_only_with_trigger to 2022-10-06T19:55:12.255927+00:00, run_after=2022-10-06T23:55:12.255927+00:00
[2022-10-06T23:55:12.268+0000] {processor.py:178} INFO - Processing /home/airflow/.local/lib/python3.7/site-packages/airflow/example_dags/example_latest_only_with_trigger.py took 0.072 seconds
[2022-10-06T23:55:43.283+0000] {processor.py:156} INFO - Started process (PID=619) to work on /home/airflow/.local/lib/python3.7/site-packages/airflow/example_dags/example_latest_only_with_trigger.py
[2022-10-06T23:55:43.283+0000] {processor.py:758} INFO - Processing file /home/airflow/.local/lib/python3.7/site-packages/airflow/example_dags/example_latest_only_with_trigger.py for tasks to queue
[2022-10-06T23:55:43.284+0000] {logging_mixin.py:117} INFO - [2022-10-06T23:55:43.284+0000] {dagbag.py:525} INFO - Filling up the DagBag from /home/airflow/.local/lib/python3.7/site-packages/airflow/example_dags/example_latest_only_with_trigger.py
[2022-10-06T23:55:43.292+0000] {processor.py:768} INFO - DAG(s) dict_keys(['latest_only_with_trigger']) retrieved from /home/airflow/.local/lib/python3.7/site-packages/airflow/example_dags/example_latest_only_with_trigger.py
[2022-10-06T23:55:43.317+0000] {logging_mixin.py:117} INFO - [2022-10-06T23:55:43.317+0000] {dag.py:2573} INFO - Sync 1 DAGs
[2022-10-06T23:55:43.334+0000] {logging_mixin.py:117} INFO - [2022-10-06T23:55:43.334+0000] {dag.py:3328} INFO - Setting next_dagrun for latest_only_with_trigger to 2022-10-06T19:55:43.333943+00:00, run_after=2022-10-06T23:55:43.333943+00:00
[2022-10-06T23:55:43.346+0000] {processor.py:178} INFO - Processing /home/airflow/.local/lib/python3.7/site-packages/airflow/example_dags/example_latest_only_with_trigger.py took 0.065 seconds
[2022-10-06T23:56:14.298+0000] {processor.py:156} INFO - Started process (PID=683) to work on /home/airflow/.local/lib/python3.7/site-packages/airflow/example_dags/example_latest_only_with_trigger.py
[2022-10-06T23:56:14.298+0000] {processor.py:758} INFO - Processing file /home/airflow/.local/lib/python3.7/site-packages/airflow/example_dags/example_latest_only_with_trigger.py for tasks to queue
[2022-10-06T23:56:14.299+0000] {logging_mixin.py:117} INFO - [2022-10-06T23:56:14.298+0000] {dagbag.py:525} INFO - Filling up the DagBag from /home/airflow/.local/lib/python3.7/site-packages/airflow/example_dags/example_latest_only_with_trigger.py
[2022-10-06T23:56:14.307+0000] {processor.py:768} INFO - DAG(s) dict_keys(['latest_only_with_trigger']) retrieved from /home/airflow/.local/lib/python3.7/site-packages/airflow/example_dags/example_latest_only_with_trigger.py
[2022-10-06T23:56:14.332+0000] {logging_mixin.py:117} INFO - [2022-10-06T23:56:14.332+0000] {dag.py:2573} INFO - Sync 1 DAGs
[2022-10-06T23:56:14.349+0000] {logging_mixin.py:117} INFO - [2022-10-06T23:56:14.348+0000] {dag.py:3328} INFO - Setting next_dagrun for latest_only_with_trigger to 2022-10-06T19:56:14.348730+00:00, run_after=2022-10-06T23:56:14.348730+00:00
[2022-10-06T23:56:14.362+0000] {processor.py:178} INFO - Processing /home/airflow/.local/lib/python3.7/site-packages/airflow/example_dags/example_latest_only_with_trigger.py took 0.066 seconds
[2022-10-06T23:56:45.189+0000] {processor.py:156} INFO - Started process (PID=747) to work on /home/airflow/.local/lib/python3.7/site-packages/airflow/example_dags/example_latest_only_with_trigger.py
[2022-10-06T23:56:45.189+0000] {processor.py:758} INFO - Processing file /home/airflow/.local/lib/python3.7/site-packages/airflow/example_dags/example_latest_only_with_trigger.py for tasks to queue
[2022-10-06T23:56:45.190+0000] {logging_mixin.py:117} INFO - [2022-10-06T23:56:45.190+0000] {dagbag.py:525} INFO - Filling up the DagBag from /home/airflow/.local/lib/python3.7/site-packages/airflow/example_dags/example_latest_only_with_trigger.py
[2022-10-06T23:56:45.199+0000] {processor.py:768} INFO - DAG(s) dict_keys(['latest_only_with_trigger']) retrieved from /home/airflow/.local/lib/python3.7/site-packages/airflow/example_dags/example_latest_only_with_trigger.py
[2022-10-06T23:56:45.224+0000] {logging_mixin.py:117} INFO - [2022-10-06T23:56:45.224+0000] {dag.py:2573} INFO - Sync 1 DAGs
[2022-10-06T23:56:45.244+0000] {logging_mixin.py:117} INFO - [2022-10-06T23:56:45.244+0000] {dag.py:3328} INFO - Setting next_dagrun for latest_only_with_trigger to 2022-10-06T19:56:45.244096+00:00, run_after=2022-10-06T23:56:45.244096+00:00
[2022-10-06T23:56:45.257+0000] {processor.py:178} INFO - Processing /home/airflow/.local/lib/python3.7/site-packages/airflow/example_dags/example_latest_only_with_trigger.py took 0.070 seconds
[2022-10-06T23:57:15.524+0000] {processor.py:156} INFO - Started process (PID=811) to work on /home/airflow/.local/lib/python3.7/site-packages/airflow/example_dags/example_latest_only_with_trigger.py
[2022-10-06T23:57:15.524+0000] {processor.py:758} INFO - Processing file /home/airflow/.local/lib/python3.7/site-packages/airflow/example_dags/example_latest_only_with_trigger.py for tasks to queue
[2022-10-06T23:57:15.525+0000] {logging_mixin.py:117} INFO - [2022-10-06T23:57:15.525+0000] {dagbag.py:525} INFO - Filling up the DagBag from /home/airflow/.local/lib/python3.7/site-packages/airflow/example_dags/example_latest_only_with_trigger.py
[2022-10-06T23:57:15.535+0000] {processor.py:768} INFO - DAG(s) dict_keys(['latest_only_with_trigger']) retrieved from /home/airflow/.local/lib/python3.7/site-packages/airflow/example_dags/example_latest_only_with_trigger.py
[2022-10-06T23:57:15.563+0000] {logging_mixin.py:117} INFO - [2022-10-06T23:57:15.562+0000] {dag.py:2573} INFO - Sync 1 DAGs
[2022-10-06T23:57:15.580+0000] {logging_mixin.py:117} INFO - [2022-10-06T23:57:15.580+0000] {dag.py:3328} INFO - Setting next_dagrun for latest_only_with_trigger to 2022-10-06T19:57:15.580099+00:00, run_after=2022-10-06T23:57:15.580099+00:00
[2022-10-06T23:57:15.594+0000] {processor.py:178} INFO - Processing /home/airflow/.local/lib/python3.7/site-packages/airflow/example_dags/example_latest_only_with_trigger.py took 0.072 seconds
[2022-10-06T23:57:46.528+0000] {processor.py:156} INFO - Started process (PID=869) to work on /home/airflow/.local/lib/python3.7/site-packages/airflow/example_dags/example_latest_only_with_trigger.py
[2022-10-06T23:57:46.529+0000] {processor.py:758} INFO - Processing file /home/airflow/.local/lib/python3.7/site-packages/airflow/example_dags/example_latest_only_with_trigger.py for tasks to queue
[2022-10-06T23:57:46.529+0000] {logging_mixin.py:117} INFO - [2022-10-06T23:57:46.529+0000] {dagbag.py:525} INFO - Filling up the DagBag from /home/airflow/.local/lib/python3.7/site-packages/airflow/example_dags/example_latest_only_with_trigger.py
[2022-10-06T23:57:46.538+0000] {processor.py:768} INFO - DAG(s) dict_keys(['latest_only_with_trigger']) retrieved from /home/airflow/.local/lib/python3.7/site-packages/airflow/example_dags/example_latest_only_with_trigger.py
[2022-10-06T23:57:46.564+0000] {logging_mixin.py:117} INFO - [2022-10-06T23:57:46.564+0000] {dag.py:2573} INFO - Sync 1 DAGs
[2022-10-06T23:57:46.583+0000] {logging_mixin.py:117} INFO - [2022-10-06T23:57:46.583+0000] {dag.py:3328} INFO - Setting next_dagrun for latest_only_with_trigger to 2022-10-06T19:57:46.583390+00:00, run_after=2022-10-06T23:57:46.583390+00:00
[2022-10-06T23:57:46.596+0000] {processor.py:178} INFO - Processing /home/airflow/.local/lib/python3.7/site-packages/airflow/example_dags/example_latest_only_with_trigger.py took 0.070 seconds
[2022-10-06T23:58:17.542+0000] {processor.py:156} INFO - Started process (PID=933) to work on /home/airflow/.local/lib/python3.7/site-packages/airflow/example_dags/example_latest_only_with_trigger.py
[2022-10-06T23:58:17.543+0000] {processor.py:758} INFO - Processing file /home/airflow/.local/lib/python3.7/site-packages/airflow/example_dags/example_latest_only_with_trigger.py for tasks to queue
[2022-10-06T23:58:17.543+0000] {logging_mixin.py:117} INFO - [2022-10-06T23:58:17.543+0000] {dagbag.py:525} INFO - Filling up the DagBag from /home/airflow/.local/lib/python3.7/site-packages/airflow/example_dags/example_latest_only_with_trigger.py
[2022-10-06T23:58:17.553+0000] {processor.py:768} INFO - DAG(s) dict_keys(['latest_only_with_trigger']) retrieved from /home/airflow/.local/lib/python3.7/site-packages/airflow/example_dags/example_latest_only_with_trigger.py
[2022-10-06T23:58:17.580+0000] {logging_mixin.py:117} INFO - [2022-10-06T23:58:17.580+0000] {dag.py:2573} INFO - Sync 1 DAGs
[2022-10-06T23:58:17.599+0000] {logging_mixin.py:117} INFO - [2022-10-06T23:58:17.598+0000] {dag.py:3328} INFO - Setting next_dagrun for latest_only_with_trigger to 2022-10-06T19:58:17.598843+00:00, run_after=2022-10-06T23:58:17.598843+00:00
[2022-10-06T23:58:17.614+0000] {processor.py:178} INFO - Processing /home/airflow/.local/lib/python3.7/site-packages/airflow/example_dags/example_latest_only_with_trigger.py took 0.073 seconds
[2022-10-06T23:58:48.735+0000] {processor.py:156} INFO - Started process (PID=997) to work on /home/airflow/.local/lib/python3.7/site-packages/airflow/example_dags/example_latest_only_with_trigger.py
[2022-10-06T23:58:48.735+0000] {processor.py:758} INFO - Processing file /home/airflow/.local/lib/python3.7/site-packages/airflow/example_dags/example_latest_only_with_trigger.py for tasks to queue
[2022-10-06T23:58:48.736+0000] {logging_mixin.py:117} INFO - [2022-10-06T23:58:48.736+0000] {dagbag.py:525} INFO - Filling up the DagBag from /home/airflow/.local/lib/python3.7/site-packages/airflow/example_dags/example_latest_only_with_trigger.py
[2022-10-06T23:58:48.745+0000] {processor.py:768} INFO - DAG(s) dict_keys(['latest_only_with_trigger']) retrieved from /home/airflow/.local/lib/python3.7/site-packages/airflow/example_dags/example_latest_only_with_trigger.py
[2022-10-06T23:58:48.771+0000] {logging_mixin.py:117} INFO - [2022-10-06T23:58:48.771+0000] {dag.py:2573} INFO - Sync 1 DAGs
[2022-10-06T23:58:48.790+0000] {logging_mixin.py:117} INFO - [2022-10-06T23:58:48.790+0000] {dag.py:3328} INFO - Setting next_dagrun for latest_only_with_trigger to 2022-10-06T19:58:48.789994+00:00, run_after=2022-10-06T23:58:48.789994+00:00
[2022-10-06T23:58:48.803+0000] {processor.py:178} INFO - Processing /home/airflow/.local/lib/python3.7/site-packages/airflow/example_dags/example_latest_only_with_trigger.py took 0.069 seconds
[2022-10-06T23:59:19.017+0000] {processor.py:156} INFO - Started process (PID=1061) to work on /home/airflow/.local/lib/python3.7/site-packages/airflow/example_dags/example_latest_only_with_trigger.py
[2022-10-06T23:59:19.018+0000] {processor.py:758} INFO - Processing file /home/airflow/.local/lib/python3.7/site-packages/airflow/example_dags/example_latest_only_with_trigger.py for tasks to queue
[2022-10-06T23:59:19.018+0000] {logging_mixin.py:117} INFO - [2022-10-06T23:59:19.018+0000] {dagbag.py:525} INFO - Filling up the DagBag from /home/airflow/.local/lib/python3.7/site-packages/airflow/example_dags/example_latest_only_with_trigger.py
[2022-10-06T23:59:19.027+0000] {processor.py:768} INFO - DAG(s) dict_keys(['latest_only_with_trigger']) retrieved from /home/airflow/.local/lib/python3.7/site-packages/airflow/example_dags/example_latest_only_with_trigger.py
[2022-10-06T23:59:19.064+0000] {logging_mixin.py:117} INFO - [2022-10-06T23:59:19.064+0000] {dag.py:2573} INFO - Sync 1 DAGs
[2022-10-06T23:59:19.092+0000] {logging_mixin.py:117} INFO - [2022-10-06T23:59:19.092+0000] {dag.py:3328} INFO - Setting next_dagrun for latest_only_with_trigger to 2022-10-06T19:59:19.092082+00:00, run_after=2022-10-06T23:59:19.092082+00:00
[2022-10-06T23:59:19.110+0000] {processor.py:178} INFO - Processing /home/airflow/.local/lib/python3.7/site-packages/airflow/example_dags/example_latest_only_with_trigger.py took 0.095 seconds
[2022-10-06T23:59:50.129+0000] {processor.py:156} INFO - Started process (PID=1125) to work on /home/airflow/.local/lib/python3.7/site-packages/airflow/example_dags/example_latest_only_with_trigger.py
[2022-10-06T23:59:50.129+0000] {processor.py:758} INFO - Processing file /home/airflow/.local/lib/python3.7/site-packages/airflow/example_dags/example_latest_only_with_trigger.py for tasks to queue
[2022-10-06T23:59:50.130+0000] {logging_mixin.py:117} INFO - [2022-10-06T23:59:50.130+0000] {dagbag.py:525} INFO - Filling up the DagBag from /home/airflow/.local/lib/python3.7/site-packages/airflow/example_dags/example_latest_only_with_trigger.py
[2022-10-06T23:59:50.139+0000] {processor.py:768} INFO - DAG(s) dict_keys(['latest_only_with_trigger']) retrieved from /home/airflow/.local/lib/python3.7/site-packages/airflow/example_dags/example_latest_only_with_trigger.py
[2022-10-06T23:59:50.167+0000] {logging_mixin.py:117} INFO - [2022-10-06T23:59:50.167+0000] {dag.py:2573} INFO - Sync 1 DAGs
[2022-10-06T23:59:50.186+0000] {logging_mixin.py:117} INFO - [2022-10-06T23:59:50.186+0000] {dag.py:3328} INFO - Setting next_dagrun for latest_only_with_trigger to 2022-10-06T19:59:50.186052+00:00, run_after=2022-10-06T23:59:50.186052+00:00
[2022-10-06T23:59:50.199+0000] {processor.py:178} INFO - Processing /home/airflow/.local/lib/python3.7/site-packages/airflow/example_dags/example_latest_only_with_trigger.py took 0.072 seconds
