[2022-10-06T00:38:36.695+0000] {processor.py:156} INFO - Started process (PID=61) to work on /home/airflow/.local/lib/python3.7/site-packages/airflow/example_dags/example_task_group.py
[2022-10-06T00:38:36.696+0000] {processor.py:758} INFO - Processing file /home/airflow/.local/lib/python3.7/site-packages/airflow/example_dags/example_task_group.py for tasks to queue
[2022-10-06T00:38:36.696+0000] {logging_mixin.py:117} INFO - [2022-10-06T00:38:36.696+0000] {dagbag.py:525} INFO - Filling up the DagBag from /home/airflow/.local/lib/python3.7/site-packages/airflow/example_dags/example_task_group.py
[2022-10-06T00:38:36.716+0000] {processor.py:768} INFO - DAG(s) dict_keys(['example_task_group']) retrieved from /home/airflow/.local/lib/python3.7/site-packages/airflow/example_dags/example_task_group.py
[2022-10-06T00:38:36.911+0000] {logging_mixin.py:117} INFO - [2022-10-06T00:38:36.911+0000] {dag.py:2573} INFO - Sync 1 DAGs
[2022-10-06T00:38:36.945+0000] {logging_mixin.py:117} INFO - [2022-10-06T00:38:36.945+0000] {dag.py:3328} INFO - Setting next_dagrun for example_task_group to 2022-10-05T00:38:36.945161+00:00, run_after=2022-10-06T00:38:36.945161+00:00
[2022-10-06T00:38:36.964+0000] {processor.py:178} INFO - Processing /home/airflow/.local/lib/python3.7/site-packages/airflow/example_dags/example_task_group.py took 0.272 seconds
[2022-10-06T00:39:07.266+0000] {processor.py:156} INFO - Started process (PID=125) to work on /home/airflow/.local/lib/python3.7/site-packages/airflow/example_dags/example_task_group.py
[2022-10-06T00:39:07.267+0000] {processor.py:758} INFO - Processing file /home/airflow/.local/lib/python3.7/site-packages/airflow/example_dags/example_task_group.py for tasks to queue
[2022-10-06T00:39:07.268+0000] {logging_mixin.py:117} INFO - [2022-10-06T00:39:07.268+0000] {dagbag.py:525} INFO - Filling up the DagBag from /home/airflow/.local/lib/python3.7/site-packages/airflow/example_dags/example_task_group.py
[2022-10-06T00:39:07.278+0000] {processor.py:768} INFO - DAG(s) dict_keys(['example_task_group']) retrieved from /home/airflow/.local/lib/python3.7/site-packages/airflow/example_dags/example_task_group.py
[2022-10-06T00:39:07.383+0000] {logging_mixin.py:117} INFO - [2022-10-06T00:39:07.383+0000] {dag.py:2573} INFO - Sync 1 DAGs
[2022-10-06T00:39:07.400+0000] {logging_mixin.py:117} INFO - [2022-10-06T00:39:07.400+0000] {dag.py:3328} INFO - Setting next_dagrun for example_task_group to 2022-10-05T00:39:07.399867+00:00, run_after=2022-10-06T00:39:07.399867+00:00
[2022-10-06T00:39:07.413+0000] {processor.py:178} INFO - Processing /home/airflow/.local/lib/python3.7/site-packages/airflow/example_dags/example_task_group.py took 0.149 seconds
[2022-10-06T00:39:37.918+0000] {processor.py:156} INFO - Started process (PID=190) to work on /home/airflow/.local/lib/python3.7/site-packages/airflow/example_dags/example_task_group.py
[2022-10-06T00:39:37.918+0000] {processor.py:758} INFO - Processing file /home/airflow/.local/lib/python3.7/site-packages/airflow/example_dags/example_task_group.py for tasks to queue
[2022-10-06T00:39:37.919+0000] {logging_mixin.py:117} INFO - [2022-10-06T00:39:37.918+0000] {dagbag.py:525} INFO - Filling up the DagBag from /home/airflow/.local/lib/python3.7/site-packages/airflow/example_dags/example_task_group.py
[2022-10-06T00:39:38.008+0000] {processor.py:768} INFO - DAG(s) dict_keys(['example_task_group']) retrieved from /home/airflow/.local/lib/python3.7/site-packages/airflow/example_dags/example_task_group.py
[2022-10-06T00:39:38.037+0000] {logging_mixin.py:117} INFO - [2022-10-06T00:39:38.037+0000] {dag.py:2573} INFO - Sync 1 DAGs
[2022-10-06T00:39:38.060+0000] {logging_mixin.py:117} INFO - [2022-10-06T00:39:38.060+0000] {dag.py:3328} INFO - Setting next_dagrun for example_task_group to 2022-10-05T00:39:38.060310+00:00, run_after=2022-10-06T00:39:38.060310+00:00
[2022-10-06T00:39:38.075+0000] {processor.py:178} INFO - Processing /home/airflow/.local/lib/python3.7/site-packages/airflow/example_dags/example_task_group.py took 0.159 seconds
[2022-10-06T00:40:08.528+0000] {processor.py:156} INFO - Started process (PID=254) to work on /home/airflow/.local/lib/python3.7/site-packages/airflow/example_dags/example_task_group.py
[2022-10-06T00:40:08.528+0000] {processor.py:758} INFO - Processing file /home/airflow/.local/lib/python3.7/site-packages/airflow/example_dags/example_task_group.py for tasks to queue
[2022-10-06T00:40:08.529+0000] {logging_mixin.py:117} INFO - [2022-10-06T00:40:08.528+0000] {dagbag.py:525} INFO - Filling up the DagBag from /home/airflow/.local/lib/python3.7/site-packages/airflow/example_dags/example_task_group.py
[2022-10-06T00:40:08.539+0000] {processor.py:768} INFO - DAG(s) dict_keys(['example_task_group']) retrieved from /home/airflow/.local/lib/python3.7/site-packages/airflow/example_dags/example_task_group.py
[2022-10-06T00:40:08.568+0000] {logging_mixin.py:117} INFO - [2022-10-06T00:40:08.568+0000] {dag.py:2573} INFO - Sync 1 DAGs
[2022-10-06T00:40:08.586+0000] {logging_mixin.py:117} INFO - [2022-10-06T00:40:08.586+0000] {dag.py:3328} INFO - Setting next_dagrun for example_task_group to 2022-10-05T00:40:08.586348+00:00, run_after=2022-10-06T00:40:08.586348+00:00
[2022-10-06T00:40:08.600+0000] {processor.py:178} INFO - Processing /home/airflow/.local/lib/python3.7/site-packages/airflow/example_dags/example_task_group.py took 0.074 seconds
[2022-10-06T00:40:39.424+0000] {processor.py:156} INFO - Started process (PID=309) to work on /home/airflow/.local/lib/python3.7/site-packages/airflow/example_dags/example_task_group.py
[2022-10-06T00:40:39.425+0000] {processor.py:758} INFO - Processing file /home/airflow/.local/lib/python3.7/site-packages/airflow/example_dags/example_task_group.py for tasks to queue
[2022-10-06T00:40:39.425+0000] {logging_mixin.py:117} INFO - [2022-10-06T00:40:39.425+0000] {dagbag.py:525} INFO - Filling up the DagBag from /home/airflow/.local/lib/python3.7/site-packages/airflow/example_dags/example_task_group.py
[2022-10-06T00:40:39.436+0000] {processor.py:768} INFO - DAG(s) dict_keys(['example_task_group']) retrieved from /home/airflow/.local/lib/python3.7/site-packages/airflow/example_dags/example_task_group.py
[2022-10-06T00:40:39.468+0000] {logging_mixin.py:117} INFO - [2022-10-06T00:40:39.468+0000] {dag.py:2573} INFO - Sync 1 DAGs
[2022-10-06T00:40:39.487+0000] {logging_mixin.py:117} INFO - [2022-10-06T00:40:39.487+0000] {dag.py:3328} INFO - Setting next_dagrun for example_task_group to 2022-10-05T00:40:39.487077+00:00, run_after=2022-10-06T00:40:39.487077+00:00
[2022-10-06T00:40:39.501+0000] {processor.py:178} INFO - Processing /home/airflow/.local/lib/python3.7/site-packages/airflow/example_dags/example_task_group.py took 0.078 seconds
[2022-10-06T00:41:09.637+0000] {processor.py:156} INFO - Started process (PID=373) to work on /home/airflow/.local/lib/python3.7/site-packages/airflow/example_dags/example_task_group.py
[2022-10-06T00:41:09.638+0000] {processor.py:758} INFO - Processing file /home/airflow/.local/lib/python3.7/site-packages/airflow/example_dags/example_task_group.py for tasks to queue
[2022-10-06T00:41:09.638+0000] {logging_mixin.py:117} INFO - [2022-10-06T00:41:09.638+0000] {dagbag.py:525} INFO - Filling up the DagBag from /home/airflow/.local/lib/python3.7/site-packages/airflow/example_dags/example_task_group.py
[2022-10-06T00:41:09.649+0000] {processor.py:768} INFO - DAG(s) dict_keys(['example_task_group']) retrieved from /home/airflow/.local/lib/python3.7/site-packages/airflow/example_dags/example_task_group.py
[2022-10-06T00:41:09.679+0000] {logging_mixin.py:117} INFO - [2022-10-06T00:41:09.679+0000] {dag.py:2573} INFO - Sync 1 DAGs
[2022-10-06T00:41:09.696+0000] {logging_mixin.py:117} INFO - [2022-10-06T00:41:09.696+0000] {dag.py:3328} INFO - Setting next_dagrun for example_task_group to 2022-10-05T00:41:09.696662+00:00, run_after=2022-10-06T00:41:09.696662+00:00
[2022-10-06T00:41:09.710+0000] {processor.py:178} INFO - Processing /home/airflow/.local/lib/python3.7/site-packages/airflow/example_dags/example_task_group.py took 0.074 seconds
[2022-10-06T00:41:40.648+0000] {processor.py:156} INFO - Started process (PID=437) to work on /home/airflow/.local/lib/python3.7/site-packages/airflow/example_dags/example_task_group.py
[2022-10-06T00:41:40.648+0000] {processor.py:758} INFO - Processing file /home/airflow/.local/lib/python3.7/site-packages/airflow/example_dags/example_task_group.py for tasks to queue
[2022-10-06T00:41:40.648+0000] {logging_mixin.py:117} INFO - [2022-10-06T00:41:40.648+0000] {dagbag.py:525} INFO - Filling up the DagBag from /home/airflow/.local/lib/python3.7/site-packages/airflow/example_dags/example_task_group.py
[2022-10-06T00:41:40.660+0000] {processor.py:768} INFO - DAG(s) dict_keys(['example_task_group']) retrieved from /home/airflow/.local/lib/python3.7/site-packages/airflow/example_dags/example_task_group.py
[2022-10-06T00:41:40.688+0000] {logging_mixin.py:117} INFO - [2022-10-06T00:41:40.688+0000] {dag.py:2573} INFO - Sync 1 DAGs
[2022-10-06T00:41:40.707+0000] {logging_mixin.py:117} INFO - [2022-10-06T00:41:40.707+0000] {dag.py:3328} INFO - Setting next_dagrun for example_task_group to 2022-10-05T00:41:40.707179+00:00, run_after=2022-10-06T00:41:40.707179+00:00
[2022-10-06T00:41:40.720+0000] {processor.py:178} INFO - Processing /home/airflow/.local/lib/python3.7/site-packages/airflow/example_dags/example_task_group.py took 0.075 seconds
[2022-10-06T00:42:11.919+0000] {processor.py:156} INFO - Started process (PID=501) to work on /home/airflow/.local/lib/python3.7/site-packages/airflow/example_dags/example_task_group.py
[2022-10-06T00:42:11.919+0000] {processor.py:758} INFO - Processing file /home/airflow/.local/lib/python3.7/site-packages/airflow/example_dags/example_task_group.py for tasks to queue
[2022-10-06T00:42:11.920+0000] {logging_mixin.py:117} INFO - [2022-10-06T00:42:11.920+0000] {dagbag.py:525} INFO - Filling up the DagBag from /home/airflow/.local/lib/python3.7/site-packages/airflow/example_dags/example_task_group.py
[2022-10-06T00:42:11.929+0000] {processor.py:768} INFO - DAG(s) dict_keys(['example_task_group']) retrieved from /home/airflow/.local/lib/python3.7/site-packages/airflow/example_dags/example_task_group.py
[2022-10-06T00:42:11.960+0000] {logging_mixin.py:117} INFO - [2022-10-06T00:42:11.959+0000] {dag.py:2573} INFO - Sync 1 DAGs
[2022-10-06T00:42:11.977+0000] {logging_mixin.py:117} INFO - [2022-10-06T00:42:11.977+0000] {dag.py:3328} INFO - Setting next_dagrun for example_task_group to 2022-10-05T00:42:11.977398+00:00, run_after=2022-10-06T00:42:11.977398+00:00
[2022-10-06T00:42:11.994+0000] {processor.py:178} INFO - Processing /home/airflow/.local/lib/python3.7/site-packages/airflow/example_dags/example_task_group.py took 0.078 seconds
[2022-10-06T00:42:42.091+0000] {processor.py:156} INFO - Started process (PID=556) to work on /home/airflow/.local/lib/python3.7/site-packages/airflow/example_dags/example_task_group.py
[2022-10-06T00:42:42.091+0000] {processor.py:758} INFO - Processing file /home/airflow/.local/lib/python3.7/site-packages/airflow/example_dags/example_task_group.py for tasks to queue
[2022-10-06T00:42:42.092+0000] {logging_mixin.py:117} INFO - [2022-10-06T00:42:42.091+0000] {dagbag.py:525} INFO - Filling up the DagBag from /home/airflow/.local/lib/python3.7/site-packages/airflow/example_dags/example_task_group.py
[2022-10-06T00:42:42.104+0000] {processor.py:768} INFO - DAG(s) dict_keys(['example_task_group']) retrieved from /home/airflow/.local/lib/python3.7/site-packages/airflow/example_dags/example_task_group.py
[2022-10-06T00:42:42.135+0000] {logging_mixin.py:117} INFO - [2022-10-06T00:42:42.135+0000] {dag.py:2573} INFO - Sync 1 DAGs
[2022-10-06T00:42:42.157+0000] {logging_mixin.py:117} INFO - [2022-10-06T00:42:42.157+0000] {dag.py:3328} INFO - Setting next_dagrun for example_task_group to 2022-10-05T00:42:42.157288+00:00, run_after=2022-10-06T00:42:42.157288+00:00
[2022-10-06T00:42:42.170+0000] {processor.py:178} INFO - Processing /home/airflow/.local/lib/python3.7/site-packages/airflow/example_dags/example_task_group.py took 0.081 seconds
[2022-10-06T00:43:13.061+0000] {processor.py:156} INFO - Started process (PID=620) to work on /home/airflow/.local/lib/python3.7/site-packages/airflow/example_dags/example_task_group.py
[2022-10-06T00:43:13.061+0000] {processor.py:758} INFO - Processing file /home/airflow/.local/lib/python3.7/site-packages/airflow/example_dags/example_task_group.py for tasks to queue
[2022-10-06T00:43:13.062+0000] {logging_mixin.py:117} INFO - [2022-10-06T00:43:13.062+0000] {dagbag.py:525} INFO - Filling up the DagBag from /home/airflow/.local/lib/python3.7/site-packages/airflow/example_dags/example_task_group.py
[2022-10-06T00:43:13.072+0000] {processor.py:768} INFO - DAG(s) dict_keys(['example_task_group']) retrieved from /home/airflow/.local/lib/python3.7/site-packages/airflow/example_dags/example_task_group.py
[2022-10-06T00:43:13.101+0000] {logging_mixin.py:117} INFO - [2022-10-06T00:43:13.101+0000] {dag.py:2573} INFO - Sync 1 DAGs
[2022-10-06T00:43:13.120+0000] {logging_mixin.py:117} INFO - [2022-10-06T00:43:13.119+0000] {dag.py:3328} INFO - Setting next_dagrun for example_task_group to 2022-10-05T00:43:13.119845+00:00, run_after=2022-10-06T00:43:13.119845+00:00
[2022-10-06T00:43:13.134+0000] {processor.py:178} INFO - Processing /home/airflow/.local/lib/python3.7/site-packages/airflow/example_dags/example_task_group.py took 0.075 seconds
[2022-10-06T00:43:44.073+0000] {processor.py:156} INFO - Started process (PID=684) to work on /home/airflow/.local/lib/python3.7/site-packages/airflow/example_dags/example_task_group.py
[2022-10-06T00:43:44.074+0000] {processor.py:758} INFO - Processing file /home/airflow/.local/lib/python3.7/site-packages/airflow/example_dags/example_task_group.py for tasks to queue
[2022-10-06T00:43:44.074+0000] {logging_mixin.py:117} INFO - [2022-10-06T00:43:44.074+0000] {dagbag.py:525} INFO - Filling up the DagBag from /home/airflow/.local/lib/python3.7/site-packages/airflow/example_dags/example_task_group.py
[2022-10-06T00:43:44.084+0000] {processor.py:768} INFO - DAG(s) dict_keys(['example_task_group']) retrieved from /home/airflow/.local/lib/python3.7/site-packages/airflow/example_dags/example_task_group.py
[2022-10-06T00:43:44.111+0000] {logging_mixin.py:117} INFO - [2022-10-06T00:43:44.111+0000] {dag.py:2573} INFO - Sync 1 DAGs
[2022-10-06T00:43:44.129+0000] {logging_mixin.py:117} INFO - [2022-10-06T00:43:44.129+0000] {dag.py:3328} INFO - Setting next_dagrun for example_task_group to 2022-10-05T00:43:44.128981+00:00, run_after=2022-10-06T00:43:44.128981+00:00
[2022-10-06T00:43:44.141+0000] {processor.py:178} INFO - Processing /home/airflow/.local/lib/python3.7/site-packages/airflow/example_dags/example_task_group.py took 0.069 seconds
[2022-10-06T00:44:15.093+0000] {processor.py:156} INFO - Started process (PID=748) to work on /home/airflow/.local/lib/python3.7/site-packages/airflow/example_dags/example_task_group.py
[2022-10-06T00:44:15.094+0000] {processor.py:758} INFO - Processing file /home/airflow/.local/lib/python3.7/site-packages/airflow/example_dags/example_task_group.py for tasks to queue
[2022-10-06T00:44:15.094+0000] {logging_mixin.py:117} INFO - [2022-10-06T00:44:15.094+0000] {dagbag.py:525} INFO - Filling up the DagBag from /home/airflow/.local/lib/python3.7/site-packages/airflow/example_dags/example_task_group.py
[2022-10-06T00:44:15.103+0000] {processor.py:768} INFO - DAG(s) dict_keys(['example_task_group']) retrieved from /home/airflow/.local/lib/python3.7/site-packages/airflow/example_dags/example_task_group.py
[2022-10-06T00:44:15.129+0000] {logging_mixin.py:117} INFO - [2022-10-06T00:44:15.129+0000] {dag.py:2573} INFO - Sync 1 DAGs
[2022-10-06T00:44:15.147+0000] {logging_mixin.py:117} INFO - [2022-10-06T00:44:15.147+0000] {dag.py:3328} INFO - Setting next_dagrun for example_task_group to 2022-10-05T00:44:15.146921+00:00, run_after=2022-10-06T00:44:15.146921+00:00
[2022-10-06T00:44:15.160+0000] {processor.py:178} INFO - Processing /home/airflow/.local/lib/python3.7/site-packages/airflow/example_dags/example_task_group.py took 0.068 seconds
[2022-10-06T00:44:45.881+0000] {processor.py:156} INFO - Started process (PID=812) to work on /home/airflow/.local/lib/python3.7/site-packages/airflow/example_dags/example_task_group.py
[2022-10-06T00:44:45.881+0000] {processor.py:758} INFO - Processing file /home/airflow/.local/lib/python3.7/site-packages/airflow/example_dags/example_task_group.py for tasks to queue
[2022-10-06T00:44:45.881+0000] {logging_mixin.py:117} INFO - [2022-10-06T00:44:45.881+0000] {dagbag.py:525} INFO - Filling up the DagBag from /home/airflow/.local/lib/python3.7/site-packages/airflow/example_dags/example_task_group.py
[2022-10-06T00:44:45.890+0000] {processor.py:768} INFO - DAG(s) dict_keys(['example_task_group']) retrieved from /home/airflow/.local/lib/python3.7/site-packages/airflow/example_dags/example_task_group.py
[2022-10-06T00:44:45.916+0000] {logging_mixin.py:117} INFO - [2022-10-06T00:44:45.916+0000] {dag.py:2573} INFO - Sync 1 DAGs
[2022-10-06T00:44:45.936+0000] {logging_mixin.py:117} INFO - [2022-10-06T00:44:45.936+0000] {dag.py:3328} INFO - Setting next_dagrun for example_task_group to 2022-10-05T00:44:45.935825+00:00, run_after=2022-10-06T00:44:45.935825+00:00
[2022-10-06T00:44:45.950+0000] {processor.py:178} INFO - Processing /home/airflow/.local/lib/python3.7/site-packages/airflow/example_dags/example_task_group.py took 0.071 seconds
[2022-10-06T00:45:16.879+0000] {processor.py:156} INFO - Started process (PID=876) to work on /home/airflow/.local/lib/python3.7/site-packages/airflow/example_dags/example_task_group.py
[2022-10-06T00:45:16.880+0000] {processor.py:758} INFO - Processing file /home/airflow/.local/lib/python3.7/site-packages/airflow/example_dags/example_task_group.py for tasks to queue
[2022-10-06T00:45:16.880+0000] {logging_mixin.py:117} INFO - [2022-10-06T00:45:16.880+0000] {dagbag.py:525} INFO - Filling up the DagBag from /home/airflow/.local/lib/python3.7/site-packages/airflow/example_dags/example_task_group.py
[2022-10-06T00:45:16.891+0000] {processor.py:768} INFO - DAG(s) dict_keys(['example_task_group']) retrieved from /home/airflow/.local/lib/python3.7/site-packages/airflow/example_dags/example_task_group.py
[2022-10-06T00:45:16.923+0000] {logging_mixin.py:117} INFO - [2022-10-06T00:45:16.923+0000] {dag.py:2573} INFO - Sync 1 DAGs
[2022-10-06T00:45:16.946+0000] {logging_mixin.py:117} INFO - [2022-10-06T00:45:16.946+0000] {dag.py:3328} INFO - Setting next_dagrun for example_task_group to 2022-10-05T00:45:16.946480+00:00, run_after=2022-10-06T00:45:16.946480+00:00
[2022-10-06T00:45:16.961+0000] {processor.py:178} INFO - Processing /home/airflow/.local/lib/python3.7/site-packages/airflow/example_dags/example_task_group.py took 0.083 seconds
[2022-10-06T00:45:47.639+0000] {processor.py:156} INFO - Started process (PID=931) to work on /home/airflow/.local/lib/python3.7/site-packages/airflow/example_dags/example_task_group.py
[2022-10-06T00:45:47.639+0000] {processor.py:758} INFO - Processing file /home/airflow/.local/lib/python3.7/site-packages/airflow/example_dags/example_task_group.py for tasks to queue
[2022-10-06T00:45:47.640+0000] {logging_mixin.py:117} INFO - [2022-10-06T00:45:47.640+0000] {dagbag.py:525} INFO - Filling up the DagBag from /home/airflow/.local/lib/python3.7/site-packages/airflow/example_dags/example_task_group.py
[2022-10-06T00:45:47.649+0000] {processor.py:768} INFO - DAG(s) dict_keys(['example_task_group']) retrieved from /home/airflow/.local/lib/python3.7/site-packages/airflow/example_dags/example_task_group.py
[2022-10-06T00:45:47.676+0000] {logging_mixin.py:117} INFO - [2022-10-06T00:45:47.676+0000] {dag.py:2573} INFO - Sync 1 DAGs
[2022-10-06T00:45:47.697+0000] {logging_mixin.py:117} INFO - [2022-10-06T00:45:47.697+0000] {dag.py:3328} INFO - Setting next_dagrun for example_task_group to 2022-10-05T00:45:47.697549+00:00, run_after=2022-10-06T00:45:47.697549+00:00
[2022-10-06T00:45:47.711+0000] {processor.py:178} INFO - Processing /home/airflow/.local/lib/python3.7/site-packages/airflow/example_dags/example_task_group.py took 0.073 seconds
[2022-10-06T00:46:18.540+0000] {processor.py:156} INFO - Started process (PID=995) to work on /home/airflow/.local/lib/python3.7/site-packages/airflow/example_dags/example_task_group.py
[2022-10-06T00:46:18.540+0000] {processor.py:758} INFO - Processing file /home/airflow/.local/lib/python3.7/site-packages/airflow/example_dags/example_task_group.py for tasks to queue
[2022-10-06T00:46:18.541+0000] {logging_mixin.py:117} INFO - [2022-10-06T00:46:18.541+0000] {dagbag.py:525} INFO - Filling up the DagBag from /home/airflow/.local/lib/python3.7/site-packages/airflow/example_dags/example_task_group.py
[2022-10-06T00:46:18.550+0000] {processor.py:768} INFO - DAG(s) dict_keys(['example_task_group']) retrieved from /home/airflow/.local/lib/python3.7/site-packages/airflow/example_dags/example_task_group.py
[2022-10-06T00:46:18.577+0000] {logging_mixin.py:117} INFO - [2022-10-06T00:46:18.576+0000] {dag.py:2573} INFO - Sync 1 DAGs
[2022-10-06T00:46:18.594+0000] {logging_mixin.py:117} INFO - [2022-10-06T00:46:18.594+0000] {dag.py:3328} INFO - Setting next_dagrun for example_task_group to 2022-10-05T00:46:18.593986+00:00, run_after=2022-10-06T00:46:18.593986+00:00
[2022-10-06T00:46:18.606+0000] {processor.py:178} INFO - Processing /home/airflow/.local/lib/python3.7/site-packages/airflow/example_dags/example_task_group.py took 0.068 seconds
[2022-10-06T00:46:49.376+0000] {processor.py:156} INFO - Started process (PID=1059) to work on /home/airflow/.local/lib/python3.7/site-packages/airflow/example_dags/example_task_group.py
[2022-10-06T00:46:49.377+0000] {processor.py:758} INFO - Processing file /home/airflow/.local/lib/python3.7/site-packages/airflow/example_dags/example_task_group.py for tasks to queue
[2022-10-06T00:46:49.377+0000] {logging_mixin.py:117} INFO - [2022-10-06T00:46:49.377+0000] {dagbag.py:525} INFO - Filling up the DagBag from /home/airflow/.local/lib/python3.7/site-packages/airflow/example_dags/example_task_group.py
[2022-10-06T00:46:49.387+0000] {processor.py:768} INFO - DAG(s) dict_keys(['example_task_group']) retrieved from /home/airflow/.local/lib/python3.7/site-packages/airflow/example_dags/example_task_group.py
[2022-10-06T00:46:49.414+0000] {logging_mixin.py:117} INFO - [2022-10-06T00:46:49.414+0000] {dag.py:2573} INFO - Sync 1 DAGs
[2022-10-06T00:46:49.437+0000] {logging_mixin.py:117} INFO - [2022-10-06T00:46:49.437+0000] {dag.py:3328} INFO - Setting next_dagrun for example_task_group to 2022-10-05T00:46:49.437207+00:00, run_after=2022-10-06T00:46:49.437207+00:00
[2022-10-06T00:46:49.454+0000] {processor.py:178} INFO - Processing /home/airflow/.local/lib/python3.7/site-packages/airflow/example_dags/example_task_group.py took 0.080 seconds
[2022-10-06T00:47:20.440+0000] {processor.py:156} INFO - Started process (PID=1122) to work on /home/airflow/.local/lib/python3.7/site-packages/airflow/example_dags/example_task_group.py
[2022-10-06T00:47:20.441+0000] {processor.py:758} INFO - Processing file /home/airflow/.local/lib/python3.7/site-packages/airflow/example_dags/example_task_group.py for tasks to queue
[2022-10-06T00:47:20.441+0000] {logging_mixin.py:117} INFO - [2022-10-06T00:47:20.441+0000] {dagbag.py:525} INFO - Filling up the DagBag from /home/airflow/.local/lib/python3.7/site-packages/airflow/example_dags/example_task_group.py
[2022-10-06T00:47:20.451+0000] {processor.py:768} INFO - DAG(s) dict_keys(['example_task_group']) retrieved from /home/airflow/.local/lib/python3.7/site-packages/airflow/example_dags/example_task_group.py
[2022-10-06T00:47:20.478+0000] {logging_mixin.py:117} INFO - [2022-10-06T00:47:20.478+0000] {dag.py:2573} INFO - Sync 1 DAGs
[2022-10-06T00:47:20.497+0000] {logging_mixin.py:117} INFO - [2022-10-06T00:47:20.496+0000] {dag.py:3328} INFO - Setting next_dagrun for example_task_group to 2022-10-05T00:47:20.496750+00:00, run_after=2022-10-06T00:47:20.496750+00:00
[2022-10-06T00:47:20.511+0000] {processor.py:178} INFO - Processing /home/airflow/.local/lib/python3.7/site-packages/airflow/example_dags/example_task_group.py took 0.073 seconds
[2022-10-06T00:47:51.444+0000] {processor.py:156} INFO - Started process (PID=1186) to work on /home/airflow/.local/lib/python3.7/site-packages/airflow/example_dags/example_task_group.py
[2022-10-06T00:47:51.444+0000] {processor.py:758} INFO - Processing file /home/airflow/.local/lib/python3.7/site-packages/airflow/example_dags/example_task_group.py for tasks to queue
[2022-10-06T00:47:51.444+0000] {logging_mixin.py:117} INFO - [2022-10-06T00:47:51.444+0000] {dagbag.py:525} INFO - Filling up the DagBag from /home/airflow/.local/lib/python3.7/site-packages/airflow/example_dags/example_task_group.py
[2022-10-06T00:47:51.456+0000] {processor.py:768} INFO - DAG(s) dict_keys(['example_task_group']) retrieved from /home/airflow/.local/lib/python3.7/site-packages/airflow/example_dags/example_task_group.py
[2022-10-06T00:47:51.491+0000] {logging_mixin.py:117} INFO - [2022-10-06T00:47:51.491+0000] {dag.py:2573} INFO - Sync 1 DAGs
[2022-10-06T00:47:51.519+0000] {logging_mixin.py:117} INFO - [2022-10-06T00:47:51.519+0000] {dag.py:3328} INFO - Setting next_dagrun for example_task_group to 2022-10-05T00:47:51.519162+00:00, run_after=2022-10-06T00:47:51.519162+00:00
[2022-10-06T00:47:51.544+0000] {processor.py:178} INFO - Processing /home/airflow/.local/lib/python3.7/site-packages/airflow/example_dags/example_task_group.py took 0.103 seconds
[2022-10-06T00:48:21.625+0000] {processor.py:156} INFO - Started process (PID=1242) to work on /home/airflow/.local/lib/python3.7/site-packages/airflow/example_dags/example_task_group.py
[2022-10-06T00:48:21.626+0000] {processor.py:758} INFO - Processing file /home/airflow/.local/lib/python3.7/site-packages/airflow/example_dags/example_task_group.py for tasks to queue
[2022-10-06T00:48:21.626+0000] {logging_mixin.py:117} INFO - [2022-10-06T00:48:21.626+0000] {dagbag.py:525} INFO - Filling up the DagBag from /home/airflow/.local/lib/python3.7/site-packages/airflow/example_dags/example_task_group.py
[2022-10-06T00:48:21.635+0000] {processor.py:768} INFO - DAG(s) dict_keys(['example_task_group']) retrieved from /home/airflow/.local/lib/python3.7/site-packages/airflow/example_dags/example_task_group.py
[2022-10-06T00:48:21.660+0000] {logging_mixin.py:117} INFO - [2022-10-06T00:48:21.659+0000] {dag.py:2573} INFO - Sync 1 DAGs
[2022-10-06T00:48:21.679+0000] {logging_mixin.py:117} INFO - [2022-10-06T00:48:21.679+0000] {dag.py:3328} INFO - Setting next_dagrun for example_task_group to 2022-10-05T00:48:21.678898+00:00, run_after=2022-10-06T00:48:21.678898+00:00
[2022-10-06T00:48:21.693+0000] {processor.py:178} INFO - Processing /home/airflow/.local/lib/python3.7/site-packages/airflow/example_dags/example_task_group.py took 0.069 seconds
[2022-10-06T00:48:51.981+0000] {processor.py:156} INFO - Started process (PID=1306) to work on /home/airflow/.local/lib/python3.7/site-packages/airflow/example_dags/example_task_group.py
[2022-10-06T00:48:51.981+0000] {processor.py:758} INFO - Processing file /home/airflow/.local/lib/python3.7/site-packages/airflow/example_dags/example_task_group.py for tasks to queue
[2022-10-06T00:48:51.982+0000] {logging_mixin.py:117} INFO - [2022-10-06T00:48:51.982+0000] {dagbag.py:525} INFO - Filling up the DagBag from /home/airflow/.local/lib/python3.7/site-packages/airflow/example_dags/example_task_group.py
[2022-10-06T00:48:51.995+0000] {processor.py:768} INFO - DAG(s) dict_keys(['example_task_group']) retrieved from /home/airflow/.local/lib/python3.7/site-packages/airflow/example_dags/example_task_group.py
[2022-10-06T00:48:52.026+0000] {logging_mixin.py:117} INFO - [2022-10-06T00:48:52.026+0000] {dag.py:2573} INFO - Sync 1 DAGs
[2022-10-06T00:48:52.044+0000] {logging_mixin.py:117} INFO - [2022-10-06T00:48:52.044+0000] {dag.py:3328} INFO - Setting next_dagrun for example_task_group to 2022-10-05T00:48:52.044505+00:00, run_after=2022-10-06T00:48:52.044505+00:00
[2022-10-06T00:48:52.058+0000] {processor.py:178} INFO - Processing /home/airflow/.local/lib/python3.7/site-packages/airflow/example_dags/example_task_group.py took 0.080 seconds
[2022-10-06T00:49:23.121+0000] {processor.py:156} INFO - Started process (PID=1371) to work on /home/airflow/.local/lib/python3.7/site-packages/airflow/example_dags/example_task_group.py
[2022-10-06T00:49:23.121+0000] {processor.py:758} INFO - Processing file /home/airflow/.local/lib/python3.7/site-packages/airflow/example_dags/example_task_group.py for tasks to queue
[2022-10-06T00:49:23.122+0000] {logging_mixin.py:117} INFO - [2022-10-06T00:49:23.121+0000] {dagbag.py:525} INFO - Filling up the DagBag from /home/airflow/.local/lib/python3.7/site-packages/airflow/example_dags/example_task_group.py
[2022-10-06T00:49:23.131+0000] {processor.py:768} INFO - DAG(s) dict_keys(['example_task_group']) retrieved from /home/airflow/.local/lib/python3.7/site-packages/airflow/example_dags/example_task_group.py
[2022-10-06T00:49:23.157+0000] {logging_mixin.py:117} INFO - [2022-10-06T00:49:23.157+0000] {dag.py:2573} INFO - Sync 1 DAGs
[2022-10-06T00:49:23.176+0000] {logging_mixin.py:117} INFO - [2022-10-06T00:49:23.175+0000] {dag.py:3328} INFO - Setting next_dagrun for example_task_group to 2022-10-05T00:49:23.175714+00:00, run_after=2022-10-06T00:49:23.175714+00:00
[2022-10-06T00:49:23.191+0000] {processor.py:178} INFO - Processing /home/airflow/.local/lib/python3.7/site-packages/airflow/example_dags/example_task_group.py took 0.072 seconds
[2022-10-06T23:51:08.174+0000] {processor.py:156} INFO - Started process (PID=62) to work on /home/airflow/.local/lib/python3.7/site-packages/airflow/example_dags/example_task_group.py
[2022-10-06T23:51:08.175+0000] {processor.py:758} INFO - Processing file /home/airflow/.local/lib/python3.7/site-packages/airflow/example_dags/example_task_group.py for tasks to queue
[2022-10-06T23:51:08.175+0000] {logging_mixin.py:117} INFO - [2022-10-06T23:51:08.175+0000] {dagbag.py:525} INFO - Filling up the DagBag from /home/airflow/.local/lib/python3.7/site-packages/airflow/example_dags/example_task_group.py
[2022-10-06T23:51:08.186+0000] {processor.py:768} INFO - DAG(s) dict_keys(['example_task_group']) retrieved from /home/airflow/.local/lib/python3.7/site-packages/airflow/example_dags/example_task_group.py
[2022-10-06T23:51:08.202+0000] {logging_mixin.py:117} INFO - [2022-10-06T23:51:08.202+0000] {dag.py:2573} INFO - Sync 1 DAGs
[2022-10-06T23:51:08.222+0000] {logging_mixin.py:117} INFO - [2022-10-06T23:51:08.222+0000] {dag.py:3328} INFO - Setting next_dagrun for example_task_group to 2022-10-05T23:51:08.221899+00:00, run_after=2022-10-06T23:51:08.221899+00:00
[2022-10-06T23:51:08.235+0000] {processor.py:178} INFO - Processing /home/airflow/.local/lib/python3.7/site-packages/airflow/example_dags/example_task_group.py took 0.063 seconds
[2022-10-06T23:51:39.171+0000] {processor.py:156} INFO - Started process (PID=126) to work on /home/airflow/.local/lib/python3.7/site-packages/airflow/example_dags/example_task_group.py
[2022-10-06T23:51:39.172+0000] {processor.py:758} INFO - Processing file /home/airflow/.local/lib/python3.7/site-packages/airflow/example_dags/example_task_group.py for tasks to queue
[2022-10-06T23:51:39.172+0000] {logging_mixin.py:117} INFO - [2022-10-06T23:51:39.172+0000] {dagbag.py:525} INFO - Filling up the DagBag from /home/airflow/.local/lib/python3.7/site-packages/airflow/example_dags/example_task_group.py
[2022-10-06T23:51:39.183+0000] {processor.py:768} INFO - DAG(s) dict_keys(['example_task_group']) retrieved from /home/airflow/.local/lib/python3.7/site-packages/airflow/example_dags/example_task_group.py
[2022-10-06T23:51:39.210+0000] {logging_mixin.py:117} INFO - [2022-10-06T23:51:39.210+0000] {dag.py:2573} INFO - Sync 1 DAGs
[2022-10-06T23:51:39.229+0000] {logging_mixin.py:117} INFO - [2022-10-06T23:51:39.228+0000] {dag.py:3328} INFO - Setting next_dagrun for example_task_group to 2022-10-05T23:51:39.228729+00:00, run_after=2022-10-06T23:51:39.228729+00:00
[2022-10-06T23:51:39.242+0000] {processor.py:178} INFO - Processing /home/airflow/.local/lib/python3.7/site-packages/airflow/example_dags/example_task_group.py took 0.073 seconds
[2022-10-06T23:52:09.449+0000] {processor.py:156} INFO - Started process (PID=191) to work on /home/airflow/.local/lib/python3.7/site-packages/airflow/example_dags/example_task_group.py
[2022-10-06T23:52:09.450+0000] {processor.py:758} INFO - Processing file /home/airflow/.local/lib/python3.7/site-packages/airflow/example_dags/example_task_group.py for tasks to queue
[2022-10-06T23:52:09.450+0000] {logging_mixin.py:117} INFO - [2022-10-06T23:52:09.450+0000] {dagbag.py:525} INFO - Filling up the DagBag from /home/airflow/.local/lib/python3.7/site-packages/airflow/example_dags/example_task_group.py
[2022-10-06T23:52:09.461+0000] {processor.py:768} INFO - DAG(s) dict_keys(['example_task_group']) retrieved from /home/airflow/.local/lib/python3.7/site-packages/airflow/example_dags/example_task_group.py
[2022-10-06T23:52:09.487+0000] {logging_mixin.py:117} INFO - [2022-10-06T23:52:09.487+0000] {dag.py:2573} INFO - Sync 1 DAGs
[2022-10-06T23:52:09.504+0000] {logging_mixin.py:117} INFO - [2022-10-06T23:52:09.504+0000] {dag.py:3328} INFO - Setting next_dagrun for example_task_group to 2022-10-05T23:52:09.503917+00:00, run_after=2022-10-06T23:52:09.503917+00:00
[2022-10-06T23:52:09.518+0000] {processor.py:178} INFO - Processing /home/airflow/.local/lib/python3.7/site-packages/airflow/example_dags/example_task_group.py took 0.070 seconds
[2022-10-06T23:52:40.525+0000] {processor.py:156} INFO - Started process (PID=255) to work on /home/airflow/.local/lib/python3.7/site-packages/airflow/example_dags/example_task_group.py
[2022-10-06T23:52:40.526+0000] {processor.py:758} INFO - Processing file /home/airflow/.local/lib/python3.7/site-packages/airflow/example_dags/example_task_group.py for tasks to queue
[2022-10-06T23:52:40.526+0000] {logging_mixin.py:117} INFO - [2022-10-06T23:52:40.526+0000] {dagbag.py:525} INFO - Filling up the DagBag from /home/airflow/.local/lib/python3.7/site-packages/airflow/example_dags/example_task_group.py
[2022-10-06T23:52:40.537+0000] {processor.py:768} INFO - DAG(s) dict_keys(['example_task_group']) retrieved from /home/airflow/.local/lib/python3.7/site-packages/airflow/example_dags/example_task_group.py
[2022-10-06T23:52:40.568+0000] {logging_mixin.py:117} INFO - [2022-10-06T23:52:40.568+0000] {dag.py:2573} INFO - Sync 1 DAGs
[2022-10-06T23:52:40.591+0000] {logging_mixin.py:117} INFO - [2022-10-06T23:52:40.591+0000] {dag.py:3328} INFO - Setting next_dagrun for example_task_group to 2022-10-05T23:52:40.590986+00:00, run_after=2022-10-06T23:52:40.590986+00:00
[2022-10-06T23:52:40.606+0000] {processor.py:178} INFO - Processing /home/airflow/.local/lib/python3.7/site-packages/airflow/example_dags/example_task_group.py took 0.083 seconds
[2022-10-06T23:53:10.755+0000] {processor.py:156} INFO - Started process (PID=310) to work on /home/airflow/.local/lib/python3.7/site-packages/airflow/example_dags/example_task_group.py
[2022-10-06T23:53:10.756+0000] {processor.py:758} INFO - Processing file /home/airflow/.local/lib/python3.7/site-packages/airflow/example_dags/example_task_group.py for tasks to queue
[2022-10-06T23:53:10.756+0000] {logging_mixin.py:117} INFO - [2022-10-06T23:53:10.756+0000] {dagbag.py:525} INFO - Filling up the DagBag from /home/airflow/.local/lib/python3.7/site-packages/airflow/example_dags/example_task_group.py
[2022-10-06T23:53:10.765+0000] {processor.py:768} INFO - DAG(s) dict_keys(['example_task_group']) retrieved from /home/airflow/.local/lib/python3.7/site-packages/airflow/example_dags/example_task_group.py
[2022-10-06T23:53:10.791+0000] {logging_mixin.py:117} INFO - [2022-10-06T23:53:10.790+0000] {dag.py:2573} INFO - Sync 1 DAGs
[2022-10-06T23:53:10.807+0000] {logging_mixin.py:117} INFO - [2022-10-06T23:53:10.807+0000] {dag.py:3328} INFO - Setting next_dagrun for example_task_group to 2022-10-05T23:53:10.806884+00:00, run_after=2022-10-06T23:53:10.806884+00:00
[2022-10-06T23:53:10.819+0000] {processor.py:178} INFO - Processing /home/airflow/.local/lib/python3.7/site-packages/airflow/example_dags/example_task_group.py took 0.066 seconds
[2022-10-06T23:53:41.100+0000] {processor.py:156} INFO - Started process (PID=382) to work on /home/airflow/.local/lib/python3.7/site-packages/airflow/example_dags/example_task_group.py
[2022-10-06T23:53:41.101+0000] {processor.py:758} INFO - Processing file /home/airflow/.local/lib/python3.7/site-packages/airflow/example_dags/example_task_group.py for tasks to queue
[2022-10-06T23:53:41.101+0000] {logging_mixin.py:117} INFO - [2022-10-06T23:53:41.101+0000] {dagbag.py:525} INFO - Filling up the DagBag from /home/airflow/.local/lib/python3.7/site-packages/airflow/example_dags/example_task_group.py
[2022-10-06T23:53:41.110+0000] {processor.py:768} INFO - DAG(s) dict_keys(['example_task_group']) retrieved from /home/airflow/.local/lib/python3.7/site-packages/airflow/example_dags/example_task_group.py
[2022-10-06T23:53:41.136+0000] {logging_mixin.py:117} INFO - [2022-10-06T23:53:41.136+0000] {dag.py:2573} INFO - Sync 1 DAGs
[2022-10-06T23:53:41.153+0000] {logging_mixin.py:117} INFO - [2022-10-06T23:53:41.153+0000] {dag.py:3328} INFO - Setting next_dagrun for example_task_group to 2022-10-05T23:53:41.153460+00:00, run_after=2022-10-06T23:53:41.153460+00:00
[2022-10-06T23:53:41.166+0000] {processor.py:178} INFO - Processing /home/airflow/.local/lib/python3.7/site-packages/airflow/example_dags/example_task_group.py took 0.068 seconds
[2022-10-06T23:54:11.404+0000] {processor.py:156} INFO - Started process (PID=446) to work on /home/airflow/.local/lib/python3.7/site-packages/airflow/example_dags/example_task_group.py
[2022-10-06T23:54:11.405+0000] {processor.py:758} INFO - Processing file /home/airflow/.local/lib/python3.7/site-packages/airflow/example_dags/example_task_group.py for tasks to queue
[2022-10-06T23:54:11.405+0000] {logging_mixin.py:117} INFO - [2022-10-06T23:54:11.405+0000] {dagbag.py:525} INFO - Filling up the DagBag from /home/airflow/.local/lib/python3.7/site-packages/airflow/example_dags/example_task_group.py
[2022-10-06T23:54:11.415+0000] {processor.py:768} INFO - DAG(s) dict_keys(['example_task_group']) retrieved from /home/airflow/.local/lib/python3.7/site-packages/airflow/example_dags/example_task_group.py
[2022-10-06T23:54:11.443+0000] {logging_mixin.py:117} INFO - [2022-10-06T23:54:11.443+0000] {dag.py:2573} INFO - Sync 1 DAGs
[2022-10-06T23:54:11.461+0000] {logging_mixin.py:117} INFO - [2022-10-06T23:54:11.461+0000] {dag.py:3328} INFO - Setting next_dagrun for example_task_group to 2022-10-05T23:54:11.461078+00:00, run_after=2022-10-06T23:54:11.461078+00:00
[2022-10-06T23:54:11.475+0000] {processor.py:178} INFO - Processing /home/airflow/.local/lib/python3.7/site-packages/airflow/example_dags/example_task_group.py took 0.073 seconds
[2022-10-06T23:54:42.661+0000] {processor.py:156} INFO - Started process (PID=511) to work on /home/airflow/.local/lib/python3.7/site-packages/airflow/example_dags/example_task_group.py
[2022-10-06T23:54:42.661+0000] {processor.py:758} INFO - Processing file /home/airflow/.local/lib/python3.7/site-packages/airflow/example_dags/example_task_group.py for tasks to queue
[2022-10-06T23:54:42.662+0000] {logging_mixin.py:117} INFO - [2022-10-06T23:54:42.662+0000] {dagbag.py:525} INFO - Filling up the DagBag from /home/airflow/.local/lib/python3.7/site-packages/airflow/example_dags/example_task_group.py
[2022-10-06T23:54:42.673+0000] {processor.py:768} INFO - DAG(s) dict_keys(['example_task_group']) retrieved from /home/airflow/.local/lib/python3.7/site-packages/airflow/example_dags/example_task_group.py
[2022-10-06T23:54:42.702+0000] {logging_mixin.py:117} INFO - [2022-10-06T23:54:42.702+0000] {dag.py:2573} INFO - Sync 1 DAGs
[2022-10-06T23:54:42.723+0000] {logging_mixin.py:117} INFO - [2022-10-06T23:54:42.723+0000] {dag.py:3328} INFO - Setting next_dagrun for example_task_group to 2022-10-05T23:54:42.723137+00:00, run_after=2022-10-06T23:54:42.723137+00:00
[2022-10-06T23:54:42.739+0000] {processor.py:178} INFO - Processing /home/airflow/.local/lib/python3.7/site-packages/airflow/example_dags/example_task_group.py took 0.080 seconds
[2022-10-06T23:55:12.898+0000] {processor.py:156} INFO - Started process (PID=575) to work on /home/airflow/.local/lib/python3.7/site-packages/airflow/example_dags/example_task_group.py
[2022-10-06T23:55:12.898+0000] {processor.py:758} INFO - Processing file /home/airflow/.local/lib/python3.7/site-packages/airflow/example_dags/example_task_group.py for tasks to queue
[2022-10-06T23:55:12.899+0000] {logging_mixin.py:117} INFO - [2022-10-06T23:55:12.899+0000] {dagbag.py:525} INFO - Filling up the DagBag from /home/airflow/.local/lib/python3.7/site-packages/airflow/example_dags/example_task_group.py
[2022-10-06T23:55:12.910+0000] {processor.py:768} INFO - DAG(s) dict_keys(['example_task_group']) retrieved from /home/airflow/.local/lib/python3.7/site-packages/airflow/example_dags/example_task_group.py
[2022-10-06T23:55:12.942+0000] {logging_mixin.py:117} INFO - [2022-10-06T23:55:12.941+0000] {dag.py:2573} INFO - Sync 1 DAGs
[2022-10-06T23:55:12.962+0000] {logging_mixin.py:117} INFO - [2022-10-06T23:55:12.962+0000] {dag.py:3328} INFO - Setting next_dagrun for example_task_group to 2022-10-05T23:55:12.962495+00:00, run_after=2022-10-06T23:55:12.962495+00:00
[2022-10-06T23:55:12.976+0000] {processor.py:178} INFO - Processing /home/airflow/.local/lib/python3.7/site-packages/airflow/example_dags/example_task_group.py took 0.080 seconds
[2022-10-06T23:55:43.862+0000] {processor.py:156} INFO - Started process (PID=630) to work on /home/airflow/.local/lib/python3.7/site-packages/airflow/example_dags/example_task_group.py
[2022-10-06T23:55:43.862+0000] {processor.py:758} INFO - Processing file /home/airflow/.local/lib/python3.7/site-packages/airflow/example_dags/example_task_group.py for tasks to queue
[2022-10-06T23:55:43.863+0000] {logging_mixin.py:117} INFO - [2022-10-06T23:55:43.863+0000] {dagbag.py:525} INFO - Filling up the DagBag from /home/airflow/.local/lib/python3.7/site-packages/airflow/example_dags/example_task_group.py
[2022-10-06T23:55:43.873+0000] {processor.py:768} INFO - DAG(s) dict_keys(['example_task_group']) retrieved from /home/airflow/.local/lib/python3.7/site-packages/airflow/example_dags/example_task_group.py
[2022-10-06T23:55:43.899+0000] {logging_mixin.py:117} INFO - [2022-10-06T23:55:43.899+0000] {dag.py:2573} INFO - Sync 1 DAGs
[2022-10-06T23:55:43.917+0000] {logging_mixin.py:117} INFO - [2022-10-06T23:55:43.917+0000] {dag.py:3328} INFO - Setting next_dagrun for example_task_group to 2022-10-05T23:55:43.916889+00:00, run_after=2022-10-06T23:55:43.916889+00:00
[2022-10-06T23:55:43.929+0000] {processor.py:178} INFO - Processing /home/airflow/.local/lib/python3.7/site-packages/airflow/example_dags/example_task_group.py took 0.069 seconds
[2022-10-06T23:56:14.770+0000] {processor.py:156} INFO - Started process (PID=694) to work on /home/airflow/.local/lib/python3.7/site-packages/airflow/example_dags/example_task_group.py
[2022-10-06T23:56:14.770+0000] {processor.py:758} INFO - Processing file /home/airflow/.local/lib/python3.7/site-packages/airflow/example_dags/example_task_group.py for tasks to queue
[2022-10-06T23:56:14.771+0000] {logging_mixin.py:117} INFO - [2022-10-06T23:56:14.771+0000] {dagbag.py:525} INFO - Filling up the DagBag from /home/airflow/.local/lib/python3.7/site-packages/airflow/example_dags/example_task_group.py
[2022-10-06T23:56:14.782+0000] {processor.py:768} INFO - DAG(s) dict_keys(['example_task_group']) retrieved from /home/airflow/.local/lib/python3.7/site-packages/airflow/example_dags/example_task_group.py
[2022-10-06T23:56:14.809+0000] {logging_mixin.py:117} INFO - [2022-10-06T23:56:14.809+0000] {dag.py:2573} INFO - Sync 1 DAGs
[2022-10-06T23:56:14.827+0000] {logging_mixin.py:117} INFO - [2022-10-06T23:56:14.827+0000] {dag.py:3328} INFO - Setting next_dagrun for example_task_group to 2022-10-05T23:56:14.827161+00:00, run_after=2022-10-06T23:56:14.827161+00:00
[2022-10-06T23:56:14.841+0000] {processor.py:178} INFO - Processing /home/airflow/.local/lib/python3.7/site-packages/airflow/example_dags/example_task_group.py took 0.072 seconds
[2022-10-06T23:56:45.822+0000] {processor.py:156} INFO - Started process (PID=758) to work on /home/airflow/.local/lib/python3.7/site-packages/airflow/example_dags/example_task_group.py
[2022-10-06T23:56:45.823+0000] {processor.py:758} INFO - Processing file /home/airflow/.local/lib/python3.7/site-packages/airflow/example_dags/example_task_group.py for tasks to queue
[2022-10-06T23:56:45.823+0000] {logging_mixin.py:117} INFO - [2022-10-06T23:56:45.823+0000] {dagbag.py:525} INFO - Filling up the DagBag from /home/airflow/.local/lib/python3.7/site-packages/airflow/example_dags/example_task_group.py
[2022-10-06T23:56:45.833+0000] {processor.py:768} INFO - DAG(s) dict_keys(['example_task_group']) retrieved from /home/airflow/.local/lib/python3.7/site-packages/airflow/example_dags/example_task_group.py
[2022-10-06T23:56:45.859+0000] {logging_mixin.py:117} INFO - [2022-10-06T23:56:45.859+0000] {dag.py:2573} INFO - Sync 1 DAGs
[2022-10-06T23:56:45.877+0000] {logging_mixin.py:117} INFO - [2022-10-06T23:56:45.877+0000] {dag.py:3328} INFO - Setting next_dagrun for example_task_group to 2022-10-05T23:56:45.877650+00:00, run_after=2022-10-06T23:56:45.877650+00:00
[2022-10-06T23:56:45.891+0000] {processor.py:178} INFO - Processing /home/airflow/.local/lib/python3.7/site-packages/airflow/example_dags/example_task_group.py took 0.070 seconds
[2022-10-06T23:57:16.067+0000] {processor.py:156} INFO - Started process (PID=822) to work on /home/airflow/.local/lib/python3.7/site-packages/airflow/example_dags/example_task_group.py
[2022-10-06T23:57:16.068+0000] {processor.py:758} INFO - Processing file /home/airflow/.local/lib/python3.7/site-packages/airflow/example_dags/example_task_group.py for tasks to queue
[2022-10-06T23:57:16.068+0000] {logging_mixin.py:117} INFO - [2022-10-06T23:57:16.068+0000] {dagbag.py:525} INFO - Filling up the DagBag from /home/airflow/.local/lib/python3.7/site-packages/airflow/example_dags/example_task_group.py
[2022-10-06T23:57:16.079+0000] {processor.py:768} INFO - DAG(s) dict_keys(['example_task_group']) retrieved from /home/airflow/.local/lib/python3.7/site-packages/airflow/example_dags/example_task_group.py
[2022-10-06T23:57:16.105+0000] {logging_mixin.py:117} INFO - [2022-10-06T23:57:16.105+0000] {dag.py:2573} INFO - Sync 1 DAGs
[2022-10-06T23:57:16.123+0000] {logging_mixin.py:117} INFO - [2022-10-06T23:57:16.123+0000] {dag.py:3328} INFO - Setting next_dagrun for example_task_group to 2022-10-05T23:57:16.122987+00:00, run_after=2022-10-06T23:57:16.122987+00:00
[2022-10-06T23:57:16.136+0000] {processor.py:178} INFO - Processing /home/airflow/.local/lib/python3.7/site-packages/airflow/example_dags/example_task_group.py took 0.071 seconds
[2022-10-06T23:57:47.128+0000] {processor.py:156} INFO - Started process (PID=887) to work on /home/airflow/.local/lib/python3.7/site-packages/airflow/example_dags/example_task_group.py
[2022-10-06T23:57:47.129+0000] {processor.py:758} INFO - Processing file /home/airflow/.local/lib/python3.7/site-packages/airflow/example_dags/example_task_group.py for tasks to queue
[2022-10-06T23:57:47.129+0000] {logging_mixin.py:117} INFO - [2022-10-06T23:57:47.129+0000] {dagbag.py:525} INFO - Filling up the DagBag from /home/airflow/.local/lib/python3.7/site-packages/airflow/example_dags/example_task_group.py
[2022-10-06T23:57:47.139+0000] {processor.py:768} INFO - DAG(s) dict_keys(['example_task_group']) retrieved from /home/airflow/.local/lib/python3.7/site-packages/airflow/example_dags/example_task_group.py
[2022-10-06T23:57:47.166+0000] {logging_mixin.py:117} INFO - [2022-10-06T23:57:47.165+0000] {dag.py:2573} INFO - Sync 1 DAGs
[2022-10-06T23:57:47.183+0000] {logging_mixin.py:117} INFO - [2022-10-06T23:57:47.183+0000] {dag.py:3328} INFO - Setting next_dagrun for example_task_group to 2022-10-05T23:57:47.183108+00:00, run_after=2022-10-06T23:57:47.183108+00:00
[2022-10-06T23:57:47.195+0000] {processor.py:178} INFO - Processing /home/airflow/.local/lib/python3.7/site-packages/airflow/example_dags/example_task_group.py took 0.069 seconds
[2022-10-06T23:58:18.175+0000] {processor.py:156} INFO - Started process (PID=944) to work on /home/airflow/.local/lib/python3.7/site-packages/airflow/example_dags/example_task_group.py
[2022-10-06T23:58:18.176+0000] {processor.py:758} INFO - Processing file /home/airflow/.local/lib/python3.7/site-packages/airflow/example_dags/example_task_group.py for tasks to queue
[2022-10-06T23:58:18.176+0000] {logging_mixin.py:117} INFO - [2022-10-06T23:58:18.176+0000] {dagbag.py:525} INFO - Filling up the DagBag from /home/airflow/.local/lib/python3.7/site-packages/airflow/example_dags/example_task_group.py
[2022-10-06T23:58:18.186+0000] {processor.py:768} INFO - DAG(s) dict_keys(['example_task_group']) retrieved from /home/airflow/.local/lib/python3.7/site-packages/airflow/example_dags/example_task_group.py
[2022-10-06T23:58:18.212+0000] {logging_mixin.py:117} INFO - [2022-10-06T23:58:18.212+0000] {dag.py:2573} INFO - Sync 1 DAGs
[2022-10-06T23:58:18.230+0000] {logging_mixin.py:117} INFO - [2022-10-06T23:58:18.230+0000] {dag.py:3328} INFO - Setting next_dagrun for example_task_group to 2022-10-05T23:58:18.230175+00:00, run_after=2022-10-06T23:58:18.230175+00:00
[2022-10-06T23:58:18.244+0000] {processor.py:178} INFO - Processing /home/airflow/.local/lib/python3.7/site-packages/airflow/example_dags/example_task_group.py took 0.070 seconds
[2022-10-06T23:58:49.510+0000] {processor.py:156} INFO - Started process (PID=1008) to work on /home/airflow/.local/lib/python3.7/site-packages/airflow/example_dags/example_task_group.py
[2022-10-06T23:58:49.510+0000] {processor.py:758} INFO - Processing file /home/airflow/.local/lib/python3.7/site-packages/airflow/example_dags/example_task_group.py for tasks to queue
[2022-10-06T23:58:49.511+0000] {logging_mixin.py:117} INFO - [2022-10-06T23:58:49.511+0000] {dagbag.py:525} INFO - Filling up the DagBag from /home/airflow/.local/lib/python3.7/site-packages/airflow/example_dags/example_task_group.py
[2022-10-06T23:58:49.524+0000] {processor.py:768} INFO - DAG(s) dict_keys(['example_task_group']) retrieved from /home/airflow/.local/lib/python3.7/site-packages/airflow/example_dags/example_task_group.py
[2022-10-06T23:58:49.554+0000] {logging_mixin.py:117} INFO - [2022-10-06T23:58:49.554+0000] {dag.py:2573} INFO - Sync 1 DAGs
[2022-10-06T23:58:49.574+0000] {logging_mixin.py:117} INFO - [2022-10-06T23:58:49.573+0000] {dag.py:3328} INFO - Setting next_dagrun for example_task_group to 2022-10-05T23:58:49.573757+00:00, run_after=2022-10-06T23:58:49.573757+00:00
[2022-10-06T23:58:49.588+0000] {processor.py:178} INFO - Processing /home/airflow/.local/lib/python3.7/site-packages/airflow/example_dags/example_task_group.py took 0.081 seconds
[2022-10-06T23:59:19.659+0000] {processor.py:156} INFO - Started process (PID=1072) to work on /home/airflow/.local/lib/python3.7/site-packages/airflow/example_dags/example_task_group.py
[2022-10-06T23:59:19.660+0000] {processor.py:758} INFO - Processing file /home/airflow/.local/lib/python3.7/site-packages/airflow/example_dags/example_task_group.py for tasks to queue
[2022-10-06T23:59:19.660+0000] {logging_mixin.py:117} INFO - [2022-10-06T23:59:19.660+0000] {dagbag.py:525} INFO - Filling up the DagBag from /home/airflow/.local/lib/python3.7/site-packages/airflow/example_dags/example_task_group.py
[2022-10-06T23:59:19.671+0000] {processor.py:768} INFO - DAG(s) dict_keys(['example_task_group']) retrieved from /home/airflow/.local/lib/python3.7/site-packages/airflow/example_dags/example_task_group.py
[2022-10-06T23:59:19.705+0000] {logging_mixin.py:117} INFO - [2022-10-06T23:59:19.705+0000] {dag.py:2573} INFO - Sync 1 DAGs
[2022-10-06T23:59:19.727+0000] {logging_mixin.py:117} INFO - [2022-10-06T23:59:19.727+0000] {dag.py:3328} INFO - Setting next_dagrun for example_task_group to 2022-10-05T23:59:19.727150+00:00, run_after=2022-10-06T23:59:19.727150+00:00
[2022-10-06T23:59:19.745+0000] {processor.py:178} INFO - Processing /home/airflow/.local/lib/python3.7/site-packages/airflow/example_dags/example_task_group.py took 0.088 seconds
[2022-10-06T23:59:50.705+0000] {processor.py:156} INFO - Started process (PID=1136) to work on /home/airflow/.local/lib/python3.7/site-packages/airflow/example_dags/example_task_group.py
[2022-10-06T23:59:50.705+0000] {processor.py:758} INFO - Processing file /home/airflow/.local/lib/python3.7/site-packages/airflow/example_dags/example_task_group.py for tasks to queue
[2022-10-06T23:59:50.706+0000] {logging_mixin.py:117} INFO - [2022-10-06T23:59:50.706+0000] {dagbag.py:525} INFO - Filling up the DagBag from /home/airflow/.local/lib/python3.7/site-packages/airflow/example_dags/example_task_group.py
[2022-10-06T23:59:50.717+0000] {processor.py:768} INFO - DAG(s) dict_keys(['example_task_group']) retrieved from /home/airflow/.local/lib/python3.7/site-packages/airflow/example_dags/example_task_group.py
[2022-10-06T23:59:50.746+0000] {logging_mixin.py:117} INFO - [2022-10-06T23:59:50.746+0000] {dag.py:2573} INFO - Sync 1 DAGs
[2022-10-06T23:59:50.764+0000] {logging_mixin.py:117} INFO - [2022-10-06T23:59:50.764+0000] {dag.py:3328} INFO - Setting next_dagrun for example_task_group to 2022-10-05T23:59:50.763896+00:00, run_after=2022-10-06T23:59:50.763896+00:00
[2022-10-06T23:59:50.777+0000] {processor.py:178} INFO - Processing /home/airflow/.local/lib/python3.7/site-packages/airflow/example_dags/example_task_group.py took 0.074 seconds
