[2022-10-06T00:38:38.420+0000] {processor.py:156} INFO - Started process (PID=80) to work on /home/airflow/.local/lib/python3.7/site-packages/airflow/example_dags/example_skip_dag.py
[2022-10-06T00:38:38.422+0000] {processor.py:758} INFO - Processing file /home/airflow/.local/lib/python3.7/site-packages/airflow/example_dags/example_skip_dag.py for tasks to queue
[2022-10-06T00:38:38.425+0000] {logging_mixin.py:117} INFO - [2022-10-06T00:38:38.425+0000] {dagbag.py:525} INFO - Filling up the DagBag from /home/airflow/.local/lib/python3.7/site-packages/airflow/example_dags/example_skip_dag.py
[2022-10-06T00:38:38.442+0000] {processor.py:768} INFO - DAG(s) dict_keys(['example_skip_dag']) retrieved from /home/airflow/.local/lib/python3.7/site-packages/airflow/example_dags/example_skip_dag.py
[2022-10-06T00:38:38.657+0000] {logging_mixin.py:117} INFO - [2022-10-06T00:38:38.657+0000] {dag.py:2573} INFO - Sync 1 DAGs
[2022-10-06T00:38:38.701+0000] {logging_mixin.py:117} INFO - [2022-10-06T00:38:38.701+0000] {dag.py:3328} INFO - Setting next_dagrun for example_skip_dag to 2022-10-05T00:38:38.700994+00:00, run_after=2022-10-06T00:38:38.700994+00:00
[2022-10-06T00:38:38.726+0000] {processor.py:178} INFO - Processing /home/airflow/.local/lib/python3.7/site-packages/airflow/example_dags/example_skip_dag.py took 0.309 seconds
[2022-10-06T00:39:09.416+0000] {processor.py:156} INFO - Started process (PID=135) to work on /home/airflow/.local/lib/python3.7/site-packages/airflow/example_dags/example_skip_dag.py
[2022-10-06T00:39:09.416+0000] {processor.py:758} INFO - Processing file /home/airflow/.local/lib/python3.7/site-packages/airflow/example_dags/example_skip_dag.py for tasks to queue
[2022-10-06T00:39:09.417+0000] {logging_mixin.py:117} INFO - [2022-10-06T00:39:09.417+0000] {dagbag.py:525} INFO - Filling up the DagBag from /home/airflow/.local/lib/python3.7/site-packages/airflow/example_dags/example_skip_dag.py
[2022-10-06T00:39:09.427+0000] {processor.py:768} INFO - DAG(s) dict_keys(['example_skip_dag']) retrieved from /home/airflow/.local/lib/python3.7/site-packages/airflow/example_dags/example_skip_dag.py
[2022-10-06T00:39:09.556+0000] {logging_mixin.py:117} INFO - [2022-10-06T00:39:09.556+0000] {dag.py:2573} INFO - Sync 1 DAGs
[2022-10-06T00:39:09.573+0000] {logging_mixin.py:117} INFO - [2022-10-06T00:39:09.573+0000] {dag.py:3328} INFO - Setting next_dagrun for example_skip_dag to 2022-10-05T00:39:09.572958+00:00, run_after=2022-10-06T00:39:09.572958+00:00
[2022-10-06T00:39:09.586+0000] {processor.py:178} INFO - Processing /home/airflow/.local/lib/python3.7/site-packages/airflow/example_dags/example_skip_dag.py took 0.172 seconds
[2022-10-06T00:39:39.839+0000] {processor.py:156} INFO - Started process (PID=200) to work on /home/airflow/.local/lib/python3.7/site-packages/airflow/example_dags/example_skip_dag.py
[2022-10-06T00:39:39.839+0000] {processor.py:758} INFO - Processing file /home/airflow/.local/lib/python3.7/site-packages/airflow/example_dags/example_skip_dag.py for tasks to queue
[2022-10-06T00:39:39.840+0000] {logging_mixin.py:117} INFO - [2022-10-06T00:39:39.840+0000] {dagbag.py:525} INFO - Filling up the DagBag from /home/airflow/.local/lib/python3.7/site-packages/airflow/example_dags/example_skip_dag.py
[2022-10-06T00:39:39.929+0000] {processor.py:768} INFO - DAG(s) dict_keys(['example_skip_dag']) retrieved from /home/airflow/.local/lib/python3.7/site-packages/airflow/example_dags/example_skip_dag.py
[2022-10-06T00:39:39.951+0000] {logging_mixin.py:117} INFO - [2022-10-06T00:39:39.951+0000] {dag.py:2573} INFO - Sync 1 DAGs
[2022-10-06T00:39:39.970+0000] {logging_mixin.py:117} INFO - [2022-10-06T00:39:39.970+0000] {dag.py:3328} INFO - Setting next_dagrun for example_skip_dag to 2022-10-05T00:39:39.970064+00:00, run_after=2022-10-06T00:39:39.970064+00:00
[2022-10-06T00:39:39.983+0000] {processor.py:178} INFO - Processing /home/airflow/.local/lib/python3.7/site-packages/airflow/example_dags/example_skip_dag.py took 0.145 seconds
[2022-10-06T00:40:10.108+0000] {processor.py:156} INFO - Started process (PID=264) to work on /home/airflow/.local/lib/python3.7/site-packages/airflow/example_dags/example_skip_dag.py
[2022-10-06T00:40:10.109+0000] {processor.py:758} INFO - Processing file /home/airflow/.local/lib/python3.7/site-packages/airflow/example_dags/example_skip_dag.py for tasks to queue
[2022-10-06T00:40:10.109+0000] {logging_mixin.py:117} INFO - [2022-10-06T00:40:10.109+0000] {dagbag.py:525} INFO - Filling up the DagBag from /home/airflow/.local/lib/python3.7/site-packages/airflow/example_dags/example_skip_dag.py
[2022-10-06T00:40:10.120+0000] {processor.py:768} INFO - DAG(s) dict_keys(['example_skip_dag']) retrieved from /home/airflow/.local/lib/python3.7/site-packages/airflow/example_dags/example_skip_dag.py
[2022-10-06T00:40:10.147+0000] {logging_mixin.py:117} INFO - [2022-10-06T00:40:10.147+0000] {dag.py:2573} INFO - Sync 1 DAGs
[2022-10-06T00:40:10.169+0000] {logging_mixin.py:117} INFO - [2022-10-06T00:40:10.169+0000] {dag.py:3328} INFO - Setting next_dagrun for example_skip_dag to 2022-10-05T00:40:10.168827+00:00, run_after=2022-10-06T00:40:10.168827+00:00
[2022-10-06T00:40:10.188+0000] {processor.py:178} INFO - Processing /home/airflow/.local/lib/python3.7/site-packages/airflow/example_dags/example_skip_dag.py took 0.082 seconds
[2022-10-06T00:40:40.942+0000] {processor.py:156} INFO - Started process (PID=328) to work on /home/airflow/.local/lib/python3.7/site-packages/airflow/example_dags/example_skip_dag.py
[2022-10-06T00:40:40.943+0000] {processor.py:758} INFO - Processing file /home/airflow/.local/lib/python3.7/site-packages/airflow/example_dags/example_skip_dag.py for tasks to queue
[2022-10-06T00:40:40.943+0000] {logging_mixin.py:117} INFO - [2022-10-06T00:40:40.943+0000] {dagbag.py:525} INFO - Filling up the DagBag from /home/airflow/.local/lib/python3.7/site-packages/airflow/example_dags/example_skip_dag.py
[2022-10-06T00:40:40.953+0000] {processor.py:768} INFO - DAG(s) dict_keys(['example_skip_dag']) retrieved from /home/airflow/.local/lib/python3.7/site-packages/airflow/example_dags/example_skip_dag.py
[2022-10-06T00:40:40.989+0000] {logging_mixin.py:117} INFO - [2022-10-06T00:40:40.989+0000] {dag.py:2573} INFO - Sync 1 DAGs
[2022-10-06T00:40:41.020+0000] {logging_mixin.py:117} INFO - [2022-10-06T00:40:41.020+0000] {dag.py:3328} INFO - Setting next_dagrun for example_skip_dag to 2022-10-05T00:40:41.020146+00:00, run_after=2022-10-06T00:40:41.020146+00:00
[2022-10-06T00:40:41.043+0000] {processor.py:178} INFO - Processing /home/airflow/.local/lib/python3.7/site-packages/airflow/example_dags/example_skip_dag.py took 0.103 seconds
[2022-10-06T00:41:11.068+0000] {processor.py:156} INFO - Started process (PID=382) to work on /home/airflow/.local/lib/python3.7/site-packages/airflow/example_dags/example_skip_dag.py
[2022-10-06T00:41:11.069+0000] {processor.py:758} INFO - Processing file /home/airflow/.local/lib/python3.7/site-packages/airflow/example_dags/example_skip_dag.py for tasks to queue
[2022-10-06T00:41:11.069+0000] {logging_mixin.py:117} INFO - [2022-10-06T00:41:11.069+0000] {dagbag.py:525} INFO - Filling up the DagBag from /home/airflow/.local/lib/python3.7/site-packages/airflow/example_dags/example_skip_dag.py
[2022-10-06T00:41:11.078+0000] {processor.py:768} INFO - DAG(s) dict_keys(['example_skip_dag']) retrieved from /home/airflow/.local/lib/python3.7/site-packages/airflow/example_dags/example_skip_dag.py
[2022-10-06T00:41:11.104+0000] {logging_mixin.py:117} INFO - [2022-10-06T00:41:11.104+0000] {dag.py:2573} INFO - Sync 1 DAGs
[2022-10-06T00:41:11.124+0000] {logging_mixin.py:117} INFO - [2022-10-06T00:41:11.123+0000] {dag.py:3328} INFO - Setting next_dagrun for example_skip_dag to 2022-10-05T00:41:11.123841+00:00, run_after=2022-10-06T00:41:11.123841+00:00
[2022-10-06T00:41:11.139+0000] {processor.py:178} INFO - Processing /home/airflow/.local/lib/python3.7/site-packages/airflow/example_dags/example_skip_dag.py took 0.072 seconds
[2022-10-06T00:41:42.181+0000] {processor.py:156} INFO - Started process (PID=447) to work on /home/airflow/.local/lib/python3.7/site-packages/airflow/example_dags/example_skip_dag.py
[2022-10-06T00:41:42.182+0000] {processor.py:758} INFO - Processing file /home/airflow/.local/lib/python3.7/site-packages/airflow/example_dags/example_skip_dag.py for tasks to queue
[2022-10-06T00:41:42.182+0000] {logging_mixin.py:117} INFO - [2022-10-06T00:41:42.182+0000] {dagbag.py:525} INFO - Filling up the DagBag from /home/airflow/.local/lib/python3.7/site-packages/airflow/example_dags/example_skip_dag.py
[2022-10-06T00:41:42.194+0000] {processor.py:768} INFO - DAG(s) dict_keys(['example_skip_dag']) retrieved from /home/airflow/.local/lib/python3.7/site-packages/airflow/example_dags/example_skip_dag.py
[2022-10-06T00:41:42.226+0000] {logging_mixin.py:117} INFO - [2022-10-06T00:41:42.226+0000] {dag.py:2573} INFO - Sync 1 DAGs
[2022-10-06T00:41:42.245+0000] {logging_mixin.py:117} INFO - [2022-10-06T00:41:42.245+0000] {dag.py:3328} INFO - Setting next_dagrun for example_skip_dag to 2022-10-05T00:41:42.245513+00:00, run_after=2022-10-06T00:41:42.245513+00:00
[2022-10-06T00:41:42.259+0000] {processor.py:178} INFO - Processing /home/airflow/.local/lib/python3.7/site-packages/airflow/example_dags/example_skip_dag.py took 0.080 seconds
[2022-10-06T00:42:12.632+0000] {processor.py:156} INFO - Started process (PID=511) to work on /home/airflow/.local/lib/python3.7/site-packages/airflow/example_dags/example_skip_dag.py
[2022-10-06T00:42:12.633+0000] {processor.py:758} INFO - Processing file /home/airflow/.local/lib/python3.7/site-packages/airflow/example_dags/example_skip_dag.py for tasks to queue
[2022-10-06T00:42:12.633+0000] {logging_mixin.py:117} INFO - [2022-10-06T00:42:12.633+0000] {dagbag.py:525} INFO - Filling up the DagBag from /home/airflow/.local/lib/python3.7/site-packages/airflow/example_dags/example_skip_dag.py
[2022-10-06T00:42:12.645+0000] {processor.py:768} INFO - DAG(s) dict_keys(['example_skip_dag']) retrieved from /home/airflow/.local/lib/python3.7/site-packages/airflow/example_dags/example_skip_dag.py
[2022-10-06T00:42:12.676+0000] {logging_mixin.py:117} INFO - [2022-10-06T00:42:12.675+0000] {dag.py:2573} INFO - Sync 1 DAGs
[2022-10-06T00:42:12.697+0000] {logging_mixin.py:117} INFO - [2022-10-06T00:42:12.697+0000] {dag.py:3328} INFO - Setting next_dagrun for example_skip_dag to 2022-10-05T00:42:12.697331+00:00, run_after=2022-10-06T00:42:12.697331+00:00
[2022-10-06T00:42:12.711+0000] {processor.py:178} INFO - Processing /home/airflow/.local/lib/python3.7/site-packages/airflow/example_dags/example_skip_dag.py took 0.081 seconds
[2022-10-06T00:42:43.632+0000] {processor.py:156} INFO - Started process (PID=575) to work on /home/airflow/.local/lib/python3.7/site-packages/airflow/example_dags/example_skip_dag.py
[2022-10-06T00:42:43.633+0000] {processor.py:758} INFO - Processing file /home/airflow/.local/lib/python3.7/site-packages/airflow/example_dags/example_skip_dag.py for tasks to queue
[2022-10-06T00:42:43.633+0000] {logging_mixin.py:117} INFO - [2022-10-06T00:42:43.633+0000] {dagbag.py:525} INFO - Filling up the DagBag from /home/airflow/.local/lib/python3.7/site-packages/airflow/example_dags/example_skip_dag.py
[2022-10-06T00:42:43.644+0000] {processor.py:768} INFO - DAG(s) dict_keys(['example_skip_dag']) retrieved from /home/airflow/.local/lib/python3.7/site-packages/airflow/example_dags/example_skip_dag.py
[2022-10-06T00:42:43.674+0000] {logging_mixin.py:117} INFO - [2022-10-06T00:42:43.674+0000] {dag.py:2573} INFO - Sync 1 DAGs
[2022-10-06T00:42:43.690+0000] {logging_mixin.py:117} INFO - [2022-10-06T00:42:43.690+0000] {dag.py:3328} INFO - Setting next_dagrun for example_skip_dag to 2022-10-05T00:42:43.690716+00:00, run_after=2022-10-06T00:42:43.690716+00:00
[2022-10-06T00:42:43.703+0000] {processor.py:178} INFO - Processing /home/airflow/.local/lib/python3.7/site-packages/airflow/example_dags/example_skip_dag.py took 0.073 seconds
[2022-10-06T00:43:14.548+0000] {processor.py:156} INFO - Started process (PID=630) to work on /home/airflow/.local/lib/python3.7/site-packages/airflow/example_dags/example_skip_dag.py
[2022-10-06T00:43:14.549+0000] {processor.py:758} INFO - Processing file /home/airflow/.local/lib/python3.7/site-packages/airflow/example_dags/example_skip_dag.py for tasks to queue
[2022-10-06T00:43:14.553+0000] {logging_mixin.py:117} INFO - [2022-10-06T00:43:14.549+0000] {dagbag.py:525} INFO - Filling up the DagBag from /home/airflow/.local/lib/python3.7/site-packages/airflow/example_dags/example_skip_dag.py
[2022-10-06T00:43:14.565+0000] {processor.py:768} INFO - DAG(s) dict_keys(['example_skip_dag']) retrieved from /home/airflow/.local/lib/python3.7/site-packages/airflow/example_dags/example_skip_dag.py
[2022-10-06T00:43:14.606+0000] {logging_mixin.py:117} INFO - [2022-10-06T00:43:14.606+0000] {dag.py:2573} INFO - Sync 1 DAGs
[2022-10-06T00:43:14.643+0000] {logging_mixin.py:117} INFO - [2022-10-06T00:43:14.643+0000] {dag.py:3328} INFO - Setting next_dagrun for example_skip_dag to 2022-10-05T00:43:14.643043+00:00, run_after=2022-10-06T00:43:14.643043+00:00
[2022-10-06T00:43:14.665+0000] {processor.py:178} INFO - Processing /home/airflow/.local/lib/python3.7/site-packages/airflow/example_dags/example_skip_dag.py took 0.119 seconds
[2022-10-06T00:43:45.534+0000] {processor.py:156} INFO - Started process (PID=694) to work on /home/airflow/.local/lib/python3.7/site-packages/airflow/example_dags/example_skip_dag.py
[2022-10-06T00:43:45.534+0000] {processor.py:758} INFO - Processing file /home/airflow/.local/lib/python3.7/site-packages/airflow/example_dags/example_skip_dag.py for tasks to queue
[2022-10-06T00:43:45.535+0000] {logging_mixin.py:117} INFO - [2022-10-06T00:43:45.534+0000] {dagbag.py:525} INFO - Filling up the DagBag from /home/airflow/.local/lib/python3.7/site-packages/airflow/example_dags/example_skip_dag.py
[2022-10-06T00:43:45.543+0000] {processor.py:768} INFO - DAG(s) dict_keys(['example_skip_dag']) retrieved from /home/airflow/.local/lib/python3.7/site-packages/airflow/example_dags/example_skip_dag.py
[2022-10-06T00:43:45.570+0000] {logging_mixin.py:117} INFO - [2022-10-06T00:43:45.569+0000] {dag.py:2573} INFO - Sync 1 DAGs
[2022-10-06T00:43:45.588+0000] {logging_mixin.py:117} INFO - [2022-10-06T00:43:45.588+0000] {dag.py:3328} INFO - Setting next_dagrun for example_skip_dag to 2022-10-05T00:43:45.588578+00:00, run_after=2022-10-06T00:43:45.588578+00:00
[2022-10-06T00:43:45.619+0000] {processor.py:178} INFO - Processing /home/airflow/.local/lib/python3.7/site-packages/airflow/example_dags/example_skip_dag.py took 0.087 seconds
[2022-10-06T00:44:16.561+0000] {processor.py:156} INFO - Started process (PID=758) to work on /home/airflow/.local/lib/python3.7/site-packages/airflow/example_dags/example_skip_dag.py
[2022-10-06T00:44:16.561+0000] {processor.py:758} INFO - Processing file /home/airflow/.local/lib/python3.7/site-packages/airflow/example_dags/example_skip_dag.py for tasks to queue
[2022-10-06T00:44:16.562+0000] {logging_mixin.py:117} INFO - [2022-10-06T00:44:16.562+0000] {dagbag.py:525} INFO - Filling up the DagBag from /home/airflow/.local/lib/python3.7/site-packages/airflow/example_dags/example_skip_dag.py
[2022-10-06T00:44:16.570+0000] {processor.py:768} INFO - DAG(s) dict_keys(['example_skip_dag']) retrieved from /home/airflow/.local/lib/python3.7/site-packages/airflow/example_dags/example_skip_dag.py
[2022-10-06T00:44:16.599+0000] {logging_mixin.py:117} INFO - [2022-10-06T00:44:16.599+0000] {dag.py:2573} INFO - Sync 1 DAGs
[2022-10-06T00:44:16.618+0000] {logging_mixin.py:117} INFO - [2022-10-06T00:44:16.618+0000] {dag.py:3328} INFO - Setting next_dagrun for example_skip_dag to 2022-10-05T00:44:16.618253+00:00, run_after=2022-10-06T00:44:16.618253+00:00
[2022-10-06T00:44:16.632+0000] {processor.py:178} INFO - Processing /home/airflow/.local/lib/python3.7/site-packages/airflow/example_dags/example_skip_dag.py took 0.073 seconds
[2022-10-06T00:44:47.296+0000] {processor.py:156} INFO - Started process (PID=822) to work on /home/airflow/.local/lib/python3.7/site-packages/airflow/example_dags/example_skip_dag.py
[2022-10-06T00:44:47.297+0000] {processor.py:758} INFO - Processing file /home/airflow/.local/lib/python3.7/site-packages/airflow/example_dags/example_skip_dag.py for tasks to queue
[2022-10-06T00:44:47.297+0000] {logging_mixin.py:117} INFO - [2022-10-06T00:44:47.297+0000] {dagbag.py:525} INFO - Filling up the DagBag from /home/airflow/.local/lib/python3.7/site-packages/airflow/example_dags/example_skip_dag.py
[2022-10-06T00:44:47.306+0000] {processor.py:768} INFO - DAG(s) dict_keys(['example_skip_dag']) retrieved from /home/airflow/.local/lib/python3.7/site-packages/airflow/example_dags/example_skip_dag.py
[2022-10-06T00:44:47.332+0000] {logging_mixin.py:117} INFO - [2022-10-06T00:44:47.332+0000] {dag.py:2573} INFO - Sync 1 DAGs
[2022-10-06T00:44:47.350+0000] {logging_mixin.py:117} INFO - [2022-10-06T00:44:47.350+0000] {dag.py:3328} INFO - Setting next_dagrun for example_skip_dag to 2022-10-05T00:44:47.350008+00:00, run_after=2022-10-06T00:44:47.350008+00:00
[2022-10-06T00:44:47.364+0000] {processor.py:178} INFO - Processing /home/airflow/.local/lib/python3.7/site-packages/airflow/example_dags/example_skip_dag.py took 0.070 seconds
[2022-10-06T00:45:18.321+0000] {processor.py:156} INFO - Started process (PID=886) to work on /home/airflow/.local/lib/python3.7/site-packages/airflow/example_dags/example_skip_dag.py
[2022-10-06T00:45:18.321+0000] {processor.py:758} INFO - Processing file /home/airflow/.local/lib/python3.7/site-packages/airflow/example_dags/example_skip_dag.py for tasks to queue
[2022-10-06T00:45:18.322+0000] {logging_mixin.py:117} INFO - [2022-10-06T00:45:18.321+0000] {dagbag.py:525} INFO - Filling up the DagBag from /home/airflow/.local/lib/python3.7/site-packages/airflow/example_dags/example_skip_dag.py
[2022-10-06T00:45:18.330+0000] {processor.py:768} INFO - DAG(s) dict_keys(['example_skip_dag']) retrieved from /home/airflow/.local/lib/python3.7/site-packages/airflow/example_dags/example_skip_dag.py
[2022-10-06T00:45:18.358+0000] {logging_mixin.py:117} INFO - [2022-10-06T00:45:18.358+0000] {dag.py:2573} INFO - Sync 1 DAGs
[2022-10-06T00:45:18.376+0000] {logging_mixin.py:117} INFO - [2022-10-06T00:45:18.376+0000] {dag.py:3328} INFO - Setting next_dagrun for example_skip_dag to 2022-10-05T00:45:18.376140+00:00, run_after=2022-10-06T00:45:18.376140+00:00
[2022-10-06T00:45:18.390+0000] {processor.py:178} INFO - Processing /home/airflow/.local/lib/python3.7/site-packages/airflow/example_dags/example_skip_dag.py took 0.071 seconds
[2022-10-06T00:45:49.116+0000] {processor.py:156} INFO - Started process (PID=941) to work on /home/airflow/.local/lib/python3.7/site-packages/airflow/example_dags/example_skip_dag.py
[2022-10-06T00:45:49.116+0000] {processor.py:758} INFO - Processing file /home/airflow/.local/lib/python3.7/site-packages/airflow/example_dags/example_skip_dag.py for tasks to queue
[2022-10-06T00:45:49.117+0000] {logging_mixin.py:117} INFO - [2022-10-06T00:45:49.117+0000] {dagbag.py:525} INFO - Filling up the DagBag from /home/airflow/.local/lib/python3.7/site-packages/airflow/example_dags/example_skip_dag.py
[2022-10-06T00:45:49.125+0000] {processor.py:768} INFO - DAG(s) dict_keys(['example_skip_dag']) retrieved from /home/airflow/.local/lib/python3.7/site-packages/airflow/example_dags/example_skip_dag.py
[2022-10-06T00:45:49.150+0000] {logging_mixin.py:117} INFO - [2022-10-06T00:45:49.149+0000] {dag.py:2573} INFO - Sync 1 DAGs
[2022-10-06T00:45:49.168+0000] {logging_mixin.py:117} INFO - [2022-10-06T00:45:49.168+0000] {dag.py:3328} INFO - Setting next_dagrun for example_skip_dag to 2022-10-05T00:45:49.168595+00:00, run_after=2022-10-06T00:45:49.168595+00:00
[2022-10-06T00:45:49.182+0000] {processor.py:178} INFO - Processing /home/airflow/.local/lib/python3.7/site-packages/airflow/example_dags/example_skip_dag.py took 0.068 seconds
[2022-10-06T00:46:19.964+0000] {processor.py:156} INFO - Started process (PID=1005) to work on /home/airflow/.local/lib/python3.7/site-packages/airflow/example_dags/example_skip_dag.py
[2022-10-06T00:46:19.964+0000] {processor.py:758} INFO - Processing file /home/airflow/.local/lib/python3.7/site-packages/airflow/example_dags/example_skip_dag.py for tasks to queue
[2022-10-06T00:46:19.964+0000] {logging_mixin.py:117} INFO - [2022-10-06T00:46:19.964+0000] {dagbag.py:525} INFO - Filling up the DagBag from /home/airflow/.local/lib/python3.7/site-packages/airflow/example_dags/example_skip_dag.py
[2022-10-06T00:46:19.972+0000] {processor.py:768} INFO - DAG(s) dict_keys(['example_skip_dag']) retrieved from /home/airflow/.local/lib/python3.7/site-packages/airflow/example_dags/example_skip_dag.py
[2022-10-06T00:46:19.997+0000] {logging_mixin.py:117} INFO - [2022-10-06T00:46:19.997+0000] {dag.py:2573} INFO - Sync 1 DAGs
[2022-10-06T00:46:20.013+0000] {logging_mixin.py:117} INFO - [2022-10-06T00:46:20.013+0000] {dag.py:3328} INFO - Setting next_dagrun for example_skip_dag to 2022-10-05T00:46:20.013662+00:00, run_after=2022-10-06T00:46:20.013662+00:00
[2022-10-06T00:46:20.026+0000] {processor.py:178} INFO - Processing /home/airflow/.local/lib/python3.7/site-packages/airflow/example_dags/example_skip_dag.py took 0.064 seconds
[2022-10-06T00:46:50.860+0000] {processor.py:156} INFO - Started process (PID=1069) to work on /home/airflow/.local/lib/python3.7/site-packages/airflow/example_dags/example_skip_dag.py
[2022-10-06T00:46:50.860+0000] {processor.py:758} INFO - Processing file /home/airflow/.local/lib/python3.7/site-packages/airflow/example_dags/example_skip_dag.py for tasks to queue
[2022-10-06T00:46:50.861+0000] {logging_mixin.py:117} INFO - [2022-10-06T00:46:50.861+0000] {dagbag.py:525} INFO - Filling up the DagBag from /home/airflow/.local/lib/python3.7/site-packages/airflow/example_dags/example_skip_dag.py
[2022-10-06T00:46:50.869+0000] {processor.py:768} INFO - DAG(s) dict_keys(['example_skip_dag']) retrieved from /home/airflow/.local/lib/python3.7/site-packages/airflow/example_dags/example_skip_dag.py
[2022-10-06T00:46:50.895+0000] {logging_mixin.py:117} INFO - [2022-10-06T00:46:50.895+0000] {dag.py:2573} INFO - Sync 1 DAGs
[2022-10-06T00:46:50.912+0000] {logging_mixin.py:117} INFO - [2022-10-06T00:46:50.912+0000] {dag.py:3328} INFO - Setting next_dagrun for example_skip_dag to 2022-10-05T00:46:50.912131+00:00, run_after=2022-10-06T00:46:50.912131+00:00
[2022-10-06T00:46:50.926+0000] {processor.py:178} INFO - Processing /home/airflow/.local/lib/python3.7/site-packages/airflow/example_dags/example_skip_dag.py took 0.068 seconds
[2022-10-06T00:47:21.914+0000] {processor.py:156} INFO - Started process (PID=1132) to work on /home/airflow/.local/lib/python3.7/site-packages/airflow/example_dags/example_skip_dag.py
[2022-10-06T00:47:21.915+0000] {processor.py:758} INFO - Processing file /home/airflow/.local/lib/python3.7/site-packages/airflow/example_dags/example_skip_dag.py for tasks to queue
[2022-10-06T00:47:21.915+0000] {logging_mixin.py:117} INFO - [2022-10-06T00:47:21.915+0000] {dagbag.py:525} INFO - Filling up the DagBag from /home/airflow/.local/lib/python3.7/site-packages/airflow/example_dags/example_skip_dag.py
[2022-10-06T00:47:21.924+0000] {processor.py:768} INFO - DAG(s) dict_keys(['example_skip_dag']) retrieved from /home/airflow/.local/lib/python3.7/site-packages/airflow/example_dags/example_skip_dag.py
[2022-10-06T00:47:21.953+0000] {logging_mixin.py:117} INFO - [2022-10-06T00:47:21.953+0000] {dag.py:2573} INFO - Sync 1 DAGs
[2022-10-06T00:47:21.971+0000] {logging_mixin.py:117} INFO - [2022-10-06T00:47:21.970+0000] {dag.py:3328} INFO - Setting next_dagrun for example_skip_dag to 2022-10-05T00:47:21.970777+00:00, run_after=2022-10-06T00:47:21.970777+00:00
[2022-10-06T00:47:21.985+0000] {processor.py:178} INFO - Processing /home/airflow/.local/lib/python3.7/site-packages/airflow/example_dags/example_skip_dag.py took 0.072 seconds
[2022-10-06T00:47:51.997+0000] {processor.py:156} INFO - Started process (PID=1195) to work on /home/airflow/.local/lib/python3.7/site-packages/airflow/example_dags/example_skip_dag.py
[2022-10-06T00:47:51.997+0000] {processor.py:758} INFO - Processing file /home/airflow/.local/lib/python3.7/site-packages/airflow/example_dags/example_skip_dag.py for tasks to queue
[2022-10-06T00:47:51.998+0000] {logging_mixin.py:117} INFO - [2022-10-06T00:47:51.998+0000] {dagbag.py:525} INFO - Filling up the DagBag from /home/airflow/.local/lib/python3.7/site-packages/airflow/example_dags/example_skip_dag.py
[2022-10-06T00:47:52.007+0000] {processor.py:768} INFO - DAG(s) dict_keys(['example_skip_dag']) retrieved from /home/airflow/.local/lib/python3.7/site-packages/airflow/example_dags/example_skip_dag.py
[2022-10-06T00:47:52.036+0000] {logging_mixin.py:117} INFO - [2022-10-06T00:47:52.035+0000] {dag.py:2573} INFO - Sync 1 DAGs
[2022-10-06T00:47:52.054+0000] {logging_mixin.py:117} INFO - [2022-10-06T00:47:52.054+0000] {dag.py:3328} INFO - Setting next_dagrun for example_skip_dag to 2022-10-05T00:47:52.053886+00:00, run_after=2022-10-06T00:47:52.053886+00:00
[2022-10-06T00:47:52.067+0000] {processor.py:178} INFO - Processing /home/airflow/.local/lib/python3.7/site-packages/airflow/example_dags/example_skip_dag.py took 0.071 seconds
[2022-10-06T00:48:22.245+0000] {processor.py:156} INFO - Started process (PID=1251) to work on /home/airflow/.local/lib/python3.7/site-packages/airflow/example_dags/example_skip_dag.py
[2022-10-06T00:48:22.245+0000] {processor.py:758} INFO - Processing file /home/airflow/.local/lib/python3.7/site-packages/airflow/example_dags/example_skip_dag.py for tasks to queue
[2022-10-06T00:48:22.245+0000] {logging_mixin.py:117} INFO - [2022-10-06T00:48:22.245+0000] {dagbag.py:525} INFO - Filling up the DagBag from /home/airflow/.local/lib/python3.7/site-packages/airflow/example_dags/example_skip_dag.py
[2022-10-06T00:48:22.254+0000] {processor.py:768} INFO - DAG(s) dict_keys(['example_skip_dag']) retrieved from /home/airflow/.local/lib/python3.7/site-packages/airflow/example_dags/example_skip_dag.py
[2022-10-06T00:48:22.279+0000] {logging_mixin.py:117} INFO - [2022-10-06T00:48:22.279+0000] {dag.py:2573} INFO - Sync 1 DAGs
[2022-10-06T00:48:22.296+0000] {logging_mixin.py:117} INFO - [2022-10-06T00:48:22.296+0000] {dag.py:3328} INFO - Setting next_dagrun for example_skip_dag to 2022-10-05T00:48:22.296359+00:00, run_after=2022-10-06T00:48:22.296359+00:00
[2022-10-06T00:48:22.309+0000] {processor.py:178} INFO - Processing /home/airflow/.local/lib/python3.7/site-packages/airflow/example_dags/example_skip_dag.py took 0.066 seconds
[2022-10-06T00:48:52.572+0000] {processor.py:156} INFO - Started process (PID=1316) to work on /home/airflow/.local/lib/python3.7/site-packages/airflow/example_dags/example_skip_dag.py
[2022-10-06T00:48:52.572+0000] {processor.py:758} INFO - Processing file /home/airflow/.local/lib/python3.7/site-packages/airflow/example_dags/example_skip_dag.py for tasks to queue
[2022-10-06T00:48:52.573+0000] {logging_mixin.py:117} INFO - [2022-10-06T00:48:52.573+0000] {dagbag.py:525} INFO - Filling up the DagBag from /home/airflow/.local/lib/python3.7/site-packages/airflow/example_dags/example_skip_dag.py
[2022-10-06T00:48:52.582+0000] {processor.py:768} INFO - DAG(s) dict_keys(['example_skip_dag']) retrieved from /home/airflow/.local/lib/python3.7/site-packages/airflow/example_dags/example_skip_dag.py
[2022-10-06T00:48:52.610+0000] {logging_mixin.py:117} INFO - [2022-10-06T00:48:52.610+0000] {dag.py:2573} INFO - Sync 1 DAGs
[2022-10-06T00:48:52.631+0000] {logging_mixin.py:117} INFO - [2022-10-06T00:48:52.631+0000] {dag.py:3328} INFO - Setting next_dagrun for example_skip_dag to 2022-10-05T00:48:52.631104+00:00, run_after=2022-10-06T00:48:52.631104+00:00
[2022-10-06T00:48:52.648+0000] {processor.py:178} INFO - Processing /home/airflow/.local/lib/python3.7/site-packages/airflow/example_dags/example_skip_dag.py took 0.078 seconds
[2022-10-06T00:49:23.620+0000] {processor.py:156} INFO - Started process (PID=1381) to work on /home/airflow/.local/lib/python3.7/site-packages/airflow/example_dags/example_skip_dag.py
[2022-10-06T00:49:23.620+0000] {processor.py:758} INFO - Processing file /home/airflow/.local/lib/python3.7/site-packages/airflow/example_dags/example_skip_dag.py for tasks to queue
[2022-10-06T00:49:23.620+0000] {logging_mixin.py:117} INFO - [2022-10-06T00:49:23.620+0000] {dagbag.py:525} INFO - Filling up the DagBag from /home/airflow/.local/lib/python3.7/site-packages/airflow/example_dags/example_skip_dag.py
[2022-10-06T00:49:23.629+0000] {processor.py:768} INFO - DAG(s) dict_keys(['example_skip_dag']) retrieved from /home/airflow/.local/lib/python3.7/site-packages/airflow/example_dags/example_skip_dag.py
[2022-10-06T00:49:23.653+0000] {logging_mixin.py:117} INFO - [2022-10-06T00:49:23.653+0000] {dag.py:2573} INFO - Sync 1 DAGs
[2022-10-06T00:49:23.672+0000] {logging_mixin.py:117} INFO - [2022-10-06T00:49:23.671+0000] {dag.py:3328} INFO - Setting next_dagrun for example_skip_dag to 2022-10-05T00:49:23.671768+00:00, run_after=2022-10-06T00:49:23.671768+00:00
[2022-10-06T00:49:23.685+0000] {processor.py:178} INFO - Processing /home/airflow/.local/lib/python3.7/site-packages/airflow/example_dags/example_skip_dag.py took 0.067 seconds
[2022-10-06T23:51:08.670+0000] {processor.py:156} INFO - Started process (PID=72) to work on /home/airflow/.local/lib/python3.7/site-packages/airflow/example_dags/example_skip_dag.py
[2022-10-06T23:51:08.671+0000] {processor.py:758} INFO - Processing file /home/airflow/.local/lib/python3.7/site-packages/airflow/example_dags/example_skip_dag.py for tasks to queue
[2022-10-06T23:51:08.671+0000] {logging_mixin.py:117} INFO - [2022-10-06T23:51:08.671+0000] {dagbag.py:525} INFO - Filling up the DagBag from /home/airflow/.local/lib/python3.7/site-packages/airflow/example_dags/example_skip_dag.py
[2022-10-06T23:51:08.685+0000] {processor.py:768} INFO - DAG(s) dict_keys(['example_skip_dag']) retrieved from /home/airflow/.local/lib/python3.7/site-packages/airflow/example_dags/example_skip_dag.py
[2022-10-06T23:51:08.703+0000] {logging_mixin.py:117} INFO - [2022-10-06T23:51:08.703+0000] {dag.py:2573} INFO - Sync 1 DAGs
[2022-10-06T23:51:08.724+0000] {logging_mixin.py:117} INFO - [2022-10-06T23:51:08.724+0000] {dag.py:3328} INFO - Setting next_dagrun for example_skip_dag to 2022-10-05T23:51:08.723934+00:00, run_after=2022-10-06T23:51:08.723934+00:00
[2022-10-06T23:51:08.739+0000] {processor.py:178} INFO - Processing /home/airflow/.local/lib/python3.7/site-packages/airflow/example_dags/example_skip_dag.py took 0.070 seconds
[2022-10-06T23:51:39.726+0000] {processor.py:156} INFO - Started process (PID=136) to work on /home/airflow/.local/lib/python3.7/site-packages/airflow/example_dags/example_skip_dag.py
[2022-10-06T23:51:39.727+0000] {processor.py:758} INFO - Processing file /home/airflow/.local/lib/python3.7/site-packages/airflow/example_dags/example_skip_dag.py for tasks to queue
[2022-10-06T23:51:39.727+0000] {logging_mixin.py:117} INFO - [2022-10-06T23:51:39.727+0000] {dagbag.py:525} INFO - Filling up the DagBag from /home/airflow/.local/lib/python3.7/site-packages/airflow/example_dags/example_skip_dag.py
[2022-10-06T23:51:39.736+0000] {processor.py:768} INFO - DAG(s) dict_keys(['example_skip_dag']) retrieved from /home/airflow/.local/lib/python3.7/site-packages/airflow/example_dags/example_skip_dag.py
[2022-10-06T23:51:39.765+0000] {logging_mixin.py:117} INFO - [2022-10-06T23:51:39.765+0000] {dag.py:2573} INFO - Sync 1 DAGs
[2022-10-06T23:51:39.784+0000] {logging_mixin.py:117} INFO - [2022-10-06T23:51:39.784+0000] {dag.py:3328} INFO - Setting next_dagrun for example_skip_dag to 2022-10-05T23:51:39.783998+00:00, run_after=2022-10-06T23:51:39.783998+00:00
[2022-10-06T23:51:39.797+0000] {processor.py:178} INFO - Processing /home/airflow/.local/lib/python3.7/site-packages/airflow/example_dags/example_skip_dag.py took 0.072 seconds
[2022-10-06T23:52:09.994+0000] {processor.py:156} INFO - Started process (PID=201) to work on /home/airflow/.local/lib/python3.7/site-packages/airflow/example_dags/example_skip_dag.py
[2022-10-06T23:52:09.994+0000] {processor.py:758} INFO - Processing file /home/airflow/.local/lib/python3.7/site-packages/airflow/example_dags/example_skip_dag.py for tasks to queue
[2022-10-06T23:52:09.995+0000] {logging_mixin.py:117} INFO - [2022-10-06T23:52:09.995+0000] {dagbag.py:525} INFO - Filling up the DagBag from /home/airflow/.local/lib/python3.7/site-packages/airflow/example_dags/example_skip_dag.py
[2022-10-06T23:52:10.003+0000] {processor.py:768} INFO - DAG(s) dict_keys(['example_skip_dag']) retrieved from /home/airflow/.local/lib/python3.7/site-packages/airflow/example_dags/example_skip_dag.py
[2022-10-06T23:52:10.029+0000] {logging_mixin.py:117} INFO - [2022-10-06T23:52:10.029+0000] {dag.py:2573} INFO - Sync 1 DAGs
[2022-10-06T23:52:10.047+0000] {logging_mixin.py:117} INFO - [2022-10-06T23:52:10.047+0000] {dag.py:3328} INFO - Setting next_dagrun for example_skip_dag to 2022-10-05T23:52:10.047345+00:00, run_after=2022-10-06T23:52:10.047345+00:00
[2022-10-06T23:52:10.061+0000] {processor.py:178} INFO - Processing /home/airflow/.local/lib/python3.7/site-packages/airflow/example_dags/example_skip_dag.py took 0.068 seconds
[2022-10-06T23:52:41.106+0000] {processor.py:156} INFO - Started process (PID=265) to work on /home/airflow/.local/lib/python3.7/site-packages/airflow/example_dags/example_skip_dag.py
[2022-10-06T23:52:41.106+0000] {processor.py:758} INFO - Processing file /home/airflow/.local/lib/python3.7/site-packages/airflow/example_dags/example_skip_dag.py for tasks to queue
[2022-10-06T23:52:41.107+0000] {logging_mixin.py:117} INFO - [2022-10-06T23:52:41.107+0000] {dagbag.py:525} INFO - Filling up the DagBag from /home/airflow/.local/lib/python3.7/site-packages/airflow/example_dags/example_skip_dag.py
[2022-10-06T23:52:41.115+0000] {processor.py:768} INFO - DAG(s) dict_keys(['example_skip_dag']) retrieved from /home/airflow/.local/lib/python3.7/site-packages/airflow/example_dags/example_skip_dag.py
[2022-10-06T23:52:41.141+0000] {logging_mixin.py:117} INFO - [2022-10-06T23:52:41.140+0000] {dag.py:2573} INFO - Sync 1 DAGs
[2022-10-06T23:52:41.159+0000] {logging_mixin.py:117} INFO - [2022-10-06T23:52:41.159+0000] {dag.py:3328} INFO - Setting next_dagrun for example_skip_dag to 2022-10-05T23:52:41.158924+00:00, run_after=2022-10-06T23:52:41.158924+00:00
[2022-10-06T23:52:41.172+0000] {processor.py:178} INFO - Processing /home/airflow/.local/lib/python3.7/site-packages/airflow/example_dags/example_skip_dag.py took 0.068 seconds
[2022-10-06T23:53:11.356+0000] {processor.py:156} INFO - Started process (PID=328) to work on /home/airflow/.local/lib/python3.7/site-packages/airflow/example_dags/example_skip_dag.py
[2022-10-06T23:53:11.356+0000] {processor.py:758} INFO - Processing file /home/airflow/.local/lib/python3.7/site-packages/airflow/example_dags/example_skip_dag.py for tasks to queue
[2022-10-06T23:53:11.357+0000] {logging_mixin.py:117} INFO - [2022-10-06T23:53:11.357+0000] {dagbag.py:525} INFO - Filling up the DagBag from /home/airflow/.local/lib/python3.7/site-packages/airflow/example_dags/example_skip_dag.py
[2022-10-06T23:53:11.365+0000] {processor.py:768} INFO - DAG(s) dict_keys(['example_skip_dag']) retrieved from /home/airflow/.local/lib/python3.7/site-packages/airflow/example_dags/example_skip_dag.py
[2022-10-06T23:53:11.391+0000] {logging_mixin.py:117} INFO - [2022-10-06T23:53:11.391+0000] {dag.py:2573} INFO - Sync 1 DAGs
[2022-10-06T23:53:11.408+0000] {logging_mixin.py:117} INFO - [2022-10-06T23:53:11.408+0000] {dag.py:3328} INFO - Setting next_dagrun for example_skip_dag to 2022-10-05T23:53:11.408578+00:00, run_after=2022-10-06T23:53:11.408578+00:00
[2022-10-06T23:53:11.421+0000] {processor.py:178} INFO - Processing /home/airflow/.local/lib/python3.7/site-packages/airflow/example_dags/example_skip_dag.py took 0.067 seconds
[2022-10-06T23:53:41.669+0000] {processor.py:156} INFO - Started process (PID=391) to work on /home/airflow/.local/lib/python3.7/site-packages/airflow/example_dags/example_skip_dag.py
[2022-10-06T23:53:41.669+0000] {processor.py:758} INFO - Processing file /home/airflow/.local/lib/python3.7/site-packages/airflow/example_dags/example_skip_dag.py for tasks to queue
[2022-10-06T23:53:41.670+0000] {logging_mixin.py:117} INFO - [2022-10-06T23:53:41.670+0000] {dagbag.py:525} INFO - Filling up the DagBag from /home/airflow/.local/lib/python3.7/site-packages/airflow/example_dags/example_skip_dag.py
[2022-10-06T23:53:41.678+0000] {processor.py:768} INFO - DAG(s) dict_keys(['example_skip_dag']) retrieved from /home/airflow/.local/lib/python3.7/site-packages/airflow/example_dags/example_skip_dag.py
[2022-10-06T23:53:41.703+0000] {logging_mixin.py:117} INFO - [2022-10-06T23:53:41.702+0000] {dag.py:2573} INFO - Sync 1 DAGs
[2022-10-06T23:53:41.719+0000] {logging_mixin.py:117} INFO - [2022-10-06T23:53:41.719+0000] {dag.py:3328} INFO - Setting next_dagrun for example_skip_dag to 2022-10-05T23:53:41.719519+00:00, run_after=2022-10-06T23:53:41.719519+00:00
[2022-10-06T23:53:41.732+0000] {processor.py:178} INFO - Processing /home/airflow/.local/lib/python3.7/site-packages/airflow/example_dags/example_skip_dag.py took 0.064 seconds
[2022-10-06T23:54:11.924+0000] {processor.py:156} INFO - Started process (PID=455) to work on /home/airflow/.local/lib/python3.7/site-packages/airflow/example_dags/example_skip_dag.py
[2022-10-06T23:54:11.924+0000] {processor.py:758} INFO - Processing file /home/airflow/.local/lib/python3.7/site-packages/airflow/example_dags/example_skip_dag.py for tasks to queue
[2022-10-06T23:54:11.925+0000] {logging_mixin.py:117} INFO - [2022-10-06T23:54:11.925+0000] {dagbag.py:525} INFO - Filling up the DagBag from /home/airflow/.local/lib/python3.7/site-packages/airflow/example_dags/example_skip_dag.py
[2022-10-06T23:54:11.934+0000] {processor.py:768} INFO - DAG(s) dict_keys(['example_skip_dag']) retrieved from /home/airflow/.local/lib/python3.7/site-packages/airflow/example_dags/example_skip_dag.py
[2022-10-06T23:54:11.961+0000] {logging_mixin.py:117} INFO - [2022-10-06T23:54:11.961+0000] {dag.py:2573} INFO - Sync 1 DAGs
[2022-10-06T23:54:11.982+0000] {logging_mixin.py:117} INFO - [2022-10-06T23:54:11.982+0000] {dag.py:3328} INFO - Setting next_dagrun for example_skip_dag to 2022-10-05T23:54:11.982229+00:00, run_after=2022-10-06T23:54:11.982229+00:00
[2022-10-06T23:54:11.997+0000] {processor.py:178} INFO - Processing /home/airflow/.local/lib/python3.7/site-packages/airflow/example_dags/example_skip_dag.py took 0.075 seconds
[2022-10-06T23:54:43.266+0000] {processor.py:156} INFO - Started process (PID=521) to work on /home/airflow/.local/lib/python3.7/site-packages/airflow/example_dags/example_skip_dag.py
[2022-10-06T23:54:43.266+0000] {processor.py:758} INFO - Processing file /home/airflow/.local/lib/python3.7/site-packages/airflow/example_dags/example_skip_dag.py for tasks to queue
[2022-10-06T23:54:43.267+0000] {logging_mixin.py:117} INFO - [2022-10-06T23:54:43.267+0000] {dagbag.py:525} INFO - Filling up the DagBag from /home/airflow/.local/lib/python3.7/site-packages/airflow/example_dags/example_skip_dag.py
[2022-10-06T23:54:43.276+0000] {processor.py:768} INFO - DAG(s) dict_keys(['example_skip_dag']) retrieved from /home/airflow/.local/lib/python3.7/site-packages/airflow/example_dags/example_skip_dag.py
[2022-10-06T23:54:43.303+0000] {logging_mixin.py:117} INFO - [2022-10-06T23:54:43.303+0000] {dag.py:2573} INFO - Sync 1 DAGs
[2022-10-06T23:54:43.324+0000] {logging_mixin.py:117} INFO - [2022-10-06T23:54:43.324+0000] {dag.py:3328} INFO - Setting next_dagrun for example_skip_dag to 2022-10-05T23:54:43.324321+00:00, run_after=2022-10-06T23:54:43.324321+00:00
[2022-10-06T23:54:43.338+0000] {processor.py:178} INFO - Processing /home/airflow/.local/lib/python3.7/site-packages/airflow/example_dags/example_skip_dag.py took 0.074 seconds
[2022-10-06T23:55:13.411+0000] {processor.py:156} INFO - Started process (PID=585) to work on /home/airflow/.local/lib/python3.7/site-packages/airflow/example_dags/example_skip_dag.py
[2022-10-06T23:55:13.412+0000] {processor.py:758} INFO - Processing file /home/airflow/.local/lib/python3.7/site-packages/airflow/example_dags/example_skip_dag.py for tasks to queue
[2022-10-06T23:55:13.412+0000] {logging_mixin.py:117} INFO - [2022-10-06T23:55:13.412+0000] {dagbag.py:525} INFO - Filling up the DagBag from /home/airflow/.local/lib/python3.7/site-packages/airflow/example_dags/example_skip_dag.py
[2022-10-06T23:55:13.421+0000] {processor.py:768} INFO - DAG(s) dict_keys(['example_skip_dag']) retrieved from /home/airflow/.local/lib/python3.7/site-packages/airflow/example_dags/example_skip_dag.py
[2022-10-06T23:55:13.448+0000] {logging_mixin.py:117} INFO - [2022-10-06T23:55:13.448+0000] {dag.py:2573} INFO - Sync 1 DAGs
[2022-10-06T23:55:13.466+0000] {logging_mixin.py:117} INFO - [2022-10-06T23:55:13.466+0000] {dag.py:3328} INFO - Setting next_dagrun for example_skip_dag to 2022-10-05T23:55:13.466623+00:00, run_after=2022-10-06T23:55:13.466623+00:00
[2022-10-06T23:55:13.479+0000] {processor.py:178} INFO - Processing /home/airflow/.local/lib/python3.7/site-packages/airflow/example_dags/example_skip_dag.py took 0.070 seconds
[2022-10-06T23:55:44.431+0000] {processor.py:156} INFO - Started process (PID=640) to work on /home/airflow/.local/lib/python3.7/site-packages/airflow/example_dags/example_skip_dag.py
[2022-10-06T23:55:44.432+0000] {processor.py:758} INFO - Processing file /home/airflow/.local/lib/python3.7/site-packages/airflow/example_dags/example_skip_dag.py for tasks to queue
[2022-10-06T23:55:44.432+0000] {logging_mixin.py:117} INFO - [2022-10-06T23:55:44.432+0000] {dagbag.py:525} INFO - Filling up the DagBag from /home/airflow/.local/lib/python3.7/site-packages/airflow/example_dags/example_skip_dag.py
[2022-10-06T23:55:44.441+0000] {processor.py:768} INFO - DAG(s) dict_keys(['example_skip_dag']) retrieved from /home/airflow/.local/lib/python3.7/site-packages/airflow/example_dags/example_skip_dag.py
[2022-10-06T23:55:44.469+0000] {logging_mixin.py:117} INFO - [2022-10-06T23:55:44.469+0000] {dag.py:2573} INFO - Sync 1 DAGs
[2022-10-06T23:55:44.488+0000] {logging_mixin.py:117} INFO - [2022-10-06T23:55:44.488+0000] {dag.py:3328} INFO - Setting next_dagrun for example_skip_dag to 2022-10-05T23:55:44.488246+00:00, run_after=2022-10-06T23:55:44.488246+00:00
[2022-10-06T23:55:44.502+0000] {processor.py:178} INFO - Processing /home/airflow/.local/lib/python3.7/site-packages/airflow/example_dags/example_skip_dag.py took 0.073 seconds
[2022-10-06T23:56:15.370+0000] {processor.py:156} INFO - Started process (PID=704) to work on /home/airflow/.local/lib/python3.7/site-packages/airflow/example_dags/example_skip_dag.py
[2022-10-06T23:56:15.370+0000] {processor.py:758} INFO - Processing file /home/airflow/.local/lib/python3.7/site-packages/airflow/example_dags/example_skip_dag.py for tasks to queue
[2022-10-06T23:56:15.371+0000] {logging_mixin.py:117} INFO - [2022-10-06T23:56:15.371+0000] {dagbag.py:525} INFO - Filling up the DagBag from /home/airflow/.local/lib/python3.7/site-packages/airflow/example_dags/example_skip_dag.py
[2022-10-06T23:56:15.379+0000] {processor.py:768} INFO - DAG(s) dict_keys(['example_skip_dag']) retrieved from /home/airflow/.local/lib/python3.7/site-packages/airflow/example_dags/example_skip_dag.py
[2022-10-06T23:56:15.408+0000] {logging_mixin.py:117} INFO - [2022-10-06T23:56:15.408+0000] {dag.py:2573} INFO - Sync 1 DAGs
[2022-10-06T23:56:15.428+0000] {logging_mixin.py:117} INFO - [2022-10-06T23:56:15.427+0000] {dag.py:3328} INFO - Setting next_dagrun for example_skip_dag to 2022-10-05T23:56:15.427696+00:00, run_after=2022-10-06T23:56:15.427696+00:00
[2022-10-06T23:56:15.443+0000] {processor.py:178} INFO - Processing /home/airflow/.local/lib/python3.7/site-packages/airflow/example_dags/example_skip_dag.py took 0.074 seconds
[2022-10-06T23:56:46.391+0000] {processor.py:156} INFO - Started process (PID=768) to work on /home/airflow/.local/lib/python3.7/site-packages/airflow/example_dags/example_skip_dag.py
[2022-10-06T23:56:46.392+0000] {processor.py:758} INFO - Processing file /home/airflow/.local/lib/python3.7/site-packages/airflow/example_dags/example_skip_dag.py for tasks to queue
[2022-10-06T23:56:46.392+0000] {logging_mixin.py:117} INFO - [2022-10-06T23:56:46.392+0000] {dagbag.py:525} INFO - Filling up the DagBag from /home/airflow/.local/lib/python3.7/site-packages/airflow/example_dags/example_skip_dag.py
[2022-10-06T23:56:46.402+0000] {processor.py:768} INFO - DAG(s) dict_keys(['example_skip_dag']) retrieved from /home/airflow/.local/lib/python3.7/site-packages/airflow/example_dags/example_skip_dag.py
[2022-10-06T23:56:46.428+0000] {logging_mixin.py:117} INFO - [2022-10-06T23:56:46.428+0000] {dag.py:2573} INFO - Sync 1 DAGs
[2022-10-06T23:56:46.450+0000] {logging_mixin.py:117} INFO - [2022-10-06T23:56:46.450+0000] {dag.py:3328} INFO - Setting next_dagrun for example_skip_dag to 2022-10-05T23:56:46.449977+00:00, run_after=2022-10-06T23:56:46.449977+00:00
[2022-10-06T23:56:46.464+0000] {processor.py:178} INFO - Processing /home/airflow/.local/lib/python3.7/site-packages/airflow/example_dags/example_skip_dag.py took 0.074 seconds
[2022-10-06T23:57:16.563+0000] {processor.py:156} INFO - Started process (PID=832) to work on /home/airflow/.local/lib/python3.7/site-packages/airflow/example_dags/example_skip_dag.py
[2022-10-06T23:57:16.564+0000] {processor.py:758} INFO - Processing file /home/airflow/.local/lib/python3.7/site-packages/airflow/example_dags/example_skip_dag.py for tasks to queue
[2022-10-06T23:57:16.564+0000] {logging_mixin.py:117} INFO - [2022-10-06T23:57:16.564+0000] {dagbag.py:525} INFO - Filling up the DagBag from /home/airflow/.local/lib/python3.7/site-packages/airflow/example_dags/example_skip_dag.py
[2022-10-06T23:57:16.574+0000] {processor.py:768} INFO - DAG(s) dict_keys(['example_skip_dag']) retrieved from /home/airflow/.local/lib/python3.7/site-packages/airflow/example_dags/example_skip_dag.py
[2022-10-06T23:57:16.601+0000] {logging_mixin.py:117} INFO - [2022-10-06T23:57:16.601+0000] {dag.py:2573} INFO - Sync 1 DAGs
[2022-10-06T23:57:16.619+0000] {logging_mixin.py:117} INFO - [2022-10-06T23:57:16.619+0000] {dag.py:3328} INFO - Setting next_dagrun for example_skip_dag to 2022-10-05T23:57:16.619003+00:00, run_after=2022-10-06T23:57:16.619003+00:00
[2022-10-06T23:57:16.633+0000] {processor.py:178} INFO - Processing /home/airflow/.local/lib/python3.7/site-packages/airflow/example_dags/example_skip_dag.py took 0.072 seconds
[2022-10-06T23:57:47.626+0000] {processor.py:156} INFO - Started process (PID=899) to work on /home/airflow/.local/lib/python3.7/site-packages/airflow/example_dags/example_skip_dag.py
[2022-10-06T23:57:47.627+0000] {processor.py:758} INFO - Processing file /home/airflow/.local/lib/python3.7/site-packages/airflow/example_dags/example_skip_dag.py for tasks to queue
[2022-10-06T23:57:47.627+0000] {logging_mixin.py:117} INFO - [2022-10-06T23:57:47.627+0000] {dagbag.py:525} INFO - Filling up the DagBag from /home/airflow/.local/lib/python3.7/site-packages/airflow/example_dags/example_skip_dag.py
[2022-10-06T23:57:47.638+0000] {processor.py:768} INFO - DAG(s) dict_keys(['example_skip_dag']) retrieved from /home/airflow/.local/lib/python3.7/site-packages/airflow/example_dags/example_skip_dag.py
[2022-10-06T23:57:47.666+0000] {logging_mixin.py:117} INFO - [2022-10-06T23:57:47.666+0000] {dag.py:2573} INFO - Sync 1 DAGs
[2022-10-06T23:57:47.684+0000] {logging_mixin.py:117} INFO - [2022-10-06T23:57:47.684+0000] {dag.py:3328} INFO - Setting next_dagrun for example_skip_dag to 2022-10-05T23:57:47.684463+00:00, run_after=2022-10-06T23:57:47.684463+00:00
[2022-10-06T23:57:47.697+0000] {processor.py:178} INFO - Processing /home/airflow/.local/lib/python3.7/site-packages/airflow/example_dags/example_skip_dag.py took 0.073 seconds
[2022-10-06T23:58:18.693+0000] {processor.py:156} INFO - Started process (PID=954) to work on /home/airflow/.local/lib/python3.7/site-packages/airflow/example_dags/example_skip_dag.py
[2022-10-06T23:58:18.694+0000] {processor.py:758} INFO - Processing file /home/airflow/.local/lib/python3.7/site-packages/airflow/example_dags/example_skip_dag.py for tasks to queue
[2022-10-06T23:58:18.694+0000] {logging_mixin.py:117} INFO - [2022-10-06T23:58:18.694+0000] {dagbag.py:525} INFO - Filling up the DagBag from /home/airflow/.local/lib/python3.7/site-packages/airflow/example_dags/example_skip_dag.py
[2022-10-06T23:58:18.704+0000] {processor.py:768} INFO - DAG(s) dict_keys(['example_skip_dag']) retrieved from /home/airflow/.local/lib/python3.7/site-packages/airflow/example_dags/example_skip_dag.py
[2022-10-06T23:58:18.730+0000] {logging_mixin.py:117} INFO - [2022-10-06T23:58:18.730+0000] {dag.py:2573} INFO - Sync 1 DAGs
[2022-10-06T23:58:18.748+0000] {logging_mixin.py:117} INFO - [2022-10-06T23:58:18.748+0000] {dag.py:3328} INFO - Setting next_dagrun for example_skip_dag to 2022-10-05T23:58:18.748160+00:00, run_after=2022-10-06T23:58:18.748160+00:00
[2022-10-06T23:58:18.762+0000] {processor.py:178} INFO - Processing /home/airflow/.local/lib/python3.7/site-packages/airflow/example_dags/example_skip_dag.py took 0.071 seconds
[2022-10-06T23:58:50.101+0000] {processor.py:156} INFO - Started process (PID=1018) to work on /home/airflow/.local/lib/python3.7/site-packages/airflow/example_dags/example_skip_dag.py
[2022-10-06T23:58:50.102+0000] {processor.py:758} INFO - Processing file /home/airflow/.local/lib/python3.7/site-packages/airflow/example_dags/example_skip_dag.py for tasks to queue
[2022-10-06T23:58:50.103+0000] {logging_mixin.py:117} INFO - [2022-10-06T23:58:50.103+0000] {dagbag.py:525} INFO - Filling up the DagBag from /home/airflow/.local/lib/python3.7/site-packages/airflow/example_dags/example_skip_dag.py
[2022-10-06T23:58:50.115+0000] {processor.py:768} INFO - DAG(s) dict_keys(['example_skip_dag']) retrieved from /home/airflow/.local/lib/python3.7/site-packages/airflow/example_dags/example_skip_dag.py
[2022-10-06T23:58:50.143+0000] {logging_mixin.py:117} INFO - [2022-10-06T23:58:50.142+0000] {dag.py:2573} INFO - Sync 1 DAGs
[2022-10-06T23:58:50.163+0000] {logging_mixin.py:117} INFO - [2022-10-06T23:58:50.163+0000] {dag.py:3328} INFO - Setting next_dagrun for example_skip_dag to 2022-10-05T23:58:50.162875+00:00, run_after=2022-10-06T23:58:50.162875+00:00
[2022-10-06T23:58:50.179+0000] {processor.py:178} INFO - Processing /home/airflow/.local/lib/python3.7/site-packages/airflow/example_dags/example_skip_dag.py took 0.079 seconds
[2022-10-06T23:59:20.246+0000] {processor.py:156} INFO - Started process (PID=1082) to work on /home/airflow/.local/lib/python3.7/site-packages/airflow/example_dags/example_skip_dag.py
[2022-10-06T23:59:20.246+0000] {processor.py:758} INFO - Processing file /home/airflow/.local/lib/python3.7/site-packages/airflow/example_dags/example_skip_dag.py for tasks to queue
[2022-10-06T23:59:20.246+0000] {logging_mixin.py:117} INFO - [2022-10-06T23:59:20.246+0000] {dagbag.py:525} INFO - Filling up the DagBag from /home/airflow/.local/lib/python3.7/site-packages/airflow/example_dags/example_skip_dag.py
[2022-10-06T23:59:20.255+0000] {processor.py:768} INFO - DAG(s) dict_keys(['example_skip_dag']) retrieved from /home/airflow/.local/lib/python3.7/site-packages/airflow/example_dags/example_skip_dag.py
[2022-10-06T23:59:20.288+0000] {logging_mixin.py:117} INFO - [2022-10-06T23:59:20.288+0000] {dag.py:2573} INFO - Sync 1 DAGs
[2022-10-06T23:59:20.308+0000] {logging_mixin.py:117} INFO - [2022-10-06T23:59:20.308+0000] {dag.py:3328} INFO - Setting next_dagrun for example_skip_dag to 2022-10-05T23:59:20.307904+00:00, run_after=2022-10-06T23:59:20.307904+00:00
[2022-10-06T23:59:20.323+0000] {processor.py:178} INFO - Processing /home/airflow/.local/lib/python3.7/site-packages/airflow/example_dags/example_skip_dag.py took 0.079 seconds
[2022-10-06T23:59:51.195+0000] {processor.py:156} INFO - Started process (PID=1146) to work on /home/airflow/.local/lib/python3.7/site-packages/airflow/example_dags/example_skip_dag.py
[2022-10-06T23:59:51.195+0000] {processor.py:758} INFO - Processing file /home/airflow/.local/lib/python3.7/site-packages/airflow/example_dags/example_skip_dag.py for tasks to queue
[2022-10-06T23:59:51.196+0000] {logging_mixin.py:117} INFO - [2022-10-06T23:59:51.196+0000] {dagbag.py:525} INFO - Filling up the DagBag from /home/airflow/.local/lib/python3.7/site-packages/airflow/example_dags/example_skip_dag.py
[2022-10-06T23:59:51.204+0000] {processor.py:768} INFO - DAG(s) dict_keys(['example_skip_dag']) retrieved from /home/airflow/.local/lib/python3.7/site-packages/airflow/example_dags/example_skip_dag.py
[2022-10-06T23:59:51.229+0000] {logging_mixin.py:117} INFO - [2022-10-06T23:59:51.229+0000] {dag.py:2573} INFO - Sync 1 DAGs
[2022-10-06T23:59:51.247+0000] {logging_mixin.py:117} INFO - [2022-10-06T23:59:51.247+0000] {dag.py:3328} INFO - Setting next_dagrun for example_skip_dag to 2022-10-05T23:59:51.247067+00:00, run_after=2022-10-06T23:59:51.247067+00:00
[2022-10-06T23:59:51.260+0000] {processor.py:178} INFO - Processing /home/airflow/.local/lib/python3.7/site-packages/airflow/example_dags/example_skip_dag.py took 0.067 seconds
