[2022-10-06T00:38:38.786+0000] {processor.py:156} INFO - Started process (PID=83) to work on /home/airflow/.local/lib/python3.7/site-packages/airflow/example_dags/example_complex.py
[2022-10-06T00:38:38.787+0000] {processor.py:758} INFO - Processing file /home/airflow/.local/lib/python3.7/site-packages/airflow/example_dags/example_complex.py for tasks to queue
[2022-10-06T00:38:38.788+0000] {logging_mixin.py:117} INFO - [2022-10-06T00:38:38.788+0000] {dagbag.py:525} INFO - Filling up the DagBag from /home/airflow/.local/lib/python3.7/site-packages/airflow/example_dags/example_complex.py
[2022-10-06T00:38:38.814+0000] {processor.py:768} INFO - DAG(s) dict_keys(['example_complex']) retrieved from /home/airflow/.local/lib/python3.7/site-packages/airflow/example_dags/example_complex.py
[2022-10-06T00:38:39.043+0000] {logging_mixin.py:117} INFO - [2022-10-06T00:38:39.043+0000] {dag.py:2573} INFO - Sync 1 DAGs
[2022-10-06T00:38:39.068+0000] {logging_mixin.py:117} INFO - [2022-10-06T00:38:39.068+0000] {dag.py:3328} INFO - Setting next_dagrun for example_complex to None, run_after=None
[2022-10-06T00:38:39.097+0000] {processor.py:178} INFO - Processing /home/airflow/.local/lib/python3.7/site-packages/airflow/example_dags/example_complex.py took 0.313 seconds
[2022-10-06T00:39:09.619+0000] {processor.py:156} INFO - Started process (PID=138) to work on /home/airflow/.local/lib/python3.7/site-packages/airflow/example_dags/example_complex.py
[2022-10-06T00:39:09.619+0000] {processor.py:758} INFO - Processing file /home/airflow/.local/lib/python3.7/site-packages/airflow/example_dags/example_complex.py for tasks to queue
[2022-10-06T00:39:09.620+0000] {logging_mixin.py:117} INFO - [2022-10-06T00:39:09.620+0000] {dagbag.py:525} INFO - Filling up the DagBag from /home/airflow/.local/lib/python3.7/site-packages/airflow/example_dags/example_complex.py
[2022-10-06T00:39:09.722+0000] {processor.py:768} INFO - DAG(s) dict_keys(['example_complex']) retrieved from /home/airflow/.local/lib/python3.7/site-packages/airflow/example_dags/example_complex.py
[2022-10-06T00:39:09.749+0000] {logging_mixin.py:117} INFO - [2022-10-06T00:39:09.749+0000] {dag.py:2573} INFO - Sync 1 DAGs
[2022-10-06T00:39:09.766+0000] {logging_mixin.py:117} INFO - [2022-10-06T00:39:09.766+0000] {dag.py:3328} INFO - Setting next_dagrun for example_complex to None, run_after=None
[2022-10-06T00:39:09.779+0000] {processor.py:178} INFO - Processing /home/airflow/.local/lib/python3.7/site-packages/airflow/example_dags/example_complex.py took 0.163 seconds
[2022-10-06T00:39:40.122+0000] {processor.py:156} INFO - Started process (PID=203) to work on /home/airflow/.local/lib/python3.7/site-packages/airflow/example_dags/example_complex.py
[2022-10-06T00:39:40.123+0000] {processor.py:758} INFO - Processing file /home/airflow/.local/lib/python3.7/site-packages/airflow/example_dags/example_complex.py for tasks to queue
[2022-10-06T00:39:40.123+0000] {logging_mixin.py:117} INFO - [2022-10-06T00:39:40.123+0000] {dagbag.py:525} INFO - Filling up the DagBag from /home/airflow/.local/lib/python3.7/site-packages/airflow/example_dags/example_complex.py
[2022-10-06T00:39:40.224+0000] {processor.py:768} INFO - DAG(s) dict_keys(['example_complex']) retrieved from /home/airflow/.local/lib/python3.7/site-packages/airflow/example_dags/example_complex.py
[2022-10-06T00:39:40.251+0000] {logging_mixin.py:117} INFO - [2022-10-06T00:39:40.251+0000] {dag.py:2573} INFO - Sync 1 DAGs
[2022-10-06T00:39:40.267+0000] {logging_mixin.py:117} INFO - [2022-10-06T00:39:40.267+0000] {dag.py:3328} INFO - Setting next_dagrun for example_complex to None, run_after=None
[2022-10-06T00:39:40.279+0000] {processor.py:178} INFO - Processing /home/airflow/.local/lib/python3.7/site-packages/airflow/example_dags/example_complex.py took 0.158 seconds
[2022-10-06T00:40:10.315+0000] {processor.py:156} INFO - Started process (PID=267) to work on /home/airflow/.local/lib/python3.7/site-packages/airflow/example_dags/example_complex.py
[2022-10-06T00:40:10.316+0000] {processor.py:758} INFO - Processing file /home/airflow/.local/lib/python3.7/site-packages/airflow/example_dags/example_complex.py for tasks to queue
[2022-10-06T00:40:10.316+0000] {logging_mixin.py:117} INFO - [2022-10-06T00:40:10.316+0000] {dagbag.py:525} INFO - Filling up the DagBag from /home/airflow/.local/lib/python3.7/site-packages/airflow/example_dags/example_complex.py
[2022-10-06T00:40:10.333+0000] {processor.py:768} INFO - DAG(s) dict_keys(['example_complex']) retrieved from /home/airflow/.local/lib/python3.7/site-packages/airflow/example_dags/example_complex.py
[2022-10-06T00:40:10.368+0000] {logging_mixin.py:117} INFO - [2022-10-06T00:40:10.368+0000] {dag.py:2573} INFO - Sync 1 DAGs
[2022-10-06T00:40:10.388+0000] {logging_mixin.py:117} INFO - [2022-10-06T00:40:10.388+0000] {dag.py:3328} INFO - Setting next_dagrun for example_complex to None, run_after=None
[2022-10-06T00:40:10.402+0000] {processor.py:178} INFO - Processing /home/airflow/.local/lib/python3.7/site-packages/airflow/example_dags/example_complex.py took 0.088 seconds
[2022-10-06T00:40:41.201+0000] {processor.py:156} INFO - Started process (PID=331) to work on /home/airflow/.local/lib/python3.7/site-packages/airflow/example_dags/example_complex.py
[2022-10-06T00:40:41.201+0000] {processor.py:758} INFO - Processing file /home/airflow/.local/lib/python3.7/site-packages/airflow/example_dags/example_complex.py for tasks to queue
[2022-10-06T00:40:41.202+0000] {logging_mixin.py:117} INFO - [2022-10-06T00:40:41.202+0000] {dagbag.py:525} INFO - Filling up the DagBag from /home/airflow/.local/lib/python3.7/site-packages/airflow/example_dags/example_complex.py
[2022-10-06T00:40:41.219+0000] {processor.py:768} INFO - DAG(s) dict_keys(['example_complex']) retrieved from /home/airflow/.local/lib/python3.7/site-packages/airflow/example_dags/example_complex.py
[2022-10-06T00:40:41.370+0000] {logging_mixin.py:117} INFO - [2022-10-06T00:40:41.370+0000] {dag.py:2573} INFO - Sync 1 DAGs
[2022-10-06T00:40:41.390+0000] {logging_mixin.py:117} INFO - [2022-10-06T00:40:41.390+0000] {dag.py:3328} INFO - Setting next_dagrun for example_complex to None, run_after=None
[2022-10-06T00:40:41.407+0000] {processor.py:178} INFO - Processing /home/airflow/.local/lib/python3.7/site-packages/airflow/example_dags/example_complex.py took 0.209 seconds
[2022-10-06T00:41:11.429+0000] {processor.py:156} INFO - Started process (PID=386) to work on /home/airflow/.local/lib/python3.7/site-packages/airflow/example_dags/example_complex.py
[2022-10-06T00:41:11.429+0000] {processor.py:758} INFO - Processing file /home/airflow/.local/lib/python3.7/site-packages/airflow/example_dags/example_complex.py for tasks to queue
[2022-10-06T00:41:11.430+0000] {logging_mixin.py:117} INFO - [2022-10-06T00:41:11.430+0000] {dagbag.py:525} INFO - Filling up the DagBag from /home/airflow/.local/lib/python3.7/site-packages/airflow/example_dags/example_complex.py
[2022-10-06T00:41:11.445+0000] {processor.py:768} INFO - DAG(s) dict_keys(['example_complex']) retrieved from /home/airflow/.local/lib/python3.7/site-packages/airflow/example_dags/example_complex.py
[2022-10-06T00:41:11.474+0000] {logging_mixin.py:117} INFO - [2022-10-06T00:41:11.474+0000] {dag.py:2573} INFO - Sync 1 DAGs
[2022-10-06T00:41:11.494+0000] {logging_mixin.py:117} INFO - [2022-10-06T00:41:11.494+0000] {dag.py:3328} INFO - Setting next_dagrun for example_complex to None, run_after=None
[2022-10-06T00:41:11.507+0000] {processor.py:178} INFO - Processing /home/airflow/.local/lib/python3.7/site-packages/airflow/example_dags/example_complex.py took 0.079 seconds
[2022-10-06T00:41:42.367+0000] {processor.py:156} INFO - Started process (PID=450) to work on /home/airflow/.local/lib/python3.7/site-packages/airflow/example_dags/example_complex.py
[2022-10-06T00:41:42.368+0000] {processor.py:758} INFO - Processing file /home/airflow/.local/lib/python3.7/site-packages/airflow/example_dags/example_complex.py for tasks to queue
[2022-10-06T00:41:42.368+0000] {logging_mixin.py:117} INFO - [2022-10-06T00:41:42.368+0000] {dagbag.py:525} INFO - Filling up the DagBag from /home/airflow/.local/lib/python3.7/site-packages/airflow/example_dags/example_complex.py
[2022-10-06T00:41:42.382+0000] {processor.py:768} INFO - DAG(s) dict_keys(['example_complex']) retrieved from /home/airflow/.local/lib/python3.7/site-packages/airflow/example_dags/example_complex.py
[2022-10-06T00:41:42.413+0000] {logging_mixin.py:117} INFO - [2022-10-06T00:41:42.413+0000] {dag.py:2573} INFO - Sync 1 DAGs
[2022-10-06T00:41:42.434+0000] {logging_mixin.py:117} INFO - [2022-10-06T00:41:42.434+0000] {dag.py:3328} INFO - Setting next_dagrun for example_complex to None, run_after=None
[2022-10-06T00:41:42.446+0000] {processor.py:178} INFO - Processing /home/airflow/.local/lib/python3.7/site-packages/airflow/example_dags/example_complex.py took 0.081 seconds
[2022-10-06T00:42:12.830+0000] {processor.py:156} INFO - Started process (PID=514) to work on /home/airflow/.local/lib/python3.7/site-packages/airflow/example_dags/example_complex.py
[2022-10-06T00:42:12.830+0000] {processor.py:758} INFO - Processing file /home/airflow/.local/lib/python3.7/site-packages/airflow/example_dags/example_complex.py for tasks to queue
[2022-10-06T00:42:12.830+0000] {logging_mixin.py:117} INFO - [2022-10-06T00:42:12.830+0000] {dagbag.py:525} INFO - Filling up the DagBag from /home/airflow/.local/lib/python3.7/site-packages/airflow/example_dags/example_complex.py
[2022-10-06T00:42:12.847+0000] {processor.py:768} INFO - DAG(s) dict_keys(['example_complex']) retrieved from /home/airflow/.local/lib/python3.7/site-packages/airflow/example_dags/example_complex.py
[2022-10-06T00:42:12.876+0000] {logging_mixin.py:117} INFO - [2022-10-06T00:42:12.876+0000] {dag.py:2573} INFO - Sync 1 DAGs
[2022-10-06T00:42:12.895+0000] {logging_mixin.py:117} INFO - [2022-10-06T00:42:12.895+0000] {dag.py:3328} INFO - Setting next_dagrun for example_complex to None, run_after=None
[2022-10-06T00:42:12.909+0000] {processor.py:178} INFO - Processing /home/airflow/.local/lib/python3.7/site-packages/airflow/example_dags/example_complex.py took 0.080 seconds
[2022-10-06T00:42:43.804+0000] {processor.py:156} INFO - Started process (PID=578) to work on /home/airflow/.local/lib/python3.7/site-packages/airflow/example_dags/example_complex.py
[2022-10-06T00:42:43.805+0000] {processor.py:758} INFO - Processing file /home/airflow/.local/lib/python3.7/site-packages/airflow/example_dags/example_complex.py for tasks to queue
[2022-10-06T00:42:43.805+0000] {logging_mixin.py:117} INFO - [2022-10-06T00:42:43.805+0000] {dagbag.py:525} INFO - Filling up the DagBag from /home/airflow/.local/lib/python3.7/site-packages/airflow/example_dags/example_complex.py
[2022-10-06T00:42:43.819+0000] {processor.py:768} INFO - DAG(s) dict_keys(['example_complex']) retrieved from /home/airflow/.local/lib/python3.7/site-packages/airflow/example_dags/example_complex.py
[2022-10-06T00:42:43.850+0000] {logging_mixin.py:117} INFO - [2022-10-06T00:42:43.850+0000] {dag.py:2573} INFO - Sync 1 DAGs
[2022-10-06T00:42:43.867+0000] {logging_mixin.py:117} INFO - [2022-10-06T00:42:43.867+0000] {dag.py:3328} INFO - Setting next_dagrun for example_complex to None, run_after=None
[2022-10-06T00:42:43.879+0000] {processor.py:178} INFO - Processing /home/airflow/.local/lib/python3.7/site-packages/airflow/example_dags/example_complex.py took 0.077 seconds
[2022-10-06T00:43:14.801+0000] {processor.py:156} INFO - Started process (PID=633) to work on /home/airflow/.local/lib/python3.7/site-packages/airflow/example_dags/example_complex.py
[2022-10-06T00:43:14.801+0000] {processor.py:758} INFO - Processing file /home/airflow/.local/lib/python3.7/site-packages/airflow/example_dags/example_complex.py for tasks to queue
[2022-10-06T00:43:14.802+0000] {logging_mixin.py:117} INFO - [2022-10-06T00:43:14.802+0000] {dagbag.py:525} INFO - Filling up the DagBag from /home/airflow/.local/lib/python3.7/site-packages/airflow/example_dags/example_complex.py
[2022-10-06T00:43:14.816+0000] {processor.py:768} INFO - DAG(s) dict_keys(['example_complex']) retrieved from /home/airflow/.local/lib/python3.7/site-packages/airflow/example_dags/example_complex.py
[2022-10-06T00:43:14.846+0000] {logging_mixin.py:117} INFO - [2022-10-06T00:43:14.846+0000] {dag.py:2573} INFO - Sync 1 DAGs
[2022-10-06T00:43:14.866+0000] {logging_mixin.py:117} INFO - [2022-10-06T00:43:14.866+0000] {dag.py:3328} INFO - Setting next_dagrun for example_complex to None, run_after=None
[2022-10-06T00:43:14.880+0000] {processor.py:178} INFO - Processing /home/airflow/.local/lib/python3.7/site-packages/airflow/example_dags/example_complex.py took 0.080 seconds
[2022-10-06T00:43:45.779+0000] {processor.py:156} INFO - Started process (PID=697) to work on /home/airflow/.local/lib/python3.7/site-packages/airflow/example_dags/example_complex.py
[2022-10-06T00:43:45.780+0000] {processor.py:758} INFO - Processing file /home/airflow/.local/lib/python3.7/site-packages/airflow/example_dags/example_complex.py for tasks to queue
[2022-10-06T00:43:45.781+0000] {logging_mixin.py:117} INFO - [2022-10-06T00:43:45.780+0000] {dagbag.py:525} INFO - Filling up the DagBag from /home/airflow/.local/lib/python3.7/site-packages/airflow/example_dags/example_complex.py
[2022-10-06T00:43:45.797+0000] {processor.py:768} INFO - DAG(s) dict_keys(['example_complex']) retrieved from /home/airflow/.local/lib/python3.7/site-packages/airflow/example_dags/example_complex.py
[2022-10-06T00:43:45.830+0000] {logging_mixin.py:117} INFO - [2022-10-06T00:43:45.830+0000] {dag.py:2573} INFO - Sync 1 DAGs
[2022-10-06T00:43:45.849+0000] {logging_mixin.py:117} INFO - [2022-10-06T00:43:45.849+0000] {dag.py:3328} INFO - Setting next_dagrun for example_complex to None, run_after=None
[2022-10-06T00:43:45.862+0000] {processor.py:178} INFO - Processing /home/airflow/.local/lib/python3.7/site-packages/airflow/example_dags/example_complex.py took 0.086 seconds
[2022-10-06T00:44:16.738+0000] {processor.py:156} INFO - Started process (PID=761) to work on /home/airflow/.local/lib/python3.7/site-packages/airflow/example_dags/example_complex.py
[2022-10-06T00:44:16.738+0000] {processor.py:758} INFO - Processing file /home/airflow/.local/lib/python3.7/site-packages/airflow/example_dags/example_complex.py for tasks to queue
[2022-10-06T00:44:16.738+0000] {logging_mixin.py:117} INFO - [2022-10-06T00:44:16.738+0000] {dagbag.py:525} INFO - Filling up the DagBag from /home/airflow/.local/lib/python3.7/site-packages/airflow/example_dags/example_complex.py
[2022-10-06T00:44:16.752+0000] {processor.py:768} INFO - DAG(s) dict_keys(['example_complex']) retrieved from /home/airflow/.local/lib/python3.7/site-packages/airflow/example_dags/example_complex.py
[2022-10-06T00:44:16.782+0000] {logging_mixin.py:117} INFO - [2022-10-06T00:44:16.782+0000] {dag.py:2573} INFO - Sync 1 DAGs
[2022-10-06T00:44:16.799+0000] {logging_mixin.py:117} INFO - [2022-10-06T00:44:16.798+0000] {dag.py:3328} INFO - Setting next_dagrun for example_complex to None, run_after=None
[2022-10-06T00:44:16.812+0000] {processor.py:178} INFO - Processing /home/airflow/.local/lib/python3.7/site-packages/airflow/example_dags/example_complex.py took 0.076 seconds
[2022-10-06T00:44:47.474+0000] {processor.py:156} INFO - Started process (PID=825) to work on /home/airflow/.local/lib/python3.7/site-packages/airflow/example_dags/example_complex.py
[2022-10-06T00:44:47.474+0000] {processor.py:758} INFO - Processing file /home/airflow/.local/lib/python3.7/site-packages/airflow/example_dags/example_complex.py for tasks to queue
[2022-10-06T00:44:47.475+0000] {logging_mixin.py:117} INFO - [2022-10-06T00:44:47.475+0000] {dagbag.py:525} INFO - Filling up the DagBag from /home/airflow/.local/lib/python3.7/site-packages/airflow/example_dags/example_complex.py
[2022-10-06T00:44:47.489+0000] {processor.py:768} INFO - DAG(s) dict_keys(['example_complex']) retrieved from /home/airflow/.local/lib/python3.7/site-packages/airflow/example_dags/example_complex.py
[2022-10-06T00:44:47.519+0000] {logging_mixin.py:117} INFO - [2022-10-06T00:44:47.519+0000] {dag.py:2573} INFO - Sync 1 DAGs
[2022-10-06T00:44:47.536+0000] {logging_mixin.py:117} INFO - [2022-10-06T00:44:47.536+0000] {dag.py:3328} INFO - Setting next_dagrun for example_complex to None, run_after=None
[2022-10-06T00:44:47.549+0000] {processor.py:178} INFO - Processing /home/airflow/.local/lib/python3.7/site-packages/airflow/example_dags/example_complex.py took 0.077 seconds
[2022-10-06T00:45:18.496+0000] {processor.py:156} INFO - Started process (PID=889) to work on /home/airflow/.local/lib/python3.7/site-packages/airflow/example_dags/example_complex.py
[2022-10-06T00:45:18.496+0000] {processor.py:758} INFO - Processing file /home/airflow/.local/lib/python3.7/site-packages/airflow/example_dags/example_complex.py for tasks to queue
[2022-10-06T00:45:18.497+0000] {logging_mixin.py:117} INFO - [2022-10-06T00:45:18.497+0000] {dagbag.py:525} INFO - Filling up the DagBag from /home/airflow/.local/lib/python3.7/site-packages/airflow/example_dags/example_complex.py
[2022-10-06T00:45:18.511+0000] {processor.py:768} INFO - DAG(s) dict_keys(['example_complex']) retrieved from /home/airflow/.local/lib/python3.7/site-packages/airflow/example_dags/example_complex.py
[2022-10-06T00:45:18.539+0000] {logging_mixin.py:117} INFO - [2022-10-06T00:45:18.539+0000] {dag.py:2573} INFO - Sync 1 DAGs
[2022-10-06T00:45:18.556+0000] {logging_mixin.py:117} INFO - [2022-10-06T00:45:18.556+0000] {dag.py:3328} INFO - Setting next_dagrun for example_complex to None, run_after=None
[2022-10-06T00:45:18.568+0000] {processor.py:178} INFO - Processing /home/airflow/.local/lib/python3.7/site-packages/airflow/example_dags/example_complex.py took 0.074 seconds
[2022-10-06T00:45:49.285+0000] {processor.py:156} INFO - Started process (PID=944) to work on /home/airflow/.local/lib/python3.7/site-packages/airflow/example_dags/example_complex.py
[2022-10-06T00:45:49.285+0000] {processor.py:758} INFO - Processing file /home/airflow/.local/lib/python3.7/site-packages/airflow/example_dags/example_complex.py for tasks to queue
[2022-10-06T00:45:49.286+0000] {logging_mixin.py:117} INFO - [2022-10-06T00:45:49.286+0000] {dagbag.py:525} INFO - Filling up the DagBag from /home/airflow/.local/lib/python3.7/site-packages/airflow/example_dags/example_complex.py
[2022-10-06T00:45:49.306+0000] {processor.py:768} INFO - DAG(s) dict_keys(['example_complex']) retrieved from /home/airflow/.local/lib/python3.7/site-packages/airflow/example_dags/example_complex.py
[2022-10-06T00:45:49.385+0000] {logging_mixin.py:117} INFO - [2022-10-06T00:45:49.385+0000] {dag.py:2573} INFO - Sync 1 DAGs
[2022-10-06T00:45:49.413+0000] {logging_mixin.py:117} INFO - [2022-10-06T00:45:49.412+0000] {dag.py:3328} INFO - Setting next_dagrun for example_complex to None, run_after=None
[2022-10-06T00:45:49.430+0000] {processor.py:178} INFO - Processing /home/airflow/.local/lib/python3.7/site-packages/airflow/example_dags/example_complex.py took 0.147 seconds
[2022-10-06T00:46:20.123+0000] {processor.py:156} INFO - Started process (PID=1008) to work on /home/airflow/.local/lib/python3.7/site-packages/airflow/example_dags/example_complex.py
[2022-10-06T00:46:20.123+0000] {processor.py:758} INFO - Processing file /home/airflow/.local/lib/python3.7/site-packages/airflow/example_dags/example_complex.py for tasks to queue
[2022-10-06T00:46:20.124+0000] {logging_mixin.py:117} INFO - [2022-10-06T00:46:20.124+0000] {dagbag.py:525} INFO - Filling up the DagBag from /home/airflow/.local/lib/python3.7/site-packages/airflow/example_dags/example_complex.py
[2022-10-06T00:46:20.137+0000] {processor.py:768} INFO - DAG(s) dict_keys(['example_complex']) retrieved from /home/airflow/.local/lib/python3.7/site-packages/airflow/example_dags/example_complex.py
[2022-10-06T00:46:20.170+0000] {logging_mixin.py:117} INFO - [2022-10-06T00:46:20.169+0000] {dag.py:2573} INFO - Sync 1 DAGs
[2022-10-06T00:46:20.189+0000] {logging_mixin.py:117} INFO - [2022-10-06T00:46:20.188+0000] {dag.py:3328} INFO - Setting next_dagrun for example_complex to None, run_after=None
[2022-10-06T00:46:20.202+0000] {processor.py:178} INFO - Processing /home/airflow/.local/lib/python3.7/site-packages/airflow/example_dags/example_complex.py took 0.080 seconds
[2022-10-06T00:46:51.028+0000] {processor.py:156} INFO - Started process (PID=1072) to work on /home/airflow/.local/lib/python3.7/site-packages/airflow/example_dags/example_complex.py
[2022-10-06T00:46:51.029+0000] {processor.py:758} INFO - Processing file /home/airflow/.local/lib/python3.7/site-packages/airflow/example_dags/example_complex.py for tasks to queue
[2022-10-06T00:46:51.029+0000] {logging_mixin.py:117} INFO - [2022-10-06T00:46:51.029+0000] {dagbag.py:525} INFO - Filling up the DagBag from /home/airflow/.local/lib/python3.7/site-packages/airflow/example_dags/example_complex.py
[2022-10-06T00:46:51.043+0000] {processor.py:768} INFO - DAG(s) dict_keys(['example_complex']) retrieved from /home/airflow/.local/lib/python3.7/site-packages/airflow/example_dags/example_complex.py
[2022-10-06T00:46:51.073+0000] {logging_mixin.py:117} INFO - [2022-10-06T00:46:51.073+0000] {dag.py:2573} INFO - Sync 1 DAGs
[2022-10-06T00:46:51.091+0000] {logging_mixin.py:117} INFO - [2022-10-06T00:46:51.091+0000] {dag.py:3328} INFO - Setting next_dagrun for example_complex to None, run_after=None
[2022-10-06T00:46:51.106+0000] {processor.py:178} INFO - Processing /home/airflow/.local/lib/python3.7/site-packages/airflow/example_dags/example_complex.py took 0.079 seconds
[2022-10-06T00:47:22.085+0000] {processor.py:156} INFO - Started process (PID=1135) to work on /home/airflow/.local/lib/python3.7/site-packages/airflow/example_dags/example_complex.py
[2022-10-06T00:47:22.086+0000] {processor.py:758} INFO - Processing file /home/airflow/.local/lib/python3.7/site-packages/airflow/example_dags/example_complex.py for tasks to queue
[2022-10-06T00:47:22.086+0000] {logging_mixin.py:117} INFO - [2022-10-06T00:47:22.086+0000] {dagbag.py:525} INFO - Filling up the DagBag from /home/airflow/.local/lib/python3.7/site-packages/airflow/example_dags/example_complex.py
[2022-10-06T00:47:22.101+0000] {processor.py:768} INFO - DAG(s) dict_keys(['example_complex']) retrieved from /home/airflow/.local/lib/python3.7/site-packages/airflow/example_dags/example_complex.py
[2022-10-06T00:47:22.129+0000] {logging_mixin.py:117} INFO - [2022-10-06T00:47:22.129+0000] {dag.py:2573} INFO - Sync 1 DAGs
[2022-10-06T00:47:22.147+0000] {logging_mixin.py:117} INFO - [2022-10-06T00:47:22.147+0000] {dag.py:3328} INFO - Setting next_dagrun for example_complex to None, run_after=None
[2022-10-06T00:47:22.160+0000] {processor.py:178} INFO - Processing /home/airflow/.local/lib/python3.7/site-packages/airflow/example_dags/example_complex.py took 0.076 seconds
[2022-10-06T00:47:52.356+0000] {processor.py:156} INFO - Started process (PID=1199) to work on /home/airflow/.local/lib/python3.7/site-packages/airflow/example_dags/example_complex.py
[2022-10-06T00:47:52.357+0000] {processor.py:758} INFO - Processing file /home/airflow/.local/lib/python3.7/site-packages/airflow/example_dags/example_complex.py for tasks to queue
[2022-10-06T00:47:52.357+0000] {logging_mixin.py:117} INFO - [2022-10-06T00:47:52.357+0000] {dagbag.py:525} INFO - Filling up the DagBag from /home/airflow/.local/lib/python3.7/site-packages/airflow/example_dags/example_complex.py
[2022-10-06T00:47:52.372+0000] {processor.py:768} INFO - DAG(s) dict_keys(['example_complex']) retrieved from /home/airflow/.local/lib/python3.7/site-packages/airflow/example_dags/example_complex.py
[2022-10-06T00:47:52.403+0000] {logging_mixin.py:117} INFO - [2022-10-06T00:47:52.403+0000] {dag.py:2573} INFO - Sync 1 DAGs
[2022-10-06T00:47:52.420+0000] {logging_mixin.py:117} INFO - [2022-10-06T00:47:52.420+0000] {dag.py:3328} INFO - Setting next_dagrun for example_complex to None, run_after=None
[2022-10-06T00:47:52.433+0000] {processor.py:178} INFO - Processing /home/airflow/.local/lib/python3.7/site-packages/airflow/example_dags/example_complex.py took 0.079 seconds
[2022-10-06T00:48:22.611+0000] {processor.py:156} INFO - Started process (PID=1255) to work on /home/airflow/.local/lib/python3.7/site-packages/airflow/example_dags/example_complex.py
[2022-10-06T00:48:22.612+0000] {processor.py:758} INFO - Processing file /home/airflow/.local/lib/python3.7/site-packages/airflow/example_dags/example_complex.py for tasks to queue
[2022-10-06T00:48:22.612+0000] {logging_mixin.py:117} INFO - [2022-10-06T00:48:22.612+0000] {dagbag.py:525} INFO - Filling up the DagBag from /home/airflow/.local/lib/python3.7/site-packages/airflow/example_dags/example_complex.py
[2022-10-06T00:48:22.626+0000] {processor.py:768} INFO - DAG(s) dict_keys(['example_complex']) retrieved from /home/airflow/.local/lib/python3.7/site-packages/airflow/example_dags/example_complex.py
[2022-10-06T00:48:22.656+0000] {logging_mixin.py:117} INFO - [2022-10-06T00:48:22.656+0000] {dag.py:2573} INFO - Sync 1 DAGs
[2022-10-06T00:48:22.672+0000] {logging_mixin.py:117} INFO - [2022-10-06T00:48:22.672+0000] {dag.py:3328} INFO - Setting next_dagrun for example_complex to None, run_after=None
[2022-10-06T00:48:22.688+0000] {processor.py:178} INFO - Processing /home/airflow/.local/lib/python3.7/site-packages/airflow/example_dags/example_complex.py took 0.078 seconds
[2022-10-06T00:48:52.796+0000] {processor.py:156} INFO - Started process (PID=1319) to work on /home/airflow/.local/lib/python3.7/site-packages/airflow/example_dags/example_complex.py
[2022-10-06T00:48:52.797+0000] {processor.py:758} INFO - Processing file /home/airflow/.local/lib/python3.7/site-packages/airflow/example_dags/example_complex.py for tasks to queue
[2022-10-06T00:48:52.797+0000] {logging_mixin.py:117} INFO - [2022-10-06T00:48:52.797+0000] {dagbag.py:525} INFO - Filling up the DagBag from /home/airflow/.local/lib/python3.7/site-packages/airflow/example_dags/example_complex.py
[2022-10-06T00:48:52.811+0000] {processor.py:768} INFO - DAG(s) dict_keys(['example_complex']) retrieved from /home/airflow/.local/lib/python3.7/site-packages/airflow/example_dags/example_complex.py
[2022-10-06T00:48:52.847+0000] {logging_mixin.py:117} INFO - [2022-10-06T00:48:52.847+0000] {dag.py:2573} INFO - Sync 1 DAGs
[2022-10-06T00:48:52.868+0000] {logging_mixin.py:117} INFO - [2022-10-06T00:48:52.868+0000] {dag.py:3328} INFO - Setting next_dagrun for example_complex to None, run_after=None
[2022-10-06T00:48:52.888+0000] {processor.py:178} INFO - Processing /home/airflow/.local/lib/python3.7/site-packages/airflow/example_dags/example_complex.py took 0.094 seconds
[2022-10-06T00:49:23.765+0000] {processor.py:156} INFO - Started process (PID=1384) to work on /home/airflow/.local/lib/python3.7/site-packages/airflow/example_dags/example_complex.py
[2022-10-06T00:49:23.766+0000] {processor.py:758} INFO - Processing file /home/airflow/.local/lib/python3.7/site-packages/airflow/example_dags/example_complex.py for tasks to queue
[2022-10-06T00:49:23.766+0000] {logging_mixin.py:117} INFO - [2022-10-06T00:49:23.766+0000] {dagbag.py:525} INFO - Filling up the DagBag from /home/airflow/.local/lib/python3.7/site-packages/airflow/example_dags/example_complex.py
[2022-10-06T00:49:23.779+0000] {processor.py:768} INFO - DAG(s) dict_keys(['example_complex']) retrieved from /home/airflow/.local/lib/python3.7/site-packages/airflow/example_dags/example_complex.py
[2022-10-06T00:49:23.809+0000] {logging_mixin.py:117} INFO - [2022-10-06T00:49:23.809+0000] {dag.py:2573} INFO - Sync 1 DAGs
[2022-10-06T00:49:23.828+0000] {logging_mixin.py:117} INFO - [2022-10-06T00:49:23.827+0000] {dag.py:3328} INFO - Setting next_dagrun for example_complex to None, run_after=None
[2022-10-06T00:49:23.841+0000] {processor.py:178} INFO - Processing /home/airflow/.local/lib/python3.7/site-packages/airflow/example_dags/example_complex.py took 0.077 seconds
[2022-10-06T23:51:08.764+0000] {processor.py:156} INFO - Started process (PID=75) to work on /home/airflow/.local/lib/python3.7/site-packages/airflow/example_dags/example_complex.py
[2022-10-06T23:51:08.765+0000] {processor.py:758} INFO - Processing file /home/airflow/.local/lib/python3.7/site-packages/airflow/example_dags/example_complex.py for tasks to queue
[2022-10-06T23:51:08.765+0000] {logging_mixin.py:117} INFO - [2022-10-06T23:51:08.765+0000] {dagbag.py:525} INFO - Filling up the DagBag from /home/airflow/.local/lib/python3.7/site-packages/airflow/example_dags/example_complex.py
[2022-10-06T23:51:08.781+0000] {processor.py:768} INFO - DAG(s) dict_keys(['example_complex']) retrieved from /home/airflow/.local/lib/python3.7/site-packages/airflow/example_dags/example_complex.py
[2022-10-06T23:51:08.798+0000] {logging_mixin.py:117} INFO - [2022-10-06T23:51:08.798+0000] {dag.py:2573} INFO - Sync 1 DAGs
[2022-10-06T23:51:08.818+0000] {logging_mixin.py:117} INFO - [2022-10-06T23:51:08.818+0000] {dag.py:3328} INFO - Setting next_dagrun for example_complex to None, run_after=None
[2022-10-06T23:51:08.832+0000] {processor.py:178} INFO - Processing /home/airflow/.local/lib/python3.7/site-packages/airflow/example_dags/example_complex.py took 0.070 seconds
[2022-10-06T23:51:39.855+0000] {processor.py:156} INFO - Started process (PID=139) to work on /home/airflow/.local/lib/python3.7/site-packages/airflow/example_dags/example_complex.py
[2022-10-06T23:51:39.856+0000] {processor.py:758} INFO - Processing file /home/airflow/.local/lib/python3.7/site-packages/airflow/example_dags/example_complex.py for tasks to queue
[2022-10-06T23:51:39.856+0000] {logging_mixin.py:117} INFO - [2022-10-06T23:51:39.856+0000] {dagbag.py:525} INFO - Filling up the DagBag from /home/airflow/.local/lib/python3.7/site-packages/airflow/example_dags/example_complex.py
[2022-10-06T23:51:39.871+0000] {processor.py:768} INFO - DAG(s) dict_keys(['example_complex']) retrieved from /home/airflow/.local/lib/python3.7/site-packages/airflow/example_dags/example_complex.py
[2022-10-06T23:51:39.904+0000] {logging_mixin.py:117} INFO - [2022-10-06T23:51:39.904+0000] {dag.py:2573} INFO - Sync 1 DAGs
[2022-10-06T23:51:39.923+0000] {logging_mixin.py:117} INFO - [2022-10-06T23:51:39.923+0000] {dag.py:3328} INFO - Setting next_dagrun for example_complex to None, run_after=None
[2022-10-06T23:51:39.937+0000] {processor.py:178} INFO - Processing /home/airflow/.local/lib/python3.7/site-packages/airflow/example_dags/example_complex.py took 0.084 seconds
[2022-10-06T23:52:10.127+0000] {processor.py:156} INFO - Started process (PID=204) to work on /home/airflow/.local/lib/python3.7/site-packages/airflow/example_dags/example_complex.py
[2022-10-06T23:52:10.128+0000] {processor.py:758} INFO - Processing file /home/airflow/.local/lib/python3.7/site-packages/airflow/example_dags/example_complex.py for tasks to queue
[2022-10-06T23:52:10.128+0000] {logging_mixin.py:117} INFO - [2022-10-06T23:52:10.128+0000] {dagbag.py:525} INFO - Filling up the DagBag from /home/airflow/.local/lib/python3.7/site-packages/airflow/example_dags/example_complex.py
[2022-10-06T23:52:10.144+0000] {processor.py:768} INFO - DAG(s) dict_keys(['example_complex']) retrieved from /home/airflow/.local/lib/python3.7/site-packages/airflow/example_dags/example_complex.py
[2022-10-06T23:52:10.182+0000] {logging_mixin.py:117} INFO - [2022-10-06T23:52:10.182+0000] {dag.py:2573} INFO - Sync 1 DAGs
[2022-10-06T23:52:10.205+0000] {logging_mixin.py:117} INFO - [2022-10-06T23:52:10.205+0000] {dag.py:3328} INFO - Setting next_dagrun for example_complex to None, run_after=None
[2022-10-06T23:52:10.220+0000] {processor.py:178} INFO - Processing /home/airflow/.local/lib/python3.7/site-packages/airflow/example_dags/example_complex.py took 0.094 seconds
[2022-10-06T23:52:41.261+0000] {processor.py:156} INFO - Started process (PID=268) to work on /home/airflow/.local/lib/python3.7/site-packages/airflow/example_dags/example_complex.py
[2022-10-06T23:52:41.262+0000] {processor.py:758} INFO - Processing file /home/airflow/.local/lib/python3.7/site-packages/airflow/example_dags/example_complex.py for tasks to queue
[2022-10-06T23:52:41.262+0000] {logging_mixin.py:117} INFO - [2022-10-06T23:52:41.262+0000] {dagbag.py:525} INFO - Filling up the DagBag from /home/airflow/.local/lib/python3.7/site-packages/airflow/example_dags/example_complex.py
[2022-10-06T23:52:41.277+0000] {processor.py:768} INFO - DAG(s) dict_keys(['example_complex']) retrieved from /home/airflow/.local/lib/python3.7/site-packages/airflow/example_dags/example_complex.py
[2022-10-06T23:52:41.310+0000] {logging_mixin.py:117} INFO - [2022-10-06T23:52:41.310+0000] {dag.py:2573} INFO - Sync 1 DAGs
[2022-10-06T23:52:41.330+0000] {logging_mixin.py:117} INFO - [2022-10-06T23:52:41.330+0000] {dag.py:3328} INFO - Setting next_dagrun for example_complex to None, run_after=None
[2022-10-06T23:52:41.343+0000] {processor.py:178} INFO - Processing /home/airflow/.local/lib/python3.7/site-packages/airflow/example_dags/example_complex.py took 0.084 seconds
[2022-10-06T23:53:11.568+0000] {processor.py:156} INFO - Started process (PID=333) to work on /home/airflow/.local/lib/python3.7/site-packages/airflow/example_dags/example_complex.py
[2022-10-06T23:53:11.568+0000] {processor.py:758} INFO - Processing file /home/airflow/.local/lib/python3.7/site-packages/airflow/example_dags/example_complex.py for tasks to queue
[2022-10-06T23:53:11.569+0000] {logging_mixin.py:117} INFO - [2022-10-06T23:53:11.568+0000] {dagbag.py:525} INFO - Filling up the DagBag from /home/airflow/.local/lib/python3.7/site-packages/airflow/example_dags/example_complex.py
[2022-10-06T23:53:11.584+0000] {processor.py:768} INFO - DAG(s) dict_keys(['example_complex']) retrieved from /home/airflow/.local/lib/python3.7/site-packages/airflow/example_dags/example_complex.py
[2022-10-06T23:53:11.614+0000] {logging_mixin.py:117} INFO - [2022-10-06T23:53:11.614+0000] {dag.py:2573} INFO - Sync 1 DAGs
[2022-10-06T23:53:11.631+0000] {logging_mixin.py:117} INFO - [2022-10-06T23:53:11.631+0000] {dag.py:3328} INFO - Setting next_dagrun for example_complex to None, run_after=None
[2022-10-06T23:53:11.644+0000] {processor.py:178} INFO - Processing /home/airflow/.local/lib/python3.7/site-packages/airflow/example_dags/example_complex.py took 0.079 seconds
[2022-10-06T23:53:41.910+0000] {processor.py:156} INFO - Started process (PID=395) to work on /home/airflow/.local/lib/python3.7/site-packages/airflow/example_dags/example_complex.py
[2022-10-06T23:53:41.911+0000] {processor.py:758} INFO - Processing file /home/airflow/.local/lib/python3.7/site-packages/airflow/example_dags/example_complex.py for tasks to queue
[2022-10-06T23:53:41.911+0000] {logging_mixin.py:117} INFO - [2022-10-06T23:53:41.911+0000] {dagbag.py:525} INFO - Filling up the DagBag from /home/airflow/.local/lib/python3.7/site-packages/airflow/example_dags/example_complex.py
[2022-10-06T23:53:41.925+0000] {processor.py:768} INFO - DAG(s) dict_keys(['example_complex']) retrieved from /home/airflow/.local/lib/python3.7/site-packages/airflow/example_dags/example_complex.py
[2022-10-06T23:53:41.955+0000] {logging_mixin.py:117} INFO - [2022-10-06T23:53:41.955+0000] {dag.py:2573} INFO - Sync 1 DAGs
[2022-10-06T23:53:41.972+0000] {logging_mixin.py:117} INFO - [2022-10-06T23:53:41.972+0000] {dag.py:3328} INFO - Setting next_dagrun for example_complex to None, run_after=None
[2022-10-06T23:53:41.985+0000] {processor.py:178} INFO - Processing /home/airflow/.local/lib/python3.7/site-packages/airflow/example_dags/example_complex.py took 0.076 seconds
[2022-10-06T23:54:12.171+0000] {processor.py:156} INFO - Started process (PID=459) to work on /home/airflow/.local/lib/python3.7/site-packages/airflow/example_dags/example_complex.py
[2022-10-06T23:54:12.171+0000] {processor.py:758} INFO - Processing file /home/airflow/.local/lib/python3.7/site-packages/airflow/example_dags/example_complex.py for tasks to queue
[2022-10-06T23:54:12.172+0000] {logging_mixin.py:117} INFO - [2022-10-06T23:54:12.171+0000] {dagbag.py:525} INFO - Filling up the DagBag from /home/airflow/.local/lib/python3.7/site-packages/airflow/example_dags/example_complex.py
[2022-10-06T23:54:12.187+0000] {processor.py:768} INFO - DAG(s) dict_keys(['example_complex']) retrieved from /home/airflow/.local/lib/python3.7/site-packages/airflow/example_dags/example_complex.py
[2022-10-06T23:54:12.218+0000] {logging_mixin.py:117} INFO - [2022-10-06T23:54:12.217+0000] {dag.py:2573} INFO - Sync 1 DAGs
[2022-10-06T23:54:12.236+0000] {logging_mixin.py:117} INFO - [2022-10-06T23:54:12.236+0000] {dag.py:3328} INFO - Setting next_dagrun for example_complex to None, run_after=None
[2022-10-06T23:54:12.250+0000] {processor.py:178} INFO - Processing /home/airflow/.local/lib/python3.7/site-packages/airflow/example_dags/example_complex.py took 0.081 seconds
[2022-10-06T23:54:43.451+0000] {processor.py:156} INFO - Started process (PID=524) to work on /home/airflow/.local/lib/python3.7/site-packages/airflow/example_dags/example_complex.py
[2022-10-06T23:54:43.451+0000] {processor.py:758} INFO - Processing file /home/airflow/.local/lib/python3.7/site-packages/airflow/example_dags/example_complex.py for tasks to queue
[2022-10-06T23:54:43.452+0000] {logging_mixin.py:117} INFO - [2022-10-06T23:54:43.452+0000] {dagbag.py:525} INFO - Filling up the DagBag from /home/airflow/.local/lib/python3.7/site-packages/airflow/example_dags/example_complex.py
[2022-10-06T23:54:43.467+0000] {processor.py:768} INFO - DAG(s) dict_keys(['example_complex']) retrieved from /home/airflow/.local/lib/python3.7/site-packages/airflow/example_dags/example_complex.py
[2022-10-06T23:54:43.498+0000] {logging_mixin.py:117} INFO - [2022-10-06T23:54:43.498+0000] {dag.py:2573} INFO - Sync 1 DAGs
[2022-10-06T23:54:43.517+0000] {logging_mixin.py:117} INFO - [2022-10-06T23:54:43.517+0000] {dag.py:3328} INFO - Setting next_dagrun for example_complex to None, run_after=None
[2022-10-06T23:54:43.531+0000] {processor.py:178} INFO - Processing /home/airflow/.local/lib/python3.7/site-packages/airflow/example_dags/example_complex.py took 0.082 seconds
[2022-10-06T23:55:13.622+0000] {processor.py:156} INFO - Started process (PID=588) to work on /home/airflow/.local/lib/python3.7/site-packages/airflow/example_dags/example_complex.py
[2022-10-06T23:55:13.622+0000] {processor.py:758} INFO - Processing file /home/airflow/.local/lib/python3.7/site-packages/airflow/example_dags/example_complex.py for tasks to queue
[2022-10-06T23:55:13.623+0000] {logging_mixin.py:117} INFO - [2022-10-06T23:55:13.623+0000] {dagbag.py:525} INFO - Filling up the DagBag from /home/airflow/.local/lib/python3.7/site-packages/airflow/example_dags/example_complex.py
[2022-10-06T23:55:13.642+0000] {processor.py:768} INFO - DAG(s) dict_keys(['example_complex']) retrieved from /home/airflow/.local/lib/python3.7/site-packages/airflow/example_dags/example_complex.py
[2022-10-06T23:55:13.683+0000] {logging_mixin.py:117} INFO - [2022-10-06T23:55:13.682+0000] {dag.py:2573} INFO - Sync 1 DAGs
[2022-10-06T23:55:13.706+0000] {logging_mixin.py:117} INFO - [2022-10-06T23:55:13.706+0000] {dag.py:3328} INFO - Setting next_dagrun for example_complex to None, run_after=None
[2022-10-06T23:55:13.721+0000] {processor.py:178} INFO - Processing /home/airflow/.local/lib/python3.7/site-packages/airflow/example_dags/example_complex.py took 0.101 seconds
[2022-10-06T23:55:44.588+0000] {processor.py:156} INFO - Started process (PID=643) to work on /home/airflow/.local/lib/python3.7/site-packages/airflow/example_dags/example_complex.py
[2022-10-06T23:55:44.589+0000] {processor.py:758} INFO - Processing file /home/airflow/.local/lib/python3.7/site-packages/airflow/example_dags/example_complex.py for tasks to queue
[2022-10-06T23:55:44.589+0000] {logging_mixin.py:117} INFO - [2022-10-06T23:55:44.589+0000] {dagbag.py:525} INFO - Filling up the DagBag from /home/airflow/.local/lib/python3.7/site-packages/airflow/example_dags/example_complex.py
[2022-10-06T23:55:44.603+0000] {processor.py:768} INFO - DAG(s) dict_keys(['example_complex']) retrieved from /home/airflow/.local/lib/python3.7/site-packages/airflow/example_dags/example_complex.py
[2022-10-06T23:55:44.636+0000] {logging_mixin.py:117} INFO - [2022-10-06T23:55:44.635+0000] {dag.py:2573} INFO - Sync 1 DAGs
[2022-10-06T23:55:44.653+0000] {logging_mixin.py:117} INFO - [2022-10-06T23:55:44.653+0000] {dag.py:3328} INFO - Setting next_dagrun for example_complex to None, run_after=None
[2022-10-06T23:55:44.665+0000] {processor.py:178} INFO - Processing /home/airflow/.local/lib/python3.7/site-packages/airflow/example_dags/example_complex.py took 0.079 seconds
[2022-10-06T23:56:15.514+0000] {processor.py:156} INFO - Started process (PID=707) to work on /home/airflow/.local/lib/python3.7/site-packages/airflow/example_dags/example_complex.py
[2022-10-06T23:56:15.515+0000] {processor.py:758} INFO - Processing file /home/airflow/.local/lib/python3.7/site-packages/airflow/example_dags/example_complex.py for tasks to queue
[2022-10-06T23:56:15.515+0000] {logging_mixin.py:117} INFO - [2022-10-06T23:56:15.515+0000] {dagbag.py:525} INFO - Filling up the DagBag from /home/airflow/.local/lib/python3.7/site-packages/airflow/example_dags/example_complex.py
[2022-10-06T23:56:15.531+0000] {processor.py:768} INFO - DAG(s) dict_keys(['example_complex']) retrieved from /home/airflow/.local/lib/python3.7/site-packages/airflow/example_dags/example_complex.py
[2022-10-06T23:56:15.564+0000] {logging_mixin.py:117} INFO - [2022-10-06T23:56:15.564+0000] {dag.py:2573} INFO - Sync 1 DAGs
[2022-10-06T23:56:15.583+0000] {logging_mixin.py:117} INFO - [2022-10-06T23:56:15.583+0000] {dag.py:3328} INFO - Setting next_dagrun for example_complex to None, run_after=None
[2022-10-06T23:56:15.597+0000] {processor.py:178} INFO - Processing /home/airflow/.local/lib/python3.7/site-packages/airflow/example_dags/example_complex.py took 0.084 seconds
[2022-10-06T23:56:46.572+0000] {processor.py:156} INFO - Started process (PID=771) to work on /home/airflow/.local/lib/python3.7/site-packages/airflow/example_dags/example_complex.py
[2022-10-06T23:56:46.573+0000] {processor.py:758} INFO - Processing file /home/airflow/.local/lib/python3.7/site-packages/airflow/example_dags/example_complex.py for tasks to queue
[2022-10-06T23:56:46.573+0000] {logging_mixin.py:117} INFO - [2022-10-06T23:56:46.573+0000] {dagbag.py:525} INFO - Filling up the DagBag from /home/airflow/.local/lib/python3.7/site-packages/airflow/example_dags/example_complex.py
[2022-10-06T23:56:46.587+0000] {processor.py:768} INFO - DAG(s) dict_keys(['example_complex']) retrieved from /home/airflow/.local/lib/python3.7/site-packages/airflow/example_dags/example_complex.py
[2022-10-06T23:56:46.616+0000] {logging_mixin.py:117} INFO - [2022-10-06T23:56:46.616+0000] {dag.py:2573} INFO - Sync 1 DAGs
[2022-10-06T23:56:46.635+0000] {logging_mixin.py:117} INFO - [2022-10-06T23:56:46.634+0000] {dag.py:3328} INFO - Setting next_dagrun for example_complex to None, run_after=None
[2022-10-06T23:56:46.647+0000] {processor.py:178} INFO - Processing /home/airflow/.local/lib/python3.7/site-packages/airflow/example_dags/example_complex.py took 0.076 seconds
[2022-10-06T23:57:16.751+0000] {processor.py:156} INFO - Started process (PID=835) to work on /home/airflow/.local/lib/python3.7/site-packages/airflow/example_dags/example_complex.py
[2022-10-06T23:57:16.752+0000] {processor.py:758} INFO - Processing file /home/airflow/.local/lib/python3.7/site-packages/airflow/example_dags/example_complex.py for tasks to queue
[2022-10-06T23:57:16.752+0000] {logging_mixin.py:117} INFO - [2022-10-06T23:57:16.752+0000] {dagbag.py:525} INFO - Filling up the DagBag from /home/airflow/.local/lib/python3.7/site-packages/airflow/example_dags/example_complex.py
[2022-10-06T23:57:16.768+0000] {processor.py:768} INFO - DAG(s) dict_keys(['example_complex']) retrieved from /home/airflow/.local/lib/python3.7/site-packages/airflow/example_dags/example_complex.py
[2022-10-06T23:57:16.801+0000] {logging_mixin.py:117} INFO - [2022-10-06T23:57:16.801+0000] {dag.py:2573} INFO - Sync 1 DAGs
[2022-10-06T23:57:16.820+0000] {logging_mixin.py:117} INFO - [2022-10-06T23:57:16.820+0000] {dag.py:3328} INFO - Setting next_dagrun for example_complex to None, run_after=None
[2022-10-06T23:57:16.833+0000] {processor.py:178} INFO - Processing /home/airflow/.local/lib/python3.7/site-packages/airflow/example_dags/example_complex.py took 0.084 seconds
[2022-10-06T23:57:47.780+0000] {processor.py:156} INFO - Started process (PID=902) to work on /home/airflow/.local/lib/python3.7/site-packages/airflow/example_dags/example_complex.py
[2022-10-06T23:57:47.781+0000] {processor.py:758} INFO - Processing file /home/airflow/.local/lib/python3.7/site-packages/airflow/example_dags/example_complex.py for tasks to queue
[2022-10-06T23:57:47.781+0000] {logging_mixin.py:117} INFO - [2022-10-06T23:57:47.781+0000] {dagbag.py:525} INFO - Filling up the DagBag from /home/airflow/.local/lib/python3.7/site-packages/airflow/example_dags/example_complex.py
[2022-10-06T23:57:47.796+0000] {processor.py:768} INFO - DAG(s) dict_keys(['example_complex']) retrieved from /home/airflow/.local/lib/python3.7/site-packages/airflow/example_dags/example_complex.py
[2022-10-06T23:57:47.831+0000] {logging_mixin.py:117} INFO - [2022-10-06T23:57:47.830+0000] {dag.py:2573} INFO - Sync 1 DAGs
[2022-10-06T23:57:47.851+0000] {logging_mixin.py:117} INFO - [2022-10-06T23:57:47.851+0000] {dag.py:3328} INFO - Setting next_dagrun for example_complex to None, run_after=None
[2022-10-06T23:57:47.866+0000] {processor.py:178} INFO - Processing /home/airflow/.local/lib/python3.7/site-packages/airflow/example_dags/example_complex.py took 0.087 seconds
[2022-10-06T23:58:18.841+0000] {processor.py:156} INFO - Started process (PID=957) to work on /home/airflow/.local/lib/python3.7/site-packages/airflow/example_dags/example_complex.py
[2022-10-06T23:58:18.841+0000] {processor.py:758} INFO - Processing file /home/airflow/.local/lib/python3.7/site-packages/airflow/example_dags/example_complex.py for tasks to queue
[2022-10-06T23:58:18.842+0000] {logging_mixin.py:117} INFO - [2022-10-06T23:58:18.841+0000] {dagbag.py:525} INFO - Filling up the DagBag from /home/airflow/.local/lib/python3.7/site-packages/airflow/example_dags/example_complex.py
[2022-10-06T23:58:18.856+0000] {processor.py:768} INFO - DAG(s) dict_keys(['example_complex']) retrieved from /home/airflow/.local/lib/python3.7/site-packages/airflow/example_dags/example_complex.py
[2022-10-06T23:58:18.888+0000] {logging_mixin.py:117} INFO - [2022-10-06T23:58:18.888+0000] {dag.py:2573} INFO - Sync 1 DAGs
[2022-10-06T23:58:18.907+0000] {logging_mixin.py:117} INFO - [2022-10-06T23:58:18.907+0000] {dag.py:3328} INFO - Setting next_dagrun for example_complex to None, run_after=None
[2022-10-06T23:58:18.921+0000] {processor.py:178} INFO - Processing /home/airflow/.local/lib/python3.7/site-packages/airflow/example_dags/example_complex.py took 0.083 seconds
[2022-10-06T23:58:50.271+0000] {processor.py:156} INFO - Started process (PID=1021) to work on /home/airflow/.local/lib/python3.7/site-packages/airflow/example_dags/example_complex.py
[2022-10-06T23:58:50.271+0000] {processor.py:758} INFO - Processing file /home/airflow/.local/lib/python3.7/site-packages/airflow/example_dags/example_complex.py for tasks to queue
[2022-10-06T23:58:50.272+0000] {logging_mixin.py:117} INFO - [2022-10-06T23:58:50.271+0000] {dagbag.py:525} INFO - Filling up the DagBag from /home/airflow/.local/lib/python3.7/site-packages/airflow/example_dags/example_complex.py
[2022-10-06T23:58:50.286+0000] {processor.py:768} INFO - DAG(s) dict_keys(['example_complex']) retrieved from /home/airflow/.local/lib/python3.7/site-packages/airflow/example_dags/example_complex.py
[2022-10-06T23:58:50.320+0000] {logging_mixin.py:117} INFO - [2022-10-06T23:58:50.320+0000] {dag.py:2573} INFO - Sync 1 DAGs
[2022-10-06T23:58:50.342+0000] {logging_mixin.py:117} INFO - [2022-10-06T23:58:50.342+0000] {dag.py:3328} INFO - Setting next_dagrun for example_complex to None, run_after=None
[2022-10-06T23:58:50.356+0000] {processor.py:178} INFO - Processing /home/airflow/.local/lib/python3.7/site-packages/airflow/example_dags/example_complex.py took 0.087 seconds
[2022-10-06T23:59:20.468+0000] {processor.py:156} INFO - Started process (PID=1085) to work on /home/airflow/.local/lib/python3.7/site-packages/airflow/example_dags/example_complex.py
[2022-10-06T23:59:20.468+0000] {processor.py:758} INFO - Processing file /home/airflow/.local/lib/python3.7/site-packages/airflow/example_dags/example_complex.py for tasks to queue
[2022-10-06T23:59:20.468+0000] {logging_mixin.py:117} INFO - [2022-10-06T23:59:20.468+0000] {dagbag.py:525} INFO - Filling up the DagBag from /home/airflow/.local/lib/python3.7/site-packages/airflow/example_dags/example_complex.py
[2022-10-06T23:59:20.482+0000] {processor.py:768} INFO - DAG(s) dict_keys(['example_complex']) retrieved from /home/airflow/.local/lib/python3.7/site-packages/airflow/example_dags/example_complex.py
[2022-10-06T23:59:20.514+0000] {logging_mixin.py:117} INFO - [2022-10-06T23:59:20.514+0000] {dag.py:2573} INFO - Sync 1 DAGs
[2022-10-06T23:59:20.535+0000] {logging_mixin.py:117} INFO - [2022-10-06T23:59:20.534+0000] {dag.py:3328} INFO - Setting next_dagrun for example_complex to None, run_after=None
[2022-10-06T23:59:20.548+0000] {processor.py:178} INFO - Processing /home/airflow/.local/lib/python3.7/site-packages/airflow/example_dags/example_complex.py took 0.082 seconds
[2022-10-06T23:59:51.319+0000] {processor.py:156} INFO - Started process (PID=1149) to work on /home/airflow/.local/lib/python3.7/site-packages/airflow/example_dags/example_complex.py
[2022-10-06T23:59:51.320+0000] {processor.py:758} INFO - Processing file /home/airflow/.local/lib/python3.7/site-packages/airflow/example_dags/example_complex.py for tasks to queue
[2022-10-06T23:59:51.320+0000] {logging_mixin.py:117} INFO - [2022-10-06T23:59:51.320+0000] {dagbag.py:525} INFO - Filling up the DagBag from /home/airflow/.local/lib/python3.7/site-packages/airflow/example_dags/example_complex.py
[2022-10-06T23:59:51.335+0000] {processor.py:768} INFO - DAG(s) dict_keys(['example_complex']) retrieved from /home/airflow/.local/lib/python3.7/site-packages/airflow/example_dags/example_complex.py
[2022-10-06T23:59:51.365+0000] {logging_mixin.py:117} INFO - [2022-10-06T23:59:51.365+0000] {dag.py:2573} INFO - Sync 1 DAGs
[2022-10-06T23:59:51.382+0000] {logging_mixin.py:117} INFO - [2022-10-06T23:59:51.382+0000] {dag.py:3328} INFO - Setting next_dagrun for example_complex to None, run_after=None
[2022-10-06T23:59:51.394+0000] {processor.py:178} INFO - Processing /home/airflow/.local/lib/python3.7/site-packages/airflow/example_dags/example_complex.py took 0.077 seconds
