[2022-10-06T00:38:36.503+0000] {processor.py:156} INFO - Started process (PID=60) to work on /home/airflow/.local/lib/python3.7/site-packages/airflow/example_dags/tutorial_dag.py
[2022-10-06T00:38:36.504+0000] {processor.py:758} INFO - Processing file /home/airflow/.local/lib/python3.7/site-packages/airflow/example_dags/tutorial_dag.py for tasks to queue
[2022-10-06T00:38:36.504+0000] {logging_mixin.py:117} INFO - [2022-10-06T00:38:36.504+0000] {dagbag.py:525} INFO - Filling up the DagBag from /home/airflow/.local/lib/python3.7/site-packages/airflow/example_dags/tutorial_dag.py
[2022-10-06T00:38:36.518+0000] {processor.py:768} INFO - DAG(s) dict_keys(['tutorial_dag']) retrieved from /home/airflow/.local/lib/python3.7/site-packages/airflow/example_dags/tutorial_dag.py
[2022-10-06T00:38:36.703+0000] {logging_mixin.py:117} INFO - [2022-10-06T00:38:36.703+0000] {dag.py:2573} INFO - Sync 1 DAGs
[2022-10-06T00:38:36.735+0000] {logging_mixin.py:117} INFO - [2022-10-06T00:38:36.735+0000] {dag.py:3328} INFO - Setting next_dagrun for tutorial_dag to None, run_after=None
[2022-10-06T00:38:36.763+0000] {processor.py:178} INFO - Processing /home/airflow/.local/lib/python3.7/site-packages/airflow/example_dags/tutorial_dag.py took 0.262 seconds
[2022-10-06T00:39:07.120+0000] {processor.py:156} INFO - Started process (PID=124) to work on /home/airflow/.local/lib/python3.7/site-packages/airflow/example_dags/tutorial_dag.py
[2022-10-06T00:39:07.121+0000] {processor.py:758} INFO - Processing file /home/airflow/.local/lib/python3.7/site-packages/airflow/example_dags/tutorial_dag.py for tasks to queue
[2022-10-06T00:39:07.121+0000] {logging_mixin.py:117} INFO - [2022-10-06T00:39:07.121+0000] {dagbag.py:525} INFO - Filling up the DagBag from /home/airflow/.local/lib/python3.7/site-packages/airflow/example_dags/tutorial_dag.py
[2022-10-06T00:39:07.130+0000] {processor.py:768} INFO - DAG(s) dict_keys(['tutorial_dag']) retrieved from /home/airflow/.local/lib/python3.7/site-packages/airflow/example_dags/tutorial_dag.py
[2022-10-06T00:39:07.224+0000] {logging_mixin.py:117} INFO - [2022-10-06T00:39:07.224+0000] {dag.py:2573} INFO - Sync 1 DAGs
[2022-10-06T00:39:07.240+0000] {logging_mixin.py:117} INFO - [2022-10-06T00:39:07.240+0000] {dag.py:3328} INFO - Setting next_dagrun for tutorial_dag to None, run_after=None
[2022-10-06T00:39:07.252+0000] {processor.py:178} INFO - Processing /home/airflow/.local/lib/python3.7/site-packages/airflow/example_dags/tutorial_dag.py took 0.133 seconds
[2022-10-06T00:39:37.860+0000] {processor.py:156} INFO - Started process (PID=189) to work on /home/airflow/.local/lib/python3.7/site-packages/airflow/example_dags/tutorial_dag.py
[2022-10-06T00:39:37.861+0000] {processor.py:758} INFO - Processing file /home/airflow/.local/lib/python3.7/site-packages/airflow/example_dags/tutorial_dag.py for tasks to queue
[2022-10-06T00:39:37.861+0000] {logging_mixin.py:117} INFO - [2022-10-06T00:39:37.861+0000] {dagbag.py:525} INFO - Filling up the DagBag from /home/airflow/.local/lib/python3.7/site-packages/airflow/example_dags/tutorial_dag.py
[2022-10-06T00:39:37.953+0000] {processor.py:768} INFO - DAG(s) dict_keys(['tutorial_dag']) retrieved from /home/airflow/.local/lib/python3.7/site-packages/airflow/example_dags/tutorial_dag.py
[2022-10-06T00:39:37.977+0000] {logging_mixin.py:117} INFO - [2022-10-06T00:39:37.977+0000] {dag.py:2573} INFO - Sync 1 DAGs
[2022-10-06T00:39:37.995+0000] {logging_mixin.py:117} INFO - [2022-10-06T00:39:37.995+0000] {dag.py:3328} INFO - Setting next_dagrun for tutorial_dag to None, run_after=None
[2022-10-06T00:39:38.008+0000] {processor.py:178} INFO - Processing /home/airflow/.local/lib/python3.7/site-packages/airflow/example_dags/tutorial_dag.py took 0.149 seconds
[2022-10-06T00:40:08.454+0000] {processor.py:156} INFO - Started process (PID=253) to work on /home/airflow/.local/lib/python3.7/site-packages/airflow/example_dags/tutorial_dag.py
[2022-10-06T00:40:08.455+0000] {processor.py:758} INFO - Processing file /home/airflow/.local/lib/python3.7/site-packages/airflow/example_dags/tutorial_dag.py for tasks to queue
[2022-10-06T00:40:08.455+0000] {logging_mixin.py:117} INFO - [2022-10-06T00:40:08.455+0000] {dagbag.py:525} INFO - Filling up the DagBag from /home/airflow/.local/lib/python3.7/site-packages/airflow/example_dags/tutorial_dag.py
[2022-10-06T00:40:08.465+0000] {processor.py:768} INFO - DAG(s) dict_keys(['tutorial_dag']) retrieved from /home/airflow/.local/lib/python3.7/site-packages/airflow/example_dags/tutorial_dag.py
[2022-10-06T00:40:08.500+0000] {logging_mixin.py:117} INFO - [2022-10-06T00:40:08.500+0000] {dag.py:2573} INFO - Sync 1 DAGs
[2022-10-06T00:40:08.518+0000] {logging_mixin.py:117} INFO - [2022-10-06T00:40:08.518+0000] {dag.py:3328} INFO - Setting next_dagrun for tutorial_dag to None, run_after=None
[2022-10-06T00:40:08.532+0000] {processor.py:178} INFO - Processing /home/airflow/.local/lib/python3.7/site-packages/airflow/example_dags/tutorial_dag.py took 0.079 seconds
[2022-10-06T00:40:39.361+0000] {processor.py:156} INFO - Started process (PID=308) to work on /home/airflow/.local/lib/python3.7/site-packages/airflow/example_dags/tutorial_dag.py
[2022-10-06T00:40:39.362+0000] {processor.py:758} INFO - Processing file /home/airflow/.local/lib/python3.7/site-packages/airflow/example_dags/tutorial_dag.py for tasks to queue
[2022-10-06T00:40:39.362+0000] {logging_mixin.py:117} INFO - [2022-10-06T00:40:39.362+0000] {dagbag.py:525} INFO - Filling up the DagBag from /home/airflow/.local/lib/python3.7/site-packages/airflow/example_dags/tutorial_dag.py
[2022-10-06T00:40:39.371+0000] {processor.py:768} INFO - DAG(s) dict_keys(['tutorial_dag']) retrieved from /home/airflow/.local/lib/python3.7/site-packages/airflow/example_dags/tutorial_dag.py
[2022-10-06T00:40:39.397+0000] {logging_mixin.py:117} INFO - [2022-10-06T00:40:39.397+0000] {dag.py:2573} INFO - Sync 1 DAGs
[2022-10-06T00:40:39.415+0000] {logging_mixin.py:117} INFO - [2022-10-06T00:40:39.415+0000] {dag.py:3328} INFO - Setting next_dagrun for tutorial_dag to None, run_after=None
[2022-10-06T00:40:39.429+0000] {processor.py:178} INFO - Processing /home/airflow/.local/lib/python3.7/site-packages/airflow/example_dags/tutorial_dag.py took 0.070 seconds
[2022-10-06T00:41:09.570+0000] {processor.py:156} INFO - Started process (PID=372) to work on /home/airflow/.local/lib/python3.7/site-packages/airflow/example_dags/tutorial_dag.py
[2022-10-06T00:41:09.571+0000] {processor.py:758} INFO - Processing file /home/airflow/.local/lib/python3.7/site-packages/airflow/example_dags/tutorial_dag.py for tasks to queue
[2022-10-06T00:41:09.571+0000] {logging_mixin.py:117} INFO - [2022-10-06T00:41:09.571+0000] {dagbag.py:525} INFO - Filling up the DagBag from /home/airflow/.local/lib/python3.7/site-packages/airflow/example_dags/tutorial_dag.py
[2022-10-06T00:41:09.580+0000] {processor.py:768} INFO - DAG(s) dict_keys(['tutorial_dag']) retrieved from /home/airflow/.local/lib/python3.7/site-packages/airflow/example_dags/tutorial_dag.py
[2022-10-06T00:41:09.604+0000] {logging_mixin.py:117} INFO - [2022-10-06T00:41:09.603+0000] {dag.py:2573} INFO - Sync 1 DAGs
[2022-10-06T00:41:09.621+0000] {logging_mixin.py:117} INFO - [2022-10-06T00:41:09.621+0000] {dag.py:3328} INFO - Setting next_dagrun for tutorial_dag to None, run_after=None
[2022-10-06T00:41:09.633+0000] {processor.py:178} INFO - Processing /home/airflow/.local/lib/python3.7/site-packages/airflow/example_dags/tutorial_dag.py took 0.065 seconds
[2022-10-06T00:41:40.591+0000] {processor.py:156} INFO - Started process (PID=436) to work on /home/airflow/.local/lib/python3.7/site-packages/airflow/example_dags/tutorial_dag.py
[2022-10-06T00:41:40.592+0000] {processor.py:758} INFO - Processing file /home/airflow/.local/lib/python3.7/site-packages/airflow/example_dags/tutorial_dag.py for tasks to queue
[2022-10-06T00:41:40.592+0000] {logging_mixin.py:117} INFO - [2022-10-06T00:41:40.592+0000] {dagbag.py:525} INFO - Filling up the DagBag from /home/airflow/.local/lib/python3.7/site-packages/airflow/example_dags/tutorial_dag.py
[2022-10-06T00:41:40.600+0000] {processor.py:768} INFO - DAG(s) dict_keys(['tutorial_dag']) retrieved from /home/airflow/.local/lib/python3.7/site-packages/airflow/example_dags/tutorial_dag.py
[2022-10-06T00:41:40.627+0000] {logging_mixin.py:117} INFO - [2022-10-06T00:41:40.627+0000] {dag.py:2573} INFO - Sync 1 DAGs
[2022-10-06T00:41:40.646+0000] {logging_mixin.py:117} INFO - [2022-10-06T00:41:40.646+0000] {dag.py:3328} INFO - Setting next_dagrun for tutorial_dag to None, run_after=None
[2022-10-06T00:41:40.663+0000] {processor.py:178} INFO - Processing /home/airflow/.local/lib/python3.7/site-packages/airflow/example_dags/tutorial_dag.py took 0.073 seconds
[2022-10-06T00:42:11.910+0000] {processor.py:156} INFO - Started process (PID=500) to work on /home/airflow/.local/lib/python3.7/site-packages/airflow/example_dags/tutorial_dag.py
[2022-10-06T00:42:11.911+0000] {processor.py:758} INFO - Processing file /home/airflow/.local/lib/python3.7/site-packages/airflow/example_dags/tutorial_dag.py for tasks to queue
[2022-10-06T00:42:11.912+0000] {logging_mixin.py:117} INFO - [2022-10-06T00:42:11.911+0000] {dagbag.py:525} INFO - Filling up the DagBag from /home/airflow/.local/lib/python3.7/site-packages/airflow/example_dags/tutorial_dag.py
[2022-10-06T00:42:11.921+0000] {processor.py:768} INFO - DAG(s) dict_keys(['tutorial_dag']) retrieved from /home/airflow/.local/lib/python3.7/site-packages/airflow/example_dags/tutorial_dag.py
[2022-10-06T00:42:11.951+0000] {logging_mixin.py:117} INFO - [2022-10-06T00:42:11.951+0000] {dag.py:2573} INFO - Sync 1 DAGs
[2022-10-06T00:42:11.972+0000] {logging_mixin.py:117} INFO - [2022-10-06T00:42:11.972+0000] {dag.py:3328} INFO - Setting next_dagrun for tutorial_dag to None, run_after=None
[2022-10-06T00:42:11.994+0000] {processor.py:178} INFO - Processing /home/airflow/.local/lib/python3.7/site-packages/airflow/example_dags/tutorial_dag.py took 0.086 seconds
[2022-10-06T00:42:42.019+0000] {processor.py:156} INFO - Started process (PID=555) to work on /home/airflow/.local/lib/python3.7/site-packages/airflow/example_dags/tutorial_dag.py
[2022-10-06T00:42:42.019+0000] {processor.py:758} INFO - Processing file /home/airflow/.local/lib/python3.7/site-packages/airflow/example_dags/tutorial_dag.py for tasks to queue
[2022-10-06T00:42:42.019+0000] {logging_mixin.py:117} INFO - [2022-10-06T00:42:42.019+0000] {dagbag.py:525} INFO - Filling up the DagBag from /home/airflow/.local/lib/python3.7/site-packages/airflow/example_dags/tutorial_dag.py
[2022-10-06T00:42:42.028+0000] {processor.py:768} INFO - DAG(s) dict_keys(['tutorial_dag']) retrieved from /home/airflow/.local/lib/python3.7/site-packages/airflow/example_dags/tutorial_dag.py
[2022-10-06T00:42:42.052+0000] {logging_mixin.py:117} INFO - [2022-10-06T00:42:42.052+0000] {dag.py:2573} INFO - Sync 1 DAGs
[2022-10-06T00:42:42.069+0000] {logging_mixin.py:117} INFO - [2022-10-06T00:42:42.069+0000] {dag.py:3328} INFO - Setting next_dagrun for tutorial_dag to None, run_after=None
[2022-10-06T00:42:42.082+0000] {processor.py:178} INFO - Processing /home/airflow/.local/lib/python3.7/site-packages/airflow/example_dags/tutorial_dag.py took 0.065 seconds
[2022-10-06T00:43:13.007+0000] {processor.py:156} INFO - Started process (PID=619) to work on /home/airflow/.local/lib/python3.7/site-packages/airflow/example_dags/tutorial_dag.py
[2022-10-06T00:43:13.008+0000] {processor.py:758} INFO - Processing file /home/airflow/.local/lib/python3.7/site-packages/airflow/example_dags/tutorial_dag.py for tasks to queue
[2022-10-06T00:43:13.008+0000] {logging_mixin.py:117} INFO - [2022-10-06T00:43:13.008+0000] {dagbag.py:525} INFO - Filling up the DagBag from /home/airflow/.local/lib/python3.7/site-packages/airflow/example_dags/tutorial_dag.py
[2022-10-06T00:43:13.019+0000] {processor.py:768} INFO - DAG(s) dict_keys(['tutorial_dag']) retrieved from /home/airflow/.local/lib/python3.7/site-packages/airflow/example_dags/tutorial_dag.py
[2022-10-06T00:43:13.046+0000] {logging_mixin.py:117} INFO - [2022-10-06T00:43:13.046+0000] {dag.py:2573} INFO - Sync 1 DAGs
[2022-10-06T00:43:13.064+0000] {logging_mixin.py:117} INFO - [2022-10-06T00:43:13.064+0000] {dag.py:3328} INFO - Setting next_dagrun for tutorial_dag to None, run_after=None
[2022-10-06T00:43:13.078+0000] {processor.py:178} INFO - Processing /home/airflow/.local/lib/python3.7/site-packages/airflow/example_dags/tutorial_dag.py took 0.073 seconds
[2022-10-06T00:43:44.071+0000] {processor.py:156} INFO - Started process (PID=683) to work on /home/airflow/.local/lib/python3.7/site-packages/airflow/example_dags/tutorial_dag.py
[2022-10-06T00:43:44.072+0000] {processor.py:758} INFO - Processing file /home/airflow/.local/lib/python3.7/site-packages/airflow/example_dags/tutorial_dag.py for tasks to queue
[2022-10-06T00:43:44.072+0000] {logging_mixin.py:117} INFO - [2022-10-06T00:43:44.072+0000] {dagbag.py:525} INFO - Filling up the DagBag from /home/airflow/.local/lib/python3.7/site-packages/airflow/example_dags/tutorial_dag.py
[2022-10-06T00:43:44.080+0000] {processor.py:768} INFO - DAG(s) dict_keys(['tutorial_dag']) retrieved from /home/airflow/.local/lib/python3.7/site-packages/airflow/example_dags/tutorial_dag.py
[2022-10-06T00:43:44.104+0000] {logging_mixin.py:117} INFO - [2022-10-06T00:43:44.104+0000] {dag.py:2573} INFO - Sync 1 DAGs
[2022-10-06T00:43:44.122+0000] {logging_mixin.py:117} INFO - [2022-10-06T00:43:44.122+0000] {dag.py:3328} INFO - Setting next_dagrun for tutorial_dag to None, run_after=None
[2022-10-06T00:43:44.134+0000] {processor.py:178} INFO - Processing /home/airflow/.local/lib/python3.7/site-packages/airflow/example_dags/tutorial_dag.py took 0.064 seconds
[2022-10-06T00:44:15.048+0000] {processor.py:156} INFO - Started process (PID=747) to work on /home/airflow/.local/lib/python3.7/site-packages/airflow/example_dags/tutorial_dag.py
[2022-10-06T00:44:15.048+0000] {processor.py:758} INFO - Processing file /home/airflow/.local/lib/python3.7/site-packages/airflow/example_dags/tutorial_dag.py for tasks to queue
[2022-10-06T00:44:15.049+0000] {logging_mixin.py:117} INFO - [2022-10-06T00:44:15.049+0000] {dagbag.py:525} INFO - Filling up the DagBag from /home/airflow/.local/lib/python3.7/site-packages/airflow/example_dags/tutorial_dag.py
[2022-10-06T00:44:15.057+0000] {processor.py:768} INFO - DAG(s) dict_keys(['tutorial_dag']) retrieved from /home/airflow/.local/lib/python3.7/site-packages/airflow/example_dags/tutorial_dag.py
[2022-10-06T00:44:15.082+0000] {logging_mixin.py:117} INFO - [2022-10-06T00:44:15.082+0000] {dag.py:2573} INFO - Sync 1 DAGs
[2022-10-06T00:44:15.098+0000] {logging_mixin.py:117} INFO - [2022-10-06T00:44:15.098+0000] {dag.py:3328} INFO - Setting next_dagrun for tutorial_dag to None, run_after=None
[2022-10-06T00:44:15.110+0000] {processor.py:178} INFO - Processing /home/airflow/.local/lib/python3.7/site-packages/airflow/example_dags/tutorial_dag.py took 0.064 seconds
[2022-10-06T00:44:45.830+0000] {processor.py:156} INFO - Started process (PID=811) to work on /home/airflow/.local/lib/python3.7/site-packages/airflow/example_dags/tutorial_dag.py
[2022-10-06T00:44:45.831+0000] {processor.py:758} INFO - Processing file /home/airflow/.local/lib/python3.7/site-packages/airflow/example_dags/tutorial_dag.py for tasks to queue
[2022-10-06T00:44:45.831+0000] {logging_mixin.py:117} INFO - [2022-10-06T00:44:45.831+0000] {dagbag.py:525} INFO - Filling up the DagBag from /home/airflow/.local/lib/python3.7/site-packages/airflow/example_dags/tutorial_dag.py
[2022-10-06T00:44:45.839+0000] {processor.py:768} INFO - DAG(s) dict_keys(['tutorial_dag']) retrieved from /home/airflow/.local/lib/python3.7/site-packages/airflow/example_dags/tutorial_dag.py
[2022-10-06T00:44:45.864+0000] {logging_mixin.py:117} INFO - [2022-10-06T00:44:45.864+0000] {dag.py:2573} INFO - Sync 1 DAGs
[2022-10-06T00:44:45.881+0000] {logging_mixin.py:117} INFO - [2022-10-06T00:44:45.881+0000] {dag.py:3328} INFO - Setting next_dagrun for tutorial_dag to None, run_after=None
[2022-10-06T00:44:45.894+0000] {processor.py:178} INFO - Processing /home/airflow/.local/lib/python3.7/site-packages/airflow/example_dags/tutorial_dag.py took 0.065 seconds
[2022-10-06T00:45:16.823+0000] {processor.py:156} INFO - Started process (PID=875) to work on /home/airflow/.local/lib/python3.7/site-packages/airflow/example_dags/tutorial_dag.py
[2022-10-06T00:45:16.824+0000] {processor.py:758} INFO - Processing file /home/airflow/.local/lib/python3.7/site-packages/airflow/example_dags/tutorial_dag.py for tasks to queue
[2022-10-06T00:45:16.825+0000] {logging_mixin.py:117} INFO - [2022-10-06T00:45:16.825+0000] {dagbag.py:525} INFO - Filling up the DagBag from /home/airflow/.local/lib/python3.7/site-packages/airflow/example_dags/tutorial_dag.py
[2022-10-06T00:45:16.833+0000] {processor.py:768} INFO - DAG(s) dict_keys(['tutorial_dag']) retrieved from /home/airflow/.local/lib/python3.7/site-packages/airflow/example_dags/tutorial_dag.py
[2022-10-06T00:45:16.859+0000] {logging_mixin.py:117} INFO - [2022-10-06T00:45:16.859+0000] {dag.py:2573} INFO - Sync 1 DAGs
[2022-10-06T00:45:16.879+0000] {logging_mixin.py:117} INFO - [2022-10-06T00:45:16.878+0000] {dag.py:3328} INFO - Setting next_dagrun for tutorial_dag to None, run_after=None
[2022-10-06T00:45:16.894+0000] {processor.py:178} INFO - Processing /home/airflow/.local/lib/python3.7/site-packages/airflow/example_dags/tutorial_dag.py took 0.072 seconds
[2022-10-06T00:45:47.561+0000] {processor.py:156} INFO - Started process (PID=930) to work on /home/airflow/.local/lib/python3.7/site-packages/airflow/example_dags/tutorial_dag.py
[2022-10-06T00:45:47.561+0000] {processor.py:758} INFO - Processing file /home/airflow/.local/lib/python3.7/site-packages/airflow/example_dags/tutorial_dag.py for tasks to queue
[2022-10-06T00:45:47.562+0000] {logging_mixin.py:117} INFO - [2022-10-06T00:45:47.562+0000] {dagbag.py:525} INFO - Filling up the DagBag from /home/airflow/.local/lib/python3.7/site-packages/airflow/example_dags/tutorial_dag.py
[2022-10-06T00:45:47.570+0000] {processor.py:768} INFO - DAG(s) dict_keys(['tutorial_dag']) retrieved from /home/airflow/.local/lib/python3.7/site-packages/airflow/example_dags/tutorial_dag.py
[2022-10-06T00:45:47.595+0000] {logging_mixin.py:117} INFO - [2022-10-06T00:45:47.595+0000] {dag.py:2573} INFO - Sync 1 DAGs
[2022-10-06T00:45:47.614+0000] {logging_mixin.py:117} INFO - [2022-10-06T00:45:47.614+0000] {dag.py:3328} INFO - Setting next_dagrun for tutorial_dag to None, run_after=None
[2022-10-06T00:45:47.628+0000] {processor.py:178} INFO - Processing /home/airflow/.local/lib/python3.7/site-packages/airflow/example_dags/tutorial_dag.py took 0.068 seconds
[2022-10-06T00:46:18.484+0000] {processor.py:156} INFO - Started process (PID=994) to work on /home/airflow/.local/lib/python3.7/site-packages/airflow/example_dags/tutorial_dag.py
[2022-10-06T00:46:18.485+0000] {processor.py:758} INFO - Processing file /home/airflow/.local/lib/python3.7/site-packages/airflow/example_dags/tutorial_dag.py for tasks to queue
[2022-10-06T00:46:18.486+0000] {logging_mixin.py:117} INFO - [2022-10-06T00:46:18.486+0000] {dagbag.py:525} INFO - Filling up the DagBag from /home/airflow/.local/lib/python3.7/site-packages/airflow/example_dags/tutorial_dag.py
[2022-10-06T00:46:18.495+0000] {processor.py:768} INFO - DAG(s) dict_keys(['tutorial_dag']) retrieved from /home/airflow/.local/lib/python3.7/site-packages/airflow/example_dags/tutorial_dag.py
[2022-10-06T00:46:18.522+0000] {logging_mixin.py:117} INFO - [2022-10-06T00:46:18.522+0000] {dag.py:2573} INFO - Sync 1 DAGs
[2022-10-06T00:46:18.538+0000] {logging_mixin.py:117} INFO - [2022-10-06T00:46:18.538+0000] {dag.py:3328} INFO - Setting next_dagrun for tutorial_dag to None, run_after=None
[2022-10-06T00:46:18.551+0000] {processor.py:178} INFO - Processing /home/airflow/.local/lib/python3.7/site-packages/airflow/example_dags/tutorial_dag.py took 0.068 seconds
[2022-10-06T00:46:49.285+0000] {processor.py:156} INFO - Started process (PID=1058) to work on /home/airflow/.local/lib/python3.7/site-packages/airflow/example_dags/tutorial_dag.py
[2022-10-06T00:46:49.286+0000] {processor.py:758} INFO - Processing file /home/airflow/.local/lib/python3.7/site-packages/airflow/example_dags/tutorial_dag.py for tasks to queue
[2022-10-06T00:46:49.286+0000] {logging_mixin.py:117} INFO - [2022-10-06T00:46:49.286+0000] {dagbag.py:525} INFO - Filling up the DagBag from /home/airflow/.local/lib/python3.7/site-packages/airflow/example_dags/tutorial_dag.py
[2022-10-06T00:46:49.295+0000] {processor.py:768} INFO - DAG(s) dict_keys(['tutorial_dag']) retrieved from /home/airflow/.local/lib/python3.7/site-packages/airflow/example_dags/tutorial_dag.py
[2022-10-06T00:46:49.323+0000] {logging_mixin.py:117} INFO - [2022-10-06T00:46:49.323+0000] {dag.py:2573} INFO - Sync 1 DAGs
[2022-10-06T00:46:49.344+0000] {logging_mixin.py:117} INFO - [2022-10-06T00:46:49.344+0000] {dag.py:3328} INFO - Setting next_dagrun for tutorial_dag to None, run_after=None
[2022-10-06T00:46:49.362+0000] {processor.py:178} INFO - Processing /home/airflow/.local/lib/python3.7/site-packages/airflow/example_dags/tutorial_dag.py took 0.079 seconds
[2022-10-06T00:47:20.350+0000] {processor.py:156} INFO - Started process (PID=1121) to work on /home/airflow/.local/lib/python3.7/site-packages/airflow/example_dags/tutorial_dag.py
[2022-10-06T00:47:20.350+0000] {processor.py:758} INFO - Processing file /home/airflow/.local/lib/python3.7/site-packages/airflow/example_dags/tutorial_dag.py for tasks to queue
[2022-10-06T00:47:20.351+0000] {logging_mixin.py:117} INFO - [2022-10-06T00:47:20.351+0000] {dagbag.py:525} INFO - Filling up the DagBag from /home/airflow/.local/lib/python3.7/site-packages/airflow/example_dags/tutorial_dag.py
[2022-10-06T00:47:20.361+0000] {processor.py:768} INFO - DAG(s) dict_keys(['tutorial_dag']) retrieved from /home/airflow/.local/lib/python3.7/site-packages/airflow/example_dags/tutorial_dag.py
[2022-10-06T00:47:20.392+0000] {logging_mixin.py:117} INFO - [2022-10-06T00:47:20.392+0000] {dag.py:2573} INFO - Sync 1 DAGs
[2022-10-06T00:47:20.413+0000] {logging_mixin.py:117} INFO - [2022-10-06T00:47:20.413+0000] {dag.py:3328} INFO - Setting next_dagrun for tutorial_dag to None, run_after=None
[2022-10-06T00:47:20.427+0000] {processor.py:178} INFO - Processing /home/airflow/.local/lib/python3.7/site-packages/airflow/example_dags/tutorial_dag.py took 0.079 seconds
[2022-10-06T00:47:51.351+0000] {processor.py:156} INFO - Started process (PID=1185) to work on /home/airflow/.local/lib/python3.7/site-packages/airflow/example_dags/tutorial_dag.py
[2022-10-06T00:47:51.351+0000] {processor.py:758} INFO - Processing file /home/airflow/.local/lib/python3.7/site-packages/airflow/example_dags/tutorial_dag.py for tasks to queue
[2022-10-06T00:47:51.352+0000] {logging_mixin.py:117} INFO - [2022-10-06T00:47:51.352+0000] {dagbag.py:525} INFO - Filling up the DagBag from /home/airflow/.local/lib/python3.7/site-packages/airflow/example_dags/tutorial_dag.py
[2022-10-06T00:47:51.361+0000] {processor.py:768} INFO - DAG(s) dict_keys(['tutorial_dag']) retrieved from /home/airflow/.local/lib/python3.7/site-packages/airflow/example_dags/tutorial_dag.py
[2022-10-06T00:47:51.391+0000] {logging_mixin.py:117} INFO - [2022-10-06T00:47:51.390+0000] {dag.py:2573} INFO - Sync 1 DAGs
[2022-10-06T00:47:51.412+0000] {logging_mixin.py:117} INFO - [2022-10-06T00:47:51.412+0000] {dag.py:3328} INFO - Setting next_dagrun for tutorial_dag to None, run_after=None
[2022-10-06T00:47:51.428+0000] {processor.py:178} INFO - Processing /home/airflow/.local/lib/python3.7/site-packages/airflow/example_dags/tutorial_dag.py took 0.079 seconds
[2022-10-06T00:48:21.553+0000] {processor.py:156} INFO - Started process (PID=1241) to work on /home/airflow/.local/lib/python3.7/site-packages/airflow/example_dags/tutorial_dag.py
[2022-10-06T00:48:21.554+0000] {processor.py:758} INFO - Processing file /home/airflow/.local/lib/python3.7/site-packages/airflow/example_dags/tutorial_dag.py for tasks to queue
[2022-10-06T00:48:21.554+0000] {logging_mixin.py:117} INFO - [2022-10-06T00:48:21.554+0000] {dagbag.py:525} INFO - Filling up the DagBag from /home/airflow/.local/lib/python3.7/site-packages/airflow/example_dags/tutorial_dag.py
[2022-10-06T00:48:21.562+0000] {processor.py:768} INFO - DAG(s) dict_keys(['tutorial_dag']) retrieved from /home/airflow/.local/lib/python3.7/site-packages/airflow/example_dags/tutorial_dag.py
[2022-10-06T00:48:21.586+0000] {logging_mixin.py:117} INFO - [2022-10-06T00:48:21.586+0000] {dag.py:2573} INFO - Sync 1 DAGs
[2022-10-06T00:48:21.602+0000] {logging_mixin.py:117} INFO - [2022-10-06T00:48:21.602+0000] {dag.py:3328} INFO - Setting next_dagrun for tutorial_dag to None, run_after=None
[2022-10-06T00:48:21.614+0000] {processor.py:178} INFO - Processing /home/airflow/.local/lib/python3.7/site-packages/airflow/example_dags/tutorial_dag.py took 0.063 seconds
[2022-10-06T00:48:51.913+0000] {processor.py:156} INFO - Started process (PID=1305) to work on /home/airflow/.local/lib/python3.7/site-packages/airflow/example_dags/tutorial_dag.py
[2022-10-06T00:48:51.914+0000] {processor.py:758} INFO - Processing file /home/airflow/.local/lib/python3.7/site-packages/airflow/example_dags/tutorial_dag.py for tasks to queue
[2022-10-06T00:48:51.914+0000] {logging_mixin.py:117} INFO - [2022-10-06T00:48:51.914+0000] {dagbag.py:525} INFO - Filling up the DagBag from /home/airflow/.local/lib/python3.7/site-packages/airflow/example_dags/tutorial_dag.py
[2022-10-06T00:48:51.923+0000] {processor.py:768} INFO - DAG(s) dict_keys(['tutorial_dag']) retrieved from /home/airflow/.local/lib/python3.7/site-packages/airflow/example_dags/tutorial_dag.py
[2022-10-06T00:48:51.950+0000] {logging_mixin.py:117} INFO - [2022-10-06T00:48:51.950+0000] {dag.py:2573} INFO - Sync 1 DAGs
[2022-10-06T00:48:51.968+0000] {logging_mixin.py:117} INFO - [2022-10-06T00:48:51.968+0000] {dag.py:3328} INFO - Setting next_dagrun for tutorial_dag to None, run_after=None
[2022-10-06T00:48:51.983+0000] {processor.py:178} INFO - Processing /home/airflow/.local/lib/python3.7/site-packages/airflow/example_dags/tutorial_dag.py took 0.071 seconds
[2022-10-06T00:49:23.062+0000] {processor.py:156} INFO - Started process (PID=1370) to work on /home/airflow/.local/lib/python3.7/site-packages/airflow/example_dags/tutorial_dag.py
[2022-10-06T00:49:23.062+0000] {processor.py:758} INFO - Processing file /home/airflow/.local/lib/python3.7/site-packages/airflow/example_dags/tutorial_dag.py for tasks to queue
[2022-10-06T00:49:23.063+0000] {logging_mixin.py:117} INFO - [2022-10-06T00:49:23.063+0000] {dagbag.py:525} INFO - Filling up the DagBag from /home/airflow/.local/lib/python3.7/site-packages/airflow/example_dags/tutorial_dag.py
[2022-10-06T00:49:23.071+0000] {processor.py:768} INFO - DAG(s) dict_keys(['tutorial_dag']) retrieved from /home/airflow/.local/lib/python3.7/site-packages/airflow/example_dags/tutorial_dag.py
[2022-10-06T00:49:23.095+0000] {logging_mixin.py:117} INFO - [2022-10-06T00:49:23.095+0000] {dag.py:2573} INFO - Sync 1 DAGs
[2022-10-06T00:49:23.113+0000] {logging_mixin.py:117} INFO - [2022-10-06T00:49:23.113+0000] {dag.py:3328} INFO - Setting next_dagrun for tutorial_dag to None, run_after=None
[2022-10-06T00:49:23.126+0000] {processor.py:178} INFO - Processing /home/airflow/.local/lib/python3.7/site-packages/airflow/example_dags/tutorial_dag.py took 0.066 seconds
