[2022-09-26T21:00:17.727-0300] {processor.py:156} INFO - Started process (PID=10406) to work on /home/nicholasbaraldi/.pyenv/versions/3.10.4/envs/twitter-api-data-stack-venv/lib/python3.10/site-packages/airflow/example_dags/subdags/subdag.py
[2022-09-26T21:00:17.728-0300] {processor.py:758} INFO - Processing file /home/nicholasbaraldi/.pyenv/versions/3.10.4/envs/twitter-api-data-stack-venv/lib/python3.10/site-packages/airflow/example_dags/subdags/subdag.py for tasks to queue
[2022-09-26T21:00:17.728-0300] {logging_mixin.py:117} INFO - [2022-09-26T21:00:17.728-0300] {dagbag.py:525} INFO - Filling up the DagBag from /home/nicholasbaraldi/.pyenv/versions/3.10.4/envs/twitter-api-data-stack-venv/lib/python3.10/site-packages/airflow/example_dags/subdags/subdag.py
[2022-09-26T21:00:17.731-0300] {processor.py:770} WARNING - No viable dags retrieved from /home/nicholasbaraldi/.pyenv/versions/3.10.4/envs/twitter-api-data-stack-venv/lib/python3.10/site-packages/airflow/example_dags/subdags/subdag.py
[2022-09-26T21:00:17.739-0300] {processor.py:178} INFO - Processing /home/nicholasbaraldi/.pyenv/versions/3.10.4/envs/twitter-api-data-stack-venv/lib/python3.10/site-packages/airflow/example_dags/subdags/subdag.py took 0.014 seconds
[2022-09-26T21:00:54.219-0300] {processor.py:156} INFO - Started process (PID=10445) to work on /home/nicholasbaraldi/.pyenv/versions/3.10.4/envs/twitter-api-data-stack-venv/lib/python3.10/site-packages/airflow/example_dags/subdags/subdag.py
[2022-09-26T21:00:54.220-0300] {processor.py:758} INFO - Processing file /home/nicholasbaraldi/.pyenv/versions/3.10.4/envs/twitter-api-data-stack-venv/lib/python3.10/site-packages/airflow/example_dags/subdags/subdag.py for tasks to queue
[2022-09-26T21:00:54.221-0300] {logging_mixin.py:117} INFO - [2022-09-26T21:00:54.221-0300] {dagbag.py:525} INFO - Filling up the DagBag from /home/nicholasbaraldi/.pyenv/versions/3.10.4/envs/twitter-api-data-stack-venv/lib/python3.10/site-packages/airflow/example_dags/subdags/subdag.py
[2022-09-26T21:00:54.224-0300] {processor.py:770} WARNING - No viable dags retrieved from /home/nicholasbaraldi/.pyenv/versions/3.10.4/envs/twitter-api-data-stack-venv/lib/python3.10/site-packages/airflow/example_dags/subdags/subdag.py
[2022-09-26T21:00:54.232-0300] {processor.py:178} INFO - Processing /home/nicholasbaraldi/.pyenv/versions/3.10.4/envs/twitter-api-data-stack-venv/lib/python3.10/site-packages/airflow/example_dags/subdags/subdag.py took 0.015 seconds
[2022-09-26T21:01:28.716-0300] {processor.py:156} INFO - Started process (PID=10533) to work on /home/nicholasbaraldi/.pyenv/versions/3.10.4/envs/twitter-api-data-stack-venv/lib/python3.10/site-packages/airflow/example_dags/subdags/subdag.py
[2022-09-26T21:01:28.717-0300] {processor.py:758} INFO - Processing file /home/nicholasbaraldi/.pyenv/versions/3.10.4/envs/twitter-api-data-stack-venv/lib/python3.10/site-packages/airflow/example_dags/subdags/subdag.py for tasks to queue
[2022-09-26T21:01:28.718-0300] {logging_mixin.py:117} INFO - [2022-09-26T21:01:28.718-0300] {dagbag.py:525} INFO - Filling up the DagBag from /home/nicholasbaraldi/.pyenv/versions/3.10.4/envs/twitter-api-data-stack-venv/lib/python3.10/site-packages/airflow/example_dags/subdags/subdag.py
[2022-09-26T21:01:28.721-0300] {processor.py:770} WARNING - No viable dags retrieved from /home/nicholasbaraldi/.pyenv/versions/3.10.4/envs/twitter-api-data-stack-venv/lib/python3.10/site-packages/airflow/example_dags/subdags/subdag.py
[2022-09-26T21:01:28.728-0300] {processor.py:178} INFO - Processing /home/nicholasbaraldi/.pyenv/versions/3.10.4/envs/twitter-api-data-stack-venv/lib/python3.10/site-packages/airflow/example_dags/subdags/subdag.py took 0.014 seconds
[2022-09-26T21:02:04.783-0300] {processor.py:156} INFO - Started process (PID=10569) to work on /home/nicholasbaraldi/.pyenv/versions/3.10.4/envs/twitter-api-data-stack-venv/lib/python3.10/site-packages/airflow/example_dags/subdags/subdag.py
[2022-09-26T21:02:04.784-0300] {processor.py:758} INFO - Processing file /home/nicholasbaraldi/.pyenv/versions/3.10.4/envs/twitter-api-data-stack-venv/lib/python3.10/site-packages/airflow/example_dags/subdags/subdag.py for tasks to queue
[2022-09-26T21:02:04.784-0300] {logging_mixin.py:117} INFO - [2022-09-26T21:02:04.784-0300] {dagbag.py:525} INFO - Filling up the DagBag from /home/nicholasbaraldi/.pyenv/versions/3.10.4/envs/twitter-api-data-stack-venv/lib/python3.10/site-packages/airflow/example_dags/subdags/subdag.py
[2022-09-26T21:02:04.786-0300] {processor.py:770} WARNING - No viable dags retrieved from /home/nicholasbaraldi/.pyenv/versions/3.10.4/envs/twitter-api-data-stack-venv/lib/python3.10/site-packages/airflow/example_dags/subdags/subdag.py
[2022-09-26T21:02:04.794-0300] {processor.py:178} INFO - Processing /home/nicholasbaraldi/.pyenv/versions/3.10.4/envs/twitter-api-data-stack-venv/lib/python3.10/site-packages/airflow/example_dags/subdags/subdag.py took 0.013 seconds
[2022-09-26T21:02:41.762-0300] {processor.py:156} INFO - Started process (PID=10607) to work on /home/nicholasbaraldi/.pyenv/versions/3.10.4/envs/twitter-api-data-stack-venv/lib/python3.10/site-packages/airflow/example_dags/subdags/subdag.py
[2022-09-26T21:02:41.763-0300] {processor.py:758} INFO - Processing file /home/nicholasbaraldi/.pyenv/versions/3.10.4/envs/twitter-api-data-stack-venv/lib/python3.10/site-packages/airflow/example_dags/subdags/subdag.py for tasks to queue
[2022-09-26T21:02:41.763-0300] {logging_mixin.py:117} INFO - [2022-09-26T21:02:41.763-0300] {dagbag.py:525} INFO - Filling up the DagBag from /home/nicholasbaraldi/.pyenv/versions/3.10.4/envs/twitter-api-data-stack-venv/lib/python3.10/site-packages/airflow/example_dags/subdags/subdag.py
[2022-09-26T21:02:41.766-0300] {processor.py:770} WARNING - No viable dags retrieved from /home/nicholasbaraldi/.pyenv/versions/3.10.4/envs/twitter-api-data-stack-venv/lib/python3.10/site-packages/airflow/example_dags/subdags/subdag.py
[2022-09-26T21:02:41.773-0300] {processor.py:178} INFO - Processing /home/nicholasbaraldi/.pyenv/versions/3.10.4/envs/twitter-api-data-stack-venv/lib/python3.10/site-packages/airflow/example_dags/subdags/subdag.py took 0.013 seconds
[2022-09-26T21:03:19.027-0300] {processor.py:156} INFO - Started process (PID=10646) to work on /home/nicholasbaraldi/.pyenv/versions/3.10.4/envs/twitter-api-data-stack-venv/lib/python3.10/site-packages/airflow/example_dags/subdags/subdag.py
[2022-09-26T21:03:19.028-0300] {processor.py:758} INFO - Processing file /home/nicholasbaraldi/.pyenv/versions/3.10.4/envs/twitter-api-data-stack-venv/lib/python3.10/site-packages/airflow/example_dags/subdags/subdag.py for tasks to queue
[2022-09-26T21:03:19.028-0300] {logging_mixin.py:117} INFO - [2022-09-26T21:03:19.028-0300] {dagbag.py:525} INFO - Filling up the DagBag from /home/nicholasbaraldi/.pyenv/versions/3.10.4/envs/twitter-api-data-stack-venv/lib/python3.10/site-packages/airflow/example_dags/subdags/subdag.py
[2022-09-26T21:03:19.031-0300] {processor.py:770} WARNING - No viable dags retrieved from /home/nicholasbaraldi/.pyenv/versions/3.10.4/envs/twitter-api-data-stack-venv/lib/python3.10/site-packages/airflow/example_dags/subdags/subdag.py
[2022-09-26T21:03:19.039-0300] {processor.py:178} INFO - Processing /home/nicholasbaraldi/.pyenv/versions/3.10.4/envs/twitter-api-data-stack-venv/lib/python3.10/site-packages/airflow/example_dags/subdags/subdag.py took 0.014 seconds
[2022-09-26T21:03:53.953-0300] {processor.py:156} INFO - Started process (PID=10682) to work on /home/nicholasbaraldi/.pyenv/versions/3.10.4/envs/twitter-api-data-stack-venv/lib/python3.10/site-packages/airflow/example_dags/subdags/subdag.py
[2022-09-26T21:03:53.954-0300] {processor.py:758} INFO - Processing file /home/nicholasbaraldi/.pyenv/versions/3.10.4/envs/twitter-api-data-stack-venv/lib/python3.10/site-packages/airflow/example_dags/subdags/subdag.py for tasks to queue
[2022-09-26T21:03:53.954-0300] {logging_mixin.py:117} INFO - [2022-09-26T21:03:53.954-0300] {dagbag.py:525} INFO - Filling up the DagBag from /home/nicholasbaraldi/.pyenv/versions/3.10.4/envs/twitter-api-data-stack-venv/lib/python3.10/site-packages/airflow/example_dags/subdags/subdag.py
[2022-09-26T21:03:53.958-0300] {processor.py:770} WARNING - No viable dags retrieved from /home/nicholasbaraldi/.pyenv/versions/3.10.4/envs/twitter-api-data-stack-venv/lib/python3.10/site-packages/airflow/example_dags/subdags/subdag.py
[2022-09-26T21:03:53.965-0300] {processor.py:178} INFO - Processing /home/nicholasbaraldi/.pyenv/versions/3.10.4/envs/twitter-api-data-stack-venv/lib/python3.10/site-packages/airflow/example_dags/subdags/subdag.py took 0.014 seconds
[2022-09-26T21:04:28.168-0300] {processor.py:156} INFO - Started process (PID=10717) to work on /home/nicholasbaraldi/.pyenv/versions/3.10.4/envs/twitter-api-data-stack-venv/lib/python3.10/site-packages/airflow/example_dags/subdags/subdag.py
[2022-09-26T21:04:28.169-0300] {processor.py:758} INFO - Processing file /home/nicholasbaraldi/.pyenv/versions/3.10.4/envs/twitter-api-data-stack-venv/lib/python3.10/site-packages/airflow/example_dags/subdags/subdag.py for tasks to queue
[2022-09-26T21:04:28.169-0300] {logging_mixin.py:117} INFO - [2022-09-26T21:04:28.169-0300] {dagbag.py:525} INFO - Filling up the DagBag from /home/nicholasbaraldi/.pyenv/versions/3.10.4/envs/twitter-api-data-stack-venv/lib/python3.10/site-packages/airflow/example_dags/subdags/subdag.py
[2022-09-26T21:04:28.173-0300] {processor.py:770} WARNING - No viable dags retrieved from /home/nicholasbaraldi/.pyenv/versions/3.10.4/envs/twitter-api-data-stack-venv/lib/python3.10/site-packages/airflow/example_dags/subdags/subdag.py
[2022-09-26T21:04:28.179-0300] {processor.py:178} INFO - Processing /home/nicholasbaraldi/.pyenv/versions/3.10.4/envs/twitter-api-data-stack-venv/lib/python3.10/site-packages/airflow/example_dags/subdags/subdag.py took 0.013 seconds
[2022-09-26T21:05:06.337-0300] {processor.py:156} INFO - Started process (PID=10756) to work on /home/nicholasbaraldi/.pyenv/versions/3.10.4/envs/twitter-api-data-stack-venv/lib/python3.10/site-packages/airflow/example_dags/subdags/subdag.py
[2022-09-26T21:05:06.338-0300] {processor.py:758} INFO - Processing file /home/nicholasbaraldi/.pyenv/versions/3.10.4/envs/twitter-api-data-stack-venv/lib/python3.10/site-packages/airflow/example_dags/subdags/subdag.py for tasks to queue
[2022-09-26T21:05:06.338-0300] {logging_mixin.py:117} INFO - [2022-09-26T21:05:06.338-0300] {dagbag.py:525} INFO - Filling up the DagBag from /home/nicholasbaraldi/.pyenv/versions/3.10.4/envs/twitter-api-data-stack-venv/lib/python3.10/site-packages/airflow/example_dags/subdags/subdag.py
[2022-09-26T21:05:06.341-0300] {processor.py:770} WARNING - No viable dags retrieved from /home/nicholasbaraldi/.pyenv/versions/3.10.4/envs/twitter-api-data-stack-venv/lib/python3.10/site-packages/airflow/example_dags/subdags/subdag.py
[2022-09-26T21:05:06.347-0300] {processor.py:178} INFO - Processing /home/nicholasbaraldi/.pyenv/versions/3.10.4/envs/twitter-api-data-stack-venv/lib/python3.10/site-packages/airflow/example_dags/subdags/subdag.py took 0.012 seconds
[2022-09-26T21:05:43.485-0300] {processor.py:156} INFO - Started process (PID=10794) to work on /home/nicholasbaraldi/.pyenv/versions/3.10.4/envs/twitter-api-data-stack-venv/lib/python3.10/site-packages/airflow/example_dags/subdags/subdag.py
[2022-09-26T21:05:43.486-0300] {processor.py:758} INFO - Processing file /home/nicholasbaraldi/.pyenv/versions/3.10.4/envs/twitter-api-data-stack-venv/lib/python3.10/site-packages/airflow/example_dags/subdags/subdag.py for tasks to queue
[2022-09-26T21:05:43.487-0300] {logging_mixin.py:117} INFO - [2022-09-26T21:05:43.486-0300] {dagbag.py:525} INFO - Filling up the DagBag from /home/nicholasbaraldi/.pyenv/versions/3.10.4/envs/twitter-api-data-stack-venv/lib/python3.10/site-packages/airflow/example_dags/subdags/subdag.py
[2022-09-26T21:05:43.489-0300] {processor.py:770} WARNING - No viable dags retrieved from /home/nicholasbaraldi/.pyenv/versions/3.10.4/envs/twitter-api-data-stack-venv/lib/python3.10/site-packages/airflow/example_dags/subdags/subdag.py
[2022-09-26T21:05:43.496-0300] {processor.py:178} INFO - Processing /home/nicholasbaraldi/.pyenv/versions/3.10.4/envs/twitter-api-data-stack-venv/lib/python3.10/site-packages/airflow/example_dags/subdags/subdag.py took 0.012 seconds
[2022-09-26T21:06:17.920-0300] {processor.py:156} INFO - Started process (PID=10883) to work on /home/nicholasbaraldi/.pyenv/versions/3.10.4/envs/twitter-api-data-stack-venv/lib/python3.10/site-packages/airflow/example_dags/subdags/subdag.py
[2022-09-26T21:06:17.921-0300] {processor.py:758} INFO - Processing file /home/nicholasbaraldi/.pyenv/versions/3.10.4/envs/twitter-api-data-stack-venv/lib/python3.10/site-packages/airflow/example_dags/subdags/subdag.py for tasks to queue
[2022-09-26T21:06:17.921-0300] {logging_mixin.py:117} INFO - [2022-09-26T21:06:17.921-0300] {dagbag.py:525} INFO - Filling up the DagBag from /home/nicholasbaraldi/.pyenv/versions/3.10.4/envs/twitter-api-data-stack-venv/lib/python3.10/site-packages/airflow/example_dags/subdags/subdag.py
[2022-09-26T21:06:17.924-0300] {processor.py:770} WARNING - No viable dags retrieved from /home/nicholasbaraldi/.pyenv/versions/3.10.4/envs/twitter-api-data-stack-venv/lib/python3.10/site-packages/airflow/example_dags/subdags/subdag.py
[2022-09-26T21:06:17.930-0300] {processor.py:178} INFO - Processing /home/nicholasbaraldi/.pyenv/versions/3.10.4/envs/twitter-api-data-stack-venv/lib/python3.10/site-packages/airflow/example_dags/subdags/subdag.py took 0.012 seconds
[2022-09-26T21:07:01.294-0300] {processor.py:156} INFO - Started process (PID=10925) to work on /home/nicholasbaraldi/.pyenv/versions/3.10.4/envs/twitter-api-data-stack-venv/lib/python3.10/site-packages/airflow/example_dags/subdags/subdag.py
[2022-09-26T21:07:01.294-0300] {processor.py:758} INFO - Processing file /home/nicholasbaraldi/.pyenv/versions/3.10.4/envs/twitter-api-data-stack-venv/lib/python3.10/site-packages/airflow/example_dags/subdags/subdag.py for tasks to queue
[2022-09-26T21:07:01.295-0300] {logging_mixin.py:117} INFO - [2022-09-26T21:07:01.295-0300] {dagbag.py:525} INFO - Filling up the DagBag from /home/nicholasbaraldi/.pyenv/versions/3.10.4/envs/twitter-api-data-stack-venv/lib/python3.10/site-packages/airflow/example_dags/subdags/subdag.py
[2022-09-26T21:07:01.297-0300] {processor.py:770} WARNING - No viable dags retrieved from /home/nicholasbaraldi/.pyenv/versions/3.10.4/envs/twitter-api-data-stack-venv/lib/python3.10/site-packages/airflow/example_dags/subdags/subdag.py
[2022-09-26T21:07:01.303-0300] {processor.py:178} INFO - Processing /home/nicholasbaraldi/.pyenv/versions/3.10.4/envs/twitter-api-data-stack-venv/lib/python3.10/site-packages/airflow/example_dags/subdags/subdag.py took 0.012 seconds
[2022-09-26T21:07:38.522-0300] {processor.py:156} INFO - Started process (PID=10962) to work on /home/nicholasbaraldi/.pyenv/versions/3.10.4/envs/twitter-api-data-stack-venv/lib/python3.10/site-packages/airflow/example_dags/subdags/subdag.py
[2022-09-26T21:07:38.523-0300] {processor.py:758} INFO - Processing file /home/nicholasbaraldi/.pyenv/versions/3.10.4/envs/twitter-api-data-stack-venv/lib/python3.10/site-packages/airflow/example_dags/subdags/subdag.py for tasks to queue
[2022-09-26T21:07:38.523-0300] {logging_mixin.py:117} INFO - [2022-09-26T21:07:38.523-0300] {dagbag.py:525} INFO - Filling up the DagBag from /home/nicholasbaraldi/.pyenv/versions/3.10.4/envs/twitter-api-data-stack-venv/lib/python3.10/site-packages/airflow/example_dags/subdags/subdag.py
[2022-09-26T21:07:38.526-0300] {processor.py:770} WARNING - No viable dags retrieved from /home/nicholasbaraldi/.pyenv/versions/3.10.4/envs/twitter-api-data-stack-venv/lib/python3.10/site-packages/airflow/example_dags/subdags/subdag.py
[2022-09-26T21:07:38.531-0300] {processor.py:178} INFO - Processing /home/nicholasbaraldi/.pyenv/versions/3.10.4/envs/twitter-api-data-stack-venv/lib/python3.10/site-packages/airflow/example_dags/subdags/subdag.py took 0.012 seconds
[2022-09-26T21:08:16.576-0300] {processor.py:156} INFO - Started process (PID=11001) to work on /home/nicholasbaraldi/.pyenv/versions/3.10.4/envs/twitter-api-data-stack-venv/lib/python3.10/site-packages/airflow/example_dags/subdags/subdag.py
[2022-09-26T21:08:16.576-0300] {processor.py:758} INFO - Processing file /home/nicholasbaraldi/.pyenv/versions/3.10.4/envs/twitter-api-data-stack-venv/lib/python3.10/site-packages/airflow/example_dags/subdags/subdag.py for tasks to queue
[2022-09-26T21:08:16.577-0300] {logging_mixin.py:117} INFO - [2022-09-26T21:08:16.577-0300] {dagbag.py:525} INFO - Filling up the DagBag from /home/nicholasbaraldi/.pyenv/versions/3.10.4/envs/twitter-api-data-stack-venv/lib/python3.10/site-packages/airflow/example_dags/subdags/subdag.py
[2022-09-26T21:08:16.580-0300] {processor.py:770} WARNING - No viable dags retrieved from /home/nicholasbaraldi/.pyenv/versions/3.10.4/envs/twitter-api-data-stack-venv/lib/python3.10/site-packages/airflow/example_dags/subdags/subdag.py
[2022-09-26T21:08:16.585-0300] {processor.py:178} INFO - Processing /home/nicholasbaraldi/.pyenv/versions/3.10.4/envs/twitter-api-data-stack-venv/lib/python3.10/site-packages/airflow/example_dags/subdags/subdag.py took 0.012 seconds
[2022-09-26T21:08:55.852-0300] {processor.py:156} INFO - Started process (PID=11040) to work on /home/nicholasbaraldi/.pyenv/versions/3.10.4/envs/twitter-api-data-stack-venv/lib/python3.10/site-packages/airflow/example_dags/subdags/subdag.py
[2022-09-26T21:08:55.853-0300] {processor.py:758} INFO - Processing file /home/nicholasbaraldi/.pyenv/versions/3.10.4/envs/twitter-api-data-stack-venv/lib/python3.10/site-packages/airflow/example_dags/subdags/subdag.py for tasks to queue
[2022-09-26T21:08:55.853-0300] {logging_mixin.py:117} INFO - [2022-09-26T21:08:55.853-0300] {dagbag.py:525} INFO - Filling up the DagBag from /home/nicholasbaraldi/.pyenv/versions/3.10.4/envs/twitter-api-data-stack-venv/lib/python3.10/site-packages/airflow/example_dags/subdags/subdag.py
[2022-09-26T21:08:55.856-0300] {processor.py:770} WARNING - No viable dags retrieved from /home/nicholasbaraldi/.pyenv/versions/3.10.4/envs/twitter-api-data-stack-venv/lib/python3.10/site-packages/airflow/example_dags/subdags/subdag.py
[2022-09-26T21:08:55.862-0300] {processor.py:178} INFO - Processing /home/nicholasbaraldi/.pyenv/versions/3.10.4/envs/twitter-api-data-stack-venv/lib/python3.10/site-packages/airflow/example_dags/subdags/subdag.py took 0.012 seconds
[2022-09-26T21:09:36.015-0300] {processor.py:156} INFO - Started process (PID=11229) to work on /home/nicholasbaraldi/.pyenv/versions/3.10.4/envs/twitter-api-data-stack-venv/lib/python3.10/site-packages/airflow/example_dags/subdags/subdag.py
[2022-09-26T21:09:36.016-0300] {processor.py:758} INFO - Processing file /home/nicholasbaraldi/.pyenv/versions/3.10.4/envs/twitter-api-data-stack-venv/lib/python3.10/site-packages/airflow/example_dags/subdags/subdag.py for tasks to queue
[2022-09-26T21:09:36.016-0300] {logging_mixin.py:117} INFO - [2022-09-26T21:09:36.016-0300] {dagbag.py:525} INFO - Filling up the DagBag from /home/nicholasbaraldi/.pyenv/versions/3.10.4/envs/twitter-api-data-stack-venv/lib/python3.10/site-packages/airflow/example_dags/subdags/subdag.py
[2022-09-26T21:09:36.019-0300] {processor.py:770} WARNING - No viable dags retrieved from /home/nicholasbaraldi/.pyenv/versions/3.10.4/envs/twitter-api-data-stack-venv/lib/python3.10/site-packages/airflow/example_dags/subdags/subdag.py
[2022-09-26T21:09:36.026-0300] {processor.py:178} INFO - Processing /home/nicholasbaraldi/.pyenv/versions/3.10.4/envs/twitter-api-data-stack-venv/lib/python3.10/site-packages/airflow/example_dags/subdags/subdag.py took 0.013 seconds
[2022-09-26T21:10:15.466-0300] {processor.py:156} INFO - Started process (PID=11589) to work on /home/nicholasbaraldi/.pyenv/versions/3.10.4/envs/twitter-api-data-stack-venv/lib/python3.10/site-packages/airflow/example_dags/subdags/subdag.py
[2022-09-26T21:10:15.468-0300] {processor.py:758} INFO - Processing file /home/nicholasbaraldi/.pyenv/versions/3.10.4/envs/twitter-api-data-stack-venv/lib/python3.10/site-packages/airflow/example_dags/subdags/subdag.py for tasks to queue
[2022-09-26T21:10:15.468-0300] {logging_mixin.py:117} INFO - [2022-09-26T21:10:15.468-0300] {dagbag.py:525} INFO - Filling up the DagBag from /home/nicholasbaraldi/.pyenv/versions/3.10.4/envs/twitter-api-data-stack-venv/lib/python3.10/site-packages/airflow/example_dags/subdags/subdag.py
[2022-09-26T21:10:15.471-0300] {processor.py:770} WARNING - No viable dags retrieved from /home/nicholasbaraldi/.pyenv/versions/3.10.4/envs/twitter-api-data-stack-venv/lib/python3.10/site-packages/airflow/example_dags/subdags/subdag.py
[2022-09-26T21:10:15.477-0300] {processor.py:178} INFO - Processing /home/nicholasbaraldi/.pyenv/versions/3.10.4/envs/twitter-api-data-stack-venv/lib/python3.10/site-packages/airflow/example_dags/subdags/subdag.py took 0.013 seconds
[2022-09-26T21:11:00.144-0300] {processor.py:156} INFO - Started process (PID=12328) to work on /home/nicholasbaraldi/.pyenv/versions/3.10.4/envs/twitter-api-data-stack-venv/lib/python3.10/site-packages/airflow/example_dags/subdags/subdag.py
[2022-09-26T21:11:00.144-0300] {processor.py:758} INFO - Processing file /home/nicholasbaraldi/.pyenv/versions/3.10.4/envs/twitter-api-data-stack-venv/lib/python3.10/site-packages/airflow/example_dags/subdags/subdag.py for tasks to queue
[2022-09-26T21:11:00.145-0300] {logging_mixin.py:117} INFO - [2022-09-26T21:11:00.145-0300] {dagbag.py:525} INFO - Filling up the DagBag from /home/nicholasbaraldi/.pyenv/versions/3.10.4/envs/twitter-api-data-stack-venv/lib/python3.10/site-packages/airflow/example_dags/subdags/subdag.py
[2022-09-26T21:11:00.147-0300] {processor.py:770} WARNING - No viable dags retrieved from /home/nicholasbaraldi/.pyenv/versions/3.10.4/envs/twitter-api-data-stack-venv/lib/python3.10/site-packages/airflow/example_dags/subdags/subdag.py
[2022-09-26T21:11:00.154-0300] {processor.py:178} INFO - Processing /home/nicholasbaraldi/.pyenv/versions/3.10.4/envs/twitter-api-data-stack-venv/lib/python3.10/site-packages/airflow/example_dags/subdags/subdag.py took 0.012 seconds
[2022-09-26T21:11:33.565-0300] {processor.py:156} INFO - Started process (PID=12433) to work on /home/nicholasbaraldi/.pyenv/versions/3.10.4/envs/twitter-api-data-stack-venv/lib/python3.10/site-packages/airflow/example_dags/subdags/subdag.py
[2022-09-26T21:11:33.566-0300] {processor.py:758} INFO - Processing file /home/nicholasbaraldi/.pyenv/versions/3.10.4/envs/twitter-api-data-stack-venv/lib/python3.10/site-packages/airflow/example_dags/subdags/subdag.py for tasks to queue
[2022-09-26T21:11:33.567-0300] {logging_mixin.py:117} INFO - [2022-09-26T21:11:33.567-0300] {dagbag.py:525} INFO - Filling up the DagBag from /home/nicholasbaraldi/.pyenv/versions/3.10.4/envs/twitter-api-data-stack-venv/lib/python3.10/site-packages/airflow/example_dags/subdags/subdag.py
[2022-09-26T21:11:33.569-0300] {processor.py:770} WARNING - No viable dags retrieved from /home/nicholasbaraldi/.pyenv/versions/3.10.4/envs/twitter-api-data-stack-venv/lib/python3.10/site-packages/airflow/example_dags/subdags/subdag.py
[2022-09-26T21:11:33.576-0300] {processor.py:178} INFO - Processing /home/nicholasbaraldi/.pyenv/versions/3.10.4/envs/twitter-api-data-stack-venv/lib/python3.10/site-packages/airflow/example_dags/subdags/subdag.py took 0.013 seconds
[2022-09-26T21:12:11.173-0300] {processor.py:156} INFO - Started process (PID=12472) to work on /home/nicholasbaraldi/.pyenv/versions/3.10.4/envs/twitter-api-data-stack-venv/lib/python3.10/site-packages/airflow/example_dags/subdags/subdag.py
[2022-09-26T21:12:11.175-0300] {processor.py:758} INFO - Processing file /home/nicholasbaraldi/.pyenv/versions/3.10.4/envs/twitter-api-data-stack-venv/lib/python3.10/site-packages/airflow/example_dags/subdags/subdag.py for tasks to queue
[2022-09-26T21:12:11.175-0300] {logging_mixin.py:117} INFO - [2022-09-26T21:12:11.175-0300] {dagbag.py:525} INFO - Filling up the DagBag from /home/nicholasbaraldi/.pyenv/versions/3.10.4/envs/twitter-api-data-stack-venv/lib/python3.10/site-packages/airflow/example_dags/subdags/subdag.py
[2022-09-26T21:12:11.178-0300] {processor.py:770} WARNING - No viable dags retrieved from /home/nicholasbaraldi/.pyenv/versions/3.10.4/envs/twitter-api-data-stack-venv/lib/python3.10/site-packages/airflow/example_dags/subdags/subdag.py
[2022-09-26T21:12:11.184-0300] {processor.py:178} INFO - Processing /home/nicholasbaraldi/.pyenv/versions/3.10.4/envs/twitter-api-data-stack-venv/lib/python3.10/site-packages/airflow/example_dags/subdags/subdag.py took 0.013 seconds
[2022-09-26T21:12:46.877-0300] {processor.py:156} INFO - Started process (PID=12509) to work on /home/nicholasbaraldi/.pyenv/versions/3.10.4/envs/twitter-api-data-stack-venv/lib/python3.10/site-packages/airflow/example_dags/subdags/subdag.py
[2022-09-26T21:12:46.878-0300] {processor.py:758} INFO - Processing file /home/nicholasbaraldi/.pyenv/versions/3.10.4/envs/twitter-api-data-stack-venv/lib/python3.10/site-packages/airflow/example_dags/subdags/subdag.py for tasks to queue
[2022-09-26T21:12:46.878-0300] {logging_mixin.py:117} INFO - [2022-09-26T21:12:46.878-0300] {dagbag.py:525} INFO - Filling up the DagBag from /home/nicholasbaraldi/.pyenv/versions/3.10.4/envs/twitter-api-data-stack-venv/lib/python3.10/site-packages/airflow/example_dags/subdags/subdag.py
[2022-09-26T21:12:46.881-0300] {processor.py:770} WARNING - No viable dags retrieved from /home/nicholasbaraldi/.pyenv/versions/3.10.4/envs/twitter-api-data-stack-venv/lib/python3.10/site-packages/airflow/example_dags/subdags/subdag.py
[2022-09-26T21:12:46.888-0300] {processor.py:178} INFO - Processing /home/nicholasbaraldi/.pyenv/versions/3.10.4/envs/twitter-api-data-stack-venv/lib/python3.10/site-packages/airflow/example_dags/subdags/subdag.py took 0.013 seconds
[2022-09-26T21:13:25.625-0300] {processor.py:156} INFO - Started process (PID=12549) to work on /home/nicholasbaraldi/.pyenv/versions/3.10.4/envs/twitter-api-data-stack-venv/lib/python3.10/site-packages/airflow/example_dags/subdags/subdag.py
[2022-09-26T21:13:25.626-0300] {processor.py:758} INFO - Processing file /home/nicholasbaraldi/.pyenv/versions/3.10.4/envs/twitter-api-data-stack-venv/lib/python3.10/site-packages/airflow/example_dags/subdags/subdag.py for tasks to queue
[2022-09-26T21:13:25.627-0300] {logging_mixin.py:117} INFO - [2022-09-26T21:13:25.626-0300] {dagbag.py:525} INFO - Filling up the DagBag from /home/nicholasbaraldi/.pyenv/versions/3.10.4/envs/twitter-api-data-stack-venv/lib/python3.10/site-packages/airflow/example_dags/subdags/subdag.py
[2022-09-26T21:13:25.630-0300] {processor.py:770} WARNING - No viable dags retrieved from /home/nicholasbaraldi/.pyenv/versions/3.10.4/envs/twitter-api-data-stack-venv/lib/python3.10/site-packages/airflow/example_dags/subdags/subdag.py
[2022-09-26T21:13:25.636-0300] {processor.py:178} INFO - Processing /home/nicholasbaraldi/.pyenv/versions/3.10.4/envs/twitter-api-data-stack-venv/lib/python3.10/site-packages/airflow/example_dags/subdags/subdag.py took 0.013 seconds
[2022-09-26T21:14:02.751-0300] {processor.py:156} INFO - Started process (PID=12588) to work on /home/nicholasbaraldi/.pyenv/versions/3.10.4/envs/twitter-api-data-stack-venv/lib/python3.10/site-packages/airflow/example_dags/subdags/subdag.py
[2022-09-26T21:14:02.752-0300] {processor.py:758} INFO - Processing file /home/nicholasbaraldi/.pyenv/versions/3.10.4/envs/twitter-api-data-stack-venv/lib/python3.10/site-packages/airflow/example_dags/subdags/subdag.py for tasks to queue
[2022-09-26T21:14:02.753-0300] {logging_mixin.py:117} INFO - [2022-09-26T21:14:02.753-0300] {dagbag.py:525} INFO - Filling up the DagBag from /home/nicholasbaraldi/.pyenv/versions/3.10.4/envs/twitter-api-data-stack-venv/lib/python3.10/site-packages/airflow/example_dags/subdags/subdag.py
[2022-09-26T21:14:02.756-0300] {processor.py:770} WARNING - No viable dags retrieved from /home/nicholasbaraldi/.pyenv/versions/3.10.4/envs/twitter-api-data-stack-venv/lib/python3.10/site-packages/airflow/example_dags/subdags/subdag.py
[2022-09-26T21:14:02.763-0300] {processor.py:178} INFO - Processing /home/nicholasbaraldi/.pyenv/versions/3.10.4/envs/twitter-api-data-stack-venv/lib/python3.10/site-packages/airflow/example_dags/subdags/subdag.py took 0.013 seconds
[2022-09-26T21:14:40.490-0300] {processor.py:156} INFO - Started process (PID=12625) to work on /home/nicholasbaraldi/.pyenv/versions/3.10.4/envs/twitter-api-data-stack-venv/lib/python3.10/site-packages/airflow/example_dags/subdags/subdag.py
[2022-09-26T21:14:40.492-0300] {processor.py:758} INFO - Processing file /home/nicholasbaraldi/.pyenv/versions/3.10.4/envs/twitter-api-data-stack-venv/lib/python3.10/site-packages/airflow/example_dags/subdags/subdag.py for tasks to queue
[2022-09-26T21:14:40.493-0300] {logging_mixin.py:117} INFO - [2022-09-26T21:14:40.492-0300] {dagbag.py:525} INFO - Filling up the DagBag from /home/nicholasbaraldi/.pyenv/versions/3.10.4/envs/twitter-api-data-stack-venv/lib/python3.10/site-packages/airflow/example_dags/subdags/subdag.py
[2022-09-26T21:14:40.495-0300] {processor.py:770} WARNING - No viable dags retrieved from /home/nicholasbaraldi/.pyenv/versions/3.10.4/envs/twitter-api-data-stack-venv/lib/python3.10/site-packages/airflow/example_dags/subdags/subdag.py
[2022-09-26T21:14:40.503-0300] {processor.py:178} INFO - Processing /home/nicholasbaraldi/.pyenv/versions/3.10.4/envs/twitter-api-data-stack-venv/lib/python3.10/site-packages/airflow/example_dags/subdags/subdag.py took 0.016 seconds
[2022-09-26T21:15:21.204-0300] {processor.py:156} INFO - Started process (PID=12666) to work on /home/nicholasbaraldi/.pyenv/versions/3.10.4/envs/twitter-api-data-stack-venv/lib/python3.10/site-packages/airflow/example_dags/subdags/subdag.py
[2022-09-26T21:15:21.204-0300] {processor.py:758} INFO - Processing file /home/nicholasbaraldi/.pyenv/versions/3.10.4/envs/twitter-api-data-stack-venv/lib/python3.10/site-packages/airflow/example_dags/subdags/subdag.py for tasks to queue
[2022-09-26T21:15:21.205-0300] {logging_mixin.py:117} INFO - [2022-09-26T21:15:21.205-0300] {dagbag.py:525} INFO - Filling up the DagBag from /home/nicholasbaraldi/.pyenv/versions/3.10.4/envs/twitter-api-data-stack-venv/lib/python3.10/site-packages/airflow/example_dags/subdags/subdag.py
[2022-09-26T21:15:21.208-0300] {processor.py:770} WARNING - No viable dags retrieved from /home/nicholasbaraldi/.pyenv/versions/3.10.4/envs/twitter-api-data-stack-venv/lib/python3.10/site-packages/airflow/example_dags/subdags/subdag.py
[2022-09-26T21:15:21.214-0300] {processor.py:178} INFO - Processing /home/nicholasbaraldi/.pyenv/versions/3.10.4/envs/twitter-api-data-stack-venv/lib/python3.10/site-packages/airflow/example_dags/subdags/subdag.py took 0.013 seconds
[2022-09-26T21:15:59.863-0300] {processor.py:156} INFO - Started process (PID=12705) to work on /home/nicholasbaraldi/.pyenv/versions/3.10.4/envs/twitter-api-data-stack-venv/lib/python3.10/site-packages/airflow/example_dags/subdags/subdag.py
[2022-09-26T21:15:59.864-0300] {processor.py:758} INFO - Processing file /home/nicholasbaraldi/.pyenv/versions/3.10.4/envs/twitter-api-data-stack-venv/lib/python3.10/site-packages/airflow/example_dags/subdags/subdag.py for tasks to queue
[2022-09-26T21:15:59.864-0300] {logging_mixin.py:117} INFO - [2022-09-26T21:15:59.864-0300] {dagbag.py:525} INFO - Filling up the DagBag from /home/nicholasbaraldi/.pyenv/versions/3.10.4/envs/twitter-api-data-stack-venv/lib/python3.10/site-packages/airflow/example_dags/subdags/subdag.py
[2022-09-26T21:15:59.867-0300] {processor.py:770} WARNING - No viable dags retrieved from /home/nicholasbaraldi/.pyenv/versions/3.10.4/envs/twitter-api-data-stack-venv/lib/python3.10/site-packages/airflow/example_dags/subdags/subdag.py
[2022-09-26T21:15:59.873-0300] {processor.py:178} INFO - Processing /home/nicholasbaraldi/.pyenv/versions/3.10.4/envs/twitter-api-data-stack-venv/lib/python3.10/site-packages/airflow/example_dags/subdags/subdag.py took 0.012 seconds
[2022-09-26T21:16:36.132-0300] {processor.py:156} INFO - Started process (PID=12796) to work on /home/nicholasbaraldi/.pyenv/versions/3.10.4/envs/twitter-api-data-stack-venv/lib/python3.10/site-packages/airflow/example_dags/subdags/subdag.py
[2022-09-26T21:16:36.133-0300] {processor.py:758} INFO - Processing file /home/nicholasbaraldi/.pyenv/versions/3.10.4/envs/twitter-api-data-stack-venv/lib/python3.10/site-packages/airflow/example_dags/subdags/subdag.py for tasks to queue
[2022-09-26T21:16:36.133-0300] {logging_mixin.py:117} INFO - [2022-09-26T21:16:36.133-0300] {dagbag.py:525} INFO - Filling up the DagBag from /home/nicholasbaraldi/.pyenv/versions/3.10.4/envs/twitter-api-data-stack-venv/lib/python3.10/site-packages/airflow/example_dags/subdags/subdag.py
[2022-09-26T21:16:36.136-0300] {processor.py:770} WARNING - No viable dags retrieved from /home/nicholasbaraldi/.pyenv/versions/3.10.4/envs/twitter-api-data-stack-venv/lib/python3.10/site-packages/airflow/example_dags/subdags/subdag.py
[2022-09-26T21:16:36.142-0300] {processor.py:178} INFO - Processing /home/nicholasbaraldi/.pyenv/versions/3.10.4/envs/twitter-api-data-stack-venv/lib/python3.10/site-packages/airflow/example_dags/subdags/subdag.py took 0.012 seconds
[2022-09-26T21:17:14.146-0300] {processor.py:156} INFO - Started process (PID=12901) to work on /home/nicholasbaraldi/.pyenv/versions/3.10.4/envs/twitter-api-data-stack-venv/lib/python3.10/site-packages/airflow/example_dags/subdags/subdag.py
[2022-09-26T21:17:14.147-0300] {processor.py:758} INFO - Processing file /home/nicholasbaraldi/.pyenv/versions/3.10.4/envs/twitter-api-data-stack-venv/lib/python3.10/site-packages/airflow/example_dags/subdags/subdag.py for tasks to queue
[2022-09-26T21:17:14.147-0300] {logging_mixin.py:117} INFO - [2022-09-26T21:17:14.147-0300] {dagbag.py:525} INFO - Filling up the DagBag from /home/nicholasbaraldi/.pyenv/versions/3.10.4/envs/twitter-api-data-stack-venv/lib/python3.10/site-packages/airflow/example_dags/subdags/subdag.py
[2022-09-26T21:17:14.150-0300] {processor.py:770} WARNING - No viable dags retrieved from /home/nicholasbaraldi/.pyenv/versions/3.10.4/envs/twitter-api-data-stack-venv/lib/python3.10/site-packages/airflow/example_dags/subdags/subdag.py
[2022-09-26T21:17:14.156-0300] {processor.py:178} INFO - Processing /home/nicholasbaraldi/.pyenv/versions/3.10.4/envs/twitter-api-data-stack-venv/lib/python3.10/site-packages/airflow/example_dags/subdags/subdag.py took 0.012 seconds
[2022-09-26T21:17:52.423-0300] {processor.py:156} INFO - Started process (PID=12974) to work on /home/nicholasbaraldi/.pyenv/versions/3.10.4/envs/twitter-api-data-stack-venv/lib/python3.10/site-packages/airflow/example_dags/subdags/subdag.py
[2022-09-26T21:17:52.424-0300] {processor.py:758} INFO - Processing file /home/nicholasbaraldi/.pyenv/versions/3.10.4/envs/twitter-api-data-stack-venv/lib/python3.10/site-packages/airflow/example_dags/subdags/subdag.py for tasks to queue
[2022-09-26T21:17:52.424-0300] {logging_mixin.py:117} INFO - [2022-09-26T21:17:52.424-0300] {dagbag.py:525} INFO - Filling up the DagBag from /home/nicholasbaraldi/.pyenv/versions/3.10.4/envs/twitter-api-data-stack-venv/lib/python3.10/site-packages/airflow/example_dags/subdags/subdag.py
[2022-09-26T21:17:52.427-0300] {processor.py:770} WARNING - No viable dags retrieved from /home/nicholasbaraldi/.pyenv/versions/3.10.4/envs/twitter-api-data-stack-venv/lib/python3.10/site-packages/airflow/example_dags/subdags/subdag.py
[2022-09-26T21:17:52.433-0300] {processor.py:178} INFO - Processing /home/nicholasbaraldi/.pyenv/versions/3.10.4/envs/twitter-api-data-stack-venv/lib/python3.10/site-packages/airflow/example_dags/subdags/subdag.py took 0.013 seconds
[2022-09-26T21:18:28.596-0300] {processor.py:156} INFO - Started process (PID=13010) to work on /home/nicholasbaraldi/.pyenv/versions/3.10.4/envs/twitter-api-data-stack-venv/lib/python3.10/site-packages/airflow/example_dags/subdags/subdag.py
[2022-09-26T21:18:28.597-0300] {processor.py:758} INFO - Processing file /home/nicholasbaraldi/.pyenv/versions/3.10.4/envs/twitter-api-data-stack-venv/lib/python3.10/site-packages/airflow/example_dags/subdags/subdag.py for tasks to queue
[2022-09-26T21:18:28.598-0300] {logging_mixin.py:117} INFO - [2022-09-26T21:18:28.597-0300] {dagbag.py:525} INFO - Filling up the DagBag from /home/nicholasbaraldi/.pyenv/versions/3.10.4/envs/twitter-api-data-stack-venv/lib/python3.10/site-packages/airflow/example_dags/subdags/subdag.py
[2022-09-26T21:18:28.600-0300] {processor.py:770} WARNING - No viable dags retrieved from /home/nicholasbaraldi/.pyenv/versions/3.10.4/envs/twitter-api-data-stack-venv/lib/python3.10/site-packages/airflow/example_dags/subdags/subdag.py
[2022-09-26T21:18:28.606-0300] {processor.py:178} INFO - Processing /home/nicholasbaraldi/.pyenv/versions/3.10.4/envs/twitter-api-data-stack-venv/lib/python3.10/site-packages/airflow/example_dags/subdags/subdag.py took 0.012 seconds
[2022-09-26T21:19:05.719-0300] {processor.py:156} INFO - Started process (PID=13049) to work on /home/nicholasbaraldi/.pyenv/versions/3.10.4/envs/twitter-api-data-stack-venv/lib/python3.10/site-packages/airflow/example_dags/subdags/subdag.py
[2022-09-26T21:19:05.720-0300] {processor.py:758} INFO - Processing file /home/nicholasbaraldi/.pyenv/versions/3.10.4/envs/twitter-api-data-stack-venv/lib/python3.10/site-packages/airflow/example_dags/subdags/subdag.py for tasks to queue
[2022-09-26T21:19:05.720-0300] {logging_mixin.py:117} INFO - [2022-09-26T21:19:05.720-0300] {dagbag.py:525} INFO - Filling up the DagBag from /home/nicholasbaraldi/.pyenv/versions/3.10.4/envs/twitter-api-data-stack-venv/lib/python3.10/site-packages/airflow/example_dags/subdags/subdag.py
[2022-09-26T21:19:05.723-0300] {processor.py:770} WARNING - No viable dags retrieved from /home/nicholasbaraldi/.pyenv/versions/3.10.4/envs/twitter-api-data-stack-venv/lib/python3.10/site-packages/airflow/example_dags/subdags/subdag.py
[2022-09-26T21:19:05.729-0300] {processor.py:178} INFO - Processing /home/nicholasbaraldi/.pyenv/versions/3.10.4/envs/twitter-api-data-stack-venv/lib/python3.10/site-packages/airflow/example_dags/subdags/subdag.py took 0.012 seconds
[2022-09-26T21:19:42.024-0300] {processor.py:156} INFO - Started process (PID=13087) to work on /home/nicholasbaraldi/.pyenv/versions/3.10.4/envs/twitter-api-data-stack-venv/lib/python3.10/site-packages/airflow/example_dags/subdags/subdag.py
[2022-09-26T21:19:42.025-0300] {processor.py:758} INFO - Processing file /home/nicholasbaraldi/.pyenv/versions/3.10.4/envs/twitter-api-data-stack-venv/lib/python3.10/site-packages/airflow/example_dags/subdags/subdag.py for tasks to queue
[2022-09-26T21:19:42.026-0300] {logging_mixin.py:117} INFO - [2022-09-26T21:19:42.026-0300] {dagbag.py:525} INFO - Filling up the DagBag from /home/nicholasbaraldi/.pyenv/versions/3.10.4/envs/twitter-api-data-stack-venv/lib/python3.10/site-packages/airflow/example_dags/subdags/subdag.py
[2022-09-26T21:19:42.028-0300] {processor.py:770} WARNING - No viable dags retrieved from /home/nicholasbaraldi/.pyenv/versions/3.10.4/envs/twitter-api-data-stack-venv/lib/python3.10/site-packages/airflow/example_dags/subdags/subdag.py
[2022-09-26T21:19:42.035-0300] {processor.py:178} INFO - Processing /home/nicholasbaraldi/.pyenv/versions/3.10.4/envs/twitter-api-data-stack-venv/lib/python3.10/site-packages/airflow/example_dags/subdags/subdag.py took 0.013 seconds
[2022-09-26T21:20:17.777-0300] {processor.py:156} INFO - Started process (PID=13125) to work on /home/nicholasbaraldi/.pyenv/versions/3.10.4/envs/twitter-api-data-stack-venv/lib/python3.10/site-packages/airflow/example_dags/subdags/subdag.py
[2022-09-26T21:20:17.778-0300] {processor.py:758} INFO - Processing file /home/nicholasbaraldi/.pyenv/versions/3.10.4/envs/twitter-api-data-stack-venv/lib/python3.10/site-packages/airflow/example_dags/subdags/subdag.py for tasks to queue
[2022-09-26T21:20:17.778-0300] {logging_mixin.py:117} INFO - [2022-09-26T21:20:17.778-0300] {dagbag.py:525} INFO - Filling up the DagBag from /home/nicholasbaraldi/.pyenv/versions/3.10.4/envs/twitter-api-data-stack-venv/lib/python3.10/site-packages/airflow/example_dags/subdags/subdag.py
[2022-09-26T21:20:17.781-0300] {processor.py:770} WARNING - No viable dags retrieved from /home/nicholasbaraldi/.pyenv/versions/3.10.4/envs/twitter-api-data-stack-venv/lib/python3.10/site-packages/airflow/example_dags/subdags/subdag.py
[2022-09-26T21:20:17.788-0300] {processor.py:178} INFO - Processing /home/nicholasbaraldi/.pyenv/versions/3.10.4/envs/twitter-api-data-stack-venv/lib/python3.10/site-packages/airflow/example_dags/subdags/subdag.py took 0.013 seconds
[2022-09-26T21:20:55.431-0300] {processor.py:156} INFO - Started process (PID=13186) to work on /home/nicholasbaraldi/.pyenv/versions/3.10.4/envs/twitter-api-data-stack-venv/lib/python3.10/site-packages/airflow/example_dags/subdags/subdag.py
[2022-09-26T21:20:55.432-0300] {processor.py:758} INFO - Processing file /home/nicholasbaraldi/.pyenv/versions/3.10.4/envs/twitter-api-data-stack-venv/lib/python3.10/site-packages/airflow/example_dags/subdags/subdag.py for tasks to queue
[2022-09-26T21:20:55.432-0300] {logging_mixin.py:117} INFO - [2022-09-26T21:20:55.432-0300] {dagbag.py:525} INFO - Filling up the DagBag from /home/nicholasbaraldi/.pyenv/versions/3.10.4/envs/twitter-api-data-stack-venv/lib/python3.10/site-packages/airflow/example_dags/subdags/subdag.py
[2022-09-26T21:20:55.435-0300] {processor.py:770} WARNING - No viable dags retrieved from /home/nicholasbaraldi/.pyenv/versions/3.10.4/envs/twitter-api-data-stack-venv/lib/python3.10/site-packages/airflow/example_dags/subdags/subdag.py
[2022-09-26T21:20:55.441-0300] {processor.py:178} INFO - Processing /home/nicholasbaraldi/.pyenv/versions/3.10.4/envs/twitter-api-data-stack-venv/lib/python3.10/site-packages/airflow/example_dags/subdags/subdag.py took 0.012 seconds
[2022-09-26T21:21:28.920-0300] {processor.py:156} INFO - Started process (PID=13338) to work on /home/nicholasbaraldi/.pyenv/versions/3.10.4/envs/twitter-api-data-stack-venv/lib/python3.10/site-packages/airflow/example_dags/subdags/subdag.py
[2022-09-26T21:21:28.921-0300] {processor.py:758} INFO - Processing file /home/nicholasbaraldi/.pyenv/versions/3.10.4/envs/twitter-api-data-stack-venv/lib/python3.10/site-packages/airflow/example_dags/subdags/subdag.py for tasks to queue
[2022-09-26T21:21:28.922-0300] {logging_mixin.py:117} INFO - [2022-09-26T21:21:28.921-0300] {dagbag.py:525} INFO - Filling up the DagBag from /home/nicholasbaraldi/.pyenv/versions/3.10.4/envs/twitter-api-data-stack-venv/lib/python3.10/site-packages/airflow/example_dags/subdags/subdag.py
[2022-09-26T21:21:28.925-0300] {processor.py:770} WARNING - No viable dags retrieved from /home/nicholasbaraldi/.pyenv/versions/3.10.4/envs/twitter-api-data-stack-venv/lib/python3.10/site-packages/airflow/example_dags/subdags/subdag.py
[2022-09-26T21:21:28.931-0300] {processor.py:178} INFO - Processing /home/nicholasbaraldi/.pyenv/versions/3.10.4/envs/twitter-api-data-stack-venv/lib/python3.10/site-packages/airflow/example_dags/subdags/subdag.py took 0.014 seconds
[2022-09-26T21:22:03.771-0300] {processor.py:156} INFO - Started process (PID=13578) to work on /home/nicholasbaraldi/.pyenv/versions/3.10.4/envs/twitter-api-data-stack-venv/lib/python3.10/site-packages/airflow/example_dags/subdags/subdag.py
[2022-09-26T21:22:03.772-0300] {processor.py:758} INFO - Processing file /home/nicholasbaraldi/.pyenv/versions/3.10.4/envs/twitter-api-data-stack-venv/lib/python3.10/site-packages/airflow/example_dags/subdags/subdag.py for tasks to queue
[2022-09-26T21:22:03.773-0300] {logging_mixin.py:117} INFO - [2022-09-26T21:22:03.773-0300] {dagbag.py:525} INFO - Filling up the DagBag from /home/nicholasbaraldi/.pyenv/versions/3.10.4/envs/twitter-api-data-stack-venv/lib/python3.10/site-packages/airflow/example_dags/subdags/subdag.py
[2022-09-26T21:22:03.775-0300] {processor.py:770} WARNING - No viable dags retrieved from /home/nicholasbaraldi/.pyenv/versions/3.10.4/envs/twitter-api-data-stack-venv/lib/python3.10/site-packages/airflow/example_dags/subdags/subdag.py
[2022-09-26T21:22:03.782-0300] {processor.py:178} INFO - Processing /home/nicholasbaraldi/.pyenv/versions/3.10.4/envs/twitter-api-data-stack-venv/lib/python3.10/site-packages/airflow/example_dags/subdags/subdag.py took 0.012 seconds
[2022-09-26T21:22:40.331-0300] {processor.py:156} INFO - Started process (PID=13614) to work on /home/nicholasbaraldi/.pyenv/versions/3.10.4/envs/twitter-api-data-stack-venv/lib/python3.10/site-packages/airflow/example_dags/subdags/subdag.py
[2022-09-26T21:22:40.332-0300] {processor.py:758} INFO - Processing file /home/nicholasbaraldi/.pyenv/versions/3.10.4/envs/twitter-api-data-stack-venv/lib/python3.10/site-packages/airflow/example_dags/subdags/subdag.py for tasks to queue
[2022-09-26T21:22:40.332-0300] {logging_mixin.py:117} INFO - [2022-09-26T21:22:40.332-0300] {dagbag.py:525} INFO - Filling up the DagBag from /home/nicholasbaraldi/.pyenv/versions/3.10.4/envs/twitter-api-data-stack-venv/lib/python3.10/site-packages/airflow/example_dags/subdags/subdag.py
[2022-09-26T21:22:40.335-0300] {processor.py:770} WARNING - No viable dags retrieved from /home/nicholasbaraldi/.pyenv/versions/3.10.4/envs/twitter-api-data-stack-venv/lib/python3.10/site-packages/airflow/example_dags/subdags/subdag.py
[2022-09-26T21:22:40.341-0300] {processor.py:178} INFO - Processing /home/nicholasbaraldi/.pyenv/versions/3.10.4/envs/twitter-api-data-stack-venv/lib/python3.10/site-packages/airflow/example_dags/subdags/subdag.py took 0.013 seconds
[2022-09-26T21:23:15.853-0300] {processor.py:156} INFO - Started process (PID=14381) to work on /home/nicholasbaraldi/.pyenv/versions/3.10.4/envs/twitter-api-data-stack-venv/lib/python3.10/site-packages/airflow/example_dags/subdags/subdag.py
[2022-09-26T21:23:15.859-0300] {processor.py:758} INFO - Processing file /home/nicholasbaraldi/.pyenv/versions/3.10.4/envs/twitter-api-data-stack-venv/lib/python3.10/site-packages/airflow/example_dags/subdags/subdag.py for tasks to queue
[2022-09-26T21:23:15.859-0300] {logging_mixin.py:117} INFO - [2022-09-26T21:23:15.859-0300] {dagbag.py:525} INFO - Filling up the DagBag from /home/nicholasbaraldi/.pyenv/versions/3.10.4/envs/twitter-api-data-stack-venv/lib/python3.10/site-packages/airflow/example_dags/subdags/subdag.py
[2022-09-26T21:23:15.862-0300] {processor.py:770} WARNING - No viable dags retrieved from /home/nicholasbaraldi/.pyenv/versions/3.10.4/envs/twitter-api-data-stack-venv/lib/python3.10/site-packages/airflow/example_dags/subdags/subdag.py
[2022-09-26T21:23:15.868-0300] {processor.py:178} INFO - Processing /home/nicholasbaraldi/.pyenv/versions/3.10.4/envs/twitter-api-data-stack-venv/lib/python3.10/site-packages/airflow/example_dags/subdags/subdag.py took 0.017 seconds
[2022-09-26T21:23:55.751-0300] {processor.py:156} INFO - Started process (PID=14432) to work on /home/nicholasbaraldi/.pyenv/versions/3.10.4/envs/twitter-api-data-stack-venv/lib/python3.10/site-packages/airflow/example_dags/subdags/subdag.py
[2022-09-26T21:23:55.752-0300] {processor.py:758} INFO - Processing file /home/nicholasbaraldi/.pyenv/versions/3.10.4/envs/twitter-api-data-stack-venv/lib/python3.10/site-packages/airflow/example_dags/subdags/subdag.py for tasks to queue
[2022-09-26T21:23:55.752-0300] {logging_mixin.py:117} INFO - [2022-09-26T21:23:55.752-0300] {dagbag.py:525} INFO - Filling up the DagBag from /home/nicholasbaraldi/.pyenv/versions/3.10.4/envs/twitter-api-data-stack-venv/lib/python3.10/site-packages/airflow/example_dags/subdags/subdag.py
[2022-09-26T21:23:55.755-0300] {processor.py:770} WARNING - No viable dags retrieved from /home/nicholasbaraldi/.pyenv/versions/3.10.4/envs/twitter-api-data-stack-venv/lib/python3.10/site-packages/airflow/example_dags/subdags/subdag.py
[2022-09-26T21:23:55.762-0300] {processor.py:178} INFO - Processing /home/nicholasbaraldi/.pyenv/versions/3.10.4/envs/twitter-api-data-stack-venv/lib/python3.10/site-packages/airflow/example_dags/subdags/subdag.py took 0.013 seconds
[2022-09-26T21:24:32.772-0300] {processor.py:156} INFO - Started process (PID=14470) to work on /home/nicholasbaraldi/.pyenv/versions/3.10.4/envs/twitter-api-data-stack-venv/lib/python3.10/site-packages/airflow/example_dags/subdags/subdag.py
[2022-09-26T21:24:32.772-0300] {processor.py:758} INFO - Processing file /home/nicholasbaraldi/.pyenv/versions/3.10.4/envs/twitter-api-data-stack-venv/lib/python3.10/site-packages/airflow/example_dags/subdags/subdag.py for tasks to queue
[2022-09-26T21:24:32.773-0300] {logging_mixin.py:117} INFO - [2022-09-26T21:24:32.773-0300] {dagbag.py:525} INFO - Filling up the DagBag from /home/nicholasbaraldi/.pyenv/versions/3.10.4/envs/twitter-api-data-stack-venv/lib/python3.10/site-packages/airflow/example_dags/subdags/subdag.py
[2022-09-26T21:24:32.776-0300] {processor.py:770} WARNING - No viable dags retrieved from /home/nicholasbaraldi/.pyenv/versions/3.10.4/envs/twitter-api-data-stack-venv/lib/python3.10/site-packages/airflow/example_dags/subdags/subdag.py
[2022-09-26T21:24:32.782-0300] {processor.py:178} INFO - Processing /home/nicholasbaraldi/.pyenv/versions/3.10.4/envs/twitter-api-data-stack-venv/lib/python3.10/site-packages/airflow/example_dags/subdags/subdag.py took 0.012 seconds
[2022-09-26T21:25:08.870-0300] {processor.py:156} INFO - Started process (PID=14505) to work on /home/nicholasbaraldi/.pyenv/versions/3.10.4/envs/twitter-api-data-stack-venv/lib/python3.10/site-packages/airflow/example_dags/subdags/subdag.py
[2022-09-26T21:25:08.872-0300] {processor.py:758} INFO - Processing file /home/nicholasbaraldi/.pyenv/versions/3.10.4/envs/twitter-api-data-stack-venv/lib/python3.10/site-packages/airflow/example_dags/subdags/subdag.py for tasks to queue
[2022-09-26T21:25:08.872-0300] {logging_mixin.py:117} INFO - [2022-09-26T21:25:08.872-0300] {dagbag.py:525} INFO - Filling up the DagBag from /home/nicholasbaraldi/.pyenv/versions/3.10.4/envs/twitter-api-data-stack-venv/lib/python3.10/site-packages/airflow/example_dags/subdags/subdag.py
[2022-09-26T21:25:08.875-0300] {processor.py:770} WARNING - No viable dags retrieved from /home/nicholasbaraldi/.pyenv/versions/3.10.4/envs/twitter-api-data-stack-venv/lib/python3.10/site-packages/airflow/example_dags/subdags/subdag.py
[2022-09-26T21:25:08.882-0300] {processor.py:178} INFO - Processing /home/nicholasbaraldi/.pyenv/versions/3.10.4/envs/twitter-api-data-stack-venv/lib/python3.10/site-packages/airflow/example_dags/subdags/subdag.py took 0.014 seconds
[2022-09-26T21:25:43.217-0300] {processor.py:156} INFO - Started process (PID=14541) to work on /home/nicholasbaraldi/.pyenv/versions/3.10.4/envs/twitter-api-data-stack-venv/lib/python3.10/site-packages/airflow/example_dags/subdags/subdag.py
[2022-09-26T21:25:43.218-0300] {processor.py:758} INFO - Processing file /home/nicholasbaraldi/.pyenv/versions/3.10.4/envs/twitter-api-data-stack-venv/lib/python3.10/site-packages/airflow/example_dags/subdags/subdag.py for tasks to queue
[2022-09-26T21:25:43.219-0300] {logging_mixin.py:117} INFO - [2022-09-26T21:25:43.218-0300] {dagbag.py:525} INFO - Filling up the DagBag from /home/nicholasbaraldi/.pyenv/versions/3.10.4/envs/twitter-api-data-stack-venv/lib/python3.10/site-packages/airflow/example_dags/subdags/subdag.py
[2022-09-26T21:25:43.221-0300] {processor.py:770} WARNING - No viable dags retrieved from /home/nicholasbaraldi/.pyenv/versions/3.10.4/envs/twitter-api-data-stack-venv/lib/python3.10/site-packages/airflow/example_dags/subdags/subdag.py
[2022-09-26T21:25:43.228-0300] {processor.py:178} INFO - Processing /home/nicholasbaraldi/.pyenv/versions/3.10.4/envs/twitter-api-data-stack-venv/lib/python3.10/site-packages/airflow/example_dags/subdags/subdag.py took 0.013 seconds
[2022-09-26T21:26:19.812-0300] {processor.py:156} INFO - Started process (PID=14703) to work on /home/nicholasbaraldi/.pyenv/versions/3.10.4/envs/twitter-api-data-stack-venv/lib/python3.10/site-packages/airflow/example_dags/subdags/subdag.py
[2022-09-26T21:26:19.813-0300] {processor.py:758} INFO - Processing file /home/nicholasbaraldi/.pyenv/versions/3.10.4/envs/twitter-api-data-stack-venv/lib/python3.10/site-packages/airflow/example_dags/subdags/subdag.py for tasks to queue
[2022-09-26T21:26:19.813-0300] {logging_mixin.py:117} INFO - [2022-09-26T21:26:19.813-0300] {dagbag.py:525} INFO - Filling up the DagBag from /home/nicholasbaraldi/.pyenv/versions/3.10.4/envs/twitter-api-data-stack-venv/lib/python3.10/site-packages/airflow/example_dags/subdags/subdag.py
[2022-09-26T21:26:19.816-0300] {processor.py:770} WARNING - No viable dags retrieved from /home/nicholasbaraldi/.pyenv/versions/3.10.4/envs/twitter-api-data-stack-venv/lib/python3.10/site-packages/airflow/example_dags/subdags/subdag.py
[2022-09-26T21:26:19.822-0300] {processor.py:178} INFO - Processing /home/nicholasbaraldi/.pyenv/versions/3.10.4/envs/twitter-api-data-stack-venv/lib/python3.10/site-packages/airflow/example_dags/subdags/subdag.py took 0.012 seconds
[2022-09-26T21:26:55.801-0300] {processor.py:156} INFO - Started process (PID=14800) to work on /home/nicholasbaraldi/.pyenv/versions/3.10.4/envs/twitter-api-data-stack-venv/lib/python3.10/site-packages/airflow/example_dags/subdags/subdag.py
[2022-09-26T21:26:55.802-0300] {processor.py:758} INFO - Processing file /home/nicholasbaraldi/.pyenv/versions/3.10.4/envs/twitter-api-data-stack-venv/lib/python3.10/site-packages/airflow/example_dags/subdags/subdag.py for tasks to queue
[2022-09-26T21:26:55.803-0300] {logging_mixin.py:117} INFO - [2022-09-26T21:26:55.803-0300] {dagbag.py:525} INFO - Filling up the DagBag from /home/nicholasbaraldi/.pyenv/versions/3.10.4/envs/twitter-api-data-stack-venv/lib/python3.10/site-packages/airflow/example_dags/subdags/subdag.py
[2022-09-26T21:26:55.805-0300] {processor.py:770} WARNING - No viable dags retrieved from /home/nicholasbaraldi/.pyenv/versions/3.10.4/envs/twitter-api-data-stack-venv/lib/python3.10/site-packages/airflow/example_dags/subdags/subdag.py
[2022-09-26T21:26:55.812-0300] {processor.py:178} INFO - Processing /home/nicholasbaraldi/.pyenv/versions/3.10.4/envs/twitter-api-data-stack-venv/lib/python3.10/site-packages/airflow/example_dags/subdags/subdag.py took 0.013 seconds
[2022-09-26T21:27:33.638-0300] {processor.py:156} INFO - Started process (PID=14899) to work on /home/nicholasbaraldi/.pyenv/versions/3.10.4/envs/twitter-api-data-stack-venv/lib/python3.10/site-packages/airflow/example_dags/subdags/subdag.py
[2022-09-26T21:27:33.639-0300] {processor.py:758} INFO - Processing file /home/nicholasbaraldi/.pyenv/versions/3.10.4/envs/twitter-api-data-stack-venv/lib/python3.10/site-packages/airflow/example_dags/subdags/subdag.py for tasks to queue
[2022-09-26T21:27:33.640-0300] {logging_mixin.py:117} INFO - [2022-09-26T21:27:33.639-0300] {dagbag.py:525} INFO - Filling up the DagBag from /home/nicholasbaraldi/.pyenv/versions/3.10.4/envs/twitter-api-data-stack-venv/lib/python3.10/site-packages/airflow/example_dags/subdags/subdag.py
[2022-09-26T21:27:33.643-0300] {processor.py:770} WARNING - No viable dags retrieved from /home/nicholasbaraldi/.pyenv/versions/3.10.4/envs/twitter-api-data-stack-venv/lib/python3.10/site-packages/airflow/example_dags/subdags/subdag.py
[2022-09-26T21:27:33.649-0300] {processor.py:178} INFO - Processing /home/nicholasbaraldi/.pyenv/versions/3.10.4/envs/twitter-api-data-stack-venv/lib/python3.10/site-packages/airflow/example_dags/subdags/subdag.py took 0.013 seconds
[2022-09-26T21:28:09.047-0300] {processor.py:156} INFO - Started process (PID=14979) to work on /home/nicholasbaraldi/.pyenv/versions/3.10.4/envs/twitter-api-data-stack-venv/lib/python3.10/site-packages/airflow/example_dags/subdags/subdag.py
[2022-09-26T21:28:09.048-0300] {processor.py:758} INFO - Processing file /home/nicholasbaraldi/.pyenv/versions/3.10.4/envs/twitter-api-data-stack-venv/lib/python3.10/site-packages/airflow/example_dags/subdags/subdag.py for tasks to queue
[2022-09-26T21:28:09.049-0300] {logging_mixin.py:117} INFO - [2022-09-26T21:28:09.049-0300] {dagbag.py:525} INFO - Filling up the DagBag from /home/nicholasbaraldi/.pyenv/versions/3.10.4/envs/twitter-api-data-stack-venv/lib/python3.10/site-packages/airflow/example_dags/subdags/subdag.py
[2022-09-26T21:28:09.051-0300] {processor.py:770} WARNING - No viable dags retrieved from /home/nicholasbaraldi/.pyenv/versions/3.10.4/envs/twitter-api-data-stack-venv/lib/python3.10/site-packages/airflow/example_dags/subdags/subdag.py
[2022-09-26T21:28:09.058-0300] {processor.py:178} INFO - Processing /home/nicholasbaraldi/.pyenv/versions/3.10.4/envs/twitter-api-data-stack-venv/lib/python3.10/site-packages/airflow/example_dags/subdags/subdag.py took 0.013 seconds
[2022-09-26T21:28:43.705-0300] {processor.py:156} INFO - Started process (PID=15163) to work on /home/nicholasbaraldi/.pyenv/versions/3.10.4/envs/twitter-api-data-stack-venv/lib/python3.10/site-packages/airflow/example_dags/subdags/subdag.py
[2022-09-26T21:28:43.706-0300] {processor.py:758} INFO - Processing file /home/nicholasbaraldi/.pyenv/versions/3.10.4/envs/twitter-api-data-stack-venv/lib/python3.10/site-packages/airflow/example_dags/subdags/subdag.py for tasks to queue
[2022-09-26T21:28:43.706-0300] {logging_mixin.py:117} INFO - [2022-09-26T21:28:43.706-0300] {dagbag.py:525} INFO - Filling up the DagBag from /home/nicholasbaraldi/.pyenv/versions/3.10.4/envs/twitter-api-data-stack-venv/lib/python3.10/site-packages/airflow/example_dags/subdags/subdag.py
[2022-09-26T21:28:43.709-0300] {processor.py:770} WARNING - No viable dags retrieved from /home/nicholasbaraldi/.pyenv/versions/3.10.4/envs/twitter-api-data-stack-venv/lib/python3.10/site-packages/airflow/example_dags/subdags/subdag.py
[2022-09-26T21:28:43.715-0300] {processor.py:178} INFO - Processing /home/nicholasbaraldi/.pyenv/versions/3.10.4/envs/twitter-api-data-stack-venv/lib/python3.10/site-packages/airflow/example_dags/subdags/subdag.py took 0.013 seconds
[2022-09-26T21:29:21.234-0300] {processor.py:156} INFO - Started process (PID=15283) to work on /home/nicholasbaraldi/.pyenv/versions/3.10.4/envs/twitter-api-data-stack-venv/lib/python3.10/site-packages/airflow/example_dags/subdags/subdag.py
[2022-09-26T21:29:21.235-0300] {processor.py:758} INFO - Processing file /home/nicholasbaraldi/.pyenv/versions/3.10.4/envs/twitter-api-data-stack-venv/lib/python3.10/site-packages/airflow/example_dags/subdags/subdag.py for tasks to queue
[2022-09-26T21:29:21.235-0300] {logging_mixin.py:117} INFO - [2022-09-26T21:29:21.235-0300] {dagbag.py:525} INFO - Filling up the DagBag from /home/nicholasbaraldi/.pyenv/versions/3.10.4/envs/twitter-api-data-stack-venv/lib/python3.10/site-packages/airflow/example_dags/subdags/subdag.py
[2022-09-26T21:29:21.239-0300] {processor.py:770} WARNING - No viable dags retrieved from /home/nicholasbaraldi/.pyenv/versions/3.10.4/envs/twitter-api-data-stack-venv/lib/python3.10/site-packages/airflow/example_dags/subdags/subdag.py
[2022-09-26T21:29:21.249-0300] {processor.py:178} INFO - Processing /home/nicholasbaraldi/.pyenv/versions/3.10.4/envs/twitter-api-data-stack-venv/lib/python3.10/site-packages/airflow/example_dags/subdags/subdag.py took 0.018 seconds
[2022-09-26T21:29:59.189-0300] {processor.py:156} INFO - Started process (PID=15357) to work on /home/nicholasbaraldi/.pyenv/versions/3.10.4/envs/twitter-api-data-stack-venv/lib/python3.10/site-packages/airflow/example_dags/subdags/subdag.py
[2022-09-26T21:29:59.190-0300] {processor.py:758} INFO - Processing file /home/nicholasbaraldi/.pyenv/versions/3.10.4/envs/twitter-api-data-stack-venv/lib/python3.10/site-packages/airflow/example_dags/subdags/subdag.py for tasks to queue
[2022-09-26T21:29:59.190-0300] {logging_mixin.py:117} INFO - [2022-09-26T21:29:59.190-0300] {dagbag.py:525} INFO - Filling up the DagBag from /home/nicholasbaraldi/.pyenv/versions/3.10.4/envs/twitter-api-data-stack-venv/lib/python3.10/site-packages/airflow/example_dags/subdags/subdag.py
[2022-09-26T21:29:59.193-0300] {processor.py:770} WARNING - No viable dags retrieved from /home/nicholasbaraldi/.pyenv/versions/3.10.4/envs/twitter-api-data-stack-venv/lib/python3.10/site-packages/airflow/example_dags/subdags/subdag.py
[2022-09-26T21:29:59.200-0300] {processor.py:178} INFO - Processing /home/nicholasbaraldi/.pyenv/versions/3.10.4/envs/twitter-api-data-stack-venv/lib/python3.10/site-packages/airflow/example_dags/subdags/subdag.py took 0.013 seconds
[2022-09-26T21:30:41.560-0300] {processor.py:156} INFO - Started process (PID=15399) to work on /home/nicholasbaraldi/.pyenv/versions/3.10.4/envs/twitter-api-data-stack-venv/lib/python3.10/site-packages/airflow/example_dags/subdags/subdag.py
[2022-09-26T21:30:41.560-0300] {processor.py:758} INFO - Processing file /home/nicholasbaraldi/.pyenv/versions/3.10.4/envs/twitter-api-data-stack-venv/lib/python3.10/site-packages/airflow/example_dags/subdags/subdag.py for tasks to queue
[2022-09-26T21:30:41.561-0300] {logging_mixin.py:117} INFO - [2022-09-26T21:30:41.561-0300] {dagbag.py:525} INFO - Filling up the DagBag from /home/nicholasbaraldi/.pyenv/versions/3.10.4/envs/twitter-api-data-stack-venv/lib/python3.10/site-packages/airflow/example_dags/subdags/subdag.py
[2022-09-26T21:30:41.563-0300] {processor.py:770} WARNING - No viable dags retrieved from /home/nicholasbaraldi/.pyenv/versions/3.10.4/envs/twitter-api-data-stack-venv/lib/python3.10/site-packages/airflow/example_dags/subdags/subdag.py
[2022-09-26T21:30:41.570-0300] {processor.py:178} INFO - Processing /home/nicholasbaraldi/.pyenv/versions/3.10.4/envs/twitter-api-data-stack-venv/lib/python3.10/site-packages/airflow/example_dags/subdags/subdag.py took 0.013 seconds
[2022-09-26T21:31:17.056-0300] {processor.py:156} INFO - Started process (PID=15500) to work on /home/nicholasbaraldi/.pyenv/versions/3.10.4/envs/twitter-api-data-stack-venv/lib/python3.10/site-packages/airflow/example_dags/subdags/subdag.py
[2022-09-26T21:31:17.057-0300] {processor.py:758} INFO - Processing file /home/nicholasbaraldi/.pyenv/versions/3.10.4/envs/twitter-api-data-stack-venv/lib/python3.10/site-packages/airflow/example_dags/subdags/subdag.py for tasks to queue
[2022-09-26T21:31:17.057-0300] {logging_mixin.py:117} INFO - [2022-09-26T21:31:17.057-0300] {dagbag.py:525} INFO - Filling up the DagBag from /home/nicholasbaraldi/.pyenv/versions/3.10.4/envs/twitter-api-data-stack-venv/lib/python3.10/site-packages/airflow/example_dags/subdags/subdag.py
[2022-09-26T21:31:17.060-0300] {processor.py:770} WARNING - No viable dags retrieved from /home/nicholasbaraldi/.pyenv/versions/3.10.4/envs/twitter-api-data-stack-venv/lib/python3.10/site-packages/airflow/example_dags/subdags/subdag.py
[2022-09-26T21:31:17.067-0300] {processor.py:178} INFO - Processing /home/nicholasbaraldi/.pyenv/versions/3.10.4/envs/twitter-api-data-stack-venv/lib/python3.10/site-packages/airflow/example_dags/subdags/subdag.py took 0.013 seconds
[2022-09-26T21:31:51.189-0300] {processor.py:156} INFO - Started process (PID=15584) to work on /home/nicholasbaraldi/.pyenv/versions/3.10.4/envs/twitter-api-data-stack-venv/lib/python3.10/site-packages/airflow/example_dags/subdags/subdag.py
[2022-09-26T21:31:51.190-0300] {processor.py:758} INFO - Processing file /home/nicholasbaraldi/.pyenv/versions/3.10.4/envs/twitter-api-data-stack-venv/lib/python3.10/site-packages/airflow/example_dags/subdags/subdag.py for tasks to queue
[2022-09-26T21:31:51.191-0300] {logging_mixin.py:117} INFO - [2022-09-26T21:31:51.190-0300] {dagbag.py:525} INFO - Filling up the DagBag from /home/nicholasbaraldi/.pyenv/versions/3.10.4/envs/twitter-api-data-stack-venv/lib/python3.10/site-packages/airflow/example_dags/subdags/subdag.py
[2022-09-26T21:31:51.194-0300] {processor.py:770} WARNING - No viable dags retrieved from /home/nicholasbaraldi/.pyenv/versions/3.10.4/envs/twitter-api-data-stack-venv/lib/python3.10/site-packages/airflow/example_dags/subdags/subdag.py
[2022-09-26T21:31:51.200-0300] {processor.py:178} INFO - Processing /home/nicholasbaraldi/.pyenv/versions/3.10.4/envs/twitter-api-data-stack-venv/lib/python3.10/site-packages/airflow/example_dags/subdags/subdag.py took 0.014 seconds
[2022-09-26T21:32:26.749-0300] {processor.py:156} INFO - Started process (PID=15631) to work on /home/nicholasbaraldi/.pyenv/versions/3.10.4/envs/twitter-api-data-stack-venv/lib/python3.10/site-packages/airflow/example_dags/subdags/subdag.py
[2022-09-26T21:32:26.750-0300] {processor.py:758} INFO - Processing file /home/nicholasbaraldi/.pyenv/versions/3.10.4/envs/twitter-api-data-stack-venv/lib/python3.10/site-packages/airflow/example_dags/subdags/subdag.py for tasks to queue
[2022-09-26T21:32:26.750-0300] {logging_mixin.py:117} INFO - [2022-09-26T21:32:26.750-0300] {dagbag.py:525} INFO - Filling up the DagBag from /home/nicholasbaraldi/.pyenv/versions/3.10.4/envs/twitter-api-data-stack-venv/lib/python3.10/site-packages/airflow/example_dags/subdags/subdag.py
[2022-09-26T21:32:26.752-0300] {processor.py:770} WARNING - No viable dags retrieved from /home/nicholasbaraldi/.pyenv/versions/3.10.4/envs/twitter-api-data-stack-venv/lib/python3.10/site-packages/airflow/example_dags/subdags/subdag.py
[2022-09-26T21:32:26.760-0300] {processor.py:178} INFO - Processing /home/nicholasbaraldi/.pyenv/versions/3.10.4/envs/twitter-api-data-stack-venv/lib/python3.10/site-packages/airflow/example_dags/subdags/subdag.py took 0.013 seconds
[2022-09-26T21:32:59.828-0300] {processor.py:156} INFO - Started process (PID=15665) to work on /home/nicholasbaraldi/.pyenv/versions/3.10.4/envs/twitter-api-data-stack-venv/lib/python3.10/site-packages/airflow/example_dags/subdags/subdag.py
[2022-09-26T21:32:59.829-0300] {processor.py:758} INFO - Processing file /home/nicholasbaraldi/.pyenv/versions/3.10.4/envs/twitter-api-data-stack-venv/lib/python3.10/site-packages/airflow/example_dags/subdags/subdag.py for tasks to queue
[2022-09-26T21:32:59.829-0300] {logging_mixin.py:117} INFO - [2022-09-26T21:32:59.829-0300] {dagbag.py:525} INFO - Filling up the DagBag from /home/nicholasbaraldi/.pyenv/versions/3.10.4/envs/twitter-api-data-stack-venv/lib/python3.10/site-packages/airflow/example_dags/subdags/subdag.py
[2022-09-26T21:32:59.832-0300] {processor.py:770} WARNING - No viable dags retrieved from /home/nicholasbaraldi/.pyenv/versions/3.10.4/envs/twitter-api-data-stack-venv/lib/python3.10/site-packages/airflow/example_dags/subdags/subdag.py
[2022-09-26T21:32:59.841-0300] {processor.py:178} INFO - Processing /home/nicholasbaraldi/.pyenv/versions/3.10.4/envs/twitter-api-data-stack-venv/lib/python3.10/site-packages/airflow/example_dags/subdags/subdag.py took 0.015 seconds
[2022-09-26T21:33:36.032-0300] {processor.py:156} INFO - Started process (PID=15701) to work on /home/nicholasbaraldi/.pyenv/versions/3.10.4/envs/twitter-api-data-stack-venv/lib/python3.10/site-packages/airflow/example_dags/subdags/subdag.py
[2022-09-26T21:33:36.033-0300] {processor.py:758} INFO - Processing file /home/nicholasbaraldi/.pyenv/versions/3.10.4/envs/twitter-api-data-stack-venv/lib/python3.10/site-packages/airflow/example_dags/subdags/subdag.py for tasks to queue
[2022-09-26T21:33:36.034-0300] {logging_mixin.py:117} INFO - [2022-09-26T21:33:36.034-0300] {dagbag.py:525} INFO - Filling up the DagBag from /home/nicholasbaraldi/.pyenv/versions/3.10.4/envs/twitter-api-data-stack-venv/lib/python3.10/site-packages/airflow/example_dags/subdags/subdag.py
[2022-09-26T21:33:36.037-0300] {processor.py:770} WARNING - No viable dags retrieved from /home/nicholasbaraldi/.pyenv/versions/3.10.4/envs/twitter-api-data-stack-venv/lib/python3.10/site-packages/airflow/example_dags/subdags/subdag.py
[2022-09-26T21:33:36.043-0300] {processor.py:178} INFO - Processing /home/nicholasbaraldi/.pyenv/versions/3.10.4/envs/twitter-api-data-stack-venv/lib/python3.10/site-packages/airflow/example_dags/subdags/subdag.py took 0.012 seconds
[2022-09-26T21:34:15.703-0300] {processor.py:156} INFO - Started process (PID=15740) to work on /home/nicholasbaraldi/.pyenv/versions/3.10.4/envs/twitter-api-data-stack-venv/lib/python3.10/site-packages/airflow/example_dags/subdags/subdag.py
[2022-09-26T21:34:15.703-0300] {processor.py:758} INFO - Processing file /home/nicholasbaraldi/.pyenv/versions/3.10.4/envs/twitter-api-data-stack-venv/lib/python3.10/site-packages/airflow/example_dags/subdags/subdag.py for tasks to queue
[2022-09-26T21:34:15.704-0300] {logging_mixin.py:117} INFO - [2022-09-26T21:34:15.704-0300] {dagbag.py:525} INFO - Filling up the DagBag from /home/nicholasbaraldi/.pyenv/versions/3.10.4/envs/twitter-api-data-stack-venv/lib/python3.10/site-packages/airflow/example_dags/subdags/subdag.py
[2022-09-26T21:34:15.707-0300] {processor.py:770} WARNING - No viable dags retrieved from /home/nicholasbaraldi/.pyenv/versions/3.10.4/envs/twitter-api-data-stack-venv/lib/python3.10/site-packages/airflow/example_dags/subdags/subdag.py
[2022-09-26T21:34:15.714-0300] {processor.py:178} INFO - Processing /home/nicholasbaraldi/.pyenv/versions/3.10.4/envs/twitter-api-data-stack-venv/lib/python3.10/site-packages/airflow/example_dags/subdags/subdag.py took 0.013 seconds
[2022-09-26T21:34:48.695-0300] {processor.py:156} INFO - Started process (PID=15775) to work on /home/nicholasbaraldi/.pyenv/versions/3.10.4/envs/twitter-api-data-stack-venv/lib/python3.10/site-packages/airflow/example_dags/subdags/subdag.py
[2022-09-26T21:34:48.696-0300] {processor.py:758} INFO - Processing file /home/nicholasbaraldi/.pyenv/versions/3.10.4/envs/twitter-api-data-stack-venv/lib/python3.10/site-packages/airflow/example_dags/subdags/subdag.py for tasks to queue
[2022-09-26T21:34:48.696-0300] {logging_mixin.py:117} INFO - [2022-09-26T21:34:48.696-0300] {dagbag.py:525} INFO - Filling up the DagBag from /home/nicholasbaraldi/.pyenv/versions/3.10.4/envs/twitter-api-data-stack-venv/lib/python3.10/site-packages/airflow/example_dags/subdags/subdag.py
[2022-09-26T21:34:48.699-0300] {processor.py:770} WARNING - No viable dags retrieved from /home/nicholasbaraldi/.pyenv/versions/3.10.4/envs/twitter-api-data-stack-venv/lib/python3.10/site-packages/airflow/example_dags/subdags/subdag.py
[2022-09-26T21:34:48.705-0300] {processor.py:178} INFO - Processing /home/nicholasbaraldi/.pyenv/versions/3.10.4/envs/twitter-api-data-stack-venv/lib/python3.10/site-packages/airflow/example_dags/subdags/subdag.py took 0.013 seconds
[2022-09-26T21:35:27.147-0300] {processor.py:156} INFO - Started process (PID=15815) to work on /home/nicholasbaraldi/.pyenv/versions/3.10.4/envs/twitter-api-data-stack-venv/lib/python3.10/site-packages/airflow/example_dags/subdags/subdag.py
[2022-09-26T21:35:27.148-0300] {processor.py:758} INFO - Processing file /home/nicholasbaraldi/.pyenv/versions/3.10.4/envs/twitter-api-data-stack-venv/lib/python3.10/site-packages/airflow/example_dags/subdags/subdag.py for tasks to queue
[2022-09-26T21:35:27.149-0300] {logging_mixin.py:117} INFO - [2022-09-26T21:35:27.149-0300] {dagbag.py:525} INFO - Filling up the DagBag from /home/nicholasbaraldi/.pyenv/versions/3.10.4/envs/twitter-api-data-stack-venv/lib/python3.10/site-packages/airflow/example_dags/subdags/subdag.py
[2022-09-26T21:35:27.151-0300] {processor.py:770} WARNING - No viable dags retrieved from /home/nicholasbaraldi/.pyenv/versions/3.10.4/envs/twitter-api-data-stack-venv/lib/python3.10/site-packages/airflow/example_dags/subdags/subdag.py
[2022-09-26T21:35:27.158-0300] {processor.py:178} INFO - Processing /home/nicholasbaraldi/.pyenv/versions/3.10.4/envs/twitter-api-data-stack-venv/lib/python3.10/site-packages/airflow/example_dags/subdags/subdag.py took 0.012 seconds
[2022-09-26T21:36:02.992-0300] {processor.py:156} INFO - Started process (PID=15853) to work on /home/nicholasbaraldi/.pyenv/versions/3.10.4/envs/twitter-api-data-stack-venv/lib/python3.10/site-packages/airflow/example_dags/subdags/subdag.py
[2022-09-26T21:36:02.994-0300] {processor.py:758} INFO - Processing file /home/nicholasbaraldi/.pyenv/versions/3.10.4/envs/twitter-api-data-stack-venv/lib/python3.10/site-packages/airflow/example_dags/subdags/subdag.py for tasks to queue
[2022-09-26T21:36:02.995-0300] {logging_mixin.py:117} INFO - [2022-09-26T21:36:02.995-0300] {dagbag.py:525} INFO - Filling up the DagBag from /home/nicholasbaraldi/.pyenv/versions/3.10.4/envs/twitter-api-data-stack-venv/lib/python3.10/site-packages/airflow/example_dags/subdags/subdag.py
[2022-09-26T21:36:02.999-0300] {processor.py:770} WARNING - No viable dags retrieved from /home/nicholasbaraldi/.pyenv/versions/3.10.4/envs/twitter-api-data-stack-venv/lib/python3.10/site-packages/airflow/example_dags/subdags/subdag.py
[2022-09-26T21:36:03.007-0300] {processor.py:178} INFO - Processing /home/nicholasbaraldi/.pyenv/versions/3.10.4/envs/twitter-api-data-stack-venv/lib/python3.10/site-packages/airflow/example_dags/subdags/subdag.py took 0.017 seconds
[2022-09-26T21:36:38.704-0300] {processor.py:156} INFO - Started process (PID=15941) to work on /home/nicholasbaraldi/.pyenv/versions/3.10.4/envs/twitter-api-data-stack-venv/lib/python3.10/site-packages/airflow/example_dags/subdags/subdag.py
[2022-09-26T21:36:38.705-0300] {processor.py:758} INFO - Processing file /home/nicholasbaraldi/.pyenv/versions/3.10.4/envs/twitter-api-data-stack-venv/lib/python3.10/site-packages/airflow/example_dags/subdags/subdag.py for tasks to queue
[2022-09-26T21:36:38.705-0300] {logging_mixin.py:117} INFO - [2022-09-26T21:36:38.705-0300] {dagbag.py:525} INFO - Filling up the DagBag from /home/nicholasbaraldi/.pyenv/versions/3.10.4/envs/twitter-api-data-stack-venv/lib/python3.10/site-packages/airflow/example_dags/subdags/subdag.py
[2022-09-26T21:36:38.707-0300] {processor.py:770} WARNING - No viable dags retrieved from /home/nicholasbaraldi/.pyenv/versions/3.10.4/envs/twitter-api-data-stack-venv/lib/python3.10/site-packages/airflow/example_dags/subdags/subdag.py
[2022-09-26T21:36:38.714-0300] {processor.py:178} INFO - Processing /home/nicholasbaraldi/.pyenv/versions/3.10.4/envs/twitter-api-data-stack-venv/lib/python3.10/site-packages/airflow/example_dags/subdags/subdag.py took 0.012 seconds
[2022-09-26T21:37:13.591-0300] {processor.py:156} INFO - Started process (PID=15978) to work on /home/nicholasbaraldi/.pyenv/versions/3.10.4/envs/twitter-api-data-stack-venv/lib/python3.10/site-packages/airflow/example_dags/subdags/subdag.py
[2022-09-26T21:37:13.592-0300] {processor.py:758} INFO - Processing file /home/nicholasbaraldi/.pyenv/versions/3.10.4/envs/twitter-api-data-stack-venv/lib/python3.10/site-packages/airflow/example_dags/subdags/subdag.py for tasks to queue
[2022-09-26T21:37:13.592-0300] {logging_mixin.py:117} INFO - [2022-09-26T21:37:13.592-0300] {dagbag.py:525} INFO - Filling up the DagBag from /home/nicholasbaraldi/.pyenv/versions/3.10.4/envs/twitter-api-data-stack-venv/lib/python3.10/site-packages/airflow/example_dags/subdags/subdag.py
[2022-09-26T21:37:13.596-0300] {processor.py:770} WARNING - No viable dags retrieved from /home/nicholasbaraldi/.pyenv/versions/3.10.4/envs/twitter-api-data-stack-venv/lib/python3.10/site-packages/airflow/example_dags/subdags/subdag.py
[2022-09-26T21:37:13.602-0300] {processor.py:178} INFO - Processing /home/nicholasbaraldi/.pyenv/versions/3.10.4/envs/twitter-api-data-stack-venv/lib/python3.10/site-packages/airflow/example_dags/subdags/subdag.py took 0.013 seconds
[2022-09-26T21:37:51.137-0300] {processor.py:156} INFO - Started process (PID=16016) to work on /home/nicholasbaraldi/.pyenv/versions/3.10.4/envs/twitter-api-data-stack-venv/lib/python3.10/site-packages/airflow/example_dags/subdags/subdag.py
[2022-09-26T21:37:51.138-0300] {processor.py:758} INFO - Processing file /home/nicholasbaraldi/.pyenv/versions/3.10.4/envs/twitter-api-data-stack-venv/lib/python3.10/site-packages/airflow/example_dags/subdags/subdag.py for tasks to queue
[2022-09-26T21:37:51.138-0300] {logging_mixin.py:117} INFO - [2022-09-26T21:37:51.138-0300] {dagbag.py:525} INFO - Filling up the DagBag from /home/nicholasbaraldi/.pyenv/versions/3.10.4/envs/twitter-api-data-stack-venv/lib/python3.10/site-packages/airflow/example_dags/subdags/subdag.py
[2022-09-26T21:37:51.141-0300] {processor.py:770} WARNING - No viable dags retrieved from /home/nicholasbaraldi/.pyenv/versions/3.10.4/envs/twitter-api-data-stack-venv/lib/python3.10/site-packages/airflow/example_dags/subdags/subdag.py
[2022-09-26T21:37:51.148-0300] {processor.py:178} INFO - Processing /home/nicholasbaraldi/.pyenv/versions/3.10.4/envs/twitter-api-data-stack-venv/lib/python3.10/site-packages/airflow/example_dags/subdags/subdag.py took 0.012 seconds
[2022-09-26T21:38:29.890-0300] {processor.py:156} INFO - Started process (PID=16066) to work on /home/nicholasbaraldi/.pyenv/versions/3.10.4/envs/twitter-api-data-stack-venv/lib/python3.10/site-packages/airflow/example_dags/subdags/subdag.py
[2022-09-26T21:38:29.891-0300] {processor.py:758} INFO - Processing file /home/nicholasbaraldi/.pyenv/versions/3.10.4/envs/twitter-api-data-stack-venv/lib/python3.10/site-packages/airflow/example_dags/subdags/subdag.py for tasks to queue
[2022-09-26T21:38:29.891-0300] {logging_mixin.py:117} INFO - [2022-09-26T21:38:29.891-0300] {dagbag.py:525} INFO - Filling up the DagBag from /home/nicholasbaraldi/.pyenv/versions/3.10.4/envs/twitter-api-data-stack-venv/lib/python3.10/site-packages/airflow/example_dags/subdags/subdag.py
[2022-09-26T21:38:29.894-0300] {processor.py:770} WARNING - No viable dags retrieved from /home/nicholasbaraldi/.pyenv/versions/3.10.4/envs/twitter-api-data-stack-venv/lib/python3.10/site-packages/airflow/example_dags/subdags/subdag.py
[2022-09-26T21:38:29.900-0300] {processor.py:178} INFO - Processing /home/nicholasbaraldi/.pyenv/versions/3.10.4/envs/twitter-api-data-stack-venv/lib/python3.10/site-packages/airflow/example_dags/subdags/subdag.py took 0.012 seconds
[2022-09-26T21:39:06.364-0300] {processor.py:156} INFO - Started process (PID=16102) to work on /home/nicholasbaraldi/.pyenv/versions/3.10.4/envs/twitter-api-data-stack-venv/lib/python3.10/site-packages/airflow/example_dags/subdags/subdag.py
[2022-09-26T21:39:06.368-0300] {processor.py:758} INFO - Processing file /home/nicholasbaraldi/.pyenv/versions/3.10.4/envs/twitter-api-data-stack-venv/lib/python3.10/site-packages/airflow/example_dags/subdags/subdag.py for tasks to queue
[2022-09-26T21:39:06.369-0300] {logging_mixin.py:117} INFO - [2022-09-26T21:39:06.369-0300] {dagbag.py:525} INFO - Filling up the DagBag from /home/nicholasbaraldi/.pyenv/versions/3.10.4/envs/twitter-api-data-stack-venv/lib/python3.10/site-packages/airflow/example_dags/subdags/subdag.py
[2022-09-26T21:39:06.372-0300] {processor.py:770} WARNING - No viable dags retrieved from /home/nicholasbaraldi/.pyenv/versions/3.10.4/envs/twitter-api-data-stack-venv/lib/python3.10/site-packages/airflow/example_dags/subdags/subdag.py
[2022-09-26T21:39:06.378-0300] {processor.py:178} INFO - Processing /home/nicholasbaraldi/.pyenv/versions/3.10.4/envs/twitter-api-data-stack-venv/lib/python3.10/site-packages/airflow/example_dags/subdags/subdag.py took 0.016 seconds
[2022-09-26T21:39:41.221-0300] {processor.py:156} INFO - Started process (PID=16137) to work on /home/nicholasbaraldi/.pyenv/versions/3.10.4/envs/twitter-api-data-stack-venv/lib/python3.10/site-packages/airflow/example_dags/subdags/subdag.py
[2022-09-26T21:39:41.222-0300] {processor.py:758} INFO - Processing file /home/nicholasbaraldi/.pyenv/versions/3.10.4/envs/twitter-api-data-stack-venv/lib/python3.10/site-packages/airflow/example_dags/subdags/subdag.py for tasks to queue
[2022-09-26T21:39:41.223-0300] {logging_mixin.py:117} INFO - [2022-09-26T21:39:41.223-0300] {dagbag.py:525} INFO - Filling up the DagBag from /home/nicholasbaraldi/.pyenv/versions/3.10.4/envs/twitter-api-data-stack-venv/lib/python3.10/site-packages/airflow/example_dags/subdags/subdag.py
[2022-09-26T21:39:41.225-0300] {processor.py:770} WARNING - No viable dags retrieved from /home/nicholasbaraldi/.pyenv/versions/3.10.4/envs/twitter-api-data-stack-venv/lib/python3.10/site-packages/airflow/example_dags/subdags/subdag.py
[2022-09-26T21:39:41.231-0300] {processor.py:178} INFO - Processing /home/nicholasbaraldi/.pyenv/versions/3.10.4/envs/twitter-api-data-stack-venv/lib/python3.10/site-packages/airflow/example_dags/subdags/subdag.py took 0.012 seconds
[2022-09-26T21:40:15.477-0300] {processor.py:156} INFO - Started process (PID=16173) to work on /home/nicholasbaraldi/.pyenv/versions/3.10.4/envs/twitter-api-data-stack-venv/lib/python3.10/site-packages/airflow/example_dags/subdags/subdag.py
[2022-09-26T21:40:15.478-0300] {processor.py:758} INFO - Processing file /home/nicholasbaraldi/.pyenv/versions/3.10.4/envs/twitter-api-data-stack-venv/lib/python3.10/site-packages/airflow/example_dags/subdags/subdag.py for tasks to queue
[2022-09-26T21:40:15.478-0300] {logging_mixin.py:117} INFO - [2022-09-26T21:40:15.478-0300] {dagbag.py:525} INFO - Filling up the DagBag from /home/nicholasbaraldi/.pyenv/versions/3.10.4/envs/twitter-api-data-stack-venv/lib/python3.10/site-packages/airflow/example_dags/subdags/subdag.py
[2022-09-26T21:40:15.481-0300] {processor.py:770} WARNING - No viable dags retrieved from /home/nicholasbaraldi/.pyenv/versions/3.10.4/envs/twitter-api-data-stack-venv/lib/python3.10/site-packages/airflow/example_dags/subdags/subdag.py
[2022-09-26T21:40:15.488-0300] {processor.py:178} INFO - Processing /home/nicholasbaraldi/.pyenv/versions/3.10.4/envs/twitter-api-data-stack-venv/lib/python3.10/site-packages/airflow/example_dags/subdags/subdag.py took 0.013 seconds
[2022-09-26T21:40:54.982-0300] {processor.py:156} INFO - Started process (PID=16236) to work on /home/nicholasbaraldi/.pyenv/versions/3.10.4/envs/twitter-api-data-stack-venv/lib/python3.10/site-packages/airflow/example_dags/subdags/subdag.py
[2022-09-26T21:40:54.983-0300] {processor.py:758} INFO - Processing file /home/nicholasbaraldi/.pyenv/versions/3.10.4/envs/twitter-api-data-stack-venv/lib/python3.10/site-packages/airflow/example_dags/subdags/subdag.py for tasks to queue
[2022-09-26T21:40:54.983-0300] {logging_mixin.py:117} INFO - [2022-09-26T21:40:54.983-0300] {dagbag.py:525} INFO - Filling up the DagBag from /home/nicholasbaraldi/.pyenv/versions/3.10.4/envs/twitter-api-data-stack-venv/lib/python3.10/site-packages/airflow/example_dags/subdags/subdag.py
[2022-09-26T21:40:54.986-0300] {processor.py:770} WARNING - No viable dags retrieved from /home/nicholasbaraldi/.pyenv/versions/3.10.4/envs/twitter-api-data-stack-venv/lib/python3.10/site-packages/airflow/example_dags/subdags/subdag.py
[2022-09-26T21:40:54.992-0300] {processor.py:178} INFO - Processing /home/nicholasbaraldi/.pyenv/versions/3.10.4/envs/twitter-api-data-stack-venv/lib/python3.10/site-packages/airflow/example_dags/subdags/subdag.py took 0.013 seconds
[2022-09-26T21:41:34.343-0300] {processor.py:156} INFO - Started process (PID=16526) to work on /home/nicholasbaraldi/.pyenv/versions/3.10.4/envs/twitter-api-data-stack-venv/lib/python3.10/site-packages/airflow/example_dags/subdags/subdag.py
[2022-09-26T21:41:34.344-0300] {processor.py:758} INFO - Processing file /home/nicholasbaraldi/.pyenv/versions/3.10.4/envs/twitter-api-data-stack-venv/lib/python3.10/site-packages/airflow/example_dags/subdags/subdag.py for tasks to queue
[2022-09-26T21:41:34.345-0300] {logging_mixin.py:117} INFO - [2022-09-26T21:41:34.345-0300] {dagbag.py:525} INFO - Filling up the DagBag from /home/nicholasbaraldi/.pyenv/versions/3.10.4/envs/twitter-api-data-stack-venv/lib/python3.10/site-packages/airflow/example_dags/subdags/subdag.py
[2022-09-26T21:41:34.347-0300] {processor.py:770} WARNING - No viable dags retrieved from /home/nicholasbaraldi/.pyenv/versions/3.10.4/envs/twitter-api-data-stack-venv/lib/python3.10/site-packages/airflow/example_dags/subdags/subdag.py
[2022-09-26T21:41:34.354-0300] {processor.py:178} INFO - Processing /home/nicholasbaraldi/.pyenv/versions/3.10.4/envs/twitter-api-data-stack-venv/lib/python3.10/site-packages/airflow/example_dags/subdags/subdag.py took 0.014 seconds
[2022-09-26T21:42:08.366-0300] {processor.py:156} INFO - Started process (PID=16735) to work on /home/nicholasbaraldi/.pyenv/versions/3.10.4/envs/twitter-api-data-stack-venv/lib/python3.10/site-packages/airflow/example_dags/subdags/subdag.py
[2022-09-26T21:42:08.367-0300] {processor.py:758} INFO - Processing file /home/nicholasbaraldi/.pyenv/versions/3.10.4/envs/twitter-api-data-stack-venv/lib/python3.10/site-packages/airflow/example_dags/subdags/subdag.py for tasks to queue
[2022-09-26T21:42:08.368-0300] {logging_mixin.py:117} INFO - [2022-09-26T21:42:08.368-0300] {dagbag.py:525} INFO - Filling up the DagBag from /home/nicholasbaraldi/.pyenv/versions/3.10.4/envs/twitter-api-data-stack-venv/lib/python3.10/site-packages/airflow/example_dags/subdags/subdag.py
[2022-09-26T21:42:08.371-0300] {processor.py:770} WARNING - No viable dags retrieved from /home/nicholasbaraldi/.pyenv/versions/3.10.4/envs/twitter-api-data-stack-venv/lib/python3.10/site-packages/airflow/example_dags/subdags/subdag.py
[2022-09-26T21:42:08.377-0300] {processor.py:178} INFO - Processing /home/nicholasbaraldi/.pyenv/versions/3.10.4/envs/twitter-api-data-stack-venv/lib/python3.10/site-packages/airflow/example_dags/subdags/subdag.py took 0.013 seconds
[2022-09-26T21:42:43.606-0300] {processor.py:156} INFO - Started process (PID=16963) to work on /home/nicholasbaraldi/.pyenv/versions/3.10.4/envs/twitter-api-data-stack-venv/lib/python3.10/site-packages/airflow/example_dags/subdags/subdag.py
[2022-09-26T21:42:43.607-0300] {processor.py:758} INFO - Processing file /home/nicholasbaraldi/.pyenv/versions/3.10.4/envs/twitter-api-data-stack-venv/lib/python3.10/site-packages/airflow/example_dags/subdags/subdag.py for tasks to queue
[2022-09-26T21:42:43.607-0300] {logging_mixin.py:117} INFO - [2022-09-26T21:42:43.607-0300] {dagbag.py:525} INFO - Filling up the DagBag from /home/nicholasbaraldi/.pyenv/versions/3.10.4/envs/twitter-api-data-stack-venv/lib/python3.10/site-packages/airflow/example_dags/subdags/subdag.py
[2022-09-26T21:42:43.610-0300] {processor.py:770} WARNING - No viable dags retrieved from /home/nicholasbaraldi/.pyenv/versions/3.10.4/envs/twitter-api-data-stack-venv/lib/python3.10/site-packages/airflow/example_dags/subdags/subdag.py
[2022-09-26T21:42:43.616-0300] {processor.py:178} INFO - Processing /home/nicholasbaraldi/.pyenv/versions/3.10.4/envs/twitter-api-data-stack-venv/lib/python3.10/site-packages/airflow/example_dags/subdags/subdag.py took 0.012 seconds
[2022-09-26T21:43:19.685-0300] {processor.py:156} INFO - Started process (PID=17167) to work on /home/nicholasbaraldi/.pyenv/versions/3.10.4/envs/twitter-api-data-stack-venv/lib/python3.10/site-packages/airflow/example_dags/subdags/subdag.py
[2022-09-26T21:43:19.686-0300] {processor.py:758} INFO - Processing file /home/nicholasbaraldi/.pyenv/versions/3.10.4/envs/twitter-api-data-stack-venv/lib/python3.10/site-packages/airflow/example_dags/subdags/subdag.py for tasks to queue
[2022-09-26T21:43:19.686-0300] {logging_mixin.py:117} INFO - [2022-09-26T21:43:19.686-0300] {dagbag.py:525} INFO - Filling up the DagBag from /home/nicholasbaraldi/.pyenv/versions/3.10.4/envs/twitter-api-data-stack-venv/lib/python3.10/site-packages/airflow/example_dags/subdags/subdag.py
[2022-09-26T21:43:19.689-0300] {processor.py:770} WARNING - No viable dags retrieved from /home/nicholasbaraldi/.pyenv/versions/3.10.4/envs/twitter-api-data-stack-venv/lib/python3.10/site-packages/airflow/example_dags/subdags/subdag.py
[2022-09-26T21:43:19.695-0300] {processor.py:178} INFO - Processing /home/nicholasbaraldi/.pyenv/versions/3.10.4/envs/twitter-api-data-stack-venv/lib/python3.10/site-packages/airflow/example_dags/subdags/subdag.py took 0.012 seconds
[2022-09-26T21:43:57.446-0300] {processor.py:156} INFO - Started process (PID=17432) to work on /home/nicholasbaraldi/.pyenv/versions/3.10.4/envs/twitter-api-data-stack-venv/lib/python3.10/site-packages/airflow/example_dags/subdags/subdag.py
[2022-09-26T21:43:57.448-0300] {processor.py:758} INFO - Processing file /home/nicholasbaraldi/.pyenv/versions/3.10.4/envs/twitter-api-data-stack-venv/lib/python3.10/site-packages/airflow/example_dags/subdags/subdag.py for tasks to queue
[2022-09-26T21:43:57.448-0300] {logging_mixin.py:117} INFO - [2022-09-26T21:43:57.448-0300] {dagbag.py:525} INFO - Filling up the DagBag from /home/nicholasbaraldi/.pyenv/versions/3.10.4/envs/twitter-api-data-stack-venv/lib/python3.10/site-packages/airflow/example_dags/subdags/subdag.py
[2022-09-26T21:43:57.451-0300] {processor.py:770} WARNING - No viable dags retrieved from /home/nicholasbaraldi/.pyenv/versions/3.10.4/envs/twitter-api-data-stack-venv/lib/python3.10/site-packages/airflow/example_dags/subdags/subdag.py
[2022-09-26T21:43:57.459-0300] {processor.py:178} INFO - Processing /home/nicholasbaraldi/.pyenv/versions/3.10.4/envs/twitter-api-data-stack-venv/lib/python3.10/site-packages/airflow/example_dags/subdags/subdag.py took 0.014 seconds
[2022-09-26T21:44:34.228-0300] {processor.py:156} INFO - Started process (PID=17699) to work on /home/nicholasbaraldi/.pyenv/versions/3.10.4/envs/twitter-api-data-stack-venv/lib/python3.10/site-packages/airflow/example_dags/subdags/subdag.py
[2022-09-26T21:44:34.229-0300] {processor.py:758} INFO - Processing file /home/nicholasbaraldi/.pyenv/versions/3.10.4/envs/twitter-api-data-stack-venv/lib/python3.10/site-packages/airflow/example_dags/subdags/subdag.py for tasks to queue
[2022-09-26T21:44:34.230-0300] {logging_mixin.py:117} INFO - [2022-09-26T21:44:34.230-0300] {dagbag.py:525} INFO - Filling up the DagBag from /home/nicholasbaraldi/.pyenv/versions/3.10.4/envs/twitter-api-data-stack-venv/lib/python3.10/site-packages/airflow/example_dags/subdags/subdag.py
[2022-09-26T21:44:34.233-0300] {processor.py:770} WARNING - No viable dags retrieved from /home/nicholasbaraldi/.pyenv/versions/3.10.4/envs/twitter-api-data-stack-venv/lib/python3.10/site-packages/airflow/example_dags/subdags/subdag.py
[2022-09-26T21:44:34.241-0300] {processor.py:178} INFO - Processing /home/nicholasbaraldi/.pyenv/versions/3.10.4/envs/twitter-api-data-stack-venv/lib/python3.10/site-packages/airflow/example_dags/subdags/subdag.py took 0.015 seconds
[2022-09-26T21:45:10.106-0300] {processor.py:156} INFO - Started process (PID=17937) to work on /home/nicholasbaraldi/.pyenv/versions/3.10.4/envs/twitter-api-data-stack-venv/lib/python3.10/site-packages/airflow/example_dags/subdags/subdag.py
[2022-09-26T21:45:10.107-0300] {processor.py:758} INFO - Processing file /home/nicholasbaraldi/.pyenv/versions/3.10.4/envs/twitter-api-data-stack-venv/lib/python3.10/site-packages/airflow/example_dags/subdags/subdag.py for tasks to queue
[2022-09-26T21:45:10.107-0300] {logging_mixin.py:117} INFO - [2022-09-26T21:45:10.107-0300] {dagbag.py:525} INFO - Filling up the DagBag from /home/nicholasbaraldi/.pyenv/versions/3.10.4/envs/twitter-api-data-stack-venv/lib/python3.10/site-packages/airflow/example_dags/subdags/subdag.py
[2022-09-26T21:45:10.111-0300] {processor.py:770} WARNING - No viable dags retrieved from /home/nicholasbaraldi/.pyenv/versions/3.10.4/envs/twitter-api-data-stack-venv/lib/python3.10/site-packages/airflow/example_dags/subdags/subdag.py
[2022-09-26T21:45:10.118-0300] {processor.py:178} INFO - Processing /home/nicholasbaraldi/.pyenv/versions/3.10.4/envs/twitter-api-data-stack-venv/lib/python3.10/site-packages/airflow/example_dags/subdags/subdag.py took 0.014 seconds
[2022-09-26T21:45:44.238-0300] {processor.py:156} INFO - Started process (PID=18154) to work on /home/nicholasbaraldi/.pyenv/versions/3.10.4/envs/twitter-api-data-stack-venv/lib/python3.10/site-packages/airflow/example_dags/subdags/subdag.py
[2022-09-26T21:45:44.239-0300] {processor.py:758} INFO - Processing file /home/nicholasbaraldi/.pyenv/versions/3.10.4/envs/twitter-api-data-stack-venv/lib/python3.10/site-packages/airflow/example_dags/subdags/subdag.py for tasks to queue
[2022-09-26T21:45:44.240-0300] {logging_mixin.py:117} INFO - [2022-09-26T21:45:44.239-0300] {dagbag.py:525} INFO - Filling up the DagBag from /home/nicholasbaraldi/.pyenv/versions/3.10.4/envs/twitter-api-data-stack-venv/lib/python3.10/site-packages/airflow/example_dags/subdags/subdag.py
[2022-09-26T21:45:44.242-0300] {processor.py:770} WARNING - No viable dags retrieved from /home/nicholasbaraldi/.pyenv/versions/3.10.4/envs/twitter-api-data-stack-venv/lib/python3.10/site-packages/airflow/example_dags/subdags/subdag.py
[2022-09-26T21:45:44.249-0300] {processor.py:178} INFO - Processing /home/nicholasbaraldi/.pyenv/versions/3.10.4/envs/twitter-api-data-stack-venv/lib/python3.10/site-packages/airflow/example_dags/subdags/subdag.py took 0.013 seconds
