[2022-09-26T21:00:30.720-0300] {processor.py:156} INFO - Started process (PID=10420) to work on /home/nicholasbaraldi/.pyenv/versions/3.10.4/envs/twitter-api-data-stack-venv/lib/python3.10/site-packages/airflow/example_dags/plugins/workday.py
[2022-09-26T21:00:30.720-0300] {processor.py:758} INFO - Processing file /home/nicholasbaraldi/.pyenv/versions/3.10.4/envs/twitter-api-data-stack-venv/lib/python3.10/site-packages/airflow/example_dags/plugins/workday.py for tasks to queue
[2022-09-26T21:00:30.721-0300] {logging_mixin.py:117} INFO - [2022-09-26T21:00:30.721-0300] {dagbag.py:525} INFO - Filling up the DagBag from /home/nicholasbaraldi/.pyenv/versions/3.10.4/envs/twitter-api-data-stack-venv/lib/python3.10/site-packages/airflow/example_dags/plugins/workday.py
[2022-09-26T21:00:30.722-0300] {processor.py:770} WARNING - No viable dags retrieved from /home/nicholasbaraldi/.pyenv/versions/3.10.4/envs/twitter-api-data-stack-venv/lib/python3.10/site-packages/airflow/example_dags/plugins/workday.py
[2022-09-26T21:00:30.734-0300] {processor.py:178} INFO - Processing /home/nicholasbaraldi/.pyenv/versions/3.10.4/envs/twitter-api-data-stack-venv/lib/python3.10/site-packages/airflow/example_dags/plugins/workday.py took 0.016 seconds
[2022-09-26T21:01:08.021-0300] {processor.py:156} INFO - Started process (PID=10459) to work on /home/nicholasbaraldi/.pyenv/versions/3.10.4/envs/twitter-api-data-stack-venv/lib/python3.10/site-packages/airflow/example_dags/plugins/workday.py
[2022-09-26T21:01:08.022-0300] {processor.py:758} INFO - Processing file /home/nicholasbaraldi/.pyenv/versions/3.10.4/envs/twitter-api-data-stack-venv/lib/python3.10/site-packages/airflow/example_dags/plugins/workday.py for tasks to queue
[2022-09-26T21:01:08.023-0300] {logging_mixin.py:117} INFO - [2022-09-26T21:01:08.023-0300] {dagbag.py:525} INFO - Filling up the DagBag from /home/nicholasbaraldi/.pyenv/versions/3.10.4/envs/twitter-api-data-stack-venv/lib/python3.10/site-packages/airflow/example_dags/plugins/workday.py
[2022-09-26T21:01:08.024-0300] {processor.py:770} WARNING - No viable dags retrieved from /home/nicholasbaraldi/.pyenv/versions/3.10.4/envs/twitter-api-data-stack-venv/lib/python3.10/site-packages/airflow/example_dags/plugins/workday.py
[2022-09-26T21:01:08.030-0300] {processor.py:178} INFO - Processing /home/nicholasbaraldi/.pyenv/versions/3.10.4/envs/twitter-api-data-stack-venv/lib/python3.10/site-packages/airflow/example_dags/plugins/workday.py took 0.011 seconds
[2022-09-26T21:01:44.995-0300] {processor.py:156} INFO - Started process (PID=10549) to work on /home/nicholasbaraldi/.pyenv/versions/3.10.4/envs/twitter-api-data-stack-venv/lib/python3.10/site-packages/airflow/example_dags/plugins/workday.py
[2022-09-26T21:01:44.996-0300] {processor.py:758} INFO - Processing file /home/nicholasbaraldi/.pyenv/versions/3.10.4/envs/twitter-api-data-stack-venv/lib/python3.10/site-packages/airflow/example_dags/plugins/workday.py for tasks to queue
[2022-09-26T21:01:44.996-0300] {logging_mixin.py:117} INFO - [2022-09-26T21:01:44.996-0300] {dagbag.py:525} INFO - Filling up the DagBag from /home/nicholasbaraldi/.pyenv/versions/3.10.4/envs/twitter-api-data-stack-venv/lib/python3.10/site-packages/airflow/example_dags/plugins/workday.py
[2022-09-26T21:01:44.997-0300] {processor.py:770} WARNING - No viable dags retrieved from /home/nicholasbaraldi/.pyenv/versions/3.10.4/envs/twitter-api-data-stack-venv/lib/python3.10/site-packages/airflow/example_dags/plugins/workday.py
[2022-09-26T21:01:45.004-0300] {processor.py:178} INFO - Processing /home/nicholasbaraldi/.pyenv/versions/3.10.4/envs/twitter-api-data-stack-venv/lib/python3.10/site-packages/airflow/example_dags/plugins/workday.py took 0.012 seconds
[2022-09-26T21:02:20.249-0300] {processor.py:156} INFO - Started process (PID=10586) to work on /home/nicholasbaraldi/.pyenv/versions/3.10.4/envs/twitter-api-data-stack-venv/lib/python3.10/site-packages/airflow/example_dags/plugins/workday.py
[2022-09-26T21:02:20.250-0300] {processor.py:758} INFO - Processing file /home/nicholasbaraldi/.pyenv/versions/3.10.4/envs/twitter-api-data-stack-venv/lib/python3.10/site-packages/airflow/example_dags/plugins/workday.py for tasks to queue
[2022-09-26T21:02:20.250-0300] {logging_mixin.py:117} INFO - [2022-09-26T21:02:20.250-0300] {dagbag.py:525} INFO - Filling up the DagBag from /home/nicholasbaraldi/.pyenv/versions/3.10.4/envs/twitter-api-data-stack-venv/lib/python3.10/site-packages/airflow/example_dags/plugins/workday.py
[2022-09-26T21:02:20.252-0300] {processor.py:770} WARNING - No viable dags retrieved from /home/nicholasbaraldi/.pyenv/versions/3.10.4/envs/twitter-api-data-stack-venv/lib/python3.10/site-packages/airflow/example_dags/plugins/workday.py
[2022-09-26T21:02:20.259-0300] {processor.py:178} INFO - Processing /home/nicholasbaraldi/.pyenv/versions/3.10.4/envs/twitter-api-data-stack-venv/lib/python3.10/site-packages/airflow/example_dags/plugins/workday.py took 0.012 seconds
[2022-09-26T21:03:00.895-0300] {processor.py:156} INFO - Started process (PID=10626) to work on /home/nicholasbaraldi/.pyenv/versions/3.10.4/envs/twitter-api-data-stack-venv/lib/python3.10/site-packages/airflow/example_dags/plugins/workday.py
[2022-09-26T21:03:00.896-0300] {processor.py:758} INFO - Processing file /home/nicholasbaraldi/.pyenv/versions/3.10.4/envs/twitter-api-data-stack-venv/lib/python3.10/site-packages/airflow/example_dags/plugins/workday.py for tasks to queue
[2022-09-26T21:03:00.897-0300] {logging_mixin.py:117} INFO - [2022-09-26T21:03:00.897-0300] {dagbag.py:525} INFO - Filling up the DagBag from /home/nicholasbaraldi/.pyenv/versions/3.10.4/envs/twitter-api-data-stack-venv/lib/python3.10/site-packages/airflow/example_dags/plugins/workday.py
[2022-09-26T21:03:00.899-0300] {processor.py:770} WARNING - No viable dags retrieved from /home/nicholasbaraldi/.pyenv/versions/3.10.4/envs/twitter-api-data-stack-venv/lib/python3.10/site-packages/airflow/example_dags/plugins/workday.py
[2022-09-26T21:03:00.905-0300] {processor.py:178} INFO - Processing /home/nicholasbaraldi/.pyenv/versions/3.10.4/envs/twitter-api-data-stack-venv/lib/python3.10/site-packages/airflow/example_dags/plugins/workday.py took 0.013 seconds
[2022-09-26T21:03:35.383-0300] {processor.py:156} INFO - Started process (PID=10663) to work on /home/nicholasbaraldi/.pyenv/versions/3.10.4/envs/twitter-api-data-stack-venv/lib/python3.10/site-packages/airflow/example_dags/plugins/workday.py
[2022-09-26T21:03:35.384-0300] {processor.py:758} INFO - Processing file /home/nicholasbaraldi/.pyenv/versions/3.10.4/envs/twitter-api-data-stack-venv/lib/python3.10/site-packages/airflow/example_dags/plugins/workday.py for tasks to queue
[2022-09-26T21:03:35.385-0300] {logging_mixin.py:117} INFO - [2022-09-26T21:03:35.384-0300] {dagbag.py:525} INFO - Filling up the DagBag from /home/nicholasbaraldi/.pyenv/versions/3.10.4/envs/twitter-api-data-stack-venv/lib/python3.10/site-packages/airflow/example_dags/plugins/workday.py
[2022-09-26T21:03:35.386-0300] {processor.py:770} WARNING - No viable dags retrieved from /home/nicholasbaraldi/.pyenv/versions/3.10.4/envs/twitter-api-data-stack-venv/lib/python3.10/site-packages/airflow/example_dags/plugins/workday.py
[2022-09-26T21:03:35.394-0300] {processor.py:178} INFO - Processing /home/nicholasbaraldi/.pyenv/versions/3.10.4/envs/twitter-api-data-stack-venv/lib/python3.10/site-packages/airflow/example_dags/plugins/workday.py took 0.013 seconds
[2022-09-26T21:04:11.496-0300] {processor.py:156} INFO - Started process (PID=10699) to work on /home/nicholasbaraldi/.pyenv/versions/3.10.4/envs/twitter-api-data-stack-venv/lib/python3.10/site-packages/airflow/example_dags/plugins/workday.py
[2022-09-26T21:04:11.498-0300] {processor.py:758} INFO - Processing file /home/nicholasbaraldi/.pyenv/versions/3.10.4/envs/twitter-api-data-stack-venv/lib/python3.10/site-packages/airflow/example_dags/plugins/workday.py for tasks to queue
[2022-09-26T21:04:11.499-0300] {logging_mixin.py:117} INFO - [2022-09-26T21:04:11.498-0300] {dagbag.py:525} INFO - Filling up the DagBag from /home/nicholasbaraldi/.pyenv/versions/3.10.4/envs/twitter-api-data-stack-venv/lib/python3.10/site-packages/airflow/example_dags/plugins/workday.py
[2022-09-26T21:04:11.500-0300] {processor.py:770} WARNING - No viable dags retrieved from /home/nicholasbaraldi/.pyenv/versions/3.10.4/envs/twitter-api-data-stack-venv/lib/python3.10/site-packages/airflow/example_dags/plugins/workday.py
[2022-09-26T21:04:11.506-0300] {processor.py:178} INFO - Processing /home/nicholasbaraldi/.pyenv/versions/3.10.4/envs/twitter-api-data-stack-venv/lib/python3.10/site-packages/airflow/example_dags/plugins/workday.py took 0.012 seconds
[2022-09-26T21:04:47.614-0300] {processor.py:156} INFO - Started process (PID=10738) to work on /home/nicholasbaraldi/.pyenv/versions/3.10.4/envs/twitter-api-data-stack-venv/lib/python3.10/site-packages/airflow/example_dags/plugins/workday.py
[2022-09-26T21:04:47.615-0300] {processor.py:758} INFO - Processing file /home/nicholasbaraldi/.pyenv/versions/3.10.4/envs/twitter-api-data-stack-venv/lib/python3.10/site-packages/airflow/example_dags/plugins/workday.py for tasks to queue
[2022-09-26T21:04:47.616-0300] {logging_mixin.py:117} INFO - [2022-09-26T21:04:47.616-0300] {dagbag.py:525} INFO - Filling up the DagBag from /home/nicholasbaraldi/.pyenv/versions/3.10.4/envs/twitter-api-data-stack-venv/lib/python3.10/site-packages/airflow/example_dags/plugins/workday.py
[2022-09-26T21:04:47.617-0300] {processor.py:770} WARNING - No viable dags retrieved from /home/nicholasbaraldi/.pyenv/versions/3.10.4/envs/twitter-api-data-stack-venv/lib/python3.10/site-packages/airflow/example_dags/plugins/workday.py
[2022-09-26T21:04:47.625-0300] {processor.py:178} INFO - Processing /home/nicholasbaraldi/.pyenv/versions/3.10.4/envs/twitter-api-data-stack-venv/lib/python3.10/site-packages/airflow/example_dags/plugins/workday.py took 0.013 seconds
[2022-09-26T21:05:24.352-0300] {processor.py:156} INFO - Started process (PID=10775) to work on /home/nicholasbaraldi/.pyenv/versions/3.10.4/envs/twitter-api-data-stack-venv/lib/python3.10/site-packages/airflow/example_dags/plugins/workday.py
[2022-09-26T21:05:24.353-0300] {processor.py:758} INFO - Processing file /home/nicholasbaraldi/.pyenv/versions/3.10.4/envs/twitter-api-data-stack-venv/lib/python3.10/site-packages/airflow/example_dags/plugins/workday.py for tasks to queue
[2022-09-26T21:05:24.354-0300] {logging_mixin.py:117} INFO - [2022-09-26T21:05:24.354-0300] {dagbag.py:525} INFO - Filling up the DagBag from /home/nicholasbaraldi/.pyenv/versions/3.10.4/envs/twitter-api-data-stack-venv/lib/python3.10/site-packages/airflow/example_dags/plugins/workday.py
[2022-09-26T21:05:24.355-0300] {processor.py:770} WARNING - No viable dags retrieved from /home/nicholasbaraldi/.pyenv/versions/3.10.4/envs/twitter-api-data-stack-venv/lib/python3.10/site-packages/airflow/example_dags/plugins/workday.py
[2022-09-26T21:05:24.362-0300] {processor.py:178} INFO - Processing /home/nicholasbaraldi/.pyenv/versions/3.10.4/envs/twitter-api-data-stack-venv/lib/python3.10/site-packages/airflow/example_dags/plugins/workday.py took 0.011 seconds
[2022-09-26T21:06:01.559-0300] {processor.py:156} INFO - Started process (PID=10812) to work on /home/nicholasbaraldi/.pyenv/versions/3.10.4/envs/twitter-api-data-stack-venv/lib/python3.10/site-packages/airflow/example_dags/plugins/workday.py
[2022-09-26T21:06:01.560-0300] {processor.py:758} INFO - Processing file /home/nicholasbaraldi/.pyenv/versions/3.10.4/envs/twitter-api-data-stack-venv/lib/python3.10/site-packages/airflow/example_dags/plugins/workday.py for tasks to queue
[2022-09-26T21:06:01.560-0300] {logging_mixin.py:117} INFO - [2022-09-26T21:06:01.560-0300] {dagbag.py:525} INFO - Filling up the DagBag from /home/nicholasbaraldi/.pyenv/versions/3.10.4/envs/twitter-api-data-stack-venv/lib/python3.10/site-packages/airflow/example_dags/plugins/workday.py
[2022-09-26T21:06:01.562-0300] {processor.py:770} WARNING - No viable dags retrieved from /home/nicholasbaraldi/.pyenv/versions/3.10.4/envs/twitter-api-data-stack-venv/lib/python3.10/site-packages/airflow/example_dags/plugins/workday.py
[2022-09-26T21:06:01.568-0300] {processor.py:178} INFO - Processing /home/nicholasbaraldi/.pyenv/versions/3.10.4/envs/twitter-api-data-stack-venv/lib/python3.10/site-packages/airflow/example_dags/plugins/workday.py took 0.011 seconds
[2022-09-26T21:06:37.395-0300] {processor.py:156} INFO - Started process (PID=10902) to work on /home/nicholasbaraldi/.pyenv/versions/3.10.4/envs/twitter-api-data-stack-venv/lib/python3.10/site-packages/airflow/example_dags/plugins/workday.py
[2022-09-26T21:06:37.396-0300] {processor.py:758} INFO - Processing file /home/nicholasbaraldi/.pyenv/versions/3.10.4/envs/twitter-api-data-stack-venv/lib/python3.10/site-packages/airflow/example_dags/plugins/workday.py for tasks to queue
[2022-09-26T21:06:37.396-0300] {logging_mixin.py:117} INFO - [2022-09-26T21:06:37.396-0300] {dagbag.py:525} INFO - Filling up the DagBag from /home/nicholasbaraldi/.pyenv/versions/3.10.4/envs/twitter-api-data-stack-venv/lib/python3.10/site-packages/airflow/example_dags/plugins/workday.py
[2022-09-26T21:06:37.397-0300] {processor.py:770} WARNING - No viable dags retrieved from /home/nicholasbaraldi/.pyenv/versions/3.10.4/envs/twitter-api-data-stack-venv/lib/python3.10/site-packages/airflow/example_dags/plugins/workday.py
[2022-09-26T21:06:37.403-0300] {processor.py:178} INFO - Processing /home/nicholasbaraldi/.pyenv/versions/3.10.4/envs/twitter-api-data-stack-venv/lib/python3.10/site-packages/airflow/example_dags/plugins/workday.py took 0.010 seconds
[2022-09-26T21:07:15.913-0300] {processor.py:156} INFO - Started process (PID=10939) to work on /home/nicholasbaraldi/.pyenv/versions/3.10.4/envs/twitter-api-data-stack-venv/lib/python3.10/site-packages/airflow/example_dags/plugins/workday.py
[2022-09-26T21:07:15.914-0300] {processor.py:758} INFO - Processing file /home/nicholasbaraldi/.pyenv/versions/3.10.4/envs/twitter-api-data-stack-venv/lib/python3.10/site-packages/airflow/example_dags/plugins/workday.py for tasks to queue
[2022-09-26T21:07:15.914-0300] {logging_mixin.py:117} INFO - [2022-09-26T21:07:15.914-0300] {dagbag.py:525} INFO - Filling up the DagBag from /home/nicholasbaraldi/.pyenv/versions/3.10.4/envs/twitter-api-data-stack-venv/lib/python3.10/site-packages/airflow/example_dags/plugins/workday.py
[2022-09-26T21:07:15.915-0300] {processor.py:770} WARNING - No viable dags retrieved from /home/nicholasbaraldi/.pyenv/versions/3.10.4/envs/twitter-api-data-stack-venv/lib/python3.10/site-packages/airflow/example_dags/plugins/workday.py
[2022-09-26T21:07:15.922-0300] {processor.py:178} INFO - Processing /home/nicholasbaraldi/.pyenv/versions/3.10.4/envs/twitter-api-data-stack-venv/lib/python3.10/site-packages/airflow/example_dags/plugins/workday.py took 0.011 seconds
[2022-09-26T21:07:50.032-0300] {processor.py:156} INFO - Started process (PID=10974) to work on /home/nicholasbaraldi/.pyenv/versions/3.10.4/envs/twitter-api-data-stack-venv/lib/python3.10/site-packages/airflow/example_dags/plugins/workday.py
[2022-09-26T21:07:50.033-0300] {processor.py:758} INFO - Processing file /home/nicholasbaraldi/.pyenv/versions/3.10.4/envs/twitter-api-data-stack-venv/lib/python3.10/site-packages/airflow/example_dags/plugins/workday.py for tasks to queue
[2022-09-26T21:07:50.033-0300] {logging_mixin.py:117} INFO - [2022-09-26T21:07:50.033-0300] {dagbag.py:525} INFO - Filling up the DagBag from /home/nicholasbaraldi/.pyenv/versions/3.10.4/envs/twitter-api-data-stack-venv/lib/python3.10/site-packages/airflow/example_dags/plugins/workday.py
[2022-09-26T21:07:50.034-0300] {processor.py:770} WARNING - No viable dags retrieved from /home/nicholasbaraldi/.pyenv/versions/3.10.4/envs/twitter-api-data-stack-venv/lib/python3.10/site-packages/airflow/example_dags/plugins/workday.py
[2022-09-26T21:07:50.040-0300] {processor.py:178} INFO - Processing /home/nicholasbaraldi/.pyenv/versions/3.10.4/envs/twitter-api-data-stack-venv/lib/python3.10/site-packages/airflow/example_dags/plugins/workday.py took 0.010 seconds
[2022-09-26T21:08:27.993-0300] {processor.py:156} INFO - Started process (PID=11012) to work on /home/nicholasbaraldi/.pyenv/versions/3.10.4/envs/twitter-api-data-stack-venv/lib/python3.10/site-packages/airflow/example_dags/plugins/workday.py
[2022-09-26T21:08:27.994-0300] {processor.py:758} INFO - Processing file /home/nicholasbaraldi/.pyenv/versions/3.10.4/envs/twitter-api-data-stack-venv/lib/python3.10/site-packages/airflow/example_dags/plugins/workday.py for tasks to queue
[2022-09-26T21:08:27.994-0300] {logging_mixin.py:117} INFO - [2022-09-26T21:08:27.994-0300] {dagbag.py:525} INFO - Filling up the DagBag from /home/nicholasbaraldi/.pyenv/versions/3.10.4/envs/twitter-api-data-stack-venv/lib/python3.10/site-packages/airflow/example_dags/plugins/workday.py
[2022-09-26T21:08:27.996-0300] {processor.py:770} WARNING - No viable dags retrieved from /home/nicholasbaraldi/.pyenv/versions/3.10.4/envs/twitter-api-data-stack-venv/lib/python3.10/site-packages/airflow/example_dags/plugins/workday.py
[2022-09-26T21:08:28.003-0300] {processor.py:178} INFO - Processing /home/nicholasbaraldi/.pyenv/versions/3.10.4/envs/twitter-api-data-stack-venv/lib/python3.10/site-packages/airflow/example_dags/plugins/workday.py took 0.012 seconds
[2022-09-26T21:09:10.288-0300] {processor.py:156} INFO - Started process (PID=11079) to work on /home/nicholasbaraldi/.pyenv/versions/3.10.4/envs/twitter-api-data-stack-venv/lib/python3.10/site-packages/airflow/example_dags/plugins/workday.py
[2022-09-26T21:09:10.290-0300] {processor.py:758} INFO - Processing file /home/nicholasbaraldi/.pyenv/versions/3.10.4/envs/twitter-api-data-stack-venv/lib/python3.10/site-packages/airflow/example_dags/plugins/workday.py for tasks to queue
[2022-09-26T21:09:10.291-0300] {logging_mixin.py:117} INFO - [2022-09-26T21:09:10.291-0300] {dagbag.py:525} INFO - Filling up the DagBag from /home/nicholasbaraldi/.pyenv/versions/3.10.4/envs/twitter-api-data-stack-venv/lib/python3.10/site-packages/airflow/example_dags/plugins/workday.py
[2022-09-26T21:09:10.293-0300] {processor.py:770} WARNING - No viable dags retrieved from /home/nicholasbaraldi/.pyenv/versions/3.10.4/envs/twitter-api-data-stack-venv/lib/python3.10/site-packages/airflow/example_dags/plugins/workday.py
[2022-09-26T21:09:10.304-0300] {processor.py:178} INFO - Processing /home/nicholasbaraldi/.pyenv/versions/3.10.4/envs/twitter-api-data-stack-venv/lib/python3.10/site-packages/airflow/example_dags/plugins/workday.py took 0.018 seconds
[2022-09-26T21:09:48.786-0300] {processor.py:156} INFO - Started process (PID=11278) to work on /home/nicholasbaraldi/.pyenv/versions/3.10.4/envs/twitter-api-data-stack-venv/lib/python3.10/site-packages/airflow/example_dags/plugins/workday.py
[2022-09-26T21:09:48.787-0300] {processor.py:758} INFO - Processing file /home/nicholasbaraldi/.pyenv/versions/3.10.4/envs/twitter-api-data-stack-venv/lib/python3.10/site-packages/airflow/example_dags/plugins/workday.py for tasks to queue
[2022-09-26T21:09:48.788-0300] {logging_mixin.py:117} INFO - [2022-09-26T21:09:48.787-0300] {dagbag.py:525} INFO - Filling up the DagBag from /home/nicholasbaraldi/.pyenv/versions/3.10.4/envs/twitter-api-data-stack-venv/lib/python3.10/site-packages/airflow/example_dags/plugins/workday.py
[2022-09-26T21:09:48.789-0300] {processor.py:770} WARNING - No viable dags retrieved from /home/nicholasbaraldi/.pyenv/versions/3.10.4/envs/twitter-api-data-stack-venv/lib/python3.10/site-packages/airflow/example_dags/plugins/workday.py
[2022-09-26T21:09:48.795-0300] {processor.py:178} INFO - Processing /home/nicholasbaraldi/.pyenv/versions/3.10.4/envs/twitter-api-data-stack-venv/lib/python3.10/site-packages/airflow/example_dags/plugins/workday.py took 0.011 seconds
[2022-09-26T21:10:26.030-0300] {processor.py:156} INFO - Started process (PID=12202) to work on /home/nicholasbaraldi/.pyenv/versions/3.10.4/envs/twitter-api-data-stack-venv/lib/python3.10/site-packages/airflow/example_dags/plugins/workday.py
[2022-09-26T21:10:26.033-0300] {processor.py:758} INFO - Processing file /home/nicholasbaraldi/.pyenv/versions/3.10.4/envs/twitter-api-data-stack-venv/lib/python3.10/site-packages/airflow/example_dags/plugins/workday.py for tasks to queue
[2022-09-26T21:10:26.033-0300] {logging_mixin.py:117} INFO - [2022-09-26T21:10:26.033-0300] {dagbag.py:525} INFO - Filling up the DagBag from /home/nicholasbaraldi/.pyenv/versions/3.10.4/envs/twitter-api-data-stack-venv/lib/python3.10/site-packages/airflow/example_dags/plugins/workday.py
[2022-09-26T21:10:26.035-0300] {processor.py:770} WARNING - No viable dags retrieved from /home/nicholasbaraldi/.pyenv/versions/3.10.4/envs/twitter-api-data-stack-venv/lib/python3.10/site-packages/airflow/example_dags/plugins/workday.py
[2022-09-26T21:10:26.051-0300] {processor.py:178} INFO - Processing /home/nicholasbaraldi/.pyenv/versions/3.10.4/envs/twitter-api-data-stack-venv/lib/python3.10/site-packages/airflow/example_dags/plugins/workday.py took 0.028 seconds
[2022-09-26T21:11:10.427-0300] {processor.py:156} INFO - Started process (PID=12352) to work on /home/nicholasbaraldi/.pyenv/versions/3.10.4/envs/twitter-api-data-stack-venv/lib/python3.10/site-packages/airflow/example_dags/plugins/workday.py
[2022-09-26T21:11:10.428-0300] {processor.py:758} INFO - Processing file /home/nicholasbaraldi/.pyenv/versions/3.10.4/envs/twitter-api-data-stack-venv/lib/python3.10/site-packages/airflow/example_dags/plugins/workday.py for tasks to queue
[2022-09-26T21:11:10.428-0300] {logging_mixin.py:117} INFO - [2022-09-26T21:11:10.428-0300] {dagbag.py:525} INFO - Filling up the DagBag from /home/nicholasbaraldi/.pyenv/versions/3.10.4/envs/twitter-api-data-stack-venv/lib/python3.10/site-packages/airflow/example_dags/plugins/workday.py
[2022-09-26T21:11:10.430-0300] {processor.py:770} WARNING - No viable dags retrieved from /home/nicholasbaraldi/.pyenv/versions/3.10.4/envs/twitter-api-data-stack-venv/lib/python3.10/site-packages/airflow/example_dags/plugins/workday.py
[2022-09-26T21:11:10.436-0300] {processor.py:178} INFO - Processing /home/nicholasbaraldi/.pyenv/versions/3.10.4/envs/twitter-api-data-stack-venv/lib/python3.10/site-packages/airflow/example_dags/plugins/workday.py took 0.011 seconds
[2022-09-26T21:11:47.686-0300] {processor.py:156} INFO - Started process (PID=12447) to work on /home/nicholasbaraldi/.pyenv/versions/3.10.4/envs/twitter-api-data-stack-venv/lib/python3.10/site-packages/airflow/example_dags/plugins/workday.py
[2022-09-26T21:11:47.687-0300] {processor.py:758} INFO - Processing file /home/nicholasbaraldi/.pyenv/versions/3.10.4/envs/twitter-api-data-stack-venv/lib/python3.10/site-packages/airflow/example_dags/plugins/workday.py for tasks to queue
[2022-09-26T21:11:47.687-0300] {logging_mixin.py:117} INFO - [2022-09-26T21:11:47.687-0300] {dagbag.py:525} INFO - Filling up the DagBag from /home/nicholasbaraldi/.pyenv/versions/3.10.4/envs/twitter-api-data-stack-venv/lib/python3.10/site-packages/airflow/example_dags/plugins/workday.py
[2022-09-26T21:11:47.688-0300] {processor.py:770} WARNING - No viable dags retrieved from /home/nicholasbaraldi/.pyenv/versions/3.10.4/envs/twitter-api-data-stack-venv/lib/python3.10/site-packages/airflow/example_dags/plugins/workday.py
[2022-09-26T21:11:47.695-0300] {processor.py:178} INFO - Processing /home/nicholasbaraldi/.pyenv/versions/3.10.4/envs/twitter-api-data-stack-venv/lib/python3.10/site-packages/airflow/example_dags/plugins/workday.py took 0.011 seconds
[2022-09-26T21:12:21.458-0300] {processor.py:156} INFO - Started process (PID=12483) to work on /home/nicholasbaraldi/.pyenv/versions/3.10.4/envs/twitter-api-data-stack-venv/lib/python3.10/site-packages/airflow/example_dags/plugins/workday.py
[2022-09-26T21:12:21.459-0300] {processor.py:758} INFO - Processing file /home/nicholasbaraldi/.pyenv/versions/3.10.4/envs/twitter-api-data-stack-venv/lib/python3.10/site-packages/airflow/example_dags/plugins/workday.py for tasks to queue
[2022-09-26T21:12:21.459-0300] {logging_mixin.py:117} INFO - [2022-09-26T21:12:21.459-0300] {dagbag.py:525} INFO - Filling up the DagBag from /home/nicholasbaraldi/.pyenv/versions/3.10.4/envs/twitter-api-data-stack-venv/lib/python3.10/site-packages/airflow/example_dags/plugins/workday.py
[2022-09-26T21:12:21.460-0300] {processor.py:770} WARNING - No viable dags retrieved from /home/nicholasbaraldi/.pyenv/versions/3.10.4/envs/twitter-api-data-stack-venv/lib/python3.10/site-packages/airflow/example_dags/plugins/workday.py
[2022-09-26T21:12:21.468-0300] {processor.py:178} INFO - Processing /home/nicholasbaraldi/.pyenv/versions/3.10.4/envs/twitter-api-data-stack-venv/lib/python3.10/site-packages/airflow/example_dags/plugins/workday.py took 0.012 seconds
[2022-09-26T21:12:55.826-0300] {processor.py:156} INFO - Started process (PID=12519) to work on /home/nicholasbaraldi/.pyenv/versions/3.10.4/envs/twitter-api-data-stack-venv/lib/python3.10/site-packages/airflow/example_dags/plugins/workday.py
[2022-09-26T21:12:55.826-0300] {processor.py:758} INFO - Processing file /home/nicholasbaraldi/.pyenv/versions/3.10.4/envs/twitter-api-data-stack-venv/lib/python3.10/site-packages/airflow/example_dags/plugins/workday.py for tasks to queue
[2022-09-26T21:12:55.827-0300] {logging_mixin.py:117} INFO - [2022-09-26T21:12:55.827-0300] {dagbag.py:525} INFO - Filling up the DagBag from /home/nicholasbaraldi/.pyenv/versions/3.10.4/envs/twitter-api-data-stack-venv/lib/python3.10/site-packages/airflow/example_dags/plugins/workday.py
[2022-09-26T21:12:55.828-0300] {processor.py:770} WARNING - No viable dags retrieved from /home/nicholasbaraldi/.pyenv/versions/3.10.4/envs/twitter-api-data-stack-venv/lib/python3.10/site-packages/airflow/example_dags/plugins/workday.py
[2022-09-26T21:12:55.835-0300] {processor.py:178} INFO - Processing /home/nicholasbaraldi/.pyenv/versions/3.10.4/envs/twitter-api-data-stack-venv/lib/python3.10/site-packages/airflow/example_dags/plugins/workday.py took 0.011 seconds
[2022-09-26T21:13:30.766-0300] {processor.py:156} INFO - Started process (PID=12554) to work on /home/nicholasbaraldi/.pyenv/versions/3.10.4/envs/twitter-api-data-stack-venv/lib/python3.10/site-packages/airflow/example_dags/plugins/workday.py
[2022-09-26T21:13:30.767-0300] {processor.py:758} INFO - Processing file /home/nicholasbaraldi/.pyenv/versions/3.10.4/envs/twitter-api-data-stack-venv/lib/python3.10/site-packages/airflow/example_dags/plugins/workday.py for tasks to queue
[2022-09-26T21:13:30.768-0300] {logging_mixin.py:117} INFO - [2022-09-26T21:13:30.767-0300] {dagbag.py:525} INFO - Filling up the DagBag from /home/nicholasbaraldi/.pyenv/versions/3.10.4/envs/twitter-api-data-stack-venv/lib/python3.10/site-packages/airflow/example_dags/plugins/workday.py
[2022-09-26T21:13:30.769-0300] {processor.py:770} WARNING - No viable dags retrieved from /home/nicholasbaraldi/.pyenv/versions/3.10.4/envs/twitter-api-data-stack-venv/lib/python3.10/site-packages/airflow/example_dags/plugins/workday.py
[2022-09-26T21:13:30.775-0300] {processor.py:178} INFO - Processing /home/nicholasbaraldi/.pyenv/versions/3.10.4/envs/twitter-api-data-stack-venv/lib/python3.10/site-packages/airflow/example_dags/plugins/workday.py took 0.011 seconds
[2022-09-26T21:14:07.997-0300] {processor.py:156} INFO - Started process (PID=12593) to work on /home/nicholasbaraldi/.pyenv/versions/3.10.4/envs/twitter-api-data-stack-venv/lib/python3.10/site-packages/airflow/example_dags/plugins/workday.py
[2022-09-26T21:14:07.999-0300] {processor.py:758} INFO - Processing file /home/nicholasbaraldi/.pyenv/versions/3.10.4/envs/twitter-api-data-stack-venv/lib/python3.10/site-packages/airflow/example_dags/plugins/workday.py for tasks to queue
[2022-09-26T21:14:07.999-0300] {logging_mixin.py:117} INFO - [2022-09-26T21:14:07.999-0300] {dagbag.py:525} INFO - Filling up the DagBag from /home/nicholasbaraldi/.pyenv/versions/3.10.4/envs/twitter-api-data-stack-venv/lib/python3.10/site-packages/airflow/example_dags/plugins/workday.py
[2022-09-26T21:14:08.000-0300] {processor.py:770} WARNING - No viable dags retrieved from /home/nicholasbaraldi/.pyenv/versions/3.10.4/envs/twitter-api-data-stack-venv/lib/python3.10/site-packages/airflow/example_dags/plugins/workday.py
[2022-09-26T21:14:08.007-0300] {processor.py:178} INFO - Processing /home/nicholasbaraldi/.pyenv/versions/3.10.4/envs/twitter-api-data-stack-venv/lib/python3.10/site-packages/airflow/example_dags/plugins/workday.py took 0.013 seconds
[2022-09-26T21:14:46.698-0300] {processor.py:156} INFO - Started process (PID=12631) to work on /home/nicholasbaraldi/.pyenv/versions/3.10.4/envs/twitter-api-data-stack-venv/lib/python3.10/site-packages/airflow/example_dags/plugins/workday.py
[2022-09-26T21:14:46.699-0300] {processor.py:758} INFO - Processing file /home/nicholasbaraldi/.pyenv/versions/3.10.4/envs/twitter-api-data-stack-venv/lib/python3.10/site-packages/airflow/example_dags/plugins/workday.py for tasks to queue
[2022-09-26T21:14:46.699-0300] {logging_mixin.py:117} INFO - [2022-09-26T21:14:46.699-0300] {dagbag.py:525} INFO - Filling up the DagBag from /home/nicholasbaraldi/.pyenv/versions/3.10.4/envs/twitter-api-data-stack-venv/lib/python3.10/site-packages/airflow/example_dags/plugins/workday.py
[2022-09-26T21:14:46.700-0300] {processor.py:770} WARNING - No viable dags retrieved from /home/nicholasbaraldi/.pyenv/versions/3.10.4/envs/twitter-api-data-stack-venv/lib/python3.10/site-packages/airflow/example_dags/plugins/workday.py
[2022-09-26T21:14:46.707-0300] {processor.py:178} INFO - Processing /home/nicholasbaraldi/.pyenv/versions/3.10.4/envs/twitter-api-data-stack-venv/lib/python3.10/site-packages/airflow/example_dags/plugins/workday.py took 0.011 seconds
[2022-09-26T21:15:25.894-0300] {processor.py:156} INFO - Started process (PID=12671) to work on /home/nicholasbaraldi/.pyenv/versions/3.10.4/envs/twitter-api-data-stack-venv/lib/python3.10/site-packages/airflow/example_dags/plugins/workday.py
[2022-09-26T21:15:25.895-0300] {processor.py:758} INFO - Processing file /home/nicholasbaraldi/.pyenv/versions/3.10.4/envs/twitter-api-data-stack-venv/lib/python3.10/site-packages/airflow/example_dags/plugins/workday.py for tasks to queue
[2022-09-26T21:15:25.895-0300] {logging_mixin.py:117} INFO - [2022-09-26T21:15:25.895-0300] {dagbag.py:525} INFO - Filling up the DagBag from /home/nicholasbaraldi/.pyenv/versions/3.10.4/envs/twitter-api-data-stack-venv/lib/python3.10/site-packages/airflow/example_dags/plugins/workday.py
[2022-09-26T21:15:25.897-0300] {processor.py:770} WARNING - No viable dags retrieved from /home/nicholasbaraldi/.pyenv/versions/3.10.4/envs/twitter-api-data-stack-venv/lib/python3.10/site-packages/airflow/example_dags/plugins/workday.py
[2022-09-26T21:15:25.903-0300] {processor.py:178} INFO - Processing /home/nicholasbaraldi/.pyenv/versions/3.10.4/envs/twitter-api-data-stack-venv/lib/python3.10/site-packages/airflow/example_dags/plugins/workday.py took 0.011 seconds
[2022-09-26T21:16:04.269-0300] {processor.py:156} INFO - Started process (PID=12710) to work on /home/nicholasbaraldi/.pyenv/versions/3.10.4/envs/twitter-api-data-stack-venv/lib/python3.10/site-packages/airflow/example_dags/plugins/workday.py
[2022-09-26T21:16:04.270-0300] {processor.py:758} INFO - Processing file /home/nicholasbaraldi/.pyenv/versions/3.10.4/envs/twitter-api-data-stack-venv/lib/python3.10/site-packages/airflow/example_dags/plugins/workday.py for tasks to queue
[2022-09-26T21:16:04.271-0300] {logging_mixin.py:117} INFO - [2022-09-26T21:16:04.271-0300] {dagbag.py:525} INFO - Filling up the DagBag from /home/nicholasbaraldi/.pyenv/versions/3.10.4/envs/twitter-api-data-stack-venv/lib/python3.10/site-packages/airflow/example_dags/plugins/workday.py
[2022-09-26T21:16:04.272-0300] {processor.py:770} WARNING - No viable dags retrieved from /home/nicholasbaraldi/.pyenv/versions/3.10.4/envs/twitter-api-data-stack-venv/lib/python3.10/site-packages/airflow/example_dags/plugins/workday.py
[2022-09-26T21:16:04.278-0300] {processor.py:178} INFO - Processing /home/nicholasbaraldi/.pyenv/versions/3.10.4/envs/twitter-api-data-stack-venv/lib/python3.10/site-packages/airflow/example_dags/plugins/workday.py took 0.012 seconds
[2022-09-26T21:16:39.000-0300] {processor.py:156} INFO - Started process (PID=12799) to work on /home/nicholasbaraldi/.pyenv/versions/3.10.4/envs/twitter-api-data-stack-venv/lib/python3.10/site-packages/airflow/example_dags/plugins/workday.py
[2022-09-26T21:16:39.001-0300] {processor.py:758} INFO - Processing file /home/nicholasbaraldi/.pyenv/versions/3.10.4/envs/twitter-api-data-stack-venv/lib/python3.10/site-packages/airflow/example_dags/plugins/workday.py for tasks to queue
[2022-09-26T21:16:39.002-0300] {logging_mixin.py:117} INFO - [2022-09-26T21:16:39.002-0300] {dagbag.py:525} INFO - Filling up the DagBag from /home/nicholasbaraldi/.pyenv/versions/3.10.4/envs/twitter-api-data-stack-venv/lib/python3.10/site-packages/airflow/example_dags/plugins/workday.py
[2022-09-26T21:16:39.003-0300] {processor.py:770} WARNING - No viable dags retrieved from /home/nicholasbaraldi/.pyenv/versions/3.10.4/envs/twitter-api-data-stack-venv/lib/python3.10/site-packages/airflow/example_dags/plugins/workday.py
[2022-09-26T21:16:39.010-0300] {processor.py:178} INFO - Processing /home/nicholasbaraldi/.pyenv/versions/3.10.4/envs/twitter-api-data-stack-venv/lib/python3.10/site-packages/airflow/example_dags/plugins/workday.py took 0.011 seconds
[2022-09-26T21:17:14.929-0300] {processor.py:156} INFO - Started process (PID=12914) to work on /home/nicholasbaraldi/.pyenv/versions/3.10.4/envs/twitter-api-data-stack-venv/lib/python3.10/site-packages/airflow/example_dags/plugins/workday.py
[2022-09-26T21:17:14.935-0300] {processor.py:758} INFO - Processing file /home/nicholasbaraldi/.pyenv/versions/3.10.4/envs/twitter-api-data-stack-venv/lib/python3.10/site-packages/airflow/example_dags/plugins/workday.py for tasks to queue
[2022-09-26T21:17:14.936-0300] {logging_mixin.py:117} INFO - [2022-09-26T21:17:14.936-0300] {dagbag.py:525} INFO - Filling up the DagBag from /home/nicholasbaraldi/.pyenv/versions/3.10.4/envs/twitter-api-data-stack-venv/lib/python3.10/site-packages/airflow/example_dags/plugins/workday.py
[2022-09-26T21:17:14.938-0300] {processor.py:770} WARNING - No viable dags retrieved from /home/nicholasbaraldi/.pyenv/versions/3.10.4/envs/twitter-api-data-stack-venv/lib/python3.10/site-packages/airflow/example_dags/plugins/workday.py
[2022-09-26T21:17:14.944-0300] {processor.py:178} INFO - Processing /home/nicholasbaraldi/.pyenv/versions/3.10.4/envs/twitter-api-data-stack-venv/lib/python3.10/site-packages/airflow/example_dags/plugins/workday.py took 0.016 seconds
[2022-09-26T21:17:52.655-0300] {processor.py:156} INFO - Started process (PID=12975) to work on /home/nicholasbaraldi/.pyenv/versions/3.10.4/envs/twitter-api-data-stack-venv/lib/python3.10/site-packages/airflow/example_dags/plugins/workday.py
[2022-09-26T21:17:52.656-0300] {processor.py:758} INFO - Processing file /home/nicholasbaraldi/.pyenv/versions/3.10.4/envs/twitter-api-data-stack-venv/lib/python3.10/site-packages/airflow/example_dags/plugins/workday.py for tasks to queue
[2022-09-26T21:17:52.657-0300] {logging_mixin.py:117} INFO - [2022-09-26T21:17:52.656-0300] {dagbag.py:525} INFO - Filling up the DagBag from /home/nicholasbaraldi/.pyenv/versions/3.10.4/envs/twitter-api-data-stack-venv/lib/python3.10/site-packages/airflow/example_dags/plugins/workday.py
[2022-09-26T21:17:52.658-0300] {processor.py:770} WARNING - No viable dags retrieved from /home/nicholasbaraldi/.pyenv/versions/3.10.4/envs/twitter-api-data-stack-venv/lib/python3.10/site-packages/airflow/example_dags/plugins/workday.py
[2022-09-26T21:17:52.665-0300] {processor.py:178} INFO - Processing /home/nicholasbaraldi/.pyenv/versions/3.10.4/envs/twitter-api-data-stack-venv/lib/python3.10/site-packages/airflow/example_dags/plugins/workday.py took 0.012 seconds
[2022-09-26T21:18:29.727-0300] {processor.py:156} INFO - Started process (PID=13011) to work on /home/nicholasbaraldi/.pyenv/versions/3.10.4/envs/twitter-api-data-stack-venv/lib/python3.10/site-packages/airflow/example_dags/plugins/workday.py
[2022-09-26T21:18:29.728-0300] {processor.py:758} INFO - Processing file /home/nicholasbaraldi/.pyenv/versions/3.10.4/envs/twitter-api-data-stack-venv/lib/python3.10/site-packages/airflow/example_dags/plugins/workday.py for tasks to queue
[2022-09-26T21:18:29.729-0300] {logging_mixin.py:117} INFO - [2022-09-26T21:18:29.729-0300] {dagbag.py:525} INFO - Filling up the DagBag from /home/nicholasbaraldi/.pyenv/versions/3.10.4/envs/twitter-api-data-stack-venv/lib/python3.10/site-packages/airflow/example_dags/plugins/workday.py
[2022-09-26T21:18:29.730-0300] {processor.py:770} WARNING - No viable dags retrieved from /home/nicholasbaraldi/.pyenv/versions/3.10.4/envs/twitter-api-data-stack-venv/lib/python3.10/site-packages/airflow/example_dags/plugins/workday.py
[2022-09-26T21:18:29.736-0300] {processor.py:178} INFO - Processing /home/nicholasbaraldi/.pyenv/versions/3.10.4/envs/twitter-api-data-stack-venv/lib/python3.10/site-packages/airflow/example_dags/plugins/workday.py took 0.011 seconds
[2022-09-26T21:19:06.853-0300] {processor.py:156} INFO - Started process (PID=13050) to work on /home/nicholasbaraldi/.pyenv/versions/3.10.4/envs/twitter-api-data-stack-venv/lib/python3.10/site-packages/airflow/example_dags/plugins/workday.py
[2022-09-26T21:19:06.854-0300] {processor.py:758} INFO - Processing file /home/nicholasbaraldi/.pyenv/versions/3.10.4/envs/twitter-api-data-stack-venv/lib/python3.10/site-packages/airflow/example_dags/plugins/workday.py for tasks to queue
[2022-09-26T21:19:06.854-0300] {logging_mixin.py:117} INFO - [2022-09-26T21:19:06.854-0300] {dagbag.py:525} INFO - Filling up the DagBag from /home/nicholasbaraldi/.pyenv/versions/3.10.4/envs/twitter-api-data-stack-venv/lib/python3.10/site-packages/airflow/example_dags/plugins/workday.py
[2022-09-26T21:19:06.856-0300] {processor.py:770} WARNING - No viable dags retrieved from /home/nicholasbaraldi/.pyenv/versions/3.10.4/envs/twitter-api-data-stack-venv/lib/python3.10/site-packages/airflow/example_dags/plugins/workday.py
[2022-09-26T21:19:06.863-0300] {processor.py:178} INFO - Processing /home/nicholasbaraldi/.pyenv/versions/3.10.4/envs/twitter-api-data-stack-venv/lib/python3.10/site-packages/airflow/example_dags/plugins/workday.py took 0.012 seconds
[2022-09-26T21:19:43.156-0300] {processor.py:156} INFO - Started process (PID=13088) to work on /home/nicholasbaraldi/.pyenv/versions/3.10.4/envs/twitter-api-data-stack-venv/lib/python3.10/site-packages/airflow/example_dags/plugins/workday.py
[2022-09-26T21:19:43.157-0300] {processor.py:758} INFO - Processing file /home/nicholasbaraldi/.pyenv/versions/3.10.4/envs/twitter-api-data-stack-venv/lib/python3.10/site-packages/airflow/example_dags/plugins/workday.py for tasks to queue
[2022-09-26T21:19:43.157-0300] {logging_mixin.py:117} INFO - [2022-09-26T21:19:43.157-0300] {dagbag.py:525} INFO - Filling up the DagBag from /home/nicholasbaraldi/.pyenv/versions/3.10.4/envs/twitter-api-data-stack-venv/lib/python3.10/site-packages/airflow/example_dags/plugins/workday.py
[2022-09-26T21:19:43.159-0300] {processor.py:770} WARNING - No viable dags retrieved from /home/nicholasbaraldi/.pyenv/versions/3.10.4/envs/twitter-api-data-stack-venv/lib/python3.10/site-packages/airflow/example_dags/plugins/workday.py
[2022-09-26T21:19:43.165-0300] {processor.py:178} INFO - Processing /home/nicholasbaraldi/.pyenv/versions/3.10.4/envs/twitter-api-data-stack-venv/lib/python3.10/site-packages/airflow/example_dags/plugins/workday.py took 0.012 seconds
[2022-09-26T21:20:18.910-0300] {processor.py:156} INFO - Started process (PID=13126) to work on /home/nicholasbaraldi/.pyenv/versions/3.10.4/envs/twitter-api-data-stack-venv/lib/python3.10/site-packages/airflow/example_dags/plugins/workday.py
[2022-09-26T21:20:18.911-0300] {processor.py:758} INFO - Processing file /home/nicholasbaraldi/.pyenv/versions/3.10.4/envs/twitter-api-data-stack-venv/lib/python3.10/site-packages/airflow/example_dags/plugins/workday.py for tasks to queue
[2022-09-26T21:20:18.912-0300] {logging_mixin.py:117} INFO - [2022-09-26T21:20:18.911-0300] {dagbag.py:525} INFO - Filling up the DagBag from /home/nicholasbaraldi/.pyenv/versions/3.10.4/envs/twitter-api-data-stack-venv/lib/python3.10/site-packages/airflow/example_dags/plugins/workday.py
[2022-09-26T21:20:18.913-0300] {processor.py:770} WARNING - No viable dags retrieved from /home/nicholasbaraldi/.pyenv/versions/3.10.4/envs/twitter-api-data-stack-venv/lib/python3.10/site-packages/airflow/example_dags/plugins/workday.py
[2022-09-26T21:20:18.920-0300] {processor.py:178} INFO - Processing /home/nicholasbaraldi/.pyenv/versions/3.10.4/envs/twitter-api-data-stack-venv/lib/python3.10/site-packages/airflow/example_dags/plugins/workday.py took 0.011 seconds
[2022-09-26T21:20:56.565-0300] {processor.py:156} INFO - Started process (PID=13187) to work on /home/nicholasbaraldi/.pyenv/versions/3.10.4/envs/twitter-api-data-stack-venv/lib/python3.10/site-packages/airflow/example_dags/plugins/workday.py
[2022-09-26T21:20:56.566-0300] {processor.py:758} INFO - Processing file /home/nicholasbaraldi/.pyenv/versions/3.10.4/envs/twitter-api-data-stack-venv/lib/python3.10/site-packages/airflow/example_dags/plugins/workday.py for tasks to queue
[2022-09-26T21:20:56.566-0300] {logging_mixin.py:117} INFO - [2022-09-26T21:20:56.566-0300] {dagbag.py:525} INFO - Filling up the DagBag from /home/nicholasbaraldi/.pyenv/versions/3.10.4/envs/twitter-api-data-stack-venv/lib/python3.10/site-packages/airflow/example_dags/plugins/workday.py
[2022-09-26T21:20:56.567-0300] {processor.py:770} WARNING - No viable dags retrieved from /home/nicholasbaraldi/.pyenv/versions/3.10.4/envs/twitter-api-data-stack-venv/lib/python3.10/site-packages/airflow/example_dags/plugins/workday.py
[2022-09-26T21:20:56.574-0300] {processor.py:178} INFO - Processing /home/nicholasbaraldi/.pyenv/versions/3.10.4/envs/twitter-api-data-stack-venv/lib/python3.10/site-packages/airflow/example_dags/plugins/workday.py took 0.011 seconds
[2022-09-26T21:21:30.049-0300] {processor.py:156} INFO - Started process (PID=13348) to work on /home/nicholasbaraldi/.pyenv/versions/3.10.4/envs/twitter-api-data-stack-venv/lib/python3.10/site-packages/airflow/example_dags/plugins/workday.py
[2022-09-26T21:21:30.050-0300] {processor.py:758} INFO - Processing file /home/nicholasbaraldi/.pyenv/versions/3.10.4/envs/twitter-api-data-stack-venv/lib/python3.10/site-packages/airflow/example_dags/plugins/workday.py for tasks to queue
[2022-09-26T21:21:30.051-0300] {logging_mixin.py:117} INFO - [2022-09-26T21:21:30.050-0300] {dagbag.py:525} INFO - Filling up the DagBag from /home/nicholasbaraldi/.pyenv/versions/3.10.4/envs/twitter-api-data-stack-venv/lib/python3.10/site-packages/airflow/example_dags/plugins/workday.py
[2022-09-26T21:21:30.052-0300] {processor.py:770} WARNING - No viable dags retrieved from /home/nicholasbaraldi/.pyenv/versions/3.10.4/envs/twitter-api-data-stack-venv/lib/python3.10/site-packages/airflow/example_dags/plugins/workday.py
[2022-09-26T21:21:30.059-0300] {processor.py:178} INFO - Processing /home/nicholasbaraldi/.pyenv/versions/3.10.4/envs/twitter-api-data-stack-venv/lib/python3.10/site-packages/airflow/example_dags/plugins/workday.py took 0.012 seconds
[2022-09-26T21:22:08.914-0300] {processor.py:156} INFO - Started process (PID=13583) to work on /home/nicholasbaraldi/.pyenv/versions/3.10.4/envs/twitter-api-data-stack-venv/lib/python3.10/site-packages/airflow/example_dags/plugins/workday.py
[2022-09-26T21:22:08.915-0300] {processor.py:758} INFO - Processing file /home/nicholasbaraldi/.pyenv/versions/3.10.4/envs/twitter-api-data-stack-venv/lib/python3.10/site-packages/airflow/example_dags/plugins/workday.py for tasks to queue
[2022-09-26T21:22:08.915-0300] {logging_mixin.py:117} INFO - [2022-09-26T21:22:08.915-0300] {dagbag.py:525} INFO - Filling up the DagBag from /home/nicholasbaraldi/.pyenv/versions/3.10.4/envs/twitter-api-data-stack-venv/lib/python3.10/site-packages/airflow/example_dags/plugins/workday.py
[2022-09-26T21:22:08.917-0300] {processor.py:770} WARNING - No viable dags retrieved from /home/nicholasbaraldi/.pyenv/versions/3.10.4/envs/twitter-api-data-stack-venv/lib/python3.10/site-packages/airflow/example_dags/plugins/workday.py
[2022-09-26T21:22:08.923-0300] {processor.py:178} INFO - Processing /home/nicholasbaraldi/.pyenv/versions/3.10.4/envs/twitter-api-data-stack-venv/lib/python3.10/site-packages/airflow/example_dags/plugins/workday.py took 0.012 seconds
[2022-09-26T21:22:48.324-0300] {processor.py:156} INFO - Started process (PID=13645) to work on /home/nicholasbaraldi/.pyenv/versions/3.10.4/envs/twitter-api-data-stack-venv/lib/python3.10/site-packages/airflow/example_dags/plugins/workday.py
[2022-09-26T21:22:48.325-0300] {processor.py:758} INFO - Processing file /home/nicholasbaraldi/.pyenv/versions/3.10.4/envs/twitter-api-data-stack-venv/lib/python3.10/site-packages/airflow/example_dags/plugins/workday.py for tasks to queue
[2022-09-26T21:22:48.326-0300] {logging_mixin.py:117} INFO - [2022-09-26T21:22:48.326-0300] {dagbag.py:525} INFO - Filling up the DagBag from /home/nicholasbaraldi/.pyenv/versions/3.10.4/envs/twitter-api-data-stack-venv/lib/python3.10/site-packages/airflow/example_dags/plugins/workday.py
[2022-09-26T21:22:48.327-0300] {processor.py:770} WARNING - No viable dags retrieved from /home/nicholasbaraldi/.pyenv/versions/3.10.4/envs/twitter-api-data-stack-venv/lib/python3.10/site-packages/airflow/example_dags/plugins/workday.py
[2022-09-26T21:22:48.333-0300] {processor.py:178} INFO - Processing /home/nicholasbaraldi/.pyenv/versions/3.10.4/envs/twitter-api-data-stack-venv/lib/python3.10/site-packages/airflow/example_dags/plugins/workday.py took 0.011 seconds
[2022-09-26T21:23:25.851-0300] {processor.py:156} INFO - Started process (PID=14403) to work on /home/nicholasbaraldi/.pyenv/versions/3.10.4/envs/twitter-api-data-stack-venv/lib/python3.10/site-packages/airflow/example_dags/plugins/workday.py
[2022-09-26T21:23:25.852-0300] {processor.py:758} INFO - Processing file /home/nicholasbaraldi/.pyenv/versions/3.10.4/envs/twitter-api-data-stack-venv/lib/python3.10/site-packages/airflow/example_dags/plugins/workday.py for tasks to queue
[2022-09-26T21:23:25.853-0300] {logging_mixin.py:117} INFO - [2022-09-26T21:23:25.852-0300] {dagbag.py:525} INFO - Filling up the DagBag from /home/nicholasbaraldi/.pyenv/versions/3.10.4/envs/twitter-api-data-stack-venv/lib/python3.10/site-packages/airflow/example_dags/plugins/workday.py
[2022-09-26T21:23:25.854-0300] {processor.py:770} WARNING - No viable dags retrieved from /home/nicholasbaraldi/.pyenv/versions/3.10.4/envs/twitter-api-data-stack-venv/lib/python3.10/site-packages/airflow/example_dags/plugins/workday.py
[2022-09-26T21:23:25.861-0300] {processor.py:178} INFO - Processing /home/nicholasbaraldi/.pyenv/versions/3.10.4/envs/twitter-api-data-stack-venv/lib/python3.10/site-packages/airflow/example_dags/plugins/workday.py took 0.013 seconds
[2022-09-26T21:24:02.309-0300] {processor.py:156} INFO - Started process (PID=14439) to work on /home/nicholasbaraldi/.pyenv/versions/3.10.4/envs/twitter-api-data-stack-venv/lib/python3.10/site-packages/airflow/example_dags/plugins/workday.py
[2022-09-26T21:24:02.309-0300] {processor.py:758} INFO - Processing file /home/nicholasbaraldi/.pyenv/versions/3.10.4/envs/twitter-api-data-stack-venv/lib/python3.10/site-packages/airflow/example_dags/plugins/workday.py for tasks to queue
[2022-09-26T21:24:02.310-0300] {logging_mixin.py:117} INFO - [2022-09-26T21:24:02.310-0300] {dagbag.py:525} INFO - Filling up the DagBag from /home/nicholasbaraldi/.pyenv/versions/3.10.4/envs/twitter-api-data-stack-venv/lib/python3.10/site-packages/airflow/example_dags/plugins/workday.py
[2022-09-26T21:24:02.311-0300] {processor.py:770} WARNING - No viable dags retrieved from /home/nicholasbaraldi/.pyenv/versions/3.10.4/envs/twitter-api-data-stack-venv/lib/python3.10/site-packages/airflow/example_dags/plugins/workday.py
[2022-09-26T21:24:02.318-0300] {processor.py:178} INFO - Processing /home/nicholasbaraldi/.pyenv/versions/3.10.4/envs/twitter-api-data-stack-venv/lib/python3.10/site-packages/airflow/example_dags/plugins/workday.py took 0.011 seconds
[2022-09-26T21:24:37.812-0300] {processor.py:156} INFO - Started process (PID=14475) to work on /home/nicholasbaraldi/.pyenv/versions/3.10.4/envs/twitter-api-data-stack-venv/lib/python3.10/site-packages/airflow/example_dags/plugins/workday.py
[2022-09-26T21:24:37.814-0300] {processor.py:758} INFO - Processing file /home/nicholasbaraldi/.pyenv/versions/3.10.4/envs/twitter-api-data-stack-venv/lib/python3.10/site-packages/airflow/example_dags/plugins/workday.py for tasks to queue
[2022-09-26T21:24:37.814-0300] {logging_mixin.py:117} INFO - [2022-09-26T21:24:37.814-0300] {dagbag.py:525} INFO - Filling up the DagBag from /home/nicholasbaraldi/.pyenv/versions/3.10.4/envs/twitter-api-data-stack-venv/lib/python3.10/site-packages/airflow/example_dags/plugins/workday.py
[2022-09-26T21:24:37.815-0300] {processor.py:770} WARNING - No viable dags retrieved from /home/nicholasbaraldi/.pyenv/versions/3.10.4/envs/twitter-api-data-stack-venv/lib/python3.10/site-packages/airflow/example_dags/plugins/workday.py
[2022-09-26T21:24:37.822-0300] {processor.py:178} INFO - Processing /home/nicholasbaraldi/.pyenv/versions/3.10.4/envs/twitter-api-data-stack-venv/lib/python3.10/site-packages/airflow/example_dags/plugins/workday.py took 0.011 seconds
[2022-09-26T21:25:15.556-0300] {processor.py:156} INFO - Started process (PID=14513) to work on /home/nicholasbaraldi/.pyenv/versions/3.10.4/envs/twitter-api-data-stack-venv/lib/python3.10/site-packages/airflow/example_dags/plugins/workday.py
[2022-09-26T21:25:15.557-0300] {processor.py:758} INFO - Processing file /home/nicholasbaraldi/.pyenv/versions/3.10.4/envs/twitter-api-data-stack-venv/lib/python3.10/site-packages/airflow/example_dags/plugins/workday.py for tasks to queue
[2022-09-26T21:25:15.558-0300] {logging_mixin.py:117} INFO - [2022-09-26T21:25:15.558-0300] {dagbag.py:525} INFO - Filling up the DagBag from /home/nicholasbaraldi/.pyenv/versions/3.10.4/envs/twitter-api-data-stack-venv/lib/python3.10/site-packages/airflow/example_dags/plugins/workday.py
[2022-09-26T21:25:15.559-0300] {processor.py:770} WARNING - No viable dags retrieved from /home/nicholasbaraldi/.pyenv/versions/3.10.4/envs/twitter-api-data-stack-venv/lib/python3.10/site-packages/airflow/example_dags/plugins/workday.py
[2022-09-26T21:25:15.565-0300] {processor.py:178} INFO - Processing /home/nicholasbaraldi/.pyenv/versions/3.10.4/envs/twitter-api-data-stack-venv/lib/python3.10/site-packages/airflow/example_dags/plugins/workday.py took 0.011 seconds
[2022-09-26T21:25:57.216-0300] {processor.py:156} INFO - Started process (PID=14579) to work on /home/nicholasbaraldi/.pyenv/versions/3.10.4/envs/twitter-api-data-stack-venv/lib/python3.10/site-packages/airflow/example_dags/plugins/workday.py
[2022-09-26T21:25:57.217-0300] {processor.py:758} INFO - Processing file /home/nicholasbaraldi/.pyenv/versions/3.10.4/envs/twitter-api-data-stack-venv/lib/python3.10/site-packages/airflow/example_dags/plugins/workday.py for tasks to queue
[2022-09-26T21:25:57.218-0300] {logging_mixin.py:117} INFO - [2022-09-26T21:25:57.218-0300] {dagbag.py:525} INFO - Filling up the DagBag from /home/nicholasbaraldi/.pyenv/versions/3.10.4/envs/twitter-api-data-stack-venv/lib/python3.10/site-packages/airflow/example_dags/plugins/workday.py
[2022-09-26T21:25:57.219-0300] {processor.py:770} WARNING - No viable dags retrieved from /home/nicholasbaraldi/.pyenv/versions/3.10.4/envs/twitter-api-data-stack-venv/lib/python3.10/site-packages/airflow/example_dags/plugins/workday.py
[2022-09-26T21:25:57.226-0300] {processor.py:178} INFO - Processing /home/nicholasbaraldi/.pyenv/versions/3.10.4/envs/twitter-api-data-stack-venv/lib/python3.10/site-packages/airflow/example_dags/plugins/workday.py took 0.012 seconds
[2022-09-26T21:26:35.528-0300] {processor.py:156} INFO - Started process (PID=14756) to work on /home/nicholasbaraldi/.pyenv/versions/3.10.4/envs/twitter-api-data-stack-venv/lib/python3.10/site-packages/airflow/example_dags/plugins/workday.py
[2022-09-26T21:26:35.529-0300] {processor.py:758} INFO - Processing file /home/nicholasbaraldi/.pyenv/versions/3.10.4/envs/twitter-api-data-stack-venv/lib/python3.10/site-packages/airflow/example_dags/plugins/workday.py for tasks to queue
[2022-09-26T21:26:35.530-0300] {logging_mixin.py:117} INFO - [2022-09-26T21:26:35.530-0300] {dagbag.py:525} INFO - Filling up the DagBag from /home/nicholasbaraldi/.pyenv/versions/3.10.4/envs/twitter-api-data-stack-venv/lib/python3.10/site-packages/airflow/example_dags/plugins/workday.py
[2022-09-26T21:26:35.532-0300] {processor.py:770} WARNING - No viable dags retrieved from /home/nicholasbaraldi/.pyenv/versions/3.10.4/envs/twitter-api-data-stack-venv/lib/python3.10/site-packages/airflow/example_dags/plugins/workday.py
[2022-09-26T21:26:35.542-0300] {processor.py:178} INFO - Processing /home/nicholasbaraldi/.pyenv/versions/3.10.4/envs/twitter-api-data-stack-venv/lib/python3.10/site-packages/airflow/example_dags/plugins/workday.py took 0.018 seconds
[2022-09-26T21:27:12.535-0300] {processor.py:156} INFO - Started process (PID=14848) to work on /home/nicholasbaraldi/.pyenv/versions/3.10.4/envs/twitter-api-data-stack-venv/lib/python3.10/site-packages/airflow/example_dags/plugins/workday.py
[2022-09-26T21:27:12.536-0300] {processor.py:758} INFO - Processing file /home/nicholasbaraldi/.pyenv/versions/3.10.4/envs/twitter-api-data-stack-venv/lib/python3.10/site-packages/airflow/example_dags/plugins/workday.py for tasks to queue
[2022-09-26T21:27:12.537-0300] {logging_mixin.py:117} INFO - [2022-09-26T21:27:12.537-0300] {dagbag.py:525} INFO - Filling up the DagBag from /home/nicholasbaraldi/.pyenv/versions/3.10.4/envs/twitter-api-data-stack-venv/lib/python3.10/site-packages/airflow/example_dags/plugins/workday.py
[2022-09-26T21:27:12.538-0300] {processor.py:770} WARNING - No viable dags retrieved from /home/nicholasbaraldi/.pyenv/versions/3.10.4/envs/twitter-api-data-stack-venv/lib/python3.10/site-packages/airflow/example_dags/plugins/workday.py
[2022-09-26T21:27:12.545-0300] {processor.py:178} INFO - Processing /home/nicholasbaraldi/.pyenv/versions/3.10.4/envs/twitter-api-data-stack-venv/lib/python3.10/site-packages/airflow/example_dags/plugins/workday.py took 0.011 seconds
[2022-09-26T21:27:52.476-0300] {processor.py:156} INFO - Started process (PID=14937) to work on /home/nicholasbaraldi/.pyenv/versions/3.10.4/envs/twitter-api-data-stack-venv/lib/python3.10/site-packages/airflow/example_dags/plugins/workday.py
[2022-09-26T21:27:52.477-0300] {processor.py:758} INFO - Processing file /home/nicholasbaraldi/.pyenv/versions/3.10.4/envs/twitter-api-data-stack-venv/lib/python3.10/site-packages/airflow/example_dags/plugins/workday.py for tasks to queue
[2022-09-26T21:27:52.477-0300] {logging_mixin.py:117} INFO - [2022-09-26T21:27:52.477-0300] {dagbag.py:525} INFO - Filling up the DagBag from /home/nicholasbaraldi/.pyenv/versions/3.10.4/envs/twitter-api-data-stack-venv/lib/python3.10/site-packages/airflow/example_dags/plugins/workday.py
[2022-09-26T21:27:52.478-0300] {processor.py:770} WARNING - No viable dags retrieved from /home/nicholasbaraldi/.pyenv/versions/3.10.4/envs/twitter-api-data-stack-venv/lib/python3.10/site-packages/airflow/example_dags/plugins/workday.py
[2022-09-26T21:27:52.485-0300] {processor.py:178} INFO - Processing /home/nicholasbaraldi/.pyenv/versions/3.10.4/envs/twitter-api-data-stack-venv/lib/python3.10/site-packages/airflow/example_dags/plugins/workday.py took 0.011 seconds
[2022-09-26T21:28:28.429-0300] {processor.py:156} INFO - Started process (PID=15147) to work on /home/nicholasbaraldi/.pyenv/versions/3.10.4/envs/twitter-api-data-stack-venv/lib/python3.10/site-packages/airflow/example_dags/plugins/workday.py
[2022-09-26T21:28:28.430-0300] {processor.py:758} INFO - Processing file /home/nicholasbaraldi/.pyenv/versions/3.10.4/envs/twitter-api-data-stack-venv/lib/python3.10/site-packages/airflow/example_dags/plugins/workday.py for tasks to queue
[2022-09-26T21:28:28.431-0300] {logging_mixin.py:117} INFO - [2022-09-26T21:28:28.431-0300] {dagbag.py:525} INFO - Filling up the DagBag from /home/nicholasbaraldi/.pyenv/versions/3.10.4/envs/twitter-api-data-stack-venv/lib/python3.10/site-packages/airflow/example_dags/plugins/workday.py
[2022-09-26T21:28:28.432-0300] {processor.py:770} WARNING - No viable dags retrieved from /home/nicholasbaraldi/.pyenv/versions/3.10.4/envs/twitter-api-data-stack-venv/lib/python3.10/site-packages/airflow/example_dags/plugins/workday.py
[2022-09-26T21:28:28.438-0300] {processor.py:178} INFO - Processing /home/nicholasbaraldi/.pyenv/versions/3.10.4/envs/twitter-api-data-stack-venv/lib/python3.10/site-packages/airflow/example_dags/plugins/workday.py took 0.010 seconds
[2022-09-26T21:29:06.263-0300] {processor.py:156} INFO - Started process (PID=15214) to work on /home/nicholasbaraldi/.pyenv/versions/3.10.4/envs/twitter-api-data-stack-venv/lib/python3.10/site-packages/airflow/example_dags/plugins/workday.py
[2022-09-26T21:29:06.264-0300] {processor.py:758} INFO - Processing file /home/nicholasbaraldi/.pyenv/versions/3.10.4/envs/twitter-api-data-stack-venv/lib/python3.10/site-packages/airflow/example_dags/plugins/workday.py for tasks to queue
[2022-09-26T21:29:06.264-0300] {logging_mixin.py:117} INFO - [2022-09-26T21:29:06.264-0300] {dagbag.py:525} INFO - Filling up the DagBag from /home/nicholasbaraldi/.pyenv/versions/3.10.4/envs/twitter-api-data-stack-venv/lib/python3.10/site-packages/airflow/example_dags/plugins/workday.py
[2022-09-26T21:29:06.266-0300] {processor.py:770} WARNING - No viable dags retrieved from /home/nicholasbaraldi/.pyenv/versions/3.10.4/envs/twitter-api-data-stack-venv/lib/python3.10/site-packages/airflow/example_dags/plugins/workday.py
[2022-09-26T21:29:06.273-0300] {processor.py:178} INFO - Processing /home/nicholasbaraldi/.pyenv/versions/3.10.4/envs/twitter-api-data-stack-venv/lib/python3.10/site-packages/airflow/example_dags/plugins/workday.py took 0.012 seconds
[2022-09-26T21:29:42.116-0300] {processor.py:156} INFO - Started process (PID=15340) to work on /home/nicholasbaraldi/.pyenv/versions/3.10.4/envs/twitter-api-data-stack-venv/lib/python3.10/site-packages/airflow/example_dags/plugins/workday.py
[2022-09-26T21:29:42.117-0300] {processor.py:758} INFO - Processing file /home/nicholasbaraldi/.pyenv/versions/3.10.4/envs/twitter-api-data-stack-venv/lib/python3.10/site-packages/airflow/example_dags/plugins/workday.py for tasks to queue
[2022-09-26T21:29:42.117-0300] {logging_mixin.py:117} INFO - [2022-09-26T21:29:42.117-0300] {dagbag.py:525} INFO - Filling up the DagBag from /home/nicholasbaraldi/.pyenv/versions/3.10.4/envs/twitter-api-data-stack-venv/lib/python3.10/site-packages/airflow/example_dags/plugins/workday.py
[2022-09-26T21:29:42.118-0300] {processor.py:770} WARNING - No viable dags retrieved from /home/nicholasbaraldi/.pyenv/versions/3.10.4/envs/twitter-api-data-stack-venv/lib/python3.10/site-packages/airflow/example_dags/plugins/workday.py
[2022-09-26T21:29:42.125-0300] {processor.py:178} INFO - Processing /home/nicholasbaraldi/.pyenv/versions/3.10.4/envs/twitter-api-data-stack-venv/lib/python3.10/site-packages/airflow/example_dags/plugins/workday.py took 0.011 seconds
[2022-09-26T21:30:20.781-0300] {processor.py:156} INFO - Started process (PID=15378) to work on /home/nicholasbaraldi/.pyenv/versions/3.10.4/envs/twitter-api-data-stack-venv/lib/python3.10/site-packages/airflow/example_dags/plugins/workday.py
[2022-09-26T21:30:20.782-0300] {processor.py:758} INFO - Processing file /home/nicholasbaraldi/.pyenv/versions/3.10.4/envs/twitter-api-data-stack-venv/lib/python3.10/site-packages/airflow/example_dags/plugins/workday.py for tasks to queue
[2022-09-26T21:30:20.782-0300] {logging_mixin.py:117} INFO - [2022-09-26T21:30:20.782-0300] {dagbag.py:525} INFO - Filling up the DagBag from /home/nicholasbaraldi/.pyenv/versions/3.10.4/envs/twitter-api-data-stack-venv/lib/python3.10/site-packages/airflow/example_dags/plugins/workday.py
[2022-09-26T21:30:20.783-0300] {processor.py:770} WARNING - No viable dags retrieved from /home/nicholasbaraldi/.pyenv/versions/3.10.4/envs/twitter-api-data-stack-venv/lib/python3.10/site-packages/airflow/example_dags/plugins/workday.py
[2022-09-26T21:30:20.789-0300] {processor.py:178} INFO - Processing /home/nicholasbaraldi/.pyenv/versions/3.10.4/envs/twitter-api-data-stack-venv/lib/python3.10/site-packages/airflow/example_dags/plugins/workday.py took 0.011 seconds
[2022-09-26T21:30:59.155-0300] {processor.py:156} INFO - Started process (PID=15417) to work on /home/nicholasbaraldi/.pyenv/versions/3.10.4/envs/twitter-api-data-stack-venv/lib/python3.10/site-packages/airflow/example_dags/plugins/workday.py
[2022-09-26T21:30:59.156-0300] {processor.py:758} INFO - Processing file /home/nicholasbaraldi/.pyenv/versions/3.10.4/envs/twitter-api-data-stack-venv/lib/python3.10/site-packages/airflow/example_dags/plugins/workday.py for tasks to queue
[2022-09-26T21:30:59.156-0300] {logging_mixin.py:117} INFO - [2022-09-26T21:30:59.156-0300] {dagbag.py:525} INFO - Filling up the DagBag from /home/nicholasbaraldi/.pyenv/versions/3.10.4/envs/twitter-api-data-stack-venv/lib/python3.10/site-packages/airflow/example_dags/plugins/workday.py
[2022-09-26T21:30:59.157-0300] {processor.py:770} WARNING - No viable dags retrieved from /home/nicholasbaraldi/.pyenv/versions/3.10.4/envs/twitter-api-data-stack-venv/lib/python3.10/site-packages/airflow/example_dags/plugins/workday.py
[2022-09-26T21:30:59.165-0300] {processor.py:178} INFO - Processing /home/nicholasbaraldi/.pyenv/versions/3.10.4/envs/twitter-api-data-stack-venv/lib/python3.10/site-packages/airflow/example_dags/plugins/workday.py took 0.012 seconds
[2022-09-26T21:31:37.404-0300] {processor.py:156} INFO - Started process (PID=15534) to work on /home/nicholasbaraldi/.pyenv/versions/3.10.4/envs/twitter-api-data-stack-venv/lib/python3.10/site-packages/airflow/example_dags/plugins/workday.py
[2022-09-26T21:31:37.405-0300] {processor.py:758} INFO - Processing file /home/nicholasbaraldi/.pyenv/versions/3.10.4/envs/twitter-api-data-stack-venv/lib/python3.10/site-packages/airflow/example_dags/plugins/workday.py for tasks to queue
[2022-09-26T21:31:37.406-0300] {logging_mixin.py:117} INFO - [2022-09-26T21:31:37.406-0300] {dagbag.py:525} INFO - Filling up the DagBag from /home/nicholasbaraldi/.pyenv/versions/3.10.4/envs/twitter-api-data-stack-venv/lib/python3.10/site-packages/airflow/example_dags/plugins/workday.py
[2022-09-26T21:31:37.407-0300] {processor.py:770} WARNING - No viable dags retrieved from /home/nicholasbaraldi/.pyenv/versions/3.10.4/envs/twitter-api-data-stack-venv/lib/python3.10/site-packages/airflow/example_dags/plugins/workday.py
[2022-09-26T21:31:37.414-0300] {processor.py:178} INFO - Processing /home/nicholasbaraldi/.pyenv/versions/3.10.4/envs/twitter-api-data-stack-venv/lib/python3.10/site-packages/airflow/example_dags/plugins/workday.py took 0.012 seconds
[2022-09-26T21:32:14.748-0300] {processor.py:156} INFO - Started process (PID=15619) to work on /home/nicholasbaraldi/.pyenv/versions/3.10.4/envs/twitter-api-data-stack-venv/lib/python3.10/site-packages/airflow/example_dags/plugins/workday.py
[2022-09-26T21:32:14.749-0300] {processor.py:758} INFO - Processing file /home/nicholasbaraldi/.pyenv/versions/3.10.4/envs/twitter-api-data-stack-venv/lib/python3.10/site-packages/airflow/example_dags/plugins/workday.py for tasks to queue
[2022-09-26T21:32:14.750-0300] {logging_mixin.py:117} INFO - [2022-09-26T21:32:14.749-0300] {dagbag.py:525} INFO - Filling up the DagBag from /home/nicholasbaraldi/.pyenv/versions/3.10.4/envs/twitter-api-data-stack-venv/lib/python3.10/site-packages/airflow/example_dags/plugins/workday.py
[2022-09-26T21:32:14.751-0300] {processor.py:770} WARNING - No viable dags retrieved from /home/nicholasbaraldi/.pyenv/versions/3.10.4/envs/twitter-api-data-stack-venv/lib/python3.10/site-packages/airflow/example_dags/plugins/workday.py
[2022-09-26T21:32:14.758-0300] {processor.py:178} INFO - Processing /home/nicholasbaraldi/.pyenv/versions/3.10.4/envs/twitter-api-data-stack-venv/lib/python3.10/site-packages/airflow/example_dags/plugins/workday.py took 0.012 seconds
[2022-09-26T21:32:55.827-0300] {processor.py:156} INFO - Started process (PID=15660) to work on /home/nicholasbaraldi/.pyenv/versions/3.10.4/envs/twitter-api-data-stack-venv/lib/python3.10/site-packages/airflow/example_dags/plugins/workday.py
[2022-09-26T21:32:55.828-0300] {processor.py:758} INFO - Processing file /home/nicholasbaraldi/.pyenv/versions/3.10.4/envs/twitter-api-data-stack-venv/lib/python3.10/site-packages/airflow/example_dags/plugins/workday.py for tasks to queue
[2022-09-26T21:32:55.828-0300] {logging_mixin.py:117} INFO - [2022-09-26T21:32:55.828-0300] {dagbag.py:525} INFO - Filling up the DagBag from /home/nicholasbaraldi/.pyenv/versions/3.10.4/envs/twitter-api-data-stack-venv/lib/python3.10/site-packages/airflow/example_dags/plugins/workday.py
[2022-09-26T21:32:55.829-0300] {processor.py:770} WARNING - No viable dags retrieved from /home/nicholasbaraldi/.pyenv/versions/3.10.4/envs/twitter-api-data-stack-venv/lib/python3.10/site-packages/airflow/example_dags/plugins/workday.py
[2022-09-26T21:32:55.836-0300] {processor.py:178} INFO - Processing /home/nicholasbaraldi/.pyenv/versions/3.10.4/envs/twitter-api-data-stack-venv/lib/python3.10/site-packages/airflow/example_dags/plugins/workday.py took 0.011 seconds
[2022-09-26T21:33:30.892-0300] {processor.py:156} INFO - Started process (PID=15696) to work on /home/nicholasbaraldi/.pyenv/versions/3.10.4/envs/twitter-api-data-stack-venv/lib/python3.10/site-packages/airflow/example_dags/plugins/workday.py
[2022-09-26T21:33:30.893-0300] {processor.py:758} INFO - Processing file /home/nicholasbaraldi/.pyenv/versions/3.10.4/envs/twitter-api-data-stack-venv/lib/python3.10/site-packages/airflow/example_dags/plugins/workday.py for tasks to queue
[2022-09-26T21:33:30.894-0300] {logging_mixin.py:117} INFO - [2022-09-26T21:33:30.894-0300] {dagbag.py:525} INFO - Filling up the DagBag from /home/nicholasbaraldi/.pyenv/versions/3.10.4/envs/twitter-api-data-stack-venv/lib/python3.10/site-packages/airflow/example_dags/plugins/workday.py
[2022-09-26T21:33:30.895-0300] {processor.py:770} WARNING - No viable dags retrieved from /home/nicholasbaraldi/.pyenv/versions/3.10.4/envs/twitter-api-data-stack-venv/lib/python3.10/site-packages/airflow/example_dags/plugins/workday.py
[2022-09-26T21:33:30.902-0300] {processor.py:178} INFO - Processing /home/nicholasbaraldi/.pyenv/versions/3.10.4/envs/twitter-api-data-stack-venv/lib/python3.10/site-packages/airflow/example_dags/plugins/workday.py took 0.012 seconds
[2022-09-26T21:34:11.160-0300] {processor.py:156} INFO - Started process (PID=15736) to work on /home/nicholasbaraldi/.pyenv/versions/3.10.4/envs/twitter-api-data-stack-venv/lib/python3.10/site-packages/airflow/example_dags/plugins/workday.py
[2022-09-26T21:34:11.161-0300] {processor.py:758} INFO - Processing file /home/nicholasbaraldi/.pyenv/versions/3.10.4/envs/twitter-api-data-stack-venv/lib/python3.10/site-packages/airflow/example_dags/plugins/workday.py for tasks to queue
[2022-09-26T21:34:11.162-0300] {logging_mixin.py:117} INFO - [2022-09-26T21:34:11.162-0300] {dagbag.py:525} INFO - Filling up the DagBag from /home/nicholasbaraldi/.pyenv/versions/3.10.4/envs/twitter-api-data-stack-venv/lib/python3.10/site-packages/airflow/example_dags/plugins/workday.py
[2022-09-26T21:34:11.163-0300] {processor.py:770} WARNING - No viable dags retrieved from /home/nicholasbaraldi/.pyenv/versions/3.10.4/envs/twitter-api-data-stack-venv/lib/python3.10/site-packages/airflow/example_dags/plugins/workday.py
[2022-09-26T21:34:11.170-0300] {processor.py:178} INFO - Processing /home/nicholasbaraldi/.pyenv/versions/3.10.4/envs/twitter-api-data-stack-venv/lib/python3.10/site-packages/airflow/example_dags/plugins/workday.py took 0.011 seconds
[2022-09-26T21:34:49.830-0300] {processor.py:156} INFO - Started process (PID=15776) to work on /home/nicholasbaraldi/.pyenv/versions/3.10.4/envs/twitter-api-data-stack-venv/lib/python3.10/site-packages/airflow/example_dags/plugins/workday.py
[2022-09-26T21:34:49.831-0300] {processor.py:758} INFO - Processing file /home/nicholasbaraldi/.pyenv/versions/3.10.4/envs/twitter-api-data-stack-venv/lib/python3.10/site-packages/airflow/example_dags/plugins/workday.py for tasks to queue
[2022-09-26T21:34:49.832-0300] {logging_mixin.py:117} INFO - [2022-09-26T21:34:49.831-0300] {dagbag.py:525} INFO - Filling up the DagBag from /home/nicholasbaraldi/.pyenv/versions/3.10.4/envs/twitter-api-data-stack-venv/lib/python3.10/site-packages/airflow/example_dags/plugins/workday.py
[2022-09-26T21:34:49.833-0300] {processor.py:770} WARNING - No viable dags retrieved from /home/nicholasbaraldi/.pyenv/versions/3.10.4/envs/twitter-api-data-stack-venv/lib/python3.10/site-packages/airflow/example_dags/plugins/workday.py
[2022-09-26T21:34:49.840-0300] {processor.py:178} INFO - Processing /home/nicholasbaraldi/.pyenv/versions/3.10.4/envs/twitter-api-data-stack-venv/lib/python3.10/site-packages/airflow/example_dags/plugins/workday.py took 0.011 seconds
[2022-09-26T21:35:28.280-0300] {processor.py:156} INFO - Started process (PID=15816) to work on /home/nicholasbaraldi/.pyenv/versions/3.10.4/envs/twitter-api-data-stack-venv/lib/python3.10/site-packages/airflow/example_dags/plugins/workday.py
[2022-09-26T21:35:28.281-0300] {processor.py:758} INFO - Processing file /home/nicholasbaraldi/.pyenv/versions/3.10.4/envs/twitter-api-data-stack-venv/lib/python3.10/site-packages/airflow/example_dags/plugins/workday.py for tasks to queue
[2022-09-26T21:35:28.281-0300] {logging_mixin.py:117} INFO - [2022-09-26T21:35:28.281-0300] {dagbag.py:525} INFO - Filling up the DagBag from /home/nicholasbaraldi/.pyenv/versions/3.10.4/envs/twitter-api-data-stack-venv/lib/python3.10/site-packages/airflow/example_dags/plugins/workday.py
[2022-09-26T21:35:28.283-0300] {processor.py:770} WARNING - No viable dags retrieved from /home/nicholasbaraldi/.pyenv/versions/3.10.4/envs/twitter-api-data-stack-venv/lib/python3.10/site-packages/airflow/example_dags/plugins/workday.py
[2022-09-26T21:35:28.290-0300] {processor.py:178} INFO - Processing /home/nicholasbaraldi/.pyenv/versions/3.10.4/envs/twitter-api-data-stack-venv/lib/python3.10/site-packages/airflow/example_dags/plugins/workday.py took 0.012 seconds
[2022-09-26T21:36:04.140-0300] {processor.py:156} INFO - Started process (PID=15854) to work on /home/nicholasbaraldi/.pyenv/versions/3.10.4/envs/twitter-api-data-stack-venv/lib/python3.10/site-packages/airflow/example_dags/plugins/workday.py
[2022-09-26T21:36:04.141-0300] {processor.py:758} INFO - Processing file /home/nicholasbaraldi/.pyenv/versions/3.10.4/envs/twitter-api-data-stack-venv/lib/python3.10/site-packages/airflow/example_dags/plugins/workday.py for tasks to queue
[2022-09-26T21:36:04.142-0300] {logging_mixin.py:117} INFO - [2022-09-26T21:36:04.142-0300] {dagbag.py:525} INFO - Filling up the DagBag from /home/nicholasbaraldi/.pyenv/versions/3.10.4/envs/twitter-api-data-stack-venv/lib/python3.10/site-packages/airflow/example_dags/plugins/workday.py
[2022-09-26T21:36:04.143-0300] {processor.py:770} WARNING - No viable dags retrieved from /home/nicholasbaraldi/.pyenv/versions/3.10.4/envs/twitter-api-data-stack-venv/lib/python3.10/site-packages/airflow/example_dags/plugins/workday.py
[2022-09-26T21:36:04.150-0300] {processor.py:178} INFO - Processing /home/nicholasbaraldi/.pyenv/versions/3.10.4/envs/twitter-api-data-stack-venv/lib/python3.10/site-packages/airflow/example_dags/plugins/workday.py took 0.012 seconds
[2022-09-26T21:36:39.835-0300] {processor.py:156} INFO - Started process (PID=15942) to work on /home/nicholasbaraldi/.pyenv/versions/3.10.4/envs/twitter-api-data-stack-venv/lib/python3.10/site-packages/airflow/example_dags/plugins/workday.py
[2022-09-26T21:36:39.836-0300] {processor.py:758} INFO - Processing file /home/nicholasbaraldi/.pyenv/versions/3.10.4/envs/twitter-api-data-stack-venv/lib/python3.10/site-packages/airflow/example_dags/plugins/workday.py for tasks to queue
[2022-09-26T21:36:39.837-0300] {logging_mixin.py:117} INFO - [2022-09-26T21:36:39.837-0300] {dagbag.py:525} INFO - Filling up the DagBag from /home/nicholasbaraldi/.pyenv/versions/3.10.4/envs/twitter-api-data-stack-venv/lib/python3.10/site-packages/airflow/example_dags/plugins/workday.py
[2022-09-26T21:36:39.838-0300] {processor.py:770} WARNING - No viable dags retrieved from /home/nicholasbaraldi/.pyenv/versions/3.10.4/envs/twitter-api-data-stack-venv/lib/python3.10/site-packages/airflow/example_dags/plugins/workday.py
[2022-09-26T21:36:39.845-0300] {processor.py:178} INFO - Processing /home/nicholasbaraldi/.pyenv/versions/3.10.4/envs/twitter-api-data-stack-venv/lib/python3.10/site-packages/airflow/example_dags/plugins/workday.py took 0.012 seconds
[2022-09-26T21:37:14.723-0300] {processor.py:156} INFO - Started process (PID=15979) to work on /home/nicholasbaraldi/.pyenv/versions/3.10.4/envs/twitter-api-data-stack-venv/lib/python3.10/site-packages/airflow/example_dags/plugins/workday.py
[2022-09-26T21:37:14.724-0300] {processor.py:758} INFO - Processing file /home/nicholasbaraldi/.pyenv/versions/3.10.4/envs/twitter-api-data-stack-venv/lib/python3.10/site-packages/airflow/example_dags/plugins/workday.py for tasks to queue
[2022-09-26T21:37:14.725-0300] {logging_mixin.py:117} INFO - [2022-09-26T21:37:14.725-0300] {dagbag.py:525} INFO - Filling up the DagBag from /home/nicholasbaraldi/.pyenv/versions/3.10.4/envs/twitter-api-data-stack-venv/lib/python3.10/site-packages/airflow/example_dags/plugins/workday.py
[2022-09-26T21:37:14.727-0300] {processor.py:770} WARNING - No viable dags retrieved from /home/nicholasbaraldi/.pyenv/versions/3.10.4/envs/twitter-api-data-stack-venv/lib/python3.10/site-packages/airflow/example_dags/plugins/workday.py
[2022-09-26T21:37:14.734-0300] {processor.py:178} INFO - Processing /home/nicholasbaraldi/.pyenv/versions/3.10.4/envs/twitter-api-data-stack-venv/lib/python3.10/site-packages/airflow/example_dags/plugins/workday.py took 0.013 seconds
[2022-09-26T21:37:52.271-0300] {processor.py:156} INFO - Started process (PID=16017) to work on /home/nicholasbaraldi/.pyenv/versions/3.10.4/envs/twitter-api-data-stack-venv/lib/python3.10/site-packages/airflow/example_dags/plugins/workday.py
[2022-09-26T21:37:52.272-0300] {processor.py:758} INFO - Processing file /home/nicholasbaraldi/.pyenv/versions/3.10.4/envs/twitter-api-data-stack-venv/lib/python3.10/site-packages/airflow/example_dags/plugins/workday.py for tasks to queue
[2022-09-26T21:37:52.273-0300] {logging_mixin.py:117} INFO - [2022-09-26T21:37:52.272-0300] {dagbag.py:525} INFO - Filling up the DagBag from /home/nicholasbaraldi/.pyenv/versions/3.10.4/envs/twitter-api-data-stack-venv/lib/python3.10/site-packages/airflow/example_dags/plugins/workday.py
[2022-09-26T21:37:52.274-0300] {processor.py:770} WARNING - No viable dags retrieved from /home/nicholasbaraldi/.pyenv/versions/3.10.4/envs/twitter-api-data-stack-venv/lib/python3.10/site-packages/airflow/example_dags/plugins/workday.py
[2022-09-26T21:37:52.280-0300] {processor.py:178} INFO - Processing /home/nicholasbaraldi/.pyenv/versions/3.10.4/envs/twitter-api-data-stack-venv/lib/python3.10/site-packages/airflow/example_dags/plugins/workday.py took 0.011 seconds
[2022-09-26T21:38:31.021-0300] {processor.py:156} INFO - Started process (PID=16067) to work on /home/nicholasbaraldi/.pyenv/versions/3.10.4/envs/twitter-api-data-stack-venv/lib/python3.10/site-packages/airflow/example_dags/plugins/workday.py
[2022-09-26T21:38:31.022-0300] {processor.py:758} INFO - Processing file /home/nicholasbaraldi/.pyenv/versions/3.10.4/envs/twitter-api-data-stack-venv/lib/python3.10/site-packages/airflow/example_dags/plugins/workday.py for tasks to queue
[2022-09-26T21:38:31.023-0300] {logging_mixin.py:117} INFO - [2022-09-26T21:38:31.022-0300] {dagbag.py:525} INFO - Filling up the DagBag from /home/nicholasbaraldi/.pyenv/versions/3.10.4/envs/twitter-api-data-stack-venv/lib/python3.10/site-packages/airflow/example_dags/plugins/workday.py
[2022-09-26T21:38:31.024-0300] {processor.py:770} WARNING - No viable dags retrieved from /home/nicholasbaraldi/.pyenv/versions/3.10.4/envs/twitter-api-data-stack-venv/lib/python3.10/site-packages/airflow/example_dags/plugins/workday.py
[2022-09-26T21:38:31.030-0300] {processor.py:178} INFO - Processing /home/nicholasbaraldi/.pyenv/versions/3.10.4/envs/twitter-api-data-stack-venv/lib/python3.10/site-packages/airflow/example_dags/plugins/workday.py took 0.011 seconds
[2022-09-26T21:39:07.495-0300] {processor.py:156} INFO - Started process (PID=16103) to work on /home/nicholasbaraldi/.pyenv/versions/3.10.4/envs/twitter-api-data-stack-venv/lib/python3.10/site-packages/airflow/example_dags/plugins/workday.py
[2022-09-26T21:39:07.497-0300] {processor.py:758} INFO - Processing file /home/nicholasbaraldi/.pyenv/versions/3.10.4/envs/twitter-api-data-stack-venv/lib/python3.10/site-packages/airflow/example_dags/plugins/workday.py for tasks to queue
[2022-09-26T21:39:07.497-0300] {logging_mixin.py:117} INFO - [2022-09-26T21:39:07.497-0300] {dagbag.py:525} INFO - Filling up the DagBag from /home/nicholasbaraldi/.pyenv/versions/3.10.4/envs/twitter-api-data-stack-venv/lib/python3.10/site-packages/airflow/example_dags/plugins/workday.py
[2022-09-26T21:39:07.498-0300] {processor.py:770} WARNING - No viable dags retrieved from /home/nicholasbaraldi/.pyenv/versions/3.10.4/envs/twitter-api-data-stack-venv/lib/python3.10/site-packages/airflow/example_dags/plugins/workday.py
[2022-09-26T21:39:07.505-0300] {processor.py:178} INFO - Processing /home/nicholasbaraldi/.pyenv/versions/3.10.4/envs/twitter-api-data-stack-venv/lib/python3.10/site-packages/airflow/example_dags/plugins/workday.py took 0.012 seconds
[2022-09-26T21:39:46.106-0300] {processor.py:156} INFO - Started process (PID=16142) to work on /home/nicholasbaraldi/.pyenv/versions/3.10.4/envs/twitter-api-data-stack-venv/lib/python3.10/site-packages/airflow/example_dags/plugins/workday.py
[2022-09-26T21:39:46.107-0300] {processor.py:758} INFO - Processing file /home/nicholasbaraldi/.pyenv/versions/3.10.4/envs/twitter-api-data-stack-venv/lib/python3.10/site-packages/airflow/example_dags/plugins/workday.py for tasks to queue
[2022-09-26T21:39:46.107-0300] {logging_mixin.py:117} INFO - [2022-09-26T21:39:46.107-0300] {dagbag.py:525} INFO - Filling up the DagBag from /home/nicholasbaraldi/.pyenv/versions/3.10.4/envs/twitter-api-data-stack-venv/lib/python3.10/site-packages/airflow/example_dags/plugins/workday.py
[2022-09-26T21:39:46.109-0300] {processor.py:770} WARNING - No viable dags retrieved from /home/nicholasbaraldi/.pyenv/versions/3.10.4/envs/twitter-api-data-stack-venv/lib/python3.10/site-packages/airflow/example_dags/plugins/workday.py
[2022-09-26T21:39:46.115-0300] {processor.py:178} INFO - Processing /home/nicholasbaraldi/.pyenv/versions/3.10.4/envs/twitter-api-data-stack-venv/lib/python3.10/site-packages/airflow/example_dags/plugins/workday.py took 0.011 seconds
[2022-09-26T21:40:19.591-0300] {processor.py:156} INFO - Started process (PID=16177) to work on /home/nicholasbaraldi/.pyenv/versions/3.10.4/envs/twitter-api-data-stack-venv/lib/python3.10/site-packages/airflow/example_dags/plugins/workday.py
[2022-09-26T21:40:19.592-0300] {processor.py:758} INFO - Processing file /home/nicholasbaraldi/.pyenv/versions/3.10.4/envs/twitter-api-data-stack-venv/lib/python3.10/site-packages/airflow/example_dags/plugins/workday.py for tasks to queue
[2022-09-26T21:40:19.593-0300] {logging_mixin.py:117} INFO - [2022-09-26T21:40:19.593-0300] {dagbag.py:525} INFO - Filling up the DagBag from /home/nicholasbaraldi/.pyenv/versions/3.10.4/envs/twitter-api-data-stack-venv/lib/python3.10/site-packages/airflow/example_dags/plugins/workday.py
[2022-09-26T21:40:19.594-0300] {processor.py:770} WARNING - No viable dags retrieved from /home/nicholasbaraldi/.pyenv/versions/3.10.4/envs/twitter-api-data-stack-venv/lib/python3.10/site-packages/airflow/example_dags/plugins/workday.py
[2022-09-26T21:40:19.600-0300] {processor.py:178} INFO - Processing /home/nicholasbaraldi/.pyenv/versions/3.10.4/envs/twitter-api-data-stack-venv/lib/python3.10/site-packages/airflow/example_dags/plugins/workday.py took 0.011 seconds
[2022-09-26T21:40:56.112-0300] {processor.py:156} INFO - Started process (PID=16237) to work on /home/nicholasbaraldi/.pyenv/versions/3.10.4/envs/twitter-api-data-stack-venv/lib/python3.10/site-packages/airflow/example_dags/plugins/workday.py
[2022-09-26T21:40:56.113-0300] {processor.py:758} INFO - Processing file /home/nicholasbaraldi/.pyenv/versions/3.10.4/envs/twitter-api-data-stack-venv/lib/python3.10/site-packages/airflow/example_dags/plugins/workday.py for tasks to queue
[2022-09-26T21:40:56.114-0300] {logging_mixin.py:117} INFO - [2022-09-26T21:40:56.114-0300] {dagbag.py:525} INFO - Filling up the DagBag from /home/nicholasbaraldi/.pyenv/versions/3.10.4/envs/twitter-api-data-stack-venv/lib/python3.10/site-packages/airflow/example_dags/plugins/workday.py
[2022-09-26T21:40:56.115-0300] {processor.py:770} WARNING - No viable dags retrieved from /home/nicholasbaraldi/.pyenv/versions/3.10.4/envs/twitter-api-data-stack-venv/lib/python3.10/site-packages/airflow/example_dags/plugins/workday.py
[2022-09-26T21:40:56.122-0300] {processor.py:178} INFO - Processing /home/nicholasbaraldi/.pyenv/versions/3.10.4/envs/twitter-api-data-stack-venv/lib/python3.10/site-packages/airflow/example_dags/plugins/workday.py took 0.011 seconds
[2022-09-26T21:41:34.487-0300] {processor.py:156} INFO - Started process (PID=16527) to work on /home/nicholasbaraldi/.pyenv/versions/3.10.4/envs/twitter-api-data-stack-venv/lib/python3.10/site-packages/airflow/example_dags/plugins/workday.py
[2022-09-26T21:41:34.488-0300] {processor.py:758} INFO - Processing file /home/nicholasbaraldi/.pyenv/versions/3.10.4/envs/twitter-api-data-stack-venv/lib/python3.10/site-packages/airflow/example_dags/plugins/workday.py for tasks to queue
[2022-09-26T21:41:34.488-0300] {logging_mixin.py:117} INFO - [2022-09-26T21:41:34.488-0300] {dagbag.py:525} INFO - Filling up the DagBag from /home/nicholasbaraldi/.pyenv/versions/3.10.4/envs/twitter-api-data-stack-venv/lib/python3.10/site-packages/airflow/example_dags/plugins/workday.py
[2022-09-26T21:41:34.490-0300] {processor.py:770} WARNING - No viable dags retrieved from /home/nicholasbaraldi/.pyenv/versions/3.10.4/envs/twitter-api-data-stack-venv/lib/python3.10/site-packages/airflow/example_dags/plugins/workday.py
[2022-09-26T21:41:34.496-0300] {processor.py:178} INFO - Processing /home/nicholasbaraldi/.pyenv/versions/3.10.4/envs/twitter-api-data-stack-venv/lib/python3.10/site-packages/airflow/example_dags/plugins/workday.py took 0.012 seconds
